[2025-08-27T15:54:35.488+0000] {local_task_job_runner.py:120} INFO - ::group::Pre task execution logs
[2025-08-27T15:54:35.555+0000] {taskinstance.py:2076} INFO - Dependencies all met for dep_context=non-requeueable deps ti=<TaskInstance: import_csv_to_postgres.wait_for_generation scheduled__2025-08-27T00:00:00+00:00 [queued]>
[2025-08-27T15:54:35.566+0000] {taskinstance.py:2076} INFO - Dependencies all met for dep_context=requeueable deps ti=<TaskInstance: import_csv_to_postgres.wait_for_generation scheduled__2025-08-27T00:00:00+00:00 [queued]>
[2025-08-27T15:54:35.567+0000] {taskinstance.py:2306} INFO - Starting attempt 1 of 1
[2025-08-27T15:54:35.590+0000] {taskinstance.py:2330} INFO - Executing <Task(ExternalTaskSensor): wait_for_generation> on 2025-08-27 00:00:00+00:00
[2025-08-27T15:54:35.602+0000] {warnings.py:112} WARNING - /home/airflow/.local/lib/python3.12/site-packages/airflow/task/task_runner/standard_task_runner.py:62: DeprecationWarning: This process (pid=1447) is multi-threaded, use of fork() may lead to deadlocks in the child.
  pid = os.fork()

[2025-08-27T15:54:35.603+0000] {standard_task_runner.py:64} INFO - Started process 1449 to run task
[2025-08-27T15:54:35.604+0000] {standard_task_runner.py:90} INFO - Running: ['airflow', 'tasks', 'run', 'import_csv_to_postgres', 'wait_for_generation', 'scheduled__2025-08-27T00:00:00+00:00', '--job-id', '673', '--raw', '--subdir', 'DAGS_FOLDER/csv_to_postgres_dag.py', '--cfg-path', '/tmp/tmpnay4y2y1']
[2025-08-27T15:54:35.606+0000] {standard_task_runner.py:91} INFO - Job 673: Subtask wait_for_generation
[2025-08-27T15:54:35.621+0000] {warnings.py:112} WARNING - /home/airflow/.local/lib/python3.12/site-packages/airflow/settings.py:195: DeprecationWarning: The sql_alchemy_conn option in [core] has been moved to the sql_alchemy_conn option in [database] - the old setting has been used, but please update your config.
  SQL_ALCHEMY_CONN = conf.get("database", "SQL_ALCHEMY_CONN")

[2025-08-27T15:54:35.660+0000] {task_command.py:426} INFO - Running <TaskInstance: import_csv_to_postgres.wait_for_generation scheduled__2025-08-27T00:00:00+00:00 [running]> on host b5ea13053d47
[2025-08-27T15:54:35.806+0000] {taskinstance.py:2648} INFO - Exporting env vars: AIRFLOW_CTX_DAG_OWNER='airflow' AIRFLOW_CTX_DAG_ID='import_csv_to_postgres' AIRFLOW_CTX_TASK_ID='wait_for_generation' AIRFLOW_CTX_EXECUTION_DATE='2025-08-27T00:00:00+00:00' AIRFLOW_CTX_TRY_NUMBER='1' AIRFLOW_CTX_DAG_RUN_ID='scheduled__2025-08-27T00:00:00+00:00'
[2025-08-27T15:54:35.808+0000] {taskinstance.py:430} INFO - ::endgroup::
[2025-08-27T15:54:35.844+0000] {baseoperator.py:400} WARNING - ExternalTaskSensor.execute cannot be called outside TaskInstance!
[2025-08-27T15:54:35.846+0000] {external_task.py:274} INFO - Poking for DAG 'daily_generate_orders' on 2025-08-27T00:00:00+00:00 ... 
[2025-08-27T15:54:35.848+0000] {warnings.py:112} WARNING - /home/airflow/.local/lib/python3.12/site-packages/airflow/utils/session.py:79: DeprecationWarning: This method is deprecated and will be removed in future.
  return func(*args, session=session, **kwargs)

[2025-08-27T15:54:35.860+0000] {base.py:294} INFO - Success criteria met. Exiting.
[2025-08-27T15:54:35.861+0000] {taskinstance.py:441} INFO - ::group::Post task execution logs
[2025-08-27T15:54:35.872+0000] {taskinstance.py:1206} INFO - Marking task as SUCCESS. dag_id=import_csv_to_postgres, task_id=wait_for_generation, run_id=scheduled__2025-08-27T00:00:00+00:00, execution_date=20250827T000000, start_date=20250827T155435, end_date=20250827T155435
[2025-08-27T15:54:35.941+0000] {local_task_job_runner.py:243} INFO - Task exited with return code 0
[2025-08-27T15:54:35.993+0000] {taskinstance.py:3503} INFO - 1 downstream tasks scheduled from follow-on schedule check
[2025-08-27T15:54:35.995+0000] {local_task_job_runner.py:222} INFO - ::endgroup::
