[2025-08-22T22:30:01.458+0000] {local_task_job_runner.py:120} INFO - ::group::Pre task execution logs
[2025-08-22T22:30:01.490+0000] {taskinstance.py:2076} INFO - Dependencies all met for dep_context=non-requeueable deps ti=<TaskInstance: import_csv_to_postgres.load_csv_to_postgres scheduled__2025-08-22T22:00:00+00:00 [queued]>
[2025-08-22T22:30:01.500+0000] {taskinstance.py:2076} INFO - Dependencies all met for dep_context=requeueable deps ti=<TaskInstance: import_csv_to_postgres.load_csv_to_postgres scheduled__2025-08-22T22:00:00+00:00 [queued]>
[2025-08-22T22:30:01.500+0000] {taskinstance.py:2306} INFO - Starting attempt 1 of 1
[2025-08-22T22:30:01.516+0000] {taskinstance.py:2330} INFO - Executing <Task(PythonOperator): load_csv_to_postgres> on 2025-08-22 22:00:00+00:00
[2025-08-22T22:30:01.524+0000] {warnings.py:112} WARNING - /home/airflow/.local/lib/python3.12/site-packages/airflow/task/task_runner/standard_task_runner.py:62: DeprecationWarning: This process (pid=523) is multi-threaded, use of fork() may lead to deadlocks in the child.
  pid = os.fork()

[2025-08-22T22:30:01.525+0000] {standard_task_runner.py:64} INFO - Started process 525 to run task
[2025-08-22T22:30:01.526+0000] {standard_task_runner.py:90} INFO - Running: ['airflow', 'tasks', 'run', 'import_csv_to_postgres', 'load_csv_to_postgres', 'scheduled__2025-08-22T22:00:00+00:00', '--job-id', '203', '--raw', '--subdir', 'DAGS_FOLDER/csv_to_postgres_dag.py', '--cfg-path', '/tmp/tmphwcg3jg0']
[2025-08-22T22:30:01.528+0000] {standard_task_runner.py:91} INFO - Job 203: Subtask load_csv_to_postgres
[2025-08-22T22:30:01.547+0000] {warnings.py:112} WARNING - /home/airflow/.local/lib/python3.12/site-packages/airflow/settings.py:195: DeprecationWarning: The sql_alchemy_conn option in [core] has been moved to the sql_alchemy_conn option in [database] - the old setting has been used, but please update your config.
  SQL_ALCHEMY_CONN = conf.get("database", "SQL_ALCHEMY_CONN")

[2025-08-22T22:30:01.614+0000] {task_command.py:426} INFO - Running <TaskInstance: import_csv_to_postgres.load_csv_to_postgres scheduled__2025-08-22T22:00:00+00:00 [running]> on host 71579c071e19
[2025-08-22T22:30:01.796+0000] {taskinstance.py:2648} INFO - Exporting env vars: AIRFLOW_CTX_DAG_OWNER='airflow' AIRFLOW_CTX_DAG_ID='import_csv_to_postgres' AIRFLOW_CTX_TASK_ID='load_csv_to_postgres' AIRFLOW_CTX_EXECUTION_DATE='2025-08-22T22:00:00+00:00' AIRFLOW_CTX_TRY_NUMBER='1' AIRFLOW_CTX_DAG_RUN_ID='scheduled__2025-08-22T22:00:00+00:00'
[2025-08-22T22:30:01.797+0000] {taskinstance.py:430} INFO - ::endgroup::
[2025-08-22T22:30:01.819+0000] {base.py:84} INFO - Using connection ID 'postgres_conn' for task execution.
[2025-08-22T22:30:02.881+0000] {logging_mixin.py:188} INFO - ✅ Загружен файл shipments.csv в таблицу shipments
[2025-08-22T22:30:03.504+0000] {logging_mixin.py:188} INFO - ✅ Загружен файл customers.csv в таблицу customers
[2025-08-22T22:30:04.256+0000] {logging_mixin.py:188} INFO - ✅ Загружен файл orders.csv в таблицу orders
[2025-08-22T22:30:04.332+0000] {logging_mixin.py:188} INFO - ✅ Загружен файл products.csv в таблицу products
[2025-08-22T22:30:05.488+0000] {logging_mixin.py:188} INFO - ✅ Загружен файл order_items.csv в таблицу order_items
[2025-08-22T22:30:05.515+0000] {logging_mixin.py:188} INFO - ✅ Загружен файл suppliers.csv в таблицу suppliers
[2025-08-22T22:30:06.278+0000] {logging_mixin.py:188} INFO - ✅ Загружен файл payment.csv в таблицу payment
[2025-08-22T22:30:06.350+0000] {logging_mixin.py:188} INFO - ✅ Загружен файл reviews.csv в таблицу reviews
[2025-08-22T22:30:06.350+0000] {python.py:237} INFO - Done. Returned value was: None
[2025-08-22T22:30:06.351+0000] {taskinstance.py:441} INFO - ::group::Post task execution logs
[2025-08-22T22:30:06.368+0000] {taskinstance.py:1206} INFO - Marking task as SUCCESS. dag_id=import_csv_to_postgres, task_id=load_csv_to_postgres, run_id=scheduled__2025-08-22T22:00:00+00:00, execution_date=20250822T220000, start_date=20250822T223001, end_date=20250822T223006
[2025-08-22T22:30:06.449+0000] {local_task_job_runner.py:243} INFO - Task exited with return code 0
[2025-08-22T22:30:06.475+0000] {taskinstance.py:3503} INFO - 0 downstream tasks scheduled from follow-on schedule check
[2025-08-22T22:30:06.478+0000] {local_task_job_runner.py:222} INFO - ::endgroup::
