[2025-08-27T16:32:48.107+0000] {local_task_job_runner.py:120} INFO - ::group::Pre task execution logs
[2025-08-27T16:32:48.156+0000] {taskinstance.py:2076} INFO - Dependencies all met for dep_context=non-requeueable deps ti=<TaskInstance: daily_generate_orders.generate_new_data manual__2025-08-27T16:32:46.967974+00:00 [queued]>
[2025-08-27T16:32:48.173+0000] {taskinstance.py:2076} INFO - Dependencies all met for dep_context=requeueable deps ti=<TaskInstance: daily_generate_orders.generate_new_data manual__2025-08-27T16:32:46.967974+00:00 [queued]>
[2025-08-27T16:32:48.173+0000] {taskinstance.py:2306} INFO - Starting attempt 1 of 1
[2025-08-27T16:32:48.201+0000] {taskinstance.py:2330} INFO - Executing <Task(PythonOperator): generate_new_data> on 2025-08-27 16:32:46.967974+00:00
[2025-08-27T16:32:48.214+0000] {standard_task_runner.py:90} INFO - Running: ['airflow', 'tasks', 'run', 'daily_generate_orders', 'generate_new_data', 'manual__2025-08-27T16:32:46.967974+00:00', '--job-id', '685', '--raw', '--subdir', 'DAGS_FOLDER/generate_fake_shop_csv.py', '--cfg-path', '/tmp/tmpygnseg_1']
[2025-08-27T16:32:48.216+0000] {warnings.py:112} WARNING - /home/airflow/.local/lib/python3.12/site-packages/airflow/task/task_runner/standard_task_runner.py:62: DeprecationWarning: This process (pid=1503) is multi-threaded, use of fork() may lead to deadlocks in the child.
  pid = os.fork()

[2025-08-27T16:32:48.222+0000] {standard_task_runner.py:64} INFO - Started process 1505 to run task
[2025-08-27T16:32:48.222+0000] {standard_task_runner.py:91} INFO - Job 685: Subtask generate_new_data
[2025-08-27T16:32:48.249+0000] {warnings.py:112} WARNING - /home/airflow/.local/lib/python3.12/site-packages/airflow/settings.py:195: DeprecationWarning: The sql_alchemy_conn option in [core] has been moved to the sql_alchemy_conn option in [database] - the old setting has been used, but please update your config.
  SQL_ALCHEMY_CONN = conf.get("database", "SQL_ALCHEMY_CONN")

[2025-08-27T16:32:48.296+0000] {task_command.py:426} INFO - Running <TaskInstance: daily_generate_orders.generate_new_data manual__2025-08-27T16:32:46.967974+00:00 [running]> on host b5ea13053d47
[2025-08-27T16:32:48.466+0000] {taskinstance.py:2648} INFO - Exporting env vars: AIRFLOW_CTX_DAG_OWNER='airflow' AIRFLOW_CTX_DAG_ID='daily_generate_orders' AIRFLOW_CTX_TASK_ID='generate_new_data' AIRFLOW_CTX_EXECUTION_DATE='2025-08-27T16:32:46.967974+00:00' AIRFLOW_CTX_TRY_NUMBER='1' AIRFLOW_CTX_DAG_RUN_ID='manual__2025-08-27T16:32:46.967974+00:00'
[2025-08-27T16:32:48.468+0000] {taskinstance.py:430} INFO - ::endgroup::
[2025-08-27T16:32:48.738+0000] {taskinstance.py:441} INFO - ::group::Post task execution logs
[2025-08-27T16:32:48.739+0000] {taskinstance.py:2905} ERROR - Task failed with exception
Traceback (most recent call last):
  File "/home/airflow/.local/lib/python3.12/site-packages/airflow/models/taskinstance.py", line 465, in _execute_task
    result = _execute_callable(context=context, **execute_callable_kwargs)
             ^^^^^^^^^^^^^^^^^^^^^^^^^^^^^^^^^^^^^^^^^^^^^^^^^^^^^^^^^^^^^
  File "/home/airflow/.local/lib/python3.12/site-packages/airflow/models/taskinstance.py", line 432, in _execute_callable
    return execute_callable(context=context, **execute_callable_kwargs)
           ^^^^^^^^^^^^^^^^^^^^^^^^^^^^^^^^^^^^^^^^^^^^^^^^^^^^^^^^^^^^
  File "/home/airflow/.local/lib/python3.12/site-packages/airflow/models/baseoperator.py", line 401, in wrapper
    return func(self, *args, **kwargs)
           ^^^^^^^^^^^^^^^^^^^^^^^^^^^
  File "/home/airflow/.local/lib/python3.12/site-packages/airflow/operators/python.py", line 235, in execute
    return_value = self.execute_callable()
                   ^^^^^^^^^^^^^^^^^^^^^^^
  File "/home/airflow/.local/lib/python3.12/site-packages/airflow/operators/python.py", line 252, in execute_callable
    return self.python_callable(*self.op_args, **self.op_kwargs)
           ^^^^^^^^^^^^^^^^^^^^^^^^^^^^^^^^^^^^^^^^^^^^^^^^^^^^^
  File "/opt/airflow/dags/generate_fake_shop_csv.py", line 252, in generate_new_data
    orders.to_csv(os.path.join(CSV_FOLDER, "orders.csv"), index=False, date_format="%Y-%m-%d")
  File "/home/airflow/.local/lib/python3.12/site-packages/pandas/core/generic.py", line 3902, in to_csv
    return DataFrameRenderer(formatter).to_csv(
           ^^^^^^^^^^^^^^^^^^^^^^^^^^^^^^^^^^^^
  File "/home/airflow/.local/lib/python3.12/site-packages/pandas/io/formats/format.py", line 1152, in to_csv
    csv_formatter.save()
  File "/home/airflow/.local/lib/python3.12/site-packages/pandas/io/formats/csvs.py", line 247, in save
    with get_handle(
         ^^^^^^^^^^^
  File "/home/airflow/.local/lib/python3.12/site-packages/pandas/io/common.py", line 863, in get_handle
    handle = open(
             ^^^^^
PermissionError: [Errno 13] Permission denied: '/opt/airflow/plugins/orders.csv'
[2025-08-27T16:32:48.759+0000] {taskinstance.py:1206} INFO - Marking task as FAILED. dag_id=daily_generate_orders, task_id=generate_new_data, run_id=manual__2025-08-27T16:32:46.967974+00:00, execution_date=20250827T163246, start_date=20250827T163248, end_date=20250827T163248
[2025-08-27T16:32:48.782+0000] {standard_task_runner.py:110} ERROR - Failed to execute job 685 for task generate_new_data ([Errno 13] Permission denied: '/opt/airflow/plugins/orders.csv'; 1505)
[2025-08-27T16:32:48.799+0000] {local_task_job_runner.py:243} INFO - Task exited with return code 1
[2025-08-27T16:32:48.818+0000] {taskinstance.py:3503} INFO - 0 downstream tasks scheduled from follow-on schedule check
[2025-08-27T16:32:48.824+0000] {local_task_job_runner.py:222} INFO - ::endgroup::
