[2025-08-30T12:00:01.773+0000] {local_task_job_runner.py:120} INFO - ::group::Pre task execution logs
[2025-08-30T12:00:01.807+0000] {taskinstance.py:2076} INFO - Dependencies all met for dep_context=non-requeueable deps ti=<TaskInstance: dbt_run_models.run_dbt_models scheduled__2025-08-30T09:00:00+00:00 [queued]>
[2025-08-30T12:00:01.819+0000] {taskinstance.py:2076} INFO - Dependencies all met for dep_context=requeueable deps ti=<TaskInstance: dbt_run_models.run_dbt_models scheduled__2025-08-30T09:00:00+00:00 [queued]>
[2025-08-30T12:00:01.820+0000] {taskinstance.py:2306} INFO - Starting attempt 1 of 2
[2025-08-30T12:00:01.840+0000] {taskinstance.py:2330} INFO - Executing <Task(BashOperator): run_dbt_models> on 2025-08-30 09:00:00+00:00
[2025-08-30T12:00:01.846+0000] {warnings.py:112} WARNING - /home/airflow/.local/lib/python3.12/site-packages/airflow/task/task_runner/standard_task_runner.py:62: DeprecationWarning: This process (pid=2297) is multi-threaded, use of fork() may lead to deadlocks in the child.
  pid = os.fork()

[2025-08-30T12:00:01.847+0000] {standard_task_runner.py:64} INFO - Started process 2299 to run task
[2025-08-30T12:00:01.851+0000] {standard_task_runner.py:90} INFO - Running: ['airflow', 'tasks', 'run', 'dbt_run_models', 'run_dbt_models', 'scheduled__2025-08-30T09:00:00+00:00', '--job-id', '834', '--raw', '--subdir', 'DAGS_FOLDER/dbt_dag.py', '--cfg-path', '/tmp/tmp92doic7x']
[2025-08-30T12:00:01.852+0000] {standard_task_runner.py:91} INFO - Job 834: Subtask run_dbt_models
[2025-08-30T12:00:01.868+0000] {warnings.py:112} WARNING - /home/airflow/.local/lib/python3.12/site-packages/airflow/settings.py:195: DeprecationWarning: The sql_alchemy_conn option in [core] has been moved to the sql_alchemy_conn option in [database] - the old setting has been used, but please update your config.
  SQL_ALCHEMY_CONN = conf.get("database", "SQL_ALCHEMY_CONN")

[2025-08-30T12:00:01.915+0000] {task_command.py:426} INFO - Running <TaskInstance: dbt_run_models.run_dbt_models scheduled__2025-08-30T09:00:00+00:00 [running]> on host b5ea13053d47
[2025-08-30T12:00:02.152+0000] {taskinstance.py:2648} INFO - Exporting env vars: AIRFLOW_CTX_DAG_OWNER='airflow' AIRFLOW_CTX_DAG_ID='dbt_run_models' AIRFLOW_CTX_TASK_ID='run_dbt_models' AIRFLOW_CTX_EXECUTION_DATE='2025-08-30T09:00:00+00:00' AIRFLOW_CTX_TRY_NUMBER='1' AIRFLOW_CTX_DAG_RUN_ID='scheduled__2025-08-30T09:00:00+00:00'
[2025-08-30T12:00:02.153+0000] {taskinstance.py:430} INFO - ::endgroup::
[2025-08-30T12:00:02.188+0000] {subprocess.py:63} INFO - Tmp dir root location: /tmp
[2025-08-30T12:00:02.189+0000] {subprocess.py:75} INFO - Running command: ['/usr/bin/bash', '-c', '\n        cd /usr/app &&         dbt run --profiles-dir /usr/app\n        ']
[2025-08-30T12:00:02.206+0000] {subprocess.py:86} INFO - Output:
[2025-08-30T12:00:06.311+0000] {subprocess.py:93} INFO - [0m12:00:06  Running with dbt=1.7.9
[2025-08-30T12:00:06.703+0000] {subprocess.py:93} INFO - [0m12:00:06  Registered adapter: postgres=1.7.9
[2025-08-30T12:00:06.749+0000] {subprocess.py:93} INFO - [0m12:00:06  [[33mWARNING[0m]: Configuration paths exist in your dbt_project.yml file which do not apply to any resources.
[2025-08-30T12:00:06.750+0000] {subprocess.py:93} INFO - There are 1 unused configuration paths:
[2025-08-30T12:00:06.750+0000] {subprocess.py:93} INFO - - models.my_project.sources
[2025-08-30T12:00:06.774+0000] {subprocess.py:93} INFO - [0m12:00:06  Found 3 models, 7 sources, 0 exposures, 0 metrics, 401 macros, 0 groups, 0 semantic models
[2025-08-30T12:00:06.778+0000] {subprocess.py:93} INFO - [0m12:00:06
[2025-08-30T12:00:06.937+0000] {subprocess.py:93} INFO - [0m12:00:06  Concurrency: 4 threads (target='dev')
[2025-08-30T12:00:06.938+0000] {subprocess.py:93} INFO - [0m12:00:06
[2025-08-30T12:00:06.959+0000] {subprocess.py:93} INFO - [0m12:00:06  1 of 3 START sql view model analytics.stg_order_details ........................ [RUN]
[2025-08-30T12:00:06.977+0000] {subprocess.py:93} INFO - [0m12:00:06  2 of 3 START sql view model analytics.stg_orders ............................... [RUN]
[2025-08-30T12:00:07.400+0000] {subprocess.py:93} INFO - [0m12:00:07  1 of 3 OK created sql view model analytics.stg_order_details ................... [[32mCREATE VIEW[0m in 0.43s]
[2025-08-30T12:00:07.403+0000] {subprocess.py:93} INFO - [0m12:00:07  2 of 3 OK created sql view model analytics.stg_orders .......................... [[32mCREATE VIEW[0m in 0.38s]
[2025-08-30T12:00:07.408+0000] {subprocess.py:93} INFO - [0m12:00:07  3 of 3 START sql table model analytics.orders_summary .......................... [RUN]
[2025-08-30T12:00:07.616+0000] {subprocess.py:93} INFO - [0m12:00:07  3 of 3 OK created sql table model analytics.orders_summary ..................... [[32mSELECT 10000[0m in 0.21s]
[2025-08-30T12:00:07.641+0000] {subprocess.py:93} INFO - [0m12:00:07
[2025-08-30T12:00:07.642+0000] {subprocess.py:93} INFO - [0m12:00:07  Finished running 2 view models, 1 table model in 0 hours 0 minutes and 0.86 seconds (0.86s).
[2025-08-30T12:00:07.661+0000] {subprocess.py:93} INFO - [0m12:00:07
[2025-08-30T12:00:07.662+0000] {subprocess.py:93} INFO - [0m12:00:07  [32mCompleted successfully[0m
[2025-08-30T12:00:07.663+0000] {subprocess.py:93} INFO - [0m12:00:07
[2025-08-30T12:00:07.664+0000] {subprocess.py:93} INFO - [0m12:00:07  Done. PASS=3 WARN=0 ERROR=0 SKIP=0 TOTAL=3
[2025-08-30T12:00:08.690+0000] {subprocess.py:97} INFO - Command exited with return code 0
[2025-08-30T12:00:08.691+0000] {taskinstance.py:441} INFO - ::group::Post task execution logs
[2025-08-30T12:00:08.731+0000] {taskinstance.py:1206} INFO - Marking task as SUCCESS. dag_id=dbt_run_models, task_id=run_dbt_models, run_id=scheduled__2025-08-30T09:00:00+00:00, execution_date=20250830T090000, start_date=20250830T120001, end_date=20250830T120008
[2025-08-30T12:00:08.775+0000] {local_task_job_runner.py:243} INFO - Task exited with return code 0
[2025-08-30T12:00:08.798+0000] {taskinstance.py:3503} INFO - 1 downstream tasks scheduled from follow-on schedule check
[2025-08-30T12:00:08.808+0000] {local_task_job_runner.py:222} INFO - ::endgroup::
