[2025-09-09T21:00:01.746+0000] {local_task_job_runner.py:120} INFO - ::group::Pre task execution logs
[2025-09-09T21:00:01.800+0000] {taskinstance.py:2076} INFO - Dependencies all met for dep_context=non-requeueable deps ti=<TaskInstance: dbt_run_models.run_dbt_models scheduled__2025-09-09T20:00:00+00:00 [queued]>
[2025-09-09T21:00:01.823+0000] {taskinstance.py:2076} INFO - Dependencies all met for dep_context=requeueable deps ti=<TaskInstance: dbt_run_models.run_dbt_models scheduled__2025-09-09T20:00:00+00:00 [queued]>
[2025-09-09T21:00:01.824+0000] {taskinstance.py:2306} INFO - Starting attempt 1 of 2
[2025-09-09T21:00:01.873+0000] {taskinstance.py:2330} INFO - Executing <Task(BashOperator): run_dbt_models> on 2025-09-09 20:00:00+00:00
[2025-09-09T21:00:01.885+0000] {warnings.py:112} WARNING - /home/airflow/.local/lib/python3.12/site-packages/airflow/task/task_runner/standard_task_runner.py:62: DeprecationWarning: This process (pid=3091) is multi-threaded, use of fork() may lead to deadlocks in the child.
  pid = os.fork()

[2025-09-09T21:00:01.887+0000] {standard_task_runner.py:64} INFO - Started process 3092 to run task
[2025-09-09T21:00:01.890+0000] {standard_task_runner.py:90} INFO - Running: ['airflow', 'tasks', 'run', 'dbt_run_models', 'run_dbt_models', 'scheduled__2025-09-09T20:00:00+00:00', '--job-id', '1301', '--raw', '--subdir', 'DAGS_FOLDER/dbt_dag.py', '--cfg-path', '/tmp/tmpvbhl5mwq']
[2025-09-09T21:00:01.892+0000] {standard_task_runner.py:91} INFO - Job 1301: Subtask run_dbt_models
[2025-09-09T21:00:01.919+0000] {warnings.py:112} WARNING - /home/airflow/.local/lib/python3.12/site-packages/airflow/settings.py:195: DeprecationWarning: The sql_alchemy_conn option in [core] has been moved to the sql_alchemy_conn option in [database] - the old setting has been used, but please update your config.
  SQL_ALCHEMY_CONN = conf.get("database", "SQL_ALCHEMY_CONN")

[2025-09-09T21:00:01.990+0000] {task_command.py:426} INFO - Running <TaskInstance: dbt_run_models.run_dbt_models scheduled__2025-09-09T20:00:00+00:00 [running]> on host b5ea13053d47
[2025-09-09T21:00:02.226+0000] {taskinstance.py:2648} INFO - Exporting env vars: AIRFLOW_CTX_DAG_OWNER='airflow' AIRFLOW_CTX_DAG_ID='dbt_run_models' AIRFLOW_CTX_TASK_ID='run_dbt_models' AIRFLOW_CTX_EXECUTION_DATE='2025-09-09T20:00:00+00:00' AIRFLOW_CTX_TRY_NUMBER='1' AIRFLOW_CTX_DAG_RUN_ID='scheduled__2025-09-09T20:00:00+00:00'
[2025-09-09T21:00:02.228+0000] {taskinstance.py:430} INFO - ::endgroup::
[2025-09-09T21:00:02.269+0000] {subprocess.py:63} INFO - Tmp dir root location: /tmp
[2025-09-09T21:00:02.270+0000] {subprocess.py:75} INFO - Running command: ['/usr/bin/bash', '-c', '\n        cd /usr/app &&         dbt run --profiles-dir /usr/app\n        ']
[2025-09-09T21:00:02.289+0000] {subprocess.py:86} INFO - Output:
[2025-09-09T21:00:06.199+0000] {subprocess.py:93} INFO - [0m21:00:06  Running with dbt=1.7.9
[2025-09-09T21:00:06.571+0000] {subprocess.py:93} INFO - [0m21:00:06  Registered adapter: postgres=1.7.9
[2025-09-09T21:00:06.620+0000] {subprocess.py:93} INFO - [0m21:00:06  [[33mWARNING[0m]: Configuration paths exist in your dbt_project.yml file which do not apply to any resources.
[2025-09-09T21:00:06.620+0000] {subprocess.py:93} INFO - There are 1 unused configuration paths:
[2025-09-09T21:00:06.620+0000] {subprocess.py:93} INFO - - models.my_project.sources
[2025-09-09T21:00:06.647+0000] {subprocess.py:93} INFO - [0m21:00:06  Found 15 models, 7 sources, 0 exposures, 0 metrics, 401 macros, 0 groups, 0 semantic models
[2025-09-09T21:00:06.651+0000] {subprocess.py:93} INFO - [0m21:00:06
[2025-09-09T21:00:06.817+0000] {subprocess.py:93} INFO - [0m21:00:06  Concurrency: 4 threads (target='dev')
[2025-09-09T21:00:06.818+0000] {subprocess.py:93} INFO - [0m21:00:06
[2025-09-09T21:00:06.840+0000] {subprocess.py:93} INFO - [0m21:00:06  1 of 15 START sql view model analytics.stg_AOV ................................. [RUN]
[2025-09-09T21:00:06.843+0000] {subprocess.py:93} INFO - [0m21:00:06  2 of 15 START sql view model analytics.stg_order_count_year .................... [RUN]
[2025-09-09T21:00:06.846+0000] {subprocess.py:93} INFO - [0m21:00:06  3 of 15 START sql view model analytics.stg_order_details ....................... [RUN]
[2025-09-09T21:00:06.848+0000] {subprocess.py:93} INFO - [0m21:00:06  4 of 15 START sql view model analytics.stg_order_items ......................... [RUN]
[2025-09-09T21:00:07.714+0000] {subprocess.py:93} INFO - [0m21:00:07  1 of 15 OK created sql view model analytics.stg_AOV ............................ [[32mCREATE VIEW[0m in 0.86s]
[2025-09-09T21:00:07.755+0000] {subprocess.py:93} INFO - [0m21:00:07  5 of 15 START sql view model analytics.stg_orders .............................. [RUN]
[2025-09-09T21:00:07.760+0000] {subprocess.py:93} INFO - [0m21:00:07  4 of 15 OK created sql view model analytics.stg_order_items .................... [[32mCREATE VIEW[0m in 0.89s]
[2025-09-09T21:00:07.763+0000] {subprocess.py:93} INFO - [0m21:00:07  2 of 15 OK created sql view model analytics.stg_order_count_year ............... [[32mCREATE VIEW[0m in 0.90s]
[2025-09-09T21:00:07.770+0000] {subprocess.py:93} INFO - [0m21:00:07  3 of 15 OK created sql view model analytics.stg_order_details .................. [[32mCREATE VIEW[0m in 0.91s]
[2025-09-09T21:00:07.792+0000] {subprocess.py:93} INFO - [0m21:00:07  6 of 15 START sql view model analytics.stg_payments ............................ [RUN]
[2025-09-09T21:00:07.795+0000] {subprocess.py:93} INFO - [0m21:00:07  7 of 15 START sql view model analytics.stg_products ............................ [RUN]
[2025-09-09T21:00:07.798+0000] {subprocess.py:93} INFO - [0m21:00:07  8 of 15 START sql table model analytics.AOV_chek ............................... [RUN]
[2025-09-09T21:00:08.228+0000] {subprocess.py:93} INFO - [0m21:00:08  5 of 15 OK created sql view model analytics.stg_orders ......................... [[32mCREATE VIEW[0m in 0.44s]
[2025-09-09T21:00:08.271+0000] {subprocess.py:93} INFO - [0m21:00:08  9 of 15 START sql table model analytics.order_count_year ....................... [RUN]
[2025-09-09T21:00:08.275+0000] {subprocess.py:93} INFO - [0m21:00:08  7 of 15 OK created sql view model analytics.stg_products ....................... [[32mCREATE VIEW[0m in 0.47s]
[2025-09-09T21:00:08.342+0000] {subprocess.py:93} INFO - [0m21:00:08  10 of 15 START sql table model analytics.order_count_year+month_diff ........... [RUN]
[2025-09-09T21:00:08.391+0000] {subprocess.py:93} INFO - [0m21:00:08  6 of 15 OK created sql view model analytics.stg_payments ....................... [[32mCREATE VIEW[0m in 0.58s]
[2025-09-09T21:00:08.452+0000] {subprocess.py:93} INFO - [0m21:00:08  8 of 15 OK created sql table model analytics.AOV_chek .......................... [[32mSELECT 50[0m in 0.63s]
[2025-09-09T21:00:08.455+0000] {subprocess.py:93} INFO - [0m21:00:08  11 of 15 START sql table model analytics.orders_summary ........................ [RUN]
[2025-09-09T21:00:08.478+0000] {subprocess.py:93} INFO - [0m21:00:08  12 of 15 START sql table model analytics.AOV_EBITDA_COUNT ...................... [RUN]
[2025-09-09T21:00:08.725+0000] {subprocess.py:93} INFO - [0m21:00:08  9 of 15 OK created sql table model analytics.order_count_year .................. [[32mSELECT 4[0m in 0.45s]
[2025-09-09T21:00:08.777+0000] {subprocess.py:93} INFO - [0m21:00:08  13 of 15 START sql table model analytics.AOV_category .......................... [RUN]
[2025-09-09T21:00:08.784+0000] {subprocess.py:93} INFO - [0m21:00:08  10 of 15 OK created sql table model analytics.order_count_year+month_diff ...... [[32mSELECT 28[0m in 0.42s]
[2025-09-09T21:00:08.797+0000] {subprocess.py:93} INFO - [0m21:00:08  12 of 15 ERROR creating sql table model analytics.AOV_EBITDA_COUNT ............. [[31mERROR[0m in 0.30s]
[2025-09-09T21:00:08.836+0000] {subprocess.py:93} INFO - [0m21:00:08  14 of 15 START sql table model analytics.AOV_product_name ...................... [RUN]
[2025-09-09T21:00:08.848+0000] {subprocess.py:93} INFO - [0m21:00:08  15 of 15 START sql table model analytics.AVG_AOV_chek .......................... [RUN]
[2025-09-09T21:00:09.035+0000] {subprocess.py:93} INFO - [0m21:00:09  11 of 15 OK created sql table model analytics.orders_summary ................... [[32mSELECT 10000[0m in 0.57s]
[2025-09-09T21:00:09.063+0000] {subprocess.py:93} INFO - [0m21:00:09  13 of 15 ERROR creating sql table model analytics.AOV_category ................. [[31mERROR[0m in 0.27s]
[2025-09-09T21:00:09.077+0000] {subprocess.py:93} INFO - [0m21:00:09  14 of 15 ERROR creating sql table model analytics.AOV_product_name ............. [[31mERROR[0m in 0.24s]
[2025-09-09T21:00:09.307+0000] {subprocess.py:93} INFO - [0m21:00:09  15 of 15 OK created sql table model analytics.AVG_AOV_chek ..................... [[32mSELECT 16839[0m in 0.43s]
[2025-09-09T21:00:09.352+0000] {subprocess.py:93} INFO - [0m21:00:09
[2025-09-09T21:00:09.355+0000] {subprocess.py:93} INFO - [0m21:00:09  Finished running 7 view models, 8 table models in 0 hours 0 minutes and 2.70 seconds (2.70s).
[2025-09-09T21:00:09.404+0000] {subprocess.py:93} INFO - [0m21:00:09
[2025-09-09T21:00:09.407+0000] {subprocess.py:93} INFO - [0m21:00:09  [31mCompleted with 3 errors and 0 warnings:[0m
[2025-09-09T21:00:09.409+0000] {subprocess.py:93} INFO - [0m21:00:09
[2025-09-09T21:00:09.409+0000] {subprocess.py:93} INFO - [0m21:00:09    Database Error in model AOV_EBITDA_COUNT (models/marts/AOV_EBITDA_COUNT.sql)
[2025-09-09T21:00:09.410+0000] {subprocess.py:93} INFO -   type "avr_order_value" does not exist
[2025-09-09T21:00:09.411+0000] {subprocess.py:93} INFO -   LINE 19: order by avr_order_value
[2025-09-09T21:00:09.412+0000] {subprocess.py:93} INFO -                     ^
[2025-09-09T21:00:09.412+0000] {subprocess.py:93} INFO -   compiled Code at target/run/my_project/models/marts/AOV_EBITDA_COUNT.sql
[2025-09-09T21:00:09.413+0000] {subprocess.py:93} INFO - [0m21:00:09
[2025-09-09T21:00:09.413+0000] {subprocess.py:93} INFO - [0m21:00:09    Database Error in model AOV_category (models/marts/AOV_category.sql)
[2025-09-09T21:00:09.413+0000] {subprocess.py:93} INFO -   type "avr_order_value" does not exist
[2025-09-09T21:00:09.414+0000] {subprocess.py:93} INFO -   LINE 21: order by avr_order_value
[2025-09-09T21:00:09.414+0000] {subprocess.py:93} INFO -                     ^
[2025-09-09T21:00:09.415+0000] {subprocess.py:93} INFO -   compiled Code at target/run/my_project/models/marts/AOV_category.sql
[2025-09-09T21:00:09.415+0000] {subprocess.py:93} INFO - [0m21:00:09
[2025-09-09T21:00:09.416+0000] {subprocess.py:93} INFO - [0m21:00:09    Database Error in model AOV_product_name (models/marts/AOV_product_name.sql)
[2025-09-09T21:00:09.416+0000] {subprocess.py:93} INFO -   type "avr_order_value" does not exist
[2025-09-09T21:00:09.417+0000] {subprocess.py:93} INFO -   LINE 21: order by avr_order_value
[2025-09-09T21:00:09.417+0000] {subprocess.py:93} INFO -                     ^
[2025-09-09T21:00:09.418+0000] {subprocess.py:93} INFO -   compiled Code at target/run/my_project/models/marts/AOV_product_name.sql
[2025-09-09T21:00:09.418+0000] {subprocess.py:93} INFO - [0m21:00:09
[2025-09-09T21:00:09.418+0000] {subprocess.py:93} INFO - [0m21:00:09  Done. PASS=12 WARN=0 ERROR=3 SKIP=0 TOTAL=15
[2025-09-09T21:00:19.803+0000] {subprocess.py:97} INFO - Command exited with return code 1
[2025-09-09T21:00:19.803+0000] {taskinstance.py:441} INFO - ::group::Post task execution logs
[2025-09-09T21:00:19.831+0000] {taskinstance.py:2905} ERROR - Task failed with exception
Traceback (most recent call last):
  File "/home/airflow/.local/lib/python3.12/site-packages/airflow/models/taskinstance.py", line 465, in _execute_task
    result = _execute_callable(context=context, **execute_callable_kwargs)
             ^^^^^^^^^^^^^^^^^^^^^^^^^^^^^^^^^^^^^^^^^^^^^^^^^^^^^^^^^^^^^
  File "/home/airflow/.local/lib/python3.12/site-packages/airflow/models/taskinstance.py", line 432, in _execute_callable
    return execute_callable(context=context, **execute_callable_kwargs)
           ^^^^^^^^^^^^^^^^^^^^^^^^^^^^^^^^^^^^^^^^^^^^^^^^^^^^^^^^^^^^
  File "/home/airflow/.local/lib/python3.12/site-packages/airflow/models/baseoperator.py", line 401, in wrapper
    return func(self, *args, **kwargs)
           ^^^^^^^^^^^^^^^^^^^^^^^^^^^
  File "/home/airflow/.local/lib/python3.12/site-packages/airflow/operators/bash.py", line 243, in execute
    raise AirflowException(
airflow.exceptions.AirflowException: Bash command failed. The command returned a non-zero exit code 1.
[2025-09-09T21:00:19.842+0000] {taskinstance.py:1206} INFO - Marking task as UP_FOR_RETRY. dag_id=dbt_run_models, task_id=run_dbt_models, run_id=scheduled__2025-09-09T20:00:00+00:00, execution_date=20250909T200000, start_date=20250909T210001, end_date=20250909T210019
[2025-09-09T21:00:19.876+0000] {standard_task_runner.py:110} ERROR - Failed to execute job 1301 for task run_dbt_models (Bash command failed. The command returned a non-zero exit code 1.; 3092)
[2025-09-09T21:00:19.926+0000] {local_task_job_runner.py:243} INFO - Task exited with return code 1
[2025-09-09T21:00:19.975+0000] {taskinstance.py:3503} INFO - 0 downstream tasks scheduled from follow-on schedule check
[2025-09-09T21:00:19.980+0000] {local_task_job_runner.py:222} INFO - ::endgroup::
