[2025-09-09T15:00:01.786+0000] {local_task_job_runner.py:120} INFO - ::group::Pre task execution logs
[2025-09-09T15:00:01.835+0000] {taskinstance.py:2076} INFO - Dependencies all met for dep_context=non-requeueable deps ti=<TaskInstance: dbt_run_models.run_dbt_models scheduled__2025-09-09T14:00:00+00:00 [queued]>
[2025-09-09T15:00:01.856+0000] {taskinstance.py:2076} INFO - Dependencies all met for dep_context=requeueable deps ti=<TaskInstance: dbt_run_models.run_dbt_models scheduled__2025-09-09T14:00:00+00:00 [queued]>
[2025-09-09T15:00:01.856+0000] {taskinstance.py:2306} INFO - Starting attempt 1 of 2
[2025-09-09T15:00:01.884+0000] {taskinstance.py:2330} INFO - Executing <Task(BashOperator): run_dbt_models> on 2025-09-09 14:00:00+00:00
[2025-09-09T15:00:01.899+0000] {warnings.py:112} WARNING - /home/airflow/.local/lib/python3.12/site-packages/airflow/task/task_runner/standard_task_runner.py:62: DeprecationWarning: This process (pid=2931) is multi-threaded, use of fork() may lead to deadlocks in the child.
  pid = os.fork()

[2025-09-09T15:00:01.901+0000] {standard_task_runner.py:64} INFO - Started process 2932 to run task
[2025-09-09T15:00:01.911+0000] {standard_task_runner.py:90} INFO - Running: ['airflow', 'tasks', 'run', 'dbt_run_models', 'run_dbt_models', 'scheduled__2025-09-09T14:00:00+00:00', '--job-id', '1287', '--raw', '--subdir', 'DAGS_FOLDER/dbt_dag.py', '--cfg-path', '/tmp/tmp56o680rs']
[2025-09-09T15:00:01.914+0000] {standard_task_runner.py:91} INFO - Job 1287: Subtask run_dbt_models
[2025-09-09T15:00:01.955+0000] {warnings.py:112} WARNING - /home/airflow/.local/lib/python3.12/site-packages/airflow/settings.py:195: DeprecationWarning: The sql_alchemy_conn option in [core] has been moved to the sql_alchemy_conn option in [database] - the old setting has been used, but please update your config.
  SQL_ALCHEMY_CONN = conf.get("database", "SQL_ALCHEMY_CONN")

[2025-09-09T15:00:02.027+0000] {task_command.py:426} INFO - Running <TaskInstance: dbt_run_models.run_dbt_models scheduled__2025-09-09T14:00:00+00:00 [running]> on host b5ea13053d47
[2025-09-09T15:00:02.252+0000] {taskinstance.py:2648} INFO - Exporting env vars: AIRFLOW_CTX_DAG_OWNER='airflow' AIRFLOW_CTX_DAG_ID='dbt_run_models' AIRFLOW_CTX_TASK_ID='run_dbt_models' AIRFLOW_CTX_EXECUTION_DATE='2025-09-09T14:00:00+00:00' AIRFLOW_CTX_TRY_NUMBER='1' AIRFLOW_CTX_DAG_RUN_ID='scheduled__2025-09-09T14:00:00+00:00'
[2025-09-09T15:00:02.253+0000] {taskinstance.py:430} INFO - ::endgroup::
[2025-09-09T15:00:02.270+0000] {subprocess.py:63} INFO - Tmp dir root location: /tmp
[2025-09-09T15:00:02.271+0000] {subprocess.py:75} INFO - Running command: ['/usr/bin/bash', '-c', '\n        cd /usr/app &&         dbt run --profiles-dir /usr/app\n        ']
[2025-09-09T15:00:02.288+0000] {subprocess.py:86} INFO - Output:
[2025-09-09T15:00:06.471+0000] {subprocess.py:93} INFO - [0m15:00:06  Running with dbt=1.7.9
[2025-09-09T15:00:07.116+0000] {subprocess.py:93} INFO - [0m15:00:07  Registered adapter: postgres=1.7.9
[2025-09-09T15:00:07.166+0000] {subprocess.py:93} INFO - [0m15:00:07  [[33mWARNING[0m]: Configuration paths exist in your dbt_project.yml file which do not apply to any resources.
[2025-09-09T15:00:07.167+0000] {subprocess.py:93} INFO - There are 1 unused configuration paths:
[2025-09-09T15:00:07.167+0000] {subprocess.py:93} INFO - - models.my_project.sources
[2025-09-09T15:00:07.194+0000] {subprocess.py:93} INFO - [0m15:00:07  Found 8 models, 7 sources, 0 exposures, 0 metrics, 401 macros, 0 groups, 0 semantic models
[2025-09-09T15:00:07.198+0000] {subprocess.py:93} INFO - [0m15:00:07
[2025-09-09T15:00:07.429+0000] {subprocess.py:93} INFO - [0m15:00:07  Concurrency: 4 threads (target='dev')
[2025-09-09T15:00:07.429+0000] {subprocess.py:93} INFO - [0m15:00:07
[2025-09-09T15:00:07.454+0000] {subprocess.py:93} INFO - [0m15:00:07  1 of 8 START sql view model analytics.stg_AOV .................................. [RUN]
[2025-09-09T15:00:07.465+0000] {subprocess.py:93} INFO - [0m15:00:07  2 of 8 START sql view model analytics.stg_order_count_year ..................... [RUN]
[2025-09-09T15:00:07.473+0000] {subprocess.py:93} INFO - [0m15:00:07  3 of 8 START sql view model analytics.stg_order_details ........................ [RUN]
[2025-09-09T15:00:07.485+0000] {subprocess.py:93} INFO - [0m15:00:07  4 of 8 START sql view model analytics.stg_orders ............................... [RUN]
[2025-09-09T15:00:08.011+0000] {subprocess.py:93} INFO - [0m15:00:08  1 of 8 OK created sql view model analytics.stg_AOV ............................. [[32mCREATE VIEW[0m in 0.54s]
[2025-09-09T15:00:08.013+0000] {subprocess.py:93} INFO - [0m15:00:08  3 of 8 OK created sql view model analytics.stg_order_details ................... [[32mCREATE VIEW[0m in 0.53s]
[2025-09-09T15:00:08.019+0000] {subprocess.py:93} INFO - [0m15:00:08  5 of 8 START sql table model analytics.AOV_chek ................................ [RUN]
[2025-09-09T15:00:08.024+0000] {subprocess.py:93} INFO - [0m15:00:08  2 of 8 OK created sql view model analytics.stg_order_count_year ................ [[32mCREATE VIEW[0m in 0.54s]
[2025-09-09T15:00:08.056+0000] {subprocess.py:93} INFO - [0m15:00:08  6 of 8 START sql table model analytics.order_count_year ........................ [RUN]
[2025-09-09T15:00:08.105+0000] {subprocess.py:93} INFO - [0m15:00:08  7 of 8 START sql table model analytics.order_count_year+month_diff ............. [RUN]
[2025-09-09T15:00:08.114+0000] {subprocess.py:93} INFO - [0m15:00:08  4 of 8 OK created sql view model analytics.stg_orders .......................... [[32mCREATE VIEW[0m in 0.59s]
[2025-09-09T15:00:08.146+0000] {subprocess.py:93} INFO - [0m15:00:08  8 of 8 START sql table model analytics.orders_summary .......................... [RUN]
[2025-09-09T15:00:08.509+0000] {subprocess.py:93} INFO - [0m15:00:08  5 of 8 OK created sql table model analytics.AOV_chek ........................... [[32mSELECT 50[0m in 0.47s]
[2025-09-09T15:00:08.527+0000] {subprocess.py:93} INFO - [0m15:00:08  6 of 8 OK created sql table model analytics.order_count_year ................... [[32mSELECT 4[0m in 0.46s]
[2025-09-09T15:00:08.545+0000] {subprocess.py:93} INFO - [0m15:00:08  8 of 8 OK created sql table model analytics.orders_summary ..................... [[32mSELECT 10000[0m in 0.38s]
[2025-09-09T15:00:08.592+0000] {subprocess.py:93} INFO - [0m15:00:08  7 of 8 OK created sql table model analytics.order_count_year+month_diff ........ [[32mSELECT 28[0m in 0.47s]
[2025-09-09T15:00:08.637+0000] {subprocess.py:93} INFO - [0m15:00:08
[2025-09-09T15:00:08.639+0000] {subprocess.py:93} INFO - [0m15:00:08  Finished running 4 view models, 4 table models in 0 hours 0 minutes and 1.44 seconds (1.44s).
[2025-09-09T15:00:08.680+0000] {subprocess.py:93} INFO - [0m15:00:08
[2025-09-09T15:00:08.682+0000] {subprocess.py:93} INFO - [0m15:00:08  [32mCompleted successfully[0m
[2025-09-09T15:00:08.683+0000] {subprocess.py:93} INFO - [0m15:00:08
[2025-09-09T15:00:08.685+0000] {subprocess.py:93} INFO - [0m15:00:08  Done. PASS=8 WARN=0 ERROR=0 SKIP=0 TOTAL=8
[2025-09-09T15:00:19.104+0000] {subprocess.py:97} INFO - Command exited with return code 0
[2025-09-09T15:00:19.106+0000] {taskinstance.py:441} INFO - ::group::Post task execution logs
[2025-09-09T15:00:19.176+0000] {taskinstance.py:1206} INFO - Marking task as SUCCESS. dag_id=dbt_run_models, task_id=run_dbt_models, run_id=scheduled__2025-09-09T14:00:00+00:00, execution_date=20250909T140000, start_date=20250909T150001, end_date=20250909T150019
[2025-09-09T15:00:19.248+0000] {local_task_job_runner.py:243} INFO - Task exited with return code 0
[2025-09-09T15:00:19.280+0000] {taskinstance.py:3503} INFO - 1 downstream tasks scheduled from follow-on schedule check
[2025-09-09T15:00:19.285+0000] {local_task_job_runner.py:222} INFO - ::endgroup::
