[2025-09-03T14:00:00.856+0000] {local_task_job_runner.py:120} INFO - ::group::Pre task execution logs
[2025-09-03T14:00:00.896+0000] {taskinstance.py:2076} INFO - Dependencies all met for dep_context=non-requeueable deps ti=<TaskInstance: dbt_run_models.run_dbt_models scheduled__2025-09-03T13:00:00+00:00 [queued]>
[2025-09-03T14:00:00.915+0000] {taskinstance.py:2076} INFO - Dependencies all met for dep_context=requeueable deps ti=<TaskInstance: dbt_run_models.run_dbt_models scheduled__2025-09-03T13:00:00+00:00 [queued]>
[2025-09-03T14:00:00.916+0000] {taskinstance.py:2306} INFO - Starting attempt 1 of 2
[2025-09-03T14:00:00.967+0000] {taskinstance.py:2330} INFO - Executing <Task(BashOperator): run_dbt_models> on 2025-09-03 13:00:00+00:00
[2025-09-03T14:00:00.973+0000] {warnings.py:112} WARNING - /home/airflow/.local/lib/python3.12/site-packages/airflow/task/task_runner/standard_task_runner.py:62: DeprecationWarning: This process (pid=188) is multi-threaded, use of fork() may lead to deadlocks in the child.
  pid = os.fork()

[2025-09-03T14:00:00.974+0000] {standard_task_runner.py:64} INFO - Started process 189 to run task
[2025-09-03T14:00:00.977+0000] {standard_task_runner.py:90} INFO - Running: ['airflow', 'tasks', 'run', 'dbt_run_models', 'run_dbt_models', 'scheduled__2025-09-03T13:00:00+00:00', '--job-id', '952', '--raw', '--subdir', 'DAGS_FOLDER/dbt_dag.py', '--cfg-path', '/tmp/tmpl34emlh5']
[2025-09-03T14:00:00.979+0000] {standard_task_runner.py:91} INFO - Job 952: Subtask run_dbt_models
[2025-09-03T14:00:01.006+0000] {warnings.py:112} WARNING - /home/airflow/.local/lib/python3.12/site-packages/airflow/settings.py:195: DeprecationWarning: The sql_alchemy_conn option in [core] has been moved to the sql_alchemy_conn option in [database] - the old setting has been used, but please update your config.
  SQL_ALCHEMY_CONN = conf.get("database", "SQL_ALCHEMY_CONN")

[2025-09-03T14:00:01.097+0000] {task_command.py:426} INFO - Running <TaskInstance: dbt_run_models.run_dbt_models scheduled__2025-09-03T13:00:00+00:00 [running]> on host b5ea13053d47
[2025-09-03T14:00:01.266+0000] {taskinstance.py:2648} INFO - Exporting env vars: AIRFLOW_CTX_DAG_OWNER='airflow' AIRFLOW_CTX_DAG_ID='dbt_run_models' AIRFLOW_CTX_TASK_ID='run_dbt_models' AIRFLOW_CTX_EXECUTION_DATE='2025-09-03T13:00:00+00:00' AIRFLOW_CTX_TRY_NUMBER='1' AIRFLOW_CTX_DAG_RUN_ID='scheduled__2025-09-03T13:00:00+00:00'
[2025-09-03T14:00:01.267+0000] {taskinstance.py:430} INFO - ::endgroup::
[2025-09-03T14:00:01.282+0000] {subprocess.py:63} INFO - Tmp dir root location: /tmp
[2025-09-03T14:00:01.283+0000] {subprocess.py:75} INFO - Running command: ['/usr/bin/bash', '-c', '\n        cd /usr/app &&         dbt run --profiles-dir /usr/app\n        ']
[2025-09-03T14:00:01.294+0000] {subprocess.py:86} INFO - Output:
[2025-09-03T14:00:04.807+0000] {subprocess.py:93} INFO - [0m14:00:04  Running with dbt=1.7.9
[2025-09-03T14:00:05.472+0000] {subprocess.py:93} INFO - [0m14:00:05  Registered adapter: postgres=1.7.9
[2025-09-03T14:00:05.545+0000] {subprocess.py:93} INFO - [0m14:00:05  [[33mWARNING[0m]: Configuration paths exist in your dbt_project.yml file which do not apply to any resources.
[2025-09-03T14:00:05.546+0000] {subprocess.py:93} INFO - There are 1 unused configuration paths:
[2025-09-03T14:00:05.546+0000] {subprocess.py:93} INFO - - models.my_project.sources
[2025-09-03T14:00:05.589+0000] {subprocess.py:93} INFO - [0m14:00:05  Found 5 models, 7 sources, 0 exposures, 0 metrics, 401 macros, 0 groups, 0 semantic models
[2025-09-03T14:00:05.593+0000] {subprocess.py:93} INFO - [0m14:00:05
[2025-09-03T14:00:05.797+0000] {subprocess.py:93} INFO - [0m14:00:05  Concurrency: 4 threads (target='dev')
[2025-09-03T14:00:05.800+0000] {subprocess.py:93} INFO - [0m14:00:05
[2025-09-03T14:00:05.843+0000] {subprocess.py:93} INFO - [0m14:00:05  1 of 5 START sql view model analytics.stg_order_count_year ..................... [RUN]
[2025-09-03T14:00:05.848+0000] {subprocess.py:93} INFO - [0m14:00:05  2 of 5 START sql view model analytics.stg_order_details ........................ [RUN]
[2025-09-03T14:00:05.849+0000] {subprocess.py:93} INFO - [0m14:00:05  3 of 5 START sql view model analytics.stg_orders ............................... [RUN]
[2025-09-03T14:00:06.246+0000] {subprocess.py:93} INFO - [0m14:00:06  2 of 5 OK created sql view model analytics.stg_order_details ................... [[32mCREATE VIEW[0m in 0.39s]
[2025-09-03T14:00:06.277+0000] {subprocess.py:93} INFO - [0m14:00:06  3 of 5 OK created sql view model analytics.stg_orders .......................... [[32mCREATE VIEW[0m in 0.42s]
[2025-09-03T14:00:06.293+0000] {subprocess.py:93} INFO - [0m14:00:06  1 of 5 OK created sql view model analytics.stg_order_count_year ................ [[32mCREATE VIEW[0m in 0.44s]
[2025-09-03T14:00:06.295+0000] {subprocess.py:93} INFO - [0m14:00:06  4 of 5 START sql table model analytics.orders_summary .......................... [RUN]
[2025-09-03T14:00:06.306+0000] {subprocess.py:93} INFO - [0m14:00:06  5 of 5 START sql table model analytics.order_count_year ........................ [RUN]
[2025-09-03T14:00:06.700+0000] {subprocess.py:93} INFO - [0m14:00:06  5 of 5 OK created sql table model analytics.order_count_year ................... [[32mSELECT 3[0m in 0.38s]
[2025-09-03T14:00:06.721+0000] {subprocess.py:93} INFO - [0m14:00:06  4 of 5 OK created sql table model analytics.orders_summary ..................... [[32mSELECT 10000[0m in 0.42s]
[2025-09-03T14:00:06.760+0000] {subprocess.py:93} INFO - [0m14:00:06
[2025-09-03T14:00:06.761+0000] {subprocess.py:93} INFO - [0m14:00:06  Finished running 3 view models, 2 table models in 0 hours 0 minutes and 1.17 seconds (1.17s).
[2025-09-03T14:00:06.779+0000] {subprocess.py:93} INFO - [0m14:00:06
[2025-09-03T14:00:06.780+0000] {subprocess.py:93} INFO - [0m14:00:06  [32mCompleted successfully[0m
[2025-09-03T14:00:06.781+0000] {subprocess.py:93} INFO - [0m14:00:06
[2025-09-03T14:00:06.782+0000] {subprocess.py:93} INFO - [0m14:00:06  Done. PASS=5 WARN=0 ERROR=0 SKIP=0 TOTAL=5
[2025-09-03T14:00:17.191+0000] {subprocess.py:97} INFO - Command exited with return code 0
[2025-09-03T14:00:17.191+0000] {taskinstance.py:441} INFO - ::group::Post task execution logs
[2025-09-03T14:00:17.252+0000] {taskinstance.py:1206} INFO - Marking task as SUCCESS. dag_id=dbt_run_models, task_id=run_dbt_models, run_id=scheduled__2025-09-03T13:00:00+00:00, execution_date=20250903T130000, start_date=20250903T140000, end_date=20250903T140017
[2025-09-03T14:00:17.328+0000] {local_task_job_runner.py:243} INFO - Task exited with return code 0
[2025-09-03T14:00:17.358+0000] {taskinstance.py:3503} INFO - 1 downstream tasks scheduled from follow-on schedule check
[2025-09-03T14:00:17.360+0000] {local_task_job_runner.py:222} INFO - ::endgroup::
