[2025-09-04T03:00:01.202+0000] {local_task_job_runner.py:120} INFO - ::group::Pre task execution logs
[2025-09-04T03:00:01.263+0000] {taskinstance.py:2076} INFO - Dependencies all met for dep_context=non-requeueable deps ti=<TaskInstance: dbt_run_models.run_dbt_models scheduled__2025-09-04T02:00:00+00:00 [queued]>
[2025-09-04T03:00:01.274+0000] {taskinstance.py:2076} INFO - Dependencies all met for dep_context=requeueable deps ti=<TaskInstance: dbt_run_models.run_dbt_models scheduled__2025-09-04T02:00:00+00:00 [queued]>
[2025-09-04T03:00:01.274+0000] {taskinstance.py:2306} INFO - Starting attempt 1 of 2
[2025-09-04T03:00:01.309+0000] {taskinstance.py:2330} INFO - Executing <Task(BashOperator): run_dbt_models> on 2025-09-04 02:00:00+00:00
[2025-09-04T03:00:01.322+0000] {warnings.py:112} WARNING - /home/airflow/.local/lib/python3.12/site-packages/airflow/task/task_runner/standard_task_runner.py:62: DeprecationWarning: This process (pid=269) is multi-threaded, use of fork() may lead to deadlocks in the child.
  pid = os.fork()

[2025-09-04T03:00:01.324+0000] {standard_task_runner.py:64} INFO - Started process 270 to run task
[2025-09-04T03:00:01.327+0000] {standard_task_runner.py:90} INFO - Running: ['airflow', 'tasks', 'run', 'dbt_run_models', 'run_dbt_models', 'scheduled__2025-09-04T02:00:00+00:00', '--job-id', '983', '--raw', '--subdir', 'DAGS_FOLDER/dbt_dag.py', '--cfg-path', '/tmp/tmpndysgjsx']
[2025-09-04T03:00:01.329+0000] {standard_task_runner.py:91} INFO - Job 983: Subtask run_dbt_models
[2025-09-04T03:00:01.354+0000] {warnings.py:112} WARNING - /home/airflow/.local/lib/python3.12/site-packages/airflow/settings.py:195: DeprecationWarning: The sql_alchemy_conn option in [core] has been moved to the sql_alchemy_conn option in [database] - the old setting has been used, but please update your config.
  SQL_ALCHEMY_CONN = conf.get("database", "SQL_ALCHEMY_CONN")

[2025-09-04T03:00:01.449+0000] {task_command.py:426} INFO - Running <TaskInstance: dbt_run_models.run_dbt_models scheduled__2025-09-04T02:00:00+00:00 [running]> on host b5ea13053d47
[2025-09-04T03:00:01.659+0000] {taskinstance.py:2648} INFO - Exporting env vars: AIRFLOW_CTX_DAG_OWNER='airflow' AIRFLOW_CTX_DAG_ID='dbt_run_models' AIRFLOW_CTX_TASK_ID='run_dbt_models' AIRFLOW_CTX_EXECUTION_DATE='2025-09-04T02:00:00+00:00' AIRFLOW_CTX_TRY_NUMBER='1' AIRFLOW_CTX_DAG_RUN_ID='scheduled__2025-09-04T02:00:00+00:00'
[2025-09-04T03:00:01.661+0000] {taskinstance.py:430} INFO - ::endgroup::
[2025-09-04T03:00:01.712+0000] {subprocess.py:63} INFO - Tmp dir root location: /tmp
[2025-09-04T03:00:01.713+0000] {subprocess.py:75} INFO - Running command: ['/usr/bin/bash', '-c', '\n        cd /usr/app &&         dbt run --profiles-dir /usr/app\n        ']
[2025-09-04T03:00:01.738+0000] {subprocess.py:86} INFO - Output:
[2025-09-04T03:00:05.865+0000] {subprocess.py:93} INFO - [0m03:00:05  Running with dbt=1.7.9
[2025-09-04T03:00:06.334+0000] {subprocess.py:93} INFO - [0m03:00:06  Registered adapter: postgres=1.7.9
[2025-09-04T03:00:06.390+0000] {subprocess.py:93} INFO - [0m03:00:06  [[33mWARNING[0m]: Configuration paths exist in your dbt_project.yml file which do not apply to any resources.
[2025-09-04T03:00:06.391+0000] {subprocess.py:93} INFO - There are 1 unused configuration paths:
[2025-09-04T03:00:06.391+0000] {subprocess.py:93} INFO - - models.my_project.sources
[2025-09-04T03:00:06.421+0000] {subprocess.py:93} INFO - [0m03:00:06  Found 5 models, 7 sources, 0 exposures, 0 metrics, 401 macros, 0 groups, 0 semantic models
[2025-09-04T03:00:06.425+0000] {subprocess.py:93} INFO - [0m03:00:06
[2025-09-04T03:00:06.620+0000] {subprocess.py:93} INFO - [0m03:00:06  Concurrency: 4 threads (target='dev')
[2025-09-04T03:00:06.622+0000] {subprocess.py:93} INFO - [0m03:00:06
[2025-09-04T03:00:06.658+0000] {subprocess.py:93} INFO - [0m03:00:06  1 of 5 START sql view model analytics.stg_order_count_year ..................... [RUN]
[2025-09-04T03:00:06.668+0000] {subprocess.py:93} INFO - [0m03:00:06  2 of 5 START sql view model analytics.stg_order_details ........................ [RUN]
[2025-09-04T03:00:06.680+0000] {subprocess.py:93} INFO - [0m03:00:06  3 of 5 START sql view model analytics.stg_orders ............................... [RUN]
[2025-09-04T03:00:07.206+0000] {subprocess.py:93} INFO - [0m03:00:07  3 of 5 OK created sql view model analytics.stg_orders .......................... [[32mCREATE VIEW[0m in 0.51s]
[2025-09-04T03:00:07.219+0000] {subprocess.py:93} INFO - [0m03:00:07  2 of 5 OK created sql view model analytics.stg_order_details ................... [[32mCREATE VIEW[0m in 0.53s]
[2025-09-04T03:00:07.225+0000] {subprocess.py:93} INFO - [0m03:00:07  1 of 5 OK created sql view model analytics.stg_order_count_year ................ [[32mCREATE VIEW[0m in 0.56s]
[2025-09-04T03:00:07.231+0000] {subprocess.py:93} INFO - [0m03:00:07  4 of 5 START sql table model analytics.orders_summary .......................... [RUN]
[2025-09-04T03:00:07.241+0000] {subprocess.py:93} INFO - [0m03:00:07  5 of 5 START sql table model analytics.order_count_year ........................ [RUN]
[2025-09-04T03:00:07.571+0000] {subprocess.py:93} INFO - [0m03:00:07  5 of 5 OK created sql table model analytics.order_count_year ................... [[32mSELECT 3[0m in 0.32s]
[2025-09-04T03:00:07.618+0000] {subprocess.py:93} INFO - [0m03:00:07  4 of 5 OK created sql table model analytics.orders_summary ..................... [[32mSELECT 10000[0m in 0.38s]
[2025-09-04T03:00:07.655+0000] {subprocess.py:93} INFO - [0m03:00:07
[2025-09-04T03:00:07.657+0000] {subprocess.py:93} INFO - [0m03:00:07  Finished running 3 view models, 2 table models in 0 hours 0 minutes and 1.23 seconds (1.23s).
[2025-09-04T03:00:07.673+0000] {subprocess.py:93} INFO - [0m03:00:07
[2025-09-04T03:00:07.674+0000] {subprocess.py:93} INFO - [0m03:00:07  [32mCompleted successfully[0m
[2025-09-04T03:00:07.676+0000] {subprocess.py:93} INFO - [0m03:00:07
[2025-09-04T03:00:07.677+0000] {subprocess.py:93} INFO - [0m03:00:07  Done. PASS=5 WARN=0 ERROR=0 SKIP=0 TOTAL=5
[2025-09-04T03:00:18.211+0000] {subprocess.py:97} INFO - Command exited with return code 0
[2025-09-04T03:00:18.212+0000] {taskinstance.py:441} INFO - ::group::Post task execution logs
[2025-09-04T03:00:18.251+0000] {taskinstance.py:1206} INFO - Marking task as SUCCESS. dag_id=dbt_run_models, task_id=run_dbt_models, run_id=scheduled__2025-09-04T02:00:00+00:00, execution_date=20250904T020000, start_date=20250904T030001, end_date=20250904T030018
[2025-09-04T03:00:18.302+0000] {local_task_job_runner.py:243} INFO - Task exited with return code 0
[2025-09-04T03:00:18.348+0000] {taskinstance.py:3503} INFO - 1 downstream tasks scheduled from follow-on schedule check
[2025-09-04T03:00:18.350+0000] {local_task_job_runner.py:222} INFO - ::endgroup::
