[2025-08-26T02:00:37.090+0000] {local_task_job_runner.py:120} INFO - ::group::Pre task execution logs
[2025-08-26T02:00:37.208+0000] {taskinstance.py:2076} INFO - Dependencies all met for dep_context=non-requeueable deps ti=<TaskInstance: daily_generate_orders.load_csv_to_postgres scheduled__2025-08-26T01:00:00+00:00 [queued]>
[2025-08-26T02:00:37.233+0000] {taskinstance.py:2076} INFO - Dependencies all met for dep_context=requeueable deps ti=<TaskInstance: daily_generate_orders.load_csv_to_postgres scheduled__2025-08-26T01:00:00+00:00 [queued]>
[2025-08-26T02:00:37.236+0000] {taskinstance.py:2306} INFO - Starting attempt 1 of 1
[2025-08-26T02:00:37.298+0000] {taskinstance.py:2330} INFO - Executing <Task(PythonOperator): load_csv_to_postgres> on 2025-08-26 01:00:00+00:00
[2025-08-26T02:00:37.312+0000] {warnings.py:112} WARNING - /home/airflow/.local/lib/python3.12/site-packages/airflow/task/task_runner/standard_task_runner.py:62: DeprecationWarning: This process (pid=920) is multi-threaded, use of fork() may lead to deadlocks in the child.
  pid = os.fork()

[2025-08-26T02:00:37.313+0000] {standard_task_runner.py:64} INFO - Started process 923 to run task
[2025-08-26T02:00:37.318+0000] {standard_task_runner.py:90} INFO - Running: ['airflow', 'tasks', 'run', 'daily_generate_orders', 'load_csv_to_postgres', 'scheduled__2025-08-26T01:00:00+00:00', '--job-id', '559', '--raw', '--subdir', 'DAGS_FOLDER/generate_fake_shop_csv.py', '--cfg-path', '/tmp/tmp7tqmxo98']
[2025-08-26T02:00:37.321+0000] {standard_task_runner.py:91} INFO - Job 559: Subtask load_csv_to_postgres
[2025-08-26T02:00:37.346+0000] {warnings.py:112} WARNING - /home/airflow/.local/lib/python3.12/site-packages/airflow/settings.py:195: DeprecationWarning: The sql_alchemy_conn option in [core] has been moved to the sql_alchemy_conn option in [database] - the old setting has been used, but please update your config.
  SQL_ALCHEMY_CONN = conf.get("database", "SQL_ALCHEMY_CONN")

[2025-08-26T02:00:37.430+0000] {task_command.py:426} INFO - Running <TaskInstance: daily_generate_orders.load_csv_to_postgres scheduled__2025-08-26T01:00:00+00:00 [running]> on host b5ea13053d47
[2025-08-26T02:00:37.693+0000] {taskinstance.py:2648} INFO - Exporting env vars: AIRFLOW_CTX_DAG_OWNER='airflow' AIRFLOW_CTX_DAG_ID='daily_generate_orders' AIRFLOW_CTX_TASK_ID='load_csv_to_postgres' AIRFLOW_CTX_EXECUTION_DATE='2025-08-26T01:00:00+00:00' AIRFLOW_CTX_TRY_NUMBER='1' AIRFLOW_CTX_DAG_RUN_ID='scheduled__2025-08-26T01:00:00+00:00'
[2025-08-26T02:00:37.695+0000] {taskinstance.py:430} INFO - ::endgroup::
[2025-08-26T02:00:37.769+0000] {base.py:84} INFO - Using connection ID 'postgres_conn' for task execution.
[2025-08-26T02:00:39.199+0000] {logging_mixin.py:188} INFO - ✅ Загружено 15000 строк в таблицу shipments
[2025-08-26T02:00:39.216+0000] {logging_mixin.py:188} INFO - ✅ Загружено 200 новых строк в таблицу shipments
[2025-08-26T02:00:39.229+0000] {logging_mixin.py:188} INFO - ✅ Загружено 200 новых строк в таблицу shipments
[2025-08-26T02:00:39.256+0000] {logging_mixin.py:188} INFO - ✅ Загружено 200 новых строк в таблицу shipments
[2025-08-26T02:00:39.274+0000] {logging_mixin.py:188} INFO - ✅ Загружено 200 новых строк в таблицу shipments
[2025-08-26T02:00:39.301+0000] {logging_mixin.py:188} INFO - ✅ Загружено 200 новых строк в таблицу shipments
[2025-08-26T02:00:39.323+0000] {logging_mixin.py:188} INFO - ✅ Загружено 200 новых строк в таблицу shipments
[2025-08-26T02:00:39.346+0000] {logging_mixin.py:188} INFO - ✅ Загружено 200 новых строк в таблицу shipments
[2025-08-26T02:00:40.260+0000] {logging_mixin.py:188} INFO - ✅ Загружено 10000 строк в таблицу customers
[2025-08-26T02:00:40.282+0000] {logging_mixin.py:188} INFO - ✅ Загружено 400 новых строк в таблицу customers
[2025-08-26T02:00:40.306+0000] {logging_mixin.py:188} INFO - ✅ Загружено 400 новых строк в таблицу customers
[2025-08-26T02:00:40.330+0000] {logging_mixin.py:188} INFO - ✅ Загружено 400 новых строк в таблицу customers
[2025-08-26T02:00:40.353+0000] {logging_mixin.py:188} INFO - ✅ Загружено 400 новых строк в таблицу customers
[2025-08-26T02:00:40.377+0000] {logging_mixin.py:188} INFO - ✅ Загружено 400 новых строк в таблицу customers
[2025-08-26T02:00:40.399+0000] {logging_mixin.py:188} INFO - ✅ Загружено 400 новых строк в таблицу customers
[2025-08-26T02:00:41.410+0000] {logging_mixin.py:188} INFO - ✅ Загружено 15016 строк в таблицу orders
[2025-08-26T02:00:41.432+0000] {logging_mixin.py:188} INFO - ✅ Загружено 216 новых строк в таблицу orders
[2025-08-26T02:00:41.453+0000] {logging_mixin.py:188} INFO - ✅ Загружено 216 новых строк в таблицу orders
[2025-08-26T02:00:41.470+0000] {logging_mixin.py:188} INFO - ✅ Загружено 216 новых строк в таблицу orders
[2025-08-26T02:00:41.492+0000] {logging_mixin.py:188} INFO - ✅ Загружено 216 новых строк в таблицу orders
[2025-08-26T02:00:41.528+0000] {logging_mixin.py:188} INFO - ✅ Загружено 216 новых строк в таблицу orders
[2025-08-26T02:00:41.691+0000] {logging_mixin.py:188} INFO - ✅ Загружено 2000 строк в таблицу products
[2025-08-26T02:00:41.764+0000] {logging_mixin.py:188} INFO - ✅ Загружено 400 новых строк в таблицу products
[2025-08-26T02:00:41.816+0000] {logging_mixin.py:188} INFO - ✅ Загружено 400 новых строк в таблицу products
[2025-08-26T02:00:41.859+0000] {logging_mixin.py:188} INFO - ✅ Загружено 400 новых строк в таблицу products
[2025-08-26T02:00:41.901+0000] {logging_mixin.py:188} INFO - ✅ Загружено 400 новых строк в таблицу products
[2025-08-26T02:00:41.940+0000] {logging_mixin.py:188} INFO - ✅ Загружено 400 новых строк в таблицу products
[2025-08-26T02:00:43.860+0000] {logging_mixin.py:188} INFO - ✅ Загружено 20038 строк в таблицу order_items
[2025-08-26T02:00:43.869+0000] {logging_mixin.py:188} INFO - ✅ Загружено 38 новых строк в таблицу order_items
[2025-08-26T02:00:43.876+0000] {logging_mixin.py:188} INFO - ✅ Загружено 38 новых строк в таблицу order_items
[2025-08-26T02:00:43.883+0000] {logging_mixin.py:188} INFO - ✅ Загружено 38 новых строк в таблицу order_items
[2025-08-26T02:00:43.892+0000] {logging_mixin.py:188} INFO - ✅ Загружено 38 новых строк в таблицу order_items
[2025-08-26T02:00:43.900+0000] {logging_mixin.py:188} INFO - ✅ Загружено 38 новых строк в таблицу order_items
[2025-08-26T02:00:43.908+0000] {logging_mixin.py:188} INFO - ✅ Загружено 38 новых строк в таблицу order_items
[2025-08-26T02:00:43.923+0000] {logging_mixin.py:188} INFO - ✅ Загружено 100 строк в таблицу suppliers
[2025-08-26T02:00:43.937+0000] {logging_mixin.py:188} INFO - ✅ Загружено 100 новых строк в таблицу suppliers
[2025-08-26T02:00:43.952+0000] {logging_mixin.py:188} INFO - ✅ Загружено 100 новых строк в таблицу suppliers
[2025-08-26T02:00:43.962+0000] {logging_mixin.py:188} INFO - ✅ Загружено 100 новых строк в таблицу suppliers
[2025-08-26T02:00:43.974+0000] {logging_mixin.py:188} INFO - ✅ Загружено 100 новых строк в таблицу suppliers
[2025-08-26T02:00:43.987+0000] {logging_mixin.py:188} INFO - ✅ Загружено 100 новых строк в таблицу suppliers
[2025-08-26T02:00:43.999+0000] {logging_mixin.py:188} INFO - ✅ Загружено 100 новых строк в таблицу suppliers
[2025-08-26T02:00:44.972+0000] {logging_mixin.py:188} INFO - ✅ Загружено 15016 строк в таблицу payment
[2025-08-26T02:00:44.991+0000] {logging_mixin.py:188} INFO - ✅ Загружено 216 новых строк в таблицу payment
[2025-08-26T02:00:45.017+0000] {logging_mixin.py:188} INFO - ✅ Загружено 216 новых строк в таблицу payment
[2025-08-26T02:00:45.044+0000] {logging_mixin.py:188} INFO - ✅ Загружено 216 новых строк в таблицу payment
[2025-08-26T02:00:45.057+0000] {logging_mixin.py:188} INFO - ✅ Загружено 216 новых строк в таблицу payment
[2025-08-26T02:00:45.078+0000] {logging_mixin.py:188} INFO - ✅ Загружено 216 новых строк в таблицу payment
[2025-08-26T02:00:45.094+0000] {logging_mixin.py:188} INFO - ✅ Загружено 216 новых строк в таблицу payment
[2025-08-26T02:00:45.188+0000] {logging_mixin.py:188} INFO - ✅ Загружено 1106 строк в таблицу reviews
[2025-08-26T02:00:45.209+0000] {logging_mixin.py:188} INFO - ✅ Загружено 306 новых строк в таблицу reviews
[2025-08-26T02:00:45.232+0000] {logging_mixin.py:188} INFO - ✅ Загружено 306 новых строк в таблицу reviews
[2025-08-26T02:00:45.254+0000] {logging_mixin.py:188} INFO - ✅ Загружено 306 новых строк в таблицу reviews
[2025-08-26T02:00:45.275+0000] {logging_mixin.py:188} INFO - ✅ Загружено 306 новых строк в таблицу reviews
[2025-08-26T02:00:45.297+0000] {logging_mixin.py:188} INFO - ✅ Загружено 306 новых строк в таблицу reviews
[2025-08-26T02:00:45.336+0000] {logging_mixin.py:188} INFO - ✅ Загружено 306 новых строк в таблицу reviews
[2025-08-26T02:00:45.337+0000] {python.py:237} INFO - Done. Returned value was: None
[2025-08-26T02:00:45.337+0000] {taskinstance.py:441} INFO - ::group::Post task execution logs
[2025-08-26T02:00:45.377+0000] {taskinstance.py:1206} INFO - Marking task as SUCCESS. dag_id=daily_generate_orders, task_id=load_csv_to_postgres, run_id=scheduled__2025-08-26T01:00:00+00:00, execution_date=20250826T010000, start_date=20250826T020037, end_date=20250826T020045
[2025-08-26T02:00:45.419+0000] {local_task_job_runner.py:243} INFO - Task exited with return code 0
[2025-08-26T02:00:45.438+0000] {taskinstance.py:3503} INFO - 0 downstream tasks scheduled from follow-on schedule check
[2025-08-26T02:00:45.446+0000] {local_task_job_runner.py:222} INFO - ::endgroup::
