[2025-09-08T21:00:02.660+0000] {local_task_job_runner.py:120} INFO - ::group::Pre task execution logs
[2025-09-08T21:00:02.756+0000] {taskinstance.py:2076} INFO - Dependencies all met for dep_context=non-requeueable deps ti=<TaskInstance: dbt_run_models.run_dbt_models scheduled__2025-09-08T20:00:00+00:00 [queued]>
[2025-09-08T21:00:02.792+0000] {taskinstance.py:2076} INFO - Dependencies all met for dep_context=requeueable deps ti=<TaskInstance: dbt_run_models.run_dbt_models scheduled__2025-09-08T20:00:00+00:00 [queued]>
[2025-09-08T21:00:02.793+0000] {taskinstance.py:2306} INFO - Starting attempt 1 of 2
[2025-09-08T21:00:02.847+0000] {taskinstance.py:2330} INFO - Executing <Task(BashOperator): run_dbt_models> on 2025-09-08 20:00:00+00:00
[2025-09-08T21:00:02.859+0000] {warnings.py:112} WARNING - /home/airflow/.local/lib/python3.12/site-packages/airflow/task/task_runner/standard_task_runner.py:62: DeprecationWarning: This process (pid=2574) is multi-threaded, use of fork() may lead to deadlocks in the child.
  pid = os.fork()

[2025-09-08T21:00:02.863+0000] {standard_task_runner.py:64} INFO - Started process 2575 to run task
[2025-09-08T21:00:02.865+0000] {standard_task_runner.py:90} INFO - Running: ['airflow', 'tasks', 'run', 'dbt_run_models', 'run_dbt_models', 'scheduled__2025-09-08T20:00:00+00:00', '--job-id', '1246', '--raw', '--subdir', 'DAGS_FOLDER/dbt_dag.py', '--cfg-path', '/tmp/tmprf3pe4lc']
[2025-09-08T21:00:02.867+0000] {standard_task_runner.py:91} INFO - Job 1246: Subtask run_dbt_models
[2025-09-08T21:00:02.909+0000] {warnings.py:112} WARNING - /home/airflow/.local/lib/python3.12/site-packages/airflow/settings.py:195: DeprecationWarning: The sql_alchemy_conn option in [core] has been moved to the sql_alchemy_conn option in [database] - the old setting has been used, but please update your config.
  SQL_ALCHEMY_CONN = conf.get("database", "SQL_ALCHEMY_CONN")

[2025-09-08T21:00:03.040+0000] {task_command.py:426} INFO - Running <TaskInstance: dbt_run_models.run_dbt_models scheduled__2025-09-08T20:00:00+00:00 [running]> on host b5ea13053d47
[2025-09-08T21:00:03.449+0000] {taskinstance.py:2648} INFO - Exporting env vars: AIRFLOW_CTX_DAG_OWNER='airflow' AIRFLOW_CTX_DAG_ID='dbt_run_models' AIRFLOW_CTX_TASK_ID='run_dbt_models' AIRFLOW_CTX_EXECUTION_DATE='2025-09-08T20:00:00+00:00' AIRFLOW_CTX_TRY_NUMBER='1' AIRFLOW_CTX_DAG_RUN_ID='scheduled__2025-09-08T20:00:00+00:00'
[2025-09-08T21:00:03.451+0000] {taskinstance.py:430} INFO - ::endgroup::
[2025-09-08T21:00:03.498+0000] {subprocess.py:63} INFO - Tmp dir root location: /tmp
[2025-09-08T21:00:03.499+0000] {subprocess.py:75} INFO - Running command: ['/usr/bin/bash', '-c', '\n        cd /usr/app &&         dbt run --profiles-dir /usr/app\n        ']
[2025-09-08T21:00:03.530+0000] {subprocess.py:86} INFO - Output:
[2025-09-08T21:00:07.788+0000] {subprocess.py:93} INFO - [0m21:00:07  Running with dbt=1.7.9
[2025-09-08T21:00:08.164+0000] {subprocess.py:93} INFO - [0m21:00:08  Registered adapter: postgres=1.7.9
[2025-09-08T21:00:08.214+0000] {subprocess.py:93} INFO - [0m21:00:08  [[33mWARNING[0m]: Configuration paths exist in your dbt_project.yml file which do not apply to any resources.
[2025-09-08T21:00:08.215+0000] {subprocess.py:93} INFO - There are 1 unused configuration paths:
[2025-09-08T21:00:08.216+0000] {subprocess.py:93} INFO - - models.my_project.sources
[2025-09-08T21:00:08.236+0000] {subprocess.py:93} INFO - [0m21:00:08  Found 8 models, 7 sources, 0 exposures, 0 metrics, 401 macros, 0 groups, 0 semantic models
[2025-09-08T21:00:08.240+0000] {subprocess.py:93} INFO - [0m21:00:08
[2025-09-08T21:00:08.545+0000] {subprocess.py:93} INFO - [0m21:00:08  Concurrency: 4 threads (target='dev')
[2025-09-08T21:00:08.546+0000] {subprocess.py:93} INFO - [0m21:00:08
[2025-09-08T21:00:08.562+0000] {subprocess.py:93} INFO - [0m21:00:08  1 of 8 START sql view model analytics.stg_AOV .................................. [RUN]
[2025-09-08T21:00:08.567+0000] {subprocess.py:93} INFO - [0m21:00:08  2 of 8 START sql view model analytics.stg_order_count_year ..................... [RUN]
[2025-09-08T21:00:08.572+0000] {subprocess.py:93} INFO - [0m21:00:08  3 of 8 START sql view model analytics.stg_order_details ........................ [RUN]
[2025-09-08T21:00:08.574+0000] {subprocess.py:93} INFO - [0m21:00:08  4 of 8 START sql view model analytics.stg_orders ............................... [RUN]
[2025-09-08T21:00:09.335+0000] {subprocess.py:93} INFO - [0m21:00:09  2 of 8 OK created sql view model analytics.stg_order_count_year ................ [[32mCREATE VIEW[0m in 0.72s]
[2025-09-08T21:00:09.356+0000] {subprocess.py:93} INFO - [0m21:00:09  5 of 8 START sql table model analytics.order_count_year ........................ [RUN]
[2025-09-08T21:00:09.358+0000] {subprocess.py:93} INFO - [0m21:00:09  1 of 8 OK created sql view model analytics.stg_AOV ............................. [[32mCREATE VIEW[0m in 0.78s]
[2025-09-08T21:00:09.373+0000] {subprocess.py:93} INFO - [0m21:00:09  4 of 8 OK created sql view model analytics.stg_orders .......................... [[32mCREATE VIEW[0m in 0.79s]
[2025-09-08T21:00:09.389+0000] {subprocess.py:93} INFO - [0m21:00:09  3 of 8 OK created sql view model analytics.stg_order_details ................... [[32mCREATE VIEW[0m in 0.81s]
[2025-09-08T21:00:09.391+0000] {subprocess.py:93} INFO - [0m21:00:09  6 of 8 START sql table model analytics.order_count_year+month_diff ............. [RUN]
[2025-09-08T21:00:09.423+0000] {subprocess.py:93} INFO - [0m21:00:09  7 of 8 START sql table model analytics.AOV_chek ................................ [RUN]
[2025-09-08T21:00:09.446+0000] {subprocess.py:93} INFO - [0m21:00:09  8 of 8 START sql table model analytics.orders_summary .......................... [RUN]
[2025-09-08T21:00:09.975+0000] {subprocess.py:93} INFO - [0m21:00:09  7 of 8 OK created sql table model analytics.AOV_chek ........................... [[32mSELECT 50[0m in 0.51s]
[2025-09-08T21:00:09.979+0000] {subprocess.py:93} INFO - [0m21:00:09  5 of 8 OK created sql table model analytics.order_count_year ................... [[32mSELECT 4[0m in 0.58s]
[2025-09-08T21:00:10.031+0000] {subprocess.py:93} INFO - [0m21:00:10  6 of 8 OK created sql table model analytics.order_count_year+month_diff ........ [[32mSELECT 28[0m in 0.62s]
[2025-09-08T21:00:10.066+0000] {subprocess.py:93} INFO - [0m21:00:10  8 of 8 OK created sql table model analytics.orders_summary ..................... [[32mSELECT 10000[0m in 0.58s]
[2025-09-08T21:00:10.114+0000] {subprocess.py:93} INFO - [0m21:00:10
[2025-09-08T21:00:10.116+0000] {subprocess.py:93} INFO - [0m21:00:10  Finished running 4 view models, 4 table models in 0 hours 0 minutes and 1.87 seconds (1.87s).
[2025-09-08T21:00:10.162+0000] {subprocess.py:93} INFO - [0m21:00:10
[2025-09-08T21:00:10.165+0000] {subprocess.py:93} INFO - [0m21:00:10  [32mCompleted successfully[0m
[2025-09-08T21:00:10.166+0000] {subprocess.py:93} INFO - [0m21:00:10
[2025-09-08T21:00:10.169+0000] {subprocess.py:93} INFO - [0m21:00:10  Done. PASS=8 WARN=0 ERROR=0 SKIP=0 TOTAL=8
[2025-09-08T21:00:20.698+0000] {subprocess.py:97} INFO - Command exited with return code 0
[2025-09-08T21:00:20.699+0000] {taskinstance.py:441} INFO - ::group::Post task execution logs
[2025-09-08T21:00:20.742+0000] {taskinstance.py:1206} INFO - Marking task as SUCCESS. dag_id=dbt_run_models, task_id=run_dbt_models, run_id=scheduled__2025-09-08T20:00:00+00:00, execution_date=20250908T200000, start_date=20250908T210002, end_date=20250908T210020
[2025-09-08T21:00:20.802+0000] {local_task_job_runner.py:243} INFO - Task exited with return code 0
[2025-09-08T21:00:20.847+0000] {taskinstance.py:3503} INFO - 1 downstream tasks scheduled from follow-on schedule check
[2025-09-08T21:00:20.849+0000] {local_task_job_runner.py:222} INFO - ::endgroup::
