[2025-09-04T16:00:01.805+0000] {local_task_job_runner.py:120} INFO - ::group::Pre task execution logs
[2025-09-04T16:00:01.856+0000] {taskinstance.py:2076} INFO - Dependencies all met for dep_context=non-requeueable deps ti=<TaskInstance: dbt_run_models.run_dbt_models scheduled__2025-09-04T15:00:00+00:00 [queued]>
[2025-09-04T16:00:01.867+0000] {taskinstance.py:2076} INFO - Dependencies all met for dep_context=requeueable deps ti=<TaskInstance: dbt_run_models.run_dbt_models scheduled__2025-09-04T15:00:00+00:00 [queued]>
[2025-09-04T16:00:01.868+0000] {taskinstance.py:2306} INFO - Starting attempt 1 of 2
[2025-09-04T16:00:01.892+0000] {taskinstance.py:2330} INFO - Executing <Task(BashOperator): run_dbt_models> on 2025-09-04 15:00:00+00:00
[2025-09-04T16:00:01.904+0000] {warnings.py:112} WARNING - /home/airflow/.local/lib/python3.12/site-packages/airflow/task/task_runner/standard_task_runner.py:62: DeprecationWarning: This process (pid=525) is multi-threaded, use of fork() may lead to deadlocks in the child.
  pid = os.fork()

[2025-09-04T16:00:01.907+0000] {standard_task_runner.py:64} INFO - Started process 528 to run task
[2025-09-04T16:00:01.912+0000] {standard_task_runner.py:90} INFO - Running: ['airflow', 'tasks', 'run', 'dbt_run_models', 'run_dbt_models', 'scheduled__2025-09-04T15:00:00+00:00', '--job-id', '1012', '--raw', '--subdir', 'DAGS_FOLDER/dbt_dag.py', '--cfg-path', '/tmp/tmp8tuxs5i5']
[2025-09-04T16:00:01.915+0000] {standard_task_runner.py:91} INFO - Job 1012: Subtask run_dbt_models
[2025-09-04T16:00:01.944+0000] {warnings.py:112} WARNING - /home/airflow/.local/lib/python3.12/site-packages/airflow/settings.py:195: DeprecationWarning: The sql_alchemy_conn option in [core] has been moved to the sql_alchemy_conn option in [database] - the old setting has been used, but please update your config.
  SQL_ALCHEMY_CONN = conf.get("database", "SQL_ALCHEMY_CONN")

[2025-09-04T16:00:02.025+0000] {task_command.py:426} INFO - Running <TaskInstance: dbt_run_models.run_dbt_models scheduled__2025-09-04T15:00:00+00:00 [running]> on host b5ea13053d47
[2025-09-04T16:00:02.282+0000] {taskinstance.py:2648} INFO - Exporting env vars: AIRFLOW_CTX_DAG_OWNER='airflow' AIRFLOW_CTX_DAG_ID='dbt_run_models' AIRFLOW_CTX_TASK_ID='run_dbt_models' AIRFLOW_CTX_EXECUTION_DATE='2025-09-04T15:00:00+00:00' AIRFLOW_CTX_TRY_NUMBER='1' AIRFLOW_CTX_DAG_RUN_ID='scheduled__2025-09-04T15:00:00+00:00'
[2025-09-04T16:00:02.284+0000] {taskinstance.py:430} INFO - ::endgroup::
[2025-09-04T16:00:02.323+0000] {subprocess.py:63} INFO - Tmp dir root location: /tmp
[2025-09-04T16:00:02.324+0000] {subprocess.py:75} INFO - Running command: ['/usr/bin/bash', '-c', '\n        cd /usr/app &&         dbt run --profiles-dir /usr/app\n        ']
[2025-09-04T16:00:02.344+0000] {subprocess.py:86} INFO - Output:
[2025-09-04T16:00:06.464+0000] {subprocess.py:93} INFO - [0m16:00:06  Running with dbt=1.7.9
[2025-09-04T16:00:07.194+0000] {subprocess.py:93} INFO - [0m16:00:07  Registered adapter: postgres=1.7.9
[2025-09-04T16:00:07.500+0000] {subprocess.py:93} INFO - [0m16:00:07  [[33mWARNING[0m]: Configuration paths exist in your dbt_project.yml file which do not apply to any resources.
[2025-09-04T16:00:07.500+0000] {subprocess.py:93} INFO - There are 1 unused configuration paths:
[2025-09-04T16:00:07.501+0000] {subprocess.py:93} INFO - - models.my_project.sources
[2025-09-04T16:00:07.532+0000] {subprocess.py:93} INFO - [0m16:00:07  Found 7 models, 7 sources, 0 exposures, 0 metrics, 401 macros, 0 groups, 0 semantic models
[2025-09-04T16:00:07.536+0000] {subprocess.py:93} INFO - [0m16:00:07
[2025-09-04T16:00:07.788+0000] {subprocess.py:93} INFO - [0m16:00:07  Concurrency: 4 threads (target='dev')
[2025-09-04T16:00:07.791+0000] {subprocess.py:93} INFO - [0m16:00:07
[2025-09-04T16:00:07.833+0000] {subprocess.py:93} INFO - [0m16:00:07  1 of 7 START sql view model analytics.stg_AOV .................................. [RUN]
[2025-09-04T16:00:07.837+0000] {subprocess.py:93} INFO - [0m16:00:07  2 of 7 START sql view model analytics.stg_order_count_year ..................... [RUN]
[2025-09-04T16:00:07.838+0000] {subprocess.py:93} INFO - [0m16:00:07  3 of 7 START sql view model analytics.stg_order_details ........................ [RUN]
[2025-09-04T16:00:07.840+0000] {subprocess.py:93} INFO - [0m16:00:07  4 of 7 START sql view model analytics.stg_orders ............................... [RUN]
[2025-09-04T16:00:08.499+0000] {subprocess.py:93} INFO - [0m16:00:08  1 of 7 OK created sql view model analytics.stg_AOV ............................. [[32mCREATE VIEW[0m in 0.64s]
[2025-09-04T16:00:08.511+0000] {subprocess.py:93} INFO - [0m16:00:08  5 of 7 START sql table model analytics.AOV_chek ................................ [RUN]
[2025-09-04T16:00:08.551+0000] {subprocess.py:93} INFO - [0m16:00:08  3 of 7 OK created sql view model analytics.stg_order_details ................... [[32mCREATE VIEW[0m in 0.70s]
[2025-09-04T16:00:08.554+0000] {subprocess.py:93} INFO - [0m16:00:08  2 of 7 OK created sql view model analytics.stg_order_count_year ................ [[32mCREATE VIEW[0m in 0.71s]
[2025-09-04T16:00:08.558+0000] {subprocess.py:93} INFO - [0m16:00:08  4 of 7 OK created sql view model analytics.stg_orders .......................... [[32mCREATE VIEW[0m in 0.71s]
[2025-09-04T16:00:08.575+0000] {subprocess.py:93} INFO - [0m16:00:08  6 of 7 START sql table model analytics.order_count_year ........................ [RUN]
[2025-09-04T16:00:08.587+0000] {subprocess.py:93} INFO - [0m16:00:08  7 of 7 START sql table model analytics.orders_summary .......................... [RUN]
[2025-09-04T16:00:08.757+0000] {subprocess.py:93} INFO - [0m16:00:08  5 of 7 ERROR creating sql table model analytics.AOV_chek ....................... [[31mERROR[0m in 0.22s]
[2025-09-04T16:00:08.834+0000] {subprocess.py:93} INFO - [0m16:00:08  6 of 7 OK created sql table model analytics.order_count_year ................... [[32mSELECT 3[0m in 0.24s]
[2025-09-04T16:00:08.898+0000] {subprocess.py:93} INFO - [0m16:00:08  7 of 7 OK created sql table model analytics.orders_summary ..................... [[32mSELECT 10000[0m in 0.27s]
[2025-09-04T16:00:08.946+0000] {subprocess.py:93} INFO - [0m16:00:08
[2025-09-04T16:00:08.949+0000] {subprocess.py:93} INFO - [0m16:00:08  Finished running 4 view models, 3 table models in 0 hours 0 minutes and 1.41 seconds (1.41s).
[2025-09-04T16:00:08.986+0000] {subprocess.py:93} INFO - [0m16:00:08
[2025-09-04T16:00:08.989+0000] {subprocess.py:93} INFO - [0m16:00:08  [31mCompleted with 1 error and 0 warnings:[0m
[2025-09-04T16:00:08.991+0000] {subprocess.py:93} INFO - [0m16:00:08
[2025-09-04T16:00:08.994+0000] {subprocess.py:93} INFO - [0m16:00:08    Database Error in model AOV_chek (models/marts/AOV_chek.sql)
[2025-09-04T16:00:08.994+0000] {subprocess.py:93} INFO -   syntax error at or near ";"
[2025-09-04T16:00:08.995+0000] {subprocess.py:93} INFO -   LINE 19: group by aov.product_name, aov.category;
[2025-09-04T16:00:08.995+0000] {subprocess.py:93} INFO -                                                   ^
[2025-09-04T16:00:08.995+0000] {subprocess.py:93} INFO -   compiled Code at target/run/my_project/models/marts/AOV_chek.sql
[2025-09-04T16:00:08.996+0000] {subprocess.py:93} INFO - [0m16:00:08
[2025-09-04T16:00:08.997+0000] {subprocess.py:93} INFO - [0m16:00:08  Done. PASS=6 WARN=0 ERROR=1 SKIP=0 TOTAL=7
[2025-09-04T16:00:19.577+0000] {subprocess.py:97} INFO - Command exited with return code 1
[2025-09-04T16:00:19.578+0000] {taskinstance.py:441} INFO - ::group::Post task execution logs
[2025-09-04T16:00:19.615+0000] {taskinstance.py:2905} ERROR - Task failed with exception
Traceback (most recent call last):
  File "/home/airflow/.local/lib/python3.12/site-packages/airflow/models/taskinstance.py", line 465, in _execute_task
    result = _execute_callable(context=context, **execute_callable_kwargs)
             ^^^^^^^^^^^^^^^^^^^^^^^^^^^^^^^^^^^^^^^^^^^^^^^^^^^^^^^^^^^^^
  File "/home/airflow/.local/lib/python3.12/site-packages/airflow/models/taskinstance.py", line 432, in _execute_callable
    return execute_callable(context=context, **execute_callable_kwargs)
           ^^^^^^^^^^^^^^^^^^^^^^^^^^^^^^^^^^^^^^^^^^^^^^^^^^^^^^^^^^^^
  File "/home/airflow/.local/lib/python3.12/site-packages/airflow/models/baseoperator.py", line 401, in wrapper
    return func(self, *args, **kwargs)
           ^^^^^^^^^^^^^^^^^^^^^^^^^^^
  File "/home/airflow/.local/lib/python3.12/site-packages/airflow/operators/bash.py", line 243, in execute
    raise AirflowException(
airflow.exceptions.AirflowException: Bash command failed. The command returned a non-zero exit code 1.
[2025-09-04T16:00:19.630+0000] {taskinstance.py:1206} INFO - Marking task as UP_FOR_RETRY. dag_id=dbt_run_models, task_id=run_dbt_models, run_id=scheduled__2025-09-04T15:00:00+00:00, execution_date=20250904T150000, start_date=20250904T160001, end_date=20250904T160019
[2025-09-04T16:00:19.675+0000] {standard_task_runner.py:110} ERROR - Failed to execute job 1012 for task run_dbt_models (Bash command failed. The command returned a non-zero exit code 1.; 528)
[2025-09-04T16:00:19.716+0000] {local_task_job_runner.py:243} INFO - Task exited with return code 1
[2025-09-04T16:00:19.762+0000] {taskinstance.py:3503} INFO - 0 downstream tasks scheduled from follow-on schedule check
[2025-09-04T16:00:19.765+0000] {local_task_job_runner.py:222} INFO - ::endgroup::
[2025-09-04T16:06:38.613+0000] {local_task_job_runner.py:120} INFO - ::group::Pre task execution logs
[2025-09-04T16:06:38.736+0000] {taskinstance.py:2076} INFO - Dependencies all met for dep_context=non-requeueable deps ti=<TaskInstance: dbt_run_models.run_dbt_models scheduled__2025-09-04T15:00:00+00:00 [queued]>
[2025-09-04T16:06:38.776+0000] {taskinstance.py:2076} INFO - Dependencies all met for dep_context=requeueable deps ti=<TaskInstance: dbt_run_models.run_dbt_models scheduled__2025-09-04T15:00:00+00:00 [queued]>
[2025-09-04T16:06:38.777+0000] {taskinstance.py:2306} INFO - Starting attempt 1 of 2
[2025-09-04T16:06:38.841+0000] {taskinstance.py:2330} INFO - Executing <Task(BashOperator): run_dbt_models> on 2025-09-04 15:00:00+00:00
[2025-09-04T16:06:38.861+0000] {warnings.py:112} WARNING - /home/airflow/.local/lib/python3.12/site-packages/airflow/task/task_runner/standard_task_runner.py:62: DeprecationWarning: This process (pid=560) is multi-threaded, use of fork() may lead to deadlocks in the child.
  pid = os.fork()

[2025-09-04T16:06:38.863+0000] {standard_task_runner.py:64} INFO - Started process 561 to run task
[2025-09-04T16:06:38.869+0000] {standard_task_runner.py:90} INFO - Running: ['airflow', 'tasks', 'run', 'dbt_run_models', 'run_dbt_models', 'scheduled__2025-09-04T15:00:00+00:00', '--job-id', '1015', '--raw', '--subdir', 'DAGS_FOLDER/dbt_dag.py', '--cfg-path', '/tmp/tmp1uoteccj']
[2025-09-04T16:06:38.872+0000] {standard_task_runner.py:91} INFO - Job 1015: Subtask run_dbt_models
[2025-09-04T16:06:38.919+0000] {warnings.py:112} WARNING - /home/airflow/.local/lib/python3.12/site-packages/airflow/settings.py:195: DeprecationWarning: The sql_alchemy_conn option in [core] has been moved to the sql_alchemy_conn option in [database] - the old setting has been used, but please update your config.
  SQL_ALCHEMY_CONN = conf.get("database", "SQL_ALCHEMY_CONN")

[2025-09-04T16:06:39.046+0000] {task_command.py:426} INFO - Running <TaskInstance: dbt_run_models.run_dbt_models scheduled__2025-09-04T15:00:00+00:00 [running]> on host b5ea13053d47
[2025-09-04T16:06:39.440+0000] {taskinstance.py:2648} INFO - Exporting env vars: AIRFLOW_CTX_DAG_OWNER='airflow' AIRFLOW_CTX_DAG_ID='dbt_run_models' AIRFLOW_CTX_TASK_ID='run_dbt_models' AIRFLOW_CTX_EXECUTION_DATE='2025-09-04T15:00:00+00:00' AIRFLOW_CTX_TRY_NUMBER='1' AIRFLOW_CTX_DAG_RUN_ID='scheduled__2025-09-04T15:00:00+00:00'
[2025-09-04T16:06:39.442+0000] {taskinstance.py:430} INFO - ::endgroup::
[2025-09-04T16:06:39.497+0000] {subprocess.py:63} INFO - Tmp dir root location: /tmp
[2025-09-04T16:06:39.498+0000] {subprocess.py:75} INFO - Running command: ['/usr/bin/bash', '-c', '\n        cd /usr/app &&         dbt run --profiles-dir /usr/app\n        ']
[2025-09-04T16:06:39.522+0000] {subprocess.py:86} INFO - Output:
[2025-09-04T16:06:45.472+0000] {subprocess.py:93} INFO - [0m16:06:45  Running with dbt=1.7.9
[2025-09-04T16:06:45.846+0000] {subprocess.py:93} INFO - [0m16:06:45  Registered adapter: postgres=1.7.9
[2025-09-04T16:06:46.083+0000] {subprocess.py:93} INFO - [0m16:06:46  [[33mWARNING[0m]: Configuration paths exist in your dbt_project.yml file which do not apply to any resources.
[2025-09-04T16:06:46.084+0000] {subprocess.py:93} INFO - There are 1 unused configuration paths:
[2025-09-04T16:06:46.084+0000] {subprocess.py:93} INFO - - models.my_project.sources
[2025-09-04T16:06:46.108+0000] {subprocess.py:93} INFO - [0m16:06:46  Found 7 models, 7 sources, 0 exposures, 0 metrics, 401 macros, 0 groups, 0 semantic models
[2025-09-04T16:06:46.112+0000] {subprocess.py:93} INFO - [0m16:06:46
[2025-09-04T16:06:46.350+0000] {subprocess.py:93} INFO - [0m16:06:46  Concurrency: 4 threads (target='dev')
[2025-09-04T16:06:46.352+0000] {subprocess.py:93} INFO - [0m16:06:46
[2025-09-04T16:06:46.398+0000] {subprocess.py:93} INFO - [0m16:06:46  1 of 7 START sql view model analytics.stg_AOV .................................. [RUN]
[2025-09-04T16:06:46.403+0000] {subprocess.py:93} INFO - [0m16:06:46  2 of 7 START sql view model analytics.stg_order_count_year ..................... [RUN]
[2025-09-04T16:06:46.405+0000] {subprocess.py:93} INFO - [0m16:06:46  3 of 7 START sql view model analytics.stg_order_details ........................ [RUN]
[2025-09-04T16:06:46.412+0000] {subprocess.py:93} INFO - [0m16:06:46  4 of 7 START sql view model analytics.stg_orders ............................... [RUN]
[2025-09-04T16:06:47.229+0000] {subprocess.py:93} INFO - [0m16:06:47  2 of 7 OK created sql view model analytics.stg_order_count_year ................ [[32mCREATE VIEW[0m in 0.81s]
[2025-09-04T16:06:47.231+0000] {subprocess.py:93} INFO - [0m16:06:47  4 of 7 OK created sql view model analytics.stg_orders .......................... [[32mCREATE VIEW[0m in 0.81s]
[2025-09-04T16:06:47.248+0000] {subprocess.py:93} INFO - [0m16:06:47  1 of 7 OK created sql view model analytics.stg_AOV ............................. [[32mCREATE VIEW[0m in 0.83s]
[2025-09-04T16:06:47.258+0000] {subprocess.py:93} INFO - [0m16:06:47  5 of 7 START sql table model analytics.order_count_year ........................ [RUN]
[2025-09-04T16:06:47.271+0000] {subprocess.py:93} INFO - [0m16:06:47  3 of 7 OK created sql view model analytics.stg_order_details ................... [[32mCREATE VIEW[0m in 0.85s]
[2025-09-04T16:06:47.273+0000] {subprocess.py:93} INFO - [0m16:06:47  6 of 7 START sql table model analytics.AOV_chek ................................ [RUN]
[2025-09-04T16:06:47.299+0000] {subprocess.py:93} INFO - [0m16:06:47  7 of 7 START sql table model analytics.orders_summary .......................... [RUN]
[2025-09-04T16:06:47.697+0000] {subprocess.py:93} INFO - [0m16:06:47  6 of 7 OK created sql table model analytics.AOV_chek ........................... [[32mSELECT 50[0m in 0.41s]
[2025-09-04T16:06:47.701+0000] {subprocess.py:93} INFO - [0m16:06:47  5 of 7 OK created sql table model analytics.order_count_year ................... [[32mSELECT 3[0m in 0.42s]
[2025-09-04T16:06:47.754+0000] {subprocess.py:93} INFO - [0m16:06:47  7 of 7 OK created sql table model analytics.orders_summary ..................... [[32mSELECT 10000[0m in 0.44s]
[2025-09-04T16:06:47.806+0000] {subprocess.py:93} INFO - [0m16:06:47
[2025-09-04T16:06:47.808+0000] {subprocess.py:93} INFO - [0m16:06:47  Finished running 4 view models, 3 table models in 0 hours 0 minutes and 1.69 seconds (1.69s).
[2025-09-04T16:06:47.847+0000] {subprocess.py:93} INFO - [0m16:06:47
[2025-09-04T16:06:47.848+0000] {subprocess.py:93} INFO - [0m16:06:47  [32mCompleted successfully[0m
[2025-09-04T16:06:47.850+0000] {subprocess.py:93} INFO - [0m16:06:47
[2025-09-04T16:06:47.852+0000] {subprocess.py:93} INFO - [0m16:06:47  Done. PASS=7 WARN=0 ERROR=0 SKIP=0 TOTAL=7
[2025-09-04T16:06:58.264+0000] {subprocess.py:97} INFO - Command exited with return code 0
[2025-09-04T16:06:58.265+0000] {taskinstance.py:441} INFO - ::group::Post task execution logs
[2025-09-04T16:06:58.308+0000] {taskinstance.py:1206} INFO - Marking task as SUCCESS. dag_id=dbt_run_models, task_id=run_dbt_models, run_id=scheduled__2025-09-04T15:00:00+00:00, execution_date=20250904T150000, start_date=20250904T160638, end_date=20250904T160658
[2025-09-04T16:06:58.349+0000] {local_task_job_runner.py:243} INFO - Task exited with return code 0
[2025-09-04T16:06:58.373+0000] {taskinstance.py:3503} INFO - 1 downstream tasks scheduled from follow-on schedule check
[2025-09-04T16:06:58.378+0000] {local_task_job_runner.py:222} INFO - ::endgroup::
