[2025-08-25T15:00:01.199+0000] {local_task_job_runner.py:120} INFO - ::group::Pre task execution logs
[2025-08-25T15:00:01.281+0000] {taskinstance.py:2076} INFO - Dependencies all met for dep_context=non-requeueable deps ti=<TaskInstance: dbt_run_models.run_dbt_models scheduled__2025-08-25T12:00:00+00:00 [queued]>
[2025-08-25T15:00:01.300+0000] {taskinstance.py:2076} INFO - Dependencies all met for dep_context=requeueable deps ti=<TaskInstance: dbt_run_models.run_dbt_models scheduled__2025-08-25T12:00:00+00:00 [queued]>
[2025-08-25T15:00:01.304+0000] {taskinstance.py:2306} INFO - Starting attempt 1 of 2
[2025-08-25T15:00:01.340+0000] {taskinstance.py:2330} INFO - Executing <Task(BashOperator): run_dbt_models> on 2025-08-25 12:00:00+00:00
[2025-08-25T15:00:01.411+0000] {warnings.py:112} WARNING - /home/airflow/.local/lib/python3.12/site-packages/airflow/task/task_runner/standard_task_runner.py:62: DeprecationWarning: This process (pid=781) is multi-threaded, use of fork() may lead to deadlocks in the child.
  pid = os.fork()

[2025-08-25T15:00:01.426+0000] {standard_task_runner.py:64} INFO - Started process 785 to run task
[2025-08-25T15:00:01.441+0000] {standard_task_runner.py:90} INFO - Running: ['airflow', 'tasks', 'run', 'dbt_run_models', 'run_dbt_models', 'scheduled__2025-08-25T12:00:00+00:00', '--job-id', '520', '--raw', '--subdir', 'DAGS_FOLDER/dbt_dag.py', '--cfg-path', '/tmp/tmp37a2a4a6']
[2025-08-25T15:00:01.443+0000] {standard_task_runner.py:91} INFO - Job 520: Subtask run_dbt_models
[2025-08-25T15:00:01.540+0000] {warnings.py:112} WARNING - /home/airflow/.local/lib/python3.12/site-packages/airflow/settings.py:195: DeprecationWarning: The sql_alchemy_conn option in [core] has been moved to the sql_alchemy_conn option in [database] - the old setting has been used, but please update your config.
  SQL_ALCHEMY_CONN = conf.get("database", "SQL_ALCHEMY_CONN")

[2025-08-25T15:00:01.771+0000] {task_command.py:426} INFO - Running <TaskInstance: dbt_run_models.run_dbt_models scheduled__2025-08-25T12:00:00+00:00 [running]> on host b5ea13053d47
[2025-08-25T15:00:02.343+0000] {taskinstance.py:2648} INFO - Exporting env vars: AIRFLOW_CTX_DAG_OWNER='airflow' AIRFLOW_CTX_DAG_ID='dbt_run_models' AIRFLOW_CTX_TASK_ID='run_dbt_models' AIRFLOW_CTX_EXECUTION_DATE='2025-08-25T12:00:00+00:00' AIRFLOW_CTX_TRY_NUMBER='1' AIRFLOW_CTX_DAG_RUN_ID='scheduled__2025-08-25T12:00:00+00:00'
[2025-08-25T15:00:02.344+0000] {taskinstance.py:430} INFO - ::endgroup::
[2025-08-25T15:00:02.448+0000] {subprocess.py:63} INFO - Tmp dir root location: /tmp
[2025-08-25T15:00:02.449+0000] {subprocess.py:75} INFO - Running command: ['/usr/bin/bash', '-c', '\n        cd /usr/app &&         dbt run --profiles-dir /usr/app\n        ']
[2025-08-25T15:00:02.500+0000] {subprocess.py:86} INFO - Output:
[2025-08-25T15:00:12.435+0000] {subprocess.py:93} INFO - [0m15:00:12  Running with dbt=1.7.9
[2025-08-25T15:00:13.426+0000] {subprocess.py:93} INFO - [0m15:00:13  Registered adapter: postgres=1.7.9
[2025-08-25T15:00:13.718+0000] {subprocess.py:93} INFO - [0m15:00:13  [[33mWARNING[0m]: Configuration paths exist in your dbt_project.yml file which do not apply to any resources.
[2025-08-25T15:00:13.719+0000] {subprocess.py:93} INFO - There are 1 unused configuration paths:
[2025-08-25T15:00:13.719+0000] {subprocess.py:93} INFO - - models.my_project.sources
[2025-08-25T15:00:13.794+0000] {subprocess.py:93} INFO - [0m15:00:13  Found 3 models, 3 sources, 0 exposures, 0 metrics, 401 macros, 0 groups, 0 semantic models
[2025-08-25T15:00:13.803+0000] {subprocess.py:93} INFO - [0m15:00:13
[2025-08-25T15:00:14.091+0000] {subprocess.py:93} INFO - [0m15:00:14  Concurrency: 4 threads (target='dev')
[2025-08-25T15:00:14.093+0000] {subprocess.py:93} INFO - [0m15:00:14
[2025-08-25T15:00:14.127+0000] {subprocess.py:93} INFO - [0m15:00:14  1 of 3 START sql view model analytics.stg_order_details ........................ [RUN]
[2025-08-25T15:00:14.133+0000] {subprocess.py:93} INFO - [0m15:00:14  2 of 3 START sql view model analytics.stg_orders ............................... [RUN]
[2025-08-25T15:00:14.469+0000] {subprocess.py:93} INFO - [0m15:00:14  2 of 3 OK created sql view model analytics.stg_orders .......................... [[32mCREATE VIEW[0m in 0.33s]
[2025-08-25T15:00:14.477+0000] {subprocess.py:93} INFO - [0m15:00:14  1 of 3 OK created sql view model analytics.stg_order_details ................... [[32mCREATE VIEW[0m in 0.34s]
[2025-08-25T15:00:14.481+0000] {subprocess.py:93} INFO - [0m15:00:14  3 of 3 START sql table model analytics.orders_summary .......................... [RUN]
[2025-08-25T15:02:09.774+0000] {subprocess.py:93} INFO - [0m15:02:09  3 of 3 OK created sql table model analytics.orders_summary ..................... [[32mSELECT 10000[0m in 115.29s]
[2025-08-25T15:02:09.794+0000] {subprocess.py:93} INFO - [0m15:02:09
[2025-08-25T15:02:09.795+0000] {subprocess.py:93} INFO - [0m15:02:09  Finished running 2 view models, 1 table model in 0 hours 1 minutes and 55.99 seconds (115.99s).
[2025-08-25T15:02:09.809+0000] {subprocess.py:93} INFO - [0m15:02:09
[2025-08-25T15:02:09.810+0000] {subprocess.py:93} INFO - [0m15:02:09  [32mCompleted successfully[0m
[2025-08-25T15:02:09.811+0000] {subprocess.py:93} INFO - [0m15:02:09
[2025-08-25T15:02:09.812+0000] {subprocess.py:93} INFO - [0m15:02:09  Done. PASS=3 WARN=0 ERROR=0 SKIP=0 TOTAL=3
[2025-08-25T15:02:11.013+0000] {subprocess.py:97} INFO - Command exited with return code 0
[2025-08-25T15:02:11.023+0000] {taskinstance.py:441} INFO - ::group::Post task execution logs
[2025-08-25T15:02:11.056+0000] {taskinstance.py:1206} INFO - Marking task as SUCCESS. dag_id=dbt_run_models, task_id=run_dbt_models, run_id=scheduled__2025-08-25T12:00:00+00:00, execution_date=20250825T120000, start_date=20250825T150001, end_date=20250825T150211
[2025-08-25T15:02:11.130+0000] {local_task_job_runner.py:243} INFO - Task exited with return code 0
[2025-08-25T15:02:11.185+0000] {taskinstance.py:3503} INFO - 1 downstream tasks scheduled from follow-on schedule check
[2025-08-25T15:02:11.196+0000] {local_task_job_runner.py:222} INFO - ::endgroup::
