[2025-08-25T09:06:14.902+0000] {local_task_job_runner.py:120} INFO - ::group::Pre task execution logs
[2025-08-25T09:06:14.940+0000] {taskinstance.py:2076} INFO - Dependencies all met for dep_context=non-requeueable deps ti=<TaskInstance: dbt_run_models.run_dbt_models manual__2025-08-25T09:06:06.350354+00:00 [queued]>
[2025-08-25T09:06:14.950+0000] {taskinstance.py:2076} INFO - Dependencies all met for dep_context=requeueable deps ti=<TaskInstance: dbt_run_models.run_dbt_models manual__2025-08-25T09:06:06.350354+00:00 [queued]>
[2025-08-25T09:06:14.950+0000] {taskinstance.py:2306} INFO - Starting attempt 1 of 2
[2025-08-25T09:06:14.968+0000] {taskinstance.py:2330} INFO - Executing <Task(BashOperator): run_dbt_models> on 2025-08-25 09:06:06.350354+00:00
[2025-08-25T09:06:14.977+0000] {warnings.py:112} WARNING - /home/airflow/.local/lib/python3.12/site-packages/airflow/task/task_runner/standard_task_runner.py:62: DeprecationWarning: This process (pid=45) is multi-threaded, use of fork() may lead to deadlocks in the child.
  pid = os.fork()

[2025-08-25T09:06:14.978+0000] {standard_task_runner.py:64} INFO - Started process 46 to run task
[2025-08-25T09:06:14.984+0000] {standard_task_runner.py:90} INFO - Running: ['airflow', 'tasks', 'run', 'dbt_run_models', 'run_dbt_models', 'manual__2025-08-25T09:06:06.350354+00:00', '--job-id', '488', '--raw', '--subdir', 'DAGS_FOLDER/dbt_dag.py', '--cfg-path', '/tmp/tmpr5lmmzbf']
[2025-08-25T09:06:14.986+0000] {standard_task_runner.py:91} INFO - Job 488: Subtask run_dbt_models
[2025-08-25T09:06:15.023+0000] {warnings.py:112} WARNING - /home/airflow/.local/lib/python3.12/site-packages/airflow/settings.py:195: DeprecationWarning: The sql_alchemy_conn option in [core] has been moved to the sql_alchemy_conn option in [database] - the old setting has been used, but please update your config.
  SQL_ALCHEMY_CONN = conf.get("database", "SQL_ALCHEMY_CONN")

[2025-08-25T09:06:15.108+0000] {task_command.py:426} INFO - Running <TaskInstance: dbt_run_models.run_dbt_models manual__2025-08-25T09:06:06.350354+00:00 [running]> on host b71dcd990cf2
[2025-08-25T09:06:15.286+0000] {taskinstance.py:2648} INFO - Exporting env vars: AIRFLOW_CTX_DAG_OWNER='airflow' AIRFLOW_CTX_DAG_ID='dbt_run_models' AIRFLOW_CTX_TASK_ID='run_dbt_models' AIRFLOW_CTX_EXECUTION_DATE='2025-08-25T09:06:06.350354+00:00' AIRFLOW_CTX_TRY_NUMBER='1' AIRFLOW_CTX_DAG_RUN_ID='manual__2025-08-25T09:06:06.350354+00:00'
[2025-08-25T09:06:15.288+0000] {taskinstance.py:430} INFO - ::endgroup::
[2025-08-25T09:06:15.313+0000] {subprocess.py:63} INFO - Tmp dir root location: /tmp
[2025-08-25T09:06:15.314+0000] {subprocess.py:75} INFO - Running command: ['/usr/bin/bash', '-c', '\n        cd /usr/app &&         dbt run --profiles-dir /usr/app\n        ']
[2025-08-25T09:06:15.331+0000] {subprocess.py:86} INFO - Output:
[2025-08-25T09:06:19.377+0000] {subprocess.py:93} INFO - [0m09:06:19  Running with dbt=1.7.9
[2025-08-25T09:06:19.382+0000] {subprocess.py:93} INFO - [0m09:06:19  Encountered an error:
[2025-08-25T09:06:19.382+0000] {subprocess.py:93} INFO - Runtime Error
[2025-08-25T09:06:19.382+0000] {subprocess.py:93} INFO -   Could not find profile named 'default'
[2025-08-25T09:06:20.602+0000] {subprocess.py:97} INFO - Command exited with return code 2
[2025-08-25T09:06:20.603+0000] {taskinstance.py:441} INFO - ::group::Post task execution logs
[2025-08-25T09:06:20.618+0000] {taskinstance.py:2905} ERROR - Task failed with exception
Traceback (most recent call last):
  File "/home/airflow/.local/lib/python3.12/site-packages/airflow/models/taskinstance.py", line 465, in _execute_task
    result = _execute_callable(context=context, **execute_callable_kwargs)
             ^^^^^^^^^^^^^^^^^^^^^^^^^^^^^^^^^^^^^^^^^^^^^^^^^^^^^^^^^^^^^
  File "/home/airflow/.local/lib/python3.12/site-packages/airflow/models/taskinstance.py", line 432, in _execute_callable
    return execute_callable(context=context, **execute_callable_kwargs)
           ^^^^^^^^^^^^^^^^^^^^^^^^^^^^^^^^^^^^^^^^^^^^^^^^^^^^^^^^^^^^
  File "/home/airflow/.local/lib/python3.12/site-packages/airflow/models/baseoperator.py", line 401, in wrapper
    return func(self, *args, **kwargs)
           ^^^^^^^^^^^^^^^^^^^^^^^^^^^
  File "/home/airflow/.local/lib/python3.12/site-packages/airflow/operators/bash.py", line 243, in execute
    raise AirflowException(
airflow.exceptions.AirflowException: Bash command failed. The command returned a non-zero exit code 2.
[2025-08-25T09:06:20.625+0000] {taskinstance.py:1206} INFO - Marking task as UP_FOR_RETRY. dag_id=dbt_run_models, task_id=run_dbt_models, run_id=manual__2025-08-25T09:06:06.350354+00:00, execution_date=20250825T090606, start_date=20250825T090614, end_date=20250825T090620
[2025-08-25T09:06:20.651+0000] {standard_task_runner.py:110} ERROR - Failed to execute job 488 for task run_dbt_models (Bash command failed. The command returned a non-zero exit code 2.; 46)
[2025-08-25T09:06:20.683+0000] {local_task_job_runner.py:243} INFO - Task exited with return code 1
[2025-08-25T09:06:20.713+0000] {taskinstance.py:3503} INFO - 0 downstream tasks scheduled from follow-on schedule check
[2025-08-25T09:06:20.717+0000] {local_task_job_runner.py:222} INFO - ::endgroup::
