[2025-09-05T08:00:02.869+0000] {local_task_job_runner.py:120} INFO - ::group::Pre task execution logs
[2025-09-05T08:00:02.930+0000] {taskinstance.py:2076} INFO - Dependencies all met for dep_context=non-requeueable deps ti=<TaskInstance: import_csv_to_postgres.load_csv_to_postgres scheduled__2025-09-05T00:00:00+00:00 [queued]>
[2025-09-05T08:00:02.961+0000] {taskinstance.py:2076} INFO - Dependencies all met for dep_context=requeueable deps ti=<TaskInstance: import_csv_to_postgres.load_csv_to_postgres scheduled__2025-09-05T00:00:00+00:00 [queued]>
[2025-09-05T08:00:02.962+0000] {taskinstance.py:2306} INFO - Starting attempt 1 of 1
[2025-09-05T08:00:03.009+0000] {taskinstance.py:2330} INFO - Executing <Task(PythonOperator): load_csv_to_postgres> on 2025-09-05 00:00:00+00:00
[2025-09-05T08:00:03.022+0000] {warnings.py:112} WARNING - /home/airflow/.local/lib/python3.12/site-packages/airflow/task/task_runner/standard_task_runner.py:62: DeprecationWarning: This process (pid=881) is multi-threaded, use of fork() may lead to deadlocks in the child.
  pid = os.fork()

[2025-09-05T08:00:03.023+0000] {standard_task_runner.py:64} INFO - Started process 886 to run task
[2025-09-05T08:00:03.028+0000] {standard_task_runner.py:90} INFO - Running: ['airflow', 'tasks', 'run', 'import_csv_to_postgres', 'load_csv_to_postgres', 'scheduled__2025-09-05T00:00:00+00:00', '--job-id', '1052', '--raw', '--subdir', 'DAGS_FOLDER/csv_to_postgres_dag.py', '--cfg-path', '/tmp/tmpbaq1m6up']
[2025-09-05T08:00:03.033+0000] {standard_task_runner.py:91} INFO - Job 1052: Subtask load_csv_to_postgres
[2025-09-05T08:00:03.074+0000] {warnings.py:112} WARNING - /home/airflow/.local/lib/python3.12/site-packages/airflow/settings.py:195: DeprecationWarning: The sql_alchemy_conn option in [core] has been moved to the sql_alchemy_conn option in [database] - the old setting has been used, but please update your config.
  SQL_ALCHEMY_CONN = conf.get("database", "SQL_ALCHEMY_CONN")

[2025-09-05T08:00:03.182+0000] {task_command.py:426} INFO - Running <TaskInstance: import_csv_to_postgres.load_csv_to_postgres scheduled__2025-09-05T00:00:00+00:00 [running]> on host b5ea13053d47
[2025-09-05T08:00:03.370+0000] {taskinstance.py:2648} INFO - Exporting env vars: AIRFLOW_CTX_DAG_OWNER='airflow' AIRFLOW_CTX_DAG_ID='import_csv_to_postgres' AIRFLOW_CTX_TASK_ID='load_csv_to_postgres' AIRFLOW_CTX_EXECUTION_DATE='2025-09-05T00:00:00+00:00' AIRFLOW_CTX_TRY_NUMBER='1' AIRFLOW_CTX_DAG_RUN_ID='scheduled__2025-09-05T00:00:00+00:00'
[2025-09-05T08:00:03.371+0000] {taskinstance.py:430} INFO - ::endgroup::
[2025-09-05T08:00:03.418+0000] {base.py:84} INFO - Using connection ID 'postgres_conn' for task execution.
[2025-09-05T08:00:03.592+0000] {logging_mixin.py:188} INFO - ✅ Добавлено 20 новых строк в таблицу shipments
[2025-09-05T08:00:03.673+0000] {logging_mixin.py:188} INFO - ℹ Нет новых строк для customers
[2025-09-05T08:00:03.765+0000] {logging_mixin.py:188} INFO - ✅ Добавлено 10 новых строк в таблицу orders
[2025-09-05T08:00:03.788+0000] {logging_mixin.py:188} INFO - ℹ Нет новых строк для products
[2025-09-05T08:00:03.854+0000] {logging_mixin.py:188} INFO - ✅ Добавлено 21 новых строк в таблицу order_items
[2025-09-05T08:00:03.873+0000] {logging_mixin.py:188} INFO - ℹ Нет новых строк для suppliers
[2025-09-05T08:00:04.178+0000] {logging_mixin.py:188} INFO - ✅ Добавлено 10 новых строк в таблицу payment
[2025-09-05T08:00:05.392+0000] {logging_mixin.py:188} INFO - ℹ Нет новых строк для reviews
[2025-09-05T08:00:05.393+0000] {python.py:237} INFO - Done. Returned value was: None
[2025-09-05T08:00:05.393+0000] {taskinstance.py:441} INFO - ::group::Post task execution logs
[2025-09-05T08:00:05.419+0000] {taskinstance.py:1206} INFO - Marking task as SUCCESS. dag_id=import_csv_to_postgres, task_id=load_csv_to_postgres, run_id=scheduled__2025-09-05T00:00:00+00:00, execution_date=20250905T000000, start_date=20250905T080002, end_date=20250905T080005
[2025-09-05T08:00:05.453+0000] {local_task_job_runner.py:243} INFO - Task exited with return code 0
[2025-09-05T08:00:05.471+0000] {taskinstance.py:3503} INFO - 0 downstream tasks scheduled from follow-on schedule check
[2025-09-05T08:00:05.475+0000] {local_task_job_runner.py:222} INFO - ::endgroup::
