[2025-09-10T04:00:00.996+0000] {local_task_job_runner.py:120} INFO - ::group::Pre task execution logs
[2025-09-10T04:00:01.069+0000] {taskinstance.py:2076} INFO - Dependencies all met for dep_context=non-requeueable deps ti=<TaskInstance: dbt_run_models.run_dbt_models scheduled__2025-09-10T03:00:00+00:00 [queued]>
[2025-09-10T04:00:01.084+0000] {taskinstance.py:2076} INFO - Dependencies all met for dep_context=requeueable deps ti=<TaskInstance: dbt_run_models.run_dbt_models scheduled__2025-09-10T03:00:00+00:00 [queued]>
[2025-09-10T04:00:01.084+0000] {taskinstance.py:2306} INFO - Starting attempt 1 of 2
[2025-09-10T04:00:01.109+0000] {taskinstance.py:2330} INFO - Executing <Task(BashOperator): run_dbt_models> on 2025-09-10 03:00:00+00:00
[2025-09-10T04:00:01.116+0000] {warnings.py:112} WARNING - /home/airflow/.local/lib/python3.12/site-packages/airflow/task/task_runner/standard_task_runner.py:62: DeprecationWarning: This process (pid=3746) is multi-threaded, use of fork() may lead to deadlocks in the child.
  pid = os.fork()

[2025-09-10T04:00:01.118+0000] {standard_task_runner.py:64} INFO - Started process 3747 to run task
[2025-09-10T04:00:01.120+0000] {standard_task_runner.py:90} INFO - Running: ['airflow', 'tasks', 'run', 'dbt_run_models', 'run_dbt_models', 'scheduled__2025-09-10T03:00:00+00:00', '--job-id', '1349', '--raw', '--subdir', 'DAGS_FOLDER/dbt_dag.py', '--cfg-path', '/tmp/tmpqllplhof']
[2025-09-10T04:00:01.121+0000] {standard_task_runner.py:91} INFO - Job 1349: Subtask run_dbt_models
[2025-09-10T04:00:01.148+0000] {warnings.py:112} WARNING - /home/airflow/.local/lib/python3.12/site-packages/airflow/settings.py:195: DeprecationWarning: The sql_alchemy_conn option in [core] has been moved to the sql_alchemy_conn option in [database] - the old setting has been used, but please update your config.
  SQL_ALCHEMY_CONN = conf.get("database", "SQL_ALCHEMY_CONN")

[2025-09-10T04:00:01.241+0000] {task_command.py:426} INFO - Running <TaskInstance: dbt_run_models.run_dbt_models scheduled__2025-09-10T03:00:00+00:00 [running]> on host b5ea13053d47
[2025-09-10T04:00:01.403+0000] {taskinstance.py:2648} INFO - Exporting env vars: AIRFLOW_CTX_DAG_OWNER='airflow' AIRFLOW_CTX_DAG_ID='dbt_run_models' AIRFLOW_CTX_TASK_ID='run_dbt_models' AIRFLOW_CTX_EXECUTION_DATE='2025-09-10T03:00:00+00:00' AIRFLOW_CTX_TRY_NUMBER='1' AIRFLOW_CTX_DAG_RUN_ID='scheduled__2025-09-10T03:00:00+00:00'
[2025-09-10T04:00:01.405+0000] {taskinstance.py:430} INFO - ::endgroup::
[2025-09-10T04:00:01.448+0000] {subprocess.py:63} INFO - Tmp dir root location: /tmp
[2025-09-10T04:00:01.450+0000] {subprocess.py:75} INFO - Running command: ['/usr/bin/bash', '-c', '\n        cd /usr/app &&         dbt run --profiles-dir /usr/app\n        ']
[2025-09-10T04:00:01.474+0000] {subprocess.py:86} INFO - Output:
[2025-09-10T04:00:06.368+0000] {subprocess.py:93} INFO - [0m04:00:06  Running with dbt=1.7.9
[2025-09-10T04:00:06.807+0000] {subprocess.py:93} INFO - [0m04:00:06  Registered adapter: postgres=1.7.9
[2025-09-10T04:00:07.057+0000] {subprocess.py:93} INFO - [0m04:00:07  [[33mWARNING[0m]: Configuration paths exist in your dbt_project.yml file which do not apply to any resources.
[2025-09-10T04:00:07.059+0000] {subprocess.py:93} INFO - There are 1 unused configuration paths:
[2025-09-10T04:00:07.060+0000] {subprocess.py:93} INFO - - models.my_project.sources
[2025-09-10T04:00:07.090+0000] {subprocess.py:93} INFO - [0m04:00:07  Found 15 models, 7 sources, 0 exposures, 0 metrics, 401 macros, 0 groups, 0 semantic models
[2025-09-10T04:00:07.095+0000] {subprocess.py:93} INFO - [0m04:00:07
[2025-09-10T04:00:07.567+0000] {subprocess.py:93} INFO - [0m04:00:07  Concurrency: 4 threads (target='dev')
[2025-09-10T04:00:07.570+0000] {subprocess.py:93} INFO - [0m04:00:07
[2025-09-10T04:00:07.655+0000] {subprocess.py:93} INFO - [0m04:00:07  2 of 15 START sql view model analytics.stg_order_count_year .................... [RUN]
[2025-09-10T04:00:07.659+0000] {subprocess.py:93} INFO - [0m04:00:07  1 of 15 START sql view model analytics.stg_AOV ................................. [RUN]
[2025-09-10T04:00:07.664+0000] {subprocess.py:93} INFO - [0m04:00:07  3 of 15 START sql view model analytics.stg_order_details ....................... [RUN]
[2025-09-10T04:00:07.671+0000] {subprocess.py:93} INFO - [0m04:00:07  4 of 15 START sql view model analytics.stg_order_items ......................... [RUN]
[2025-09-10T04:00:09.838+0000] {subprocess.py:93} INFO - [0m04:00:09  1 of 15 OK created sql view model analytics.stg_AOV ............................ [[32mCREATE VIEW[0m in 2.13s]
[2025-09-10T04:00:09.845+0000] {subprocess.py:93} INFO - [0m04:00:09  3 of 15 OK created sql view model analytics.stg_order_details .................. [[32mCREATE VIEW[0m in 2.14s]
[2025-09-10T04:00:09.855+0000] {subprocess.py:93} INFO - [0m04:00:09  5 of 15 START sql view model analytics.stg_orders .............................. [RUN]
[2025-09-10T04:00:09.863+0000] {subprocess.py:93} INFO - [0m04:00:09  4 of 15 OK created sql view model analytics.stg_order_items .................... [[32mCREATE VIEW[0m in 2.13s]
[2025-09-10T04:00:09.873+0000] {subprocess.py:93} INFO - [0m04:00:09  6 of 15 START sql view model analytics.stg_payments ............................ [RUN]
[2025-09-10T04:00:09.937+0000] {subprocess.py:93} INFO - [0m04:00:09  2 of 15 OK created sql view model analytics.stg_order_count_year ............... [[32mCREATE VIEW[0m in 2.23s]
[2025-09-10T04:00:09.965+0000] {subprocess.py:93} INFO - [0m04:00:09  7 of 15 START sql view model analytics.stg_products ............................ [RUN]
[2025-09-10T04:00:10.059+0000] {subprocess.py:93} INFO - [0m04:00:10  8 of 15 START sql table model analytics.AOV_chek ............................... [RUN]
[2025-09-10T04:00:10.899+0000] {subprocess.py:93} INFO - [0m04:00:10  6 of 15 OK created sql view model analytics.stg_payments ....................... [[32mCREATE VIEW[0m in 1.00s]
[2025-09-10T04:00:10.985+0000] {subprocess.py:93} INFO - [0m04:00:10  9 of 15 START sql table model analytics.order_count_year ....................... [RUN]
[2025-09-10T04:00:11.100+0000] {subprocess.py:93} INFO - [0m04:00:11  5 of 15 OK created sql view model analytics.stg_orders ......................... [[32mCREATE VIEW[0m in 1.18s]
[2025-09-10T04:00:11.151+0000] {subprocess.py:93} INFO - [0m04:00:11  10 of 15 START sql table model analytics.order_count_year+month_diff ........... [RUN]
[2025-09-10T04:00:11.187+0000] {subprocess.py:93} INFO - [0m04:00:11  7 of 15 OK created sql view model analytics.stg_products ....................... [[32mCREATE VIEW[0m in 1.17s]
[2025-09-10T04:00:11.289+0000] {subprocess.py:93} INFO - [0m04:00:11  11 of 15 START sql table model analytics.AVG_AOV_chek .......................... [RUN]
[2025-09-10T04:00:11.507+0000] {subprocess.py:93} INFO - [0m04:00:11  8 of 15 OK created sql table model analytics.AOV_chek .......................... [[32mSELECT 50[0m in 1.40s]
[2025-09-10T04:00:11.534+0000] {subprocess.py:93} INFO - [0m04:00:11  12 of 15 START sql table model analytics.orders_summary ........................ [RUN]
[2025-09-10T04:00:12.021+0000] {subprocess.py:93} INFO - [0m04:00:12  9 of 15 OK created sql table model analytics.order_count_year .................. [[32mSELECT 4[0m in 0.97s]
[2025-09-10T04:00:12.029+0000] {subprocess.py:93} INFO - [0m04:00:12  13 of 15 START sql table model analytics.AOV_EBITDA_COUNT ...................... [RUN]
[2025-09-10T04:00:12.192+0000] {subprocess.py:93} INFO - [0m04:00:12  10 of 15 OK created sql table model analytics.order_count_year+month_diff ...... [[32mSELECT 28[0m in 0.93s]
[2025-09-10T04:00:12.234+0000] {subprocess.py:93} INFO - [0m04:00:12  14 of 15 START sql table model analytics.AOV_category .......................... [RUN]
[2025-09-10T04:00:12.615+0000] {subprocess.py:93} INFO - [0m04:00:12  11 of 15 OK created sql table model analytics.AVG_AOV_chek ..................... [[32mSELECT 16863[0m in 1.32s]
[2025-09-10T04:00:12.670+0000] {subprocess.py:93} INFO - [0m04:00:12  12 of 15 OK created sql table model analytics.orders_summary ................... [[32mSELECT 10000[0m in 1.12s]
[2025-09-10T04:00:12.690+0000] {subprocess.py:93} INFO - [0m04:00:12  15 of 15 START sql table model analytics.AOV_product_name ...................... [RUN]
[2025-09-10T04:00:12.894+0000] {subprocess.py:93} INFO - [0m04:00:12  13 of 15 OK created sql table model analytics.AOV_EBITDA_COUNT ................. [[32mSELECT 1[0m in 0.85s]
[2025-09-10T04:00:13.025+0000] {subprocess.py:93} INFO - [0m04:00:13  14 of 15 OK created sql table model analytics.AOV_category ..................... [[32mSELECT 4[0m in 0.75s]
[2025-09-10T04:00:13.285+0000] {subprocess.py:93} INFO - [0m04:00:13  15 of 15 OK created sql table model analytics.AOV_product_name ................. [[32mSELECT 50[0m in 0.58s]
[2025-09-10T04:00:13.377+0000] {subprocess.py:93} INFO - [0m04:00:13
[2025-09-10T04:00:13.379+0000] {subprocess.py:93} INFO - [0m04:00:13  Finished running 7 view models, 8 table models in 0 hours 0 minutes and 6.28 seconds (6.28s).
[2025-09-10T04:00:13.444+0000] {subprocess.py:93} INFO - [0m04:00:13
[2025-09-10T04:00:13.446+0000] {subprocess.py:93} INFO - [0m04:00:13  [32mCompleted successfully[0m
[2025-09-10T04:00:13.449+0000] {subprocess.py:93} INFO - [0m04:00:13
[2025-09-10T04:00:13.451+0000] {subprocess.py:93} INFO - [0m04:00:13  Done. PASS=15 WARN=0 ERROR=0 SKIP=0 TOTAL=15
[2025-09-10T04:00:23.944+0000] {subprocess.py:97} INFO - Command exited with return code 0
[2025-09-10T04:00:23.945+0000] {taskinstance.py:441} INFO - ::group::Post task execution logs
[2025-09-10T04:00:23.987+0000] {taskinstance.py:1206} INFO - Marking task as SUCCESS. dag_id=dbt_run_models, task_id=run_dbt_models, run_id=scheduled__2025-09-10T03:00:00+00:00, execution_date=20250910T030000, start_date=20250910T040001, end_date=20250910T040023
[2025-09-10T04:00:24.042+0000] {local_task_job_runner.py:243} INFO - Task exited with return code 0
[2025-09-10T04:00:24.087+0000] {taskinstance.py:3503} INFO - 1 downstream tasks scheduled from follow-on schedule check
[2025-09-10T04:00:24.091+0000] {local_task_job_runner.py:222} INFO - ::endgroup::
