[2025-09-09T18:05:20.954+0000] {local_task_job_runner.py:120} INFO - ::group::Pre task execution logs
[2025-09-09T18:05:20.991+0000] {taskinstance.py:2076} INFO - Dependencies all met for dep_context=non-requeueable deps ti=<TaskInstance: dbt_run_models.run_dbt_models scheduled__2025-09-09T17:00:00+00:00 [queued]>
[2025-09-09T18:05:21.003+0000] {taskinstance.py:2076} INFO - Dependencies all met for dep_context=requeueable deps ti=<TaskInstance: dbt_run_models.run_dbt_models scheduled__2025-09-09T17:00:00+00:00 [queued]>
[2025-09-09T18:05:21.003+0000] {taskinstance.py:2306} INFO - Starting attempt 2 of 2
[2025-09-09T18:05:21.025+0000] {taskinstance.py:2330} INFO - Executing <Task(BashOperator): run_dbt_models> on 2025-09-09 17:00:00+00:00
[2025-09-09T18:05:21.035+0000] {warnings.py:112} WARNING - /home/airflow/.local/lib/python3.12/site-packages/airflow/task/task_runner/standard_task_runner.py:62: DeprecationWarning: This process (pid=3021) is multi-threaded, use of fork() may lead to deadlocks in the child.
  pid = os.fork()

[2025-09-09T18:05:21.037+0000] {standard_task_runner.py:64} INFO - Started process 3022 to run task
[2025-09-09T18:05:21.037+0000] {standard_task_runner.py:90} INFO - Running: ['airflow', 'tasks', 'run', 'dbt_run_models', 'run_dbt_models', 'scheduled__2025-09-09T17:00:00+00:00', '--job-id', '1296', '--raw', '--subdir', 'DAGS_FOLDER/dbt_dag.py', '--cfg-path', '/tmp/tmpoy52lluo']
[2025-09-09T18:05:21.038+0000] {standard_task_runner.py:91} INFO - Job 1296: Subtask run_dbt_models
[2025-09-09T18:05:21.066+0000] {warnings.py:112} WARNING - /home/airflow/.local/lib/python3.12/site-packages/airflow/settings.py:195: DeprecationWarning: The sql_alchemy_conn option in [core] has been moved to the sql_alchemy_conn option in [database] - the old setting has been used, but please update your config.
  SQL_ALCHEMY_CONN = conf.get("database", "SQL_ALCHEMY_CONN")

[2025-09-09T18:05:21.133+0000] {task_command.py:426} INFO - Running <TaskInstance: dbt_run_models.run_dbt_models scheduled__2025-09-09T17:00:00+00:00 [running]> on host b5ea13053d47
[2025-09-09T18:05:21.372+0000] {taskinstance.py:2648} INFO - Exporting env vars: AIRFLOW_CTX_DAG_OWNER='airflow' AIRFLOW_CTX_DAG_ID='dbt_run_models' AIRFLOW_CTX_TASK_ID='run_dbt_models' AIRFLOW_CTX_EXECUTION_DATE='2025-09-09T17:00:00+00:00' AIRFLOW_CTX_TRY_NUMBER='2' AIRFLOW_CTX_DAG_RUN_ID='scheduled__2025-09-09T17:00:00+00:00'
[2025-09-09T18:05:21.374+0000] {taskinstance.py:430} INFO - ::endgroup::
[2025-09-09T18:05:21.415+0000] {subprocess.py:63} INFO - Tmp dir root location: /tmp
[2025-09-09T18:05:21.416+0000] {subprocess.py:75} INFO - Running command: ['/usr/bin/bash', '-c', '\n        cd /usr/app &&         dbt run --profiles-dir /usr/app\n        ']
[2025-09-09T18:05:21.443+0000] {subprocess.py:86} INFO - Output:
[2025-09-09T18:05:25.606+0000] {subprocess.py:93} INFO - [0m18:05:25  Running with dbt=1.7.9
[2025-09-09T18:05:25.985+0000] {subprocess.py:93} INFO - [0m18:05:25  Registered adapter: postgres=1.7.9
[2025-09-09T18:05:26.035+0000] {subprocess.py:93} INFO - [0m18:05:26  [[33mWARNING[0m]: Configuration paths exist in your dbt_project.yml file which do not apply to any resources.
[2025-09-09T18:05:26.035+0000] {subprocess.py:93} INFO - There are 1 unused configuration paths:
[2025-09-09T18:05:26.036+0000] {subprocess.py:93} INFO - - models.my_project.sources
[2025-09-09T18:05:26.063+0000] {subprocess.py:93} INFO - [0m18:05:26  Found 15 models, 7 sources, 0 exposures, 0 metrics, 401 macros, 0 groups, 0 semantic models
[2025-09-09T18:05:26.067+0000] {subprocess.py:93} INFO - [0m18:05:26
[2025-09-09T18:05:26.383+0000] {subprocess.py:93} INFO - [0m18:05:26  Concurrency: 4 threads (target='dev')
[2025-09-09T18:05:26.386+0000] {subprocess.py:93} INFO - [0m18:05:26
[2025-09-09T18:05:26.433+0000] {subprocess.py:93} INFO - [0m18:05:26  1 of 15 START sql view model analytics.stg_AOV ................................. [RUN]
[2025-09-09T18:05:26.436+0000] {subprocess.py:93} INFO - [0m18:05:26  2 of 15 START sql view model analytics.stg_order_count_year .................... [RUN]
[2025-09-09T18:05:26.439+0000] {subprocess.py:93} INFO - [0m18:05:26  3 of 15 START sql view model analytics.stg_order_details ....................... [RUN]
[2025-09-09T18:05:26.441+0000] {subprocess.py:93} INFO - [0m18:05:26  4 of 15 START sql view model analytics.stg_order_items ......................... [RUN]
[2025-09-09T18:05:27.320+0000] {subprocess.py:93} INFO - [0m18:05:27  2 of 15 OK created sql view model analytics.stg_order_count_year ............... [[32mCREATE VIEW[0m in 0.87s]
[2025-09-09T18:05:27.324+0000] {subprocess.py:93} INFO - [0m18:05:27  1 of 15 OK created sql view model analytics.stg_AOV ............................ [[32mCREATE VIEW[0m in 0.88s]
[2025-09-09T18:05:27.360+0000] {subprocess.py:93} INFO - [0m18:05:27  5 of 15 START sql view model analytics.stg_orders .............................. [RUN]
[2025-09-09T18:05:27.363+0000] {subprocess.py:93} INFO - [0m18:05:27  4 of 15 OK created sql view model analytics.stg_order_items .................... [[32mCREATE VIEW[0m in 0.89s]
[2025-09-09T18:05:27.366+0000] {subprocess.py:93} INFO - [0m18:05:27  6 of 15 START sql view model analytics.stg_payments ............................ [RUN]
[2025-09-09T18:05:27.368+0000] {subprocess.py:93} INFO - [0m18:05:27  3 of 15 OK created sql view model analytics.stg_order_details .................. [[32mCREATE VIEW[0m in 0.91s]
[2025-09-09T18:05:27.402+0000] {subprocess.py:93} INFO - [0m18:05:27  7 of 15 START sql view model analytics.stg_products ............................ [RUN]
[2025-09-09T18:05:27.414+0000] {subprocess.py:93} INFO - [0m18:05:27  8 of 15 START sql table model analytics.order_count_year ....................... [RUN]
[2025-09-09T18:05:27.915+0000] {subprocess.py:93} INFO - [0m18:05:27  7 of 15 OK created sql view model analytics.stg_products ....................... [[32mCREATE VIEW[0m in 0.48s]
[2025-09-09T18:05:27.919+0000] {subprocess.py:93} INFO - [0m18:05:27  6 of 15 OK created sql view model analytics.stg_payments ....................... [[32mCREATE VIEW[0m in 0.52s]
[2025-09-09T18:05:27.921+0000] {subprocess.py:93} INFO - [0m18:05:27  5 of 15 OK created sql view model analytics.stg_orders ......................... [[32mCREATE VIEW[0m in 0.54s]
[2025-09-09T18:05:27.943+0000] {subprocess.py:93} INFO - [0m18:05:27  9 of 15 START sql table model analytics.order_count_year+month_diff ............ [RUN]
[2025-09-09T18:05:27.946+0000] {subprocess.py:93} INFO - [0m18:05:27  10 of 15 START sql table model analytics.AOV_chek .............................. [RUN]
[2025-09-09T18:05:27.947+0000] {subprocess.py:93} INFO - [0m18:05:27  11 of 15 START sql table model analytics.AOV_EBITDA_COUNT ...................... [RUN]
[2025-09-09T18:05:27.976+0000] {subprocess.py:93} INFO - [0m18:05:27  8 of 15 OK created sql table model analytics.order_count_year .................. [[32mSELECT 4[0m in 0.54s]
[2025-09-09T18:05:28.010+0000] {subprocess.py:93} INFO - [0m18:05:28  12 of 15 START sql table model analytics.AOV_category .......................... [RUN]
[2025-09-09T18:05:28.237+0000] {subprocess.py:93} INFO - [0m18:05:28  11 of 15 ERROR creating sql table model analytics.AOV_EBITDA_COUNT ............. [[31mERROR[0m in 0.27s]
[2025-09-09T18:05:28.276+0000] {subprocess.py:93} INFO - [0m18:05:28  13 of 15 START sql table model analytics.AOV_product_name ...................... [RUN]
[2025-09-09T18:05:28.289+0000] {subprocess.py:93} INFO - [0m18:05:28  12 of 15 ERROR creating sql table model analytics.AOV_category ................. [[31mERROR[0m in 0.22s]
[2025-09-09T18:05:28.322+0000] {subprocess.py:93} INFO - [0m18:05:28  14 of 15 START sql table model analytics.AVG_AOV_chek .......................... [RUN]
[2025-09-09T18:05:28.360+0000] {subprocess.py:93} INFO - [0m18:05:28  9 of 15 OK created sql table model analytics.order_count_year+month_diff ....... [[32mSELECT 28[0m in 0.39s]
[2025-09-09T18:05:28.363+0000] {subprocess.py:93} INFO - [0m18:05:28  10 of 15 OK created sql table model analytics.AOV_chek ......................... [[32mSELECT 50[0m in 0.40s]
[2025-09-09T18:05:28.387+0000] {subprocess.py:93} INFO - [0m18:05:28  15 of 15 START sql table model analytics.orders_summary ........................ [RUN]
[2025-09-09T18:05:28.480+0000] {subprocess.py:93} INFO - [0m18:05:28  13 of 15 ERROR creating sql table model analytics.AOV_product_name ............. [[31mERROR[0m in 0.19s]
[2025-09-09T18:05:28.571+0000] {subprocess.py:93} INFO - [0m18:05:28  15 of 15 OK created sql table model analytics.orders_summary ................... [[32mSELECT 10000[0m in 0.16s]
[2025-09-09T18:05:28.795+0000] {subprocess.py:93} INFO - [0m18:05:28  14 of 15 OK created sql table model analytics.AVG_AOV_chek ..................... [[32mSELECT 16839[0m in 0.46s]
[2025-09-09T18:05:28.833+0000] {subprocess.py:93} INFO - [0m18:05:28
[2025-09-09T18:05:28.836+0000] {subprocess.py:93} INFO - [0m18:05:28  Finished running 7 view models, 8 table models in 0 hours 0 minutes and 2.76 seconds (2.76s).
[2025-09-09T18:05:28.865+0000] {subprocess.py:93} INFO - [0m18:05:28
[2025-09-09T18:05:28.867+0000] {subprocess.py:93} INFO - [0m18:05:28  [31mCompleted with 3 errors and 0 warnings:[0m
[2025-09-09T18:05:28.868+0000] {subprocess.py:93} INFO - [0m18:05:28
[2025-09-09T18:05:28.870+0000] {subprocess.py:93} INFO - [0m18:05:28    Database Error in model AOV_EBITDA_COUNT (models/marts/AOV_EBITDA_COUNT.sql)
[2025-09-09T18:05:28.871+0000] {subprocess.py:93} INFO -   type "avr_order_value" does not exist
[2025-09-09T18:05:28.871+0000] {subprocess.py:93} INFO -   LINE 19: order by avr_order_value
[2025-09-09T18:05:28.871+0000] {subprocess.py:93} INFO -                     ^
[2025-09-09T18:05:28.872+0000] {subprocess.py:93} INFO -   compiled Code at target/run/my_project/models/marts/AOV_EBITDA_COUNT.sql
[2025-09-09T18:05:28.873+0000] {subprocess.py:93} INFO - [0m18:05:28
[2025-09-09T18:05:28.875+0000] {subprocess.py:93} INFO - [0m18:05:28    Database Error in model AOV_category (models/marts/AOV_category.sql)
[2025-09-09T18:05:28.875+0000] {subprocess.py:93} INFO -   type "avr_order_value" does not exist
[2025-09-09T18:05:28.875+0000] {subprocess.py:93} INFO -   LINE 21: order by avr_order_value
[2025-09-09T18:05:28.876+0000] {subprocess.py:93} INFO -                     ^
[2025-09-09T18:05:28.876+0000] {subprocess.py:93} INFO -   compiled Code at target/run/my_project/models/marts/AOV_category.sql
[2025-09-09T18:05:28.877+0000] {subprocess.py:93} INFO - [0m18:05:28
[2025-09-09T18:05:28.879+0000] {subprocess.py:93} INFO - [0m18:05:28    Database Error in model AOV_product_name (models/marts/AOV_product_name.sql)
[2025-09-09T18:05:28.879+0000] {subprocess.py:93} INFO -   type "avr_order_value" does not exist
[2025-09-09T18:05:28.879+0000] {subprocess.py:93} INFO -   LINE 21: order by avr_order_value
[2025-09-09T18:05:28.880+0000] {subprocess.py:93} INFO -                     ^
[2025-09-09T18:05:28.880+0000] {subprocess.py:93} INFO -   compiled Code at target/run/my_project/models/marts/AOV_product_name.sql
[2025-09-09T18:05:28.881+0000] {subprocess.py:93} INFO - [0m18:05:28
[2025-09-09T18:05:28.881+0000] {subprocess.py:93} INFO - [0m18:05:28  Done. PASS=12 WARN=0 ERROR=3 SKIP=0 TOTAL=15
[2025-09-09T18:05:39.426+0000] {subprocess.py:97} INFO - Command exited with return code 1
[2025-09-09T18:05:39.427+0000] {taskinstance.py:441} INFO - ::group::Post task execution logs
[2025-09-09T18:05:39.439+0000] {taskinstance.py:2905} ERROR - Task failed with exception
Traceback (most recent call last):
  File "/home/airflow/.local/lib/python3.12/site-packages/airflow/models/taskinstance.py", line 465, in _execute_task
    result = _execute_callable(context=context, **execute_callable_kwargs)
             ^^^^^^^^^^^^^^^^^^^^^^^^^^^^^^^^^^^^^^^^^^^^^^^^^^^^^^^^^^^^^
  File "/home/airflow/.local/lib/python3.12/site-packages/airflow/models/taskinstance.py", line 432, in _execute_callable
    return execute_callable(context=context, **execute_callable_kwargs)
           ^^^^^^^^^^^^^^^^^^^^^^^^^^^^^^^^^^^^^^^^^^^^^^^^^^^^^^^^^^^^
  File "/home/airflow/.local/lib/python3.12/site-packages/airflow/models/baseoperator.py", line 401, in wrapper
    return func(self, *args, **kwargs)
           ^^^^^^^^^^^^^^^^^^^^^^^^^^^
  File "/home/airflow/.local/lib/python3.12/site-packages/airflow/operators/bash.py", line 243, in execute
    raise AirflowException(
airflow.exceptions.AirflowException: Bash command failed. The command returned a non-zero exit code 1.
[2025-09-09T18:05:39.444+0000] {taskinstance.py:1206} INFO - Marking task as FAILED. dag_id=dbt_run_models, task_id=run_dbt_models, run_id=scheduled__2025-09-09T17:00:00+00:00, execution_date=20250909T170000, start_date=20250909T180520, end_date=20250909T180539
[2025-09-09T18:05:39.459+0000] {standard_task_runner.py:110} ERROR - Failed to execute job 1296 for task run_dbt_models (Bash command failed. The command returned a non-zero exit code 1.; 3022)
[2025-09-09T18:05:39.473+0000] {local_task_job_runner.py:243} INFO - Task exited with return code 1
[2025-09-09T18:05:39.501+0000] {taskinstance.py:3503} INFO - 0 downstream tasks scheduled from follow-on schedule check
[2025-09-09T18:05:39.506+0000] {local_task_job_runner.py:222} INFO - ::endgroup::
