[2025-09-09T18:00:01.473+0000] {local_task_job_runner.py:120} INFO - ::group::Pre task execution logs
[2025-09-09T18:00:01.518+0000] {taskinstance.py:2076} INFO - Dependencies all met for dep_context=non-requeueable deps ti=<TaskInstance: dbt_run_models.run_dbt_models scheduled__2025-09-09T17:00:00+00:00 [queued]>
[2025-09-09T18:00:01.535+0000] {taskinstance.py:2076} INFO - Dependencies all met for dep_context=requeueable deps ti=<TaskInstance: dbt_run_models.run_dbt_models scheduled__2025-09-09T17:00:00+00:00 [queued]>
[2025-09-09T18:00:01.536+0000] {taskinstance.py:2306} INFO - Starting attempt 1 of 2
[2025-09-09T18:00:01.562+0000] {taskinstance.py:2330} INFO - Executing <Task(BashOperator): run_dbt_models> on 2025-09-09 17:00:00+00:00
[2025-09-09T18:00:01.570+0000] {warnings.py:112} WARNING - /home/airflow/.local/lib/python3.12/site-packages/airflow/task/task_runner/standard_task_runner.py:62: DeprecationWarning: This process (pid=3004) is multi-threaded, use of fork() may lead to deadlocks in the child.
  pid = os.fork()

[2025-09-09T18:00:01.572+0000] {standard_task_runner.py:64} INFO - Started process 3007 to run task
[2025-09-09T18:00:01.572+0000] {standard_task_runner.py:90} INFO - Running: ['airflow', 'tasks', 'run', 'dbt_run_models', 'run_dbt_models', 'scheduled__2025-09-09T17:00:00+00:00', '--job-id', '1294', '--raw', '--subdir', 'DAGS_FOLDER/dbt_dag.py', '--cfg-path', '/tmp/tmpewrq6mti']
[2025-09-09T18:00:01.574+0000] {standard_task_runner.py:91} INFO - Job 1294: Subtask run_dbt_models
[2025-09-09T18:00:01.597+0000] {warnings.py:112} WARNING - /home/airflow/.local/lib/python3.12/site-packages/airflow/settings.py:195: DeprecationWarning: The sql_alchemy_conn option in [core] has been moved to the sql_alchemy_conn option in [database] - the old setting has been used, but please update your config.
  SQL_ALCHEMY_CONN = conf.get("database", "SQL_ALCHEMY_CONN")

[2025-09-09T18:00:01.684+0000] {task_command.py:426} INFO - Running <TaskInstance: dbt_run_models.run_dbt_models scheduled__2025-09-09T17:00:00+00:00 [running]> on host b5ea13053d47
[2025-09-09T18:00:01.900+0000] {taskinstance.py:2648} INFO - Exporting env vars: AIRFLOW_CTX_DAG_OWNER='airflow' AIRFLOW_CTX_DAG_ID='dbt_run_models' AIRFLOW_CTX_TASK_ID='run_dbt_models' AIRFLOW_CTX_EXECUTION_DATE='2025-09-09T17:00:00+00:00' AIRFLOW_CTX_TRY_NUMBER='1' AIRFLOW_CTX_DAG_RUN_ID='scheduled__2025-09-09T17:00:00+00:00'
[2025-09-09T18:00:01.908+0000] {taskinstance.py:430} INFO - ::endgroup::
[2025-09-09T18:00:01.952+0000] {subprocess.py:63} INFO - Tmp dir root location: /tmp
[2025-09-09T18:00:01.953+0000] {subprocess.py:75} INFO - Running command: ['/usr/bin/bash', '-c', '\n        cd /usr/app &&         dbt run --profiles-dir /usr/app\n        ']
[2025-09-09T18:00:01.969+0000] {subprocess.py:86} INFO - Output:
[2025-09-09T18:00:05.813+0000] {subprocess.py:93} INFO - [0m18:00:05  Running with dbt=1.7.9
[2025-09-09T18:00:06.190+0000] {subprocess.py:93} INFO - [0m18:00:06  Registered adapter: postgres=1.7.9
[2025-09-09T18:00:06.239+0000] {subprocess.py:93} INFO - [0m18:00:06  [[33mWARNING[0m]: Configuration paths exist in your dbt_project.yml file which do not apply to any resources.
[2025-09-09T18:00:06.240+0000] {subprocess.py:93} INFO - There are 1 unused configuration paths:
[2025-09-09T18:00:06.240+0000] {subprocess.py:93} INFO - - models.my_project.sources
[2025-09-09T18:00:06.310+0000] {subprocess.py:93} INFO - [0m18:00:06  Found 15 models, 7 sources, 0 exposures, 0 metrics, 401 macros, 0 groups, 0 semantic models
[2025-09-09T18:00:06.314+0000] {subprocess.py:93} INFO - [0m18:00:06
[2025-09-09T18:00:06.609+0000] {subprocess.py:93} INFO - [0m18:00:06  Concurrency: 4 threads (target='dev')
[2025-09-09T18:00:06.612+0000] {subprocess.py:93} INFO - [0m18:00:06
[2025-09-09T18:00:06.647+0000] {subprocess.py:93} INFO - [0m18:00:06  1 of 15 START sql view model analytics.stg_AOV ................................. [RUN]
[2025-09-09T18:00:06.669+0000] {subprocess.py:93} INFO - [0m18:00:06  2 of 15 START sql view model analytics.stg_order_count_year .................... [RUN]
[2025-09-09T18:00:06.671+0000] {subprocess.py:93} INFO - [0m18:00:06  3 of 15 START sql view model analytics.stg_order_details ....................... [RUN]
[2025-09-09T18:00:06.678+0000] {subprocess.py:93} INFO - [0m18:00:06  4 of 15 START sql view model analytics.stg_order_items ......................... [RUN]
[2025-09-09T18:00:07.245+0000] {subprocess.py:93} INFO - [0m18:00:07  1 of 15 OK created sql view model analytics.stg_AOV ............................ [[32mCREATE VIEW[0m in 0.57s]
[2025-09-09T18:00:07.274+0000] {subprocess.py:93} INFO - [0m18:00:07  5 of 15 START sql view model analytics.stg_orders .............................. [RUN]
[2025-09-09T18:00:07.308+0000] {subprocess.py:93} INFO - [0m18:00:07  3 of 15 OK created sql view model analytics.stg_order_details .................. [[32mCREATE VIEW[0m in 0.59s]
[2025-09-09T18:00:07.325+0000] {subprocess.py:93} INFO - [0m18:00:07  2 of 15 OK created sql view model analytics.stg_order_count_year ............... [[32mCREATE VIEW[0m in 0.63s]
[2025-09-09T18:00:07.337+0000] {subprocess.py:93} INFO - [0m18:00:07  6 of 15 START sql view model analytics.stg_payments ............................ [RUN]
[2025-09-09T18:00:07.348+0000] {subprocess.py:93} INFO - [0m18:00:07  7 of 15 START sql view model analytics.stg_products ............................ [RUN]
[2025-09-09T18:00:07.432+0000] {subprocess.py:93} INFO - [0m18:00:07  4 of 15 OK created sql view model analytics.stg_order_items .................... [[32mCREATE VIEW[0m in 0.72s]
[2025-09-09T18:00:07.482+0000] {subprocess.py:93} INFO - [0m18:00:07  8 of 15 START sql table model analytics.AOV_chek ............................... [RUN]
[2025-09-09T18:00:07.843+0000] {subprocess.py:93} INFO - [0m18:00:07  5 of 15 OK created sql view model analytics.stg_orders ......................... [[32mCREATE VIEW[0m in 0.57s]
[2025-09-09T18:00:07.846+0000] {subprocess.py:93} INFO - [0m18:00:07  9 of 15 START sql table model analytics.order_count_year ....................... [RUN]
[2025-09-09T18:00:07.927+0000] {subprocess.py:93} INFO - [0m18:00:07  7 of 15 OK created sql view model analytics.stg_products ....................... [[32mCREATE VIEW[0m in 0.54s]
[2025-09-09T18:00:07.938+0000] {subprocess.py:93} INFO - [0m18:00:07  10 of 15 START sql table model analytics.order_count_year+month_diff ........... [RUN]
[2025-09-09T18:00:08.012+0000] {subprocess.py:93} INFO - [0m18:00:08  6 of 15 OK created sql view model analytics.stg_payments ....................... [[32mCREATE VIEW[0m in 0.61s]
[2025-09-09T18:00:08.047+0000] {subprocess.py:93} INFO - [0m18:00:08  11 of 15 START sql table model analytics.orders_summary ........................ [RUN]
[2025-09-09T18:00:08.083+0000] {subprocess.py:93} INFO - [0m18:00:08  8 of 15 OK created sql table model analytics.AOV_chek .......................... [[32mSELECT 50[0m in 0.57s]
[2025-09-09T18:00:08.103+0000] {subprocess.py:93} INFO - [0m18:00:08  12 of 15 START sql table model analytics.AOV_EBITDA_COUNT ...................... [RUN]
[2025-09-09T18:00:08.319+0000] {subprocess.py:93} INFO - [0m18:00:08  12 of 15 ERROR creating sql table model analytics.AOV_EBITDA_COUNT ............. [[31mERROR[0m in 0.21s]
[2025-09-09T18:00:08.336+0000] {subprocess.py:93} INFO - [0m18:00:08  9 of 15 OK created sql table model analytics.order_count_year .................. [[32mSELECT 4[0m in 0.49s]
[2025-09-09T18:00:08.346+0000] {subprocess.py:93} INFO - [0m18:00:08  14 of 15 START sql table model analytics.AOV_product_name ...................... [RUN]
[2025-09-09T18:00:08.354+0000] {subprocess.py:93} INFO - [0m18:00:08  10 of 15 OK created sql table model analytics.order_count_year+month_diff ...... [[32mSELECT 28[0m in 0.39s]
[2025-09-09T18:00:08.364+0000] {subprocess.py:93} INFO - [0m18:00:08  13 of 15 START sql table model analytics.AOV_category .......................... [RUN]
[2025-09-09T18:00:08.411+0000] {subprocess.py:93} INFO - [0m18:00:08  15 of 15 START sql table model analytics.AVG_AOV_chek .......................... [RUN]
[2025-09-09T18:00:08.622+0000] {subprocess.py:93} INFO - [0m18:00:08  14 of 15 ERROR creating sql table model analytics.AOV_product_name ............. [[31mERROR[0m in 0.25s]
[2025-09-09T18:00:08.657+0000] {subprocess.py:93} INFO - [0m18:00:08  11 of 15 OK created sql table model analytics.orders_summary ................... [[32mSELECT 10000[0m in 0.60s]
[2025-09-09T18:00:08.662+0000] {subprocess.py:93} INFO - [0m18:00:08  13 of 15 ERROR creating sql table model analytics.AOV_category ................. [[31mERROR[0m in 0.29s]
[2025-09-09T18:00:08.959+0000] {subprocess.py:93} INFO - [0m18:00:08  15 of 15 OK created sql table model analytics.AVG_AOV_chek ..................... [[32mSELECT 16839[0m in 0.54s]
[2025-09-09T18:00:08.995+0000] {subprocess.py:93} INFO - [0m18:00:08
[2025-09-09T18:00:08.996+0000] {subprocess.py:93} INFO - [0m18:00:08  Finished running 7 view models, 8 table models in 0 hours 0 minutes and 2.68 seconds (2.68s).
[2025-09-09T18:00:09.017+0000] {subprocess.py:93} INFO - [0m18:00:09
[2025-09-09T18:00:09.018+0000] {subprocess.py:93} INFO - [0m18:00:09  [31mCompleted with 3 errors and 0 warnings:[0m
[2025-09-09T18:00:09.019+0000] {subprocess.py:93} INFO - [0m18:00:09
[2025-09-09T18:00:09.019+0000] {subprocess.py:93} INFO - [0m18:00:09    Database Error in model AOV_EBITDA_COUNT (models/marts/AOV_EBITDA_COUNT.sql)
[2025-09-09T18:00:09.020+0000] {subprocess.py:93} INFO -   type "avr_order_value" does not exist
[2025-09-09T18:00:09.020+0000] {subprocess.py:93} INFO -   LINE 19: order by avr_order_value
[2025-09-09T18:00:09.020+0000] {subprocess.py:93} INFO -                     ^
[2025-09-09T18:00:09.020+0000] {subprocess.py:93} INFO -   compiled Code at target/run/my_project/models/marts/AOV_EBITDA_COUNT.sql
[2025-09-09T18:00:09.020+0000] {subprocess.py:93} INFO - [0m18:00:09
[2025-09-09T18:00:09.021+0000] {subprocess.py:93} INFO - [0m18:00:09    Database Error in model AOV_product_name (models/marts/AOV_product_name.sql)
[2025-09-09T18:00:09.021+0000] {subprocess.py:93} INFO -   type "avr_order_value" does not exist
[2025-09-09T18:00:09.021+0000] {subprocess.py:93} INFO -   LINE 21: order by avr_order_value
[2025-09-09T18:00:09.021+0000] {subprocess.py:93} INFO -                     ^
[2025-09-09T18:00:09.021+0000] {subprocess.py:93} INFO -   compiled Code at target/run/my_project/models/marts/AOV_product_name.sql
[2025-09-09T18:00:09.021+0000] {subprocess.py:93} INFO - [0m18:00:09
[2025-09-09T18:00:09.022+0000] {subprocess.py:93} INFO - [0m18:00:09    Database Error in model AOV_category (models/marts/AOV_category.sql)
[2025-09-09T18:00:09.022+0000] {subprocess.py:93} INFO -   type "avr_order_value" does not exist
[2025-09-09T18:00:09.022+0000] {subprocess.py:93} INFO -   LINE 21: order by avr_order_value
[2025-09-09T18:00:09.022+0000] {subprocess.py:93} INFO -                     ^
[2025-09-09T18:00:09.022+0000] {subprocess.py:93} INFO -   compiled Code at target/run/my_project/models/marts/AOV_category.sql
[2025-09-09T18:00:09.022+0000] {subprocess.py:93} INFO - [0m18:00:09
[2025-09-09T18:00:09.023+0000] {subprocess.py:93} INFO - [0m18:00:09  Done. PASS=12 WARN=0 ERROR=3 SKIP=0 TOTAL=15
[2025-09-09T18:00:19.432+0000] {subprocess.py:97} INFO - Command exited with return code 1
[2025-09-09T18:00:19.433+0000] {taskinstance.py:441} INFO - ::group::Post task execution logs
[2025-09-09T18:00:19.465+0000] {taskinstance.py:2905} ERROR - Task failed with exception
Traceback (most recent call last):
  File "/home/airflow/.local/lib/python3.12/site-packages/airflow/models/taskinstance.py", line 465, in _execute_task
    result = _execute_callable(context=context, **execute_callable_kwargs)
             ^^^^^^^^^^^^^^^^^^^^^^^^^^^^^^^^^^^^^^^^^^^^^^^^^^^^^^^^^^^^^
  File "/home/airflow/.local/lib/python3.12/site-packages/airflow/models/taskinstance.py", line 432, in _execute_callable
    return execute_callable(context=context, **execute_callable_kwargs)
           ^^^^^^^^^^^^^^^^^^^^^^^^^^^^^^^^^^^^^^^^^^^^^^^^^^^^^^^^^^^^
  File "/home/airflow/.local/lib/python3.12/site-packages/airflow/models/baseoperator.py", line 401, in wrapper
    return func(self, *args, **kwargs)
           ^^^^^^^^^^^^^^^^^^^^^^^^^^^
  File "/home/airflow/.local/lib/python3.12/site-packages/airflow/operators/bash.py", line 243, in execute
    raise AirflowException(
airflow.exceptions.AirflowException: Bash command failed. The command returned a non-zero exit code 1.
[2025-09-09T18:00:19.478+0000] {taskinstance.py:1206} INFO - Marking task as UP_FOR_RETRY. dag_id=dbt_run_models, task_id=run_dbt_models, run_id=scheduled__2025-09-09T17:00:00+00:00, execution_date=20250909T170000, start_date=20250909T180001, end_date=20250909T180019
[2025-09-09T18:00:19.515+0000] {standard_task_runner.py:110} ERROR - Failed to execute job 1294 for task run_dbt_models (Bash command failed. The command returned a non-zero exit code 1.; 3007)
[2025-09-09T18:00:19.557+0000] {local_task_job_runner.py:243} INFO - Task exited with return code 1
[2025-09-09T18:00:19.594+0000] {taskinstance.py:3503} INFO - 0 downstream tasks scheduled from follow-on schedule check
[2025-09-09T18:00:19.596+0000] {local_task_job_runner.py:222} INFO - ::endgroup::
