[2025-09-09T13:00:02.307+0000] {local_task_job_runner.py:120} INFO - ::group::Pre task execution logs
[2025-09-09T13:00:02.399+0000] {taskinstance.py:2076} INFO - Dependencies all met for dep_context=non-requeueable deps ti=<TaskInstance: dbt_run_models.run_dbt_models scheduled__2025-09-09T12:00:00+00:00 [queued]>
[2025-09-09T13:00:02.444+0000] {taskinstance.py:2076} INFO - Dependencies all met for dep_context=requeueable deps ti=<TaskInstance: dbt_run_models.run_dbt_models scheduled__2025-09-09T12:00:00+00:00 [queued]>
[2025-09-09T13:00:02.445+0000] {taskinstance.py:2306} INFO - Starting attempt 1 of 2
[2025-09-09T13:00:02.524+0000] {taskinstance.py:2330} INFO - Executing <Task(BashOperator): run_dbt_models> on 2025-09-09 12:00:00+00:00
[2025-09-09T13:00:02.546+0000] {warnings.py:112} WARNING - /home/airflow/.local/lib/python3.12/site-packages/airflow/task/task_runner/standard_task_runner.py:62: DeprecationWarning: This process (pid=2893) is multi-threaded, use of fork() may lead to deadlocks in the child.
  pid = os.fork()

[2025-09-09T13:00:02.550+0000] {standard_task_runner.py:64} INFO - Started process 2894 to run task
[2025-09-09T13:00:02.553+0000] {standard_task_runner.py:90} INFO - Running: ['airflow', 'tasks', 'run', 'dbt_run_models', 'run_dbt_models', 'scheduled__2025-09-09T12:00:00+00:00', '--job-id', '1283', '--raw', '--subdir', 'DAGS_FOLDER/dbt_dag.py', '--cfg-path', '/tmp/tmpy55qgj_r']
[2025-09-09T13:00:02.555+0000] {standard_task_runner.py:91} INFO - Job 1283: Subtask run_dbt_models
[2025-09-09T13:00:02.604+0000] {warnings.py:112} WARNING - /home/airflow/.local/lib/python3.12/site-packages/airflow/settings.py:195: DeprecationWarning: The sql_alchemy_conn option in [core] has been moved to the sql_alchemy_conn option in [database] - the old setting has been used, but please update your config.
  SQL_ALCHEMY_CONN = conf.get("database", "SQL_ALCHEMY_CONN")

[2025-09-09T13:00:02.753+0000] {task_command.py:426} INFO - Running <TaskInstance: dbt_run_models.run_dbt_models scheduled__2025-09-09T12:00:00+00:00 [running]> on host b5ea13053d47
[2025-09-09T13:00:03.083+0000] {taskinstance.py:2648} INFO - Exporting env vars: AIRFLOW_CTX_DAG_OWNER='airflow' AIRFLOW_CTX_DAG_ID='dbt_run_models' AIRFLOW_CTX_TASK_ID='run_dbt_models' AIRFLOW_CTX_EXECUTION_DATE='2025-09-09T12:00:00+00:00' AIRFLOW_CTX_TRY_NUMBER='1' AIRFLOW_CTX_DAG_RUN_ID='scheduled__2025-09-09T12:00:00+00:00'
[2025-09-09T13:00:03.085+0000] {taskinstance.py:430} INFO - ::endgroup::
[2025-09-09T13:00:03.134+0000] {subprocess.py:63} INFO - Tmp dir root location: /tmp
[2025-09-09T13:00:03.136+0000] {subprocess.py:75} INFO - Running command: ['/usr/bin/bash', '-c', '\n        cd /usr/app &&         dbt run --profiles-dir /usr/app\n        ']
[2025-09-09T13:00:03.163+0000] {subprocess.py:86} INFO - Output:
[2025-09-09T13:00:06.858+0000] {subprocess.py:93} INFO - [0m13:00:06  Running with dbt=1.7.9
[2025-09-09T13:00:07.247+0000] {subprocess.py:93} INFO - [0m13:00:07  Registered adapter: postgres=1.7.9
[2025-09-09T13:00:07.295+0000] {subprocess.py:93} INFO - [0m13:00:07  [[33mWARNING[0m]: Configuration paths exist in your dbt_project.yml file which do not apply to any resources.
[2025-09-09T13:00:07.295+0000] {subprocess.py:93} INFO - There are 1 unused configuration paths:
[2025-09-09T13:00:07.296+0000] {subprocess.py:93} INFO - - models.my_project.sources
[2025-09-09T13:00:07.321+0000] {subprocess.py:93} INFO - [0m13:00:07  Found 8 models, 7 sources, 0 exposures, 0 metrics, 401 macros, 0 groups, 0 semantic models
[2025-09-09T13:00:07.325+0000] {subprocess.py:93} INFO - [0m13:00:07
[2025-09-09T13:00:07.556+0000] {subprocess.py:93} INFO - [0m13:00:07  Concurrency: 4 threads (target='dev')
[2025-09-09T13:00:07.558+0000] {subprocess.py:93} INFO - [0m13:00:07
[2025-09-09T13:00:07.612+0000] {subprocess.py:93} INFO - [0m13:00:07  1 of 8 START sql view model analytics.stg_AOV .................................. [RUN]
[2025-09-09T13:00:07.625+0000] {subprocess.py:93} INFO - [0m13:00:07  2 of 8 START sql view model analytics.stg_order_count_year ..................... [RUN]
[2025-09-09T13:00:07.628+0000] {subprocess.py:93} INFO - [0m13:00:07  3 of 8 START sql view model analytics.stg_order_details ........................ [RUN]
[2025-09-09T13:00:07.632+0000] {subprocess.py:93} INFO - [0m13:00:07  4 of 8 START sql view model analytics.stg_orders ............................... [RUN]
[2025-09-09T13:00:08.341+0000] {subprocess.py:93} INFO - [0m13:00:08  1 of 8 OK created sql view model analytics.stg_AOV ............................. [[32mCREATE VIEW[0m in 0.70s]
[2025-09-09T13:00:08.372+0000] {subprocess.py:93} INFO - [0m13:00:08  2 of 8 OK created sql view model analytics.stg_order_count_year ................ [[32mCREATE VIEW[0m in 0.71s]
[2025-09-09T13:00:08.390+0000] {subprocess.py:93} INFO - [0m13:00:08  5 of 8 START sql table model analytics.AOV_chek ................................ [RUN]
[2025-09-09T13:00:08.419+0000] {subprocess.py:93} INFO - [0m13:00:08  4 of 8 OK created sql view model analytics.stg_orders .......................... [[32mCREATE VIEW[0m in 0.76s]
[2025-09-09T13:00:08.428+0000] {subprocess.py:93} INFO - [0m13:00:08  3 of 8 OK created sql view model analytics.stg_order_details ................... [[32mCREATE VIEW[0m in 0.77s]
[2025-09-09T13:00:08.433+0000] {subprocess.py:93} INFO - [0m13:00:08  6 of 8 START sql table model analytics.order_count_year ........................ [RUN]
[2025-09-09T13:00:08.457+0000] {subprocess.py:93} INFO - [0m13:00:08  7 of 8 START sql table model analytics.order_count_year+month_diff ............. [RUN]
[2025-09-09T13:00:08.463+0000] {subprocess.py:93} INFO - [0m13:00:08  8 of 8 START sql table model analytics.orders_summary .......................... [RUN]
[2025-09-09T13:00:09.049+0000] {subprocess.py:93} INFO - [0m13:00:09  5 of 8 OK created sql table model analytics.AOV_chek ........................... [[32mSELECT 50[0m in 0.64s]
[2025-09-09T13:00:09.052+0000] {subprocess.py:93} INFO - [0m13:00:09  6 of 8 OK created sql table model analytics.order_count_year ................... [[32mSELECT 4[0m in 0.60s]
[2025-09-09T13:00:09.078+0000] {subprocess.py:93} INFO - [0m13:00:09  8 of 8 OK created sql table model analytics.orders_summary ..................... [[32mSELECT 10000[0m in 0.53s]
[2025-09-09T13:00:09.084+0000] {subprocess.py:93} INFO - [0m13:00:09  7 of 8 OK created sql table model analytics.order_count_year+month_diff ........ [[32mSELECT 28[0m in 0.58s]
[2025-09-09T13:00:09.126+0000] {subprocess.py:93} INFO - [0m13:00:09
[2025-09-09T13:00:09.129+0000] {subprocess.py:93} INFO - [0m13:00:09  Finished running 4 view models, 4 table models in 0 hours 0 minutes and 1.80 seconds (1.80s).
[2025-09-09T13:00:09.178+0000] {subprocess.py:93} INFO - [0m13:00:09
[2025-09-09T13:00:09.182+0000] {subprocess.py:93} INFO - [0m13:00:09  [32mCompleted successfully[0m
[2025-09-09T13:00:09.185+0000] {subprocess.py:93} INFO - [0m13:00:09
[2025-09-09T13:00:09.188+0000] {subprocess.py:93} INFO - [0m13:00:09  Done. PASS=8 WARN=0 ERROR=0 SKIP=0 TOTAL=8
[2025-09-09T13:00:19.613+0000] {subprocess.py:97} INFO - Command exited with return code 0
[2025-09-09T13:00:19.614+0000] {taskinstance.py:441} INFO - ::group::Post task execution logs
[2025-09-09T13:00:19.674+0000] {taskinstance.py:1206} INFO - Marking task as SUCCESS. dag_id=dbt_run_models, task_id=run_dbt_models, run_id=scheduled__2025-09-09T12:00:00+00:00, execution_date=20250909T120000, start_date=20250909T130002, end_date=20250909T130019
[2025-09-09T13:00:19.748+0000] {local_task_job_runner.py:243} INFO - Task exited with return code 0
[2025-09-09T13:00:19.780+0000] {taskinstance.py:3503} INFO - 1 downstream tasks scheduled from follow-on schedule check
[2025-09-09T13:00:19.783+0000] {local_task_job_runner.py:222} INFO - ::endgroup::
