[2025-09-09T00:00:02.000+0000] {local_task_job_runner.py:120} INFO - ::group::Pre task execution logs
[2025-09-09T00:00:02.043+0000] {taskinstance.py:2076} INFO - Dependencies all met for dep_context=non-requeueable deps ti=<TaskInstance: dbt_run_models.run_dbt_models scheduled__2025-09-08T23:00:00+00:00 [queued]>
[2025-09-09T00:00:02.057+0000] {taskinstance.py:2076} INFO - Dependencies all met for dep_context=requeueable deps ti=<TaskInstance: dbt_run_models.run_dbt_models scheduled__2025-09-08T23:00:00+00:00 [queued]>
[2025-09-09T00:00:02.057+0000] {taskinstance.py:2306} INFO - Starting attempt 1 of 2
[2025-09-09T00:00:02.084+0000] {taskinstance.py:2330} INFO - Executing <Task(BashOperator): run_dbt_models> on 2025-09-08 23:00:00+00:00
[2025-09-09T00:00:02.094+0000] {warnings.py:112} WARNING - /home/airflow/.local/lib/python3.12/site-packages/airflow/task/task_runner/standard_task_runner.py:62: DeprecationWarning: This process (pid=2631) is multi-threaded, use of fork() may lead to deadlocks in the child.
  pid = os.fork()

[2025-09-09T00:00:02.095+0000] {standard_task_runner.py:64} INFO - Started process 2636 to run task
[2025-09-09T00:00:02.101+0000] {standard_task_runner.py:90} INFO - Running: ['airflow', 'tasks', 'run', 'dbt_run_models', 'run_dbt_models', 'scheduled__2025-09-08T23:00:00+00:00', '--job-id', '1252', '--raw', '--subdir', 'DAGS_FOLDER/dbt_dag.py', '--cfg-path', '/tmp/tmpmfcp40q3']
[2025-09-09T00:00:02.102+0000] {standard_task_runner.py:91} INFO - Job 1252: Subtask run_dbt_models
[2025-09-09T00:00:02.140+0000] {warnings.py:112} WARNING - /home/airflow/.local/lib/python3.12/site-packages/airflow/settings.py:195: DeprecationWarning: The sql_alchemy_conn option in [core] has been moved to the sql_alchemy_conn option in [database] - the old setting has been used, but please update your config.
  SQL_ALCHEMY_CONN = conf.get("database", "SQL_ALCHEMY_CONN")

[2025-09-09T00:00:02.189+0000] {task_command.py:426} INFO - Running <TaskInstance: dbt_run_models.run_dbt_models scheduled__2025-09-08T23:00:00+00:00 [running]> on host b5ea13053d47
[2025-09-09T00:00:02.354+0000] {taskinstance.py:2648} INFO - Exporting env vars: AIRFLOW_CTX_DAG_OWNER='airflow' AIRFLOW_CTX_DAG_ID='dbt_run_models' AIRFLOW_CTX_TASK_ID='run_dbt_models' AIRFLOW_CTX_EXECUTION_DATE='2025-09-08T23:00:00+00:00' AIRFLOW_CTX_TRY_NUMBER='1' AIRFLOW_CTX_DAG_RUN_ID='scheduled__2025-09-08T23:00:00+00:00'
[2025-09-09T00:00:02.356+0000] {taskinstance.py:430} INFO - ::endgroup::
[2025-09-09T00:00:02.419+0000] {subprocess.py:63} INFO - Tmp dir root location: /tmp
[2025-09-09T00:00:02.423+0000] {subprocess.py:75} INFO - Running command: ['/usr/bin/bash', '-c', '\n        cd /usr/app &&         dbt run --profiles-dir /usr/app\n        ']
[2025-09-09T00:00:02.483+0000] {subprocess.py:86} INFO - Output:
[2025-09-09T00:00:09.106+0000] {subprocess.py:93} INFO - [0m00:00:09  Running with dbt=1.7.9
[2025-09-09T00:00:10.241+0000] {subprocess.py:93} INFO - [0m00:00:10  Registered adapter: postgres=1.7.9
[2025-09-09T00:00:10.485+0000] {subprocess.py:93} INFO - [0m00:00:10  [[33mWARNING[0m]: Configuration paths exist in your dbt_project.yml file which do not apply to any resources.
[2025-09-09T00:00:10.486+0000] {subprocess.py:93} INFO - There are 1 unused configuration paths:
[2025-09-09T00:00:10.486+0000] {subprocess.py:93} INFO - - models.my_project.sources
[2025-09-09T00:00:10.558+0000] {subprocess.py:93} INFO - [0m00:00:10  Found 8 models, 7 sources, 0 exposures, 0 metrics, 401 macros, 0 groups, 0 semantic models
[2025-09-09T00:00:10.567+0000] {subprocess.py:93} INFO - [0m00:00:10
[2025-09-09T00:00:10.862+0000] {subprocess.py:93} INFO - [0m00:00:10  Concurrency: 4 threads (target='dev')
[2025-09-09T00:00:10.865+0000] {subprocess.py:93} INFO - [0m00:00:10
[2025-09-09T00:00:10.903+0000] {subprocess.py:93} INFO - [0m00:00:10  1 of 8 START sql view model analytics.stg_AOV .................................. [RUN]
[2025-09-09T00:00:10.907+0000] {subprocess.py:93} INFO - [0m00:00:10  2 of 8 START sql view model analytics.stg_order_count_year ..................... [RUN]
[2025-09-09T00:00:10.911+0000] {subprocess.py:93} INFO - [0m00:00:10  3 of 8 START sql view model analytics.stg_order_details ........................ [RUN]
[2025-09-09T00:00:10.915+0000] {subprocess.py:93} INFO - [0m00:00:10  4 of 8 START sql view model analytics.stg_orders ............................... [RUN]
[2025-09-09T00:00:11.516+0000] {subprocess.py:93} INFO - [0m00:00:11  3 of 8 OK created sql view model analytics.stg_order_details ................... [[32mCREATE VIEW[0m in 0.59s]
[2025-09-09T00:00:11.543+0000] {subprocess.py:93} INFO - [0m00:00:11  4 of 8 OK created sql view model analytics.stg_orders .......................... [[32mCREATE VIEW[0m in 0.62s]
[2025-09-09T00:00:11.560+0000] {subprocess.py:93} INFO - [0m00:00:11  2 of 8 OK created sql view model analytics.stg_order_count_year ................ [[32mCREATE VIEW[0m in 0.63s]
[2025-09-09T00:00:11.563+0000] {subprocess.py:93} INFO - [0m00:00:11  1 of 8 OK created sql view model analytics.stg_AOV ............................. [[32mCREATE VIEW[0m in 0.64s]
[2025-09-09T00:00:11.580+0000] {subprocess.py:93} INFO - [0m00:00:11  5 of 8 START sql table model analytics.orders_summary .......................... [RUN]
[2025-09-09T00:00:11.582+0000] {subprocess.py:93} INFO - [0m00:00:11  6 of 8 START sql table model analytics.AOV_chek ................................ [RUN]
[2025-09-09T00:00:11.587+0000] {subprocess.py:93} INFO - [0m00:00:11  7 of 8 START sql table model analytics.order_count_year ........................ [RUN]
[2025-09-09T00:00:11.588+0000] {subprocess.py:93} INFO - [0m00:00:11  8 of 8 START sql table model analytics.order_count_year+month_diff ............. [RUN]
[2025-09-09T00:00:12.056+0000] {subprocess.py:93} INFO - [0m00:00:12  6 of 8 OK created sql table model analytics.AOV_chek ........................... [[32mSELECT 50[0m in 0.45s]
[2025-09-09T00:00:12.069+0000] {subprocess.py:93} INFO - [0m00:00:12  8 of 8 OK created sql table model analytics.order_count_year+month_diff ........ [[32mSELECT 28[0m in 0.46s]
[2025-09-09T00:00:12.084+0000] {subprocess.py:93} INFO - [0m00:00:12  7 of 8 OK created sql table model analytics.order_count_year ................... [[32mSELECT 4[0m in 0.49s]
[2025-09-09T00:00:12.103+0000] {subprocess.py:93} INFO - [0m00:00:12  5 of 8 OK created sql table model analytics.orders_summary ..................... [[32mSELECT 10000[0m in 0.52s]
[2025-09-09T00:00:12.143+0000] {subprocess.py:93} INFO - [0m00:00:12
[2025-09-09T00:00:12.144+0000] {subprocess.py:93} INFO - [0m00:00:12  Finished running 4 view models, 4 table models in 0 hours 0 minutes and 1.58 seconds (1.58s).
[2025-09-09T00:00:12.160+0000] {subprocess.py:93} INFO - [0m00:00:12
[2025-09-09T00:00:12.161+0000] {subprocess.py:93} INFO - [0m00:00:12  [32mCompleted successfully[0m
[2025-09-09T00:00:12.162+0000] {subprocess.py:93} INFO - [0m00:00:12
[2025-09-09T00:00:12.163+0000] {subprocess.py:93} INFO - [0m00:00:12  Done. PASS=8 WARN=0 ERROR=0 SKIP=0 TOTAL=8
[2025-09-09T00:00:22.568+0000] {subprocess.py:97} INFO - Command exited with return code 0
[2025-09-09T00:00:22.572+0000] {taskinstance.py:441} INFO - ::group::Post task execution logs
[2025-09-09T00:00:22.619+0000] {taskinstance.py:1206} INFO - Marking task as SUCCESS. dag_id=dbt_run_models, task_id=run_dbt_models, run_id=scheduled__2025-09-08T23:00:00+00:00, execution_date=20250908T230000, start_date=20250909T000002, end_date=20250909T000022
[2025-09-09T00:00:22.688+0000] {local_task_job_runner.py:243} INFO - Task exited with return code 0
[2025-09-09T00:00:22.725+0000] {taskinstance.py:3503} INFO - 1 downstream tasks scheduled from follow-on schedule check
[2025-09-09T00:00:22.728+0000] {local_task_job_runner.py:222} INFO - ::endgroup::
