[2025-09-07T11:00:00.973+0000] {local_task_job_runner.py:120} INFO - ::group::Pre task execution logs
[2025-09-07T11:00:01.039+0000] {taskinstance.py:2076} INFO - Dependencies all met for dep_context=non-requeueable deps ti=<TaskInstance: dbt_run_models.run_dbt_models scheduled__2025-09-07T10:00:00+00:00 [queued]>
[2025-09-07T11:00:01.061+0000] {taskinstance.py:2076} INFO - Dependencies all met for dep_context=requeueable deps ti=<TaskInstance: dbt_run_models.run_dbt_models scheduled__2025-09-07T10:00:00+00:00 [queued]>
[2025-09-07T11:00:01.062+0000] {taskinstance.py:2306} INFO - Starting attempt 1 of 2
[2025-09-07T11:00:01.104+0000] {taskinstance.py:2330} INFO - Executing <Task(BashOperator): run_dbt_models> on 2025-09-07 10:00:00+00:00
[2025-09-07T11:00:01.116+0000] {standard_task_runner.py:90} INFO - Running: ['airflow', 'tasks', 'run', 'dbt_run_models', 'run_dbt_models', 'scheduled__2025-09-07T10:00:00+00:00', '--job-id', '1168', '--raw', '--subdir', 'DAGS_FOLDER/dbt_dag.py', '--cfg-path', '/tmp/tmpqpf_mbxi']
[2025-09-07T11:00:01.115+0000] {warnings.py:112} WARNING - /home/airflow/.local/lib/python3.12/site-packages/airflow/task/task_runner/standard_task_runner.py:62: DeprecationWarning: This process (pid=1894) is multi-threaded, use of fork() may lead to deadlocks in the child.
  pid = os.fork()

[2025-09-07T11:00:01.117+0000] {standard_task_runner.py:91} INFO - Job 1168: Subtask run_dbt_models
[2025-09-07T11:00:01.117+0000] {standard_task_runner.py:64} INFO - Started process 1895 to run task
[2025-09-07T11:00:01.151+0000] {warnings.py:112} WARNING - /home/airflow/.local/lib/python3.12/site-packages/airflow/settings.py:195: DeprecationWarning: The sql_alchemy_conn option in [core] has been moved to the sql_alchemy_conn option in [database] - the old setting has been used, but please update your config.
  SQL_ALCHEMY_CONN = conf.get("database", "SQL_ALCHEMY_CONN")

[2025-09-07T11:00:01.226+0000] {task_command.py:426} INFO - Running <TaskInstance: dbt_run_models.run_dbt_models scheduled__2025-09-07T10:00:00+00:00 [running]> on host b5ea13053d47
[2025-09-07T11:00:01.476+0000] {taskinstance.py:2648} INFO - Exporting env vars: AIRFLOW_CTX_DAG_OWNER='airflow' AIRFLOW_CTX_DAG_ID='dbt_run_models' AIRFLOW_CTX_TASK_ID='run_dbt_models' AIRFLOW_CTX_EXECUTION_DATE='2025-09-07T10:00:00+00:00' AIRFLOW_CTX_TRY_NUMBER='1' AIRFLOW_CTX_DAG_RUN_ID='scheduled__2025-09-07T10:00:00+00:00'
[2025-09-07T11:00:01.478+0000] {taskinstance.py:430} INFO - ::endgroup::
[2025-09-07T11:00:01.516+0000] {subprocess.py:63} INFO - Tmp dir root location: /tmp
[2025-09-07T11:00:01.517+0000] {subprocess.py:75} INFO - Running command: ['/usr/bin/bash', '-c', '\n        cd /usr/app &&         dbt run --profiles-dir /usr/app\n        ']
[2025-09-07T11:00:01.534+0000] {subprocess.py:86} INFO - Output:
[2025-09-07T11:00:05.408+0000] {subprocess.py:93} INFO - [0m11:00:05  Running with dbt=1.7.9
[2025-09-07T11:00:05.834+0000] {subprocess.py:93} INFO - [0m11:00:05  Registered adapter: postgres=1.7.9
[2025-09-07T11:00:05.882+0000] {subprocess.py:93} INFO - [0m11:00:05  [[33mWARNING[0m]: Configuration paths exist in your dbt_project.yml file which do not apply to any resources.
[2025-09-07T11:00:05.883+0000] {subprocess.py:93} INFO - There are 1 unused configuration paths:
[2025-09-07T11:00:05.883+0000] {subprocess.py:93} INFO - - models.my_project.sources
[2025-09-07T11:00:05.909+0000] {subprocess.py:93} INFO - [0m11:00:05  Found 7 models, 7 sources, 0 exposures, 0 metrics, 401 macros, 0 groups, 0 semantic models
[2025-09-07T11:00:05.912+0000] {subprocess.py:93} INFO - [0m11:00:05
[2025-09-07T11:00:06.135+0000] {subprocess.py:93} INFO - [0m11:00:06  Concurrency: 4 threads (target='dev')
[2025-09-07T11:00:06.136+0000] {subprocess.py:93} INFO - [0m11:00:06
[2025-09-07T11:00:06.151+0000] {subprocess.py:93} INFO - [0m11:00:06  1 of 7 START sql view model analytics.stg_AOV .................................. [RUN]
[2025-09-07T11:00:06.186+0000] {subprocess.py:93} INFO - [0m11:00:06  2 of 7 START sql view model analytics.stg_order_count_year ..................... [RUN]
[2025-09-07T11:00:06.196+0000] {subprocess.py:93} INFO - [0m11:00:06  3 of 7 START sql view model analytics.stg_order_details ........................ [RUN]
[2025-09-07T11:00:06.198+0000] {subprocess.py:93} INFO - [0m11:00:06  4 of 7 START sql view model analytics.stg_orders ............................... [RUN]
[2025-09-07T11:00:06.817+0000] {subprocess.py:93} INFO - [0m11:00:06  1 of 7 OK created sql view model analytics.stg_AOV ............................. [[32mCREATE VIEW[0m in 0.66s]
[2025-09-07T11:00:06.825+0000] {subprocess.py:93} INFO - [0m11:00:06  2 of 7 OK created sql view model analytics.stg_order_count_year ................ [[32mCREATE VIEW[0m in 0.62s]
[2025-09-07T11:00:06.826+0000] {subprocess.py:93} INFO - [0m11:00:06  3 of 7 OK created sql view model analytics.stg_order_details ................... [[32mCREATE VIEW[0m in 0.60s]
[2025-09-07T11:00:06.828+0000] {subprocess.py:93} INFO - [0m11:00:06  4 of 7 OK created sql view model analytics.stg_orders .......................... [[32mCREATE VIEW[0m in 0.61s]
[2025-09-07T11:00:06.849+0000] {subprocess.py:93} INFO - [0m11:00:06  5 of 7 START sql table model analytics.AOV_chek ................................ [RUN]
[2025-09-07T11:00:06.853+0000] {subprocess.py:93} INFO - [0m11:00:06  6 of 7 START sql table model analytics.order_count_year ........................ [RUN]
[2025-09-07T11:00:06.860+0000] {subprocess.py:93} INFO - [0m11:00:06  7 of 7 START sql table model analytics.orders_summary .......................... [RUN]
[2025-09-07T11:00:07.268+0000] {subprocess.py:93} INFO - [0m11:00:07  5 of 7 OK created sql table model analytics.AOV_chek ........................... [[32mSELECT 50[0m in 0.40s]
[2025-09-07T11:00:07.273+0000] {subprocess.py:93} INFO - [0m11:00:07  7 of 7 OK created sql table model analytics.orders_summary ..................... [[32mSELECT 10000[0m in 0.39s]
[2025-09-07T11:00:07.286+0000] {subprocess.py:93} INFO - [0m11:00:07  6 of 7 OK created sql table model analytics.order_count_year ................... [[32mSELECT 4[0m in 0.41s]
[2025-09-07T11:00:07.327+0000] {subprocess.py:93} INFO - [0m11:00:07
[2025-09-07T11:00:07.329+0000] {subprocess.py:93} INFO - [0m11:00:07  Finished running 4 view models, 3 table models in 0 hours 0 minutes and 1.41 seconds (1.41s).
[2025-09-07T11:00:07.366+0000] {subprocess.py:93} INFO - [0m11:00:07
[2025-09-07T11:00:07.368+0000] {subprocess.py:93} INFO - [0m11:00:07  [32mCompleted successfully[0m
[2025-09-07T11:00:07.369+0000] {subprocess.py:93} INFO - [0m11:00:07
[2025-09-07T11:00:07.371+0000] {subprocess.py:93} INFO - [0m11:00:07  Done. PASS=7 WARN=0 ERROR=0 SKIP=0 TOTAL=7
[2025-09-07T11:00:17.929+0000] {subprocess.py:97} INFO - Command exited with return code 0
[2025-09-07T11:00:17.930+0000] {taskinstance.py:441} INFO - ::group::Post task execution logs
[2025-09-07T11:00:17.999+0000] {taskinstance.py:1206} INFO - Marking task as SUCCESS. dag_id=dbt_run_models, task_id=run_dbt_models, run_id=scheduled__2025-09-07T10:00:00+00:00, execution_date=20250907T100000, start_date=20250907T110001, end_date=20250907T110017
[2025-09-07T11:00:18.047+0000] {local_task_job_runner.py:243} INFO - Task exited with return code 0
[2025-09-07T11:00:18.093+0000] {taskinstance.py:3503} INFO - 1 downstream tasks scheduled from follow-on schedule check
[2025-09-07T11:00:18.097+0000] {local_task_job_runner.py:222} INFO - ::endgroup::
