[2025-08-27T15:58:59.131+0000] {local_task_job_runner.py:120} INFO - ::group::Pre task execution logs
[2025-08-27T15:58:59.195+0000] {taskinstance.py:2076} INFO - Dependencies all met for dep_context=non-requeueable deps ti=<TaskInstance: daily_generate_orders.generate_new_data scheduled__2025-08-27T06:00:00+00:00 [queued]>
[2025-08-27T15:58:59.219+0000] {taskinstance.py:2076} INFO - Dependencies all met for dep_context=requeueable deps ti=<TaskInstance: daily_generate_orders.generate_new_data scheduled__2025-08-27T06:00:00+00:00 [queued]>
[2025-08-27T15:58:59.220+0000] {taskinstance.py:2306} INFO - Starting attempt 1 of 1
[2025-08-27T15:58:59.250+0000] {taskinstance.py:2330} INFO - Executing <Task(PythonOperator): generate_new_data> on 2025-08-27 06:00:00+00:00
[2025-08-27T15:58:59.262+0000] {warnings.py:112} WARNING - /home/airflow/.local/lib/python3.12/site-packages/airflow/task/task_runner/standard_task_runner.py:62: DeprecationWarning: This process (pid=1456) is multi-threaded, use of fork() may lead to deadlocks in the child.
  pid = os.fork()

[2025-08-27T15:58:59.263+0000] {standard_task_runner.py:64} INFO - Started process 1458 to run task
[2025-08-27T15:58:59.271+0000] {standard_task_runner.py:90} INFO - Running: ['airflow', 'tasks', 'run', 'daily_generate_orders', 'generate_new_data', 'scheduled__2025-08-27T06:00:00+00:00', '--job-id', '676', '--raw', '--subdir', 'DAGS_FOLDER/generate_fake_shop_csv.py', '--cfg-path', '/tmp/tmpfg4nvdu2']
[2025-08-27T15:58:59.283+0000] {standard_task_runner.py:91} INFO - Job 676: Subtask generate_new_data
[2025-08-27T15:58:59.303+0000] {warnings.py:112} WARNING - /home/airflow/.local/lib/python3.12/site-packages/airflow/settings.py:195: DeprecationWarning: The sql_alchemy_conn option in [core] has been moved to the sql_alchemy_conn option in [database] - the old setting has been used, but please update your config.
  SQL_ALCHEMY_CONN = conf.get("database", "SQL_ALCHEMY_CONN")

[2025-08-27T15:58:59.343+0000] {task_command.py:426} INFO - Running <TaskInstance: daily_generate_orders.generate_new_data scheduled__2025-08-27T06:00:00+00:00 [running]> on host b5ea13053d47
[2025-08-27T15:58:59.527+0000] {taskinstance.py:2648} INFO - Exporting env vars: AIRFLOW_CTX_DAG_OWNER='airflow' AIRFLOW_CTX_DAG_ID='daily_generate_orders' AIRFLOW_CTX_TASK_ID='generate_new_data' AIRFLOW_CTX_EXECUTION_DATE='2025-08-27T06:00:00+00:00' AIRFLOW_CTX_TRY_NUMBER='1' AIRFLOW_CTX_DAG_RUN_ID='scheduled__2025-08-27T06:00:00+00:00'
[2025-08-27T15:58:59.528+0000] {taskinstance.py:430} INFO - ::endgroup::
[2025-08-27T15:58:59.968+0000] {logging_mixin.py:188} INFO - ✅ Добавлено 10 новых заказов вместе с order_items, payment и shipments
[2025-08-27T15:58:59.969+0000] {python.py:237} INFO - Done. Returned value was: None
[2025-08-27T15:58:59.970+0000] {taskinstance.py:441} INFO - ::group::Post task execution logs
[2025-08-27T15:58:59.979+0000] {taskinstance.py:1206} INFO - Marking task as SUCCESS. dag_id=daily_generate_orders, task_id=generate_new_data, run_id=scheduled__2025-08-27T06:00:00+00:00, execution_date=20250827T060000, start_date=20250827T155859, end_date=20250827T155859
[2025-08-27T15:59:00.010+0000] {local_task_job_runner.py:243} INFO - Task exited with return code 0
[2025-08-27T15:59:00.040+0000] {taskinstance.py:3503} INFO - 0 downstream tasks scheduled from follow-on schedule check
[2025-08-27T15:59:00.043+0000] {local_task_job_runner.py:222} INFO - ::endgroup::
[2025-08-27T16:32:53.620+0000] {local_task_job_runner.py:120} INFO - ::group::Pre task execution logs
[2025-08-27T16:32:53.669+0000] {taskinstance.py:2076} INFO - Dependencies all met for dep_context=non-requeueable deps ti=<TaskInstance: daily_generate_orders.generate_new_data scheduled__2025-08-27T06:00:00+00:00 [queued]>
[2025-08-27T16:32:53.678+0000] {taskinstance.py:2076} INFO - Dependencies all met for dep_context=requeueable deps ti=<TaskInstance: daily_generate_orders.generate_new_data scheduled__2025-08-27T06:00:00+00:00 [queued]>
[2025-08-27T16:32:53.679+0000] {taskinstance.py:2306} INFO - Starting attempt 1 of 1
[2025-08-27T16:32:53.694+0000] {taskinstance.py:2330} INFO - Executing <Task(PythonOperator): generate_new_data> on 2025-08-27 06:00:00+00:00
[2025-08-27T16:32:53.702+0000] {warnings.py:112} WARNING - /home/airflow/.local/lib/python3.12/site-packages/airflow/task/task_runner/standard_task_runner.py:62: DeprecationWarning: This process (pid=1506) is multi-threaded, use of fork() may lead to deadlocks in the child.
  pid = os.fork()

[2025-08-27T16:32:53.703+0000] {standard_task_runner.py:64} INFO - Started process 1508 to run task
[2025-08-27T16:32:53.707+0000] {standard_task_runner.py:90} INFO - Running: ['airflow', 'tasks', 'run', 'daily_generate_orders', 'generate_new_data', 'scheduled__2025-08-27T06:00:00+00:00', '--job-id', '686', '--raw', '--subdir', 'DAGS_FOLDER/generate_fake_shop_csv.py', '--cfg-path', '/tmp/tmp0ywof3gs']
[2025-08-27T16:32:53.711+0000] {standard_task_runner.py:91} INFO - Job 686: Subtask generate_new_data
[2025-08-27T16:32:53.754+0000] {warnings.py:112} WARNING - /home/airflow/.local/lib/python3.12/site-packages/airflow/settings.py:195: DeprecationWarning: The sql_alchemy_conn option in [core] has been moved to the sql_alchemy_conn option in [database] - the old setting has been used, but please update your config.
  SQL_ALCHEMY_CONN = conf.get("database", "SQL_ALCHEMY_CONN")

[2025-08-27T16:32:53.829+0000] {task_command.py:426} INFO - Running <TaskInstance: daily_generate_orders.generate_new_data scheduled__2025-08-27T06:00:00+00:00 [running]> on host b5ea13053d47
[2025-08-27T16:32:53.976+0000] {taskinstance.py:2648} INFO - Exporting env vars: AIRFLOW_CTX_DAG_OWNER='airflow' AIRFLOW_CTX_DAG_ID='daily_generate_orders' AIRFLOW_CTX_TASK_ID='generate_new_data' AIRFLOW_CTX_EXECUTION_DATE='2025-08-27T06:00:00+00:00' AIRFLOW_CTX_TRY_NUMBER='1' AIRFLOW_CTX_DAG_RUN_ID='scheduled__2025-08-27T06:00:00+00:00'
[2025-08-27T16:32:53.979+0000] {taskinstance.py:430} INFO - ::endgroup::
[2025-08-27T16:32:54.306+0000] {taskinstance.py:441} INFO - ::group::Post task execution logs
[2025-08-27T16:32:54.306+0000] {taskinstance.py:2905} ERROR - Task failed with exception
Traceback (most recent call last):
  File "/home/airflow/.local/lib/python3.12/site-packages/airflow/models/taskinstance.py", line 465, in _execute_task
    result = _execute_callable(context=context, **execute_callable_kwargs)
             ^^^^^^^^^^^^^^^^^^^^^^^^^^^^^^^^^^^^^^^^^^^^^^^^^^^^^^^^^^^^^
  File "/home/airflow/.local/lib/python3.12/site-packages/airflow/models/taskinstance.py", line 432, in _execute_callable
    return execute_callable(context=context, **execute_callable_kwargs)
           ^^^^^^^^^^^^^^^^^^^^^^^^^^^^^^^^^^^^^^^^^^^^^^^^^^^^^^^^^^^^
  File "/home/airflow/.local/lib/python3.12/site-packages/airflow/models/baseoperator.py", line 401, in wrapper
    return func(self, *args, **kwargs)
           ^^^^^^^^^^^^^^^^^^^^^^^^^^^
  File "/home/airflow/.local/lib/python3.12/site-packages/airflow/operators/python.py", line 235, in execute
    return_value = self.execute_callable()
                   ^^^^^^^^^^^^^^^^^^^^^^^
  File "/home/airflow/.local/lib/python3.12/site-packages/airflow/operators/python.py", line 252, in execute_callable
    return self.python_callable(*self.op_args, **self.op_kwargs)
           ^^^^^^^^^^^^^^^^^^^^^^^^^^^^^^^^^^^^^^^^^^^^^^^^^^^^^
  File "/opt/airflow/dags/generate_fake_shop_csv.py", line 252, in generate_new_data
    orders.to_csv(os.path.join(CSV_FOLDER, "orders.csv"), index=False, date_format="%Y-%m-%d")
  File "/home/airflow/.local/lib/python3.12/site-packages/pandas/core/generic.py", line 3902, in to_csv
    return DataFrameRenderer(formatter).to_csv(
           ^^^^^^^^^^^^^^^^^^^^^^^^^^^^^^^^^^^^
  File "/home/airflow/.local/lib/python3.12/site-packages/pandas/io/formats/format.py", line 1152, in to_csv
    csv_formatter.save()
  File "/home/airflow/.local/lib/python3.12/site-packages/pandas/io/formats/csvs.py", line 247, in save
    with get_handle(
         ^^^^^^^^^^^
  File "/home/airflow/.local/lib/python3.12/site-packages/pandas/io/common.py", line 863, in get_handle
    handle = open(
             ^^^^^
PermissionError: [Errno 13] Permission denied: '/opt/airflow/plugins/orders.csv'
[2025-08-27T16:32:54.328+0000] {taskinstance.py:1206} INFO - Marking task as FAILED. dag_id=daily_generate_orders, task_id=generate_new_data, run_id=scheduled__2025-08-27T06:00:00+00:00, execution_date=20250827T060000, start_date=20250827T163253, end_date=20250827T163254
[2025-08-27T16:32:54.350+0000] {standard_task_runner.py:110} ERROR - Failed to execute job 686 for task generate_new_data ([Errno 13] Permission denied: '/opt/airflow/plugins/orders.csv'; 1508)
[2025-08-27T16:32:54.366+0000] {local_task_job_runner.py:243} INFO - Task exited with return code 1
[2025-08-27T16:32:54.382+0000] {taskinstance.py:3503} INFO - 0 downstream tasks scheduled from follow-on schedule check
[2025-08-27T16:32:54.386+0000] {local_task_job_runner.py:222} INFO - ::endgroup::
