[2025-09-03T10:00:00.870+0000] {local_task_job_runner.py:120} INFO - ::group::Pre task execution logs
[2025-09-03T10:00:00.930+0000] {taskinstance.py:2076} INFO - Dependencies all met for dep_context=non-requeueable deps ti=<TaskInstance: dbt_run_models.run_dbt_models scheduled__2025-09-03T09:00:00+00:00 [queued]>
[2025-09-03T10:00:00.962+0000] {taskinstance.py:2076} INFO - Dependencies all met for dep_context=requeueable deps ti=<TaskInstance: dbt_run_models.run_dbt_models scheduled__2025-09-03T09:00:00+00:00 [queued]>
[2025-09-03T10:00:00.963+0000] {taskinstance.py:2306} INFO - Starting attempt 1 of 2
[2025-09-03T10:00:00.995+0000] {taskinstance.py:2330} INFO - Executing <Task(BashOperator): run_dbt_models> on 2025-09-03 09:00:00+00:00
[2025-09-03T10:00:01.004+0000] {warnings.py:112} WARNING - /home/airflow/.local/lib/python3.12/site-packages/airflow/task/task_runner/standard_task_runner.py:62: DeprecationWarning: This process (pid=109) is multi-threaded, use of fork() may lead to deadlocks in the child.
  pid = os.fork()

[2025-09-03T10:00:01.006+0000] {standard_task_runner.py:64} INFO - Started process 110 to run task
[2025-09-03T10:00:01.006+0000] {standard_task_runner.py:90} INFO - Running: ['airflow', 'tasks', 'run', 'dbt_run_models', 'run_dbt_models', 'scheduled__2025-09-03T09:00:00+00:00', '--job-id', '943', '--raw', '--subdir', 'DAGS_FOLDER/dbt_dag.py', '--cfg-path', '/tmp/tmpaa945bnz']
[2025-09-03T10:00:01.007+0000] {standard_task_runner.py:91} INFO - Job 943: Subtask run_dbt_models
[2025-09-03T10:00:01.030+0000] {warnings.py:112} WARNING - /home/airflow/.local/lib/python3.12/site-packages/airflow/settings.py:195: DeprecationWarning: The sql_alchemy_conn option in [core] has been moved to the sql_alchemy_conn option in [database] - the old setting has been used, but please update your config.
  SQL_ALCHEMY_CONN = conf.get("database", "SQL_ALCHEMY_CONN")

[2025-09-03T10:00:01.115+0000] {task_command.py:426} INFO - Running <TaskInstance: dbt_run_models.run_dbt_models scheduled__2025-09-03T09:00:00+00:00 [running]> on host b5ea13053d47
[2025-09-03T10:00:01.395+0000] {taskinstance.py:2648} INFO - Exporting env vars: AIRFLOW_CTX_DAG_OWNER='airflow' AIRFLOW_CTX_DAG_ID='dbt_run_models' AIRFLOW_CTX_TASK_ID='run_dbt_models' AIRFLOW_CTX_EXECUTION_DATE='2025-09-03T09:00:00+00:00' AIRFLOW_CTX_TRY_NUMBER='1' AIRFLOW_CTX_DAG_RUN_ID='scheduled__2025-09-03T09:00:00+00:00'
[2025-09-03T10:00:01.397+0000] {taskinstance.py:430} INFO - ::endgroup::
[2025-09-03T10:00:01.451+0000] {subprocess.py:63} INFO - Tmp dir root location: /tmp
[2025-09-03T10:00:01.453+0000] {subprocess.py:75} INFO - Running command: ['/usr/bin/bash', '-c', '\n        cd /usr/app &&         dbt run --profiles-dir /usr/app\n        ']
[2025-09-03T10:00:01.475+0000] {subprocess.py:86} INFO - Output:
[2025-09-03T10:00:06.477+0000] {subprocess.py:93} INFO - [0m10:00:06  Running with dbt=1.7.9
[2025-09-03T10:00:06.946+0000] {subprocess.py:93} INFO - [0m10:00:06  Registered adapter: postgres=1.7.9
[2025-09-03T10:00:07.021+0000] {subprocess.py:93} INFO - [0m10:00:07  [[33mWARNING[0m]: Configuration paths exist in your dbt_project.yml file which do not apply to any resources.
[2025-09-03T10:00:07.021+0000] {subprocess.py:93} INFO - There are 1 unused configuration paths:
[2025-09-03T10:00:07.022+0000] {subprocess.py:93} INFO - - models.my_project.sources
[2025-09-03T10:00:07.061+0000] {subprocess.py:93} INFO - [0m10:00:07  Found 5 models, 7 sources, 0 exposures, 0 metrics, 401 macros, 0 groups, 0 semantic models
[2025-09-03T10:00:07.076+0000] {subprocess.py:93} INFO - [0m10:00:07
[2025-09-03T10:00:07.425+0000] {subprocess.py:93} INFO - [0m10:00:07  Concurrency: 4 threads (target='dev')
[2025-09-03T10:00:07.428+0000] {subprocess.py:93} INFO - [0m10:00:07
[2025-09-03T10:00:07.478+0000] {subprocess.py:93} INFO - [0m10:00:07  1 of 5 START sql view model analytics.stg_order_count_year ..................... [RUN]
[2025-09-03T10:00:07.482+0000] {subprocess.py:93} INFO - [0m10:00:07  2 of 5 START sql view model analytics.stg_order_details ........................ [RUN]
[2025-09-03T10:00:07.491+0000] {subprocess.py:93} INFO - [0m10:00:07  3 of 5 START sql view model analytics.stg_orders ............................... [RUN]
[2025-09-03T10:00:08.808+0000] {subprocess.py:93} INFO - [0m10:00:08  1 of 5 OK created sql view model analytics.stg_order_count_year ................ [[32mCREATE VIEW[0m in 1.32s]
[2025-09-03T10:00:08.811+0000] {subprocess.py:93} INFO - [0m10:00:08  3 of 5 OK created sql view model analytics.stg_orders .......................... [[32mCREATE VIEW[0m in 1.30s]
[2025-09-03T10:00:08.830+0000] {subprocess.py:93} INFO - [0m10:00:08  2 of 5 OK created sql view model analytics.stg_order_details ................... [[32mCREATE VIEW[0m in 1.31s]
[2025-09-03T10:00:08.848+0000] {subprocess.py:93} INFO - [0m10:00:08  4 of 5 START sql table model analytics.order_count_year ........................ [RUN]
[2025-09-03T10:00:08.851+0000] {subprocess.py:93} INFO - [0m10:00:08  5 of 5 START sql table model analytics.orders_summary .......................... [RUN]
[2025-09-03T10:00:09.294+0000] {subprocess.py:93} INFO - [0m10:00:09  4 of 5 OK created sql table model analytics.order_count_year ................... [[32mSELECT 3[0m in 0.43s]
[2025-09-03T10:00:09.357+0000] {subprocess.py:93} INFO - [0m10:00:09  5 of 5 OK created sql table model analytics.orders_summary ..................... [[32mSELECT 10000[0m in 0.50s]
[2025-09-03T10:00:09.395+0000] {subprocess.py:93} INFO - [0m10:00:09
[2025-09-03T10:00:09.396+0000] {subprocess.py:93} INFO - [0m10:00:09  Finished running 3 view models, 2 table models in 0 hours 0 minutes and 2.32 seconds (2.32s).
[2025-09-03T10:00:09.428+0000] {subprocess.py:93} INFO - [0m10:00:09
[2025-09-03T10:00:09.430+0000] {subprocess.py:93} INFO - [0m10:00:09  [32mCompleted successfully[0m
[2025-09-03T10:00:09.432+0000] {subprocess.py:93} INFO - [0m10:00:09
[2025-09-03T10:00:09.433+0000] {subprocess.py:93} INFO - [0m10:00:09  Done. PASS=5 WARN=0 ERROR=0 SKIP=0 TOTAL=5
[2025-09-03T10:00:19.875+0000] {subprocess.py:97} INFO - Command exited with return code 0
[2025-09-03T10:00:19.876+0000] {taskinstance.py:441} INFO - ::group::Post task execution logs
[2025-09-03T10:00:19.913+0000] {taskinstance.py:1206} INFO - Marking task as SUCCESS. dag_id=dbt_run_models, task_id=run_dbt_models, run_id=scheduled__2025-09-03T09:00:00+00:00, execution_date=20250903T090000, start_date=20250903T100000, end_date=20250903T100019
[2025-09-03T10:00:19.946+0000] {local_task_job_runner.py:243} INFO - Task exited with return code 0
[2025-09-03T10:00:19.993+0000] {taskinstance.py:3503} INFO - 1 downstream tasks scheduled from follow-on schedule check
[2025-09-03T10:00:19.997+0000] {local_task_job_runner.py:222} INFO - ::endgroup::
