[2025-08-26T04:00:06.440+0000] {local_task_job_runner.py:120} INFO - ::group::Pre task execution logs
[2025-08-26T04:00:06.468+0000] {taskinstance.py:2076} INFO - Dependencies all met for dep_context=non-requeueable deps ti=<TaskInstance: daily_generate_orders.load_csv_to_postgres scheduled__2025-08-26T03:00:00+00:00 [queued]>
[2025-08-26T04:00:06.481+0000] {taskinstance.py:2076} INFO - Dependencies all met for dep_context=requeueable deps ti=<TaskInstance: daily_generate_orders.load_csv_to_postgres scheduled__2025-08-26T03:00:00+00:00 [queued]>
[2025-08-26T04:00:06.481+0000] {taskinstance.py:2306} INFO - Starting attempt 1 of 1
[2025-08-26T04:00:06.499+0000] {taskinstance.py:2330} INFO - Executing <Task(PythonOperator): load_csv_to_postgres> on 2025-08-26 03:00:00+00:00
[2025-08-26T04:00:06.508+0000] {warnings.py:112} WARNING - /home/airflow/.local/lib/python3.12/site-packages/airflow/task/task_runner/standard_task_runner.py:62: DeprecationWarning: This process (pid=974) is multi-threaded, use of fork() may lead to deadlocks in the child.
  pid = os.fork()

[2025-08-26T04:00:06.509+0000] {standard_task_runner.py:64} INFO - Started process 976 to run task
[2025-08-26T04:00:06.514+0000] {standard_task_runner.py:90} INFO - Running: ['airflow', 'tasks', 'run', 'daily_generate_orders', 'load_csv_to_postgres', 'scheduled__2025-08-26T03:00:00+00:00', '--job-id', '571', '--raw', '--subdir', 'DAGS_FOLDER/generate_fake_shop_csv.py', '--cfg-path', '/tmp/tmpoy9wy3oc']
[2025-08-26T04:00:06.516+0000] {standard_task_runner.py:91} INFO - Job 571: Subtask load_csv_to_postgres
[2025-08-26T04:00:06.533+0000] {warnings.py:112} WARNING - /home/airflow/.local/lib/python3.12/site-packages/airflow/settings.py:195: DeprecationWarning: The sql_alchemy_conn option in [core] has been moved to the sql_alchemy_conn option in [database] - the old setting has been used, but please update your config.
  SQL_ALCHEMY_CONN = conf.get("database", "SQL_ALCHEMY_CONN")

[2025-08-26T04:00:06.605+0000] {task_command.py:426} INFO - Running <TaskInstance: daily_generate_orders.load_csv_to_postgres scheduled__2025-08-26T03:00:00+00:00 [running]> on host b5ea13053d47
[2025-08-26T04:00:06.758+0000] {taskinstance.py:2648} INFO - Exporting env vars: AIRFLOW_CTX_DAG_OWNER='airflow' AIRFLOW_CTX_DAG_ID='daily_generate_orders' AIRFLOW_CTX_TASK_ID='load_csv_to_postgres' AIRFLOW_CTX_EXECUTION_DATE='2025-08-26T03:00:00+00:00' AIRFLOW_CTX_TRY_NUMBER='1' AIRFLOW_CTX_DAG_RUN_ID='scheduled__2025-08-26T03:00:00+00:00'
[2025-08-26T04:00:06.759+0000] {taskinstance.py:430} INFO - ::endgroup::
[2025-08-26T04:00:06.786+0000] {base.py:84} INFO - Using connection ID 'postgres_conn' for task execution.
[2025-08-26T04:00:07.732+0000] {logging_mixin.py:188} INFO - ✅ Загружено 15000 строк в таблицу shipments
[2025-08-26T04:00:07.743+0000] {logging_mixin.py:188} INFO - ✅ Загружено 200 новых строк в таблицу shipments
[2025-08-26T04:00:07.755+0000] {logging_mixin.py:188} INFO - ✅ Загружено 200 новых строк в таблицу shipments
[2025-08-26T04:00:07.779+0000] {logging_mixin.py:188} INFO - ✅ Загружено 200 новых строк в таблицу shipments
[2025-08-26T04:00:07.792+0000] {logging_mixin.py:188} INFO - ✅ Загружено 200 новых строк в таблицу shipments
[2025-08-26T04:00:07.815+0000] {logging_mixin.py:188} INFO - ✅ Загружено 200 новых строк в таблицу shipments
[2025-08-26T04:00:07.838+0000] {logging_mixin.py:188} INFO - ✅ Загружено 200 новых строк в таблицу shipments
[2025-08-26T04:00:07.861+0000] {logging_mixin.py:188} INFO - ✅ Загружено 200 новых строк в таблицу shipments
[2025-08-26T04:00:08.657+0000] {logging_mixin.py:188} INFO - ✅ Загружено 10000 строк в таблицу customers
[2025-08-26T04:00:08.712+0000] {logging_mixin.py:188} INFO - ✅ Загружено 400 новых строк в таблицу customers
[2025-08-26T04:00:08.755+0000] {logging_mixin.py:188} INFO - ✅ Загружено 400 новых строк в таблицу customers
[2025-08-26T04:00:08.793+0000] {logging_mixin.py:188} INFO - ✅ Загружено 400 новых строк в таблицу customers
[2025-08-26T04:00:08.826+0000] {logging_mixin.py:188} INFO - ✅ Загружено 400 новых строк в таблицу customers
[2025-08-26T04:00:08.859+0000] {logging_mixin.py:188} INFO - ✅ Загружено 400 новых строк в таблицу customers
[2025-08-26T04:00:08.895+0000] {logging_mixin.py:188} INFO - ✅ Загружено 400 новых строк в таблицу customers
[2025-08-26T04:00:09.905+0000] {logging_mixin.py:188} INFO - ✅ Загружено 15018 строк в таблицу orders
[2025-08-26T04:00:09.926+0000] {logging_mixin.py:188} INFO - ✅ Загружено 218 новых строк в таблицу orders
[2025-08-26T04:00:09.946+0000] {logging_mixin.py:188} INFO - ✅ Загружено 218 новых строк в таблицу orders
[2025-08-26T04:00:09.965+0000] {logging_mixin.py:188} INFO - ✅ Загружено 218 новых строк в таблицу orders
[2025-08-26T04:00:09.984+0000] {logging_mixin.py:188} INFO - ✅ Загружено 218 новых строк в таблицу orders
[2025-08-26T04:00:10.000+0000] {logging_mixin.py:188} INFO - ✅ Загружено 218 новых строк в таблицу orders
[2025-08-26T04:00:10.164+0000] {logging_mixin.py:188} INFO - ✅ Загружено 2000 строк в таблицу products
[2025-08-26T04:00:10.199+0000] {logging_mixin.py:188} INFO - ✅ Загружено 400 новых строк в таблицу products
[2025-08-26T04:00:10.232+0000] {logging_mixin.py:188} INFO - ✅ Загружено 400 новых строк в таблицу products
[2025-08-26T04:00:10.271+0000] {logging_mixin.py:188} INFO - ✅ Загружено 400 новых строк в таблицу products
[2025-08-26T04:00:10.309+0000] {logging_mixin.py:188} INFO - ✅ Загружено 400 новых строк в таблицу products
[2025-08-26T04:00:10.340+0000] {logging_mixin.py:188} INFO - ✅ Загружено 400 новых строк в таблицу products
[2025-08-26T04:00:12.189+0000] {logging_mixin.py:188} INFO - ✅ Загружено 20041 строк в таблицу order_items
[2025-08-26T04:00:12.198+0000] {logging_mixin.py:188} INFO - ✅ Загружено 41 новых строк в таблицу order_items
[2025-08-26T04:00:12.213+0000] {logging_mixin.py:188} INFO - ✅ Загружено 41 новых строк в таблицу order_items
[2025-08-26T04:00:12.230+0000] {logging_mixin.py:188} INFO - ✅ Загружено 41 новых строк в таблицу order_items
[2025-08-26T04:00:12.244+0000] {logging_mixin.py:188} INFO - ✅ Загружено 41 новых строк в таблицу order_items
[2025-08-26T04:00:12.251+0000] {logging_mixin.py:188} INFO - ✅ Загружено 41 новых строк в таблицу order_items
[2025-08-26T04:00:12.258+0000] {logging_mixin.py:188} INFO - ✅ Загружено 41 новых строк в таблицу order_items
[2025-08-26T04:00:12.268+0000] {logging_mixin.py:188} INFO - ✅ Загружено 100 строк в таблицу suppliers
[2025-08-26T04:00:12.278+0000] {logging_mixin.py:188} INFO - ✅ Загружено 100 новых строк в таблицу suppliers
[2025-08-26T04:00:12.285+0000] {logging_mixin.py:188} INFO - ✅ Загружено 100 новых строк в таблицу suppliers
[2025-08-26T04:00:12.293+0000] {logging_mixin.py:188} INFO - ✅ Загружено 100 новых строк в таблицу suppliers
[2025-08-26T04:00:12.309+0000] {logging_mixin.py:188} INFO - ✅ Загружено 100 новых строк в таблицу suppliers
[2025-08-26T04:00:12.325+0000] {logging_mixin.py:188} INFO - ✅ Загружено 100 новых строк в таблицу suppliers
[2025-08-26T04:00:12.340+0000] {logging_mixin.py:188} INFO - ✅ Загружено 100 новых строк в таблицу suppliers
[2025-08-26T04:00:13.473+0000] {logging_mixin.py:188} INFO - ✅ Загружено 15018 строк в таблицу payment
[2025-08-26T04:00:13.495+0000] {logging_mixin.py:188} INFO - ✅ Загружено 218 новых строк в таблицу payment
[2025-08-26T04:00:13.514+0000] {logging_mixin.py:188} INFO - ✅ Загружено 218 новых строк в таблицу payment
[2025-08-26T04:00:13.532+0000] {logging_mixin.py:188} INFO - ✅ Загружено 218 новых строк в таблицу payment
[2025-08-26T04:00:13.561+0000] {logging_mixin.py:188} INFO - ✅ Загружено 218 новых строк в таблицу payment
[2025-08-26T04:00:13.588+0000] {logging_mixin.py:188} INFO - ✅ Загружено 218 новых строк в таблицу payment
[2025-08-26T04:00:13.610+0000] {logging_mixin.py:188} INFO - ✅ Загружено 218 новых строк в таблицу payment
[2025-08-26T04:00:13.684+0000] {logging_mixin.py:188} INFO - ✅ Загружено 1106 строк в таблицу reviews
[2025-08-26T04:00:13.722+0000] {logging_mixin.py:188} INFO - ✅ Загружено 306 новых строк в таблицу reviews
[2025-08-26T04:00:13.755+0000] {logging_mixin.py:188} INFO - ✅ Загружено 306 новых строк в таблицу reviews
[2025-08-26T04:00:13.789+0000] {logging_mixin.py:188} INFO - ✅ Загружено 306 новых строк в таблицу reviews
[2025-08-26T04:00:13.819+0000] {logging_mixin.py:188} INFO - ✅ Загружено 306 новых строк в таблицу reviews
[2025-08-26T04:00:13.851+0000] {logging_mixin.py:188} INFO - ✅ Загружено 306 новых строк в таблицу reviews
[2025-08-26T04:00:13.875+0000] {logging_mixin.py:188} INFO - ✅ Загружено 306 новых строк в таблицу reviews
[2025-08-26T04:00:13.876+0000] {python.py:237} INFO - Done. Returned value was: None
[2025-08-26T04:00:13.877+0000] {taskinstance.py:441} INFO - ::group::Post task execution logs
[2025-08-26T04:00:13.890+0000] {taskinstance.py:1206} INFO - Marking task as SUCCESS. dag_id=daily_generate_orders, task_id=load_csv_to_postgres, run_id=scheduled__2025-08-26T03:00:00+00:00, execution_date=20250826T030000, start_date=20250826T040006, end_date=20250826T040013
[2025-08-26T04:00:13.945+0000] {local_task_job_runner.py:243} INFO - Task exited with return code 0
[2025-08-26T04:00:13.967+0000] {taskinstance.py:3503} INFO - 0 downstream tasks scheduled from follow-on schedule check
[2025-08-26T04:00:13.970+0000] {local_task_job_runner.py:222} INFO - ::endgroup::
