[2025-09-10T01:05:20.165+0000] {local_task_job_runner.py:120} INFO - ::group::Pre task execution logs
[2025-09-10T01:05:20.227+0000] {taskinstance.py:2076} INFO - Dependencies all met for dep_context=non-requeueable deps ti=<TaskInstance: dbt_run_models.run_dbt_models scheduled__2025-09-10T00:00:00+00:00 [queued]>
[2025-09-10T01:05:20.258+0000] {taskinstance.py:2076} INFO - Dependencies all met for dep_context=requeueable deps ti=<TaskInstance: dbt_run_models.run_dbt_models scheduled__2025-09-10T00:00:00+00:00 [queued]>
[2025-09-10T01:05:20.259+0000] {taskinstance.py:2306} INFO - Starting attempt 2 of 2
[2025-09-10T01:05:20.294+0000] {taskinstance.py:2330} INFO - Executing <Task(BashOperator): run_dbt_models> on 2025-09-10 00:00:00+00:00
[2025-09-10T01:05:20.301+0000] {warnings.py:112} WARNING - /home/airflow/.local/lib/python3.12/site-packages/airflow/task/task_runner/standard_task_runner.py:62: DeprecationWarning: This process (pid=3223) is multi-threaded, use of fork() may lead to deadlocks in the child.
  pid = os.fork()

[2025-09-10T01:05:20.302+0000] {standard_task_runner.py:64} INFO - Started process 3224 to run task
[2025-09-10T01:05:20.307+0000] {standard_task_runner.py:90} INFO - Running: ['airflow', 'tasks', 'run', 'dbt_run_models', 'run_dbt_models', 'scheduled__2025-09-10T00:00:00+00:00', '--job-id', '1312', '--raw', '--subdir', 'DAGS_FOLDER/dbt_dag.py', '--cfg-path', '/tmp/tmphqcwbvry']
[2025-09-10T01:05:20.308+0000] {standard_task_runner.py:91} INFO - Job 1312: Subtask run_dbt_models
[2025-09-10T01:05:20.331+0000] {warnings.py:112} WARNING - /home/airflow/.local/lib/python3.12/site-packages/airflow/settings.py:195: DeprecationWarning: The sql_alchemy_conn option in [core] has been moved to the sql_alchemy_conn option in [database] - the old setting has been used, but please update your config.
  SQL_ALCHEMY_CONN = conf.get("database", "SQL_ALCHEMY_CONN")

[2025-09-10T01:05:20.407+0000] {task_command.py:426} INFO - Running <TaskInstance: dbt_run_models.run_dbt_models scheduled__2025-09-10T00:00:00+00:00 [running]> on host b5ea13053d47
[2025-09-10T01:05:20.639+0000] {taskinstance.py:2648} INFO - Exporting env vars: AIRFLOW_CTX_DAG_OWNER='airflow' AIRFLOW_CTX_DAG_ID='dbt_run_models' AIRFLOW_CTX_TASK_ID='run_dbt_models' AIRFLOW_CTX_EXECUTION_DATE='2025-09-10T00:00:00+00:00' AIRFLOW_CTX_TRY_NUMBER='2' AIRFLOW_CTX_DAG_RUN_ID='scheduled__2025-09-10T00:00:00+00:00'
[2025-09-10T01:05:20.640+0000] {taskinstance.py:430} INFO - ::endgroup::
[2025-09-10T01:05:20.671+0000] {subprocess.py:63} INFO - Tmp dir root location: /tmp
[2025-09-10T01:05:20.673+0000] {subprocess.py:75} INFO - Running command: ['/usr/bin/bash', '-c', '\n        cd /usr/app &&         dbt run --profiles-dir /usr/app\n        ']
[2025-09-10T01:05:20.690+0000] {subprocess.py:86} INFO - Output:
[2025-09-10T01:05:24.952+0000] {subprocess.py:93} INFO - [0m01:05:24  Running with dbt=1.7.9
[2025-09-10T01:05:25.925+0000] {subprocess.py:93} INFO - [0m01:05:25  Registered adapter: postgres=1.7.9
[2025-09-10T01:05:26.118+0000] {subprocess.py:93} INFO - [0m01:05:26  [[33mWARNING[0m]: Configuration paths exist in your dbt_project.yml file which do not apply to any resources.
[2025-09-10T01:05:26.119+0000] {subprocess.py:93} INFO - There are 1 unused configuration paths:
[2025-09-10T01:05:26.119+0000] {subprocess.py:93} INFO - - models.my_project.sources
[2025-09-10T01:05:26.250+0000] {subprocess.py:93} INFO - [0m01:05:26  Found 15 models, 7 sources, 0 exposures, 0 metrics, 401 macros, 0 groups, 0 semantic models
[2025-09-10T01:05:26.273+0000] {subprocess.py:93} INFO - [0m01:05:26
[2025-09-10T01:05:26.860+0000] {subprocess.py:93} INFO - [0m01:05:26  Concurrency: 4 threads (target='dev')
[2025-09-10T01:05:26.862+0000] {subprocess.py:93} INFO - [0m01:05:26
[2025-09-10T01:05:26.918+0000] {subprocess.py:93} INFO - [0m01:05:26  1 of 15 START sql view model analytics.stg_AOV ................................. [RUN]
[2025-09-10T01:05:26.938+0000] {subprocess.py:93} INFO - [0m01:05:26  2 of 15 START sql view model analytics.stg_order_count_year .................... [RUN]
[2025-09-10T01:05:26.940+0000] {subprocess.py:93} INFO - [0m01:05:26  3 of 15 START sql view model analytics.stg_order_details ....................... [RUN]
[2025-09-10T01:05:26.943+0000] {subprocess.py:93} INFO - [0m01:05:26  4 of 15 START sql view model analytics.stg_order_items ......................... [RUN]
[2025-09-10T01:05:28.891+0000] {subprocess.py:93} INFO - [0m01:05:28  1 of 15 OK created sql view model analytics.stg_AOV ............................ [[32mCREATE VIEW[0m in 1.95s]
[2025-09-10T01:05:28.921+0000] {subprocess.py:93} INFO - [0m01:05:28  4 of 15 OK created sql view model analytics.stg_order_items .................... [[32mCREATE VIEW[0m in 1.92s]
[2025-09-10T01:05:28.956+0000] {subprocess.py:93} INFO - [0m01:05:28  5 of 15 START sql view model analytics.stg_orders .............................. [RUN]
[2025-09-10T01:05:28.967+0000] {subprocess.py:93} INFO - [0m01:05:28  2 of 15 OK created sql view model analytics.stg_order_count_year ............... [[32mCREATE VIEW[0m in 1.98s]
[2025-09-10T01:05:28.978+0000] {subprocess.py:93} INFO - [0m01:05:28  3 of 15 OK created sql view model analytics.stg_order_details .................. [[32mCREATE VIEW[0m in 1.98s]
[2025-09-10T01:05:28.997+0000] {subprocess.py:93} INFO - [0m01:05:28  6 of 15 START sql view model analytics.stg_payments ............................ [RUN]
[2025-09-10T01:05:29.019+0000] {subprocess.py:93} INFO - [0m01:05:29  7 of 15 START sql view model analytics.stg_products ............................ [RUN]
[2025-09-10T01:05:29.037+0000] {subprocess.py:93} INFO - [0m01:05:29  8 of 15 START sql table model analytics.AOV_chek ............................... [RUN]
[2025-09-10T01:05:29.947+0000] {subprocess.py:93} INFO - [0m01:05:29  5 of 15 OK created sql view model analytics.stg_orders ......................... [[32mCREATE VIEW[0m in 0.96s]
[2025-09-10T01:05:30.034+0000] {subprocess.py:93} INFO - [0m01:05:30  9 of 15 START sql table model analytics.order_count_year ....................... [RUN]
[2025-09-10T01:05:30.057+0000] {subprocess.py:93} INFO - [0m01:05:30  7 of 15 OK created sql view model analytics.stg_products ....................... [[32mCREATE VIEW[0m in 1.00s]
[2025-09-10T01:05:30.074+0000] {subprocess.py:93} INFO - [0m01:05:30  6 of 15 OK created sql view model analytics.stg_payments ....................... [[32mCREATE VIEW[0m in 1.02s]
[2025-09-10T01:05:30.153+0000] {subprocess.py:93} INFO - [0m01:05:30  10 of 15 START sql table model analytics.order_count_year+month_diff ........... [RUN]
[2025-09-10T01:05:30.158+0000] {subprocess.py:93} INFO - [0m01:05:30  11 of 15 START sql table model analytics.orders_summary ........................ [RUN]
[2025-09-10T01:05:30.376+0000] {subprocess.py:93} INFO - [0m01:05:30  8 of 15 OK created sql table model analytics.AOV_chek .......................... [[32mSELECT 50[0m in 1.27s]
[2025-09-10T01:05:30.435+0000] {subprocess.py:93} INFO - [0m01:05:30  12 of 15 START sql table model analytics.AOV_EBITDA_COUNT ...................... [RUN]
[2025-09-10T01:05:30.919+0000] {subprocess.py:93} INFO - [0m01:05:30  9 of 15 OK created sql table model analytics.order_count_year .................. [[32mSELECT 4[0m in 0.84s]
[2025-09-10T01:05:30.981+0000] {subprocess.py:93} INFO - [0m01:05:30  13 of 15 START sql table model analytics.AOV_category .......................... [RUN]
[2025-09-10T01:05:31.048+0000] {subprocess.py:93} INFO - [0m01:05:31  12 of 15 ERROR creating sql table model analytics.AOV_EBITDA_COUNT ............. [[31mERROR[0m in 0.55s]
[2025-09-10T01:05:31.106+0000] {subprocess.py:93} INFO - [0m01:05:31  14 of 15 START sql table model analytics.AOV_product_name ...................... [RUN]
[2025-09-10T01:05:31.121+0000] {subprocess.py:93} INFO - [0m01:05:31  10 of 15 OK created sql table model analytics.order_count_year+month_diff ...... [[32mSELECT 28[0m in 0.91s]
[2025-09-10T01:05:31.215+0000] {subprocess.py:93} INFO - [0m01:05:31  15 of 15 START sql table model analytics.AVG_AOV_chek .......................... [RUN]
[2025-09-10T01:05:31.280+0000] {subprocess.py:93} INFO - [0m01:05:31  11 of 15 OK created sql table model analytics.orders_summary ................... [[32mSELECT 10000[0m in 1.06s]
[2025-09-10T01:05:31.677+0000] {subprocess.py:93} INFO - [0m01:05:31  14 of 15 ERROR creating sql table model analytics.AOV_product_name ............. [[31mERROR[0m in 0.55s]
[2025-09-10T01:05:31.684+0000] {subprocess.py:93} INFO - [0m01:05:31  13 of 15 ERROR creating sql table model analytics.AOV_category ................. [[31mERROR[0m in 0.67s]
[2025-09-10T01:05:32.057+0000] {subprocess.py:93} INFO - [0m01:05:32  15 of 15 OK created sql table model analytics.AVG_AOV_chek ..................... [[32mSELECT 16863[0m in 0.82s]
[2025-09-10T01:05:32.147+0000] {subprocess.py:93} INFO - [0m01:05:32
[2025-09-10T01:05:32.150+0000] {subprocess.py:93} INFO - [0m01:05:32  Finished running 7 view models, 8 table models in 0 hours 0 minutes and 5.87 seconds (5.87s).
[2025-09-10T01:05:32.229+0000] {subprocess.py:93} INFO - [0m01:05:32
[2025-09-10T01:05:32.232+0000] {subprocess.py:93} INFO - [0m01:05:32  [31mCompleted with 3 errors and 0 warnings:[0m
[2025-09-10T01:05:32.236+0000] {subprocess.py:93} INFO - [0m01:05:32
[2025-09-10T01:05:32.238+0000] {subprocess.py:93} INFO - [0m01:05:32    Database Error in model AOV_EBITDA_COUNT (models/marts/AOV_EBITDA_COUNT.sql)
[2025-09-10T01:05:32.239+0000] {subprocess.py:93} INFO -   type "avr_order_value" does not exist
[2025-09-10T01:05:32.240+0000] {subprocess.py:93} INFO -   LINE 19: order by avr_order_value
[2025-09-10T01:05:32.241+0000] {subprocess.py:93} INFO -                     ^
[2025-09-10T01:05:32.241+0000] {subprocess.py:93} INFO -   compiled Code at target/run/my_project/models/marts/AOV_EBITDA_COUNT.sql
[2025-09-10T01:05:32.243+0000] {subprocess.py:93} INFO - [0m01:05:32
[2025-09-10T01:05:32.248+0000] {subprocess.py:93} INFO - [0m01:05:32    Database Error in model AOV_product_name (models/marts/AOV_product_name.sql)
[2025-09-10T01:05:32.250+0000] {subprocess.py:93} INFO -   type "avr_order_value" does not exist
[2025-09-10T01:05:32.255+0000] {subprocess.py:93} INFO -   LINE 21: order by avr_order_value
[2025-09-10T01:05:32.256+0000] {subprocess.py:93} INFO -                     ^
[2025-09-10T01:05:32.256+0000] {subprocess.py:93} INFO -   compiled Code at target/run/my_project/models/marts/AOV_product_name.sql
[2025-09-10T01:05:32.257+0000] {subprocess.py:93} INFO - [0m01:05:32
[2025-09-10T01:05:32.257+0000] {subprocess.py:93} INFO - [0m01:05:32    Database Error in model AOV_category (models/marts/AOV_category.sql)
[2025-09-10T01:05:32.258+0000] {subprocess.py:93} INFO -   type "avr_order_value" does not exist
[2025-09-10T01:05:32.258+0000] {subprocess.py:93} INFO -   LINE 21: order by avr_order_value
[2025-09-10T01:05:32.259+0000] {subprocess.py:93} INFO -                     ^
[2025-09-10T01:05:32.267+0000] {subprocess.py:93} INFO -   compiled Code at target/run/my_project/models/marts/AOV_category.sql
[2025-09-10T01:05:32.269+0000] {subprocess.py:93} INFO - [0m01:05:32
[2025-09-10T01:05:32.269+0000] {subprocess.py:93} INFO - [0m01:05:32  Done. PASS=12 WARN=0 ERROR=3 SKIP=0 TOTAL=15
[2025-09-10T01:05:42.667+0000] {subprocess.py:97} INFO - Command exited with return code 1
[2025-09-10T01:05:42.668+0000] {taskinstance.py:441} INFO - ::group::Post task execution logs
[2025-09-10T01:05:42.680+0000] {taskinstance.py:2905} ERROR - Task failed with exception
Traceback (most recent call last):
  File "/home/airflow/.local/lib/python3.12/site-packages/airflow/models/taskinstance.py", line 465, in _execute_task
    result = _execute_callable(context=context, **execute_callable_kwargs)
             ^^^^^^^^^^^^^^^^^^^^^^^^^^^^^^^^^^^^^^^^^^^^^^^^^^^^^^^^^^^^^
  File "/home/airflow/.local/lib/python3.12/site-packages/airflow/models/taskinstance.py", line 432, in _execute_callable
    return execute_callable(context=context, **execute_callable_kwargs)
           ^^^^^^^^^^^^^^^^^^^^^^^^^^^^^^^^^^^^^^^^^^^^^^^^^^^^^^^^^^^^
  File "/home/airflow/.local/lib/python3.12/site-packages/airflow/models/baseoperator.py", line 401, in wrapper
    return func(self, *args, **kwargs)
           ^^^^^^^^^^^^^^^^^^^^^^^^^^^
  File "/home/airflow/.local/lib/python3.12/site-packages/airflow/operators/bash.py", line 243, in execute
    raise AirflowException(
airflow.exceptions.AirflowException: Bash command failed. The command returned a non-zero exit code 1.
[2025-09-10T01:05:42.687+0000] {taskinstance.py:1206} INFO - Marking task as FAILED. dag_id=dbt_run_models, task_id=run_dbt_models, run_id=scheduled__2025-09-10T00:00:00+00:00, execution_date=20250910T000000, start_date=20250910T010520, end_date=20250910T010542
[2025-09-10T01:05:42.721+0000] {standard_task_runner.py:110} ERROR - Failed to execute job 1312 for task run_dbt_models (Bash command failed. The command returned a non-zero exit code 1.; 3224)
[2025-09-10T01:05:42.750+0000] {local_task_job_runner.py:243} INFO - Task exited with return code 1
[2025-09-10T01:05:42.786+0000] {taskinstance.py:3503} INFO - 0 downstream tasks scheduled from follow-on schedule check
[2025-09-10T01:05:42.796+0000] {local_task_job_runner.py:222} INFO - ::endgroup::
