[2025-09-03T00:00:03.402+0000] {local_task_job_runner.py:120} INFO - ::group::Pre task execution logs
[2025-09-03T00:00:03.449+0000] {taskinstance.py:2076} INFO - Dependencies all met for dep_context=non-requeueable deps ti=<TaskInstance: import_csv_to_postgres.load_csv_to_postgres scheduled__2025-09-02T16:00:00+00:00 [queued]>
[2025-09-03T00:00:03.467+0000] {taskinstance.py:2076} INFO - Dependencies all met for dep_context=requeueable deps ti=<TaskInstance: import_csv_to_postgres.load_csv_to_postgres scheduled__2025-09-02T16:00:00+00:00 [queued]>
[2025-09-03T00:00:03.468+0000] {taskinstance.py:2306} INFO - Starting attempt 1 of 1
[2025-09-03T00:00:03.501+0000] {taskinstance.py:2330} INFO - Executing <Task(PythonOperator): load_csv_to_postgres> on 2025-09-02 16:00:00+00:00
[2025-09-03T00:00:03.517+0000] {warnings.py:112} WARNING - /home/airflow/.local/lib/python3.12/site-packages/airflow/task/task_runner/standard_task_runner.py:62: DeprecationWarning: This process (pid=2901) is multi-threaded, use of fork() may lead to deadlocks in the child.
  pid = os.fork()

[2025-09-03T00:00:03.518+0000] {standard_task_runner.py:64} INFO - Started process 2908 to run task
[2025-09-03T00:00:03.522+0000] {standard_task_runner.py:90} INFO - Running: ['airflow', 'tasks', 'run', 'import_csv_to_postgres', 'load_csv_to_postgres', 'scheduled__2025-09-02T16:00:00+00:00', '--job-id', '916', '--raw', '--subdir', 'DAGS_FOLDER/csv_to_postgres_dag.py', '--cfg-path', '/tmp/tmpmgr84hhg']
[2025-09-03T00:00:03.524+0000] {standard_task_runner.py:91} INFO - Job 916: Subtask load_csv_to_postgres
[2025-09-03T00:00:03.545+0000] {warnings.py:112} WARNING - /home/airflow/.local/lib/python3.12/site-packages/airflow/settings.py:195: DeprecationWarning: The sql_alchemy_conn option in [core] has been moved to the sql_alchemy_conn option in [database] - the old setting has been used, but please update your config.
  SQL_ALCHEMY_CONN = conf.get("database", "SQL_ALCHEMY_CONN")

[2025-09-03T00:00:03.609+0000] {task_command.py:426} INFO - Running <TaskInstance: import_csv_to_postgres.load_csv_to_postgres scheduled__2025-09-02T16:00:00+00:00 [running]> on host b5ea13053d47
[2025-09-03T00:00:03.761+0000] {taskinstance.py:2648} INFO - Exporting env vars: AIRFLOW_CTX_DAG_OWNER='airflow' AIRFLOW_CTX_DAG_ID='import_csv_to_postgres' AIRFLOW_CTX_TASK_ID='load_csv_to_postgres' AIRFLOW_CTX_EXECUTION_DATE='2025-09-02T16:00:00+00:00' AIRFLOW_CTX_TRY_NUMBER='1' AIRFLOW_CTX_DAG_RUN_ID='scheduled__2025-09-02T16:00:00+00:00'
[2025-09-03T00:00:03.763+0000] {taskinstance.py:430} INFO - ::endgroup::
[2025-09-03T00:00:03.809+0000] {base.py:84} INFO - Using connection ID 'postgres_conn' for task execution.
[2025-09-03T00:00:04.003+0000] {logging_mixin.py:188} INFO - ✅ Добавлено 10 новых строк в таблицу shipments
[2025-09-03T00:00:04.116+0000] {logging_mixin.py:188} INFO - ℹ Нет новых строк для customers
[2025-09-03T00:00:04.216+0000] {logging_mixin.py:188} INFO - ✅ Добавлено 10 новых строк в таблицу orders
[2025-09-03T00:00:04.237+0000] {logging_mixin.py:188} INFO - ℹ Нет новых строк для products
[2025-09-03T00:00:04.385+0000] {logging_mixin.py:188} INFO - ✅ Добавлено 21 новых строк в таблицу order_items
[2025-09-03T00:00:04.415+0000] {logging_mixin.py:188} INFO - ℹ Нет новых строк для suppliers
[2025-09-03T00:00:05.160+0000] {logging_mixin.py:188} INFO - ✅ Добавлено 10 новых строк в таблицу payment
[2025-09-03T00:00:06.697+0000] {logging_mixin.py:188} INFO - ℹ Нет новых строк для reviews
[2025-09-03T00:00:06.697+0000] {python.py:237} INFO - Done. Returned value was: None
[2025-09-03T00:00:06.697+0000] {taskinstance.py:441} INFO - ::group::Post task execution logs
[2025-09-03T00:00:06.715+0000] {taskinstance.py:1206} INFO - Marking task as SUCCESS. dag_id=import_csv_to_postgres, task_id=load_csv_to_postgres, run_id=scheduled__2025-09-02T16:00:00+00:00, execution_date=20250902T160000, start_date=20250903T000003, end_date=20250903T000006
[2025-09-03T00:00:06.776+0000] {local_task_job_runner.py:243} INFO - Task exited with return code 0
[2025-09-03T00:00:06.799+0000] {taskinstance.py:3503} INFO - 0 downstream tasks scheduled from follow-on schedule check
[2025-09-03T00:00:06.803+0000] {local_task_job_runner.py:222} INFO - ::endgroup::
