[2025-08-24T08:00:02.268+0000] {local_task_job_runner.py:120} INFO - ::group::Pre task execution logs
[2025-08-24T08:00:02.298+0000] {taskinstance.py:2076} INFO - Dependencies all met for dep_context=non-requeueable deps ti=<TaskInstance: import_csv_to_postgres.load_csv_to_postgres scheduled__2025-08-24T07:30:00+00:00 [queued]>
[2025-08-24T08:00:02.306+0000] {taskinstance.py:2076} INFO - Dependencies all met for dep_context=requeueable deps ti=<TaskInstance: import_csv_to_postgres.load_csv_to_postgres scheduled__2025-08-24T07:30:00+00:00 [queued]>
[2025-08-24T08:00:02.306+0000] {taskinstance.py:2306} INFO - Starting attempt 1 of 1
[2025-08-24T08:00:02.321+0000] {taskinstance.py:2330} INFO - Executing <Task(PythonOperator): load_csv_to_postgres> on 2025-08-24 07:30:00+00:00
[2025-08-24T08:00:02.332+0000] {warnings.py:112} WARNING - /home/airflow/.local/lib/python3.12/site-packages/airflow/task/task_runner/standard_task_runner.py:62: DeprecationWarning: This process (pid=912) is multi-threaded, use of fork() may lead to deadlocks in the child.
  pid = os.fork()

[2025-08-24T08:00:02.333+0000] {standard_task_runner.py:64} INFO - Started process 915 to run task
[2025-08-24T08:00:02.339+0000] {standard_task_runner.py:90} INFO - Running: ['airflow', 'tasks', 'run', 'import_csv_to_postgres', 'load_csv_to_postgres', 'scheduled__2025-08-24T07:30:00+00:00', '--job-id', '325', '--raw', '--subdir', 'DAGS_FOLDER/csv_to_postgres_dag.py', '--cfg-path', '/tmp/tmpjhekggcy']
[2025-08-24T08:00:02.349+0000] {standard_task_runner.py:91} INFO - Job 325: Subtask load_csv_to_postgres
[2025-08-24T08:00:02.372+0000] {warnings.py:112} WARNING - /home/airflow/.local/lib/python3.12/site-packages/airflow/settings.py:195: DeprecationWarning: The sql_alchemy_conn option in [core] has been moved to the sql_alchemy_conn option in [database] - the old setting has been used, but please update your config.
  SQL_ALCHEMY_CONN = conf.get("database", "SQL_ALCHEMY_CONN")

[2025-08-24T08:00:02.469+0000] {task_command.py:426} INFO - Running <TaskInstance: import_csv_to_postgres.load_csv_to_postgres scheduled__2025-08-24T07:30:00+00:00 [running]> on host 71579c071e19
[2025-08-24T08:00:02.699+0000] {taskinstance.py:2648} INFO - Exporting env vars: AIRFLOW_CTX_DAG_OWNER='airflow' AIRFLOW_CTX_DAG_ID='import_csv_to_postgres' AIRFLOW_CTX_TASK_ID='load_csv_to_postgres' AIRFLOW_CTX_EXECUTION_DATE='2025-08-24T07:30:00+00:00' AIRFLOW_CTX_TRY_NUMBER='1' AIRFLOW_CTX_DAG_RUN_ID='scheduled__2025-08-24T07:30:00+00:00'
[2025-08-24T08:00:02.700+0000] {taskinstance.py:430} INFO - ::endgroup::
[2025-08-24T08:00:02.741+0000] {base.py:84} INFO - Using connection ID 'postgres_conn' for task execution.
[2025-08-24T08:00:03.827+0000] {logging_mixin.py:188} INFO - ✅ Загружен файл shipments.csv в таблицу shipments
[2025-08-24T08:00:04.263+0000] {logging_mixin.py:188} INFO - ✅ Загружен файл customers.csv в таблицу customers
[2025-08-24T08:00:05.045+0000] {logging_mixin.py:188} INFO - ✅ Загружен файл orders.csv в таблицу orders
[2025-08-24T08:00:05.114+0000] {logging_mixin.py:188} INFO - ✅ Загружен файл products.csv в таблицу products
[2025-08-24T08:00:05.887+0000] {logging_mixin.py:188} INFO - ✅ Загружен файл order_items.csv в таблицу order_items
[2025-08-24T08:00:05.900+0000] {logging_mixin.py:188} INFO - ✅ Загружен файл suppliers.csv в таблицу suppliers
[2025-08-24T08:00:06.560+0000] {logging_mixin.py:188} INFO - ✅ Загружен файл payment.csv в таблицу payment
[2025-08-24T08:00:06.613+0000] {logging_mixin.py:188} INFO - ✅ Загружен файл reviews.csv в таблицу reviews
[2025-08-24T08:00:06.625+0000] {python.py:237} INFO - Done. Returned value was: None
[2025-08-24T08:00:06.626+0000] {taskinstance.py:441} INFO - ::group::Post task execution logs
[2025-08-24T08:00:06.647+0000] {taskinstance.py:1206} INFO - Marking task as SUCCESS. dag_id=import_csv_to_postgres, task_id=load_csv_to_postgres, run_id=scheduled__2025-08-24T07:30:00+00:00, execution_date=20250824T073000, start_date=20250824T080002, end_date=20250824T080006
[2025-08-24T08:00:06.705+0000] {local_task_job_runner.py:243} INFO - Task exited with return code 0
[2025-08-24T08:00:06.722+0000] {taskinstance.py:3503} INFO - 0 downstream tasks scheduled from follow-on schedule check
[2025-08-24T08:00:06.725+0000] {local_task_job_runner.py:222} INFO - ::endgroup::
