[2025-09-09T18:00:02.083+0000] {local_task_job_runner.py:120} INFO - ::group::Pre task execution logs
[2025-09-09T18:00:02.155+0000] {taskinstance.py:2076} INFO - Dependencies all met for dep_context=non-requeueable deps ti=<TaskInstance: daily_generate_orders.generate_new_data scheduled__2025-09-09T12:00:00+00:00 [queued]>
[2025-09-09T18:00:02.435+0000] {taskinstance.py:2076} INFO - Dependencies all met for dep_context=requeueable deps ti=<TaskInstance: daily_generate_orders.generate_new_data scheduled__2025-09-09T12:00:00+00:00 [queued]>
[2025-09-09T18:00:02.435+0000] {taskinstance.py:2306} INFO - Starting attempt 1 of 1
[2025-09-09T18:00:02.459+0000] {taskinstance.py:2330} INFO - Executing <Task(PythonOperator): generate_new_data> on 2025-09-09 12:00:00+00:00
[2025-09-09T18:00:02.470+0000] {warnings.py:112} WARNING - /home/airflow/.local/lib/python3.12/site-packages/airflow/task/task_runner/standard_task_runner.py:62: DeprecationWarning: This process (pid=3005) is multi-threaded, use of fork() may lead to deadlocks in the child.
  pid = os.fork()

[2025-09-09T18:00:02.472+0000] {standard_task_runner.py:64} INFO - Started process 3010 to run task
[2025-09-09T18:00:02.476+0000] {standard_task_runner.py:90} INFO - Running: ['airflow', 'tasks', 'run', 'daily_generate_orders', 'generate_new_data', 'scheduled__2025-09-09T12:00:00+00:00', '--job-id', '1295', '--raw', '--subdir', 'DAGS_FOLDER/generate_fake_shop_csv.py', '--cfg-path', '/tmp/tmp33tox9ap']
[2025-09-09T18:00:02.479+0000] {standard_task_runner.py:91} INFO - Job 1295: Subtask generate_new_data
[2025-09-09T18:00:02.494+0000] {warnings.py:112} WARNING - /home/airflow/.local/lib/python3.12/site-packages/airflow/settings.py:195: DeprecationWarning: The sql_alchemy_conn option in [core] has been moved to the sql_alchemy_conn option in [database] - the old setting has been used, but please update your config.
  SQL_ALCHEMY_CONN = conf.get("database", "SQL_ALCHEMY_CONN")

[2025-09-09T18:00:02.555+0000] {task_command.py:426} INFO - Running <TaskInstance: daily_generate_orders.generate_new_data scheduled__2025-09-09T12:00:00+00:00 [running]> on host b5ea13053d47
[2025-09-09T18:00:02.780+0000] {taskinstance.py:2648} INFO - Exporting env vars: AIRFLOW_CTX_DAG_OWNER='airflow' AIRFLOW_CTX_DAG_ID='daily_generate_orders' AIRFLOW_CTX_TASK_ID='generate_new_data' AIRFLOW_CTX_EXECUTION_DATE='2025-09-09T12:00:00+00:00' AIRFLOW_CTX_TRY_NUMBER='1' AIRFLOW_CTX_DAG_RUN_ID='scheduled__2025-09-09T12:00:00+00:00'
[2025-09-09T18:00:02.782+0000] {taskinstance.py:430} INFO - ::endgroup::
[2025-09-09T18:00:03.404+0000] {logging_mixin.py:188} INFO - ✅ Новые заказы сгенерированы корректно, новые столбцы не добавлены.
[2025-09-09T18:00:03.405+0000] {python.py:237} INFO - Done. Returned value was: None
[2025-09-09T18:00:03.406+0000] {taskinstance.py:441} INFO - ::group::Post task execution logs
[2025-09-09T18:00:03.420+0000] {taskinstance.py:1206} INFO - Marking task as SUCCESS. dag_id=daily_generate_orders, task_id=generate_new_data, run_id=scheduled__2025-09-09T12:00:00+00:00, execution_date=20250909T120000, start_date=20250909T180002, end_date=20250909T180003
[2025-09-09T18:00:03.452+0000] {local_task_job_runner.py:243} INFO - Task exited with return code 0
[2025-09-09T18:00:03.499+0000] {taskinstance.py:3503} INFO - 0 downstream tasks scheduled from follow-on schedule check
[2025-09-09T18:00:03.504+0000] {local_task_job_runner.py:222} INFO - ::endgroup::
