[2025-09-07T07:00:00.725+0000] {local_task_job_runner.py:120} INFO - ::group::Pre task execution logs
[2025-09-07T07:00:00.793+0000] {taskinstance.py:2076} INFO - Dependencies all met for dep_context=non-requeueable deps ti=<TaskInstance: dbt_run_models.run_dbt_models scheduled__2025-09-07T06:00:00+00:00 [queued]>
[2025-09-07T07:00:00.814+0000] {taskinstance.py:2076} INFO - Dependencies all met for dep_context=requeueable deps ti=<TaskInstance: dbt_run_models.run_dbt_models scheduled__2025-09-07T06:00:00+00:00 [queued]>
[2025-09-07T07:00:00.815+0000] {taskinstance.py:2306} INFO - Starting attempt 1 of 2
[2025-09-07T07:00:00.851+0000] {taskinstance.py:2330} INFO - Executing <Task(BashOperator): run_dbt_models> on 2025-09-07 06:00:00+00:00
[2025-09-07T07:00:00.861+0000] {warnings.py:112} WARNING - /home/airflow/.local/lib/python3.12/site-packages/airflow/task/task_runner/standard_task_runner.py:62: DeprecationWarning: This process (pid=1815) is multi-threaded, use of fork() may lead to deadlocks in the child.
  pid = os.fork()

[2025-09-07T07:00:00.863+0000] {standard_task_runner.py:64} INFO - Started process 1816 to run task
[2025-09-07T07:00:00.866+0000] {standard_task_runner.py:90} INFO - Running: ['airflow', 'tasks', 'run', 'dbt_run_models', 'run_dbt_models', 'scheduled__2025-09-07T06:00:00+00:00', '--job-id', '1159', '--raw', '--subdir', 'DAGS_FOLDER/dbt_dag.py', '--cfg-path', '/tmp/tmpvxbavp1v']
[2025-09-07T07:00:00.868+0000] {standard_task_runner.py:91} INFO - Job 1159: Subtask run_dbt_models
[2025-09-07T07:00:00.897+0000] {warnings.py:112} WARNING - /home/airflow/.local/lib/python3.12/site-packages/airflow/settings.py:195: DeprecationWarning: The sql_alchemy_conn option in [core] has been moved to the sql_alchemy_conn option in [database] - the old setting has been used, but please update your config.
  SQL_ALCHEMY_CONN = conf.get("database", "SQL_ALCHEMY_CONN")

[2025-09-07T07:00:00.959+0000] {task_command.py:426} INFO - Running <TaskInstance: dbt_run_models.run_dbt_models scheduled__2025-09-07T06:00:00+00:00 [running]> on host b5ea13053d47
[2025-09-07T07:00:01.173+0000] {taskinstance.py:2648} INFO - Exporting env vars: AIRFLOW_CTX_DAG_OWNER='airflow' AIRFLOW_CTX_DAG_ID='dbt_run_models' AIRFLOW_CTX_TASK_ID='run_dbt_models' AIRFLOW_CTX_EXECUTION_DATE='2025-09-07T06:00:00+00:00' AIRFLOW_CTX_TRY_NUMBER='1' AIRFLOW_CTX_DAG_RUN_ID='scheduled__2025-09-07T06:00:00+00:00'
[2025-09-07T07:00:01.174+0000] {taskinstance.py:430} INFO - ::endgroup::
[2025-09-07T07:00:01.217+0000] {subprocess.py:63} INFO - Tmp dir root location: /tmp
[2025-09-07T07:00:01.218+0000] {subprocess.py:75} INFO - Running command: ['/usr/bin/bash', '-c', '\n        cd /usr/app &&         dbt run --profiles-dir /usr/app\n        ']
[2025-09-07T07:00:01.239+0000] {subprocess.py:86} INFO - Output:
[2025-09-07T07:00:05.138+0000] {subprocess.py:93} INFO - [0m07:00:05  Running with dbt=1.7.9
[2025-09-07T07:00:05.553+0000] {subprocess.py:93} INFO - [0m07:00:05  Registered adapter: postgres=1.7.9
[2025-09-07T07:00:05.613+0000] {subprocess.py:93} INFO - [0m07:00:05  [[33mWARNING[0m]: Configuration paths exist in your dbt_project.yml file which do not apply to any resources.
[2025-09-07T07:00:05.614+0000] {subprocess.py:93} INFO - There are 1 unused configuration paths:
[2025-09-07T07:00:05.614+0000] {subprocess.py:93} INFO - - models.my_project.sources
[2025-09-07T07:00:05.648+0000] {subprocess.py:93} INFO - [0m07:00:05  Found 7 models, 7 sources, 0 exposures, 0 metrics, 401 macros, 0 groups, 0 semantic models
[2025-09-07T07:00:05.653+0000] {subprocess.py:93} INFO - [0m07:00:05
[2025-09-07T07:00:06.088+0000] {subprocess.py:93} INFO - [0m07:00:06  Concurrency: 4 threads (target='dev')
[2025-09-07T07:00:06.094+0000] {subprocess.py:93} INFO - [0m07:00:06
[2025-09-07T07:00:06.158+0000] {subprocess.py:93} INFO - [0m07:00:06  1 of 7 START sql view model analytics.stg_AOV .................................. [RUN]
[2025-09-07T07:00:06.168+0000] {subprocess.py:93} INFO - [0m07:00:06  2 of 7 START sql view model analytics.stg_order_count_year ..................... [RUN]
[2025-09-07T07:00:06.171+0000] {subprocess.py:93} INFO - [0m07:00:06  3 of 7 START sql view model analytics.stg_order_details ........................ [RUN]
[2025-09-07T07:00:06.178+0000] {subprocess.py:93} INFO - [0m07:00:06  4 of 7 START sql view model analytics.stg_orders ............................... [RUN]
[2025-09-07T07:00:08.051+0000] {subprocess.py:93} INFO - [0m07:00:08  2 of 7 OK created sql view model analytics.stg_order_count_year ................ [[32mCREATE VIEW[0m in 1.85s]
[2025-09-07T07:00:08.059+0000] {subprocess.py:93} INFO - [0m07:00:08  4 of 7 OK created sql view model analytics.stg_orders .......................... [[32mCREATE VIEW[0m in 1.84s]
[2025-09-07T07:00:08.065+0000] {subprocess.py:93} INFO - [0m07:00:08  1 of 7 OK created sql view model analytics.stg_AOV ............................. [[32mCREATE VIEW[0m in 1.87s]
[2025-09-07T07:00:08.069+0000] {subprocess.py:93} INFO - [0m07:00:08  3 of 7 OK created sql view model analytics.stg_order_details ................... [[32mCREATE VIEW[0m in 1.85s]
[2025-09-07T07:00:08.104+0000] {subprocess.py:93} INFO - [0m07:00:08  5 of 7 START sql table model analytics.order_count_year ........................ [RUN]
[2025-09-07T07:00:08.114+0000] {subprocess.py:93} INFO - [0m07:00:08  6 of 7 START sql table model analytics.orders_summary .......................... [RUN]
[2025-09-07T07:00:08.132+0000] {subprocess.py:93} INFO - [0m07:00:08  7 of 7 START sql table model analytics.AOV_chek ................................ [RUN]
[2025-09-07T07:00:09.160+0000] {subprocess.py:93} INFO - [0m07:00:09  5 of 7 OK created sql table model analytics.order_count_year ................... [[32mSELECT 3[0m in 1.04s]
[2025-09-07T07:00:09.167+0000] {subprocess.py:93} INFO - [0m07:00:09  7 of 7 OK created sql table model analytics.AOV_chek ........................... [[32mSELECT 50[0m in 1.01s]
[2025-09-07T07:00:09.206+0000] {subprocess.py:93} INFO - [0m07:00:09  6 of 7 OK created sql table model analytics.orders_summary ..................... [[32mSELECT 10000[0m in 1.07s]
[2025-09-07T07:00:09.283+0000] {subprocess.py:93} INFO - [0m07:00:09
[2025-09-07T07:00:09.285+0000] {subprocess.py:93} INFO - [0m07:00:09  Finished running 4 view models, 3 table models in 0 hours 0 minutes and 3.62 seconds (3.62s).
[2025-09-07T07:00:09.345+0000] {subprocess.py:93} INFO - [0m07:00:09
[2025-09-07T07:00:09.349+0000] {subprocess.py:93} INFO - [0m07:00:09  [32mCompleted successfully[0m
[2025-09-07T07:00:09.351+0000] {subprocess.py:93} INFO - [0m07:00:09
[2025-09-07T07:00:09.353+0000] {subprocess.py:93} INFO - [0m07:00:09  Done. PASS=7 WARN=0 ERROR=0 SKIP=0 TOTAL=7
[2025-09-07T07:00:19.932+0000] {subprocess.py:97} INFO - Command exited with return code 0
[2025-09-07T07:00:19.933+0000] {taskinstance.py:441} INFO - ::group::Post task execution logs
[2025-09-07T07:00:19.987+0000] {taskinstance.py:1206} INFO - Marking task as SUCCESS. dag_id=dbt_run_models, task_id=run_dbt_models, run_id=scheduled__2025-09-07T06:00:00+00:00, execution_date=20250907T060000, start_date=20250907T070000, end_date=20250907T070019
[2025-09-07T07:00:20.027+0000] {local_task_job_runner.py:243} INFO - Task exited with return code 0
[2025-09-07T07:00:20.079+0000] {taskinstance.py:3503} INFO - 1 downstream tasks scheduled from follow-on schedule check
[2025-09-07T07:00:20.083+0000] {local_task_job_runner.py:222} INFO - ::endgroup::
