[2025-08-31T18:00:01.395+0000] {local_task_job_runner.py:120} INFO - ::group::Pre task execution logs
[2025-08-31T18:00:01.461+0000] {taskinstance.py:2076} INFO - Dependencies all met for dep_context=non-requeueable deps ti=<TaskInstance: dbt_run_models.run_dbt_models scheduled__2025-08-31T15:00:00+00:00 [queued]>
[2025-08-31T18:00:01.473+0000] {taskinstance.py:2076} INFO - Dependencies all met for dep_context=requeueable deps ti=<TaskInstance: dbt_run_models.run_dbt_models scheduled__2025-08-31T15:00:00+00:00 [queued]>
[2025-08-31T18:00:01.473+0000] {taskinstance.py:2306} INFO - Starting attempt 1 of 2
[2025-08-31T18:00:01.494+0000] {taskinstance.py:2330} INFO - Executing <Task(BashOperator): run_dbt_models> on 2025-08-31 15:00:00+00:00
[2025-08-31T18:00:01.501+0000] {warnings.py:112} WARNING - /home/airflow/.local/lib/python3.12/site-packages/airflow/task/task_runner/standard_task_runner.py:62: DeprecationWarning: This process (pid=2513) is multi-threaded, use of fork() may lead to deadlocks in the child.
  pid = os.fork()

[2025-08-31T18:00:01.502+0000] {standard_task_runner.py:64} INFO - Started process 2516 to run task
[2025-08-31T18:00:01.506+0000] {standard_task_runner.py:90} INFO - Running: ['airflow', 'tasks', 'run', 'dbt_run_models', 'run_dbt_models', 'scheduled__2025-08-31T15:00:00+00:00', '--job-id', '863', '--raw', '--subdir', 'DAGS_FOLDER/dbt_dag.py', '--cfg-path', '/tmp/tmp28bo6b2k']
[2025-08-31T18:00:01.507+0000] {standard_task_runner.py:91} INFO - Job 863: Subtask run_dbt_models
[2025-08-31T18:00:01.526+0000] {warnings.py:112} WARNING - /home/airflow/.local/lib/python3.12/site-packages/airflow/settings.py:195: DeprecationWarning: The sql_alchemy_conn option in [core] has been moved to the sql_alchemy_conn option in [database] - the old setting has been used, but please update your config.
  SQL_ALCHEMY_CONN = conf.get("database", "SQL_ALCHEMY_CONN")

[2025-08-31T18:00:01.636+0000] {task_command.py:426} INFO - Running <TaskInstance: dbt_run_models.run_dbt_models scheduled__2025-08-31T15:00:00+00:00 [running]> on host b5ea13053d47
[2025-08-31T18:00:02.022+0000] {taskinstance.py:2648} INFO - Exporting env vars: AIRFLOW_CTX_DAG_OWNER='airflow' AIRFLOW_CTX_DAG_ID='dbt_run_models' AIRFLOW_CTX_TASK_ID='run_dbt_models' AIRFLOW_CTX_EXECUTION_DATE='2025-08-31T15:00:00+00:00' AIRFLOW_CTX_TRY_NUMBER='1' AIRFLOW_CTX_DAG_RUN_ID='scheduled__2025-08-31T15:00:00+00:00'
[2025-08-31T18:00:02.023+0000] {taskinstance.py:430} INFO - ::endgroup::
[2025-08-31T18:00:02.065+0000] {subprocess.py:63} INFO - Tmp dir root location: /tmp
[2025-08-31T18:00:02.072+0000] {subprocess.py:75} INFO - Running command: ['/usr/bin/bash', '-c', '\n        cd /usr/app &&         dbt run --profiles-dir /usr/app\n        ']
[2025-08-31T18:00:02.101+0000] {subprocess.py:86} INFO - Output:
[2025-08-31T18:00:07.722+0000] {subprocess.py:93} INFO - [0m18:00:07  Running with dbt=1.7.9
[2025-08-31T18:00:08.537+0000] {subprocess.py:93} INFO - [0m18:00:08  Registered adapter: postgres=1.7.9
[2025-08-31T18:00:08.597+0000] {subprocess.py:93} INFO - [0m18:00:08  [[33mWARNING[0m]: Configuration paths exist in your dbt_project.yml file which do not apply to any resources.
[2025-08-31T18:00:08.598+0000] {subprocess.py:93} INFO - There are 1 unused configuration paths:
[2025-08-31T18:00:08.599+0000] {subprocess.py:93} INFO - - models.my_project.sources
[2025-08-31T18:00:08.630+0000] {subprocess.py:93} INFO - [0m18:00:08  Found 3 models, 7 sources, 0 exposures, 0 metrics, 401 macros, 0 groups, 0 semantic models
[2025-08-31T18:00:08.634+0000] {subprocess.py:93} INFO - [0m18:00:08
[2025-08-31T18:00:08.789+0000] {subprocess.py:93} INFO - [0m18:00:08  Concurrency: 4 threads (target='dev')
[2025-08-31T18:00:08.790+0000] {subprocess.py:93} INFO - [0m18:00:08
[2025-08-31T18:00:08.802+0000] {subprocess.py:93} INFO - [0m18:00:08  1 of 3 START sql view model analytics.stg_order_details ........................ [RUN]
[2025-08-31T18:00:08.818+0000] {subprocess.py:93} INFO - [0m18:00:08  2 of 3 START sql view model analytics.stg_orders ............................... [RUN]
[2025-08-31T18:00:09.328+0000] {subprocess.py:93} INFO - [0m18:00:09  1 of 3 OK created sql view model analytics.stg_order_details ................... [[32mCREATE VIEW[0m in 0.52s]
[2025-08-31T18:00:09.334+0000] {subprocess.py:93} INFO - [0m18:00:09  2 of 3 OK created sql view model analytics.stg_orders .......................... [[32mCREATE VIEW[0m in 0.50s]
[2025-08-31T18:00:09.345+0000] {subprocess.py:93} INFO - [0m18:00:09  3 of 3 START sql table model analytics.orders_summary .......................... [RUN]
[2025-08-31T18:00:09.699+0000] {subprocess.py:93} INFO - [0m18:00:09  3 of 3 OK created sql table model analytics.orders_summary ..................... [[32mSELECT 10000[0m in 0.35s]
[2025-08-31T18:00:09.729+0000] {subprocess.py:93} INFO - [0m18:00:09
[2025-08-31T18:00:09.731+0000] {subprocess.py:93} INFO - [0m18:00:09  Finished running 2 view models, 1 table model in 0 hours 0 minutes and 1.09 seconds (1.09s).
[2025-08-31T18:00:09.749+0000] {subprocess.py:93} INFO - [0m18:00:09
[2025-08-31T18:00:09.750+0000] {subprocess.py:93} INFO - [0m18:00:09  [32mCompleted successfully[0m
[2025-08-31T18:00:09.751+0000] {subprocess.py:93} INFO - [0m18:00:09
[2025-08-31T18:00:09.753+0000] {subprocess.py:93} INFO - [0m18:00:09  Done. PASS=3 WARN=0 ERROR=0 SKIP=0 TOTAL=3
[2025-08-31T18:00:10.948+0000] {subprocess.py:97} INFO - Command exited with return code 0
[2025-08-31T18:00:10.949+0000] {taskinstance.py:441} INFO - ::group::Post task execution logs
[2025-08-31T18:00:11.000+0000] {taskinstance.py:1206} INFO - Marking task as SUCCESS. dag_id=dbt_run_models, task_id=run_dbt_models, run_id=scheduled__2025-08-31T15:00:00+00:00, execution_date=20250831T150000, start_date=20250831T180001, end_date=20250831T180010
[2025-08-31T18:00:11.054+0000] {local_task_job_runner.py:243} INFO - Task exited with return code 0
[2025-08-31T18:00:11.094+0000] {taskinstance.py:3503} INFO - 1 downstream tasks scheduled from follow-on schedule check
[2025-08-31T18:00:11.096+0000] {local_task_job_runner.py:222} INFO - ::endgroup::
