[2025-08-28T02:09:01.092+0000] {local_task_job_runner.py:120} INFO - ::group::Pre task execution logs
[2025-08-28T02:09:01.121+0000] {taskinstance.py:2076} INFO - Dependencies all met for dep_context=non-requeueable deps ti=<TaskInstance: import_csv_to_postgres.wait_for_generation scheduled__2025-08-27T18:00:00+00:00 [queued]>
[2025-08-28T02:09:01.137+0000] {taskinstance.py:2076} INFO - Dependencies all met for dep_context=requeueable deps ti=<TaskInstance: import_csv_to_postgres.wait_for_generation scheduled__2025-08-27T18:00:00+00:00 [queued]>
[2025-08-28T02:09:01.137+0000] {taskinstance.py:2306} INFO - Starting attempt 1 of 1
[2025-08-28T02:09:01.153+0000] {taskinstance.py:2330} INFO - Executing <Task(ExternalTaskSensor): wait_for_generation> on 2025-08-27 18:00:00+00:00
[2025-08-28T02:09:01.162+0000] {warnings.py:112} WARNING - /home/airflow/.local/lib/python3.12/site-packages/airflow/task/task_runner/standard_task_runner.py:62: DeprecationWarning: This process (pid=1754) is multi-threaded, use of fork() may lead to deadlocks in the child.
  pid = os.fork()

[2025-08-28T02:09:01.163+0000] {standard_task_runner.py:64} INFO - Started process 1756 to run task
[2025-08-28T02:09:01.163+0000] {standard_task_runner.py:90} INFO - Running: ['airflow', 'tasks', 'run', 'import_csv_to_postgres', 'wait_for_generation', 'scheduled__2025-08-27T18:00:00+00:00', '--job-id', '740', '--raw', '--subdir', 'DAGS_FOLDER/csv_to_postgres_dag.py', '--cfg-path', '/tmp/tmpzsrx5td5']
[2025-08-28T02:09:01.165+0000] {standard_task_runner.py:91} INFO - Job 740: Subtask wait_for_generation
[2025-08-28T02:09:01.188+0000] {warnings.py:112} WARNING - /home/airflow/.local/lib/python3.12/site-packages/airflow/settings.py:195: DeprecationWarning: The sql_alchemy_conn option in [core] has been moved to the sql_alchemy_conn option in [database] - the old setting has been used, but please update your config.
  SQL_ALCHEMY_CONN = conf.get("database", "SQL_ALCHEMY_CONN")

[2025-08-28T02:09:01.266+0000] {task_command.py:426} INFO - Running <TaskInstance: import_csv_to_postgres.wait_for_generation scheduled__2025-08-27T18:00:00+00:00 [running]> on host b5ea13053d47
[2025-08-28T02:09:01.524+0000] {taskinstance.py:2648} INFO - Exporting env vars: AIRFLOW_CTX_DAG_OWNER='airflow' AIRFLOW_CTX_DAG_ID='import_csv_to_postgres' AIRFLOW_CTX_TASK_ID='wait_for_generation' AIRFLOW_CTX_EXECUTION_DATE='2025-08-27T18:00:00+00:00' AIRFLOW_CTX_TRY_NUMBER='1' AIRFLOW_CTX_DAG_RUN_ID='scheduled__2025-08-27T18:00:00+00:00'
[2025-08-28T02:09:01.527+0000] {taskinstance.py:430} INFO - ::endgroup::
[2025-08-28T02:09:01.558+0000] {baseoperator.py:400} WARNING - ExternalTaskSensor.execute cannot be called outside TaskInstance!
[2025-08-28T02:09:01.576+0000] {external_task.py:274} INFO - Poking for DAG 'daily_generate_orders' on 2025-08-27T18:00:00+00:00 ... 
[2025-08-28T02:09:01.579+0000] {warnings.py:112} WARNING - /home/airflow/.local/lib/python3.12/site-packages/airflow/utils/session.py:79: DeprecationWarning: This method is deprecated and will be removed in future.
  return func(*args, session=session, **kwargs)

[2025-08-28T02:09:01.590+0000] {base.py:294} INFO - Success criteria met. Exiting.
[2025-08-28T02:09:01.592+0000] {taskinstance.py:441} INFO - ::group::Post task execution logs
[2025-08-28T02:09:01.613+0000] {taskinstance.py:1206} INFO - Marking task as SUCCESS. dag_id=import_csv_to_postgres, task_id=wait_for_generation, run_id=scheduled__2025-08-27T18:00:00+00:00, execution_date=20250827T180000, start_date=20250828T020901, end_date=20250828T020901
[2025-08-28T02:09:01.661+0000] {local_task_job_runner.py:243} INFO - Task exited with return code 0
[2025-08-28T02:09:01.689+0000] {taskinstance.py:3503} INFO - 1 downstream tasks scheduled from follow-on schedule check
[2025-08-28T02:09:01.695+0000] {local_task_job_runner.py:222} INFO - ::endgroup::
[2025-08-28T02:10:02.917+0000] {local_task_job_runner.py:120} INFO - ::group::Pre task execution logs
[2025-08-28T02:10:02.978+0000] {taskinstance.py:2076} INFO - Dependencies all met for dep_context=non-requeueable deps ti=<TaskInstance: import_csv_to_postgres.wait_for_generation scheduled__2025-08-27T18:00:00+00:00 [queued]>
[2025-08-28T02:10:03.001+0000] {taskinstance.py:2076} INFO - Dependencies all met for dep_context=requeueable deps ti=<TaskInstance: import_csv_to_postgres.wait_for_generation scheduled__2025-08-27T18:00:00+00:00 [queued]>
[2025-08-28T02:10:03.002+0000] {taskinstance.py:2306} INFO - Starting attempt 1 of 1
[2025-08-28T02:10:03.028+0000] {taskinstance.py:2330} INFO - Executing <Task(ExternalTaskSensor): wait_for_generation> on 2025-08-27 18:00:00+00:00
[2025-08-28T02:10:03.037+0000] {warnings.py:112} WARNING - /home/airflow/.local/lib/python3.12/site-packages/airflow/task/task_runner/standard_task_runner.py:62: DeprecationWarning: This process (pid=1763) is multi-threaded, use of fork() may lead to deadlocks in the child.
  pid = os.fork()

[2025-08-28T02:10:03.038+0000] {standard_task_runner.py:64} INFO - Started process 1765 to run task
[2025-08-28T02:10:03.047+0000] {standard_task_runner.py:90} INFO - Running: ['airflow', 'tasks', 'run', 'import_csv_to_postgres', 'wait_for_generation', 'scheduled__2025-08-27T18:00:00+00:00', '--job-id', '743', '--raw', '--subdir', 'DAGS_FOLDER/csv_to_postgres_dag.py', '--cfg-path', '/tmp/tmphiitkiy3']
[2025-08-28T02:10:03.058+0000] {standard_task_runner.py:91} INFO - Job 743: Subtask wait_for_generation
[2025-08-28T02:10:03.085+0000] {warnings.py:112} WARNING - /home/airflow/.local/lib/python3.12/site-packages/airflow/settings.py:195: DeprecationWarning: The sql_alchemy_conn option in [core] has been moved to the sql_alchemy_conn option in [database] - the old setting has been used, but please update your config.
  SQL_ALCHEMY_CONN = conf.get("database", "SQL_ALCHEMY_CONN")

[2025-08-28T02:10:03.135+0000] {task_command.py:426} INFO - Running <TaskInstance: import_csv_to_postgres.wait_for_generation scheduled__2025-08-27T18:00:00+00:00 [running]> on host b5ea13053d47
[2025-08-28T02:10:03.287+0000] {taskinstance.py:2648} INFO - Exporting env vars: AIRFLOW_CTX_DAG_OWNER='airflow' AIRFLOW_CTX_DAG_ID='import_csv_to_postgres' AIRFLOW_CTX_TASK_ID='wait_for_generation' AIRFLOW_CTX_EXECUTION_DATE='2025-08-27T18:00:00+00:00' AIRFLOW_CTX_TRY_NUMBER='1' AIRFLOW_CTX_DAG_RUN_ID='scheduled__2025-08-27T18:00:00+00:00'
[2025-08-28T02:10:03.288+0000] {taskinstance.py:430} INFO - ::endgroup::
[2025-08-28T02:10:03.303+0000] {baseoperator.py:400} WARNING - ExternalTaskSensor.execute cannot be called outside TaskInstance!
[2025-08-28T02:10:03.319+0000] {external_task.py:274} INFO - Poking for DAG 'daily_generate_orders' on 2025-08-27T18:00:00+00:00 ... 
[2025-08-28T02:10:03.320+0000] {warnings.py:112} WARNING - /home/airflow/.local/lib/python3.12/site-packages/airflow/utils/session.py:79: DeprecationWarning: This method is deprecated and will be removed in future.
  return func(*args, session=session, **kwargs)

[2025-08-28T02:10:03.338+0000] {base.py:294} INFO - Success criteria met. Exiting.
[2025-08-28T02:10:03.338+0000] {taskinstance.py:441} INFO - ::group::Post task execution logs
[2025-08-28T02:10:03.350+0000] {taskinstance.py:1206} INFO - Marking task as SUCCESS. dag_id=import_csv_to_postgres, task_id=wait_for_generation, run_id=scheduled__2025-08-27T18:00:00+00:00, execution_date=20250827T180000, start_date=20250828T021002, end_date=20250828T021003
[2025-08-28T02:10:03.379+0000] {local_task_job_runner.py:243} INFO - Task exited with return code 0
[2025-08-28T02:10:03.421+0000] {taskinstance.py:3503} INFO - 1 downstream tasks scheduled from follow-on schedule check
[2025-08-28T02:10:03.424+0000] {local_task_job_runner.py:222} INFO - ::endgroup::
[2025-08-28T03:16:30.949+0000] {local_task_job_runner.py:120} INFO - ::group::Pre task execution logs
[2025-08-28T03:16:30.991+0000] {taskinstance.py:2076} INFO - Dependencies all met for dep_context=non-requeueable deps ti=<TaskInstance: import_csv_to_postgres.wait_for_generation scheduled__2025-08-27T18:00:00+00:00 [queued]>
[2025-08-28T03:16:31.002+0000] {taskinstance.py:2076} INFO - Dependencies all met for dep_context=requeueable deps ti=<TaskInstance: import_csv_to_postgres.wait_for_generation scheduled__2025-08-27T18:00:00+00:00 [queued]>
[2025-08-28T03:16:31.002+0000] {taskinstance.py:2306} INFO - Starting attempt 1 of 1
[2025-08-28T03:16:31.029+0000] {taskinstance.py:2330} INFO - Executing <Task(ExternalTaskSensor): wait_for_generation> on 2025-08-27 18:00:00+00:00
[2025-08-28T03:16:31.039+0000] {warnings.py:112} WARNING - /home/airflow/.local/lib/python3.12/site-packages/airflow/task/task_runner/standard_task_runner.py:62: DeprecationWarning: This process (pid=1857) is multi-threaded, use of fork() may lead to deadlocks in the child.
  pid = os.fork()

[2025-08-28T03:16:31.040+0000] {standard_task_runner.py:64} INFO - Started process 1863 to run task
[2025-08-28T03:16:31.045+0000] {standard_task_runner.py:90} INFO - Running: ['airflow', 'tasks', 'run', 'import_csv_to_postgres', 'wait_for_generation', 'scheduled__2025-08-27T18:00:00+00:00', '--job-id', '771', '--raw', '--subdir', 'DAGS_FOLDER/csv_to_postgres_dag.py', '--cfg-path', '/tmp/tmpgf5ho5io']
[2025-08-28T03:16:31.050+0000] {standard_task_runner.py:91} INFO - Job 771: Subtask wait_for_generation
[2025-08-28T03:16:31.073+0000] {warnings.py:112} WARNING - /home/airflow/.local/lib/python3.12/site-packages/airflow/settings.py:195: DeprecationWarning: The sql_alchemy_conn option in [core] has been moved to the sql_alchemy_conn option in [database] - the old setting has been used, but please update your config.
  SQL_ALCHEMY_CONN = conf.get("database", "SQL_ALCHEMY_CONN")

[2025-08-28T03:16:31.242+0000] {task_command.py:426} INFO - Running <TaskInstance: import_csv_to_postgres.wait_for_generation scheduled__2025-08-27T18:00:00+00:00 [running]> on host b5ea13053d47
[2025-08-28T03:16:31.511+0000] {taskinstance.py:2648} INFO - Exporting env vars: AIRFLOW_CTX_DAG_OWNER='airflow' AIRFLOW_CTX_DAG_ID='import_csv_to_postgres' AIRFLOW_CTX_TASK_ID='wait_for_generation' AIRFLOW_CTX_EXECUTION_DATE='2025-08-27T18:00:00+00:00' AIRFLOW_CTX_TRY_NUMBER='1' AIRFLOW_CTX_DAG_RUN_ID='scheduled__2025-08-27T18:00:00+00:00'
[2025-08-28T03:16:31.512+0000] {taskinstance.py:430} INFO - ::endgroup::
[2025-08-28T03:16:31.561+0000] {baseoperator.py:400} WARNING - ExternalTaskSensor.execute cannot be called outside TaskInstance!
[2025-08-28T03:16:31.579+0000] {external_task.py:274} INFO - Poking for DAG 'daily_generate_orders' on 2025-08-27T18:00:00+00:00 ... 
[2025-08-28T03:16:31.580+0000] {warnings.py:112} WARNING - /home/airflow/.local/lib/python3.12/site-packages/airflow/utils/session.py:79: DeprecationWarning: This method is deprecated and will be removed in future.
  return func(*args, session=session, **kwargs)

[2025-08-28T03:16:31.600+0000] {base.py:294} INFO - Success criteria met. Exiting.
[2025-08-28T03:16:31.600+0000] {taskinstance.py:441} INFO - ::group::Post task execution logs
[2025-08-28T03:16:31.617+0000] {taskinstance.py:1206} INFO - Marking task as SUCCESS. dag_id=import_csv_to_postgres, task_id=wait_for_generation, run_id=scheduled__2025-08-27T18:00:00+00:00, execution_date=20250827T180000, start_date=20250828T031630, end_date=20250828T031631
[2025-08-28T03:16:31.673+0000] {local_task_job_runner.py:243} INFO - Task exited with return code 0
[2025-08-28T03:16:31.770+0000] {taskinstance.py:3503} INFO - 1 downstream tasks scheduled from follow-on schedule check
[2025-08-28T03:16:31.773+0000] {local_task_job_runner.py:222} INFO - ::endgroup::
