[2025-09-10T00:05:21.091+0000] {local_task_job_runner.py:120} INFO - ::group::Pre task execution logs
[2025-09-10T00:05:21.141+0000] {taskinstance.py:2076} INFO - Dependencies all met for dep_context=non-requeueable deps ti=<TaskInstance: dbt_run_models.run_dbt_models scheduled__2025-09-09T23:00:00+00:00 [queued]>
[2025-09-10T00:05:21.157+0000] {taskinstance.py:2076} INFO - Dependencies all met for dep_context=requeueable deps ti=<TaskInstance: dbt_run_models.run_dbt_models scheduled__2025-09-09T23:00:00+00:00 [queued]>
[2025-09-10T00:05:21.157+0000] {taskinstance.py:2306} INFO - Starting attempt 2 of 2
[2025-09-10T00:05:21.188+0000] {taskinstance.py:2330} INFO - Executing <Task(BashOperator): run_dbt_models> on 2025-09-09 23:00:00+00:00
[2025-09-10T00:05:21.195+0000] {warnings.py:112} WARNING - /home/airflow/.local/lib/python3.12/site-packages/airflow/task/task_runner/standard_task_runner.py:62: DeprecationWarning: This process (pid=3195) is multi-threaded, use of fork() may lead to deadlocks in the child.
  pid = os.fork()

[2025-09-10T00:05:21.196+0000] {standard_task_runner.py:64} INFO - Started process 3196 to run task
[2025-09-10T00:05:21.208+0000] {standard_task_runner.py:90} INFO - Running: ['airflow', 'tasks', 'run', 'dbt_run_models', 'run_dbt_models', 'scheduled__2025-09-09T23:00:00+00:00', '--job-id', '1310', '--raw', '--subdir', 'DAGS_FOLDER/dbt_dag.py', '--cfg-path', '/tmp/tmpakdfq21g']
[2025-09-10T00:05:21.210+0000] {standard_task_runner.py:91} INFO - Job 1310: Subtask run_dbt_models
[2025-09-10T00:05:21.249+0000] {warnings.py:112} WARNING - /home/airflow/.local/lib/python3.12/site-packages/airflow/settings.py:195: DeprecationWarning: The sql_alchemy_conn option in [core] has been moved to the sql_alchemy_conn option in [database] - the old setting has been used, but please update your config.
  SQL_ALCHEMY_CONN = conf.get("database", "SQL_ALCHEMY_CONN")

[2025-09-10T00:05:21.351+0000] {task_command.py:426} INFO - Running <TaskInstance: dbt_run_models.run_dbt_models scheduled__2025-09-09T23:00:00+00:00 [running]> on host b5ea13053d47
[2025-09-10T00:05:21.541+0000] {taskinstance.py:2648} INFO - Exporting env vars: AIRFLOW_CTX_DAG_OWNER='airflow' AIRFLOW_CTX_DAG_ID='dbt_run_models' AIRFLOW_CTX_TASK_ID='run_dbt_models' AIRFLOW_CTX_EXECUTION_DATE='2025-09-09T23:00:00+00:00' AIRFLOW_CTX_TRY_NUMBER='2' AIRFLOW_CTX_DAG_RUN_ID='scheduled__2025-09-09T23:00:00+00:00'
[2025-09-10T00:05:21.542+0000] {taskinstance.py:430} INFO - ::endgroup::
[2025-09-10T00:05:21.556+0000] {subprocess.py:63} INFO - Tmp dir root location: /tmp
[2025-09-10T00:05:21.557+0000] {subprocess.py:75} INFO - Running command: ['/usr/bin/bash', '-c', '\n        cd /usr/app &&         dbt run --profiles-dir /usr/app\n        ']
[2025-09-10T00:05:21.572+0000] {subprocess.py:86} INFO - Output:
[2025-09-10T00:05:26.230+0000] {subprocess.py:93} INFO - [0m00:05:26  Running with dbt=1.7.9
[2025-09-10T00:05:26.629+0000] {subprocess.py:93} INFO - [0m00:05:26  Registered adapter: postgres=1.7.9
[2025-09-10T00:05:26.677+0000] {subprocess.py:93} INFO - [0m00:05:26  [[33mWARNING[0m]: Configuration paths exist in your dbt_project.yml file which do not apply to any resources.
[2025-09-10T00:05:26.677+0000] {subprocess.py:93} INFO - There are 1 unused configuration paths:
[2025-09-10T00:05:26.678+0000] {subprocess.py:93} INFO - - models.my_project.sources
[2025-09-10T00:05:26.703+0000] {subprocess.py:93} INFO - [0m00:05:26  Found 15 models, 7 sources, 0 exposures, 0 metrics, 401 macros, 0 groups, 0 semantic models
[2025-09-10T00:05:26.707+0000] {subprocess.py:93} INFO - [0m00:05:26
[2025-09-10T00:05:26.932+0000] {subprocess.py:93} INFO - [0m00:05:26  Concurrency: 4 threads (target='dev')
[2025-09-10T00:05:26.933+0000] {subprocess.py:93} INFO - [0m00:05:26
[2025-09-10T00:05:26.950+0000] {subprocess.py:93} INFO - [0m00:05:26  1 of 15 START sql view model analytics.stg_AOV ................................. [RUN]
[2025-09-10T00:05:26.953+0000] {subprocess.py:93} INFO - [0m00:05:26  2 of 15 START sql view model analytics.stg_order_count_year .................... [RUN]
[2025-09-10T00:05:26.955+0000] {subprocess.py:93} INFO - [0m00:05:26  3 of 15 START sql view model analytics.stg_order_details ....................... [RUN]
[2025-09-10T00:05:26.961+0000] {subprocess.py:93} INFO - [0m00:05:26  4 of 15 START sql view model analytics.stg_order_items ......................... [RUN]
[2025-09-10T00:05:27.577+0000] {subprocess.py:93} INFO - [0m00:05:27  1 of 15 OK created sql view model analytics.stg_AOV ............................ [[32mCREATE VIEW[0m in 0.60s]
[2025-09-10T00:05:27.595+0000] {subprocess.py:93} INFO - [0m00:05:27  3 of 15 OK created sql view model analytics.stg_order_details .................. [[32mCREATE VIEW[0m in 0.63s]
[2025-09-10T00:05:27.601+0000] {subprocess.py:93} INFO - [0m00:05:27  5 of 15 START sql view model analytics.stg_orders .............................. [RUN]
[2025-09-10T00:05:27.604+0000] {subprocess.py:93} INFO - [0m00:05:27  2 of 15 OK created sql view model analytics.stg_order_count_year ............... [[32mCREATE VIEW[0m in 0.64s]
[2025-09-10T00:05:27.606+0000] {subprocess.py:93} INFO - [0m00:05:27  4 of 15 OK created sql view model analytics.stg_order_items .................... [[32mCREATE VIEW[0m in 0.63s]
[2025-09-10T00:05:27.640+0000] {subprocess.py:93} INFO - [0m00:05:27  6 of 15 START sql view model analytics.stg_payments ............................ [RUN]
[2025-09-10T00:05:27.642+0000] {subprocess.py:93} INFO - [0m00:05:27  7 of 15 START sql view model analytics.stg_products ............................ [RUN]
[2025-09-10T00:05:27.645+0000] {subprocess.py:93} INFO - [0m00:05:27  8 of 15 START sql table model analytics.AOV_chek ............................... [RUN]
[2025-09-10T00:05:28.074+0000] {subprocess.py:93} INFO - [0m00:05:28  5 of 15 OK created sql view model analytics.stg_orders ......................... [[32mCREATE VIEW[0m in 0.45s]
[2025-09-10T00:05:28.115+0000] {subprocess.py:93} INFO - [0m00:05:28  9 of 15 START sql table model analytics.order_count_year ....................... [RUN]
[2025-09-10T00:05:28.137+0000] {subprocess.py:93} INFO - [0m00:05:28  7 of 15 OK created sql view model analytics.stg_products ....................... [[32mCREATE VIEW[0m in 0.47s]
[2025-09-10T00:05:28.167+0000] {subprocess.py:93} INFO - [0m00:05:28  6 of 15 OK created sql view model analytics.stg_payments ....................... [[32mCREATE VIEW[0m in 0.51s]
[2025-09-10T00:05:28.174+0000] {subprocess.py:93} INFO - [0m00:05:28  10 of 15 START sql table model analytics.order_count_year+month_diff ........... [RUN]
[2025-09-10T00:05:28.183+0000] {subprocess.py:93} INFO - [0m00:05:28  8 of 15 OK created sql table model analytics.AOV_chek .......................... [[32mSELECT 50[0m in 0.51s]
[2025-09-10T00:05:28.195+0000] {subprocess.py:93} INFO - [0m00:05:28  11 of 15 START sql table model analytics.orders_summary ........................ [RUN]
[2025-09-10T00:05:28.224+0000] {subprocess.py:93} INFO - [0m00:05:28  12 of 15 START sql table model analytics.AOV_EBITDA_COUNT ...................... [RUN]
[2025-09-10T00:05:28.466+0000] {subprocess.py:93} INFO - [0m00:05:28  12 of 15 ERROR creating sql table model analytics.AOV_EBITDA_COUNT ............. [[31mERROR[0m in 0.20s]
[2025-09-10T00:05:28.505+0000] {subprocess.py:93} INFO - [0m00:05:28  13 of 15 START sql table model analytics.AOV_category .......................... [RUN]
[2025-09-10T00:05:28.569+0000] {subprocess.py:93} INFO - [0m00:05:28  9 of 15 OK created sql table model analytics.order_count_year .................. [[32mSELECT 4[0m in 0.43s]
[2025-09-10T00:05:28.601+0000] {subprocess.py:93} INFO - [0m00:05:28  14 of 15 START sql table model analytics.AOV_product_name ...................... [RUN]
[2025-09-10T00:05:28.638+0000] {subprocess.py:93} INFO - [0m00:05:28  10 of 15 OK created sql table model analytics.order_count_year+month_diff ...... [[32mSELECT 28[0m in 0.43s]
[2025-09-10T00:05:28.647+0000] {subprocess.py:93} INFO - [0m00:05:28  15 of 15 START sql table model analytics.AVG_AOV_chek .......................... [RUN]
[2025-09-10T00:05:28.670+0000] {subprocess.py:93} INFO - [0m00:05:28  11 of 15 OK created sql table model analytics.orders_summary ................... [[32mSELECT 10000[0m in 0.43s]
[2025-09-10T00:05:28.727+0000] {subprocess.py:93} INFO - [0m00:05:28  13 of 15 ERROR creating sql table model analytics.AOV_category ................. [[31mERROR[0m in 0.21s]
[2025-09-10T00:05:28.761+0000] {subprocess.py:93} INFO - [0m00:05:28  14 of 15 ERROR creating sql table model analytics.AOV_product_name ............. [[31mERROR[0m in 0.15s]
[2025-09-10T00:05:29.038+0000] {subprocess.py:93} INFO - [0m00:05:29  15 of 15 OK created sql table model analytics.AVG_AOV_chek ..................... [[32mSELECT 16863[0m in 0.38s]
[2025-09-10T00:05:29.063+0000] {subprocess.py:93} INFO - [0m00:05:29
[2025-09-10T00:05:29.064+0000] {subprocess.py:93} INFO - [0m00:05:29  Finished running 7 view models, 8 table models in 0 hours 0 minutes and 2.35 seconds (2.35s).
[2025-09-10T00:05:29.079+0000] {subprocess.py:93} INFO - [0m00:05:29
[2025-09-10T00:05:29.080+0000] {subprocess.py:93} INFO - [0m00:05:29  [31mCompleted with 3 errors and 0 warnings:[0m
[2025-09-10T00:05:29.080+0000] {subprocess.py:93} INFO - [0m00:05:29
[2025-09-10T00:05:29.081+0000] {subprocess.py:93} INFO - [0m00:05:29    Database Error in model AOV_EBITDA_COUNT (models/marts/AOV_EBITDA_COUNT.sql)
[2025-09-10T00:05:29.082+0000] {subprocess.py:93} INFO -   type "avr_order_value" does not exist
[2025-09-10T00:05:29.082+0000] {subprocess.py:93} INFO -   LINE 19: order by avr_order_value
[2025-09-10T00:05:29.082+0000] {subprocess.py:93} INFO -                     ^
[2025-09-10T00:05:29.082+0000] {subprocess.py:93} INFO -   compiled Code at target/run/my_project/models/marts/AOV_EBITDA_COUNT.sql
[2025-09-10T00:05:29.082+0000] {subprocess.py:93} INFO - [0m00:05:29
[2025-09-10T00:05:29.083+0000] {subprocess.py:93} INFO - [0m00:05:29    Database Error in model AOV_category (models/marts/AOV_category.sql)
[2025-09-10T00:05:29.083+0000] {subprocess.py:93} INFO -   type "avr_order_value" does not exist
[2025-09-10T00:05:29.083+0000] {subprocess.py:93} INFO -   LINE 21: order by avr_order_value
[2025-09-10T00:05:29.083+0000] {subprocess.py:93} INFO -                     ^
[2025-09-10T00:05:29.083+0000] {subprocess.py:93} INFO -   compiled Code at target/run/my_project/models/marts/AOV_category.sql
[2025-09-10T00:05:29.083+0000] {subprocess.py:93} INFO - [0m00:05:29
[2025-09-10T00:05:29.084+0000] {subprocess.py:93} INFO - [0m00:05:29    Database Error in model AOV_product_name (models/marts/AOV_product_name.sql)
[2025-09-10T00:05:29.084+0000] {subprocess.py:93} INFO -   type "avr_order_value" does not exist
[2025-09-10T00:05:29.084+0000] {subprocess.py:93} INFO -   LINE 21: order by avr_order_value
[2025-09-10T00:05:29.084+0000] {subprocess.py:93} INFO -                     ^
[2025-09-10T00:05:29.084+0000] {subprocess.py:93} INFO -   compiled Code at target/run/my_project/models/marts/AOV_product_name.sql
[2025-09-10T00:05:29.085+0000] {subprocess.py:93} INFO - [0m00:05:29
[2025-09-10T00:05:29.085+0000] {subprocess.py:93} INFO - [0m00:05:29  Done. PASS=12 WARN=0 ERROR=3 SKIP=0 TOTAL=15
[2025-09-10T00:05:39.686+0000] {subprocess.py:97} INFO - Command exited with return code 1
[2025-09-10T00:05:39.687+0000] {taskinstance.py:441} INFO - ::group::Post task execution logs
[2025-09-10T00:05:39.730+0000] {taskinstance.py:2905} ERROR - Task failed with exception
Traceback (most recent call last):
  File "/home/airflow/.local/lib/python3.12/site-packages/airflow/models/taskinstance.py", line 465, in _execute_task
    result = _execute_callable(context=context, **execute_callable_kwargs)
             ^^^^^^^^^^^^^^^^^^^^^^^^^^^^^^^^^^^^^^^^^^^^^^^^^^^^^^^^^^^^^
  File "/home/airflow/.local/lib/python3.12/site-packages/airflow/models/taskinstance.py", line 432, in _execute_callable
    return execute_callable(context=context, **execute_callable_kwargs)
           ^^^^^^^^^^^^^^^^^^^^^^^^^^^^^^^^^^^^^^^^^^^^^^^^^^^^^^^^^^^^
  File "/home/airflow/.local/lib/python3.12/site-packages/airflow/models/baseoperator.py", line 401, in wrapper
    return func(self, *args, **kwargs)
           ^^^^^^^^^^^^^^^^^^^^^^^^^^^
  File "/home/airflow/.local/lib/python3.12/site-packages/airflow/operators/bash.py", line 243, in execute
    raise AirflowException(
airflow.exceptions.AirflowException: Bash command failed. The command returned a non-zero exit code 1.
[2025-09-10T00:05:39.736+0000] {taskinstance.py:1206} INFO - Marking task as FAILED. dag_id=dbt_run_models, task_id=run_dbt_models, run_id=scheduled__2025-09-09T23:00:00+00:00, execution_date=20250909T230000, start_date=20250910T000521, end_date=20250910T000539
[2025-09-10T00:05:39.753+0000] {standard_task_runner.py:110} ERROR - Failed to execute job 1310 for task run_dbt_models (Bash command failed. The command returned a non-zero exit code 1.; 3196)
[2025-09-10T00:05:39.781+0000] {local_task_job_runner.py:243} INFO - Task exited with return code 1
[2025-09-10T00:05:39.824+0000] {taskinstance.py:3503} INFO - 0 downstream tasks scheduled from follow-on schedule check
[2025-09-10T00:05:39.834+0000] {local_task_job_runner.py:222} INFO - ::endgroup::
