[2025-09-04T11:00:01.330+0000] {local_task_job_runner.py:120} INFO - ::group::Pre task execution logs
[2025-09-04T11:00:01.380+0000] {taskinstance.py:2076} INFO - Dependencies all met for dep_context=non-requeueable deps ti=<TaskInstance: dbt_run_models.run_dbt_models scheduled__2025-09-04T10:00:00+00:00 [queued]>
[2025-09-04T11:00:01.404+0000] {taskinstance.py:2076} INFO - Dependencies all met for dep_context=requeueable deps ti=<TaskInstance: dbt_run_models.run_dbt_models scheduled__2025-09-04T10:00:00+00:00 [queued]>
[2025-09-04T11:00:01.405+0000] {taskinstance.py:2306} INFO - Starting attempt 1 of 2
[2025-09-04T11:00:01.444+0000] {taskinstance.py:2330} INFO - Executing <Task(BashOperator): run_dbt_models> on 2025-09-04 10:00:00+00:00
[2025-09-04T11:00:01.454+0000] {warnings.py:112} WARNING - /home/airflow/.local/lib/python3.12/site-packages/airflow/task/task_runner/standard_task_runner.py:62: DeprecationWarning: This process (pid=427) is multi-threaded, use of fork() may lead to deadlocks in the child.
  pid = os.fork()

[2025-09-04T11:00:01.455+0000] {standard_task_runner.py:90} INFO - Running: ['airflow', 'tasks', 'run', 'dbt_run_models', 'run_dbt_models', 'scheduled__2025-09-04T10:00:00+00:00', '--job-id', '1001', '--raw', '--subdir', 'DAGS_FOLDER/dbt_dag.py', '--cfg-path', '/tmp/tmp5iju100t']
[2025-09-04T11:00:01.456+0000] {standard_task_runner.py:91} INFO - Job 1001: Subtask run_dbt_models
[2025-09-04T11:00:01.456+0000] {standard_task_runner.py:64} INFO - Started process 428 to run task
[2025-09-04T11:00:01.471+0000] {warnings.py:112} WARNING - /home/airflow/.local/lib/python3.12/site-packages/airflow/settings.py:195: DeprecationWarning: The sql_alchemy_conn option in [core] has been moved to the sql_alchemy_conn option in [database] - the old setting has been used, but please update your config.
  SQL_ALCHEMY_CONN = conf.get("database", "SQL_ALCHEMY_CONN")

[2025-09-04T11:00:01.538+0000] {task_command.py:426} INFO - Running <TaskInstance: dbt_run_models.run_dbt_models scheduled__2025-09-04T10:00:00+00:00 [running]> on host b5ea13053d47
[2025-09-04T11:00:01.766+0000] {taskinstance.py:2648} INFO - Exporting env vars: AIRFLOW_CTX_DAG_OWNER='airflow' AIRFLOW_CTX_DAG_ID='dbt_run_models' AIRFLOW_CTX_TASK_ID='run_dbt_models' AIRFLOW_CTX_EXECUTION_DATE='2025-09-04T10:00:00+00:00' AIRFLOW_CTX_TRY_NUMBER='1' AIRFLOW_CTX_DAG_RUN_ID='scheduled__2025-09-04T10:00:00+00:00'
[2025-09-04T11:00:01.766+0000] {taskinstance.py:430} INFO - ::endgroup::
[2025-09-04T11:00:01.790+0000] {subprocess.py:63} INFO - Tmp dir root location: /tmp
[2025-09-04T11:00:01.791+0000] {subprocess.py:75} INFO - Running command: ['/usr/bin/bash', '-c', '\n        cd /usr/app &&         dbt run --profiles-dir /usr/app\n        ']
[2025-09-04T11:00:01.814+0000] {subprocess.py:86} INFO - Output:
[2025-09-04T11:00:06.722+0000] {subprocess.py:93} INFO - [0m11:00:06  Running with dbt=1.7.9
[2025-09-04T11:00:07.191+0000] {subprocess.py:93} INFO - [0m11:00:07  Registered adapter: postgres=1.7.9
[2025-09-04T11:00:07.248+0000] {subprocess.py:93} INFO - [0m11:00:07  [[33mWARNING[0m]: Configuration paths exist in your dbt_project.yml file which do not apply to any resources.
[2025-09-04T11:00:07.248+0000] {subprocess.py:93} INFO - There are 1 unused configuration paths:
[2025-09-04T11:00:07.248+0000] {subprocess.py:93} INFO - - models.my_project.sources
[2025-09-04T11:00:07.278+0000] {subprocess.py:93} INFO - [0m11:00:07  Found 5 models, 7 sources, 0 exposures, 0 metrics, 401 macros, 0 groups, 0 semantic models
[2025-09-04T11:00:07.283+0000] {subprocess.py:93} INFO - [0m11:00:07
[2025-09-04T11:00:07.512+0000] {subprocess.py:93} INFO - [0m11:00:07  Concurrency: 4 threads (target='dev')
[2025-09-04T11:00:07.513+0000] {subprocess.py:93} INFO - [0m11:00:07
[2025-09-04T11:00:07.543+0000] {subprocess.py:93} INFO - [0m11:00:07  1 of 5 START sql view model analytics.stg_order_count_year ..................... [RUN]
[2025-09-04T11:00:07.546+0000] {subprocess.py:93} INFO - [0m11:00:07  2 of 5 START sql view model analytics.stg_order_details ........................ [RUN]
[2025-09-04T11:00:07.548+0000] {subprocess.py:93} INFO - [0m11:00:07  3 of 5 START sql view model analytics.stg_orders ............................... [RUN]
[2025-09-04T11:00:08.027+0000] {subprocess.py:93} INFO - [0m11:00:08  3 of 5 OK created sql view model analytics.stg_orders .......................... [[32mCREATE VIEW[0m in 0.47s]
[2025-09-04T11:00:08.041+0000] {subprocess.py:93} INFO - [0m11:00:08  1 of 5 OK created sql view model analytics.stg_order_count_year ................ [[32mCREATE VIEW[0m in 0.48s]
[2025-09-04T11:00:08.043+0000] {subprocess.py:93} INFO - [0m11:00:08  2 of 5 OK created sql view model analytics.stg_order_details ................... [[32mCREATE VIEW[0m in 0.48s]
[2025-09-04T11:00:08.055+0000] {subprocess.py:93} INFO - [0m11:00:08  4 of 5 START sql table model analytics.order_count_year ........................ [RUN]
[2025-09-04T11:00:08.061+0000] {subprocess.py:93} INFO - [0m11:00:08  5 of 5 START sql table model analytics.orders_summary .......................... [RUN]
[2025-09-04T11:00:08.448+0000] {subprocess.py:93} INFO - [0m11:00:08  4 of 5 OK created sql table model analytics.order_count_year ................... [[32mSELECT 3[0m in 0.39s]
[2025-09-04T11:00:08.479+0000] {subprocess.py:93} INFO - [0m11:00:08  5 of 5 OK created sql table model analytics.orders_summary ..................... [[32mSELECT 10000[0m in 0.41s]
[2025-09-04T11:00:08.523+0000] {subprocess.py:93} INFO - [0m11:00:08
[2025-09-04T11:00:08.525+0000] {subprocess.py:93} INFO - [0m11:00:08  Finished running 3 view models, 2 table models in 0 hours 0 minutes and 1.24 seconds (1.24s).
[2025-09-04T11:00:08.562+0000] {subprocess.py:93} INFO - [0m11:00:08
[2025-09-04T11:00:08.564+0000] {subprocess.py:93} INFO - [0m11:00:08  [32mCompleted successfully[0m
[2025-09-04T11:00:08.566+0000] {subprocess.py:93} INFO - [0m11:00:08
[2025-09-04T11:00:08.568+0000] {subprocess.py:93} INFO - [0m11:00:08  Done. PASS=5 WARN=0 ERROR=0 SKIP=0 TOTAL=5
[2025-09-04T11:00:19.137+0000] {subprocess.py:97} INFO - Command exited with return code 0
[2025-09-04T11:00:19.138+0000] {taskinstance.py:441} INFO - ::group::Post task execution logs
[2025-09-04T11:00:19.180+0000] {taskinstance.py:1206} INFO - Marking task as SUCCESS. dag_id=dbt_run_models, task_id=run_dbt_models, run_id=scheduled__2025-09-04T10:00:00+00:00, execution_date=20250904T100000, start_date=20250904T110001, end_date=20250904T110019
[2025-09-04T11:00:19.250+0000] {local_task_job_runner.py:243} INFO - Task exited with return code 0
[2025-09-04T11:00:19.278+0000] {taskinstance.py:3503} INFO - 1 downstream tasks scheduled from follow-on schedule check
[2025-09-04T11:00:19.282+0000] {local_task_job_runner.py:222} INFO - ::endgroup::
