[2025-08-26T11:00:03.757+0000] {local_task_job_runner.py:120} INFO - ::group::Pre task execution logs
[2025-08-26T11:00:03.979+0000] {taskinstance.py:2076} INFO - Dependencies all met for dep_context=non-requeueable deps ti=<TaskInstance: daily_generate_orders.load_csv_to_postgres scheduled__2025-08-26T10:00:00+00:00 [queued]>
[2025-08-26T11:00:03.989+0000] {taskinstance.py:2076} INFO - Dependencies all met for dep_context=requeueable deps ti=<TaskInstance: daily_generate_orders.load_csv_to_postgres scheduled__2025-08-26T10:00:00+00:00 [queued]>
[2025-08-26T11:00:03.989+0000] {taskinstance.py:2306} INFO - Starting attempt 1 of 1
[2025-08-26T11:00:04.006+0000] {taskinstance.py:2330} INFO - Executing <Task(PythonOperator): load_csv_to_postgres> on 2025-08-26 10:00:00+00:00
[2025-08-26T11:00:04.015+0000] {warnings.py:112} WARNING - /home/airflow/.local/lib/python3.12/site-packages/airflow/task/task_runner/standard_task_runner.py:62: DeprecationWarning: This process (pid=1096) is multi-threaded, use of fork() may lead to deadlocks in the child.
  pid = os.fork()

[2025-08-26T11:00:04.016+0000] {standard_task_runner.py:64} INFO - Started process 1098 to run task
[2025-08-26T11:00:04.023+0000] {standard_task_runner.py:90} INFO - Running: ['airflow', 'tasks', 'run', 'daily_generate_orders', 'load_csv_to_postgres', 'scheduled__2025-08-26T10:00:00+00:00', '--job-id', '603', '--raw', '--subdir', 'DAGS_FOLDER/generate_fake_shop_csv.py', '--cfg-path', '/tmp/tmp7sbrnh11']
[2025-08-26T11:00:04.028+0000] {standard_task_runner.py:91} INFO - Job 603: Subtask load_csv_to_postgres
[2025-08-26T11:00:04.043+0000] {warnings.py:112} WARNING - /home/airflow/.local/lib/python3.12/site-packages/airflow/settings.py:195: DeprecationWarning: The sql_alchemy_conn option in [core] has been moved to the sql_alchemy_conn option in [database] - the old setting has been used, but please update your config.
  SQL_ALCHEMY_CONN = conf.get("database", "SQL_ALCHEMY_CONN")

[2025-08-26T11:00:04.084+0000] {task_command.py:426} INFO - Running <TaskInstance: daily_generate_orders.load_csv_to_postgres scheduled__2025-08-26T10:00:00+00:00 [running]> on host b5ea13053d47
[2025-08-26T11:00:04.195+0000] {taskinstance.py:2648} INFO - Exporting env vars: AIRFLOW_CTX_DAG_OWNER='airflow' AIRFLOW_CTX_DAG_ID='daily_generate_orders' AIRFLOW_CTX_TASK_ID='load_csv_to_postgres' AIRFLOW_CTX_EXECUTION_DATE='2025-08-26T10:00:00+00:00' AIRFLOW_CTX_TRY_NUMBER='1' AIRFLOW_CTX_DAG_RUN_ID='scheduled__2025-08-26T10:00:00+00:00'
[2025-08-26T11:00:04.198+0000] {taskinstance.py:430} INFO - ::endgroup::
[2025-08-26T11:00:04.225+0000] {base.py:84} INFO - Using connection ID 'postgres_conn' for task execution.
[2025-08-26T11:00:05.198+0000] {logging_mixin.py:188} INFO - ✅ Загружено 15000 строк в таблицу shipments
[2025-08-26T11:00:05.224+0000] {logging_mixin.py:188} INFO - ✅ Загружено 200 новых строк в таблицу shipments
[2025-08-26T11:00:05.249+0000] {logging_mixin.py:188} INFO - ✅ Загружено 200 новых строк в таблицу shipments
[2025-08-26T11:00:05.278+0000] {logging_mixin.py:188} INFO - ✅ Загружено 200 новых строк в таблицу shipments
[2025-08-26T11:00:05.302+0000] {logging_mixin.py:188} INFO - ✅ Загружено 200 новых строк в таблицу shipments
[2025-08-26T11:00:05.323+0000] {logging_mixin.py:188} INFO - ✅ Загружено 200 новых строк в таблицу shipments
[2025-08-26T11:00:05.337+0000] {logging_mixin.py:188} INFO - ✅ Загружено 200 новых строк в таблицу shipments
[2025-08-26T11:00:05.347+0000] {logging_mixin.py:188} INFO - ✅ Загружено 200 новых строк в таблицу shipments
[2025-08-26T11:00:06.100+0000] {logging_mixin.py:188} INFO - ✅ Загружено 10000 строк в таблицу customers
[2025-08-26T11:00:06.120+0000] {logging_mixin.py:188} INFO - ✅ Загружено 400 новых строк в таблицу customers
[2025-08-26T11:00:06.156+0000] {logging_mixin.py:188} INFO - ✅ Загружено 400 новых строк в таблицу customers
[2025-08-26T11:00:06.177+0000] {logging_mixin.py:188} INFO - ✅ Загружено 400 новых строк в таблицу customers
[2025-08-26T11:00:06.197+0000] {logging_mixin.py:188} INFO - ✅ Загружено 400 новых строк в таблицу customers
[2025-08-26T11:00:06.289+0000] {logging_mixin.py:188} INFO - ✅ Загружено 400 новых строк в таблицу customers
[2025-08-26T11:00:06.330+0000] {logging_mixin.py:188} INFO - ✅ Загружено 400 новых строк в таблицу customers
[2025-08-26T11:00:07.399+0000] {logging_mixin.py:188} INFO - ✅ Загружено 15025 строк в таблицу orders
[2025-08-26T11:00:07.416+0000] {logging_mixin.py:188} INFO - ✅ Загружено 225 новых строк в таблицу orders
[2025-08-26T11:00:07.427+0000] {logging_mixin.py:188} INFO - ✅ Загружено 225 новых строк в таблицу orders
[2025-08-26T11:00:07.453+0000] {logging_mixin.py:188} INFO - ✅ Загружено 225 новых строк в таблицу orders
[2025-08-26T11:00:07.469+0000] {logging_mixin.py:188} INFO - ✅ Загружено 225 новых строк в таблицу orders
[2025-08-26T11:00:07.484+0000] {logging_mixin.py:188} INFO - ✅ Загружено 225 новых строк в таблицу orders
[2025-08-26T11:00:07.624+0000] {logging_mixin.py:188} INFO - ✅ Загружено 2000 строк в таблицу products
[2025-08-26T11:00:07.654+0000] {logging_mixin.py:188} INFO - ✅ Загружено 400 новых строк в таблицу products
[2025-08-26T11:00:07.669+0000] {logging_mixin.py:188} INFO - ✅ Загружено 400 новых строк в таблицу products
[2025-08-26T11:00:07.702+0000] {logging_mixin.py:188} INFO - ✅ Загружено 400 новых строк в таблицу products
[2025-08-26T11:00:07.745+0000] {logging_mixin.py:188} INFO - ✅ Загружено 400 новых строк в таблицу products
[2025-08-26T11:00:07.783+0000] {logging_mixin.py:188} INFO - ✅ Загружено 400 новых строк в таблицу products
[2025-08-26T11:00:09.443+0000] {logging_mixin.py:188} INFO - ✅ Загружено 20059 строк в таблицу order_items
[2025-08-26T11:00:09.457+0000] {logging_mixin.py:188} INFO - ✅ Загружено 59 новых строк в таблицу order_items
[2025-08-26T11:00:09.478+0000] {logging_mixin.py:188} INFO - ✅ Загружено 59 новых строк в таблицу order_items
[2025-08-26T11:00:09.493+0000] {logging_mixin.py:188} INFO - ✅ Загружено 59 новых строк в таблицу order_items
[2025-08-26T11:00:09.507+0000] {logging_mixin.py:188} INFO - ✅ Загружено 59 новых строк в таблицу order_items
[2025-08-26T11:00:09.525+0000] {logging_mixin.py:188} INFO - ✅ Загружено 59 новых строк в таблицу order_items
[2025-08-26T11:00:09.540+0000] {logging_mixin.py:188} INFO - ✅ Загружено 59 новых строк в таблицу order_items
[2025-08-26T11:00:09.567+0000] {logging_mixin.py:188} INFO - ✅ Загружено 100 строк в таблицу suppliers
[2025-08-26T11:00:09.585+0000] {logging_mixin.py:188} INFO - ✅ Загружено 100 новых строк в таблицу suppliers
[2025-08-26T11:00:09.601+0000] {logging_mixin.py:188} INFO - ✅ Загружено 100 новых строк в таблицу suppliers
[2025-08-26T11:00:09.619+0000] {logging_mixin.py:188} INFO - ✅ Загружено 100 новых строк в таблицу suppliers
[2025-08-26T11:00:09.644+0000] {logging_mixin.py:188} INFO - ✅ Загружено 100 новых строк в таблицу suppliers
[2025-08-26T11:00:09.659+0000] {logging_mixin.py:188} INFO - ✅ Загружено 100 новых строк в таблицу suppliers
[2025-08-26T11:00:09.675+0000] {logging_mixin.py:188} INFO - ✅ Загружено 100 новых строк в таблицу suppliers
[2025-08-26T11:00:11.113+0000] {logging_mixin.py:188} INFO - ✅ Загружено 15025 строк в таблицу payment
[2025-08-26T11:00:11.143+0000] {logging_mixin.py:188} INFO - ✅ Загружено 225 новых строк в таблицу payment
[2025-08-26T11:00:11.170+0000] {logging_mixin.py:188} INFO - ✅ Загружено 225 новых строк в таблицу payment
[2025-08-26T11:00:11.197+0000] {logging_mixin.py:188} INFO - ✅ Загружено 225 новых строк в таблицу payment
[2025-08-26T11:00:11.214+0000] {logging_mixin.py:188} INFO - ✅ Загружено 225 новых строк в таблицу payment
[2025-08-26T11:00:11.224+0000] {logging_mixin.py:188} INFO - ✅ Загружено 225 новых строк в таблицу payment
[2025-08-26T11:00:11.235+0000] {logging_mixin.py:188} INFO - ✅ Загружено 225 новых строк в таблицу payment
[2025-08-26T11:00:11.289+0000] {logging_mixin.py:188} INFO - ✅ Загружено 1106 строк в таблицу reviews
[2025-08-26T11:00:11.302+0000] {logging_mixin.py:188} INFO - ✅ Загружено 306 новых строк в таблицу reviews
[2025-08-26T11:00:11.323+0000] {logging_mixin.py:188} INFO - ✅ Загружено 306 новых строк в таблицу reviews
[2025-08-26T11:00:11.339+0000] {logging_mixin.py:188} INFO - ✅ Загружено 306 новых строк в таблицу reviews
[2025-08-26T11:00:11.352+0000] {logging_mixin.py:188} INFO - ✅ Загружено 306 новых строк в таблицу reviews
[2025-08-26T11:00:11.369+0000] {logging_mixin.py:188} INFO - ✅ Загружено 306 новых строк в таблицу reviews
[2025-08-26T11:00:11.382+0000] {logging_mixin.py:188} INFO - ✅ Загружено 306 новых строк в таблицу reviews
[2025-08-26T11:00:11.382+0000] {python.py:237} INFO - Done. Returned value was: None
[2025-08-26T11:00:11.383+0000] {taskinstance.py:441} INFO - ::group::Post task execution logs
[2025-08-26T11:00:11.391+0000] {taskinstance.py:1206} INFO - Marking task as SUCCESS. dag_id=daily_generate_orders, task_id=load_csv_to_postgres, run_id=scheduled__2025-08-26T10:00:00+00:00, execution_date=20250826T100000, start_date=20250826T110003, end_date=20250826T110011
[2025-08-26T11:00:11.442+0000] {local_task_job_runner.py:243} INFO - Task exited with return code 0
[2025-08-26T11:00:11.466+0000] {taskinstance.py:3503} INFO - 0 downstream tasks scheduled from follow-on schedule check
[2025-08-26T11:00:11.467+0000] {local_task_job_runner.py:222} INFO - ::endgroup::
