[2025-08-26T02:00:41.273+0000] {local_task_job_runner.py:120} INFO - ::group::Pre task execution logs
[2025-08-26T02:00:41.649+0000] {taskinstance.py:2076} INFO - Dependencies all met for dep_context=non-requeueable deps ti=<TaskInstance: daily_generate_orders.load_csv_to_postgres manual__2025-08-26T02:00:15.157884+00:00 [queued]>
[2025-08-26T02:00:41.665+0000] {taskinstance.py:2076} INFO - Dependencies all met for dep_context=requeueable deps ti=<TaskInstance: daily_generate_orders.load_csv_to_postgres manual__2025-08-26T02:00:15.157884+00:00 [queued]>
[2025-08-26T02:00:41.665+0000] {taskinstance.py:2306} INFO - Starting attempt 1 of 1
[2025-08-26T02:00:41.697+0000] {taskinstance.py:2330} INFO - Executing <Task(PythonOperator): load_csv_to_postgres> on 2025-08-26 02:00:15.157884+00:00
[2025-08-26T02:00:41.736+0000] {warnings.py:112} WARNING - /home/airflow/.local/lib/python3.12/site-packages/airflow/task/task_runner/standard_task_runner.py:62: DeprecationWarning: This process (pid=924) is multi-threaded, use of fork() may lead to deadlocks in the child.
  pid = os.fork()

[2025-08-26T02:00:41.748+0000] {standard_task_runner.py:64} INFO - Started process 926 to run task
[2025-08-26T02:00:41.741+0000] {standard_task_runner.py:90} INFO - Running: ['airflow', 'tasks', 'run', 'daily_generate_orders', 'load_csv_to_postgres', 'manual__2025-08-26T02:00:15.157884+00:00', '--job-id', '560', '--raw', '--subdir', 'DAGS_FOLDER/generate_fake_shop_csv.py', '--cfg-path', '/tmp/tmpxu0me48m']
[2025-08-26T02:00:41.752+0000] {standard_task_runner.py:91} INFO - Job 560: Subtask load_csv_to_postgres
[2025-08-26T02:00:41.781+0000] {warnings.py:112} WARNING - /home/airflow/.local/lib/python3.12/site-packages/airflow/settings.py:195: DeprecationWarning: The sql_alchemy_conn option in [core] has been moved to the sql_alchemy_conn option in [database] - the old setting has been used, but please update your config.
  SQL_ALCHEMY_CONN = conf.get("database", "SQL_ALCHEMY_CONN")

[2025-08-26T02:00:41.900+0000] {task_command.py:426} INFO - Running <TaskInstance: daily_generate_orders.load_csv_to_postgres manual__2025-08-26T02:00:15.157884+00:00 [running]> on host b5ea13053d47
[2025-08-26T02:00:42.168+0000] {taskinstance.py:2648} INFO - Exporting env vars: AIRFLOW_CTX_DAG_OWNER='airflow' AIRFLOW_CTX_DAG_ID='daily_generate_orders' AIRFLOW_CTX_TASK_ID='load_csv_to_postgres' AIRFLOW_CTX_EXECUTION_DATE='2025-08-26T02:00:15.157884+00:00' AIRFLOW_CTX_TRY_NUMBER='1' AIRFLOW_CTX_DAG_RUN_ID='manual__2025-08-26T02:00:15.157884+00:00'
[2025-08-26T02:00:42.169+0000] {taskinstance.py:430} INFO - ::endgroup::
[2025-08-26T02:00:42.246+0000] {base.py:84} INFO - Using connection ID 'postgres_conn' for task execution.
[2025-08-26T02:00:43.634+0000] {logging_mixin.py:188} INFO - ✅ Загружено 15000 строк в таблицу shipments
[2025-08-26T02:00:43.653+0000] {logging_mixin.py:188} INFO - ✅ Загружено 200 новых строк в таблицу shipments
[2025-08-26T02:00:43.666+0000] {logging_mixin.py:188} INFO - ✅ Загружено 200 новых строк в таблицу shipments
[2025-08-26T02:00:43.684+0000] {logging_mixin.py:188} INFO - ✅ Загружено 200 новых строк в таблицу shipments
[2025-08-26T02:00:43.698+0000] {logging_mixin.py:188} INFO - ✅ Загружено 200 новых строк в таблицу shipments
[2025-08-26T02:00:43.714+0000] {logging_mixin.py:188} INFO - ✅ Загружено 200 новых строк в таблицу shipments
[2025-08-26T02:00:43.726+0000] {logging_mixin.py:188} INFO - ✅ Загружено 200 новых строк в таблицу shipments
[2025-08-26T02:00:43.741+0000] {logging_mixin.py:188} INFO - ✅ Загружено 200 новых строк в таблицу shipments
[2025-08-26T02:00:44.306+0000] {logging_mixin.py:188} INFO - ✅ Загружено 10000 строк в таблицу customers
[2025-08-26T02:00:44.325+0000] {logging_mixin.py:188} INFO - ✅ Загружено 400 новых строк в таблицу customers
[2025-08-26T02:00:44.347+0000] {logging_mixin.py:188} INFO - ✅ Загружено 400 новых строк в таблицу customers
[2025-08-26T02:00:44.372+0000] {logging_mixin.py:188} INFO - ✅ Загружено 400 новых строк в таблицу customers
[2025-08-26T02:00:44.392+0000] {logging_mixin.py:188} INFO - ✅ Загружено 400 новых строк в таблицу customers
[2025-08-26T02:00:44.423+0000] {logging_mixin.py:188} INFO - ✅ Загружено 400 новых строк в таблицу customers
[2025-08-26T02:00:44.497+0000] {logging_mixin.py:188} INFO - ✅ Загружено 400 новых строк в таблицу customers
[2025-08-26T02:00:45.464+0000] {logging_mixin.py:188} INFO - ✅ Загружено 15016 строк в таблицу orders
[2025-08-26T02:00:45.491+0000] {logging_mixin.py:188} INFO - ✅ Загружено 216 новых строк в таблицу orders
[2025-08-26T02:00:45.530+0000] {logging_mixin.py:188} INFO - ✅ Загружено 216 новых строк в таблицу orders
[2025-08-26T02:00:45.559+0000] {logging_mixin.py:188} INFO - ✅ Загружено 216 новых строк в таблицу orders
[2025-08-26T02:00:45.583+0000] {logging_mixin.py:188} INFO - ✅ Загружено 216 новых строк в таблицу orders
[2025-08-26T02:00:45.613+0000] {logging_mixin.py:188} INFO - ✅ Загружено 216 новых строк в таблицу orders
[2025-08-26T02:00:45.780+0000] {logging_mixin.py:188} INFO - ✅ Загружено 2000 строк в таблицу products
[2025-08-26T02:00:45.806+0000] {logging_mixin.py:188} INFO - ✅ Загружено 400 новых строк в таблицу products
[2025-08-26T02:00:45.829+0000] {logging_mixin.py:188} INFO - ✅ Загружено 400 новых строк в таблицу products
[2025-08-26T02:00:45.855+0000] {logging_mixin.py:188} INFO - ✅ Загружено 400 новых строк в таблицу products
[2025-08-26T02:00:45.896+0000] {logging_mixin.py:188} INFO - ✅ Загружено 400 новых строк в таблицу products
[2025-08-26T02:00:45.938+0000] {logging_mixin.py:188} INFO - ✅ Загружено 400 новых строк в таблицу products
[2025-08-26T02:00:47.309+0000] {logging_mixin.py:188} INFO - ✅ Загружено 20038 строк в таблицу order_items
[2025-08-26T02:00:47.316+0000] {logging_mixin.py:188} INFO - ✅ Загружено 38 новых строк в таблицу order_items
[2025-08-26T02:00:47.322+0000] {logging_mixin.py:188} INFO - ✅ Загружено 38 новых строк в таблицу order_items
[2025-08-26T02:00:47.329+0000] {logging_mixin.py:188} INFO - ✅ Загружено 38 новых строк в таблицу order_items
[2025-08-26T02:00:47.335+0000] {logging_mixin.py:188} INFO - ✅ Загружено 38 новых строк в таблицу order_items
[2025-08-26T02:00:47.341+0000] {logging_mixin.py:188} INFO - ✅ Загружено 38 новых строк в таблицу order_items
[2025-08-26T02:00:47.347+0000] {logging_mixin.py:188} INFO - ✅ Загружено 38 новых строк в таблицу order_items
[2025-08-26T02:00:47.363+0000] {logging_mixin.py:188} INFO - ✅ Загружено 100 строк в таблицу suppliers
[2025-08-26T02:00:47.371+0000] {logging_mixin.py:188} INFO - ✅ Загружено 100 новых строк в таблицу suppliers
[2025-08-26T02:00:47.380+0000] {logging_mixin.py:188} INFO - ✅ Загружено 100 новых строк в таблицу suppliers
[2025-08-26T02:00:47.388+0000] {logging_mixin.py:188} INFO - ✅ Загружено 100 новых строк в таблицу suppliers
[2025-08-26T02:00:47.396+0000] {logging_mixin.py:188} INFO - ✅ Загружено 100 новых строк в таблицу suppliers
[2025-08-26T02:00:47.403+0000] {logging_mixin.py:188} INFO - ✅ Загружено 100 новых строк в таблицу suppliers
[2025-08-26T02:00:47.410+0000] {logging_mixin.py:188} INFO - ✅ Загружено 100 новых строк в таблицу suppliers
[2025-08-26T02:00:48.580+0000] {logging_mixin.py:188} INFO - ✅ Загружено 15016 строк в таблицу payment
[2025-08-26T02:00:48.598+0000] {logging_mixin.py:188} INFO - ✅ Загружено 216 новых строк в таблицу payment
[2025-08-26T02:00:48.617+0000] {logging_mixin.py:188} INFO - ✅ Загружено 216 новых строк в таблицу payment
[2025-08-26T02:00:48.634+0000] {logging_mixin.py:188} INFO - ✅ Загружено 216 новых строк в таблицу payment
[2025-08-26T02:00:48.651+0000] {logging_mixin.py:188} INFO - ✅ Загружено 216 новых строк в таблицу payment
[2025-08-26T02:00:48.668+0000] {logging_mixin.py:188} INFO - ✅ Загружено 216 новых строк в таблицу payment
[2025-08-26T02:00:48.688+0000] {logging_mixin.py:188} INFO - ✅ Загружено 216 новых строк в таблицу payment
[2025-08-26T02:00:48.848+0000] {logging_mixin.py:188} INFO - ✅ Загружено 1106 строк в таблицу reviews
[2025-08-26T02:00:48.880+0000] {logging_mixin.py:188} INFO - ✅ Загружено 306 новых строк в таблицу reviews
[2025-08-26T02:00:48.916+0000] {logging_mixin.py:188} INFO - ✅ Загружено 306 новых строк в таблицу reviews
[2025-08-26T02:00:48.944+0000] {logging_mixin.py:188} INFO - ✅ Загружено 306 новых строк в таблицу reviews
[2025-08-26T02:00:48.970+0000] {logging_mixin.py:188} INFO - ✅ Загружено 306 новых строк в таблицу reviews
[2025-08-26T02:00:48.993+0000] {logging_mixin.py:188} INFO - ✅ Загружено 306 новых строк в таблицу reviews
[2025-08-26T02:00:49.017+0000] {logging_mixin.py:188} INFO - ✅ Загружено 306 новых строк в таблицу reviews
[2025-08-26T02:00:49.018+0000] {python.py:237} INFO - Done. Returned value was: None
[2025-08-26T02:00:49.019+0000] {taskinstance.py:441} INFO - ::group::Post task execution logs
[2025-08-26T02:00:49.034+0000] {taskinstance.py:1206} INFO - Marking task as SUCCESS. dag_id=daily_generate_orders, task_id=load_csv_to_postgres, run_id=manual__2025-08-26T02:00:15.157884+00:00, execution_date=20250826T020015, start_date=20250826T020041, end_date=20250826T020049
[2025-08-26T02:00:49.090+0000] {local_task_job_runner.py:243} INFO - Task exited with return code 0
[2025-08-26T02:00:49.113+0000] {taskinstance.py:3503} INFO - 0 downstream tasks scheduled from follow-on schedule check
[2025-08-26T02:00:49.121+0000] {local_task_job_runner.py:222} INFO - ::endgroup::
