[2025-08-26T06:00:04.169+0000] {local_task_job_runner.py:120} INFO - ::group::Pre task execution logs
[2025-08-26T06:00:04.720+0000] {taskinstance.py:2076} INFO - Dependencies all met for dep_context=non-requeueable deps ti=<TaskInstance: import_csv_to_postgres.load_csv_to_postgres scheduled__2025-08-26T05:30:00+00:00 [queued]>
[2025-08-26T06:00:04.738+0000] {taskinstance.py:2076} INFO - Dependencies all met for dep_context=requeueable deps ti=<TaskInstance: import_csv_to_postgres.load_csv_to_postgres scheduled__2025-08-26T05:30:00+00:00 [queued]>
[2025-08-26T06:00:04.739+0000] {taskinstance.py:2306} INFO - Starting attempt 1 of 1
[2025-08-26T06:00:04.763+0000] {taskinstance.py:2330} INFO - Executing <Task(PythonOperator): load_csv_to_postgres> on 2025-08-26 05:30:00+00:00
[2025-08-26T06:00:04.780+0000] {warnings.py:112} WARNING - /home/airflow/.local/lib/python3.12/site-packages/airflow/task/task_runner/standard_task_runner.py:62: DeprecationWarning: This process (pid=994) is multi-threaded, use of fork() may lead to deadlocks in the child.
  pid = os.fork()

[2025-08-26T06:00:04.781+0000] {standard_task_runner.py:64} INFO - Started process 1001 to run task
[2025-08-26T06:00:04.790+0000] {standard_task_runner.py:90} INFO - Running: ['airflow', 'tasks', 'run', 'import_csv_to_postgres', 'load_csv_to_postgres', 'scheduled__2025-08-26T05:30:00+00:00', '--job-id', '578', '--raw', '--subdir', 'DAGS_FOLDER/csv_to_postgres_dag.py', '--cfg-path', '/tmp/tmpygbyvqp4']
[2025-08-26T06:00:04.792+0000] {standard_task_runner.py:91} INFO - Job 578: Subtask load_csv_to_postgres
[2025-08-26T06:00:04.830+0000] {warnings.py:112} WARNING - /home/airflow/.local/lib/python3.12/site-packages/airflow/settings.py:195: DeprecationWarning: The sql_alchemy_conn option in [core] has been moved to the sql_alchemy_conn option in [database] - the old setting has been used, but please update your config.
  SQL_ALCHEMY_CONN = conf.get("database", "SQL_ALCHEMY_CONN")

[2025-08-26T06:00:04.889+0000] {task_command.py:426} INFO - Running <TaskInstance: import_csv_to_postgres.load_csv_to_postgres scheduled__2025-08-26T05:30:00+00:00 [running]> on host b5ea13053d47
[2025-08-26T06:00:05.087+0000] {taskinstance.py:2648} INFO - Exporting env vars: AIRFLOW_CTX_DAG_OWNER='airflow' AIRFLOW_CTX_DAG_ID='import_csv_to_postgres' AIRFLOW_CTX_TASK_ID='load_csv_to_postgres' AIRFLOW_CTX_EXECUTION_DATE='2025-08-26T05:30:00+00:00' AIRFLOW_CTX_TRY_NUMBER='1' AIRFLOW_CTX_DAG_RUN_ID='scheduled__2025-08-26T05:30:00+00:00'
[2025-08-26T06:00:05.088+0000] {taskinstance.py:430} INFO - ::endgroup::
[2025-08-26T06:00:05.144+0000] {base.py:84} INFO - Using connection ID 'postgres_conn' for task execution.
[2025-08-26T06:00:05.660+0000] {logging_mixin.py:188} INFO - ✅ Загружен файл shipments.csv в таблицу shipments
[2025-08-26T06:00:05.909+0000] {logging_mixin.py:188} INFO - ✅ Загружен файл customers.csv в таблицу customers
[2025-08-26T06:00:06.419+0000] {logging_mixin.py:188} INFO - ✅ Загружен файл orders.csv в таблицу orders
[2025-08-26T06:00:06.503+0000] {logging_mixin.py:188} INFO - ✅ Загружен файл products.csv в таблицу products
[2025-08-26T06:00:07.987+0000] {logging_mixin.py:188} INFO - ✅ Загружен файл order_items.csv в таблицу order_items
[2025-08-26T06:00:08.005+0000] {logging_mixin.py:188} INFO - ✅ Загружен файл suppliers.csv в таблицу suppliers
[2025-08-26T06:00:08.882+0000] {logging_mixin.py:188} INFO - ✅ Загружен файл payment.csv в таблицу payment
[2025-08-26T06:00:08.965+0000] {logging_mixin.py:188} INFO - ✅ Загружен файл reviews.csv в таблицу reviews
[2025-08-26T06:00:08.965+0000] {python.py:237} INFO - Done. Returned value was: None
[2025-08-26T06:00:08.966+0000] {taskinstance.py:441} INFO - ::group::Post task execution logs
[2025-08-26T06:00:09.019+0000] {taskinstance.py:1206} INFO - Marking task as SUCCESS. dag_id=import_csv_to_postgres, task_id=load_csv_to_postgres, run_id=scheduled__2025-08-26T05:30:00+00:00, execution_date=20250826T053000, start_date=20250826T060004, end_date=20250826T060009
[2025-08-26T06:00:09.100+0000] {local_task_job_runner.py:243} INFO - Task exited with return code 0
[2025-08-26T06:00:09.115+0000] {taskinstance.py:3503} INFO - 0 downstream tasks scheduled from follow-on schedule check
[2025-08-26T06:00:09.119+0000] {local_task_job_runner.py:222} INFO - ::endgroup::
