[2025-08-26T05:00:04.572+0000] {local_task_job_runner.py:120} INFO - ::group::Pre task execution logs
[2025-08-26T05:00:04.609+0000] {taskinstance.py:2076} INFO - Dependencies all met for dep_context=non-requeueable deps ti=<TaskInstance: daily_generate_orders.load_csv_to_postgres scheduled__2025-08-26T04:00:00+00:00 [queued]>
[2025-08-26T05:00:04.630+0000] {taskinstance.py:2076} INFO - Dependencies all met for dep_context=requeueable deps ti=<TaskInstance: daily_generate_orders.load_csv_to_postgres scheduled__2025-08-26T04:00:00+00:00 [queued]>
[2025-08-26T05:00:04.631+0000] {taskinstance.py:2306} INFO - Starting attempt 1 of 1
[2025-08-26T05:00:04.666+0000] {taskinstance.py:2330} INFO - Executing <Task(PythonOperator): load_csv_to_postgres> on 2025-08-26 04:00:00+00:00
[2025-08-26T05:00:04.686+0000] {warnings.py:112} WARNING - /home/airflow/.local/lib/python3.12/site-packages/airflow/task/task_runner/standard_task_runner.py:62: DeprecationWarning: This process (pid=986) is multi-threaded, use of fork() may lead to deadlocks in the child.
  pid = os.fork()

[2025-08-26T05:00:04.688+0000] {standard_task_runner.py:64} INFO - Started process 988 to run task
[2025-08-26T05:00:04.691+0000] {standard_task_runner.py:90} INFO - Running: ['airflow', 'tasks', 'run', 'daily_generate_orders', 'load_csv_to_postgres', 'scheduled__2025-08-26T04:00:00+00:00', '--job-id', '575', '--raw', '--subdir', 'DAGS_FOLDER/generate_fake_shop_csv.py', '--cfg-path', '/tmp/tmpbge_j2ek']
[2025-08-26T05:00:04.702+0000] {standard_task_runner.py:91} INFO - Job 575: Subtask load_csv_to_postgres
[2025-08-26T05:00:04.740+0000] {warnings.py:112} WARNING - /home/airflow/.local/lib/python3.12/site-packages/airflow/settings.py:195: DeprecationWarning: The sql_alchemy_conn option in [core] has been moved to the sql_alchemy_conn option in [database] - the old setting has been used, but please update your config.
  SQL_ALCHEMY_CONN = conf.get("database", "SQL_ALCHEMY_CONN")

[2025-08-26T05:00:04.830+0000] {task_command.py:426} INFO - Running <TaskInstance: daily_generate_orders.load_csv_to_postgres scheduled__2025-08-26T04:00:00+00:00 [running]> on host b5ea13053d47
[2025-08-26T05:00:05.034+0000] {taskinstance.py:2648} INFO - Exporting env vars: AIRFLOW_CTX_DAG_OWNER='airflow' AIRFLOW_CTX_DAG_ID='daily_generate_orders' AIRFLOW_CTX_TASK_ID='load_csv_to_postgres' AIRFLOW_CTX_EXECUTION_DATE='2025-08-26T04:00:00+00:00' AIRFLOW_CTX_TRY_NUMBER='1' AIRFLOW_CTX_DAG_RUN_ID='scheduled__2025-08-26T04:00:00+00:00'
[2025-08-26T05:00:05.034+0000] {taskinstance.py:430} INFO - ::endgroup::
[2025-08-26T05:00:05.087+0000] {base.py:84} INFO - Using connection ID 'postgres_conn' for task execution.
[2025-08-26T05:00:06.438+0000] {logging_mixin.py:188} INFO - ✅ Загружено 15000 строк в таблицу shipments
[2025-08-26T05:00:06.449+0000] {logging_mixin.py:188} INFO - ✅ Загружено 200 новых строк в таблицу shipments
[2025-08-26T05:00:06.467+0000] {logging_mixin.py:188} INFO - ✅ Загружено 200 новых строк в таблицу shipments
[2025-08-26T05:00:06.481+0000] {logging_mixin.py:188} INFO - ✅ Загружено 200 новых строк в таблицу shipments
[2025-08-26T05:00:06.492+0000] {logging_mixin.py:188} INFO - ✅ Загружено 200 новых строк в таблицу shipments
[2025-08-26T05:00:06.505+0000] {logging_mixin.py:188} INFO - ✅ Загружено 200 новых строк в таблицу shipments
[2025-08-26T05:00:06.515+0000] {logging_mixin.py:188} INFO - ✅ Загружено 200 новых строк в таблицу shipments
[2025-08-26T05:00:06.526+0000] {logging_mixin.py:188} INFO - ✅ Загружено 200 новых строк в таблицу shipments
[2025-08-26T05:00:07.242+0000] {logging_mixin.py:188} INFO - ✅ Загружено 10000 строк в таблицу customers
[2025-08-26T05:00:07.262+0000] {logging_mixin.py:188} INFO - ✅ Загружено 400 новых строк в таблицу customers
[2025-08-26T05:00:07.279+0000] {logging_mixin.py:188} INFO - ✅ Загружено 400 новых строк в таблицу customers
[2025-08-26T05:00:07.297+0000] {logging_mixin.py:188} INFO - ✅ Загружено 400 новых строк в таблицу customers
[2025-08-26T05:00:07.313+0000] {logging_mixin.py:188} INFO - ✅ Загружено 400 новых строк в таблицу customers
[2025-08-26T05:00:07.332+0000] {logging_mixin.py:188} INFO - ✅ Загружено 400 новых строк в таблицу customers
[2025-08-26T05:00:07.346+0000] {logging_mixin.py:188} INFO - ✅ Загружено 400 новых строк в таблицу customers
[2025-08-26T05:00:08.331+0000] {logging_mixin.py:188} INFO - ✅ Загружено 15019 строк в таблицу orders
[2025-08-26T05:00:08.340+0000] {logging_mixin.py:188} INFO - ✅ Загружено 219 новых строк в таблицу orders
[2025-08-26T05:00:08.350+0000] {logging_mixin.py:188} INFO - ✅ Загружено 219 новых строк в таблицу orders
[2025-08-26T05:00:08.359+0000] {logging_mixin.py:188} INFO - ✅ Загружено 219 новых строк в таблицу orders
[2025-08-26T05:00:08.369+0000] {logging_mixin.py:188} INFO - ✅ Загружено 219 новых строк в таблицу orders
[2025-08-26T05:00:08.381+0000] {logging_mixin.py:188} INFO - ✅ Загружено 219 новых строк в таблицу orders
[2025-08-26T05:00:08.519+0000] {logging_mixin.py:188} INFO - ✅ Загружено 2000 строк в таблицу products
[2025-08-26T05:00:08.549+0000] {logging_mixin.py:188} INFO - ✅ Загружено 400 новых строк в таблицу products
[2025-08-26T05:00:08.563+0000] {logging_mixin.py:188} INFO - ✅ Загружено 400 новых строк в таблицу products
[2025-08-26T05:00:08.578+0000] {logging_mixin.py:188} INFO - ✅ Загружено 400 новых строк в таблицу products
[2025-08-26T05:00:08.616+0000] {logging_mixin.py:188} INFO - ✅ Загружено 400 новых строк в таблицу products
[2025-08-26T05:00:08.637+0000] {logging_mixin.py:188} INFO - ✅ Загружено 400 новых строк в таблицу products
[2025-08-26T05:00:10.314+0000] {logging_mixin.py:188} INFO - ✅ Загружено 20043 строк в таблицу order_items
[2025-08-26T05:00:10.325+0000] {logging_mixin.py:188} INFO - ✅ Загружено 43 новых строк в таблицу order_items
[2025-08-26T05:00:10.336+0000] {logging_mixin.py:188} INFO - ✅ Загружено 43 новых строк в таблицу order_items
[2025-08-26T05:00:10.345+0000] {logging_mixin.py:188} INFO - ✅ Загружено 43 новых строк в таблицу order_items
[2025-08-26T05:00:10.356+0000] {logging_mixin.py:188} INFO - ✅ Загружено 43 новых строк в таблицу order_items
[2025-08-26T05:00:10.370+0000] {logging_mixin.py:188} INFO - ✅ Загружено 43 новых строк в таблицу order_items
[2025-08-26T05:00:10.381+0000] {logging_mixin.py:188} INFO - ✅ Загружено 43 новых строк в таблицу order_items
[2025-08-26T05:00:10.402+0000] {logging_mixin.py:188} INFO - ✅ Загружено 100 строк в таблицу suppliers
[2025-08-26T05:00:10.415+0000] {logging_mixin.py:188} INFO - ✅ Загружено 100 новых строк в таблицу suppliers
[2025-08-26T05:00:10.427+0000] {logging_mixin.py:188} INFO - ✅ Загружено 100 новых строк в таблицу suppliers
[2025-08-26T05:00:10.446+0000] {logging_mixin.py:188} INFO - ✅ Загружено 100 новых строк в таблицу suppliers
[2025-08-26T05:00:10.458+0000] {logging_mixin.py:188} INFO - ✅ Загружено 100 новых строк в таблицу suppliers
[2025-08-26T05:00:10.472+0000] {logging_mixin.py:188} INFO - ✅ Загружено 100 новых строк в таблицу suppliers
[2025-08-26T05:00:10.482+0000] {logging_mixin.py:188} INFO - ✅ Загружено 100 новых строк в таблицу suppliers
[2025-08-26T05:00:11.295+0000] {logging_mixin.py:188} INFO - ✅ Загружено 15019 строк в таблицу payment
[2025-08-26T05:00:11.308+0000] {logging_mixin.py:188} INFO - ✅ Загружено 219 новых строк в таблицу payment
[2025-08-26T05:00:11.324+0000] {logging_mixin.py:188} INFO - ✅ Загружено 219 новых строк в таблицу payment
[2025-08-26T05:00:11.351+0000] {logging_mixin.py:188} INFO - ✅ Загружено 219 новых строк в таблицу payment
[2025-08-26T05:00:11.378+0000] {logging_mixin.py:188} INFO - ✅ Загружено 219 новых строк в таблицу payment
[2025-08-26T05:00:11.404+0000] {logging_mixin.py:188} INFO - ✅ Загружено 219 новых строк в таблицу payment
[2025-08-26T05:00:11.430+0000] {logging_mixin.py:188} INFO - ✅ Загружено 219 новых строк в таблицу payment
[2025-08-26T05:00:11.517+0000] {logging_mixin.py:188} INFO - ✅ Загружено 1106 строк в таблицу reviews
[2025-08-26T05:00:11.533+0000] {logging_mixin.py:188} INFO - ✅ Загружено 306 новых строк в таблицу reviews
[2025-08-26T05:00:11.549+0000] {logging_mixin.py:188} INFO - ✅ Загружено 306 новых строк в таблицу reviews
[2025-08-26T05:00:11.566+0000] {logging_mixin.py:188} INFO - ✅ Загружено 306 новых строк в таблицу reviews
[2025-08-26T05:00:11.581+0000] {logging_mixin.py:188} INFO - ✅ Загружено 306 новых строк в таблицу reviews
[2025-08-26T05:00:11.596+0000] {logging_mixin.py:188} INFO - ✅ Загружено 306 новых строк в таблицу reviews
[2025-08-26T05:00:11.612+0000] {logging_mixin.py:188} INFO - ✅ Загружено 306 новых строк в таблицу reviews
[2025-08-26T05:00:11.612+0000] {python.py:237} INFO - Done. Returned value was: None
[2025-08-26T05:00:11.613+0000] {taskinstance.py:441} INFO - ::group::Post task execution logs
[2025-08-26T05:00:11.623+0000] {taskinstance.py:1206} INFO - Marking task as SUCCESS. dag_id=daily_generate_orders, task_id=load_csv_to_postgres, run_id=scheduled__2025-08-26T04:00:00+00:00, execution_date=20250826T040000, start_date=20250826T050004, end_date=20250826T050011
[2025-08-26T05:00:11.679+0000] {local_task_job_runner.py:243} INFO - Task exited with return code 0
[2025-08-26T05:00:11.707+0000] {taskinstance.py:3503} INFO - 0 downstream tasks scheduled from follow-on schedule check
[2025-08-26T05:00:11.710+0000] {local_task_job_runner.py:222} INFO - ::endgroup::
