[2025-09-09T16:00:03.169+0000] {local_task_job_runner.py:120} INFO - ::group::Pre task execution logs
[2025-09-09T16:00:03.255+0000] {taskinstance.py:2076} INFO - Dependencies all met for dep_context=non-requeueable deps ti=<TaskInstance: dbt_run_models.run_dbt_models scheduled__2025-09-09T15:00:00+00:00 [queued]>
[2025-09-09T16:00:03.279+0000] {taskinstance.py:2076} INFO - Dependencies all met for dep_context=requeueable deps ti=<TaskInstance: dbt_run_models.run_dbt_models scheduled__2025-09-09T15:00:00+00:00 [queued]>
[2025-09-09T16:00:03.280+0000] {taskinstance.py:2306} INFO - Starting attempt 1 of 2
[2025-09-09T16:00:03.320+0000] {taskinstance.py:2330} INFO - Executing <Task(BashOperator): run_dbt_models> on 2025-09-09 15:00:00+00:00
[2025-09-09T16:00:03.331+0000] {warnings.py:112} WARNING - /home/airflow/.local/lib/python3.12/site-packages/airflow/task/task_runner/standard_task_runner.py:62: DeprecationWarning: This process (pid=2950) is multi-threaded, use of fork() may lead to deadlocks in the child.
  pid = os.fork()

[2025-09-09T16:00:03.333+0000] {standard_task_runner.py:64} INFO - Started process 2954 to run task
[2025-09-09T16:00:03.341+0000] {standard_task_runner.py:90} INFO - Running: ['airflow', 'tasks', 'run', 'dbt_run_models', 'run_dbt_models', 'scheduled__2025-09-09T15:00:00+00:00', '--job-id', '1289', '--raw', '--subdir', 'DAGS_FOLDER/dbt_dag.py', '--cfg-path', '/tmp/tmp1p9zqyrn']
[2025-09-09T16:00:03.342+0000] {standard_task_runner.py:91} INFO - Job 1289: Subtask run_dbt_models
[2025-09-09T16:00:03.369+0000] {warnings.py:112} WARNING - /home/airflow/.local/lib/python3.12/site-packages/airflow/settings.py:195: DeprecationWarning: The sql_alchemy_conn option in [core] has been moved to the sql_alchemy_conn option in [database] - the old setting has been used, but please update your config.
  SQL_ALCHEMY_CONN = conf.get("database", "SQL_ALCHEMY_CONN")

[2025-09-09T16:00:03.447+0000] {task_command.py:426} INFO - Running <TaskInstance: dbt_run_models.run_dbt_models scheduled__2025-09-09T15:00:00+00:00 [running]> on host b5ea13053d47
[2025-09-09T16:00:03.728+0000] {taskinstance.py:2648} INFO - Exporting env vars: AIRFLOW_CTX_DAG_OWNER='airflow' AIRFLOW_CTX_DAG_ID='dbt_run_models' AIRFLOW_CTX_TASK_ID='run_dbt_models' AIRFLOW_CTX_EXECUTION_DATE='2025-09-09T15:00:00+00:00' AIRFLOW_CTX_TRY_NUMBER='1' AIRFLOW_CTX_DAG_RUN_ID='scheduled__2025-09-09T15:00:00+00:00'
[2025-09-09T16:00:03.729+0000] {taskinstance.py:430} INFO - ::endgroup::
[2025-09-09T16:00:03.760+0000] {subprocess.py:63} INFO - Tmp dir root location: /tmp
[2025-09-09T16:00:03.761+0000] {subprocess.py:75} INFO - Running command: ['/usr/bin/bash', '-c', '\n        cd /usr/app &&         dbt run --profiles-dir /usr/app\n        ']
[2025-09-09T16:00:03.779+0000] {subprocess.py:86} INFO - Output:
[2025-09-09T16:00:08.018+0000] {subprocess.py:93} INFO - [0m16:00:08  Running with dbt=1.7.9
[2025-09-09T16:00:08.411+0000] {subprocess.py:93} INFO - [0m16:00:08  Registered adapter: postgres=1.7.9
[2025-09-09T16:00:08.458+0000] {subprocess.py:93} INFO - [0m16:00:08  [[33mWARNING[0m]: Configuration paths exist in your dbt_project.yml file which do not apply to any resources.
[2025-09-09T16:00:08.460+0000] {subprocess.py:93} INFO - There are 1 unused configuration paths:
[2025-09-09T16:00:08.461+0000] {subprocess.py:93} INFO - - models.my_project.sources
[2025-09-09T16:00:08.484+0000] {subprocess.py:93} INFO - [0m16:00:08  Found 8 models, 7 sources, 0 exposures, 0 metrics, 401 macros, 0 groups, 0 semantic models
[2025-09-09T16:00:08.488+0000] {subprocess.py:93} INFO - [0m16:00:08
[2025-09-09T16:00:08.808+0000] {subprocess.py:93} INFO - [0m16:00:08  Concurrency: 4 threads (target='dev')
[2025-09-09T16:00:08.812+0000] {subprocess.py:93} INFO - [0m16:00:08
[2025-09-09T16:00:08.863+0000] {subprocess.py:93} INFO - [0m16:00:08  1 of 8 START sql view model analytics.stg_AOV .................................. [RUN]
[2025-09-09T16:00:08.866+0000] {subprocess.py:93} INFO - [0m16:00:08  2 of 8 START sql view model analytics.stg_order_count_year ..................... [RUN]
[2025-09-09T16:00:08.869+0000] {subprocess.py:93} INFO - [0m16:00:08  3 of 8 START sql view model analytics.stg_order_details ........................ [RUN]
[2025-09-09T16:00:08.871+0000] {subprocess.py:93} INFO - [0m16:00:08  4 of 8 START sql view model analytics.stg_orders ............................... [RUN]
[2025-09-09T16:00:09.612+0000] {subprocess.py:93} INFO - [0m16:00:09  4 of 8 OK created sql view model analytics.stg_orders .......................... [[32mCREATE VIEW[0m in 0.71s]
[2025-09-09T16:00:09.620+0000] {subprocess.py:93} INFO - [0m16:00:09  1 of 8 OK created sql view model analytics.stg_AOV ............................. [[32mCREATE VIEW[0m in 0.73s]
[2025-09-09T16:00:09.623+0000] {subprocess.py:93} INFO - [0m16:00:09  2 of 8 OK created sql view model analytics.stg_order_count_year ................ [[32mCREATE VIEW[0m in 0.74s]
[2025-09-09T16:00:09.625+0000] {subprocess.py:93} INFO - [0m16:00:09  3 of 8 OK created sql view model analytics.stg_order_details ................... [[32mCREATE VIEW[0m in 0.74s]
[2025-09-09T16:00:09.639+0000] {subprocess.py:93} INFO - [0m16:00:09  5 of 8 START sql table model analytics.AOV_chek ................................ [RUN]
[2025-09-09T16:00:09.642+0000] {subprocess.py:93} INFO - [0m16:00:09  6 of 8 START sql table model analytics.order_count_year ........................ [RUN]
[2025-09-09T16:00:09.644+0000] {subprocess.py:93} INFO - [0m16:00:09  7 of 8 START sql table model analytics.order_count_year+month_diff ............. [RUN]
[2025-09-09T16:00:09.656+0000] {subprocess.py:93} INFO - [0m16:00:09  8 of 8 START sql table model analytics.orders_summary .......................... [RUN]
[2025-09-09T16:00:10.152+0000] {subprocess.py:93} INFO - [0m16:00:10  5 of 8 OK created sql table model analytics.AOV_chek ........................... [[32mSELECT 50[0m in 0.50s]
[2025-09-09T16:00:10.155+0000] {subprocess.py:93} INFO - [0m16:00:10  6 of 8 OK created sql table model analytics.order_count_year ................... [[32mSELECT 4[0m in 0.50s]
[2025-09-09T16:00:10.165+0000] {subprocess.py:93} INFO - [0m16:00:10  7 of 8 OK created sql table model analytics.order_count_year+month_diff ........ [[32mSELECT 28[0m in 0.51s]
[2025-09-09T16:00:10.171+0000] {subprocess.py:93} INFO - [0m16:00:10  8 of 8 OK created sql table model analytics.orders_summary ..................... [[32mSELECT 10000[0m in 0.50s]
[2025-09-09T16:00:10.213+0000] {subprocess.py:93} INFO - [0m16:00:10
[2025-09-09T16:00:10.216+0000] {subprocess.py:93} INFO - [0m16:00:10  Finished running 4 view models, 4 table models in 0 hours 0 minutes and 1.72 seconds (1.72s).
[2025-09-09T16:00:10.262+0000] {subprocess.py:93} INFO - [0m16:00:10
[2025-09-09T16:00:10.264+0000] {subprocess.py:93} INFO - [0m16:00:10  [32mCompleted successfully[0m
[2025-09-09T16:00:10.267+0000] {subprocess.py:93} INFO - [0m16:00:10
[2025-09-09T16:00:10.270+0000] {subprocess.py:93} INFO - [0m16:00:10  Done. PASS=8 WARN=0 ERROR=0 SKIP=0 TOTAL=8
[2025-09-09T16:00:20.698+0000] {subprocess.py:97} INFO - Command exited with return code 0
[2025-09-09T16:00:20.700+0000] {taskinstance.py:441} INFO - ::group::Post task execution logs
[2025-09-09T16:00:20.763+0000] {taskinstance.py:1206} INFO - Marking task as SUCCESS. dag_id=dbt_run_models, task_id=run_dbt_models, run_id=scheduled__2025-09-09T15:00:00+00:00, execution_date=20250909T150000, start_date=20250909T160003, end_date=20250909T160020
[2025-09-09T16:00:20.814+0000] {local_task_job_runner.py:243} INFO - Task exited with return code 0
[2025-09-09T16:00:20.866+0000] {taskinstance.py:3503} INFO - 1 downstream tasks scheduled from follow-on schedule check
[2025-09-09T16:00:20.872+0000] {local_task_job_runner.py:222} INFO - ::endgroup::
