[2025-08-31T00:00:03.113+0000] {local_task_job_runner.py:120} INFO - ::group::Pre task execution logs
[2025-08-31T00:00:03.134+0000] {taskinstance.py:2076} INFO - Dependencies all met for dep_context=non-requeueable deps ti=<TaskInstance: import_csv_to_postgres.load_csv_to_postgres scheduled__2025-08-30T16:00:00+00:00 [queued]>
[2025-08-31T00:00:03.142+0000] {taskinstance.py:2076} INFO - Dependencies all met for dep_context=requeueable deps ti=<TaskInstance: import_csv_to_postgres.load_csv_to_postgres scheduled__2025-08-30T16:00:00+00:00 [queued]>
[2025-08-31T00:00:03.142+0000] {taskinstance.py:2306} INFO - Starting attempt 1 of 1
[2025-08-31T00:00:03.158+0000] {taskinstance.py:2330} INFO - Executing <Task(PythonOperator): load_csv_to_postgres> on 2025-08-30 16:00:00+00:00
[2025-08-31T00:00:03.166+0000] {warnings.py:112} WARNING - /home/airflow/.local/lib/python3.12/site-packages/airflow/task/task_runner/standard_task_runner.py:62: DeprecationWarning: This process (pid=2381) is multi-threaded, use of fork() may lead to deadlocks in the child.
  pid = os.fork()

[2025-08-31T00:00:03.167+0000] {standard_task_runner.py:64} INFO - Started process 2390 to run task
[2025-08-31T00:00:03.170+0000] {standard_task_runner.py:90} INFO - Running: ['airflow', 'tasks', 'run', 'import_csv_to_postgres', 'load_csv_to_postgres', 'scheduled__2025-08-30T16:00:00+00:00', '--job-id', '847', '--raw', '--subdir', 'DAGS_FOLDER/csv_to_postgres_dag.py', '--cfg-path', '/tmp/tmpwbfymuwn']
[2025-08-31T00:00:03.172+0000] {standard_task_runner.py:91} INFO - Job 847: Subtask load_csv_to_postgres
[2025-08-31T00:00:03.191+0000] {warnings.py:112} WARNING - /home/airflow/.local/lib/python3.12/site-packages/airflow/settings.py:195: DeprecationWarning: The sql_alchemy_conn option in [core] has been moved to the sql_alchemy_conn option in [database] - the old setting has been used, but please update your config.
  SQL_ALCHEMY_CONN = conf.get("database", "SQL_ALCHEMY_CONN")

[2025-08-31T00:00:03.247+0000] {task_command.py:426} INFO - Running <TaskInstance: import_csv_to_postgres.load_csv_to_postgres scheduled__2025-08-30T16:00:00+00:00 [running]> on host b5ea13053d47
[2025-08-31T00:00:03.451+0000] {taskinstance.py:2648} INFO - Exporting env vars: AIRFLOW_CTX_DAG_OWNER='airflow' AIRFLOW_CTX_DAG_ID='import_csv_to_postgres' AIRFLOW_CTX_TASK_ID='load_csv_to_postgres' AIRFLOW_CTX_EXECUTION_DATE='2025-08-30T16:00:00+00:00' AIRFLOW_CTX_TRY_NUMBER='1' AIRFLOW_CTX_DAG_RUN_ID='scheduled__2025-08-30T16:00:00+00:00'
[2025-08-31T00:00:03.452+0000] {taskinstance.py:430} INFO - ::endgroup::
[2025-08-31T00:00:03.489+0000] {base.py:84} INFO - Using connection ID 'postgres_conn' for task execution.
[2025-08-31T00:00:03.626+0000] {logging_mixin.py:188} INFO - ✅ Добавлено 10 новых строк в таблицу shipments
[2025-08-31T00:00:03.706+0000] {logging_mixin.py:188} INFO - ℹ Нет новых строк для customers
[2025-08-31T00:00:03.767+0000] {logging_mixin.py:188} INFO - ✅ Добавлено 10 новых строк в таблицу orders
[2025-08-31T00:00:03.803+0000] {logging_mixin.py:188} INFO - ℹ Нет новых строк для products
[2025-08-31T00:00:03.990+0000] {logging_mixin.py:188} INFO - ✅ Добавлено 18 новых строк в таблицу order_items
[2025-08-31T00:00:03.999+0000] {logging_mixin.py:188} INFO - ℹ Нет новых строк для suppliers
[2025-08-31T00:00:03.999+0000] {taskinstance.py:441} INFO - ::group::Post task execution logs
[2025-08-31T00:00:04.000+0000] {taskinstance.py:2905} ERROR - Task failed with exception
Traceback (most recent call last):
  File "/home/airflow/.local/lib/python3.12/site-packages/airflow/models/taskinstance.py", line 465, in _execute_task
    result = _execute_callable(context=context, **execute_callable_kwargs)
             ^^^^^^^^^^^^^^^^^^^^^^^^^^^^^^^^^^^^^^^^^^^^^^^^^^^^^^^^^^^^^
  File "/home/airflow/.local/lib/python3.12/site-packages/airflow/models/taskinstance.py", line 432, in _execute_callable
    return execute_callable(context=context, **execute_callable_kwargs)
           ^^^^^^^^^^^^^^^^^^^^^^^^^^^^^^^^^^^^^^^^^^^^^^^^^^^^^^^^^^^^
  File "/home/airflow/.local/lib/python3.12/site-packages/airflow/models/baseoperator.py", line 401, in wrapper
    return func(self, *args, **kwargs)
           ^^^^^^^^^^^^^^^^^^^^^^^^^^^
  File "/home/airflow/.local/lib/python3.12/site-packages/airflow/operators/python.py", line 235, in execute
    return_value = self.execute_callable()
                   ^^^^^^^^^^^^^^^^^^^^^^^
  File "/home/airflow/.local/lib/python3.12/site-packages/airflow/operators/python.py", line 252, in execute_callable
    return self.python_callable(*self.op_args, **self.op_kwargs)
           ^^^^^^^^^^^^^^^^^^^^^^^^^^^^^^^^^^^^^^^^^^^^^^^^^^^^^
  File "/opt/airflow/dags/csv_to_postgres_dag.py", line 59, in load_csv_to_postgres
    df = pd.read_csv(file_path)
         ^^^^^^^^^^^^^^^^^^^^^^
  File "/home/airflow/.local/lib/python3.12/site-packages/pandas/io/parsers/readers.py", line 948, in read_csv
    return _read(filepath_or_buffer, kwds)
           ^^^^^^^^^^^^^^^^^^^^^^^^^^^^^^^
  File "/home/airflow/.local/lib/python3.12/site-packages/pandas/io/parsers/readers.py", line 611, in _read
    parser = TextFileReader(filepath_or_buffer, **kwds)
             ^^^^^^^^^^^^^^^^^^^^^^^^^^^^^^^^^^^^^^^^^^
  File "/home/airflow/.local/lib/python3.12/site-packages/pandas/io/parsers/readers.py", line 1448, in __init__
    self._engine = self._make_engine(f, self.engine)
                   ^^^^^^^^^^^^^^^^^^^^^^^^^^^^^^^^^
  File "/home/airflow/.local/lib/python3.12/site-packages/pandas/io/parsers/readers.py", line 1723, in _make_engine
    return mapping[engine](f, **self.options)
           ^^^^^^^^^^^^^^^^^^^^^^^^^^^^^^^^^^
  File "/home/airflow/.local/lib/python3.12/site-packages/pandas/io/parsers/c_parser_wrapper.py", line 93, in __init__
    self._reader = parsers.TextReader(src, **kwds)
                   ^^^^^^^^^^^^^^^^^^^^^^^^^^^^^^^
  File "parsers.pyx", line 586, in pandas._libs.parsers.TextReader.__cinit__
pandas.errors.EmptyDataError: No columns to parse from file
[2025-08-31T00:00:04.077+0000] {taskinstance.py:1206} INFO - Marking task as FAILED. dag_id=import_csv_to_postgres, task_id=load_csv_to_postgres, run_id=scheduled__2025-08-30T16:00:00+00:00, execution_date=20250830T160000, start_date=20250831T000003, end_date=20250831T000004
[2025-08-31T00:00:04.095+0000] {standard_task_runner.py:110} ERROR - Failed to execute job 847 for task load_csv_to_postgres (No columns to parse from file; 2390)
[2025-08-31T00:00:04.118+0000] {local_task_job_runner.py:243} INFO - Task exited with return code 1
[2025-08-31T00:00:04.135+0000] {taskinstance.py:3503} INFO - 0 downstream tasks scheduled from follow-on schedule check
[2025-08-31T00:00:04.144+0000] {local_task_job_runner.py:222} INFO - ::endgroup::
