[2025-09-08T19:00:01.612+0000] {local_task_job_runner.py:120} INFO - ::group::Pre task execution logs
[2025-09-08T19:00:01.654+0000] {taskinstance.py:2076} INFO - Dependencies all met for dep_context=non-requeueable deps ti=<TaskInstance: dbt_run_models.run_dbt_models scheduled__2025-09-08T18:00:00+00:00 [queued]>
[2025-09-08T19:00:01.678+0000] {taskinstance.py:2076} INFO - Dependencies all met for dep_context=requeueable deps ti=<TaskInstance: dbt_run_models.run_dbt_models scheduled__2025-09-08T18:00:00+00:00 [queued]>
[2025-09-08T19:00:01.679+0000] {taskinstance.py:2306} INFO - Starting attempt 1 of 2
[2025-09-08T19:00:01.721+0000] {taskinstance.py:2330} INFO - Executing <Task(BashOperator): run_dbt_models> on 2025-09-08 18:00:00+00:00
[2025-09-08T19:00:01.728+0000] {warnings.py:112} WARNING - /home/airflow/.local/lib/python3.12/site-packages/airflow/task/task_runner/standard_task_runner.py:62: DeprecationWarning: This process (pid=2536) is multi-threaded, use of fork() may lead to deadlocks in the child.
  pid = os.fork()

[2025-09-08T19:00:01.730+0000] {standard_task_runner.py:64} INFO - Started process 2537 to run task
[2025-09-08T19:00:01.734+0000] {standard_task_runner.py:90} INFO - Running: ['airflow', 'tasks', 'run', 'dbt_run_models', 'run_dbt_models', 'scheduled__2025-09-08T18:00:00+00:00', '--job-id', '1242', '--raw', '--subdir', 'DAGS_FOLDER/dbt_dag.py', '--cfg-path', '/tmp/tmpkxwcivi3']
[2025-09-08T19:00:01.738+0000] {standard_task_runner.py:91} INFO - Job 1242: Subtask run_dbt_models
[2025-09-08T19:00:01.761+0000] {warnings.py:112} WARNING - /home/airflow/.local/lib/python3.12/site-packages/airflow/settings.py:195: DeprecationWarning: The sql_alchemy_conn option in [core] has been moved to the sql_alchemy_conn option in [database] - the old setting has been used, but please update your config.
  SQL_ALCHEMY_CONN = conf.get("database", "SQL_ALCHEMY_CONN")

[2025-09-08T19:00:01.852+0000] {task_command.py:426} INFO - Running <TaskInstance: dbt_run_models.run_dbt_models scheduled__2025-09-08T18:00:00+00:00 [running]> on host b5ea13053d47
[2025-09-08T19:00:02.064+0000] {taskinstance.py:2648} INFO - Exporting env vars: AIRFLOW_CTX_DAG_OWNER='airflow' AIRFLOW_CTX_DAG_ID='dbt_run_models' AIRFLOW_CTX_TASK_ID='run_dbt_models' AIRFLOW_CTX_EXECUTION_DATE='2025-09-08T18:00:00+00:00' AIRFLOW_CTX_TRY_NUMBER='1' AIRFLOW_CTX_DAG_RUN_ID='scheduled__2025-09-08T18:00:00+00:00'
[2025-09-08T19:00:02.064+0000] {taskinstance.py:430} INFO - ::endgroup::
[2025-09-08T19:00:02.082+0000] {subprocess.py:63} INFO - Tmp dir root location: /tmp
[2025-09-08T19:00:02.083+0000] {subprocess.py:75} INFO - Running command: ['/usr/bin/bash', '-c', '\n        cd /usr/app &&         dbt run --profiles-dir /usr/app\n        ']
[2025-09-08T19:00:02.098+0000] {subprocess.py:86} INFO - Output:
[2025-09-08T19:00:05.908+0000] {subprocess.py:93} INFO - [0m19:00:05  Running with dbt=1.7.9
[2025-09-08T19:00:06.280+0000] {subprocess.py:93} INFO - [0m19:00:06  Registered adapter: postgres=1.7.9
[2025-09-08T19:00:06.327+0000] {subprocess.py:93} INFO - [0m19:00:06  [[33mWARNING[0m]: Configuration paths exist in your dbt_project.yml file which do not apply to any resources.
[2025-09-08T19:00:06.328+0000] {subprocess.py:93} INFO - There are 1 unused configuration paths:
[2025-09-08T19:00:06.329+0000] {subprocess.py:93} INFO - - models.my_project.sources
[2025-09-08T19:00:06.353+0000] {subprocess.py:93} INFO - [0m19:00:06  Found 8 models, 7 sources, 0 exposures, 0 metrics, 401 macros, 0 groups, 0 semantic models
[2025-09-08T19:00:06.356+0000] {subprocess.py:93} INFO - [0m19:00:06
[2025-09-08T19:00:06.537+0000] {subprocess.py:93} INFO - [0m19:00:06  Concurrency: 4 threads (target='dev')
[2025-09-08T19:00:06.539+0000] {subprocess.py:93} INFO - [0m19:00:06
[2025-09-08T19:00:06.577+0000] {subprocess.py:93} INFO - [0m19:00:06  1 of 8 START sql view model analytics.stg_AOV .................................. [RUN]
[2025-09-08T19:00:06.580+0000] {subprocess.py:93} INFO - [0m19:00:06  2 of 8 START sql view model analytics.stg_order_count_year ..................... [RUN]
[2025-09-08T19:00:06.583+0000] {subprocess.py:93} INFO - [0m19:00:06  3 of 8 START sql view model analytics.stg_order_details ........................ [RUN]
[2025-09-08T19:00:06.590+0000] {subprocess.py:93} INFO - [0m19:00:06  4 of 8 START sql view model analytics.stg_orders ............................... [RUN]
[2025-09-08T19:00:07.319+0000] {subprocess.py:93} INFO - [0m19:00:07  4 of 8 OK created sql view model analytics.stg_orders .......................... [[32mCREATE VIEW[0m in 0.72s]
[2025-09-08T19:00:07.340+0000] {subprocess.py:93} INFO - [0m19:00:07  3 of 8 OK created sql view model analytics.stg_order_details ................... [[32mCREATE VIEW[0m in 0.74s]
[2025-09-08T19:00:07.353+0000] {subprocess.py:93} INFO - [0m19:00:07  1 of 8 OK created sql view model analytics.stg_AOV ............................. [[32mCREATE VIEW[0m in 0.75s]
[2025-09-08T19:00:07.354+0000] {subprocess.py:93} INFO - [0m19:00:07  2 of 8 OK created sql view model analytics.stg_order_count_year ................ [[32mCREATE VIEW[0m in 0.75s]
[2025-09-08T19:00:07.368+0000] {subprocess.py:93} INFO - [0m19:00:07  5 of 8 START sql table model analytics.orders_summary .......................... [RUN]
[2025-09-08T19:00:07.374+0000] {subprocess.py:93} INFO - [0m19:00:07  6 of 8 START sql table model analytics.order_count_year ........................ [RUN]
[2025-09-08T19:00:07.376+0000] {subprocess.py:93} INFO - [0m19:00:07  7 of 8 START sql table model analytics.order_count_year+month_diff ............. [RUN]
[2025-09-08T19:00:07.380+0000] {subprocess.py:93} INFO - [0m19:00:07  8 of 8 START sql table model analytics.AOV_chek ................................ [RUN]
[2025-09-08T19:00:07.827+0000] {subprocess.py:93} INFO - [0m19:00:07  5 of 8 OK created sql table model analytics.orders_summary ..................... [[32mSELECT 10000[0m in 0.42s]
[2025-09-08T19:00:07.864+0000] {subprocess.py:93} INFO - [0m19:00:07  7 of 8 OK created sql table model analytics.order_count_year+month_diff ........ [[32mSELECT 28[0m in 0.47s]
[2025-09-08T19:00:07.868+0000] {subprocess.py:93} INFO - [0m19:00:07  6 of 8 OK created sql table model analytics.order_count_year ................... [[32mSELECT 4[0m in 0.48s]
[2025-09-08T19:00:07.876+0000] {subprocess.py:93} INFO - [0m19:00:07  8 of 8 OK created sql table model analytics.AOV_chek ........................... [[32mSELECT 50[0m in 0.48s]
[2025-09-08T19:00:07.917+0000] {subprocess.py:93} INFO - [0m19:00:07
[2025-09-08T19:00:07.918+0000] {subprocess.py:93} INFO - [0m19:00:07  Finished running 4 view models, 4 table models in 0 hours 0 minutes and 1.56 seconds (1.56s).
[2025-09-08T19:00:07.954+0000] {subprocess.py:93} INFO - [0m19:00:07
[2025-09-08T19:00:07.955+0000] {subprocess.py:93} INFO - [0m19:00:07  [32mCompleted successfully[0m
[2025-09-08T19:00:07.957+0000] {subprocess.py:93} INFO - [0m19:00:07
[2025-09-08T19:00:07.958+0000] {subprocess.py:93} INFO - [0m19:00:07  Done. PASS=8 WARN=0 ERROR=0 SKIP=0 TOTAL=8
[2025-09-08T19:00:18.453+0000] {subprocess.py:97} INFO - Command exited with return code 0
[2025-09-08T19:00:18.454+0000] {taskinstance.py:441} INFO - ::group::Post task execution logs
[2025-09-08T19:00:18.499+0000] {taskinstance.py:1206} INFO - Marking task as SUCCESS. dag_id=dbt_run_models, task_id=run_dbt_models, run_id=scheduled__2025-09-08T18:00:00+00:00, execution_date=20250908T180000, start_date=20250908T190001, end_date=20250908T190018
[2025-09-08T19:00:18.535+0000] {local_task_job_runner.py:243} INFO - Task exited with return code 0
[2025-09-08T19:00:18.575+0000] {taskinstance.py:3503} INFO - 1 downstream tasks scheduled from follow-on schedule check
[2025-09-08T19:00:18.578+0000] {local_task_job_runner.py:222} INFO - ::endgroup::
