[2025-09-09T20:05:24.576+0000] {local_task_job_runner.py:120} INFO - ::group::Pre task execution logs
[2025-09-09T20:05:24.648+0000] {taskinstance.py:2076} INFO - Dependencies all met for dep_context=non-requeueable deps ti=<TaskInstance: dbt_run_models.run_dbt_models scheduled__2025-09-09T19:00:00+00:00 [queued]>
[2025-09-09T20:05:24.671+0000] {taskinstance.py:2076} INFO - Dependencies all met for dep_context=requeueable deps ti=<TaskInstance: dbt_run_models.run_dbt_models scheduled__2025-09-09T19:00:00+00:00 [queued]>
[2025-09-09T20:05:24.672+0000] {taskinstance.py:2306} INFO - Starting attempt 2 of 2
[2025-09-09T20:05:24.711+0000] {taskinstance.py:2330} INFO - Executing <Task(BashOperator): run_dbt_models> on 2025-09-09 19:00:00+00:00
[2025-09-09T20:05:24.722+0000] {warnings.py:112} WARNING - /home/airflow/.local/lib/python3.12/site-packages/airflow/task/task_runner/standard_task_runner.py:62: DeprecationWarning: This process (pid=3077) is multi-threaded, use of fork() may lead to deadlocks in the child.
  pid = os.fork()

[2025-09-09T20:05:24.724+0000] {standard_task_runner.py:64} INFO - Started process 3078 to run task
[2025-09-09T20:05:24.727+0000] {standard_task_runner.py:90} INFO - Running: ['airflow', 'tasks', 'run', 'dbt_run_models', 'run_dbt_models', 'scheduled__2025-09-09T19:00:00+00:00', '--job-id', '1300', '--raw', '--subdir', 'DAGS_FOLDER/dbt_dag.py', '--cfg-path', '/tmp/tmp9gqz6nx_']
[2025-09-09T20:05:24.729+0000] {standard_task_runner.py:91} INFO - Job 1300: Subtask run_dbt_models
[2025-09-09T20:05:24.754+0000] {warnings.py:112} WARNING - /home/airflow/.local/lib/python3.12/site-packages/airflow/settings.py:195: DeprecationWarning: The sql_alchemy_conn option in [core] has been moved to the sql_alchemy_conn option in [database] - the old setting has been used, but please update your config.
  SQL_ALCHEMY_CONN = conf.get("database", "SQL_ALCHEMY_CONN")

[2025-09-09T20:05:24.808+0000] {task_command.py:426} INFO - Running <TaskInstance: dbt_run_models.run_dbt_models scheduled__2025-09-09T19:00:00+00:00 [running]> on host b5ea13053d47
[2025-09-09T20:05:25.012+0000] {taskinstance.py:2648} INFO - Exporting env vars: AIRFLOW_CTX_DAG_OWNER='airflow' AIRFLOW_CTX_DAG_ID='dbt_run_models' AIRFLOW_CTX_TASK_ID='run_dbt_models' AIRFLOW_CTX_EXECUTION_DATE='2025-09-09T19:00:00+00:00' AIRFLOW_CTX_TRY_NUMBER='2' AIRFLOW_CTX_DAG_RUN_ID='scheduled__2025-09-09T19:00:00+00:00'
[2025-09-09T20:05:25.014+0000] {taskinstance.py:430} INFO - ::endgroup::
[2025-09-09T20:05:25.055+0000] {subprocess.py:63} INFO - Tmp dir root location: /tmp
[2025-09-09T20:05:25.056+0000] {subprocess.py:75} INFO - Running command: ['/usr/bin/bash', '-c', '\n        cd /usr/app &&         dbt run --profiles-dir /usr/app\n        ']
[2025-09-09T20:05:25.077+0000] {subprocess.py:86} INFO - Output:
[2025-09-09T20:05:28.463+0000] {subprocess.py:93} INFO - [0m20:05:28  Running with dbt=1.7.9
[2025-09-09T20:05:28.842+0000] {subprocess.py:93} INFO - [0m20:05:28  Registered adapter: postgres=1.7.9
[2025-09-09T20:05:28.890+0000] {subprocess.py:93} INFO - [0m20:05:28  [[33mWARNING[0m]: Configuration paths exist in your dbt_project.yml file which do not apply to any resources.
[2025-09-09T20:05:28.890+0000] {subprocess.py:93} INFO - There are 1 unused configuration paths:
[2025-09-09T20:05:28.891+0000] {subprocess.py:93} INFO - - models.my_project.sources
[2025-09-09T20:05:28.918+0000] {subprocess.py:93} INFO - [0m20:05:28  Found 15 models, 7 sources, 0 exposures, 0 metrics, 401 macros, 0 groups, 0 semantic models
[2025-09-09T20:05:28.922+0000] {subprocess.py:93} INFO - [0m20:05:28
[2025-09-09T20:05:29.165+0000] {subprocess.py:93} INFO - [0m20:05:29  Concurrency: 4 threads (target='dev')
[2025-09-09T20:05:29.167+0000] {subprocess.py:93} INFO - [0m20:05:29
[2025-09-09T20:05:29.207+0000] {subprocess.py:93} INFO - [0m20:05:29  1 of 15 START sql view model analytics.stg_AOV ................................. [RUN]
[2025-09-09T20:05:29.210+0000] {subprocess.py:93} INFO - [0m20:05:29  2 of 15 START sql view model analytics.stg_order_count_year .................... [RUN]
[2025-09-09T20:05:29.211+0000] {subprocess.py:93} INFO - [0m20:05:29  3 of 15 START sql view model analytics.stg_order_details ....................... [RUN]
[2025-09-09T20:05:29.212+0000] {subprocess.py:93} INFO - [0m20:05:29  4 of 15 START sql view model analytics.stg_order_items ......................... [RUN]
[2025-09-09T20:05:30.061+0000] {subprocess.py:93} INFO - [0m20:05:30  3 of 15 OK created sql view model analytics.stg_order_details .................. [[32mCREATE VIEW[0m in 0.84s]
[2025-09-09T20:05:30.072+0000] {subprocess.py:93} INFO - [0m20:05:30  4 of 15 OK created sql view model analytics.stg_order_items .................... [[32mCREATE VIEW[0m in 0.84s]
[2025-09-09T20:05:30.075+0000] {subprocess.py:93} INFO - [0m20:05:30  2 of 15 OK created sql view model analytics.stg_order_count_year ............... [[32mCREATE VIEW[0m in 0.85s]
[2025-09-09T20:05:30.079+0000] {subprocess.py:93} INFO - [0m20:05:30  1 of 15 OK created sql view model analytics.stg_AOV ............................ [[32mCREATE VIEW[0m in 0.85s]
[2025-09-09T20:05:30.097+0000] {subprocess.py:93} INFO - [0m20:05:30  5 of 15 START sql view model analytics.stg_orders .............................. [RUN]
[2025-09-09T20:05:30.101+0000] {subprocess.py:93} INFO - [0m20:05:30  6 of 15 START sql view model analytics.stg_payments ............................ [RUN]
[2025-09-09T20:05:30.105+0000] {subprocess.py:93} INFO - [0m20:05:30  7 of 15 START sql view model analytics.stg_products ............................ [RUN]
[2025-09-09T20:05:30.110+0000] {subprocess.py:93} INFO - [0m20:05:30  8 of 15 START sql table model analytics.order_count_year ....................... [RUN]
[2025-09-09T20:05:30.613+0000] {subprocess.py:93} INFO - [0m20:05:30  5 of 15 OK created sql view model analytics.stg_orders ......................... [[32mCREATE VIEW[0m in 0.50s]
[2025-09-09T20:05:30.623+0000] {subprocess.py:93} INFO - [0m20:05:30  6 of 15 OK created sql view model analytics.stg_payments ....................... [[32mCREATE VIEW[0m in 0.49s]
[2025-09-09T20:05:30.636+0000] {subprocess.py:93} INFO - [0m20:05:30  7 of 15 OK created sql view model analytics.stg_products ....................... [[32mCREATE VIEW[0m in 0.51s]
[2025-09-09T20:05:30.645+0000] {subprocess.py:93} INFO - [0m20:05:30  10 of 15 START sql table model analytics.AOV_chek .............................. [RUN]
[2025-09-09T20:05:30.654+0000] {subprocess.py:93} INFO - [0m20:05:30  9 of 15 START sql table model analytics.order_count_year+month_diff ............ [RUN]
[2025-09-09T20:05:30.666+0000] {subprocess.py:93} INFO - [0m20:05:30  8 of 15 OK created sql table model analytics.order_count_year .................. [[32mSELECT 4[0m in 0.53s]
[2025-09-09T20:05:30.686+0000] {subprocess.py:93} INFO - [0m20:05:30  11 of 15 START sql table model analytics.AVG_AOV_chek .......................... [RUN]
[2025-09-09T20:05:30.698+0000] {subprocess.py:93} INFO - [0m20:05:30  12 of 15 START sql table model analytics.orders_summary ........................ [RUN]
[2025-09-09T20:05:30.957+0000] {subprocess.py:93} INFO - [0m20:05:30  10 of 15 OK created sql table model analytics.AOV_chek ......................... [[32mSELECT 50[0m in 0.30s]
[2025-09-09T20:05:30.967+0000] {subprocess.py:93} INFO - [0m20:05:30  13 of 15 START sql table model analytics.AOV_EBITDA_COUNT ...................... [RUN]
[2025-09-09T20:05:30.984+0000] {subprocess.py:93} INFO - [0m20:05:30  9 of 15 OK created sql table model analytics.order_count_year+month_diff ....... [[32mSELECT 28[0m in 0.31s]
[2025-09-09T20:05:31.016+0000] {subprocess.py:93} INFO - [0m20:05:31  14 of 15 START sql table model analytics.AOV_category .......................... [RUN]
[2025-09-09T20:05:31.157+0000] {subprocess.py:93} INFO - [0m20:05:31  13 of 15 ERROR creating sql table model analytics.AOV_EBITDA_COUNT ............. [[31mERROR[0m in 0.18s]
[2025-09-09T20:05:31.325+0000] {subprocess.py:93} INFO - [0m20:05:31  15 of 15 START sql table model analytics.AOV_product_name ...................... [RUN]
[2025-09-09T20:05:31.348+0000] {subprocess.py:93} INFO - [0m20:05:31  12 of 15 OK created sql table model analytics.orders_summary ................... [[32mSELECT 10000[0m in 0.63s]
[2025-09-09T20:05:31.358+0000] {subprocess.py:93} INFO - [0m20:05:31  14 of 15 ERROR creating sql table model analytics.AOV_category ................. [[31mERROR[0m in 0.33s]
[2025-09-09T20:05:31.409+0000] {subprocess.py:93} INFO - [0m20:05:31  11 of 15 OK created sql table model analytics.AVG_AOV_chek ..................... [[32mSELECT 16839[0m in 0.70s]
[2025-09-09T20:05:31.433+0000] {subprocess.py:93} INFO - [0m20:05:31  15 of 15 ERROR creating sql table model analytics.AOV_product_name ............. [[31mERROR[0m in 0.10s]
[2025-09-09T20:05:31.462+0000] {subprocess.py:93} INFO - [0m20:05:31
[2025-09-09T20:05:31.463+0000] {subprocess.py:93} INFO - [0m20:05:31  Finished running 7 view models, 8 table models in 0 hours 0 minutes and 2.54 seconds (2.54s).
[2025-09-09T20:05:31.481+0000] {subprocess.py:93} INFO - [0m20:05:31
[2025-09-09T20:05:31.482+0000] {subprocess.py:93} INFO - [0m20:05:31  [31mCompleted with 3 errors and 0 warnings:[0m
[2025-09-09T20:05:31.483+0000] {subprocess.py:93} INFO - [0m20:05:31
[2025-09-09T20:05:31.484+0000] {subprocess.py:93} INFO - [0m20:05:31    Database Error in model AOV_EBITDA_COUNT (models/marts/AOV_EBITDA_COUNT.sql)
[2025-09-09T20:05:31.484+0000] {subprocess.py:93} INFO -   type "avr_order_value" does not exist
[2025-09-09T20:05:31.484+0000] {subprocess.py:93} INFO -   LINE 19: order by avr_order_value
[2025-09-09T20:05:31.484+0000] {subprocess.py:93} INFO -                     ^
[2025-09-09T20:05:31.485+0000] {subprocess.py:93} INFO -   compiled Code at target/run/my_project/models/marts/AOV_EBITDA_COUNT.sql
[2025-09-09T20:05:31.485+0000] {subprocess.py:93} INFO - [0m20:05:31
[2025-09-09T20:05:31.486+0000] {subprocess.py:93} INFO - [0m20:05:31    Database Error in model AOV_category (models/marts/AOV_category.sql)
[2025-09-09T20:05:31.487+0000] {subprocess.py:93} INFO -   type "avr_order_value" does not exist
[2025-09-09T20:05:31.487+0000] {subprocess.py:93} INFO -   LINE 21: order by avr_order_value
[2025-09-09T20:05:31.487+0000] {subprocess.py:93} INFO -                     ^
[2025-09-09T20:05:31.487+0000] {subprocess.py:93} INFO -   compiled Code at target/run/my_project/models/marts/AOV_category.sql
[2025-09-09T20:05:31.488+0000] {subprocess.py:93} INFO - [0m20:05:31
[2025-09-09T20:05:31.490+0000] {subprocess.py:93} INFO - [0m20:05:31    Database Error in model AOV_product_name (models/marts/AOV_product_name.sql)
[2025-09-09T20:05:31.491+0000] {subprocess.py:93} INFO -   type "avr_order_value" does not exist
[2025-09-09T20:05:31.492+0000] {subprocess.py:93} INFO -   LINE 21: order by avr_order_value
[2025-09-09T20:05:31.493+0000] {subprocess.py:93} INFO -                     ^
[2025-09-09T20:05:31.493+0000] {subprocess.py:93} INFO -   compiled Code at target/run/my_project/models/marts/AOV_product_name.sql
[2025-09-09T20:05:31.494+0000] {subprocess.py:93} INFO - [0m20:05:31
[2025-09-09T20:05:31.494+0000] {subprocess.py:93} INFO - [0m20:05:31  Done. PASS=12 WARN=0 ERROR=3 SKIP=0 TOTAL=15
[2025-09-09T20:05:42.397+0000] {subprocess.py:97} INFO - Command exited with return code 1
[2025-09-09T20:05:42.398+0000] {taskinstance.py:441} INFO - ::group::Post task execution logs
[2025-09-09T20:05:42.436+0000] {taskinstance.py:2905} ERROR - Task failed with exception
Traceback (most recent call last):
  File "/home/airflow/.local/lib/python3.12/site-packages/airflow/models/taskinstance.py", line 465, in _execute_task
    result = _execute_callable(context=context, **execute_callable_kwargs)
             ^^^^^^^^^^^^^^^^^^^^^^^^^^^^^^^^^^^^^^^^^^^^^^^^^^^^^^^^^^^^^
  File "/home/airflow/.local/lib/python3.12/site-packages/airflow/models/taskinstance.py", line 432, in _execute_callable
    return execute_callable(context=context, **execute_callable_kwargs)
           ^^^^^^^^^^^^^^^^^^^^^^^^^^^^^^^^^^^^^^^^^^^^^^^^^^^^^^^^^^^^
  File "/home/airflow/.local/lib/python3.12/site-packages/airflow/models/baseoperator.py", line 401, in wrapper
    return func(self, *args, **kwargs)
           ^^^^^^^^^^^^^^^^^^^^^^^^^^^
  File "/home/airflow/.local/lib/python3.12/site-packages/airflow/operators/bash.py", line 243, in execute
    raise AirflowException(
airflow.exceptions.AirflowException: Bash command failed. The command returned a non-zero exit code 1.
[2025-09-09T20:05:42.467+0000] {taskinstance.py:1206} INFO - Marking task as FAILED. dag_id=dbt_run_models, task_id=run_dbt_models, run_id=scheduled__2025-09-09T19:00:00+00:00, execution_date=20250909T190000, start_date=20250909T200524, end_date=20250909T200542
[2025-09-09T20:05:42.544+0000] {standard_task_runner.py:110} ERROR - Failed to execute job 1300 for task run_dbt_models (Bash command failed. The command returned a non-zero exit code 1.; 3078)
[2025-09-09T20:05:42.607+0000] {local_task_job_runner.py:243} INFO - Task exited with return code 1
[2025-09-09T20:05:42.715+0000] {taskinstance.py:3503} INFO - 0 downstream tasks scheduled from follow-on schedule check
[2025-09-09T20:05:42.735+0000] {local_task_job_runner.py:222} INFO - ::endgroup::
