[2025-09-03T07:00:02.067+0000] {local_task_job_runner.py:120} INFO - ::group::Pre task execution logs
[2025-09-03T07:00:02.156+0000] {taskinstance.py:2076} INFO - Dependencies all met for dep_context=non-requeueable deps ti=<TaskInstance: dbt_run_models.run_dbt_models scheduled__2025-09-03T06:00:00+00:00 [queued]>
[2025-09-03T07:00:02.180+0000] {taskinstance.py:2076} INFO - Dependencies all met for dep_context=requeueable deps ti=<TaskInstance: dbt_run_models.run_dbt_models scheduled__2025-09-03T06:00:00+00:00 [queued]>
[2025-09-03T07:00:02.181+0000] {taskinstance.py:2306} INFO - Starting attempt 1 of 2
[2025-09-03T07:00:02.223+0000] {taskinstance.py:2330} INFO - Executing <Task(BashOperator): run_dbt_models> on 2025-09-03 06:00:00+00:00
[2025-09-03T07:00:02.238+0000] {warnings.py:112} WARNING - /home/airflow/.local/lib/python3.12/site-packages/airflow/task/task_runner/standard_task_runner.py:62: DeprecationWarning: This process (pid=49) is multi-threaded, use of fork() may lead to deadlocks in the child.
  pid = os.fork()

[2025-09-03T07:00:02.240+0000] {standard_task_runner.py:64} INFO - Started process 50 to run task
[2025-09-03T07:00:02.243+0000] {standard_task_runner.py:90} INFO - Running: ['airflow', 'tasks', 'run', 'dbt_run_models', 'run_dbt_models', 'scheduled__2025-09-03T06:00:00+00:00', '--job-id', '936', '--raw', '--subdir', 'DAGS_FOLDER/dbt_dag.py', '--cfg-path', '/tmp/tmpygxg6hcx']
[2025-09-03T07:00:02.244+0000] {standard_task_runner.py:91} INFO - Job 936: Subtask run_dbt_models
[2025-09-03T07:00:02.313+0000] {warnings.py:112} WARNING - /home/airflow/.local/lib/python3.12/site-packages/airflow/settings.py:195: DeprecationWarning: The sql_alchemy_conn option in [core] has been moved to the sql_alchemy_conn option in [database] - the old setting has been used, but please update your config.
  SQL_ALCHEMY_CONN = conf.get("database", "SQL_ALCHEMY_CONN")

[2025-09-03T07:00:07.394+0000] {task_command.py:426} INFO - Running <TaskInstance: dbt_run_models.run_dbt_models scheduled__2025-09-03T06:00:00+00:00 [running]> on host b5ea13053d47
[2025-09-03T07:00:07.623+0000] {taskinstance.py:2648} INFO - Exporting env vars: AIRFLOW_CTX_DAG_OWNER='airflow' AIRFLOW_CTX_DAG_ID='dbt_run_models' AIRFLOW_CTX_TASK_ID='run_dbt_models' AIRFLOW_CTX_EXECUTION_DATE='2025-09-03T06:00:00+00:00' AIRFLOW_CTX_TRY_NUMBER='1' AIRFLOW_CTX_DAG_RUN_ID='scheduled__2025-09-03T06:00:00+00:00'
[2025-09-03T07:00:07.624+0000] {taskinstance.py:430} INFO - ::endgroup::
[2025-09-03T07:00:07.710+0000] {subprocess.py:63} INFO - Tmp dir root location: /tmp
[2025-09-03T07:00:07.713+0000] {subprocess.py:75} INFO - Running command: ['/usr/bin/bash', '-c', '\n        cd /usr/app &&         dbt run --profiles-dir /usr/app\n        ']
[2025-09-03T07:00:07.732+0000] {subprocess.py:86} INFO - Output:
[2025-09-03T07:00:16.618+0000] {subprocess.py:93} INFO - [0m07:00:16  Running with dbt=1.7.9
[2025-09-03T07:00:17.671+0000] {subprocess.py:93} INFO - [0m07:00:17  Registered adapter: postgres=1.7.9
[2025-09-03T07:00:17.928+0000] {subprocess.py:93} INFO - [0m07:00:17  [[33mWARNING[0m]: Configuration paths exist in your dbt_project.yml file which do not apply to any resources.
[2025-09-03T07:00:17.929+0000] {subprocess.py:93} INFO - There are 1 unused configuration paths:
[2025-09-03T07:00:17.929+0000] {subprocess.py:93} INFO - - models.my_project.sources
[2025-09-03T07:00:17.966+0000] {subprocess.py:93} INFO - [0m07:00:17  Found 5 models, 7 sources, 0 exposures, 0 metrics, 401 macros, 0 groups, 0 semantic models
[2025-09-03T07:00:17.969+0000] {subprocess.py:93} INFO - [0m07:00:17
[2025-09-03T07:00:18.204+0000] {subprocess.py:93} INFO - [0m07:00:18  Concurrency: 4 threads (target='dev')
[2025-09-03T07:00:18.205+0000] {subprocess.py:93} INFO - [0m07:00:18
[2025-09-03T07:00:18.221+0000] {subprocess.py:93} INFO - [0m07:00:18  1 of 5 START sql view model analytics.stg_order_count_year ..................... [RUN]
[2025-09-03T07:00:18.224+0000] {subprocess.py:93} INFO - [0m07:00:18  2 of 5 START sql view model analytics.stg_order_details ........................ [RUN]
[2025-09-03T07:00:18.238+0000] {subprocess.py:93} INFO - [0m07:00:18  3 of 5 START sql view model analytics.stg_orders ............................... [RUN]
[2025-09-03T07:00:18.810+0000] {subprocess.py:93} INFO - [0m07:00:18  3 of 5 OK created sql view model analytics.stg_orders .......................... [[32mCREATE VIEW[0m in 0.56s]
[2025-09-03T07:00:18.824+0000] {subprocess.py:93} INFO - [0m07:00:18  1 of 5 OK created sql view model analytics.stg_order_count_year ................ [[32mCREATE VIEW[0m in 0.58s]
[2025-09-03T07:00:18.827+0000] {subprocess.py:93} INFO - [0m07:00:18  2 of 5 OK created sql view model analytics.stg_order_details ................... [[32mCREATE VIEW[0m in 0.59s]
[2025-09-03T07:00:18.841+0000] {subprocess.py:93} INFO - [0m07:00:18  4 of 5 START sql table model analytics.order_count_year ........................ [RUN]
[2025-09-03T07:00:18.844+0000] {subprocess.py:93} INFO - [0m07:00:18  5 of 5 START sql table model analytics.orders_summary .......................... [RUN]
[2025-09-03T07:00:19.186+0000] {subprocess.py:93} INFO - [0m07:00:19  4 of 5 OK created sql table model analytics.order_count_year ................... [[32mSELECT 3[0m in 0.34s]
[2025-09-03T07:00:19.203+0000] {subprocess.py:93} INFO - [0m07:00:19  5 of 5 OK created sql table model analytics.orders_summary ..................... [[32mSELECT 10000[0m in 0.35s]
[2025-09-03T07:00:19.231+0000] {subprocess.py:93} INFO - [0m07:00:19
[2025-09-03T07:00:19.233+0000] {subprocess.py:93} INFO - [0m07:00:19  Finished running 3 view models, 2 table models in 0 hours 0 minutes and 1.26 seconds (1.26s).
[2025-09-03T07:00:19.270+0000] {subprocess.py:93} INFO - [0m07:00:19
[2025-09-03T07:00:19.272+0000] {subprocess.py:93} INFO - [0m07:00:19  [32mCompleted successfully[0m
[2025-09-03T07:00:19.274+0000] {subprocess.py:93} INFO - [0m07:00:19
[2025-09-03T07:00:19.276+0000] {subprocess.py:93} INFO - [0m07:00:19  Done. PASS=5 WARN=0 ERROR=0 SKIP=0 TOTAL=5
[2025-09-03T07:00:30.190+0000] {subprocess.py:97} INFO - Command exited with return code 0
[2025-09-03T07:00:30.193+0000] {taskinstance.py:441} INFO - ::group::Post task execution logs
[2025-09-03T07:00:30.271+0000] {taskinstance.py:1206} INFO - Marking task as SUCCESS. dag_id=dbt_run_models, task_id=run_dbt_models, run_id=scheduled__2025-09-03T06:00:00+00:00, execution_date=20250903T060000, start_date=20250903T070002, end_date=20250903T070030
[2025-09-03T07:00:30.345+0000] {local_task_job_runner.py:243} INFO - Task exited with return code 0
[2025-09-03T07:00:30.424+0000] {taskinstance.py:3503} INFO - 1 downstream tasks scheduled from follow-on schedule check
[2025-09-03T07:00:30.427+0000] {local_task_job_runner.py:222} INFO - ::endgroup::
