[2025-08-26T10:00:04.529+0000] {local_task_job_runner.py:120} INFO - ::group::Pre task execution logs
[2025-08-26T10:00:04.609+0000] {taskinstance.py:2076} INFO - Dependencies all met for dep_context=non-requeueable deps ti=<TaskInstance: daily_generate_orders.load_csv_to_postgres scheduled__2025-08-26T09:00:00+00:00 [queued]>
[2025-08-26T10:00:04.618+0000] {taskinstance.py:2076} INFO - Dependencies all met for dep_context=requeueable deps ti=<TaskInstance: daily_generate_orders.load_csv_to_postgres scheduled__2025-08-26T09:00:00+00:00 [queued]>
[2025-08-26T10:00:04.618+0000] {taskinstance.py:2306} INFO - Starting attempt 1 of 1
[2025-08-26T10:00:04.653+0000] {taskinstance.py:2330} INFO - Executing <Task(PythonOperator): load_csv_to_postgres> on 2025-08-26 09:00:00+00:00
[2025-08-26T10:00:04.661+0000] {warnings.py:112} WARNING - /home/airflow/.local/lib/python3.12/site-packages/airflow/task/task_runner/standard_task_runner.py:62: DeprecationWarning: This process (pid=1084) is multi-threaded, use of fork() may lead to deadlocks in the child.
  pid = os.fork()

[2025-08-26T10:00:04.662+0000] {standard_task_runner.py:64} INFO - Started process 1086 to run task
[2025-08-26T10:00:04.666+0000] {standard_task_runner.py:90} INFO - Running: ['airflow', 'tasks', 'run', 'daily_generate_orders', 'load_csv_to_postgres', 'scheduled__2025-08-26T09:00:00+00:00', '--job-id', '599', '--raw', '--subdir', 'DAGS_FOLDER/generate_fake_shop_csv.py', '--cfg-path', '/tmp/tmpifii57ii']
[2025-08-26T10:00:04.668+0000] {standard_task_runner.py:91} INFO - Job 599: Subtask load_csv_to_postgres
[2025-08-26T10:00:04.681+0000] {warnings.py:112} WARNING - /home/airflow/.local/lib/python3.12/site-packages/airflow/settings.py:195: DeprecationWarning: The sql_alchemy_conn option in [core] has been moved to the sql_alchemy_conn option in [database] - the old setting has been used, but please update your config.
  SQL_ALCHEMY_CONN = conf.get("database", "SQL_ALCHEMY_CONN")

[2025-08-26T10:00:04.779+0000] {task_command.py:426} INFO - Running <TaskInstance: daily_generate_orders.load_csv_to_postgres scheduled__2025-08-26T09:00:00+00:00 [running]> on host b5ea13053d47
[2025-08-26T10:00:04.903+0000] {taskinstance.py:2648} INFO - Exporting env vars: AIRFLOW_CTX_DAG_OWNER='airflow' AIRFLOW_CTX_DAG_ID='daily_generate_orders' AIRFLOW_CTX_TASK_ID='load_csv_to_postgres' AIRFLOW_CTX_EXECUTION_DATE='2025-08-26T09:00:00+00:00' AIRFLOW_CTX_TRY_NUMBER='1' AIRFLOW_CTX_DAG_RUN_ID='scheduled__2025-08-26T09:00:00+00:00'
[2025-08-26T10:00:04.904+0000] {taskinstance.py:430} INFO - ::endgroup::
[2025-08-26T10:00:04.928+0000] {base.py:84} INFO - Using connection ID 'postgres_conn' for task execution.
[2025-08-26T10:00:06.132+0000] {logging_mixin.py:188} INFO - ✅ Загружено 15000 строк в таблицу shipments
[2025-08-26T10:00:06.155+0000] {logging_mixin.py:188} INFO - ✅ Загружено 200 новых строк в таблицу shipments
[2025-08-26T10:00:06.182+0000] {logging_mixin.py:188} INFO - ✅ Загружено 200 новых строк в таблицу shipments
[2025-08-26T10:00:06.199+0000] {logging_mixin.py:188} INFO - ✅ Загружено 200 новых строк в таблицу shipments
[2025-08-26T10:00:06.211+0000] {logging_mixin.py:188} INFO - ✅ Загружено 200 новых строк в таблицу shipments
[2025-08-26T10:00:06.239+0000] {logging_mixin.py:188} INFO - ✅ Загружено 200 новых строк в таблицу shipments
[2025-08-26T10:00:06.264+0000] {logging_mixin.py:188} INFO - ✅ Загружено 200 новых строк в таблицу shipments
[2025-08-26T10:00:06.275+0000] {logging_mixin.py:188} INFO - ✅ Загружено 200 новых строк в таблицу shipments
[2025-08-26T10:00:06.963+0000] {logging_mixin.py:188} INFO - ✅ Загружено 10000 строк в таблицу customers
[2025-08-26T10:00:06.982+0000] {logging_mixin.py:188} INFO - ✅ Загружено 400 новых строк в таблицу customers
[2025-08-26T10:00:07.016+0000] {logging_mixin.py:188} INFO - ✅ Загружено 400 новых строк в таблицу customers
[2025-08-26T10:00:07.037+0000] {logging_mixin.py:188} INFO - ✅ Загружено 400 новых строк в таблицу customers
[2025-08-26T10:00:07.070+0000] {logging_mixin.py:188} INFO - ✅ Загружено 400 новых строк в таблицу customers
[2025-08-26T10:00:07.091+0000] {logging_mixin.py:188} INFO - ✅ Загружено 400 новых строк в таблицу customers
[2025-08-26T10:00:07.107+0000] {logging_mixin.py:188} INFO - ✅ Загружено 400 новых строк в таблицу customers
[2025-08-26T10:00:08.371+0000] {logging_mixin.py:188} INFO - ✅ Загружено 15024 строк в таблицу orders
[2025-08-26T10:00:08.397+0000] {logging_mixin.py:188} INFO - ✅ Загружено 224 новых строк в таблицу orders
[2025-08-26T10:00:08.421+0000] {logging_mixin.py:188} INFO - ✅ Загружено 224 новых строк в таблицу orders
[2025-08-26T10:00:08.450+0000] {logging_mixin.py:188} INFO - ✅ Загружено 224 новых строк в таблицу orders
[2025-08-26T10:00:08.465+0000] {logging_mixin.py:188} INFO - ✅ Загружено 224 новых строк в таблицу orders
[2025-08-26T10:00:08.477+0000] {logging_mixin.py:188} INFO - ✅ Загружено 224 новых строк в таблицу orders
[2025-08-26T10:00:08.587+0000] {logging_mixin.py:188} INFO - ✅ Загружено 2000 строк в таблицу products
[2025-08-26T10:00:08.614+0000] {logging_mixin.py:188} INFO - ✅ Загружено 400 новых строк в таблицу products
[2025-08-26T10:00:08.658+0000] {logging_mixin.py:188} INFO - ✅ Загружено 400 новых строк в таблицу products
[2025-08-26T10:00:08.697+0000] {logging_mixin.py:188} INFO - ✅ Загружено 400 новых строк в таблицу products
[2025-08-26T10:00:08.727+0000] {logging_mixin.py:188} INFO - ✅ Загружено 400 новых строк в таблицу products
[2025-08-26T10:00:08.772+0000] {logging_mixin.py:188} INFO - ✅ Загружено 400 новых строк в таблицу products
[2025-08-26T10:00:10.155+0000] {logging_mixin.py:188} INFO - ✅ Загружено 20057 строк в таблицу order_items
[2025-08-26T10:00:10.163+0000] {logging_mixin.py:188} INFO - ✅ Загружено 57 новых строк в таблицу order_items
[2025-08-26T10:00:10.170+0000] {logging_mixin.py:188} INFO - ✅ Загружено 57 новых строк в таблицу order_items
[2025-08-26T10:00:10.175+0000] {logging_mixin.py:188} INFO - ✅ Загружено 57 новых строк в таблицу order_items
[2025-08-26T10:00:10.181+0000] {logging_mixin.py:188} INFO - ✅ Загружено 57 новых строк в таблицу order_items
[2025-08-26T10:00:10.188+0000] {logging_mixin.py:188} INFO - ✅ Загружено 57 новых строк в таблицу order_items
[2025-08-26T10:00:10.193+0000] {logging_mixin.py:188} INFO - ✅ Загружено 57 новых строк в таблицу order_items
[2025-08-26T10:00:10.205+0000] {logging_mixin.py:188} INFO - ✅ Загружено 100 строк в таблицу suppliers
[2025-08-26T10:00:10.222+0000] {logging_mixin.py:188} INFO - ✅ Загружено 100 новых строк в таблицу suppliers
[2025-08-26T10:00:10.239+0000] {logging_mixin.py:188} INFO - ✅ Загружено 100 новых строк в таблицу suppliers
[2025-08-26T10:00:10.256+0000] {logging_mixin.py:188} INFO - ✅ Загружено 100 новых строк в таблицу suppliers
[2025-08-26T10:00:10.273+0000] {logging_mixin.py:188} INFO - ✅ Загружено 100 новых строк в таблицу suppliers
[2025-08-26T10:00:10.289+0000] {logging_mixin.py:188} INFO - ✅ Загружено 100 новых строк в таблицу suppliers
[2025-08-26T10:00:10.308+0000] {logging_mixin.py:188} INFO - ✅ Загружено 100 новых строк в таблицу suppliers
[2025-08-26T10:00:11.379+0000] {logging_mixin.py:188} INFO - ✅ Загружено 15024 строк в таблицу payment
[2025-08-26T10:00:11.389+0000] {logging_mixin.py:188} INFO - ✅ Загружено 224 новых строк в таблицу payment
[2025-08-26T10:00:11.399+0000] {logging_mixin.py:188} INFO - ✅ Загружено 224 новых строк в таблицу payment
[2025-08-26T10:00:11.412+0000] {logging_mixin.py:188} INFO - ✅ Загружено 224 новых строк в таблицу payment
[2025-08-26T10:00:11.421+0000] {logging_mixin.py:188} INFO - ✅ Загружено 224 новых строк в таблицу payment
[2025-08-26T10:00:11.431+0000] {logging_mixin.py:188} INFO - ✅ Загружено 224 новых строк в таблицу payment
[2025-08-26T10:00:11.442+0000] {logging_mixin.py:188} INFO - ✅ Загружено 224 новых строк в таблицу payment
[2025-08-26T10:00:11.493+0000] {logging_mixin.py:188} INFO - ✅ Загружено 1106 строк в таблицу reviews
[2025-08-26T10:00:11.506+0000] {logging_mixin.py:188} INFO - ✅ Загружено 306 новых строк в таблицу reviews
[2025-08-26T10:00:11.520+0000] {logging_mixin.py:188} INFO - ✅ Загружено 306 новых строк в таблицу reviews
[2025-08-26T10:00:11.535+0000] {logging_mixin.py:188} INFO - ✅ Загружено 306 новых строк в таблицу reviews
[2025-08-26T10:00:11.549+0000] {logging_mixin.py:188} INFO - ✅ Загружено 306 новых строк в таблицу reviews
[2025-08-26T10:00:11.561+0000] {logging_mixin.py:188} INFO - ✅ Загружено 306 новых строк в таблицу reviews
[2025-08-26T10:00:11.576+0000] {logging_mixin.py:188} INFO - ✅ Загружено 306 новых строк в таблицу reviews
[2025-08-26T10:00:11.576+0000] {python.py:237} INFO - Done. Returned value was: None
[2025-08-26T10:00:11.577+0000] {taskinstance.py:441} INFO - ::group::Post task execution logs
[2025-08-26T10:00:11.586+0000] {taskinstance.py:1206} INFO - Marking task as SUCCESS. dag_id=daily_generate_orders, task_id=load_csv_to_postgres, run_id=scheduled__2025-08-26T09:00:00+00:00, execution_date=20250826T090000, start_date=20250826T100004, end_date=20250826T100011
[2025-08-26T10:00:11.626+0000] {local_task_job_runner.py:243} INFO - Task exited with return code 0
[2025-08-26T10:00:11.644+0000] {taskinstance.py:3503} INFO - 0 downstream tasks scheduled from follow-on schedule check
[2025-08-26T10:00:11.648+0000] {local_task_job_runner.py:222} INFO - ::endgroup::
