[2025-08-28T03:16:38.657+0000] {local_task_job_runner.py:120} INFO - ::group::Pre task execution logs
[2025-08-28T03:16:40.413+0000] {taskinstance.py:2076} INFO - Dependencies all met for dep_context=non-requeueable deps ti=<TaskInstance: import_csv_to_postgres.wait_for_generation manual__2025-08-28T03:16:29.925708+00:00 [queued]>
[2025-08-28T03:16:40.424+0000] {taskinstance.py:2076} INFO - Dependencies all met for dep_context=requeueable deps ti=<TaskInstance: import_csv_to_postgres.wait_for_generation manual__2025-08-28T03:16:29.925708+00:00 [queued]>
[2025-08-28T03:16:40.424+0000] {taskinstance.py:2306} INFO - Starting attempt 1 of 1
[2025-08-28T03:16:40.446+0000] {taskinstance.py:2330} INFO - Executing <Task(ExternalTaskSensor): wait_for_generation> on 2025-08-28 03:16:29.925708+00:00
[2025-08-28T03:16:40.455+0000] {warnings.py:112} WARNING - /home/airflow/.local/lib/python3.12/site-packages/airflow/task/task_runner/standard_task_runner.py:62: DeprecationWarning: This process (pid=1861) is multi-threaded, use of fork() may lead to deadlocks in the child.
  pid = os.fork()

[2025-08-28T03:16:40.456+0000] {standard_task_runner.py:64} INFO - Started process 1868 to run task
[2025-08-28T03:16:40.460+0000] {standard_task_runner.py:90} INFO - Running: ['airflow', 'tasks', 'run', 'import_csv_to_postgres', 'wait_for_generation', 'manual__2025-08-28T03:16:29.925708+00:00', '--job-id', '773', '--raw', '--subdir', 'DAGS_FOLDER/csv_to_postgres_dag.py', '--cfg-path', '/tmp/tmpl6zlmv8o']
[2025-08-28T03:16:40.462+0000] {standard_task_runner.py:91} INFO - Job 773: Subtask wait_for_generation
[2025-08-28T03:16:40.481+0000] {warnings.py:112} WARNING - /home/airflow/.local/lib/python3.12/site-packages/airflow/settings.py:195: DeprecationWarning: The sql_alchemy_conn option in [core] has been moved to the sql_alchemy_conn option in [database] - the old setting has been used, but please update your config.
  SQL_ALCHEMY_CONN = conf.get("database", "SQL_ALCHEMY_CONN")

[2025-08-28T03:16:40.562+0000] {task_command.py:426} INFO - Running <TaskInstance: import_csv_to_postgres.wait_for_generation manual__2025-08-28T03:16:29.925708+00:00 [running]> on host b5ea13053d47
[2025-08-28T03:16:40.873+0000] {taskinstance.py:2648} INFO - Exporting env vars: AIRFLOW_CTX_DAG_OWNER='airflow' AIRFLOW_CTX_DAG_ID='import_csv_to_postgres' AIRFLOW_CTX_TASK_ID='wait_for_generation' AIRFLOW_CTX_EXECUTION_DATE='2025-08-28T03:16:29.925708+00:00' AIRFLOW_CTX_TRY_NUMBER='1' AIRFLOW_CTX_DAG_RUN_ID='manual__2025-08-28T03:16:29.925708+00:00'
[2025-08-28T03:16:40.874+0000] {taskinstance.py:430} INFO - ::endgroup::
[2025-08-28T03:16:40.907+0000] {baseoperator.py:400} WARNING - ExternalTaskSensor.execute cannot be called outside TaskInstance!
[2025-08-28T03:16:40.945+0000] {external_task.py:274} INFO - Poking for DAG 'daily_generate_orders' on 2025-08-28T03:16:29.925708+00:00 ... 
[2025-08-28T03:16:40.945+0000] {warnings.py:112} WARNING - /home/airflow/.local/lib/python3.12/site-packages/airflow/utils/session.py:79: DeprecationWarning: This method is deprecated and will be removed in future.
  return func(*args, session=session, **kwargs)

[2025-08-28T03:16:40.966+0000] {taskinstance.py:441} INFO - ::group::Post task execution logs
[2025-08-28T03:16:41.012+0000] {taskinstance.py:2865} INFO - Rescheduling task, marking task as UP_FOR_RESCHEDULE
[2025-08-28T03:16:41.072+0000] {local_task_job_runner.py:243} INFO - Task exited with return code 0
[2025-08-28T03:16:41.149+0000] {taskinstance.py:3503} INFO - 0 downstream tasks scheduled from follow-on schedule check
[2025-08-28T03:16:41.159+0000] {local_task_job_runner.py:222} INFO - ::endgroup::
[2025-08-28T03:17:43.300+0000] {local_task_job_runner.py:120} INFO - ::group::Pre task execution logs
[2025-08-28T03:17:43.391+0000] {taskinstance.py:2076} INFO - Dependencies all met for dep_context=non-requeueable deps ti=<TaskInstance: import_csv_to_postgres.wait_for_generation manual__2025-08-28T03:16:29.925708+00:00 [queued]>
[2025-08-28T03:17:43.420+0000] {taskinstance.py:2076} INFO - Dependencies all met for dep_context=requeueable deps ti=<TaskInstance: import_csv_to_postgres.wait_for_generation manual__2025-08-28T03:16:29.925708+00:00 [queued]>
[2025-08-28T03:17:43.422+0000] {taskinstance.py:2306} INFO - Starting attempt 1 of 1
[2025-08-28T03:17:43.474+0000] {taskinstance.py:2330} INFO - Executing <Task(ExternalTaskSensor): wait_for_generation> on 2025-08-28 03:16:29.925708+00:00
[2025-08-28T03:17:43.498+0000] {warnings.py:112} WARNING - /home/airflow/.local/lib/python3.12/site-packages/airflow/task/task_runner/standard_task_runner.py:62: DeprecationWarning: This process (pid=1869) is multi-threaded, use of fork() may lead to deadlocks in the child.
  pid = os.fork()

[2025-08-28T03:17:43.501+0000] {standard_task_runner.py:64} INFO - Started process 1871 to run task
[2025-08-28T03:17:43.502+0000] {standard_task_runner.py:90} INFO - Running: ['airflow', 'tasks', 'run', 'import_csv_to_postgres', 'wait_for_generation', 'manual__2025-08-28T03:16:29.925708+00:00', '--job-id', '774', '--raw', '--subdir', 'DAGS_FOLDER/csv_to_postgres_dag.py', '--cfg-path', '/tmp/tmpsqqefdez']
[2025-08-28T03:17:43.507+0000] {standard_task_runner.py:91} INFO - Job 774: Subtask wait_for_generation
[2025-08-28T03:17:43.548+0000] {warnings.py:112} WARNING - /home/airflow/.local/lib/python3.12/site-packages/airflow/settings.py:195: DeprecationWarning: The sql_alchemy_conn option in [core] has been moved to the sql_alchemy_conn option in [database] - the old setting has been used, but please update your config.
  SQL_ALCHEMY_CONN = conf.get("database", "SQL_ALCHEMY_CONN")

[2025-08-28T03:17:43.654+0000] {task_command.py:426} INFO - Running <TaskInstance: import_csv_to_postgres.wait_for_generation manual__2025-08-28T03:16:29.925708+00:00 [running]> on host b5ea13053d47
[2025-08-28T03:17:44.072+0000] {taskinstance.py:2648} INFO - Exporting env vars: AIRFLOW_CTX_DAG_OWNER='airflow' AIRFLOW_CTX_DAG_ID='import_csv_to_postgres' AIRFLOW_CTX_TASK_ID='wait_for_generation' AIRFLOW_CTX_EXECUTION_DATE='2025-08-28T03:16:29.925708+00:00' AIRFLOW_CTX_TRY_NUMBER='1' AIRFLOW_CTX_DAG_RUN_ID='manual__2025-08-28T03:16:29.925708+00:00'
[2025-08-28T03:17:44.074+0000] {taskinstance.py:430} INFO - ::endgroup::
[2025-08-28T03:17:44.143+0000] {baseoperator.py:400} WARNING - ExternalTaskSensor.execute cannot be called outside TaskInstance!
[2025-08-28T03:17:44.178+0000] {external_task.py:274} INFO - Poking for DAG 'daily_generate_orders' on 2025-08-28T03:16:29.925708+00:00 ... 
[2025-08-28T03:17:44.182+0000] {warnings.py:112} WARNING - /home/airflow/.local/lib/python3.12/site-packages/airflow/utils/session.py:79: DeprecationWarning: This method is deprecated and will be removed in future.
  return func(*args, session=session, **kwargs)

[2025-08-28T03:17:44.214+0000] {taskinstance.py:441} INFO - ::group::Post task execution logs
[2025-08-28T03:17:44.294+0000] {taskinstance.py:2865} INFO - Rescheduling task, marking task as UP_FOR_RESCHEDULE
[2025-08-28T03:17:44.377+0000] {local_task_job_runner.py:243} INFO - Task exited with return code 0
[2025-08-28T03:17:44.504+0000] {taskinstance.py:3503} INFO - 0 downstream tasks scheduled from follow-on schedule check
[2025-08-28T03:17:44.510+0000] {local_task_job_runner.py:222} INFO - ::endgroup::
[2025-08-28T03:18:46.549+0000] {local_task_job_runner.py:120} INFO - ::group::Pre task execution logs
[2025-08-28T03:18:46.664+0000] {taskinstance.py:2076} INFO - Dependencies all met for dep_context=non-requeueable deps ti=<TaskInstance: import_csv_to_postgres.wait_for_generation manual__2025-08-28T03:16:29.925708+00:00 [queued]>
[2025-08-28T03:18:46.699+0000] {taskinstance.py:2076} INFO - Dependencies all met for dep_context=requeueable deps ti=<TaskInstance: import_csv_to_postgres.wait_for_generation manual__2025-08-28T03:16:29.925708+00:00 [queued]>
[2025-08-28T03:18:46.700+0000] {taskinstance.py:2306} INFO - Starting attempt 1 of 1
[2025-08-28T03:18:46.761+0000] {taskinstance.py:2330} INFO - Executing <Task(ExternalTaskSensor): wait_for_generation> on 2025-08-28 03:16:29.925708+00:00
[2025-08-28T03:18:46.785+0000] {warnings.py:112} WARNING - /home/airflow/.local/lib/python3.12/site-packages/airflow/task/task_runner/standard_task_runner.py:62: DeprecationWarning: This process (pid=1872) is multi-threaded, use of fork() may lead to deadlocks in the child.
  pid = os.fork()

[2025-08-28T03:18:46.788+0000] {standard_task_runner.py:64} INFO - Started process 1874 to run task
[2025-08-28T03:18:46.789+0000] {standard_task_runner.py:90} INFO - Running: ['airflow', 'tasks', 'run', 'import_csv_to_postgres', 'wait_for_generation', 'manual__2025-08-28T03:16:29.925708+00:00', '--job-id', '775', '--raw', '--subdir', 'DAGS_FOLDER/csv_to_postgres_dag.py', '--cfg-path', '/tmp/tmppf9661b9']
[2025-08-28T03:18:46.801+0000] {standard_task_runner.py:91} INFO - Job 775: Subtask wait_for_generation
[2025-08-28T03:18:46.849+0000] {warnings.py:112} WARNING - /home/airflow/.local/lib/python3.12/site-packages/airflow/settings.py:195: DeprecationWarning: The sql_alchemy_conn option in [core] has been moved to the sql_alchemy_conn option in [database] - the old setting has been used, but please update your config.
  SQL_ALCHEMY_CONN = conf.get("database", "SQL_ALCHEMY_CONN")

[2025-08-28T03:18:47.029+0000] {task_command.py:426} INFO - Running <TaskInstance: import_csv_to_postgres.wait_for_generation manual__2025-08-28T03:16:29.925708+00:00 [running]> on host b5ea13053d47
[2025-08-28T03:18:47.426+0000] {taskinstance.py:2648} INFO - Exporting env vars: AIRFLOW_CTX_DAG_OWNER='airflow' AIRFLOW_CTX_DAG_ID='import_csv_to_postgres' AIRFLOW_CTX_TASK_ID='wait_for_generation' AIRFLOW_CTX_EXECUTION_DATE='2025-08-28T03:16:29.925708+00:00' AIRFLOW_CTX_TRY_NUMBER='1' AIRFLOW_CTX_DAG_RUN_ID='manual__2025-08-28T03:16:29.925708+00:00'
[2025-08-28T03:18:47.428+0000] {taskinstance.py:430} INFO - ::endgroup::
[2025-08-28T03:18:47.459+0000] {baseoperator.py:400} WARNING - ExternalTaskSensor.execute cannot be called outside TaskInstance!
[2025-08-28T03:18:47.483+0000] {external_task.py:274} INFO - Poking for DAG 'daily_generate_orders' on 2025-08-28T03:16:29.925708+00:00 ... 
[2025-08-28T03:18:47.484+0000] {warnings.py:112} WARNING - /home/airflow/.local/lib/python3.12/site-packages/airflow/utils/session.py:79: DeprecationWarning: This method is deprecated and will be removed in future.
  return func(*args, session=session, **kwargs)

[2025-08-28T03:18:47.513+0000] {taskinstance.py:441} INFO - ::group::Post task execution logs
[2025-08-28T03:18:47.561+0000] {taskinstance.py:2865} INFO - Rescheduling task, marking task as UP_FOR_RESCHEDULE
[2025-08-28T03:18:47.618+0000] {local_task_job_runner.py:243} INFO - Task exited with return code 0
[2025-08-28T03:18:47.742+0000] {taskinstance.py:3503} INFO - 0 downstream tasks scheduled from follow-on schedule check
[2025-08-28T03:18:47.758+0000] {local_task_job_runner.py:222} INFO - ::endgroup::
[2025-08-28T03:19:49.290+0000] {local_task_job_runner.py:120} INFO - ::group::Pre task execution logs
[2025-08-28T03:19:49.321+0000] {taskinstance.py:2076} INFO - Dependencies all met for dep_context=non-requeueable deps ti=<TaskInstance: import_csv_to_postgres.wait_for_generation manual__2025-08-28T03:16:29.925708+00:00 [queued]>
[2025-08-28T03:19:49.333+0000] {taskinstance.py:2076} INFO - Dependencies all met for dep_context=requeueable deps ti=<TaskInstance: import_csv_to_postgres.wait_for_generation manual__2025-08-28T03:16:29.925708+00:00 [queued]>
[2025-08-28T03:19:49.333+0000] {taskinstance.py:2306} INFO - Starting attempt 1 of 1
[2025-08-28T03:19:49.346+0000] {taskinstance.py:2330} INFO - Executing <Task(ExternalTaskSensor): wait_for_generation> on 2025-08-28 03:16:29.925708+00:00
[2025-08-28T03:19:49.354+0000] {warnings.py:112} WARNING - /home/airflow/.local/lib/python3.12/site-packages/airflow/task/task_runner/standard_task_runner.py:62: DeprecationWarning: This process (pid=1875) is multi-threaded, use of fork() may lead to deadlocks in the child.
  pid = os.fork()

[2025-08-28T03:19:49.355+0000] {standard_task_runner.py:64} INFO - Started process 1877 to run task
[2025-08-28T03:19:49.360+0000] {standard_task_runner.py:90} INFO - Running: ['airflow', 'tasks', 'run', 'import_csv_to_postgres', 'wait_for_generation', 'manual__2025-08-28T03:16:29.925708+00:00', '--job-id', '776', '--raw', '--subdir', 'DAGS_FOLDER/csv_to_postgres_dag.py', '--cfg-path', '/tmp/tmpgq30n8d2']
[2025-08-28T03:19:49.365+0000] {standard_task_runner.py:91} INFO - Job 776: Subtask wait_for_generation
[2025-08-28T03:19:49.392+0000] {warnings.py:112} WARNING - /home/airflow/.local/lib/python3.12/site-packages/airflow/settings.py:195: DeprecationWarning: The sql_alchemy_conn option in [core] has been moved to the sql_alchemy_conn option in [database] - the old setting has been used, but please update your config.
  SQL_ALCHEMY_CONN = conf.get("database", "SQL_ALCHEMY_CONN")

[2025-08-28T03:19:49.432+0000] {task_command.py:426} INFO - Running <TaskInstance: import_csv_to_postgres.wait_for_generation manual__2025-08-28T03:16:29.925708+00:00 [running]> on host b5ea13053d47
[2025-08-28T03:19:49.709+0000] {taskinstance.py:2648} INFO - Exporting env vars: AIRFLOW_CTX_DAG_OWNER='airflow' AIRFLOW_CTX_DAG_ID='import_csv_to_postgres' AIRFLOW_CTX_TASK_ID='wait_for_generation' AIRFLOW_CTX_EXECUTION_DATE='2025-08-28T03:16:29.925708+00:00' AIRFLOW_CTX_TRY_NUMBER='1' AIRFLOW_CTX_DAG_RUN_ID='manual__2025-08-28T03:16:29.925708+00:00'
[2025-08-28T03:19:49.710+0000] {taskinstance.py:430} INFO - ::endgroup::
[2025-08-28T03:19:49.735+0000] {baseoperator.py:400} WARNING - ExternalTaskSensor.execute cannot be called outside TaskInstance!
[2025-08-28T03:19:49.752+0000] {external_task.py:274} INFO - Poking for DAG 'daily_generate_orders' on 2025-08-28T03:16:29.925708+00:00 ... 
[2025-08-28T03:19:49.753+0000] {warnings.py:112} WARNING - /home/airflow/.local/lib/python3.12/site-packages/airflow/utils/session.py:79: DeprecationWarning: This method is deprecated and will be removed in future.
  return func(*args, session=session, **kwargs)

[2025-08-28T03:19:49.770+0000] {taskinstance.py:441} INFO - ::group::Post task execution logs
[2025-08-28T03:19:49.796+0000] {taskinstance.py:2865} INFO - Rescheduling task, marking task as UP_FOR_RESCHEDULE
[2025-08-28T03:19:49.829+0000] {local_task_job_runner.py:243} INFO - Task exited with return code 0
[2025-08-28T03:19:49.874+0000] {taskinstance.py:3503} INFO - 0 downstream tasks scheduled from follow-on schedule check
[2025-08-28T03:19:49.878+0000] {local_task_job_runner.py:222} INFO - ::endgroup::
