[2025-09-09T09:00:01.064+0000] {local_task_job_runner.py:120} INFO - ::group::Pre task execution logs
[2025-09-09T09:00:01.129+0000] {taskinstance.py:2076} INFO - Dependencies all met for dep_context=non-requeueable deps ti=<TaskInstance: dbt_run_models.run_dbt_models scheduled__2025-09-09T08:00:00+00:00 [queued]>
[2025-09-09T09:00:01.152+0000] {taskinstance.py:2076} INFO - Dependencies all met for dep_context=requeueable deps ti=<TaskInstance: dbt_run_models.run_dbt_models scheduled__2025-09-09T08:00:00+00:00 [queued]>
[2025-09-09T09:00:01.153+0000] {taskinstance.py:2306} INFO - Starting attempt 1 of 2
[2025-09-09T09:00:01.212+0000] {taskinstance.py:2330} INFO - Executing <Task(BashOperator): run_dbt_models> on 2025-09-09 08:00:00+00:00
[2025-09-09T09:00:01.241+0000] {standard_task_runner.py:90} INFO - Running: ['airflow', 'tasks', 'run', 'dbt_run_models', 'run_dbt_models', 'scheduled__2025-09-09T08:00:00+00:00', '--job-id', '1274', '--raw', '--subdir', 'DAGS_FOLDER/dbt_dag.py', '--cfg-path', '/tmp/tmpk4iddy7l']
[2025-09-09T09:00:01.243+0000] {standard_task_runner.py:91} INFO - Job 1274: Subtask run_dbt_models
[2025-09-09T09:00:01.245+0000] {warnings.py:112} WARNING - /home/airflow/.local/lib/python3.12/site-packages/airflow/task/task_runner/standard_task_runner.py:62: DeprecationWarning: This process (pid=2814) is multi-threaded, use of fork() may lead to deadlocks in the child.
  pid = os.fork()

[2025-09-09T09:00:01.246+0000] {standard_task_runner.py:64} INFO - Started process 2815 to run task
[2025-09-09T09:00:01.264+0000] {warnings.py:112} WARNING - /home/airflow/.local/lib/python3.12/site-packages/airflow/settings.py:195: DeprecationWarning: The sql_alchemy_conn option in [core] has been moved to the sql_alchemy_conn option in [database] - the old setting has been used, but please update your config.
  SQL_ALCHEMY_CONN = conf.get("database", "SQL_ALCHEMY_CONN")

[2025-09-09T09:00:01.316+0000] {task_command.py:426} INFO - Running <TaskInstance: dbt_run_models.run_dbt_models scheduled__2025-09-09T08:00:00+00:00 [running]> on host b5ea13053d47
[2025-09-09T09:00:01.533+0000] {taskinstance.py:2648} INFO - Exporting env vars: AIRFLOW_CTX_DAG_OWNER='airflow' AIRFLOW_CTX_DAG_ID='dbt_run_models' AIRFLOW_CTX_TASK_ID='run_dbt_models' AIRFLOW_CTX_EXECUTION_DATE='2025-09-09T08:00:00+00:00' AIRFLOW_CTX_TRY_NUMBER='1' AIRFLOW_CTX_DAG_RUN_ID='scheduled__2025-09-09T08:00:00+00:00'
[2025-09-09T09:00:01.535+0000] {taskinstance.py:430} INFO - ::endgroup::
[2025-09-09T09:00:01.584+0000] {subprocess.py:63} INFO - Tmp dir root location: /tmp
[2025-09-09T09:00:01.586+0000] {subprocess.py:75} INFO - Running command: ['/usr/bin/bash', '-c', '\n        cd /usr/app &&         dbt run --profiles-dir /usr/app\n        ']
[2025-09-09T09:00:01.615+0000] {subprocess.py:86} INFO - Output:
[2025-09-09T09:00:07.047+0000] {subprocess.py:93} INFO - [0m09:00:07  Running with dbt=1.7.9
[2025-09-09T09:00:07.885+0000] {subprocess.py:93} INFO - [0m09:00:07  Registered adapter: postgres=1.7.9
[2025-09-09T09:00:07.964+0000] {subprocess.py:93} INFO - [0m09:00:07  [[33mWARNING[0m]: Configuration paths exist in your dbt_project.yml file which do not apply to any resources.
[2025-09-09T09:00:07.965+0000] {subprocess.py:93} INFO - There are 1 unused configuration paths:
[2025-09-09T09:00:07.966+0000] {subprocess.py:93} INFO - - models.my_project.sources
[2025-09-09T09:00:08.007+0000] {subprocess.py:93} INFO - [0m09:00:08  Found 8 models, 7 sources, 0 exposures, 0 metrics, 401 macros, 0 groups, 0 semantic models
[2025-09-09T09:00:08.014+0000] {subprocess.py:93} INFO - [0m09:00:08
[2025-09-09T09:00:08.348+0000] {subprocess.py:93} INFO - [0m09:00:08  Concurrency: 4 threads (target='dev')
[2025-09-09T09:00:08.352+0000] {subprocess.py:93} INFO - [0m09:00:08
[2025-09-09T09:00:08.415+0000] {subprocess.py:93} INFO - [0m09:00:08  2 of 8 START sql view model analytics.stg_order_count_year ..................... [RUN]
[2025-09-09T09:00:08.425+0000] {subprocess.py:93} INFO - [0m09:00:08  3 of 8 START sql view model analytics.stg_order_details ........................ [RUN]
[2025-09-09T09:00:08.430+0000] {subprocess.py:93} INFO - [0m09:00:08  4 of 8 START sql view model analytics.stg_orders ............................... [RUN]
[2025-09-09T09:00:08.433+0000] {subprocess.py:93} INFO - [0m09:00:08  1 of 8 START sql view model analytics.stg_AOV .................................. [RUN]
[2025-09-09T09:00:10.453+0000] {subprocess.py:93} INFO - [0m09:00:10  2 of 8 OK created sql view model analytics.stg_order_count_year ................ [[32mCREATE VIEW[0m in 1.99s]
[2025-09-09T09:00:10.462+0000] {subprocess.py:93} INFO - [0m09:00:10  4 of 8 OK created sql view model analytics.stg_orders .......................... [[32mCREATE VIEW[0m in 2.00s]
[2025-09-09T09:00:10.481+0000] {subprocess.py:93} INFO - [0m09:00:10  3 of 8 OK created sql view model analytics.stg_order_details ................... [[32mCREATE VIEW[0m in 2.02s]
[2025-09-09T09:00:10.491+0000] {subprocess.py:93} INFO - [0m09:00:10  1 of 8 OK created sql view model analytics.stg_AOV ............................. [[32mCREATE VIEW[0m in 2.03s]
[2025-09-09T09:00:10.502+0000] {subprocess.py:93} INFO - [0m09:00:10  5 of 8 START sql table model analytics.order_count_year ........................ [RUN]
[2025-09-09T09:00:10.519+0000] {subprocess.py:93} INFO - [0m09:00:10  6 of 8 START sql table model analytics.order_count_year+month_diff ............. [RUN]
[2025-09-09T09:00:10.541+0000] {subprocess.py:93} INFO - [0m09:00:10  7 of 8 START sql table model analytics.orders_summary .......................... [RUN]
[2025-09-09T09:00:10.545+0000] {subprocess.py:93} INFO - [0m09:00:10  8 of 8 START sql table model analytics.AOV_chek ................................ [RUN]
[2025-09-09T09:00:11.721+0000] {subprocess.py:93} INFO - [0m09:00:11  8 of 8 OK created sql table model analytics.AOV_chek ........................... [[32mSELECT 50[0m in 1.16s]
[2025-09-09T09:00:11.811+0000] {subprocess.py:93} INFO - [0m09:00:11  5 of 8 OK created sql table model analytics.order_count_year ................... [[32mSELECT 4[0m in 1.26s]
[2025-09-09T09:00:11.815+0000] {subprocess.py:93} INFO - [0m09:00:11  7 of 8 OK created sql table model analytics.orders_summary ..................... [[32mSELECT 10000[0m in 1.24s]
[2025-09-09T09:00:11.820+0000] {subprocess.py:93} INFO - [0m09:00:11  6 of 8 OK created sql table model analytics.order_count_year+month_diff ........ [[32mSELECT 28[0m in 1.25s]
[2025-09-09T09:00:11.898+0000] {subprocess.py:93} INFO - [0m09:00:11
[2025-09-09T09:00:11.901+0000] {subprocess.py:93} INFO - [0m09:00:11  Finished running 4 view models, 4 table models in 0 hours 0 minutes and 3.88 seconds (3.88s).
[2025-09-09T09:00:11.956+0000] {subprocess.py:93} INFO - [0m09:00:11
[2025-09-09T09:00:11.959+0000] {subprocess.py:93} INFO - [0m09:00:11  [32mCompleted successfully[0m
[2025-09-09T09:00:11.961+0000] {subprocess.py:93} INFO - [0m09:00:11
[2025-09-09T09:00:11.965+0000] {subprocess.py:93} INFO - [0m09:00:11  Done. PASS=8 WARN=0 ERROR=0 SKIP=0 TOTAL=8
[2025-09-09T09:00:22.526+0000] {subprocess.py:97} INFO - Command exited with return code 0
[2025-09-09T09:00:22.527+0000] {taskinstance.py:441} INFO - ::group::Post task execution logs
[2025-09-09T09:00:22.590+0000] {taskinstance.py:1206} INFO - Marking task as SUCCESS. dag_id=dbt_run_models, task_id=run_dbt_models, run_id=scheduled__2025-09-09T08:00:00+00:00, execution_date=20250909T080000, start_date=20250909T090001, end_date=20250909T090022
[2025-09-09T09:00:22.640+0000] {local_task_job_runner.py:243} INFO - Task exited with return code 0
[2025-09-09T09:00:22.688+0000] {taskinstance.py:3503} INFO - 1 downstream tasks scheduled from follow-on schedule check
[2025-09-09T09:00:22.690+0000] {local_task_job_runner.py:222} INFO - ::endgroup::
