[2025-08-28T02:01:00.353+0000] {local_task_job_runner.py:120} INFO - ::group::Pre task execution logs
[2025-08-28T02:01:00.399+0000] {taskinstance.py:2076} INFO - Dependencies all met for dep_context=non-requeueable deps ti=<TaskInstance: import_csv_to_postgres.wait_for_generation manual__2025-08-28T02:00:58.102243+00:00 [queued]>
[2025-08-28T02:01:00.409+0000] {taskinstance.py:2076} INFO - Dependencies all met for dep_context=requeueable deps ti=<TaskInstance: import_csv_to_postgres.wait_for_generation manual__2025-08-28T02:00:58.102243+00:00 [queued]>
[2025-08-28T02:01:00.410+0000] {taskinstance.py:2306} INFO - Starting attempt 1 of 1
[2025-08-28T02:01:00.425+0000] {taskinstance.py:2330} INFO - Executing <Task(ExternalTaskSensor): wait_for_generation> on 2025-08-28 02:00:58.102243+00:00
[2025-08-28T02:01:00.433+0000] {warnings.py:112} WARNING - /home/airflow/.local/lib/python3.12/site-packages/airflow/task/task_runner/standard_task_runner.py:62: DeprecationWarning: This process (pid=1657) is multi-threaded, use of fork() may lead to deadlocks in the child.
  pid = os.fork()

[2025-08-28T02:01:00.434+0000] {standard_task_runner.py:64} INFO - Started process 1659 to run task
[2025-08-28T02:01:00.439+0000] {standard_task_runner.py:90} INFO - Running: ['airflow', 'tasks', 'run', 'import_csv_to_postgres', 'wait_for_generation', 'manual__2025-08-28T02:00:58.102243+00:00', '--job-id', '712', '--raw', '--subdir', 'DAGS_FOLDER/csv_to_postgres_dag.py', '--cfg-path', '/tmp/tmpwohkgzin']
[2025-08-28T02:01:00.444+0000] {standard_task_runner.py:91} INFO - Job 712: Subtask wait_for_generation
[2025-08-28T02:01:00.472+0000] {warnings.py:112} WARNING - /home/airflow/.local/lib/python3.12/site-packages/airflow/settings.py:195: DeprecationWarning: The sql_alchemy_conn option in [core] has been moved to the sql_alchemy_conn option in [database] - the old setting has been used, but please update your config.
  SQL_ALCHEMY_CONN = conf.get("database", "SQL_ALCHEMY_CONN")

[2025-08-28T02:01:00.637+0000] {task_command.py:426} INFO - Running <TaskInstance: import_csv_to_postgres.wait_for_generation manual__2025-08-28T02:00:58.102243+00:00 [running]> on host b5ea13053d47
[2025-08-28T02:01:00.853+0000] {taskinstance.py:2648} INFO - Exporting env vars: AIRFLOW_CTX_DAG_OWNER='airflow' AIRFLOW_CTX_DAG_ID='import_csv_to_postgres' AIRFLOW_CTX_TASK_ID='wait_for_generation' AIRFLOW_CTX_EXECUTION_DATE='2025-08-28T02:00:58.102243+00:00' AIRFLOW_CTX_TRY_NUMBER='1' AIRFLOW_CTX_DAG_RUN_ID='manual__2025-08-28T02:00:58.102243+00:00'
[2025-08-28T02:01:00.855+0000] {taskinstance.py:430} INFO - ::endgroup::
[2025-08-28T02:01:00.905+0000] {baseoperator.py:400} WARNING - ExternalTaskSensor.execute cannot be called outside TaskInstance!
[2025-08-28T02:01:00.928+0000] {external_task.py:274} INFO - Poking for DAG 'daily_generate_orders' on 2025-08-28T02:00:58.102243+00:00 ... 
[2025-08-28T02:01:00.930+0000] {warnings.py:112} WARNING - /home/airflow/.local/lib/python3.12/site-packages/airflow/utils/session.py:79: DeprecationWarning: This method is deprecated and will be removed in future.
  return func(*args, session=session, **kwargs)

[2025-08-28T02:01:00.949+0000] {taskinstance.py:441} INFO - ::group::Post task execution logs
[2025-08-28T02:01:01.003+0000] {taskinstance.py:2865} INFO - Rescheduling task, marking task as UP_FOR_RESCHEDULE
[2025-08-28T02:01:01.051+0000] {local_task_job_runner.py:243} INFO - Task exited with return code 0
[2025-08-28T02:01:01.116+0000] {taskinstance.py:3503} INFO - 0 downstream tasks scheduled from follow-on schedule check
[2025-08-28T02:01:01.130+0000] {local_task_job_runner.py:222} INFO - ::endgroup::
[2025-08-28T02:02:03.084+0000] {local_task_job_runner.py:120} INFO - ::group::Pre task execution logs
[2025-08-28T02:02:03.130+0000] {taskinstance.py:2076} INFO - Dependencies all met for dep_context=non-requeueable deps ti=<TaskInstance: import_csv_to_postgres.wait_for_generation manual__2025-08-28T02:00:58.102243+00:00 [queued]>
[2025-08-28T02:02:03.145+0000] {taskinstance.py:2076} INFO - Dependencies all met for dep_context=requeueable deps ti=<TaskInstance: import_csv_to_postgres.wait_for_generation manual__2025-08-28T02:00:58.102243+00:00 [queued]>
[2025-08-28T02:02:03.146+0000] {taskinstance.py:2306} INFO - Starting attempt 1 of 1
[2025-08-28T02:02:03.172+0000] {taskinstance.py:2330} INFO - Executing <Task(ExternalTaskSensor): wait_for_generation> on 2025-08-28 02:00:58.102243+00:00
[2025-08-28T02:02:03.187+0000] {warnings.py:112} WARNING - /home/airflow/.local/lib/python3.12/site-packages/airflow/task/task_runner/standard_task_runner.py:62: DeprecationWarning: This process (pid=1666) is multi-threaded, use of fork() may lead to deadlocks in the child.
  pid = os.fork()

[2025-08-28T02:02:03.189+0000] {standard_task_runner.py:64} INFO - Started process 1668 to run task
[2025-08-28T02:02:03.189+0000] {standard_task_runner.py:90} INFO - Running: ['airflow', 'tasks', 'run', 'import_csv_to_postgres', 'wait_for_generation', 'manual__2025-08-28T02:00:58.102243+00:00', '--job-id', '715', '--raw', '--subdir', 'DAGS_FOLDER/csv_to_postgres_dag.py', '--cfg-path', '/tmp/tmpqzzwuv44']
[2025-08-28T02:02:03.191+0000] {standard_task_runner.py:91} INFO - Job 715: Subtask wait_for_generation
[2025-08-28T02:02:03.214+0000] {warnings.py:112} WARNING - /home/airflow/.local/lib/python3.12/site-packages/airflow/settings.py:195: DeprecationWarning: The sql_alchemy_conn option in [core] has been moved to the sql_alchemy_conn option in [database] - the old setting has been used, but please update your config.
  SQL_ALCHEMY_CONN = conf.get("database", "SQL_ALCHEMY_CONN")

[2025-08-28T02:02:03.288+0000] {task_command.py:426} INFO - Running <TaskInstance: import_csv_to_postgres.wait_for_generation manual__2025-08-28T02:00:58.102243+00:00 [running]> on host b5ea13053d47
[2025-08-28T02:02:03.438+0000] {taskinstance.py:2648} INFO - Exporting env vars: AIRFLOW_CTX_DAG_OWNER='airflow' AIRFLOW_CTX_DAG_ID='import_csv_to_postgres' AIRFLOW_CTX_TASK_ID='wait_for_generation' AIRFLOW_CTX_EXECUTION_DATE='2025-08-28T02:00:58.102243+00:00' AIRFLOW_CTX_TRY_NUMBER='1' AIRFLOW_CTX_DAG_RUN_ID='manual__2025-08-28T02:00:58.102243+00:00'
[2025-08-28T02:02:03.440+0000] {taskinstance.py:430} INFO - ::endgroup::
[2025-08-28T02:02:03.452+0000] {baseoperator.py:400} WARNING - ExternalTaskSensor.execute cannot be called outside TaskInstance!
[2025-08-28T02:02:03.463+0000] {external_task.py:274} INFO - Poking for DAG 'daily_generate_orders' on 2025-08-28T02:00:58.102243+00:00 ... 
[2025-08-28T02:02:03.463+0000] {warnings.py:112} WARNING - /home/airflow/.local/lib/python3.12/site-packages/airflow/utils/session.py:79: DeprecationWarning: This method is deprecated and will be removed in future.
  return func(*args, session=session, **kwargs)

[2025-08-28T02:02:03.475+0000] {taskinstance.py:441} INFO - ::group::Post task execution logs
[2025-08-28T02:02:03.500+0000] {taskinstance.py:2865} INFO - Rescheduling task, marking task as UP_FOR_RESCHEDULE
[2025-08-28T02:02:03.527+0000] {local_task_job_runner.py:243} INFO - Task exited with return code 0
[2025-08-28T02:02:03.568+0000] {taskinstance.py:3503} INFO - 0 downstream tasks scheduled from follow-on schedule check
[2025-08-28T02:02:03.572+0000] {local_task_job_runner.py:222} INFO - ::endgroup::
[2025-08-28T02:03:05.696+0000] {local_task_job_runner.py:120} INFO - ::group::Pre task execution logs
[2025-08-28T02:03:05.724+0000] {taskinstance.py:2076} INFO - Dependencies all met for dep_context=non-requeueable deps ti=<TaskInstance: import_csv_to_postgres.wait_for_generation manual__2025-08-28T02:00:58.102243+00:00 [queued]>
[2025-08-28T02:03:05.733+0000] {taskinstance.py:2076} INFO - Dependencies all met for dep_context=requeueable deps ti=<TaskInstance: import_csv_to_postgres.wait_for_generation manual__2025-08-28T02:00:58.102243+00:00 [queued]>
[2025-08-28T02:03:05.733+0000] {taskinstance.py:2306} INFO - Starting attempt 1 of 1
[2025-08-28T02:03:05.748+0000] {taskinstance.py:2330} INFO - Executing <Task(ExternalTaskSensor): wait_for_generation> on 2025-08-28 02:00:58.102243+00:00
[2025-08-28T02:03:05.757+0000] {warnings.py:112} WARNING - /home/airflow/.local/lib/python3.12/site-packages/airflow/task/task_runner/standard_task_runner.py:62: DeprecationWarning: This process (pid=1675) is multi-threaded, use of fork() may lead to deadlocks in the child.
  pid = os.fork()

[2025-08-28T02:03:05.758+0000] {standard_task_runner.py:64} INFO - Started process 1677 to run task
[2025-08-28T02:03:05.758+0000] {standard_task_runner.py:90} INFO - Running: ['airflow', 'tasks', 'run', 'import_csv_to_postgres', 'wait_for_generation', 'manual__2025-08-28T02:00:58.102243+00:00', '--job-id', '718', '--raw', '--subdir', 'DAGS_FOLDER/csv_to_postgres_dag.py', '--cfg-path', '/tmp/tmprptlugmf']
[2025-08-28T02:03:05.761+0000] {standard_task_runner.py:91} INFO - Job 718: Subtask wait_for_generation
[2025-08-28T02:03:05.782+0000] {warnings.py:112} WARNING - /home/airflow/.local/lib/python3.12/site-packages/airflow/settings.py:195: DeprecationWarning: The sql_alchemy_conn option in [core] has been moved to the sql_alchemy_conn option in [database] - the old setting has been used, but please update your config.
  SQL_ALCHEMY_CONN = conf.get("database", "SQL_ALCHEMY_CONN")

[2025-08-28T02:03:05.823+0000] {task_command.py:426} INFO - Running <TaskInstance: import_csv_to_postgres.wait_for_generation manual__2025-08-28T02:00:58.102243+00:00 [running]> on host b5ea13053d47
[2025-08-28T02:03:06.006+0000] {taskinstance.py:2648} INFO - Exporting env vars: AIRFLOW_CTX_DAG_OWNER='airflow' AIRFLOW_CTX_DAG_ID='import_csv_to_postgres' AIRFLOW_CTX_TASK_ID='wait_for_generation' AIRFLOW_CTX_EXECUTION_DATE='2025-08-28T02:00:58.102243+00:00' AIRFLOW_CTX_TRY_NUMBER='1' AIRFLOW_CTX_DAG_RUN_ID='manual__2025-08-28T02:00:58.102243+00:00'
[2025-08-28T02:03:06.008+0000] {taskinstance.py:430} INFO - ::endgroup::
[2025-08-28T02:03:06.054+0000] {baseoperator.py:400} WARNING - ExternalTaskSensor.execute cannot be called outside TaskInstance!
[2025-08-28T02:03:06.072+0000] {taskinstance.py:441} INFO - ::group::Post task execution logs
[2025-08-28T02:03:06.073+0000] {taskinstance.py:2905} ERROR - Task failed with exception
Traceback (most recent call last):
  File "/home/airflow/.local/lib/python3.12/site-packages/airflow/models/taskinstance.py", line 465, in _execute_task
    result = _execute_callable(context=context, **execute_callable_kwargs)
             ^^^^^^^^^^^^^^^^^^^^^^^^^^^^^^^^^^^^^^^^^^^^^^^^^^^^^^^^^^^^^
  File "/home/airflow/.local/lib/python3.12/site-packages/airflow/models/taskinstance.py", line 432, in _execute_callable
    return execute_callable(context=context, **execute_callable_kwargs)
           ^^^^^^^^^^^^^^^^^^^^^^^^^^^^^^^^^^^^^^^^^^^^^^^^^^^^^^^^^^^^
  File "/home/airflow/.local/lib/python3.12/site-packages/airflow/models/baseoperator.py", line 401, in wrapper
    return func(self, *args, **kwargs)
           ^^^^^^^^^^^^^^^^^^^^^^^^^^^
  File "/home/airflow/.local/lib/python3.12/site-packages/airflow/sensors/external_task.py", line 348, in execute
    super().execute(context)
  File "/home/airflow/.local/lib/python3.12/site-packages/airflow/models/baseoperator.py", line 401, in wrapper
    return func(self, *args, **kwargs)
           ^^^^^^^^^^^^^^^^^^^^^^^^^^^
  File "/home/airflow/.local/lib/python3.12/site-packages/airflow/sensors/base.py", line 264, in execute
    raise e
  File "/home/airflow/.local/lib/python3.12/site-packages/airflow/sensors/base.py", line 246, in execute
    poke_return = self.poke(context)
                  ^^^^^^^^^^^^^^^^^^
  File "/home/airflow/.local/lib/python3.12/site-packages/airflow/utils/session.py", line 79, in wrapper
    return func(*args, session=session, **kwargs)
           ^^^^^^^^^^^^^^^^^^^^^^^^^^^^^^^^^^^^^^
  File "/home/airflow/.local/lib/python3.12/site-packages/airflow/sensors/external_task.py", line 255, in poke
    serialized_dttm_filter = ",".join(dt.isoformat() for dt in dttm_filter)
                             ^^^^^^^^^^^^^^^^^^^^^^^^^^^^^^^^^^^^^^^^^^^^^^
  File "/home/airflow/.local/lib/python3.12/site-packages/airflow/sensors/external_task.py", line 255, in <genexpr>
    serialized_dttm_filter = ",".join(dt.isoformat() for dt in dttm_filter)
                                      ^^^^^^^^^^^^
AttributeError: 'NoneType' object has no attribute 'isoformat'
[2025-08-28T02:03:06.099+0000] {taskinstance.py:1206} INFO - Marking task as FAILED. dag_id=import_csv_to_postgres, task_id=wait_for_generation, run_id=manual__2025-08-28T02:00:58.102243+00:00, execution_date=20250828T020058, start_date=20250828T020305, end_date=20250828T020306
[2025-08-28T02:03:06.119+0000] {standard_task_runner.py:110} ERROR - Failed to execute job 718 for task wait_for_generation ('NoneType' object has no attribute 'isoformat'; 1677)
[2025-08-28T02:03:06.138+0000] {local_task_job_runner.py:243} INFO - Task exited with return code 1
[2025-08-28T02:03:06.179+0000] {taskinstance.py:3503} INFO - 0 downstream tasks scheduled from follow-on schedule check
[2025-08-28T02:03:06.187+0000] {local_task_job_runner.py:222} INFO - ::endgroup::
