[2025-08-25T11:00:41.111+0000] {local_task_job_runner.py:120} INFO - ::group::Pre task execution logs
[2025-08-25T11:00:41.199+0000] {taskinstance.py:2076} INFO - Dependencies all met for dep_context=non-requeueable deps ti=<TaskInstance: dbt_run_models.run_dbt_models manual__2025-08-25T10:54:43.416717+00:00 [queued]>
[2025-08-25T11:00:41.215+0000] {taskinstance.py:2076} INFO - Dependencies all met for dep_context=requeueable deps ti=<TaskInstance: dbt_run_models.run_dbt_models manual__2025-08-25T10:54:43.416717+00:00 [queued]>
[2025-08-25T11:00:41.216+0000] {taskinstance.py:2306} INFO - Starting attempt 2 of 2
[2025-08-25T11:00:41.236+0000] {taskinstance.py:2330} INFO - Executing <Task(BashOperator): run_dbt_models> on 2025-08-25 10:54:43.416717+00:00
[2025-08-25T11:00:41.249+0000] {warnings.py:112} WARNING - /home/airflow/.local/lib/python3.12/site-packages/airflow/task/task_runner/standard_task_runner.py:62: DeprecationWarning: This process (pid=45) is multi-threaded, use of fork() may lead to deadlocks in the child.
  pid = os.fork()

[2025-08-25T11:00:41.250+0000] {standard_task_runner.py:64} INFO - Started process 46 to run task
[2025-08-25T11:00:41.263+0000] {standard_task_runner.py:90} INFO - Running: ['airflow', 'tasks', 'run', 'dbt_run_models', 'run_dbt_models', 'manual__2025-08-25T10:54:43.416717+00:00', '--job-id', '499', '--raw', '--subdir', 'DAGS_FOLDER/dbt_dag.py', '--cfg-path', '/tmp/tmpa9rjosl1']
[2025-08-25T11:00:41.267+0000] {standard_task_runner.py:91} INFO - Job 499: Subtask run_dbt_models
[2025-08-25T11:00:41.285+0000] {warnings.py:112} WARNING - /home/airflow/.local/lib/python3.12/site-packages/airflow/settings.py:195: DeprecationWarning: The sql_alchemy_conn option in [core] has been moved to the sql_alchemy_conn option in [database] - the old setting has been used, but please update your config.
  SQL_ALCHEMY_CONN = conf.get("database", "SQL_ALCHEMY_CONN")

[2025-08-25T11:00:41.346+0000] {task_command.py:426} INFO - Running <TaskInstance: dbt_run_models.run_dbt_models manual__2025-08-25T10:54:43.416717+00:00 [running]> on host b5ea13053d47
[2025-08-25T11:00:41.524+0000] {taskinstance.py:2648} INFO - Exporting env vars: AIRFLOW_CTX_DAG_OWNER='airflow' AIRFLOW_CTX_DAG_ID='dbt_run_models' AIRFLOW_CTX_TASK_ID='run_dbt_models' AIRFLOW_CTX_EXECUTION_DATE='2025-08-25T10:54:43.416717+00:00' AIRFLOW_CTX_TRY_NUMBER='2' AIRFLOW_CTX_DAG_RUN_ID='manual__2025-08-25T10:54:43.416717+00:00'
[2025-08-25T11:00:41.525+0000] {taskinstance.py:430} INFO - ::endgroup::
[2025-08-25T11:00:41.616+0000] {subprocess.py:63} INFO - Tmp dir root location: /tmp
[2025-08-25T11:00:41.617+0000] {subprocess.py:75} INFO - Running command: ['/usr/bin/bash', '-c', '\n        cd /usr/app &&         dbt run --profiles-dir /usr/app\n        ']
[2025-08-25T11:00:41.646+0000] {subprocess.py:86} INFO - Output:
[2025-08-25T11:00:49.409+0000] {subprocess.py:93} INFO - [0m11:00:49  Running with dbt=1.7.9
[2025-08-25T11:00:50.499+0000] {subprocess.py:93} INFO - [0m11:00:50  Registered adapter: postgres=1.7.9
[2025-08-25T11:00:50.567+0000] {subprocess.py:93} INFO - [0m11:00:50  Unable to do partial parsing because profile has changed
[2025-08-25T11:00:53.527+0000] {subprocess.py:93} INFO - [0m11:00:53  [[33mWARNING[0m]: Configuration paths exist in your dbt_project.yml file which do not apply to any resources.
[2025-08-25T11:00:53.528+0000] {subprocess.py:93} INFO - There are 1 unused configuration paths:
[2025-08-25T11:00:53.528+0000] {subprocess.py:93} INFO - - models.my_project.sources
[2025-08-25T11:00:53.609+0000] {subprocess.py:93} INFO - [0m11:00:53  Found 3 models, 3 sources, 0 exposures, 0 metrics, 401 macros, 0 groups, 0 semantic models
[2025-08-25T11:00:53.609+0000] {subprocess.py:93} INFO - [0m11:00:53
[2025-08-25T11:00:53.901+0000] {subprocess.py:93} INFO - [0m11:00:53  Concurrency: 4 threads (target='dev')
[2025-08-25T11:00:53.903+0000] {subprocess.py:93} INFO - [0m11:00:53
[2025-08-25T11:00:53.978+0000] {subprocess.py:93} INFO - [0m11:00:53  1 of 3 START sql view model analytics.stg_order_details ........................ [RUN]
[2025-08-25T11:00:53.988+0000] {subprocess.py:93} INFO - [0m11:00:53  2 of 3 START sql view model analytics.stg_orders ............................... [RUN]
[2025-08-25T11:00:54.675+0000] {subprocess.py:93} INFO - [0m11:00:54  2 of 3 OK created sql view model analytics.stg_orders .......................... [[32mCREATE VIEW[0m in 0.69s]
[2025-08-25T11:00:54.689+0000] {subprocess.py:93} INFO - [0m11:00:54  1 of 3 OK created sql view model analytics.stg_order_details ................... [[32mCREATE VIEW[0m in 0.71s]
[2025-08-25T11:00:54.708+0000] {subprocess.py:93} INFO - [0m11:00:54  3 of 3 START sql table model analytics.orders_summary .......................... [RUN]
[2025-08-25T11:02:33.475+0000] {subprocess.py:93} INFO - [0m11:02:33  3 of 3 OK created sql table model analytics.orders_summary ..................... [[32mSELECT 10000[0m in 98.76s]
[2025-08-25T11:02:33.500+0000] {subprocess.py:93} INFO - [0m11:02:33
[2025-08-25T11:02:33.501+0000] {subprocess.py:93} INFO - [0m11:02:33  Finished running 2 view models, 1 table model in 0 hours 1 minutes and 39.89 seconds (99.89s).
[2025-08-25T11:02:33.523+0000] {subprocess.py:93} INFO - [0m11:02:33
[2025-08-25T11:02:33.531+0000] {subprocess.py:93} INFO - [0m11:02:33  [32mCompleted successfully[0m
[2025-08-25T11:02:33.534+0000] {subprocess.py:93} INFO - [0m11:02:33
[2025-08-25T11:02:33.536+0000] {subprocess.py:93} INFO - [0m11:02:33  Done. PASS=3 WARN=0 ERROR=0 SKIP=0 TOTAL=3
[2025-08-25T11:02:34.968+0000] {subprocess.py:97} INFO - Command exited with return code 0
[2025-08-25T11:02:34.969+0000] {taskinstance.py:441} INFO - ::group::Post task execution logs
[2025-08-25T11:02:35.055+0000] {taskinstance.py:1206} INFO - Marking task as SUCCESS. dag_id=dbt_run_models, task_id=run_dbt_models, run_id=manual__2025-08-25T10:54:43.416717+00:00, execution_date=20250825T105443, start_date=20250825T110041, end_date=20250825T110235
[2025-08-25T11:02:35.102+0000] {local_task_job_runner.py:243} INFO - Task exited with return code 0
[2025-08-25T11:02:35.150+0000] {taskinstance.py:3503} INFO - 1 downstream tasks scheduled from follow-on schedule check
[2025-08-25T11:02:35.156+0000] {local_task_job_runner.py:222} INFO - ::endgroup::
