[2025-09-09T05:00:01.883+0000] {local_task_job_runner.py:120} INFO - ::group::Pre task execution logs
[2025-09-09T05:00:01.950+0000] {taskinstance.py:2076} INFO - Dependencies all met for dep_context=non-requeueable deps ti=<TaskInstance: dbt_run_models.run_dbt_models scheduled__2025-09-09T04:00:00+00:00 [queued]>
[2025-09-09T05:00:01.971+0000] {taskinstance.py:2076} INFO - Dependencies all met for dep_context=requeueable deps ti=<TaskInstance: dbt_run_models.run_dbt_models scheduled__2025-09-09T04:00:00+00:00 [queued]>
[2025-09-09T05:00:01.972+0000] {taskinstance.py:2306} INFO - Starting attempt 1 of 2
[2025-09-09T05:00:02.013+0000] {taskinstance.py:2330} INFO - Executing <Task(BashOperator): run_dbt_models> on 2025-09-09 04:00:00+00:00
[2025-09-09T05:00:02.022+0000] {warnings.py:112} WARNING - /home/airflow/.local/lib/python3.12/site-packages/airflow/task/task_runner/standard_task_runner.py:62: DeprecationWarning: This process (pid=2732) is multi-threaded, use of fork() may lead to deadlocks in the child.
  pid = os.fork()

[2025-09-09T05:00:02.023+0000] {standard_task_runner.py:90} INFO - Running: ['airflow', 'tasks', 'run', 'dbt_run_models', 'run_dbt_models', 'scheduled__2025-09-09T04:00:00+00:00', '--job-id', '1264', '--raw', '--subdir', 'DAGS_FOLDER/dbt_dag.py', '--cfg-path', '/tmp/tmpxuc83084']
[2025-09-09T05:00:02.023+0000] {standard_task_runner.py:64} INFO - Started process 2733 to run task
[2025-09-09T05:00:02.024+0000] {standard_task_runner.py:91} INFO - Job 1264: Subtask run_dbt_models
[2025-09-09T05:00:02.039+0000] {warnings.py:112} WARNING - /home/airflow/.local/lib/python3.12/site-packages/airflow/settings.py:195: DeprecationWarning: The sql_alchemy_conn option in [core] has been moved to the sql_alchemy_conn option in [database] - the old setting has been used, but please update your config.
  SQL_ALCHEMY_CONN = conf.get("database", "SQL_ALCHEMY_CONN")

[2025-09-09T05:00:02.102+0000] {task_command.py:426} INFO - Running <TaskInstance: dbt_run_models.run_dbt_models scheduled__2025-09-09T04:00:00+00:00 [running]> on host b5ea13053d47
[2025-09-09T05:00:02.245+0000] {taskinstance.py:2648} INFO - Exporting env vars: AIRFLOW_CTX_DAG_OWNER='airflow' AIRFLOW_CTX_DAG_ID='dbt_run_models' AIRFLOW_CTX_TASK_ID='run_dbt_models' AIRFLOW_CTX_EXECUTION_DATE='2025-09-09T04:00:00+00:00' AIRFLOW_CTX_TRY_NUMBER='1' AIRFLOW_CTX_DAG_RUN_ID='scheduled__2025-09-09T04:00:00+00:00'
[2025-09-09T05:00:02.245+0000] {taskinstance.py:430} INFO - ::endgroup::
[2025-09-09T05:00:02.262+0000] {subprocess.py:63} INFO - Tmp dir root location: /tmp
[2025-09-09T05:00:02.263+0000] {subprocess.py:75} INFO - Running command: ['/usr/bin/bash', '-c', '\n        cd /usr/app &&         dbt run --profiles-dir /usr/app\n        ']
[2025-09-09T05:00:02.280+0000] {subprocess.py:86} INFO - Output:
[2025-09-09T05:00:05.659+0000] {subprocess.py:93} INFO - [0m05:00:05  Running with dbt=1.7.9
[2025-09-09T05:00:06.047+0000] {subprocess.py:93} INFO - [0m05:00:06  Registered adapter: postgres=1.7.9
[2025-09-09T05:00:06.112+0000] {subprocess.py:93} INFO - [0m05:00:06  [[33mWARNING[0m]: Configuration paths exist in your dbt_project.yml file which do not apply to any resources.
[2025-09-09T05:00:06.113+0000] {subprocess.py:93} INFO - There are 1 unused configuration paths:
[2025-09-09T05:00:06.114+0000] {subprocess.py:93} INFO - - models.my_project.sources
[2025-09-09T05:00:06.138+0000] {subprocess.py:93} INFO - [0m05:00:06  Found 8 models, 7 sources, 0 exposures, 0 metrics, 401 macros, 0 groups, 0 semantic models
[2025-09-09T05:00:06.141+0000] {subprocess.py:93} INFO - [0m05:00:06
[2025-09-09T05:00:06.407+0000] {subprocess.py:93} INFO - [0m05:00:06  Concurrency: 4 threads (target='dev')
[2025-09-09T05:00:06.407+0000] {subprocess.py:93} INFO - [0m05:00:06
[2025-09-09T05:00:06.428+0000] {subprocess.py:93} INFO - [0m05:00:06  1 of 8 START sql view model analytics.stg_AOV .................................. [RUN]
[2025-09-09T05:00:06.431+0000] {subprocess.py:93} INFO - [0m05:00:06  2 of 8 START sql view model analytics.stg_order_count_year ..................... [RUN]
[2025-09-09T05:00:06.440+0000] {subprocess.py:93} INFO - [0m05:00:06  3 of 8 START sql view model analytics.stg_order_details ........................ [RUN]
[2025-09-09T05:00:06.444+0000] {subprocess.py:93} INFO - [0m05:00:06  4 of 8 START sql view model analytics.stg_orders ............................... [RUN]
[2025-09-09T05:00:07.188+0000] {subprocess.py:93} INFO - [0m05:00:07  3 of 8 OK created sql view model analytics.stg_order_details ................... [[32mCREATE VIEW[0m in 0.73s]
[2025-09-09T05:00:07.193+0000] {subprocess.py:93} INFO - [0m05:00:07  4 of 8 OK created sql view model analytics.stg_orders .......................... [[32mCREATE VIEW[0m in 0.72s]
[2025-09-09T05:00:07.196+0000] {subprocess.py:93} INFO - [0m05:00:07  2 of 8 OK created sql view model analytics.stg_order_count_year ................ [[32mCREATE VIEW[0m in 0.74s]
[2025-09-09T05:00:07.196+0000] {subprocess.py:93} INFO - [0m05:00:07  1 of 8 OK created sql view model analytics.stg_AOV ............................. [[32mCREATE VIEW[0m in 0.75s]
[2025-09-09T05:00:07.202+0000] {subprocess.py:93} INFO - [0m05:00:07  5 of 8 START sql table model analytics.orders_summary .......................... [RUN]
[2025-09-09T05:00:07.206+0000] {subprocess.py:93} INFO - [0m05:00:07  6 of 8 START sql table model analytics.order_count_year ........................ [RUN]
[2025-09-09T05:00:07.215+0000] {subprocess.py:93} INFO - [0m05:00:07  7 of 8 START sql table model analytics.order_count_year+month_diff ............. [RUN]
[2025-09-09T05:00:07.218+0000] {subprocess.py:93} INFO - [0m05:00:07  8 of 8 START sql table model analytics.AOV_chek ................................ [RUN]
[2025-09-09T05:00:07.728+0000] {subprocess.py:93} INFO - [0m05:00:07  8 of 8 OK created sql table model analytics.AOV_chek ........................... [[32mSELECT 50[0m in 0.48s]
[2025-09-09T05:00:07.731+0000] {subprocess.py:93} INFO - [0m05:00:07  6 of 8 OK created sql table model analytics.order_count_year ................... [[32mSELECT 4[0m in 0.50s]
[2025-09-09T05:00:07.734+0000] {subprocess.py:93} INFO - [0m05:00:07  5 of 8 OK created sql table model analytics.orders_summary ..................... [[32mSELECT 10000[0m in 0.52s]
[2025-09-09T05:00:07.735+0000] {subprocess.py:93} INFO - [0m05:00:07  7 of 8 OK created sql table model analytics.order_count_year+month_diff ........ [[32mSELECT 28[0m in 0.49s]
[2025-09-09T05:00:07.774+0000] {subprocess.py:93} INFO - [0m05:00:07
[2025-09-09T05:00:07.774+0000] {subprocess.py:93} INFO - [0m05:00:07  Finished running 4 view models, 4 table models in 0 hours 0 minutes and 1.63 seconds (1.63s).
[2025-09-09T05:00:07.791+0000] {subprocess.py:93} INFO - [0m05:00:07
[2025-09-09T05:00:07.791+0000] {subprocess.py:93} INFO - [0m05:00:07  [32mCompleted successfully[0m
[2025-09-09T05:00:07.792+0000] {subprocess.py:93} INFO - [0m05:00:07
[2025-09-09T05:00:07.792+0000] {subprocess.py:93} INFO - [0m05:00:07  Done. PASS=8 WARN=0 ERROR=0 SKIP=0 TOTAL=8
[2025-09-09T05:00:18.191+0000] {subprocess.py:97} INFO - Command exited with return code 0
[2025-09-09T05:00:18.192+0000] {taskinstance.py:441} INFO - ::group::Post task execution logs
[2025-09-09T05:00:18.251+0000] {taskinstance.py:1206} INFO - Marking task as SUCCESS. dag_id=dbt_run_models, task_id=run_dbt_models, run_id=scheduled__2025-09-09T04:00:00+00:00, execution_date=20250909T040000, start_date=20250909T050001, end_date=20250909T050018
[2025-09-09T05:00:18.337+0000] {local_task_job_runner.py:243} INFO - Task exited with return code 0
[2025-09-09T05:00:18.381+0000] {taskinstance.py:3503} INFO - 1 downstream tasks scheduled from follow-on schedule check
[2025-09-09T05:00:18.385+0000] {local_task_job_runner.py:222} INFO - ::endgroup::
