[2025-08-25T08:08:29.468+0000] {local_task_job_runner.py:120} INFO - ::group::Pre task execution logs
[2025-08-25T08:08:29.500+0000] {taskinstance.py:2076} INFO - Dependencies all met for dep_context=non-requeueable deps ti=<TaskInstance: dbt_run_models.run_dbt_models manual__2025-08-25T08:03:17.229894+00:00 [queued]>
[2025-08-25T08:08:29.510+0000] {taskinstance.py:2076} INFO - Dependencies all met for dep_context=requeueable deps ti=<TaskInstance: dbt_run_models.run_dbt_models manual__2025-08-25T08:03:17.229894+00:00 [queued]>
[2025-08-25T08:08:29.511+0000] {taskinstance.py:2306} INFO - Starting attempt 2 of 2
[2025-08-25T08:08:29.532+0000] {taskinstance.py:2330} INFO - Executing <Task(BashOperator): run_dbt_models> on 2025-08-25 08:03:17.229894+00:00
[2025-08-25T08:08:29.542+0000] {warnings.py:112} WARNING - /home/airflow/.local/lib/python3.12/site-packages/airflow/task/task_runner/standard_task_runner.py:62: DeprecationWarning: This process (pid=55) is multi-threaded, use of fork() may lead to deadlocks in the child.
  pid = os.fork()

[2025-08-25T08:08:29.543+0000] {standard_task_runner.py:64} INFO - Started process 56 to run task
[2025-08-25T08:08:29.548+0000] {standard_task_runner.py:90} INFO - Running: ['airflow', 'tasks', 'run', 'dbt_run_models', 'run_dbt_models', 'manual__2025-08-25T08:03:17.229894+00:00', '--job-id', '419', '--raw', '--subdir', 'DAGS_FOLDER/dbt_dag.py', '--cfg-path', '/tmp/tmpbyqsa6se']
[2025-08-25T08:08:29.549+0000] {standard_task_runner.py:91} INFO - Job 419: Subtask run_dbt_models
[2025-08-25T08:08:29.566+0000] {warnings.py:112} WARNING - /home/airflow/.local/lib/python3.12/site-packages/airflow/settings.py:195: DeprecationWarning: The sql_alchemy_conn option in [core] has been moved to the sql_alchemy_conn option in [database] - the old setting has been used, but please update your config.
  SQL_ALCHEMY_CONN = conf.get("database", "SQL_ALCHEMY_CONN")

[2025-08-25T08:08:29.609+0000] {task_command.py:426} INFO - Running <TaskInstance: dbt_run_models.run_dbt_models manual__2025-08-25T08:03:17.229894+00:00 [running]> on host b71dcd990cf2
[2025-08-25T08:08:29.729+0000] {taskinstance.py:2648} INFO - Exporting env vars: AIRFLOW_CTX_DAG_OWNER='airflow' AIRFLOW_CTX_DAG_ID='dbt_run_models' AIRFLOW_CTX_TASK_ID='run_dbt_models' AIRFLOW_CTX_EXECUTION_DATE='2025-08-25T08:03:17.229894+00:00' AIRFLOW_CTX_TRY_NUMBER='2' AIRFLOW_CTX_DAG_RUN_ID='manual__2025-08-25T08:03:17.229894+00:00'
[2025-08-25T08:08:29.730+0000] {taskinstance.py:430} INFO - ::endgroup::
[2025-08-25T08:08:29.763+0000] {subprocess.py:63} INFO - Tmp dir root location: /tmp
[2025-08-25T08:08:29.764+0000] {subprocess.py:75} INFO - Running command: ['/usr/bin/bash', '-c', '\n        cd /usr/app &&         dbt run --profiles-dir /usr/app\n        ']
[2025-08-25T08:08:29.780+0000] {subprocess.py:86} INFO - Output:
[2025-08-25T08:08:34.643+0000] {subprocess.py:93} INFO - [0m08:08:34  Encountered an error:
[2025-08-25T08:08:34.644+0000] {subprocess.py:93} INFO - [Errno 13] Permission denied: '/usr/app/logs/dbt.log'
[2025-08-25T08:08:34.646+0000] {subprocess.py:93} INFO - [0m08:08:34  Traceback (most recent call last):
[2025-08-25T08:08:34.647+0000] {subprocess.py:93} INFO -   File "/home/airflow/.local/lib/python3.12/site-packages/dbt/cli/requires.py", line 91, in wrapper
[2025-08-25T08:08:34.647+0000] {subprocess.py:93} INFO -     result, success = func(*args, **kwargs)
[2025-08-25T08:08:34.647+0000] {subprocess.py:93} INFO -                       ^^^^^^^^^^^^^^^^^^^^^
[2025-08-25T08:08:34.647+0000] {subprocess.py:93} INFO -   File "/home/airflow/.local/lib/python3.12/site-packages/dbt/cli/requires.py", line 52, in wrapper
[2025-08-25T08:08:34.647+0000] {subprocess.py:93} INFO -     setup_event_logger(flags=flags, callbacks=callbacks)
[2025-08-25T08:08:34.647+0000] {subprocess.py:93} INFO -   File "/home/airflow/.local/lib/python3.12/site-packages/dbt/events/functions.py", line 70, in setup_event_logger
[2025-08-25T08:08:34.648+0000] {subprocess.py:93} INFO -     EVENT_MANAGER.add_logger(
[2025-08-25T08:08:34.648+0000] {subprocess.py:93} INFO -   File "/home/airflow/.local/lib/python3.12/site-packages/dbt/events/eventmgr.py", line 37, in add_logger
[2025-08-25T08:08:34.648+0000] {subprocess.py:93} INFO -     _JsonLogger(config) if config.line_format == LineFormat.Json else _TextLogger(config)
[2025-08-25T08:08:34.648+0000] {subprocess.py:93} INFO -                                                                       ^^^^^^^^^^^^^^^^^^^
[2025-08-25T08:08:34.648+0000] {subprocess.py:93} INFO -   File "/home/airflow/.local/lib/python3.12/site-packages/dbt/events/logger.py", line 133, in __init__
[2025-08-25T08:08:34.649+0000] {subprocess.py:93} INFO -     super().__init__(config)
[2025-08-25T08:08:34.649+0000] {subprocess.py:93} INFO -   File "/home/airflow/.local/lib/python3.12/site-packages/dbt/events/logger.py", line 100, in __init__
[2025-08-25T08:08:34.649+0000] {subprocess.py:93} INFO -     file_handler = RotatingFileHandler(
[2025-08-25T08:08:34.649+0000] {subprocess.py:93} INFO -                    ^^^^^^^^^^^^^^^^^^^^
[2025-08-25T08:08:34.649+0000] {subprocess.py:93} INFO -   File "/usr/local/lib/python3.12/logging/handlers.py", line 155, in __init__
[2025-08-25T08:08:34.649+0000] {subprocess.py:93} INFO -     BaseRotatingHandler.__init__(self, filename, mode, encoding=encoding,
[2025-08-25T08:08:34.649+0000] {subprocess.py:93} INFO -   File "/usr/local/lib/python3.12/logging/handlers.py", line 58, in __init__
[2025-08-25T08:08:34.650+0000] {subprocess.py:93} INFO -     logging.FileHandler.__init__(self, filename, mode=mode,
[2025-08-25T08:08:34.650+0000] {subprocess.py:93} INFO -   File "/usr/local/lib/python3.12/logging/__init__.py", line 1231, in __init__
[2025-08-25T08:08:34.650+0000] {subprocess.py:93} INFO -     StreamHandler.__init__(self, self._open())
[2025-08-25T08:08:34.650+0000] {subprocess.py:93} INFO -                                  ^^^^^^^^^^^^
[2025-08-25T08:08:34.650+0000] {subprocess.py:93} INFO -   File "/usr/local/lib/python3.12/logging/__init__.py", line 1263, in _open
[2025-08-25T08:08:34.650+0000] {subprocess.py:93} INFO -     return open_func(self.baseFilename, self.mode,
[2025-08-25T08:08:34.650+0000] {subprocess.py:93} INFO -            ^^^^^^^^^^^^^^^^^^^^^^^^^^^^^^^^^^^^^^^
[2025-08-25T08:08:34.651+0000] {subprocess.py:93} INFO - PermissionError: [Errno 13] Permission denied: '/usr/app/logs/dbt.log'
[2025-08-25T08:08:34.651+0000] {subprocess.py:93} INFO - 
[2025-08-25T08:08:35.074+0000] {subprocess.py:97} INFO - Command exited with return code 2
[2025-08-25T08:08:35.076+0000] {taskinstance.py:441} INFO - ::group::Post task execution logs
[2025-08-25T08:08:35.102+0000] {taskinstance.py:2905} ERROR - Task failed with exception
Traceback (most recent call last):
  File "/home/airflow/.local/lib/python3.12/site-packages/airflow/models/taskinstance.py", line 465, in _execute_task
    result = _execute_callable(context=context, **execute_callable_kwargs)
             ^^^^^^^^^^^^^^^^^^^^^^^^^^^^^^^^^^^^^^^^^^^^^^^^^^^^^^^^^^^^^
  File "/home/airflow/.local/lib/python3.12/site-packages/airflow/models/taskinstance.py", line 432, in _execute_callable
    return execute_callable(context=context, **execute_callable_kwargs)
           ^^^^^^^^^^^^^^^^^^^^^^^^^^^^^^^^^^^^^^^^^^^^^^^^^^^^^^^^^^^^
  File "/home/airflow/.local/lib/python3.12/site-packages/airflow/models/baseoperator.py", line 401, in wrapper
    return func(self, *args, **kwargs)
           ^^^^^^^^^^^^^^^^^^^^^^^^^^^
  File "/home/airflow/.local/lib/python3.12/site-packages/airflow/operators/bash.py", line 243, in execute
    raise AirflowException(
airflow.exceptions.AirflowException: Bash command failed. The command returned a non-zero exit code 2.
[2025-08-25T08:08:35.120+0000] {taskinstance.py:1206} INFO - Marking task as FAILED. dag_id=dbt_run_models, task_id=run_dbt_models, run_id=manual__2025-08-25T08:03:17.229894+00:00, execution_date=20250825T080317, start_date=20250825T080829, end_date=20250825T080835
[2025-08-25T08:08:35.143+0000] {standard_task_runner.py:110} ERROR - Failed to execute job 419 for task run_dbt_models (Bash command failed. The command returned a non-zero exit code 2.; 56)
[2025-08-25T08:08:35.190+0000] {local_task_job_runner.py:243} INFO - Task exited with return code 1
[2025-08-25T08:08:35.235+0000] {taskinstance.py:3503} INFO - 0 downstream tasks scheduled from follow-on schedule check
[2025-08-25T08:08:35.241+0000] {local_task_job_runner.py:222} INFO - ::endgroup::
