[2025-09-10T03:00:01.658+0000] {local_task_job_runner.py:120} INFO - ::group::Pre task execution logs
[2025-09-10T03:00:01.715+0000] {taskinstance.py:2076} INFO - Dependencies all met for dep_context=non-requeueable deps ti=<TaskInstance: dbt_run_models.run_dbt_models scheduled__2025-09-10T02:00:00+00:00 [queued]>
[2025-09-10T03:00:01.731+0000] {taskinstance.py:2076} INFO - Dependencies all met for dep_context=requeueable deps ti=<TaskInstance: dbt_run_models.run_dbt_models scheduled__2025-09-10T02:00:00+00:00 [queued]>
[2025-09-10T03:00:01.731+0000] {taskinstance.py:2306} INFO - Starting attempt 1 of 2
[2025-09-10T03:00:01.764+0000] {taskinstance.py:2330} INFO - Executing <Task(BashOperator): run_dbt_models> on 2025-09-10 02:00:00+00:00
[2025-09-10T03:00:01.773+0000] {warnings.py:112} WARNING - /home/airflow/.local/lib/python3.12/site-packages/airflow/task/task_runner/standard_task_runner.py:62: DeprecationWarning: This process (pid=3445) is multi-threaded, use of fork() may lead to deadlocks in the child.
  pid = os.fork()

[2025-09-10T03:00:01.774+0000] {standard_task_runner.py:64} INFO - Started process 3446 to run task
[2025-09-10T03:00:01.775+0000] {standard_task_runner.py:90} INFO - Running: ['airflow', 'tasks', 'run', 'dbt_run_models', 'run_dbt_models', 'scheduled__2025-09-10T02:00:00+00:00', '--job-id', '1327', '--raw', '--subdir', 'DAGS_FOLDER/dbt_dag.py', '--cfg-path', '/tmp/tmpq5kbsc8t']
[2025-09-10T03:00:01.776+0000] {standard_task_runner.py:91} INFO - Job 1327: Subtask run_dbt_models
[2025-09-10T03:00:01.794+0000] {warnings.py:112} WARNING - /home/airflow/.local/lib/python3.12/site-packages/airflow/settings.py:195: DeprecationWarning: The sql_alchemy_conn option in [core] has been moved to the sql_alchemy_conn option in [database] - the old setting has been used, but please update your config.
  SQL_ALCHEMY_CONN = conf.get("database", "SQL_ALCHEMY_CONN")

[2025-09-10T03:00:01.870+0000] {task_command.py:426} INFO - Running <TaskInstance: dbt_run_models.run_dbt_models scheduled__2025-09-10T02:00:00+00:00 [running]> on host b5ea13053d47
[2025-09-10T03:00:02.111+0000] {taskinstance.py:2648} INFO - Exporting env vars: AIRFLOW_CTX_DAG_OWNER='airflow' AIRFLOW_CTX_DAG_ID='dbt_run_models' AIRFLOW_CTX_TASK_ID='run_dbt_models' AIRFLOW_CTX_EXECUTION_DATE='2025-09-10T02:00:00+00:00' AIRFLOW_CTX_TRY_NUMBER='1' AIRFLOW_CTX_DAG_RUN_ID='scheduled__2025-09-10T02:00:00+00:00'
[2025-09-10T03:00:02.112+0000] {taskinstance.py:430} INFO - ::endgroup::
[2025-09-10T03:00:02.136+0000] {subprocess.py:63} INFO - Tmp dir root location: /tmp
[2025-09-10T03:00:02.137+0000] {subprocess.py:75} INFO - Running command: ['/usr/bin/bash', '-c', '\n        cd /usr/app &&         dbt run --profiles-dir /usr/app\n        ']
[2025-09-10T03:00:02.152+0000] {subprocess.py:86} INFO - Output:
[2025-09-10T03:00:06.132+0000] {subprocess.py:93} INFO - [0m03:00:06  Running with dbt=1.7.9
[2025-09-10T03:00:06.514+0000] {subprocess.py:93} INFO - [0m03:00:06  Registered adapter: postgres=1.7.9
[2025-09-10T03:00:06.562+0000] {subprocess.py:93} INFO - [0m03:00:06  [[33mWARNING[0m]: Configuration paths exist in your dbt_project.yml file which do not apply to any resources.
[2025-09-10T03:00:06.563+0000] {subprocess.py:93} INFO - There are 1 unused configuration paths:
[2025-09-10T03:00:06.563+0000] {subprocess.py:93} INFO - - models.my_project.sources
[2025-09-10T03:00:06.590+0000] {subprocess.py:93} INFO - [0m03:00:06  Found 15 models, 7 sources, 0 exposures, 0 metrics, 401 macros, 0 groups, 0 semantic models
[2025-09-10T03:00:06.594+0000] {subprocess.py:93} INFO - [0m03:00:06
[2025-09-10T03:00:06.905+0000] {subprocess.py:93} INFO - [0m03:00:06  Concurrency: 4 threads (target='dev')
[2025-09-10T03:00:06.906+0000] {subprocess.py:93} INFO - [0m03:00:06
[2025-09-10T03:00:06.929+0000] {subprocess.py:93} INFO - [0m03:00:06  1 of 15 START sql view model analytics.stg_AOV ................................. [RUN]
[2025-09-10T03:00:06.933+0000] {subprocess.py:93} INFO - [0m03:00:06  2 of 15 START sql view model analytics.stg_order_count_year .................... [RUN]
[2025-09-10T03:00:06.935+0000] {subprocess.py:93} INFO - [0m03:00:06  3 of 15 START sql view model analytics.stg_order_details ....................... [RUN]
[2025-09-10T03:00:06.940+0000] {subprocess.py:93} INFO - [0m03:00:06  4 of 15 START sql view model analytics.stg_order_items ......................... [RUN]
[2025-09-10T03:00:07.449+0000] {subprocess.py:93} INFO - [0m03:00:07  1 of 15 OK created sql view model analytics.stg_AOV ............................ [[32mCREATE VIEW[0m in 0.50s]
[2025-09-10T03:00:07.478+0000] {subprocess.py:93} INFO - [0m03:00:07  2 of 15 OK created sql view model analytics.stg_order_count_year ............... [[32mCREATE VIEW[0m in 0.52s]
[2025-09-10T03:00:07.483+0000] {subprocess.py:93} INFO - [0m03:00:07  3 of 15 OK created sql view model analytics.stg_order_details .................. [[32mCREATE VIEW[0m in 0.54s]
[2025-09-10T03:00:07.496+0000] {subprocess.py:93} INFO - [0m03:00:07  4 of 15 OK created sql view model analytics.stg_order_items .................... [[32mCREATE VIEW[0m in 0.55s]
[2025-09-10T03:00:07.496+0000] {subprocess.py:93} INFO - [0m03:00:07  5 of 15 START sql view model analytics.stg_orders .............................. [RUN]
[2025-09-10T03:00:07.501+0000] {subprocess.py:93} INFO - [0m03:00:07  6 of 15 START sql view model analytics.stg_payments ............................ [RUN]
[2025-09-10T03:00:07.507+0000] {subprocess.py:93} INFO - [0m03:00:07  7 of 15 START sql view model analytics.stg_products ............................ [RUN]
[2025-09-10T03:00:07.526+0000] {subprocess.py:93} INFO - [0m03:00:07  8 of 15 START sql table model analytics.AOV_chek ............................... [RUN]
[2025-09-10T03:00:08.062+0000] {subprocess.py:93} INFO - [0m03:00:08  5 of 15 OK created sql view model analytics.stg_orders ......................... [[32mCREATE VIEW[0m in 0.55s]
[2025-09-10T03:00:08.080+0000] {subprocess.py:93} INFO - [0m03:00:08  9 of 15 START sql table model analytics.order_count_year ....................... [RUN]
[2025-09-10T03:00:08.126+0000] {subprocess.py:93} INFO - [0m03:00:08  6 of 15 OK created sql view model analytics.stg_payments ....................... [[32mCREATE VIEW[0m in 0.62s]
[2025-09-10T03:00:08.142+0000] {subprocess.py:93} INFO - [0m03:00:08  7 of 15 OK created sql view model analytics.stg_products ....................... [[32mCREATE VIEW[0m in 0.60s]
[2025-09-10T03:00:08.145+0000] {subprocess.py:93} INFO - [0m03:00:08  10 of 15 START sql table model analytics.order_count_year+month_diff ........... [RUN]
[2025-09-10T03:00:08.148+0000] {subprocess.py:93} INFO - [0m03:00:08  8 of 15 OK created sql table model analytics.AOV_chek .......................... [[32mSELECT 50[0m in 0.55s]
[2025-09-10T03:00:08.173+0000] {subprocess.py:93} INFO - [0m03:00:08  11 of 15 START sql table model analytics.orders_summary ........................ [RUN]
[2025-09-10T03:00:08.192+0000] {subprocess.py:93} INFO - [0m03:00:08  12 of 15 START sql table model analytics.AVG_AOV_chek .......................... [RUN]
[2025-09-10T03:00:08.586+0000] {subprocess.py:93} INFO - [0m03:00:08  9 of 15 OK created sql table model analytics.order_count_year .................. [[32mSELECT 4[0m in 0.46s]
[2025-09-10T03:00:08.629+0000] {subprocess.py:93} INFO - [0m03:00:08  10 of 15 OK created sql table model analytics.order_count_year+month_diff ...... [[32mSELECT 28[0m in 0.47s]
[2025-09-10T03:00:08.632+0000] {subprocess.py:93} INFO - [0m03:00:08  13 of 15 START sql table model analytics.AOV_EBITDA_COUNT ...................... [RUN]
[2025-09-10T03:00:08.672+0000] {subprocess.py:93} INFO - [0m03:00:08  14 of 15 START sql table model analytics.AOV_category .......................... [RUN]
[2025-09-10T03:00:08.698+0000] {subprocess.py:93} INFO - [0m03:00:08  11 of 15 OK created sql table model analytics.orders_summary ................... [[32mSELECT 10000[0m in 0.48s]
[2025-09-10T03:00:08.701+0000] {subprocess.py:93} INFO - [0m03:00:08  12 of 15 OK created sql table model analytics.AVG_AOV_chek ..................... [[32mSELECT 16863[0m in 0.48s]
[2025-09-10T03:00:08.733+0000] {subprocess.py:93} INFO - [0m03:00:08  15 of 15 START sql table model analytics.AOV_product_name ...................... [RUN]
[2025-09-10T03:00:08.947+0000] {subprocess.py:93} INFO - [0m03:00:08  13 of 15 ERROR creating sql table model analytics.AOV_EBITDA_COUNT ............. [[31mERROR[0m in 0.31s]
[2025-09-10T03:00:08.983+0000] {subprocess.py:93} INFO - [0m03:00:08  14 of 15 ERROR creating sql table model analytics.AOV_category ................. [[31mERROR[0m in 0.30s]
[2025-09-10T03:00:09.023+0000] {subprocess.py:93} INFO - [0m03:00:09  15 of 15 ERROR creating sql table model analytics.AOV_product_name ............. [[31mERROR[0m in 0.28s]
[2025-09-10T03:00:09.060+0000] {subprocess.py:93} INFO - [0m03:00:09
[2025-09-10T03:00:09.061+0000] {subprocess.py:93} INFO - [0m03:00:09  Finished running 7 view models, 8 table models in 0 hours 0 minutes and 2.46 seconds (2.46s).
[2025-09-10T03:00:09.080+0000] {subprocess.py:93} INFO - [0m03:00:09
[2025-09-10T03:00:09.081+0000] {subprocess.py:93} INFO - [0m03:00:09  [31mCompleted with 3 errors and 0 warnings:[0m
[2025-09-10T03:00:09.082+0000] {subprocess.py:93} INFO - [0m03:00:09
[2025-09-10T03:00:09.082+0000] {subprocess.py:93} INFO - [0m03:00:09    Database Error in model AOV_EBITDA_COUNT (models/marts/AOV_EBITDA_COUNT.sql)
[2025-09-10T03:00:09.083+0000] {subprocess.py:93} INFO -   type "avr_order_value" does not exist
[2025-09-10T03:00:09.083+0000] {subprocess.py:93} INFO -   LINE 26: order by avr_order_value
[2025-09-10T03:00:09.083+0000] {subprocess.py:93} INFO -                     ^
[2025-09-10T03:00:09.083+0000] {subprocess.py:93} INFO -   compiled Code at target/run/my_project/models/marts/AOV_EBITDA_COUNT.sql
[2025-09-10T03:00:09.084+0000] {subprocess.py:93} INFO - [0m03:00:09
[2025-09-10T03:00:09.085+0000] {subprocess.py:93} INFO - [0m03:00:09    Database Error in model AOV_category (models/marts/AOV_category.sql)
[2025-09-10T03:00:09.085+0000] {subprocess.py:93} INFO -   type "avr_order_value" does not exist
[2025-09-10T03:00:09.085+0000] {subprocess.py:93} INFO -   LINE 27: order by avr_order_value
[2025-09-10T03:00:09.086+0000] {subprocess.py:93} INFO -                     ^
[2025-09-10T03:00:09.086+0000] {subprocess.py:93} INFO -   compiled Code at target/run/my_project/models/marts/AOV_category.sql
[2025-09-10T03:00:09.087+0000] {subprocess.py:93} INFO - [0m03:00:09
[2025-09-10T03:00:09.088+0000] {subprocess.py:93} INFO - [0m03:00:09    Database Error in model AOV_product_name (models/marts/AOV_product_name.sql)
[2025-09-10T03:00:09.088+0000] {subprocess.py:93} INFO -   type "avr_order_value" does not exist
[2025-09-10T03:00:09.088+0000] {subprocess.py:93} INFO -   LINE 28: order by avr_order_value
[2025-09-10T03:00:09.089+0000] {subprocess.py:93} INFO -                     ^
[2025-09-10T03:00:09.089+0000] {subprocess.py:93} INFO -   compiled Code at target/run/my_project/models/marts/AOV_product_name.sql
[2025-09-10T03:00:09.090+0000] {subprocess.py:93} INFO - [0m03:00:09
[2025-09-10T03:00:09.091+0000] {subprocess.py:93} INFO - [0m03:00:09  Done. PASS=12 WARN=0 ERROR=3 SKIP=0 TOTAL=15
[2025-09-10T03:00:19.614+0000] {subprocess.py:97} INFO - Command exited with return code 1
[2025-09-10T03:00:19.616+0000] {taskinstance.py:441} INFO - ::group::Post task execution logs
[2025-09-10T03:00:19.648+0000] {taskinstance.py:2905} ERROR - Task failed with exception
Traceback (most recent call last):
  File "/home/airflow/.local/lib/python3.12/site-packages/airflow/models/taskinstance.py", line 465, in _execute_task
    result = _execute_callable(context=context, **execute_callable_kwargs)
             ^^^^^^^^^^^^^^^^^^^^^^^^^^^^^^^^^^^^^^^^^^^^^^^^^^^^^^^^^^^^^
  File "/home/airflow/.local/lib/python3.12/site-packages/airflow/models/taskinstance.py", line 432, in _execute_callable
    return execute_callable(context=context, **execute_callable_kwargs)
           ^^^^^^^^^^^^^^^^^^^^^^^^^^^^^^^^^^^^^^^^^^^^^^^^^^^^^^^^^^^^
  File "/home/airflow/.local/lib/python3.12/site-packages/airflow/models/baseoperator.py", line 401, in wrapper
    return func(self, *args, **kwargs)
           ^^^^^^^^^^^^^^^^^^^^^^^^^^^
  File "/home/airflow/.local/lib/python3.12/site-packages/airflow/operators/bash.py", line 243, in execute
    raise AirflowException(
airflow.exceptions.AirflowException: Bash command failed. The command returned a non-zero exit code 1.
[2025-09-10T03:00:19.659+0000] {taskinstance.py:1206} INFO - Marking task as UP_FOR_RETRY. dag_id=dbt_run_models, task_id=run_dbt_models, run_id=scheduled__2025-09-10T02:00:00+00:00, execution_date=20250910T020000, start_date=20250910T030001, end_date=20250910T030019
[2025-09-10T03:00:19.699+0000] {standard_task_runner.py:110} ERROR - Failed to execute job 1327 for task run_dbt_models (Bash command failed. The command returned a non-zero exit code 1.; 3446)
[2025-09-10T03:00:19.748+0000] {local_task_job_runner.py:243} INFO - Task exited with return code 1
[2025-09-10T03:00:19.775+0000] {taskinstance.py:3503} INFO - 0 downstream tasks scheduled from follow-on schedule check
[2025-09-10T03:00:19.778+0000] {local_task_job_runner.py:222} INFO - ::endgroup::
[2025-09-10T03:06:28.484+0000] {local_task_job_runner.py:120} INFO - ::group::Pre task execution logs
[2025-09-10T03:06:28.540+0000] {taskinstance.py:2076} INFO - Dependencies all met for dep_context=non-requeueable deps ti=<TaskInstance: dbt_run_models.run_dbt_models scheduled__2025-09-10T02:00:00+00:00 [queued]>
[2025-09-10T03:06:28.566+0000] {taskinstance.py:2076} INFO - Dependencies all met for dep_context=requeueable deps ti=<TaskInstance: dbt_run_models.run_dbt_models scheduled__2025-09-10T02:00:00+00:00 [queued]>
[2025-09-10T03:06:28.567+0000] {taskinstance.py:2306} INFO - Starting attempt 1 of 2
[2025-09-10T03:06:28.616+0000] {taskinstance.py:2330} INFO - Executing <Task(BashOperator): run_dbt_models> on 2025-09-10 02:00:00+00:00
[2025-09-10T03:06:28.623+0000] {warnings.py:112} WARNING - /home/airflow/.local/lib/python3.12/site-packages/airflow/task/task_runner/standard_task_runner.py:62: DeprecationWarning: This process (pid=3519) is multi-threaded, use of fork() may lead to deadlocks in the child.
  pid = os.fork()

[2025-09-10T03:06:28.624+0000] {standard_task_runner.py:64} INFO - Started process 3520 to run task
[2025-09-10T03:06:28.626+0000] {standard_task_runner.py:90} INFO - Running: ['airflow', 'tasks', 'run', 'dbt_run_models', 'run_dbt_models', 'scheduled__2025-09-10T02:00:00+00:00', '--job-id', '1332', '--raw', '--subdir', 'DAGS_FOLDER/dbt_dag.py', '--cfg-path', '/tmp/tmpqsrs6k7n']
[2025-09-10T03:06:28.628+0000] {standard_task_runner.py:91} INFO - Job 1332: Subtask run_dbt_models
[2025-09-10T03:06:28.664+0000] {warnings.py:112} WARNING - /home/airflow/.local/lib/python3.12/site-packages/airflow/settings.py:195: DeprecationWarning: The sql_alchemy_conn option in [core] has been moved to the sql_alchemy_conn option in [database] - the old setting has been used, but please update your config.
  SQL_ALCHEMY_CONN = conf.get("database", "SQL_ALCHEMY_CONN")

[2025-09-10T03:06:28.730+0000] {task_command.py:426} INFO - Running <TaskInstance: dbt_run_models.run_dbt_models scheduled__2025-09-10T02:00:00+00:00 [running]> on host b5ea13053d47
[2025-09-10T03:06:28.987+0000] {taskinstance.py:2648} INFO - Exporting env vars: AIRFLOW_CTX_DAG_OWNER='airflow' AIRFLOW_CTX_DAG_ID='dbt_run_models' AIRFLOW_CTX_TASK_ID='run_dbt_models' AIRFLOW_CTX_EXECUTION_DATE='2025-09-10T02:00:00+00:00' AIRFLOW_CTX_TRY_NUMBER='1' AIRFLOW_CTX_DAG_RUN_ID='scheduled__2025-09-10T02:00:00+00:00'
[2025-09-10T03:06:28.988+0000] {taskinstance.py:430} INFO - ::endgroup::
[2025-09-10T03:06:29.021+0000] {subprocess.py:63} INFO - Tmp dir root location: /tmp
[2025-09-10T03:06:29.022+0000] {subprocess.py:75} INFO - Running command: ['/usr/bin/bash', '-c', '\n        cd /usr/app &&         dbt run --profiles-dir /usr/app\n        ']
[2025-09-10T03:06:29.042+0000] {subprocess.py:86} INFO - Output:
[2025-09-10T03:06:33.292+0000] {subprocess.py:93} INFO - [0m03:06:33  Running with dbt=1.7.9
[2025-09-10T03:06:33.675+0000] {subprocess.py:93} INFO - [0m03:06:33  Registered adapter: postgres=1.7.9
[2025-09-10T03:06:33.726+0000] {subprocess.py:93} INFO - [0m03:06:33  [[33mWARNING[0m]: Configuration paths exist in your dbt_project.yml file which do not apply to any resources.
[2025-09-10T03:06:33.726+0000] {subprocess.py:93} INFO - There are 1 unused configuration paths:
[2025-09-10T03:06:33.726+0000] {subprocess.py:93} INFO - - models.my_project.sources
[2025-09-10T03:06:33.757+0000] {subprocess.py:93} INFO - [0m03:06:33  Found 15 models, 7 sources, 0 exposures, 0 metrics, 401 macros, 0 groups, 0 semantic models
[2025-09-10T03:06:33.762+0000] {subprocess.py:93} INFO - [0m03:06:33
[2025-09-10T03:06:33.998+0000] {subprocess.py:93} INFO - [0m03:06:33  Concurrency: 4 threads (target='dev')
[2025-09-10T03:06:34.000+0000] {subprocess.py:93} INFO - [0m03:06:34
[2025-09-10T03:06:34.036+0000] {subprocess.py:93} INFO - [0m03:06:34  1 of 15 START sql view model analytics.stg_AOV ................................. [RUN]
[2025-09-10T03:06:34.040+0000] {subprocess.py:93} INFO - [0m03:06:34  2 of 15 START sql view model analytics.stg_order_count_year .................... [RUN]
[2025-09-10T03:06:34.044+0000] {subprocess.py:93} INFO - [0m03:06:34  3 of 15 START sql view model analytics.stg_order_details ....................... [RUN]
[2025-09-10T03:06:34.047+0000] {subprocess.py:93} INFO - [0m03:06:34  4 of 15 START sql view model analytics.stg_order_items ......................... [RUN]
[2025-09-10T03:06:34.922+0000] {subprocess.py:93} INFO - [0m03:06:34  1 of 15 OK created sql view model analytics.stg_AOV ............................ [[32mCREATE VIEW[0m in 0.86s]
[2025-09-10T03:06:34.933+0000] {subprocess.py:93} INFO - [0m03:06:34  5 of 15 START sql view model analytics.stg_orders .............................. [RUN]
[2025-09-10T03:06:34.948+0000] {subprocess.py:93} INFO - [0m03:06:34  4 of 15 OK created sql view model analytics.stg_order_items .................... [[32mCREATE VIEW[0m in 0.89s]
[2025-09-10T03:06:34.951+0000] {subprocess.py:93} INFO - [0m03:06:34  3 of 15 OK created sql view model analytics.stg_order_details .................. [[32mCREATE VIEW[0m in 0.88s]
[2025-09-10T03:06:34.960+0000] {subprocess.py:93} INFO - [0m03:06:34  6 of 15 START sql view model analytics.stg_payments ............................ [RUN]
[2025-09-10T03:06:34.970+0000] {subprocess.py:93} INFO - [0m03:06:34  7 of 15 START sql view model analytics.stg_products ............................ [RUN]
[2025-09-10T03:06:34.994+0000] {subprocess.py:93} INFO - [0m03:06:34  2 of 15 OK created sql view model analytics.stg_order_count_year ............... [[32mCREATE VIEW[0m in 0.93s]
[2025-09-10T03:06:35.020+0000] {subprocess.py:93} INFO - [0m03:06:35  8 of 15 START sql table model analytics.AOV_chek ............................... [RUN]
[2025-09-10T03:06:35.460+0000] {subprocess.py:93} INFO - [0m03:06:35  7 of 15 OK created sql view model analytics.stg_products ....................... [[32mCREATE VIEW[0m in 0.47s]
[2025-09-10T03:06:35.473+0000] {subprocess.py:93} INFO - [0m03:06:35  6 of 15 OK created sql view model analytics.stg_payments ....................... [[32mCREATE VIEW[0m in 0.47s]
[2025-09-10T03:06:35.477+0000] {subprocess.py:93} INFO - [0m03:06:35  5 of 15 OK created sql view model analytics.stg_orders ......................... [[32mCREATE VIEW[0m in 0.51s]
[2025-09-10T03:06:35.495+0000] {subprocess.py:93} INFO - [0m03:06:35  9 of 15 START sql table model analytics.order_count_year ....................... [RUN]
[2025-09-10T03:06:35.504+0000] {subprocess.py:93} INFO - [0m03:06:35  10 of 15 START sql table model analytics.order_count_year+month_diff ........... [RUN]
[2025-09-10T03:06:35.523+0000] {subprocess.py:93} INFO - [0m03:06:35  11 of 15 START sql table model analytics.AOV_EBITDA_COUNT ...................... [RUN]
[2025-09-10T03:06:35.570+0000] {subprocess.py:93} INFO - [0m03:06:35  8 of 15 OK created sql table model analytics.AOV_chek .......................... [[32mSELECT 50[0m in 0.53s]
[2025-09-10T03:06:35.596+0000] {subprocess.py:93} INFO - [0m03:06:35  12 of 15 START sql table model analytics.AOV_category .......................... [RUN]
[2025-09-10T03:06:35.786+0000] {subprocess.py:93} INFO - [0m03:06:35  11 of 15 ERROR creating sql table model analytics.AOV_EBITDA_COUNT ............. [[31mERROR[0m in 0.25s]
[2025-09-10T03:06:35.806+0000] {subprocess.py:93} INFO - [0m03:06:35  13 of 15 START sql table model analytics.AOV_product_name ...................... [RUN]
[2025-09-10T03:06:35.868+0000] {subprocess.py:93} INFO - [0m03:06:35  9 of 15 OK created sql table model analytics.order_count_year .................. [[32mSELECT 4[0m in 0.35s]
[2025-09-10T03:06:35.884+0000] {subprocess.py:93} INFO - [0m03:06:35  10 of 15 OK created sql table model analytics.order_count_year+month_diff ...... [[32mSELECT 28[0m in 0.36s]
[2025-09-10T03:06:35.898+0000] {subprocess.py:93} INFO - [0m03:06:35  12 of 15 ERROR creating sql table model analytics.AOV_category ................. [[31mERROR[0m in 0.27s]
[2025-09-10T03:06:35.899+0000] {subprocess.py:93} INFO - [0m03:06:35  14 of 15 START sql table model analytics.AVG_AOV_chek .......................... [RUN]
[2025-09-10T03:06:35.933+0000] {subprocess.py:93} INFO - [0m03:06:35  15 of 15 START sql table model analytics.orders_summary ........................ [RUN]
[2025-09-10T03:06:36.069+0000] {subprocess.py:93} INFO - [0m03:06:36  13 of 15 ERROR creating sql table model analytics.AOV_product_name ............. [[31mERROR[0m in 0.25s]
[2025-09-10T03:06:36.384+0000] {subprocess.py:93} INFO - [0m03:06:36  15 of 15 OK created sql table model analytics.orders_summary ................... [[32mSELECT 10000[0m in 0.43s]
[2025-09-10T03:06:36.430+0000] {subprocess.py:93} INFO - [0m03:06:36  14 of 15 OK created sql table model analytics.AVG_AOV_chek ..................... [[32mSELECT 16863[0m in 0.51s]
[2025-09-10T03:06:36.462+0000] {subprocess.py:93} INFO - [0m03:06:36
[2025-09-10T03:06:36.463+0000] {subprocess.py:93} INFO - [0m03:06:36  Finished running 7 view models, 8 table models in 0 hours 0 minutes and 2.70 seconds (2.70s).
[2025-09-10T03:06:36.485+0000] {subprocess.py:93} INFO - [0m03:06:36
[2025-09-10T03:06:36.486+0000] {subprocess.py:93} INFO - [0m03:06:36  [31mCompleted with 3 errors and 0 warnings:[0m
[2025-09-10T03:06:36.488+0000] {subprocess.py:93} INFO - [0m03:06:36
[2025-09-10T03:06:36.489+0000] {subprocess.py:93} INFO - [0m03:06:36    Database Error in model AOV_EBITDA_COUNT (models/marts/AOV_EBITDA_COUNT.sql)
[2025-09-10T03:06:36.489+0000] {subprocess.py:93} INFO -   type "avg_order_value" does not exist
[2025-09-10T03:06:36.489+0000] {subprocess.py:93} INFO -   LINE 26: order by avg_order_value
[2025-09-10T03:06:36.490+0000] {subprocess.py:93} INFO -                     ^
[2025-09-10T03:06:36.490+0000] {subprocess.py:93} INFO -   compiled Code at target/run/my_project/models/marts/AOV_EBITDA_COUNT.sql
[2025-09-10T03:06:36.490+0000] {subprocess.py:93} INFO - [0m03:06:36
[2025-09-10T03:06:36.491+0000] {subprocess.py:93} INFO - [0m03:06:36    Database Error in model AOV_category (models/marts/AOV_category.sql)
[2025-09-10T03:06:36.492+0000] {subprocess.py:93} INFO -   type "avg_order_value" does not exist
[2025-09-10T03:06:36.492+0000] {subprocess.py:93} INFO -   LINE 27: order by avg_order_value
[2025-09-10T03:06:36.492+0000] {subprocess.py:93} INFO -                     ^
[2025-09-10T03:06:36.492+0000] {subprocess.py:93} INFO -   compiled Code at target/run/my_project/models/marts/AOV_category.sql
[2025-09-10T03:06:36.493+0000] {subprocess.py:93} INFO - [0m03:06:36
[2025-09-10T03:06:36.494+0000] {subprocess.py:93} INFO - [0m03:06:36    Database Error in model AOV_product_name (models/marts/AOV_product_name.sql)
[2025-09-10T03:06:36.495+0000] {subprocess.py:93} INFO -   type "avg_order_value" does not exist
[2025-09-10T03:06:36.495+0000] {subprocess.py:93} INFO -   LINE 28: order by avg_order_value
[2025-09-10T03:06:36.495+0000] {subprocess.py:93} INFO -                     ^
[2025-09-10T03:06:36.495+0000] {subprocess.py:93} INFO -   compiled Code at target/run/my_project/models/marts/AOV_product_name.sql
[2025-09-10T03:06:36.496+0000] {subprocess.py:93} INFO - [0m03:06:36
[2025-09-10T03:06:36.496+0000] {subprocess.py:93} INFO - [0m03:06:36  Done. PASS=12 WARN=0 ERROR=3 SKIP=0 TOTAL=15
[2025-09-10T03:06:47.276+0000] {subprocess.py:97} INFO - Command exited with return code 1
[2025-09-10T03:06:47.278+0000] {taskinstance.py:441} INFO - ::group::Post task execution logs
[2025-09-10T03:06:47.313+0000] {taskinstance.py:2905} ERROR - Task failed with exception
Traceback (most recent call last):
  File "/home/airflow/.local/lib/python3.12/site-packages/airflow/models/taskinstance.py", line 465, in _execute_task
    result = _execute_callable(context=context, **execute_callable_kwargs)
             ^^^^^^^^^^^^^^^^^^^^^^^^^^^^^^^^^^^^^^^^^^^^^^^^^^^^^^^^^^^^^
  File "/home/airflow/.local/lib/python3.12/site-packages/airflow/models/taskinstance.py", line 432, in _execute_callable
    return execute_callable(context=context, **execute_callable_kwargs)
           ^^^^^^^^^^^^^^^^^^^^^^^^^^^^^^^^^^^^^^^^^^^^^^^^^^^^^^^^^^^^
  File "/home/airflow/.local/lib/python3.12/site-packages/airflow/models/baseoperator.py", line 401, in wrapper
    return func(self, *args, **kwargs)
           ^^^^^^^^^^^^^^^^^^^^^^^^^^^
  File "/home/airflow/.local/lib/python3.12/site-packages/airflow/operators/bash.py", line 243, in execute
    raise AirflowException(
airflow.exceptions.AirflowException: Bash command failed. The command returned a non-zero exit code 1.
[2025-09-10T03:06:47.327+0000] {taskinstance.py:1206} INFO - Marking task as UP_FOR_RETRY. dag_id=dbt_run_models, task_id=run_dbt_models, run_id=scheduled__2025-09-10T02:00:00+00:00, execution_date=20250910T020000, start_date=20250910T030628, end_date=20250910T030647
[2025-09-10T03:06:47.367+0000] {standard_task_runner.py:110} ERROR - Failed to execute job 1332 for task run_dbt_models (Bash command failed. The command returned a non-zero exit code 1.; 3520)
[2025-09-10T03:06:47.387+0000] {local_task_job_runner.py:243} INFO - Task exited with return code 1
[2025-09-10T03:06:47.444+0000] {taskinstance.py:3503} INFO - 0 downstream tasks scheduled from follow-on schedule check
[2025-09-10T03:06:47.449+0000] {local_task_job_runner.py:222} INFO - ::endgroup::
[2025-09-10T03:15:09.816+0000] {local_task_job_runner.py:120} INFO - ::group::Pre task execution logs
[2025-09-10T03:15:09.886+0000] {taskinstance.py:2076} INFO - Dependencies all met for dep_context=non-requeueable deps ti=<TaskInstance: dbt_run_models.run_dbt_models scheduled__2025-09-10T02:00:00+00:00 [queued]>
[2025-09-10T03:15:09.914+0000] {taskinstance.py:2076} INFO - Dependencies all met for dep_context=requeueable deps ti=<TaskInstance: dbt_run_models.run_dbt_models scheduled__2025-09-10T02:00:00+00:00 [queued]>
[2025-09-10T03:15:09.915+0000] {taskinstance.py:2306} INFO - Starting attempt 1 of 2
[2025-09-10T03:15:09.956+0000] {taskinstance.py:2330} INFO - Executing <Task(BashOperator): run_dbt_models> on 2025-09-10 02:00:00+00:00
[2025-09-10T03:15:09.968+0000] {warnings.py:112} WARNING - /home/airflow/.local/lib/python3.12/site-packages/airflow/task/task_runner/standard_task_runner.py:62: DeprecationWarning: This process (pid=3579) is multi-threaded, use of fork() may lead to deadlocks in the child.
  pid = os.fork()

[2025-09-10T03:15:09.970+0000] {standard_task_runner.py:90} INFO - Running: ['airflow', 'tasks', 'run', 'dbt_run_models', 'run_dbt_models', 'scheduled__2025-09-10T02:00:00+00:00', '--job-id', '1336', '--raw', '--subdir', 'DAGS_FOLDER/dbt_dag.py', '--cfg-path', '/tmp/tmpsl21o_fp']
[2025-09-10T03:15:09.971+0000] {standard_task_runner.py:91} INFO - Job 1336: Subtask run_dbt_models
[2025-09-10T03:15:09.971+0000] {standard_task_runner.py:64} INFO - Started process 3580 to run task
[2025-09-10T03:15:10.009+0000] {warnings.py:112} WARNING - /home/airflow/.local/lib/python3.12/site-packages/airflow/settings.py:195: DeprecationWarning: The sql_alchemy_conn option in [core] has been moved to the sql_alchemy_conn option in [database] - the old setting has been used, but please update your config.
  SQL_ALCHEMY_CONN = conf.get("database", "SQL_ALCHEMY_CONN")

[2025-09-10T03:15:10.085+0000] {task_command.py:426} INFO - Running <TaskInstance: dbt_run_models.run_dbt_models scheduled__2025-09-10T02:00:00+00:00 [running]> on host b5ea13053d47
[2025-09-10T03:15:10.301+0000] {taskinstance.py:2648} INFO - Exporting env vars: AIRFLOW_CTX_DAG_OWNER='airflow' AIRFLOW_CTX_DAG_ID='dbt_run_models' AIRFLOW_CTX_TASK_ID='run_dbt_models' AIRFLOW_CTX_EXECUTION_DATE='2025-09-10T02:00:00+00:00' AIRFLOW_CTX_TRY_NUMBER='1' AIRFLOW_CTX_DAG_RUN_ID='scheduled__2025-09-10T02:00:00+00:00'
[2025-09-10T03:15:10.303+0000] {taskinstance.py:430} INFO - ::endgroup::
[2025-09-10T03:15:10.343+0000] {subprocess.py:63} INFO - Tmp dir root location: /tmp
[2025-09-10T03:15:10.344+0000] {subprocess.py:75} INFO - Running command: ['/usr/bin/bash', '-c', '\n        cd /usr/app &&         dbt run --profiles-dir /usr/app\n        ']
[2025-09-10T03:15:10.366+0000] {subprocess.py:86} INFO - Output:
[2025-09-10T03:15:14.458+0000] {subprocess.py:93} INFO - [0m03:15:14  Running with dbt=1.7.9
[2025-09-10T03:15:14.837+0000] {subprocess.py:93} INFO - [0m03:15:14  Registered adapter: postgres=1.7.9
[2025-09-10T03:15:14.886+0000] {subprocess.py:93} INFO - [0m03:15:14  [[33mWARNING[0m]: Configuration paths exist in your dbt_project.yml file which do not apply to any resources.
[2025-09-10T03:15:14.887+0000] {subprocess.py:93} INFO - There are 1 unused configuration paths:
[2025-09-10T03:15:14.887+0000] {subprocess.py:93} INFO - - models.my_project.sources
[2025-09-10T03:15:14.914+0000] {subprocess.py:93} INFO - [0m03:15:14  Found 15 models, 7 sources, 0 exposures, 0 metrics, 401 macros, 0 groups, 0 semantic models
[2025-09-10T03:15:14.919+0000] {subprocess.py:93} INFO - [0m03:15:14
[2025-09-10T03:15:15.194+0000] {subprocess.py:93} INFO - [0m03:15:15  Concurrency: 4 threads (target='dev')
[2025-09-10T03:15:15.197+0000] {subprocess.py:93} INFO - [0m03:15:15
[2025-09-10T03:15:15.234+0000] {subprocess.py:93} INFO - [0m03:15:15  1 of 15 START sql view model analytics.stg_AOV ................................. [RUN]
[2025-09-10T03:15:15.238+0000] {subprocess.py:93} INFO - [0m03:15:15  2 of 15 START sql view model analytics.stg_order_count_year .................... [RUN]
[2025-09-10T03:15:15.241+0000] {subprocess.py:93} INFO - [0m03:15:15  3 of 15 START sql view model analytics.stg_order_details ....................... [RUN]
[2025-09-10T03:15:15.245+0000] {subprocess.py:93} INFO - [0m03:15:15  4 of 15 START sql view model analytics.stg_order_items ......................... [RUN]
[2025-09-10T03:15:15.976+0000] {subprocess.py:93} INFO - [0m03:15:15  1 of 15 OK created sql view model analytics.stg_AOV ............................ [[32mCREATE VIEW[0m in 0.72s]
[2025-09-10T03:15:15.982+0000] {subprocess.py:93} INFO - [0m03:15:15  4 of 15 OK created sql view model analytics.stg_order_items .................... [[32mCREATE VIEW[0m in 0.73s]
[2025-09-10T03:15:15.994+0000] {subprocess.py:93} INFO - [0m03:15:15  3 of 15 OK created sql view model analytics.stg_order_details .................. [[32mCREATE VIEW[0m in 0.75s]
[2025-09-10T03:15:16.001+0000] {subprocess.py:93} INFO - [0m03:15:16  2 of 15 OK created sql view model analytics.stg_order_count_year ............... [[32mCREATE VIEW[0m in 0.71s]
[2025-09-10T03:15:16.023+0000] {subprocess.py:93} INFO - [0m03:15:16  5 of 15 START sql view model analytics.stg_orders .............................. [RUN]
[2025-09-10T03:15:16.024+0000] {subprocess.py:93} INFO - [0m03:15:16  6 of 15 START sql view model analytics.stg_payments ............................ [RUN]
[2025-09-10T03:15:16.026+0000] {subprocess.py:93} INFO - [0m03:15:16  7 of 15 START sql view model analytics.stg_products ............................ [RUN]
[2025-09-10T03:15:16.042+0000] {subprocess.py:93} INFO - [0m03:15:16  8 of 15 START sql table model analytics.AOV_chek ............................... [RUN]
[2025-09-10T03:15:16.469+0000] {subprocess.py:93} INFO - [0m03:15:16  5 of 15 OK created sql view model analytics.stg_orders ......................... [[32mCREATE VIEW[0m in 0.43s]
[2025-09-10T03:15:16.473+0000] {subprocess.py:93} INFO - [0m03:15:16  6 of 15 OK created sql view model analytics.stg_payments ....................... [[32mCREATE VIEW[0m in 0.43s]
[2025-09-10T03:15:16.505+0000] {subprocess.py:93} INFO - [0m03:15:16  9 of 15 START sql table model analytics.order_count_year ....................... [RUN]
[2025-09-10T03:15:16.522+0000] {subprocess.py:93} INFO - [0m03:15:16  10 of 15 START sql table model analytics.order_count_year+month_diff ........... [RUN]
[2025-09-10T03:15:16.555+0000] {subprocess.py:93} INFO - [0m03:15:16  7 of 15 OK created sql view model analytics.stg_products ....................... [[32mCREATE VIEW[0m in 0.51s]
[2025-09-10T03:15:16.579+0000] {subprocess.py:93} INFO - [0m03:15:16  8 of 15 OK created sql table model analytics.AOV_chek .......................... [[32mSELECT 50[0m in 0.49s]
[2025-09-10T03:15:16.615+0000] {subprocess.py:93} INFO - [0m03:15:16  11 of 15 START sql table model analytics.orders_summary ........................ [RUN]
[2025-09-10T03:15:16.637+0000] {subprocess.py:93} INFO - [0m03:15:16  12 of 15 START sql table model analytics.AVG_AOV_chek .......................... [RUN]
[2025-09-10T03:15:16.812+0000] {subprocess.py:93} INFO - [0m03:15:16  9 of 15 OK created sql table model analytics.order_count_year .................. [[32mSELECT 4[0m in 0.30s]
[2025-09-10T03:15:16.824+0000] {subprocess.py:93} INFO - [0m03:15:16  13 of 15 START sql table model analytics.AOV_EBITDA_COUNT ...................... [RUN]
[2025-09-10T03:15:16.925+0000] {subprocess.py:93} INFO - [0m03:15:16  10 of 15 OK created sql table model analytics.order_count_year+month_diff ...... [[32mSELECT 28[0m in 0.37s]
[2025-09-10T03:15:16.976+0000] {subprocess.py:93} INFO - [0m03:15:16  14 of 15 START sql table model analytics.AOV_category .......................... [RUN]
[2025-09-10T03:15:17.033+0000] {subprocess.py:93} INFO - [0m03:15:17  13 of 15 ERROR creating sql table model analytics.AOV_EBITDA_COUNT ............. [[31mERROR[0m in 0.20s]
[2025-09-10T03:15:17.196+0000] {subprocess.py:93} INFO - [0m03:15:17  15 of 15 START sql table model analytics.AOV_product_name ...................... [RUN]
[2025-09-10T03:15:17.250+0000] {subprocess.py:93} INFO - [0m03:15:17  11 of 15 OK created sql table model analytics.orders_summary ................... [[32mSELECT 10000[0m in 0.61s]
[2025-09-10T03:15:17.277+0000] {subprocess.py:93} INFO - [0m03:15:17  12 of 15 OK created sql table model analytics.AVG_AOV_chek ..................... [[32mSELECT 16863[0m in 0.63s]
[2025-09-10T03:15:17.329+0000] {subprocess.py:93} INFO - [0m03:15:17  15 of 15 ERROR creating sql table model analytics.AOV_product_name ............. [[31mERROR[0m in 0.12s]
[2025-09-10T03:15:17.346+0000] {subprocess.py:93} INFO - [0m03:15:17  14 of 15 ERROR creating sql table model analytics.AOV_category ................. [[31mERROR[0m in 0.36s]
[2025-09-10T03:15:17.381+0000] {subprocess.py:93} INFO - [0m03:15:17
[2025-09-10T03:15:17.382+0000] {subprocess.py:93} INFO - [0m03:15:17  Finished running 7 view models, 8 table models in 0 hours 0 minutes and 2.46 seconds (2.46s).
[2025-09-10T03:15:17.402+0000] {subprocess.py:93} INFO - [0m03:15:17
[2025-09-10T03:15:17.403+0000] {subprocess.py:93} INFO - [0m03:15:17  [31mCompleted with 3 errors and 0 warnings:[0m
[2025-09-10T03:15:17.404+0000] {subprocess.py:93} INFO - [0m03:15:17
[2025-09-10T03:15:17.405+0000] {subprocess.py:93} INFO - [0m03:15:17    Database Error in model AOV_EBITDA_COUNT (models/marts/AOV_EBITDA_COUNT.sql)
[2025-09-10T03:15:17.406+0000] {subprocess.py:93} INFO -   type "avg_order_value" does not exist
[2025-09-10T03:15:17.406+0000] {subprocess.py:93} INFO -   LINE 26: order by avg_order_value
[2025-09-10T03:15:17.406+0000] {subprocess.py:93} INFO -                     ^
[2025-09-10T03:15:17.406+0000] {subprocess.py:93} INFO -   compiled Code at target/run/my_project/models/marts/AOV_EBITDA_COUNT.sql
[2025-09-10T03:15:17.407+0000] {subprocess.py:93} INFO - [0m03:15:17
[2025-09-10T03:15:17.408+0000] {subprocess.py:93} INFO - [0m03:15:17    Database Error in model AOV_product_name (models/marts/AOV_product_name.sql)
[2025-09-10T03:15:17.408+0000] {subprocess.py:93} INFO -   type "avg_order_value" does not exist
[2025-09-10T03:15:17.409+0000] {subprocess.py:93} INFO -   LINE 30: order by avg_order_value
[2025-09-10T03:15:17.409+0000] {subprocess.py:93} INFO -                     ^
[2025-09-10T03:15:17.409+0000] {subprocess.py:93} INFO -   compiled Code at target/run/my_project/models/marts/AOV_product_name.sql
[2025-09-10T03:15:17.410+0000] {subprocess.py:93} INFO - [0m03:15:17
[2025-09-10T03:15:17.411+0000] {subprocess.py:93} INFO - [0m03:15:17    Database Error in model AOV_category (models/marts/AOV_category.sql)
[2025-09-10T03:15:17.411+0000] {subprocess.py:93} INFO -   type "avg_order_value" does not exist
[2025-09-10T03:15:17.411+0000] {subprocess.py:93} INFO -   LINE 29: order by avg_order_value
[2025-09-10T03:15:17.411+0000] {subprocess.py:93} INFO -                     ^
[2025-09-10T03:15:17.411+0000] {subprocess.py:93} INFO -   compiled Code at target/run/my_project/models/marts/AOV_category.sql
[2025-09-10T03:15:17.412+0000] {subprocess.py:93} INFO - [0m03:15:17
[2025-09-10T03:15:17.413+0000] {subprocess.py:93} INFO - [0m03:15:17  Done. PASS=12 WARN=0 ERROR=3 SKIP=0 TOTAL=15
[2025-09-10T03:15:27.960+0000] {subprocess.py:97} INFO - Command exited with return code 1
[2025-09-10T03:15:27.961+0000] {taskinstance.py:441} INFO - ::group::Post task execution logs
[2025-09-10T03:15:27.988+0000] {taskinstance.py:2905} ERROR - Task failed with exception
Traceback (most recent call last):
  File "/home/airflow/.local/lib/python3.12/site-packages/airflow/models/taskinstance.py", line 465, in _execute_task
    result = _execute_callable(context=context, **execute_callable_kwargs)
             ^^^^^^^^^^^^^^^^^^^^^^^^^^^^^^^^^^^^^^^^^^^^^^^^^^^^^^^^^^^^^
  File "/home/airflow/.local/lib/python3.12/site-packages/airflow/models/taskinstance.py", line 432, in _execute_callable
    return execute_callable(context=context, **execute_callable_kwargs)
           ^^^^^^^^^^^^^^^^^^^^^^^^^^^^^^^^^^^^^^^^^^^^^^^^^^^^^^^^^^^^
  File "/home/airflow/.local/lib/python3.12/site-packages/airflow/models/baseoperator.py", line 401, in wrapper
    return func(self, *args, **kwargs)
           ^^^^^^^^^^^^^^^^^^^^^^^^^^^
  File "/home/airflow/.local/lib/python3.12/site-packages/airflow/operators/bash.py", line 243, in execute
    raise AirflowException(
airflow.exceptions.AirflowException: Bash command failed. The command returned a non-zero exit code 1.
[2025-09-10T03:15:27.995+0000] {taskinstance.py:1206} INFO - Marking task as UP_FOR_RETRY. dag_id=dbt_run_models, task_id=run_dbt_models, run_id=scheduled__2025-09-10T02:00:00+00:00, execution_date=20250910T020000, start_date=20250910T031509, end_date=20250910T031527
[2025-09-10T03:15:28.026+0000] {standard_task_runner.py:110} ERROR - Failed to execute job 1336 for task run_dbt_models (Bash command failed. The command returned a non-zero exit code 1.; 3580)
[2025-09-10T03:15:28.054+0000] {local_task_job_runner.py:243} INFO - Task exited with return code 1
[2025-09-10T03:15:28.102+0000] {taskinstance.py:3503} INFO - 0 downstream tasks scheduled from follow-on schedule check
[2025-09-10T03:15:28.105+0000] {local_task_job_runner.py:222} INFO - ::endgroup::
[2025-09-10T03:17:41.664+0000] {local_task_job_runner.py:120} INFO - ::group::Pre task execution logs
[2025-09-10T03:17:41.693+0000] {taskinstance.py:2076} INFO - Dependencies all met for dep_context=non-requeueable deps ti=<TaskInstance: dbt_run_models.run_dbt_models scheduled__2025-09-10T02:00:00+00:00 [queued]>
[2025-09-10T03:17:41.702+0000] {taskinstance.py:2076} INFO - Dependencies all met for dep_context=requeueable deps ti=<TaskInstance: dbt_run_models.run_dbt_models scheduled__2025-09-10T02:00:00+00:00 [queued]>
[2025-09-10T03:17:41.703+0000] {taskinstance.py:2306} INFO - Starting attempt 1 of 2
[2025-09-10T03:17:41.722+0000] {taskinstance.py:2330} INFO - Executing <Task(BashOperator): run_dbt_models> on 2025-09-10 02:00:00+00:00
[2025-09-10T03:17:41.729+0000] {warnings.py:112} WARNING - /home/airflow/.local/lib/python3.12/site-packages/airflow/task/task_runner/standard_task_runner.py:62: DeprecationWarning: This process (pid=3597) is multi-threaded, use of fork() may lead to deadlocks in the child.
  pid = os.fork()

[2025-09-10T03:17:41.730+0000] {standard_task_runner.py:64} INFO - Started process 3598 to run task
[2025-09-10T03:17:41.732+0000] {standard_task_runner.py:90} INFO - Running: ['airflow', 'tasks', 'run', 'dbt_run_models', 'run_dbt_models', 'scheduled__2025-09-10T02:00:00+00:00', '--job-id', '1338', '--raw', '--subdir', 'DAGS_FOLDER/dbt_dag.py', '--cfg-path', '/tmp/tmpqnl12fm6']
[2025-09-10T03:17:41.732+0000] {standard_task_runner.py:91} INFO - Job 1338: Subtask run_dbt_models
[2025-09-10T03:17:41.765+0000] {warnings.py:112} WARNING - /home/airflow/.local/lib/python3.12/site-packages/airflow/settings.py:195: DeprecationWarning: The sql_alchemy_conn option in [core] has been moved to the sql_alchemy_conn option in [database] - the old setting has been used, but please update your config.
  SQL_ALCHEMY_CONN = conf.get("database", "SQL_ALCHEMY_CONN")

[2025-09-10T03:17:41.809+0000] {task_command.py:426} INFO - Running <TaskInstance: dbt_run_models.run_dbt_models scheduled__2025-09-10T02:00:00+00:00 [running]> on host b5ea13053d47
[2025-09-10T03:17:42.035+0000] {taskinstance.py:2648} INFO - Exporting env vars: AIRFLOW_CTX_DAG_OWNER='airflow' AIRFLOW_CTX_DAG_ID='dbt_run_models' AIRFLOW_CTX_TASK_ID='run_dbt_models' AIRFLOW_CTX_EXECUTION_DATE='2025-09-10T02:00:00+00:00' AIRFLOW_CTX_TRY_NUMBER='1' AIRFLOW_CTX_DAG_RUN_ID='scheduled__2025-09-10T02:00:00+00:00'
[2025-09-10T03:17:42.037+0000] {taskinstance.py:430} INFO - ::endgroup::
[2025-09-10T03:17:42.063+0000] {subprocess.py:63} INFO - Tmp dir root location: /tmp
[2025-09-10T03:17:42.064+0000] {subprocess.py:75} INFO - Running command: ['/usr/bin/bash', '-c', '\n        cd /usr/app &&         dbt run --profiles-dir /usr/app\n        ']
[2025-09-10T03:17:42.090+0000] {subprocess.py:86} INFO - Output:
[2025-09-10T03:17:45.980+0000] {subprocess.py:93} INFO - [0m03:17:45  Running with dbt=1.7.9
[2025-09-10T03:17:46.424+0000] {subprocess.py:93} INFO - [0m03:17:46  Registered adapter: postgres=1.7.9
[2025-09-10T03:17:46.493+0000] {subprocess.py:93} INFO - [0m03:17:46  [[33mWARNING[0m]: Configuration paths exist in your dbt_project.yml file which do not apply to any resources.
[2025-09-10T03:17:46.494+0000] {subprocess.py:93} INFO - There are 1 unused configuration paths:
[2025-09-10T03:17:46.495+0000] {subprocess.py:93} INFO - - models.my_project.sources
[2025-09-10T03:17:46.522+0000] {subprocess.py:93} INFO - [0m03:17:46  Found 15 models, 7 sources, 0 exposures, 0 metrics, 401 macros, 0 groups, 0 semantic models
[2025-09-10T03:17:46.526+0000] {subprocess.py:93} INFO - [0m03:17:46
[2025-09-10T03:17:46.803+0000] {subprocess.py:93} INFO - [0m03:17:46  Concurrency: 4 threads (target='dev')
[2025-09-10T03:17:46.805+0000] {subprocess.py:93} INFO - [0m03:17:46
[2025-09-10T03:17:46.833+0000] {subprocess.py:93} INFO - [0m03:17:46  1 of 15 START sql view model analytics.stg_AOV ................................. [RUN]
[2025-09-10T03:17:46.838+0000] {subprocess.py:93} INFO - [0m03:17:46  2 of 15 START sql view model analytics.stg_order_count_year .................... [RUN]
[2025-09-10T03:17:46.840+0000] {subprocess.py:93} INFO - [0m03:17:46  3 of 15 START sql view model analytics.stg_order_details ....................... [RUN]
[2025-09-10T03:17:46.842+0000] {subprocess.py:93} INFO - [0m03:17:46  4 of 15 START sql view model analytics.stg_order_items ......................... [RUN]
[2025-09-10T03:17:47.646+0000] {subprocess.py:93} INFO - [0m03:17:47  3 of 15 OK created sql view model analytics.stg_order_details .................. [[32mCREATE VIEW[0m in 0.79s]
[2025-09-10T03:17:47.652+0000] {subprocess.py:93} INFO - [0m03:17:47  2 of 15 OK created sql view model analytics.stg_order_count_year ............... [[32mCREATE VIEW[0m in 0.79s]
[2025-09-10T03:17:47.678+0000] {subprocess.py:93} INFO - [0m03:17:47  4 of 15 OK created sql view model analytics.stg_order_items .................... [[32mCREATE VIEW[0m in 0.81s]
[2025-09-10T03:17:47.685+0000] {subprocess.py:93} INFO - [0m03:17:47  5 of 15 START sql view model analytics.stg_orders .............................. [RUN]
[2025-09-10T03:17:47.689+0000] {subprocess.py:93} INFO - [0m03:17:47  1 of 15 OK created sql view model analytics.stg_AOV ............................ [[32mCREATE VIEW[0m in 0.83s]
[2025-09-10T03:17:47.692+0000] {subprocess.py:93} INFO - [0m03:17:47  6 of 15 START sql view model analytics.stg_payments ............................ [RUN]
[2025-09-10T03:17:47.722+0000] {subprocess.py:93} INFO - [0m03:17:47  7 of 15 START sql view model analytics.stg_products ............................ [RUN]
[2025-09-10T03:17:47.731+0000] {subprocess.py:93} INFO - [0m03:17:47  8 of 15 START sql table model analytics.order_count_year ....................... [RUN]
[2025-09-10T03:17:48.247+0000] {subprocess.py:93} INFO - [0m03:17:48  5 of 15 OK created sql view model analytics.stg_orders ......................... [[32mCREATE VIEW[0m in 0.54s]
[2025-09-10T03:17:48.269+0000] {subprocess.py:93} INFO - [0m03:17:48  6 of 15 OK created sql view model analytics.stg_payments ....................... [[32mCREATE VIEW[0m in 0.56s]
[2025-09-10T03:17:48.313+0000] {subprocess.py:93} INFO - [0m03:17:48  9 of 15 START sql table model analytics.order_count_year+month_diff ............ [RUN]
[2025-09-10T03:17:48.327+0000] {subprocess.py:93} INFO - [0m03:17:48  10 of 15 START sql table model analytics.AOV_chek .............................. [RUN]
[2025-09-10T03:17:48.387+0000] {subprocess.py:93} INFO - [0m03:17:48  8 of 15 OK created sql table model analytics.order_count_year .................. [[32mSELECT 4[0m in 0.64s]
[2025-09-10T03:17:48.389+0000] {subprocess.py:93} INFO - [0m03:17:48  7 of 15 OK created sql view model analytics.stg_products ....................... [[32mCREATE VIEW[0m in 0.65s]
[2025-09-10T03:17:48.422+0000] {subprocess.py:93} INFO - [0m03:17:48  11 of 15 START sql table model analytics.orders_summary ........................ [RUN]
[2025-09-10T03:17:48.437+0000] {subprocess.py:93} INFO - [0m03:17:48  12 of 15 START sql table model analytics.AVG_AOV_chek .......................... [RUN]
[2025-09-10T03:17:48.854+0000] {subprocess.py:93} INFO - [0m03:17:48  9 of 15 OK created sql table model analytics.order_count_year+month_diff ....... [[32mSELECT 28[0m in 0.51s]
[2025-09-10T03:17:48.886+0000] {subprocess.py:93} INFO - [0m03:17:48  10 of 15 OK created sql table model analytics.AOV_chek ......................... [[32mSELECT 50[0m in 0.53s]
[2025-09-10T03:17:48.887+0000] {subprocess.py:93} INFO - [0m03:17:48  13 of 15 START sql table model analytics.AOV_EBITDA_COUNT ...................... [RUN]
[2025-09-10T03:17:48.900+0000] {subprocess.py:93} INFO - [0m03:17:48  11 of 15 OK created sql table model analytics.orders_summary ................... [[32mSELECT 10000[0m in 0.46s]
[2025-09-10T03:17:48.920+0000] {subprocess.py:93} INFO - [0m03:17:48  14 of 15 START sql table model analytics.AOV_category .......................... [RUN]
[2025-09-10T03:17:48.955+0000] {subprocess.py:93} INFO - [0m03:17:48  15 of 15 START sql table model analytics.AOV_product_name ...................... [RUN]
[2025-09-10T03:17:49.022+0000] {subprocess.py:93} INFO - [0m03:17:49  12 of 15 OK created sql table model analytics.AVG_AOV_chek ..................... [[32mSELECT 16863[0m in 0.55s]
[2025-09-10T03:17:49.250+0000] {subprocess.py:93} INFO - [0m03:17:49  13 of 15 ERROR creating sql table model analytics.AOV_EBITDA_COUNT ............. [[31mERROR[0m in 0.35s]
[2025-09-10T03:17:49.303+0000] {subprocess.py:93} INFO - [0m03:17:49  14 of 15 ERROR creating sql table model analytics.AOV_category ................. [[31mERROR[0m in 0.35s]
[2025-09-10T03:17:49.326+0000] {subprocess.py:93} INFO - [0m03:17:49  15 of 15 ERROR creating sql table model analytics.AOV_product_name ............. [[31mERROR[0m in 0.34s]
[2025-09-10T03:17:49.351+0000] {subprocess.py:93} INFO - [0m03:17:49
[2025-09-10T03:17:49.352+0000] {subprocess.py:93} INFO - [0m03:17:49  Finished running 7 view models, 8 table models in 0 hours 0 minutes and 2.82 seconds (2.82s).
[2025-09-10T03:17:49.370+0000] {subprocess.py:93} INFO - [0m03:17:49
[2025-09-10T03:17:49.371+0000] {subprocess.py:93} INFO - [0m03:17:49  [31mCompleted with 3 errors and 0 warnings:[0m
[2025-09-10T03:17:49.375+0000] {subprocess.py:93} INFO - [0m03:17:49
[2025-09-10T03:17:49.375+0000] {subprocess.py:93} INFO - [0m03:17:49    Database Error in model AOV_EBITDA_COUNT (models/marts/AOV_EBITDA_COUNT.sql)
[2025-09-10T03:17:49.375+0000] {subprocess.py:93} INFO -   type "avg_order_value" does not exist
[2025-09-10T03:17:49.376+0000] {subprocess.py:93} INFO -   LINE 26: order by avg_order_value
[2025-09-10T03:17:49.376+0000] {subprocess.py:93} INFO -                     ^
[2025-09-10T03:17:49.376+0000] {subprocess.py:93} INFO -   compiled Code at target/run/my_project/models/marts/AOV_EBITDA_COUNT.sql
[2025-09-10T03:17:49.377+0000] {subprocess.py:93} INFO - [0m03:17:49
[2025-09-10T03:17:49.377+0000] {subprocess.py:93} INFO - [0m03:17:49    Database Error in model AOV_category (models/marts/AOV_category.sql)
[2025-09-10T03:17:49.377+0000] {subprocess.py:93} INFO -   type "avg_order_value" does not exist
[2025-09-10T03:17:49.378+0000] {subprocess.py:93} INFO -   LINE 29: order by avg_order_value
[2025-09-10T03:17:49.378+0000] {subprocess.py:93} INFO -                     ^
[2025-09-10T03:17:49.378+0000] {subprocess.py:93} INFO -   compiled Code at target/run/my_project/models/marts/AOV_category.sql
[2025-09-10T03:17:49.379+0000] {subprocess.py:93} INFO - [0m03:17:49
[2025-09-10T03:17:49.379+0000] {subprocess.py:93} INFO - [0m03:17:49    Database Error in model AOV_product_name (models/marts/AOV_product_name.sql)
[2025-09-10T03:17:49.379+0000] {subprocess.py:93} INFO -   type "avg_order_value" does not exist
[2025-09-10T03:17:49.379+0000] {subprocess.py:93} INFO -   LINE 30: order by avg_order_value
[2025-09-10T03:17:49.379+0000] {subprocess.py:93} INFO -                     ^
[2025-09-10T03:17:49.380+0000] {subprocess.py:93} INFO -   compiled Code at target/run/my_project/models/marts/AOV_product_name.sql
[2025-09-10T03:17:49.380+0000] {subprocess.py:93} INFO - [0m03:17:49
[2025-09-10T03:17:49.380+0000] {subprocess.py:93} INFO - [0m03:17:49  Done. PASS=12 WARN=0 ERROR=3 SKIP=0 TOTAL=15
[2025-09-10T03:17:59.954+0000] {subprocess.py:97} INFO - Command exited with return code 1
[2025-09-10T03:17:59.955+0000] {taskinstance.py:441} INFO - ::group::Post task execution logs
[2025-09-10T03:17:59.985+0000] {taskinstance.py:2905} ERROR - Task failed with exception
Traceback (most recent call last):
  File "/home/airflow/.local/lib/python3.12/site-packages/airflow/models/taskinstance.py", line 465, in _execute_task
    result = _execute_callable(context=context, **execute_callable_kwargs)
             ^^^^^^^^^^^^^^^^^^^^^^^^^^^^^^^^^^^^^^^^^^^^^^^^^^^^^^^^^^^^^
  File "/home/airflow/.local/lib/python3.12/site-packages/airflow/models/taskinstance.py", line 432, in _execute_callable
    return execute_callable(context=context, **execute_callable_kwargs)
           ^^^^^^^^^^^^^^^^^^^^^^^^^^^^^^^^^^^^^^^^^^^^^^^^^^^^^^^^^^^^
  File "/home/airflow/.local/lib/python3.12/site-packages/airflow/models/baseoperator.py", line 401, in wrapper
    return func(self, *args, **kwargs)
           ^^^^^^^^^^^^^^^^^^^^^^^^^^^
  File "/home/airflow/.local/lib/python3.12/site-packages/airflow/operators/bash.py", line 243, in execute
    raise AirflowException(
airflow.exceptions.AirflowException: Bash command failed. The command returned a non-zero exit code 1.
[2025-09-10T03:17:59.996+0000] {taskinstance.py:1206} INFO - Marking task as UP_FOR_RETRY. dag_id=dbt_run_models, task_id=run_dbt_models, run_id=scheduled__2025-09-10T02:00:00+00:00, execution_date=20250910T020000, start_date=20250910T031741, end_date=20250910T031759
[2025-09-10T03:18:00.047+0000] {standard_task_runner.py:110} ERROR - Failed to execute job 1338 for task run_dbt_models (Bash command failed. The command returned a non-zero exit code 1.; 3598)
[2025-09-10T03:18:00.092+0000] {local_task_job_runner.py:243} INFO - Task exited with return code 1
[2025-09-10T03:18:00.143+0000] {taskinstance.py:3503} INFO - 0 downstream tasks scheduled from follow-on schedule check
[2025-09-10T03:18:00.149+0000] {local_task_job_runner.py:222} INFO - ::endgroup::
[2025-09-10T03:30:28.687+0000] {local_task_job_runner.py:120} INFO - ::group::Pre task execution logs
[2025-09-10T03:30:28.732+0000] {taskinstance.py:2076} INFO - Dependencies all met for dep_context=non-requeueable deps ti=<TaskInstance: dbt_run_models.run_dbt_models scheduled__2025-09-10T02:00:00+00:00 [queued]>
[2025-09-10T03:30:28.749+0000] {taskinstance.py:2076} INFO - Dependencies all met for dep_context=requeueable deps ti=<TaskInstance: dbt_run_models.run_dbt_models scheduled__2025-09-10T02:00:00+00:00 [queued]>
[2025-09-10T03:30:28.749+0000] {taskinstance.py:2306} INFO - Starting attempt 1 of 2
[2025-09-10T03:30:28.779+0000] {taskinstance.py:2330} INFO - Executing <Task(BashOperator): run_dbt_models> on 2025-09-10 02:00:00+00:00
[2025-09-10T03:30:28.790+0000] {warnings.py:112} WARNING - /home/airflow/.local/lib/python3.12/site-packages/airflow/task/task_runner/standard_task_runner.py:62: DeprecationWarning: This process (pid=3667) is multi-threaded, use of fork() may lead to deadlocks in the child.
  pid = os.fork()

[2025-09-10T03:30:28.792+0000] {standard_task_runner.py:64} INFO - Started process 3668 to run task
[2025-09-10T03:30:28.792+0000] {standard_task_runner.py:90} INFO - Running: ['airflow', 'tasks', 'run', 'dbt_run_models', 'run_dbt_models', 'scheduled__2025-09-10T02:00:00+00:00', '--job-id', '1342', '--raw', '--subdir', 'DAGS_FOLDER/dbt_dag.py', '--cfg-path', '/tmp/tmp3ibxr2lu']
[2025-09-10T03:30:28.793+0000] {standard_task_runner.py:91} INFO - Job 1342: Subtask run_dbt_models
[2025-09-10T03:30:28.810+0000] {warnings.py:112} WARNING - /home/airflow/.local/lib/python3.12/site-packages/airflow/settings.py:195: DeprecationWarning: The sql_alchemy_conn option in [core] has been moved to the sql_alchemy_conn option in [database] - the old setting has been used, but please update your config.
  SQL_ALCHEMY_CONN = conf.get("database", "SQL_ALCHEMY_CONN")

[2025-09-10T03:30:28.869+0000] {task_command.py:426} INFO - Running <TaskInstance: dbt_run_models.run_dbt_models scheduled__2025-09-10T02:00:00+00:00 [running]> on host b5ea13053d47
[2025-09-10T03:30:29.021+0000] {taskinstance.py:2648} INFO - Exporting env vars: AIRFLOW_CTX_DAG_OWNER='airflow' AIRFLOW_CTX_DAG_ID='dbt_run_models' AIRFLOW_CTX_TASK_ID='run_dbt_models' AIRFLOW_CTX_EXECUTION_DATE='2025-09-10T02:00:00+00:00' AIRFLOW_CTX_TRY_NUMBER='1' AIRFLOW_CTX_DAG_RUN_ID='scheduled__2025-09-10T02:00:00+00:00'
[2025-09-10T03:30:29.022+0000] {taskinstance.py:430} INFO - ::endgroup::
[2025-09-10T03:30:29.063+0000] {subprocess.py:63} INFO - Tmp dir root location: /tmp
[2025-09-10T03:30:29.065+0000] {subprocess.py:75} INFO - Running command: ['/usr/bin/bash', '-c', '\n        cd /usr/app &&         dbt run --profiles-dir /usr/app\n        ']
[2025-09-10T03:30:29.088+0000] {subprocess.py:86} INFO - Output:
[2025-09-10T03:30:33.980+0000] {subprocess.py:93} INFO - [0m03:30:33  Running with dbt=1.7.9
[2025-09-10T03:30:34.658+0000] {subprocess.py:93} INFO - [0m03:30:34  Registered adapter: postgres=1.7.9
[2025-09-10T03:30:34.839+0000] {subprocess.py:93} INFO - [0m03:30:34  [[33mWARNING[0m]: Configuration paths exist in your dbt_project.yml file which do not apply to any resources.
[2025-09-10T03:30:34.840+0000] {subprocess.py:93} INFO - There are 1 unused configuration paths:
[2025-09-10T03:30:34.845+0000] {subprocess.py:93} INFO - - models.my_project.sources
[2025-09-10T03:30:34.970+0000] {subprocess.py:93} INFO - [0m03:30:34  Found 15 models, 7 sources, 0 exposures, 0 metrics, 401 macros, 0 groups, 0 semantic models
[2025-09-10T03:30:34.991+0000] {subprocess.py:93} INFO - [0m03:30:34
[2025-09-10T03:30:35.640+0000] {subprocess.py:93} INFO - [0m03:30:35  Concurrency: 4 threads (target='dev')
[2025-09-10T03:30:35.642+0000] {subprocess.py:93} INFO - [0m03:30:35
[2025-09-10T03:30:35.722+0000] {subprocess.py:93} INFO - [0m03:30:35  1 of 15 START sql view model analytics.stg_AOV ................................. [RUN]
[2025-09-10T03:30:35.729+0000] {subprocess.py:93} INFO - [0m03:30:35  2 of 15 START sql view model analytics.stg_order_count_year .................... [RUN]
[2025-09-10T03:30:35.732+0000] {subprocess.py:93} INFO - [0m03:30:35  3 of 15 START sql view model analytics.stg_order_details ....................... [RUN]
[2025-09-10T03:30:35.736+0000] {subprocess.py:93} INFO - [0m03:30:35  4 of 15 START sql view model analytics.stg_order_items ......................... [RUN]
[2025-09-10T03:30:38.776+0000] {subprocess.py:93} INFO - [0m03:30:38  3 of 15 OK created sql view model analytics.stg_order_details .................. [[32mCREATE VIEW[0m in 3.00s]
[2025-09-10T03:30:38.783+0000] {subprocess.py:93} INFO - [0m03:30:38  4 of 15 OK created sql view model analytics.stg_order_items .................... [[32mCREATE VIEW[0m in 3.01s]
[2025-09-10T03:30:38.789+0000] {subprocess.py:93} INFO - [0m03:30:38  2 of 15 OK created sql view model analytics.stg_order_count_year ............... [[32mCREATE VIEW[0m in 3.02s]
[2025-09-10T03:30:38.822+0000] {subprocess.py:93} INFO - [0m03:30:38  1 of 15 OK created sql view model analytics.stg_AOV ............................ [[32mCREATE VIEW[0m in 3.06s]
[2025-09-10T03:30:38.841+0000] {subprocess.py:93} INFO - [0m03:30:38  5 of 15 START sql view model analytics.stg_orders .............................. [RUN]
[2025-09-10T03:30:38.854+0000] {subprocess.py:93} INFO - [0m03:30:38  6 of 15 START sql view model analytics.stg_payments ............................ [RUN]
[2025-09-10T03:30:38.858+0000] {subprocess.py:93} INFO - [0m03:30:38  7 of 15 START sql view model analytics.stg_products ............................ [RUN]
[2025-09-10T03:30:38.889+0000] {subprocess.py:93} INFO - [0m03:30:38  8 of 15 START sql table model analytics.order_count_year ....................... [RUN]
[2025-09-10T03:30:39.897+0000] {subprocess.py:93} INFO - [0m03:30:39  5 of 15 OK created sql view model analytics.stg_orders ......................... [[32mCREATE VIEW[0m in 1.03s]
[2025-09-10T03:30:39.976+0000] {subprocess.py:93} INFO - [0m03:30:39  9 of 15 START sql table model analytics.order_count_year+month_diff ............ [RUN]
[2025-09-10T03:30:39.986+0000] {subprocess.py:93} INFO - [0m03:30:39  6 of 15 OK created sql view model analytics.stg_payments ....................... [[32mCREATE VIEW[0m in 1.09s]
[2025-09-10T03:30:39.991+0000] {subprocess.py:93} INFO - [0m03:30:39  7 of 15 OK created sql view model analytics.stg_products ....................... [[32mCREATE VIEW[0m in 1.10s]
[2025-09-10T03:30:40.054+0000] {subprocess.py:93} INFO - [0m03:30:40  10 of 15 START sql table model analytics.AOV_chek .............................. [RUN]
[2025-09-10T03:30:40.074+0000] {subprocess.py:93} INFO - [0m03:30:40  11 of 15 START sql table model analytics.orders_summary ........................ [RUN]
[2025-09-10T03:30:40.333+0000] {subprocess.py:93} INFO - [0m03:30:40  8 of 15 OK created sql table model analytics.order_count_year .................. [[32mSELECT 4[0m in 1.38s]
[2025-09-10T03:30:40.390+0000] {subprocess.py:93} INFO - [0m03:30:40  12 of 15 START sql table model analytics.AVG_AOV_chek .......................... [RUN]
[2025-09-10T03:30:41.043+0000] {subprocess.py:93} INFO - [0m03:30:41  9 of 15 OK created sql table model analytics.order_count_year+month_diff ....... [[32mSELECT 28[0m in 1.03s]
[2025-09-10T03:30:41.124+0000] {subprocess.py:93} INFO - [0m03:30:41  13 of 15 START sql table model analytics.AOV_EBITDA_COUNT ...................... [RUN]
[2025-09-10T03:30:41.142+0000] {subprocess.py:93} INFO - [0m03:30:41  10 of 15 OK created sql table model analytics.AOV_chek ......................... [[32mSELECT 50[0m in 1.02s]
[2025-09-10T03:30:41.213+0000] {subprocess.py:93} INFO - [0m03:30:41  14 of 15 START sql table model analytics.AOV_category .......................... [RUN]
[2025-09-10T03:30:41.312+0000] {subprocess.py:93} INFO - [0m03:30:41  11 of 15 OK created sql table model analytics.orders_summary ................... [[32mSELECT 10000[0m in 1.14s]
[2025-09-10T03:30:41.617+0000] {subprocess.py:93} INFO - [0m03:30:41  15 of 15 START sql table model analytics.AOV_product_name ...................... [RUN]
[2025-09-10T03:30:41.733+0000] {subprocess.py:93} INFO - [0m03:30:41  12 of 15 OK created sql table model analytics.AVG_AOV_chek ..................... [[32mSELECT 16863[0m in 1.32s]
[2025-09-10T03:30:41.989+0000] {subprocess.py:93} INFO - [0m03:30:41  14 of 15 ERROR creating sql table model analytics.AOV_category ................. [[31mERROR[0m in 0.74s]
[2025-09-10T03:30:42.051+0000] {subprocess.py:93} INFO - [0m03:30:42  15 of 15 ERROR creating sql table model analytics.AOV_product_name ............. [[31mERROR[0m in 0.42s]
[2025-09-10T03:30:42.146+0000] {subprocess.py:93} INFO - [0m03:30:42  13 of 15 OK created sql table model analytics.AOV_EBITDA_COUNT ................. [[32mSELECT 1[0m in 1.00s]
[2025-09-10T03:30:42.183+0000] {subprocess.py:93} INFO - [0m03:30:42
[2025-09-10T03:30:42.184+0000] {subprocess.py:93} INFO - [0m03:30:42  Finished running 7 view models, 8 table models in 0 hours 0 minutes and 7.19 seconds (7.19s).
[2025-09-10T03:30:42.212+0000] {subprocess.py:93} INFO - [0m03:30:42
[2025-09-10T03:30:42.213+0000] {subprocess.py:93} INFO - [0m03:30:42  [31mCompleted with 2 errors and 0 warnings:[0m
[2025-09-10T03:30:42.214+0000] {subprocess.py:93} INFO - [0m03:30:42
[2025-09-10T03:30:42.214+0000] {subprocess.py:93} INFO - [0m03:30:42    Database Error in model AOV_category (models/marts/AOV_category.sql)
[2025-09-10T03:30:42.215+0000] {subprocess.py:93} INFO -   type "avg_order_value" does not exist
[2025-09-10T03:30:42.215+0000] {subprocess.py:93} INFO -   LINE 29: order by avg_order_value
[2025-09-10T03:30:42.215+0000] {subprocess.py:93} INFO -                     ^
[2025-09-10T03:30:42.216+0000] {subprocess.py:93} INFO -   compiled Code at target/run/my_project/models/marts/AOV_category.sql
[2025-09-10T03:30:42.216+0000] {subprocess.py:93} INFO - [0m03:30:42
[2025-09-10T03:30:42.217+0000] {subprocess.py:93} INFO - [0m03:30:42    Database Error in model AOV_product_name (models/marts/AOV_product_name.sql)
[2025-09-10T03:30:42.217+0000] {subprocess.py:93} INFO -   type "avg_order_value" does not exist
[2025-09-10T03:30:42.217+0000] {subprocess.py:93} INFO -   LINE 27: order by avg_order_value
[2025-09-10T03:30:42.218+0000] {subprocess.py:93} INFO -                     ^
[2025-09-10T03:30:42.218+0000] {subprocess.py:93} INFO -   compiled Code at target/run/my_project/models/marts/AOV_product_name.sql
[2025-09-10T03:30:42.218+0000] {subprocess.py:93} INFO - [0m03:30:42
[2025-09-10T03:30:42.219+0000] {subprocess.py:93} INFO - [0m03:30:42  Done. PASS=13 WARN=0 ERROR=2 SKIP=0 TOTAL=15
[2025-09-10T03:30:52.775+0000] {subprocess.py:97} INFO - Command exited with return code 1
[2025-09-10T03:30:52.776+0000] {taskinstance.py:441} INFO - ::group::Post task execution logs
[2025-09-10T03:30:52.810+0000] {taskinstance.py:2905} ERROR - Task failed with exception
Traceback (most recent call last):
  File "/home/airflow/.local/lib/python3.12/site-packages/airflow/models/taskinstance.py", line 465, in _execute_task
    result = _execute_callable(context=context, **execute_callable_kwargs)
             ^^^^^^^^^^^^^^^^^^^^^^^^^^^^^^^^^^^^^^^^^^^^^^^^^^^^^^^^^^^^^
  File "/home/airflow/.local/lib/python3.12/site-packages/airflow/models/taskinstance.py", line 432, in _execute_callable
    return execute_callable(context=context, **execute_callable_kwargs)
           ^^^^^^^^^^^^^^^^^^^^^^^^^^^^^^^^^^^^^^^^^^^^^^^^^^^^^^^^^^^^
  File "/home/airflow/.local/lib/python3.12/site-packages/airflow/models/baseoperator.py", line 401, in wrapper
    return func(self, *args, **kwargs)
           ^^^^^^^^^^^^^^^^^^^^^^^^^^^
  File "/home/airflow/.local/lib/python3.12/site-packages/airflow/operators/bash.py", line 243, in execute
    raise AirflowException(
airflow.exceptions.AirflowException: Bash command failed. The command returned a non-zero exit code 1.
[2025-09-10T03:30:52.822+0000] {taskinstance.py:1206} INFO - Marking task as UP_FOR_RETRY. dag_id=dbt_run_models, task_id=run_dbt_models, run_id=scheduled__2025-09-10T02:00:00+00:00, execution_date=20250910T020000, start_date=20250910T033028, end_date=20250910T033052
[2025-09-10T03:30:52.870+0000] {standard_task_runner.py:110} ERROR - Failed to execute job 1342 for task run_dbt_models (Bash command failed. The command returned a non-zero exit code 1.; 3668)
[2025-09-10T03:30:52.917+0000] {local_task_job_runner.py:243} INFO - Task exited with return code 1
[2025-09-10T03:30:52.989+0000] {taskinstance.py:3503} INFO - 0 downstream tasks scheduled from follow-on schedule check
[2025-09-10T03:30:52.993+0000] {local_task_job_runner.py:222} INFO - ::endgroup::
