[2025-08-26T13:00:02.587+0000] {local_task_job_runner.py:120} INFO - ::group::Pre task execution logs
[2025-08-26T13:00:02.629+0000] {taskinstance.py:2076} INFO - Dependencies all met for dep_context=non-requeueable deps ti=<TaskInstance: import_csv_to_postgres.load_csv_to_postgres scheduled__2025-08-26T12:30:00+00:00 [queued]>
[2025-08-26T13:00:02.645+0000] {taskinstance.py:2076} INFO - Dependencies all met for dep_context=requeueable deps ti=<TaskInstance: import_csv_to_postgres.load_csv_to_postgres scheduled__2025-08-26T12:30:00+00:00 [queued]>
[2025-08-26T13:00:02.645+0000] {taskinstance.py:2306} INFO - Starting attempt 1 of 1
[2025-08-26T13:00:02.666+0000] {taskinstance.py:2330} INFO - Executing <Task(PythonOperator): load_csv_to_postgres> on 2025-08-26 12:30:00+00:00
[2025-08-26T13:00:02.676+0000] {warnings.py:112} WARNING - /home/airflow/.local/lib/python3.12/site-packages/airflow/task/task_runner/standard_task_runner.py:62: DeprecationWarning: This process (pid=1133) is multi-threaded, use of fork() may lead to deadlocks in the child.
  pid = os.fork()

[2025-08-26T13:00:02.678+0000] {standard_task_runner.py:64} INFO - Started process 1135 to run task
[2025-08-26T13:00:02.683+0000] {standard_task_runner.py:90} INFO - Running: ['airflow', 'tasks', 'run', 'import_csv_to_postgres', 'load_csv_to_postgres', 'scheduled__2025-08-26T12:30:00+00:00', '--job-id', '611', '--raw', '--subdir', 'DAGS_FOLDER/csv_to_postgres_dag.py', '--cfg-path', '/tmp/tmp99tsgp8i']
[2025-08-26T13:00:02.686+0000] {standard_task_runner.py:91} INFO - Job 611: Subtask load_csv_to_postgres
[2025-08-26T13:00:02.707+0000] {warnings.py:112} WARNING - /home/airflow/.local/lib/python3.12/site-packages/airflow/settings.py:195: DeprecationWarning: The sql_alchemy_conn option in [core] has been moved to the sql_alchemy_conn option in [database] - the old setting has been used, but please update your config.
  SQL_ALCHEMY_CONN = conf.get("database", "SQL_ALCHEMY_CONN")

[2025-08-26T13:00:02.763+0000] {task_command.py:426} INFO - Running <TaskInstance: import_csv_to_postgres.load_csv_to_postgres scheduled__2025-08-26T12:30:00+00:00 [running]> on host b5ea13053d47
[2025-08-26T13:00:02.909+0000] {taskinstance.py:2648} INFO - Exporting env vars: AIRFLOW_CTX_DAG_OWNER='airflow' AIRFLOW_CTX_DAG_ID='import_csv_to_postgres' AIRFLOW_CTX_TASK_ID='load_csv_to_postgres' AIRFLOW_CTX_EXECUTION_DATE='2025-08-26T12:30:00+00:00' AIRFLOW_CTX_TRY_NUMBER='1' AIRFLOW_CTX_DAG_RUN_ID='scheduled__2025-08-26T12:30:00+00:00'
[2025-08-26T13:00:02.912+0000] {taskinstance.py:430} INFO - ::endgroup::
[2025-08-26T13:00:02.961+0000] {base.py:84} INFO - Using connection ID 'postgres_conn' for task execution.
[2025-08-26T13:00:03.853+0000] {logging_mixin.py:188} INFO - ✅ Загружен файл shipments.csv в таблицу shipments
[2025-08-26T13:00:04.212+0000] {logging_mixin.py:188} INFO - ✅ Загружен файл customers.csv в таблицу customers
[2025-08-26T13:00:04.772+0000] {logging_mixin.py:188} INFO - ✅ Загружен файл orders.csv в таблицу orders
[2025-08-26T13:00:04.836+0000] {logging_mixin.py:188} INFO - ✅ Загружен файл products.csv в таблицу products
[2025-08-26T13:00:05.385+0000] {logging_mixin.py:188} INFO - ✅ Загружен файл order_items.csv в таблицу order_items
[2025-08-26T13:00:05.402+0000] {logging_mixin.py:188} INFO - ✅ Загружен файл suppliers.csv в таблицу suppliers
[2025-08-26T13:00:05.808+0000] {logging_mixin.py:188} INFO - ✅ Загружен файл payment.csv в таблицу payment
[2025-08-26T13:00:05.846+0000] {logging_mixin.py:188} INFO - ✅ Загружен файл reviews.csv в таблицу reviews
[2025-08-26T13:00:05.846+0000] {python.py:237} INFO - Done. Returned value was: None
[2025-08-26T13:00:05.847+0000] {taskinstance.py:441} INFO - ::group::Post task execution logs
[2025-08-26T13:00:05.856+0000] {taskinstance.py:1206} INFO - Marking task as SUCCESS. dag_id=import_csv_to_postgres, task_id=load_csv_to_postgres, run_id=scheduled__2025-08-26T12:30:00+00:00, execution_date=20250826T123000, start_date=20250826T130002, end_date=20250826T130005
[2025-08-26T13:00:05.895+0000] {local_task_job_runner.py:243} INFO - Task exited with return code 0
[2025-08-26T13:00:05.914+0000] {taskinstance.py:3503} INFO - 0 downstream tasks scheduled from follow-on schedule check
[2025-08-26T13:00:05.919+0000] {local_task_job_runner.py:222} INFO - ::endgroup::
