[2025-09-03T05:00:01.166+0000] {local_task_job_runner.py:120} INFO - ::group::Pre task execution logs
[2025-09-03T05:00:01.230+0000] {taskinstance.py:2076} INFO - Dependencies all met for dep_context=non-requeueable deps ti=<TaskInstance: dbt_run_models.run_dbt_models scheduled__2025-09-03T04:00:00+00:00 [queued]>
[2025-09-03T05:00:01.253+0000] {taskinstance.py:2076} INFO - Dependencies all met for dep_context=requeueable deps ti=<TaskInstance: dbt_run_models.run_dbt_models scheduled__2025-09-03T04:00:00+00:00 [queued]>
[2025-09-03T05:00:01.254+0000] {taskinstance.py:2306} INFO - Starting attempt 1 of 2
[2025-09-03T05:00:01.291+0000] {taskinstance.py:2330} INFO - Executing <Task(BashOperator): run_dbt_models> on 2025-09-03 04:00:00+00:00
[2025-09-03T05:00:01.297+0000] {warnings.py:112} WARNING - /home/airflow/.local/lib/python3.12/site-packages/airflow/task/task_runner/standard_task_runner.py:62: DeprecationWarning: This process (pid=2951) is multi-threaded, use of fork() may lead to deadlocks in the child.
  pid = os.fork()

[2025-09-03T05:00:01.298+0000] {standard_task_runner.py:64} INFO - Started process 2952 to run task
[2025-09-03T05:00:01.302+0000] {standard_task_runner.py:90} INFO - Running: ['airflow', 'tasks', 'run', 'dbt_run_models', 'run_dbt_models', 'scheduled__2025-09-03T04:00:00+00:00', '--job-id', '921', '--raw', '--subdir', 'DAGS_FOLDER/dbt_dag.py', '--cfg-path', '/tmp/tmpf1lvilt0']
[2025-09-03T05:00:01.304+0000] {standard_task_runner.py:91} INFO - Job 921: Subtask run_dbt_models
[2025-09-03T05:00:01.374+0000] {warnings.py:112} WARNING - /home/airflow/.local/lib/python3.12/site-packages/airflow/settings.py:195: DeprecationWarning: The sql_alchemy_conn option in [core] has been moved to the sql_alchemy_conn option in [database] - the old setting has been used, but please update your config.
  SQL_ALCHEMY_CONN = conf.get("database", "SQL_ALCHEMY_CONN")

[2025-09-03T05:00:01.488+0000] {task_command.py:426} INFO - Running <TaskInstance: dbt_run_models.run_dbt_models scheduled__2025-09-03T04:00:00+00:00 [running]> on host b5ea13053d47
[2025-09-03T05:00:01.745+0000] {taskinstance.py:2648} INFO - Exporting env vars: AIRFLOW_CTX_DAG_OWNER='airflow' AIRFLOW_CTX_DAG_ID='dbt_run_models' AIRFLOW_CTX_TASK_ID='run_dbt_models' AIRFLOW_CTX_EXECUTION_DATE='2025-09-03T04:00:00+00:00' AIRFLOW_CTX_TRY_NUMBER='1' AIRFLOW_CTX_DAG_RUN_ID='scheduled__2025-09-03T04:00:00+00:00'
[2025-09-03T05:00:01.746+0000] {taskinstance.py:430} INFO - ::endgroup::
[2025-09-03T05:00:01.789+0000] {subprocess.py:63} INFO - Tmp dir root location: /tmp
[2025-09-03T05:00:01.790+0000] {subprocess.py:75} INFO - Running command: ['/usr/bin/bash', '-c', '\n        cd /usr/app &&         dbt run --profiles-dir /usr/app\n        ']
[2025-09-03T05:00:01.821+0000] {subprocess.py:86} INFO - Output:
[2025-09-03T05:00:05.767+0000] {subprocess.py:93} INFO - [0m05:00:05  Running with dbt=1.7.9
[2025-09-03T05:00:06.163+0000] {subprocess.py:93} INFO - [0m05:00:06  Registered adapter: postgres=1.7.9
[2025-09-03T05:00:06.406+0000] {subprocess.py:93} INFO - [0m05:00:06  Encountered an error:
[2025-09-03T05:00:06.406+0000] {subprocess.py:93} INFO - Compilation Error
[2025-09-03T05:00:06.406+0000] {subprocess.py:93} INFO -   Model 'model.my_project.order_count_year' (models/marts/order_count_year.sql) depends on a node named 'orders' in package or project 'northwind' which was not found
[2025-09-03T05:00:07.592+0000] {subprocess.py:97} INFO - Command exited with return code 2
[2025-09-03T05:00:07.593+0000] {taskinstance.py:441} INFO - ::group::Post task execution logs
[2025-09-03T05:00:07.609+0000] {taskinstance.py:2905} ERROR - Task failed with exception
Traceback (most recent call last):
  File "/home/airflow/.local/lib/python3.12/site-packages/airflow/models/taskinstance.py", line 465, in _execute_task
    result = _execute_callable(context=context, **execute_callable_kwargs)
             ^^^^^^^^^^^^^^^^^^^^^^^^^^^^^^^^^^^^^^^^^^^^^^^^^^^^^^^^^^^^^
  File "/home/airflow/.local/lib/python3.12/site-packages/airflow/models/taskinstance.py", line 432, in _execute_callable
    return execute_callable(context=context, **execute_callable_kwargs)
           ^^^^^^^^^^^^^^^^^^^^^^^^^^^^^^^^^^^^^^^^^^^^^^^^^^^^^^^^^^^^
  File "/home/airflow/.local/lib/python3.12/site-packages/airflow/models/baseoperator.py", line 401, in wrapper
    return func(self, *args, **kwargs)
           ^^^^^^^^^^^^^^^^^^^^^^^^^^^
  File "/home/airflow/.local/lib/python3.12/site-packages/airflow/operators/bash.py", line 243, in execute
    raise AirflowException(
airflow.exceptions.AirflowException: Bash command failed. The command returned a non-zero exit code 2.
[2025-09-03T05:00:07.616+0000] {taskinstance.py:1206} INFO - Marking task as UP_FOR_RETRY. dag_id=dbt_run_models, task_id=run_dbt_models, run_id=scheduled__2025-09-03T04:00:00+00:00, execution_date=20250903T040000, start_date=20250903T050001, end_date=20250903T050007
[2025-09-03T05:00:07.640+0000] {standard_task_runner.py:110} ERROR - Failed to execute job 921 for task run_dbt_models (Bash command failed. The command returned a non-zero exit code 2.; 2952)
[2025-09-03T05:00:07.678+0000] {local_task_job_runner.py:243} INFO - Task exited with return code 1
[2025-09-03T05:00:07.720+0000] {taskinstance.py:3503} INFO - 0 downstream tasks scheduled from follow-on schedule check
[2025-09-03T05:00:07.724+0000] {local_task_job_runner.py:222} INFO - ::endgroup::
[2025-09-03T05:11:48.291+0000] {local_task_job_runner.py:120} INFO - ::group::Pre task execution logs
[2025-09-03T05:11:48.337+0000] {taskinstance.py:2076} INFO - Dependencies all met for dep_context=non-requeueable deps ti=<TaskInstance: dbt_run_models.run_dbt_models scheduled__2025-09-03T04:00:00+00:00 [queued]>
[2025-09-03T05:11:48.352+0000] {taskinstance.py:2076} INFO - Dependencies all met for dep_context=requeueable deps ti=<TaskInstance: dbt_run_models.run_dbt_models scheduled__2025-09-03T04:00:00+00:00 [queued]>
[2025-09-03T05:11:48.352+0000] {taskinstance.py:2306} INFO - Starting attempt 1 of 2
[2025-09-03T05:11:48.378+0000] {taskinstance.py:2330} INFO - Executing <Task(BashOperator): run_dbt_models> on 2025-09-03 04:00:00+00:00
[2025-09-03T05:11:48.386+0000] {warnings.py:112} WARNING - /home/airflow/.local/lib/python3.12/site-packages/airflow/task/task_runner/standard_task_runner.py:62: DeprecationWarning: This process (pid=2995) is multi-threaded, use of fork() may lead to deadlocks in the child.
  pid = os.fork()

[2025-09-03T05:11:48.387+0000] {standard_task_runner.py:64} INFO - Started process 2996 to run task
[2025-09-03T05:11:48.388+0000] {standard_task_runner.py:90} INFO - Running: ['airflow', 'tasks', 'run', 'dbt_run_models', 'run_dbt_models', 'scheduled__2025-09-03T04:00:00+00:00', '--job-id', '926', '--raw', '--subdir', 'DAGS_FOLDER/dbt_dag.py', '--cfg-path', '/tmp/tmpyed5cf3y']
[2025-09-03T05:11:48.394+0000] {standard_task_runner.py:91} INFO - Job 926: Subtask run_dbt_models
[2025-09-03T05:11:48.430+0000] {warnings.py:112} WARNING - /home/airflow/.local/lib/python3.12/site-packages/airflow/settings.py:195: DeprecationWarning: The sql_alchemy_conn option in [core] has been moved to the sql_alchemy_conn option in [database] - the old setting has been used, but please update your config.
  SQL_ALCHEMY_CONN = conf.get("database", "SQL_ALCHEMY_CONN")

[2025-09-03T05:11:48.480+0000] {task_command.py:426} INFO - Running <TaskInstance: dbt_run_models.run_dbt_models scheduled__2025-09-03T04:00:00+00:00 [running]> on host b5ea13053d47
[2025-09-03T05:11:48.629+0000] {taskinstance.py:2648} INFO - Exporting env vars: AIRFLOW_CTX_DAG_OWNER='airflow' AIRFLOW_CTX_DAG_ID='dbt_run_models' AIRFLOW_CTX_TASK_ID='run_dbt_models' AIRFLOW_CTX_EXECUTION_DATE='2025-09-03T04:00:00+00:00' AIRFLOW_CTX_TRY_NUMBER='1' AIRFLOW_CTX_DAG_RUN_ID='scheduled__2025-09-03T04:00:00+00:00'
[2025-09-03T05:11:48.630+0000] {taskinstance.py:430} INFO - ::endgroup::
[2025-09-03T05:11:48.651+0000] {subprocess.py:63} INFO - Tmp dir root location: /tmp
[2025-09-03T05:11:48.652+0000] {subprocess.py:75} INFO - Running command: ['/usr/bin/bash', '-c', '\n        cd /usr/app &&         dbt run --profiles-dir /usr/app\n        ']
[2025-09-03T05:11:48.665+0000] {subprocess.py:86} INFO - Output:
[2025-09-03T05:11:53.344+0000] {subprocess.py:93} INFO - [0m05:11:53  Running with dbt=1.7.9
[2025-09-03T05:11:54.114+0000] {subprocess.py:93} INFO - [0m05:11:54  Registered adapter: postgres=1.7.9
[2025-09-03T05:11:54.456+0000] {subprocess.py:93} INFO - [0m05:11:54  [[33mWARNING[0m]: Configuration paths exist in your dbt_project.yml file which do not apply to any resources.
[2025-09-03T05:11:54.457+0000] {subprocess.py:93} INFO - There are 1 unused configuration paths:
[2025-09-03T05:11:54.458+0000] {subprocess.py:93} INFO - - models.my_project.sources
[2025-09-03T05:11:54.490+0000] {subprocess.py:93} INFO - [0m05:11:54  Found 5 models, 7 sources, 0 exposures, 0 metrics, 401 macros, 0 groups, 0 semantic models
[2025-09-03T05:11:54.495+0000] {subprocess.py:93} INFO - [0m05:11:54
[2025-09-03T05:11:54.731+0000] {subprocess.py:93} INFO - [0m05:11:54  Concurrency: 4 threads (target='dev')
[2025-09-03T05:11:54.733+0000] {subprocess.py:93} INFO - [0m05:11:54
[2025-09-03T05:11:54.759+0000] {subprocess.py:93} INFO - [0m05:11:54  1 of 5 START sql view model analytics.stg_order_count_year ..................... [RUN]
[2025-09-03T05:11:54.763+0000] {subprocess.py:93} INFO - [0m05:11:54  2 of 5 START sql view model analytics.stg_order_details ........................ [RUN]
[2025-09-03T05:11:54.771+0000] {subprocess.py:93} INFO - [0m05:11:54  3 of 5 START sql view model analytics.stg_orders ............................... [RUN]
[2025-09-03T05:11:55.358+0000] {subprocess.py:93} INFO - [0m05:11:55  2 of 5 OK created sql view model analytics.stg_order_details ................... [[32mCREATE VIEW[0m in 0.59s]
[2025-09-03T05:11:55.379+0000] {subprocess.py:93} INFO - [0m05:11:55  1 of 5 OK created sql view model analytics.stg_order_count_year ................ [[32mCREATE VIEW[0m in 0.59s]
[2025-09-03T05:11:55.394+0000] {subprocess.py:93} INFO - [0m05:11:55  3 of 5 OK created sql view model analytics.stg_orders .......................... [[32mCREATE VIEW[0m in 0.61s]
[2025-09-03T05:11:55.399+0000] {subprocess.py:93} INFO - [0m05:11:55  4 of 5 START sql table model analytics.order_count_year ........................ [RUN]
[2025-09-03T05:11:55.414+0000] {subprocess.py:93} INFO - [0m05:11:55  5 of 5 START sql table model analytics.orders_summary .......................... [RUN]
[2025-09-03T05:11:55.593+0000] {subprocess.py:93} INFO - [0m05:11:55  4 of 5 OK created sql table model analytics.order_count_year ................... [[32mSELECT 3[0m in 0.19s]
[2025-09-03T05:11:55.682+0000] {subprocess.py:93} INFO - [0m05:11:55  5 of 5 OK created sql table model analytics.orders_summary ..................... [[32mSELECT 10000[0m in 0.25s]
[2025-09-03T05:11:55.700+0000] {subprocess.py:93} INFO - [0m05:11:55
[2025-09-03T05:11:55.701+0000] {subprocess.py:93} INFO - [0m05:11:55  Finished running 3 view models, 2 table models in 0 hours 0 minutes and 1.20 seconds (1.20s).
[2025-09-03T05:11:55.714+0000] {subprocess.py:93} INFO - [0m05:11:55
[2025-09-03T05:11:55.715+0000] {subprocess.py:93} INFO - [0m05:11:55  [32mCompleted successfully[0m
[2025-09-03T05:11:55.715+0000] {subprocess.py:93} INFO - [0m05:11:55
[2025-09-03T05:11:55.716+0000] {subprocess.py:93} INFO - [0m05:11:55  Done. PASS=5 WARN=0 ERROR=0 SKIP=0 TOTAL=5
[2025-09-03T05:11:56.866+0000] {subprocess.py:97} INFO - Command exited with return code 0
[2025-09-03T05:11:56.868+0000] {taskinstance.py:441} INFO - ::group::Post task execution logs
[2025-09-03T05:11:56.918+0000] {taskinstance.py:1206} INFO - Marking task as SUCCESS. dag_id=dbt_run_models, task_id=run_dbt_models, run_id=scheduled__2025-09-03T04:00:00+00:00, execution_date=20250903T040000, start_date=20250903T051148, end_date=20250903T051156
[2025-09-03T05:11:56.989+0000] {local_task_job_runner.py:243} INFO - Task exited with return code 0
[2025-09-03T05:11:57.029+0000] {taskinstance.py:3503} INFO - 1 downstream tasks scheduled from follow-on schedule check
[2025-09-03T05:11:57.036+0000] {local_task_job_runner.py:222} INFO - ::endgroup::
