[2025-09-10T02:33:24.249+0000] {local_task_job_runner.py:120} INFO - ::group::Pre task execution logs
[2025-09-10T02:33:24.322+0000] {taskinstance.py:2076} INFO - Dependencies all met for dep_context=non-requeueable deps ti=<TaskInstance: dbt_run_models.run_dbt_models manual__2025-09-10T02:33:23.299606+00:00 [queued]>
[2025-09-10T02:33:24.349+0000] {taskinstance.py:2076} INFO - Dependencies all met for dep_context=requeueable deps ti=<TaskInstance: dbt_run_models.run_dbt_models manual__2025-09-10T02:33:23.299606+00:00 [queued]>
[2025-09-10T02:33:24.351+0000] {taskinstance.py:2306} INFO - Starting attempt 1 of 2
[2025-09-10T02:33:24.419+0000] {taskinstance.py:2330} INFO - Executing <Task(BashOperator): run_dbt_models> on 2025-09-10 02:33:23.299606+00:00
[2025-09-10T02:33:24.436+0000] {standard_task_runner.py:90} INFO - Running: ['airflow', 'tasks', 'run', 'dbt_run_models', 'run_dbt_models', 'manual__2025-09-10T02:33:23.299606+00:00', '--job-id', '1320', '--raw', '--subdir', 'DAGS_FOLDER/dbt_dag.py', '--cfg-path', '/tmp/tmp8y3k7cdv']
[2025-09-10T02:33:24.439+0000] {standard_task_runner.py:91} INFO - Job 1320: Subtask run_dbt_models
[2025-09-10T02:33:24.440+0000] {warnings.py:112} WARNING - /home/airflow/.local/lib/python3.12/site-packages/airflow/task/task_runner/standard_task_runner.py:62: DeprecationWarning: This process (pid=3329) is multi-threaded, use of fork() may lead to deadlocks in the child.
  pid = os.fork()

[2025-09-10T02:33:24.441+0000] {standard_task_runner.py:64} INFO - Started process 3330 to run task
[2025-09-10T02:33:24.470+0000] {warnings.py:112} WARNING - /home/airflow/.local/lib/python3.12/site-packages/airflow/settings.py:195: DeprecationWarning: The sql_alchemy_conn option in [core] has been moved to the sql_alchemy_conn option in [database] - the old setting has been used, but please update your config.
  SQL_ALCHEMY_CONN = conf.get("database", "SQL_ALCHEMY_CONN")

[2025-09-10T02:33:24.527+0000] {task_command.py:426} INFO - Running <TaskInstance: dbt_run_models.run_dbt_models manual__2025-09-10T02:33:23.299606+00:00 [running]> on host b5ea13053d47
[2025-09-10T02:33:24.763+0000] {taskinstance.py:2648} INFO - Exporting env vars: AIRFLOW_CTX_DAG_OWNER='airflow' AIRFLOW_CTX_DAG_ID='dbt_run_models' AIRFLOW_CTX_TASK_ID='run_dbt_models' AIRFLOW_CTX_EXECUTION_DATE='2025-09-10T02:33:23.299606+00:00' AIRFLOW_CTX_TRY_NUMBER='1' AIRFLOW_CTX_DAG_RUN_ID='manual__2025-09-10T02:33:23.299606+00:00'
[2025-09-10T02:33:24.764+0000] {taskinstance.py:430} INFO - ::endgroup::
[2025-09-10T02:33:24.783+0000] {subprocess.py:63} INFO - Tmp dir root location: /tmp
[2025-09-10T02:33:24.784+0000] {subprocess.py:75} INFO - Running command: ['/usr/bin/bash', '-c', '\n        cd /usr/app &&         dbt run --profiles-dir /usr/app\n        ']
[2025-09-10T02:33:24.808+0000] {subprocess.py:86} INFO - Output:
[2025-09-10T02:33:28.648+0000] {subprocess.py:93} INFO - [0m02:33:28  Running with dbt=1.7.9
[2025-09-10T02:33:29.297+0000] {subprocess.py:93} INFO - [0m02:33:29  Registered adapter: postgres=1.7.9
[2025-09-10T02:33:29.355+0000] {subprocess.py:93} INFO - [0m02:33:29  [[33mWARNING[0m]: Configuration paths exist in your dbt_project.yml file which do not apply to any resources.
[2025-09-10T02:33:29.356+0000] {subprocess.py:93} INFO - There are 1 unused configuration paths:
[2025-09-10T02:33:29.356+0000] {subprocess.py:93} INFO - - models.my_project.sources
[2025-09-10T02:33:29.381+0000] {subprocess.py:93} INFO - [0m02:33:29  Found 15 models, 7 sources, 0 exposures, 0 metrics, 401 macros, 0 groups, 0 semantic models
[2025-09-10T02:33:29.385+0000] {subprocess.py:93} INFO - [0m02:33:29
[2025-09-10T02:33:29.634+0000] {subprocess.py:93} INFO - [0m02:33:29  Concurrency: 4 threads (target='dev')
[2025-09-10T02:33:29.634+0000] {subprocess.py:93} INFO - [0m02:33:29
[2025-09-10T02:33:29.651+0000] {subprocess.py:93} INFO - [0m02:33:29  1 of 15 START sql view model analytics.stg_AOV ................................. [RUN]
[2025-09-10T02:33:29.684+0000] {subprocess.py:93} INFO - [0m02:33:29  2 of 15 START sql view model analytics.stg_order_count_year .................... [RUN]
[2025-09-10T02:33:29.685+0000] {subprocess.py:93} INFO - [0m02:33:29  3 of 15 START sql view model analytics.stg_order_details ....................... [RUN]
[2025-09-10T02:33:29.699+0000] {subprocess.py:93} INFO - [0m02:33:29  4 of 15 START sql view model analytics.stg_order_items ......................... [RUN]
[2025-09-10T02:33:30.300+0000] {subprocess.py:93} INFO - [0m02:33:30  4 of 15 OK created sql view model analytics.stg_order_items .................... [[32mCREATE VIEW[0m in 0.60s]
[2025-09-10T02:33:30.308+0000] {subprocess.py:93} INFO - [0m02:33:30  3 of 15 OK created sql view model analytics.stg_order_details .................. [[32mCREATE VIEW[0m in 0.62s]
[2025-09-10T02:33:30.309+0000] {subprocess.py:93} INFO - [0m02:33:30  5 of 15 START sql view model analytics.stg_orders .............................. [RUN]
[2025-09-10T02:33:30.311+0000] {subprocess.py:93} INFO - [0m02:33:30  1 of 15 OK created sql view model analytics.stg_AOV ............................ [[32mCREATE VIEW[0m in 0.65s]
[2025-09-10T02:33:30.317+0000] {subprocess.py:93} INFO - [0m02:33:30  6 of 15 START sql view model analytics.stg_payments ............................ [RUN]
[2025-09-10T02:33:30.320+0000] {subprocess.py:93} INFO - [0m02:33:30  7 of 15 START sql view model analytics.stg_products ............................ [RUN]
[2025-09-10T02:33:30.347+0000] {subprocess.py:93} INFO - [0m02:33:30  2 of 15 OK created sql view model analytics.stg_order_count_year ............... [[32mCREATE VIEW[0m in 0.60s]
[2025-09-10T02:33:30.367+0000] {subprocess.py:93} INFO - [0m02:33:30  8 of 15 START sql table model analytics.AOV_chek ............................... [RUN]
[2025-09-10T02:33:30.835+0000] {subprocess.py:93} INFO - [0m02:33:30  5 of 15 OK created sql view model analytics.stg_orders ......................... [[32mCREATE VIEW[0m in 0.52s]
[2025-09-10T02:33:30.858+0000] {subprocess.py:93} INFO - [0m02:33:30  9 of 15 START sql table model analytics.order_count_year ....................... [RUN]
[2025-09-10T02:33:30.911+0000] {subprocess.py:93} INFO - [0m02:33:30  6 of 15 OK created sql view model analytics.stg_payments ....................... [[32mCREATE VIEW[0m in 0.58s]
[2025-09-10T02:33:30.932+0000] {subprocess.py:93} INFO - [0m02:33:30  7 of 15 OK created sql view model analytics.stg_products ....................... [[32mCREATE VIEW[0m in 0.59s]
[2025-09-10T02:33:30.940+0000] {subprocess.py:93} INFO - [0m02:33:30  10 of 15 START sql table model analytics.order_count_year+month_diff ........... [RUN]
[2025-09-10T02:33:30.961+0000] {subprocess.py:93} INFO - [0m02:33:30  11 of 15 START sql table model analytics.orders_summary ........................ [RUN]
[2025-09-10T02:33:30.965+0000] {subprocess.py:93} INFO - [0m02:33:30  8 of 15 OK created sql table model analytics.AOV_chek .......................... [[32mSELECT 50[0m in 0.59s]
[2025-09-10T02:33:31.011+0000] {subprocess.py:93} INFO - [0m02:33:31  12 of 15 START sql table model analytics.AVG_AOV_chek .......................... [RUN]
[2025-09-10T02:33:31.226+0000] {subprocess.py:93} INFO - [0m02:33:31  9 of 15 OK created sql table model analytics.order_count_year .................. [[32mSELECT 4[0m in 0.34s]
[2025-09-10T02:33:31.258+0000] {subprocess.py:93} INFO - [0m02:33:31  13 of 15 START sql table model analytics.AOV_EBITDA_COUNT ...................... [RUN]
[2025-09-10T02:33:31.298+0000] {subprocess.py:93} INFO - [0m02:33:31  10 of 15 OK created sql table model analytics.order_count_year+month_diff ...... [[32mSELECT 28[0m in 0.34s]
[2025-09-10T02:33:31.319+0000] {subprocess.py:93} INFO - [0m02:33:31  14 of 15 START sql table model analytics.AOV_category .......................... [RUN]
[2025-09-10T02:33:31.353+0000] {subprocess.py:93} INFO - [0m02:33:31  11 of 15 OK created sql table model analytics.orders_summary ................... [[32mSELECT 10000[0m in 0.37s]
[2025-09-10T02:33:31.373+0000] {subprocess.py:93} INFO - [0m02:33:31  15 of 15 START sql table model analytics.AOV_product_name ...................... [RUN]
[2025-09-10T02:33:31.417+0000] {subprocess.py:93} INFO - [0m02:33:31  12 of 15 OK created sql table model analytics.AVG_AOV_chek ..................... [[32mSELECT 16863[0m in 0.38s]
[2025-09-10T02:33:31.584+0000] {subprocess.py:93} INFO - [0m02:33:31  14 of 15 ERROR creating sql table model analytics.AOV_category ................. [[31mERROR[0m in 0.24s]
[2025-09-10T02:33:31.593+0000] {subprocess.py:93} INFO - [0m02:33:31  13 of 15 ERROR creating sql table model analytics.AOV_EBITDA_COUNT ............. [[31mERROR[0m in 0.31s]
[2025-09-10T02:33:31.603+0000] {subprocess.py:93} INFO - [0m02:33:31  15 of 15 ERROR creating sql table model analytics.AOV_product_name ............. [[31mERROR[0m in 0.20s]
[2025-09-10T02:33:31.650+0000] {subprocess.py:93} INFO - [0m02:33:31
[2025-09-10T02:33:31.652+0000] {subprocess.py:93} INFO - [0m02:33:31  Finished running 7 view models, 8 table models in 0 hours 0 minutes and 2.26 seconds (2.26s).
[2025-09-10T02:33:31.696+0000] {subprocess.py:93} INFO - [0m02:33:31
[2025-09-10T02:33:31.700+0000] {subprocess.py:93} INFO - [0m02:33:31  [31mCompleted with 3 errors and 0 warnings:[0m
[2025-09-10T02:33:31.702+0000] {subprocess.py:93} INFO - [0m02:33:31
[2025-09-10T02:33:31.703+0000] {subprocess.py:93} INFO - [0m02:33:31    Database Error in model AOV_category (models/marts/AOV_category.sql)
[2025-09-10T02:33:31.704+0000] {subprocess.py:93} INFO -   type "avr_order_value" does not exist
[2025-09-10T02:33:31.705+0000] {subprocess.py:93} INFO -   LINE 27: order by avr_order_value
[2025-09-10T02:33:31.706+0000] {subprocess.py:93} INFO -                     ^
[2025-09-10T02:33:31.707+0000] {subprocess.py:93} INFO -   compiled Code at target/run/my_project/models/marts/AOV_category.sql
[2025-09-10T02:33:31.707+0000] {subprocess.py:93} INFO - [0m02:33:31
[2025-09-10T02:33:31.707+0000] {subprocess.py:93} INFO - [0m02:33:31    Database Error in model AOV_EBITDA_COUNT (models/marts/AOV_EBITDA_COUNT.sql)
[2025-09-10T02:33:31.708+0000] {subprocess.py:93} INFO -   type "avr_order_value" does not exist
[2025-09-10T02:33:31.708+0000] {subprocess.py:93} INFO -   LINE 26: order by avr_order_value
[2025-09-10T02:33:31.708+0000] {subprocess.py:93} INFO -                     ^
[2025-09-10T02:33:31.709+0000] {subprocess.py:93} INFO -   compiled Code at target/run/my_project/models/marts/AOV_EBITDA_COUNT.sql
[2025-09-10T02:33:31.709+0000] {subprocess.py:93} INFO - [0m02:33:31
[2025-09-10T02:33:31.709+0000] {subprocess.py:93} INFO - [0m02:33:31    Database Error in model AOV_product_name (models/marts/AOV_product_name.sql)
[2025-09-10T02:33:31.710+0000] {subprocess.py:93} INFO -   relation "calc_product_nam" does not exist
[2025-09-10T02:33:31.710+0000] {subprocess.py:93} INFO -   LINE 27: from calc_product_nam
[2025-09-10T02:33:31.710+0000] {subprocess.py:93} INFO -                 ^
[2025-09-10T02:33:31.711+0000] {subprocess.py:93} INFO -   compiled Code at target/run/my_project/models/marts/AOV_product_name.sql
[2025-09-10T02:33:31.711+0000] {subprocess.py:93} INFO - [0m02:33:31
[2025-09-10T02:33:31.712+0000] {subprocess.py:93} INFO - [0m02:33:31  Done. PASS=12 WARN=0 ERROR=3 SKIP=0 TOTAL=15
[2025-09-10T02:33:42.626+0000] {subprocess.py:97} INFO - Command exited with return code 1
[2025-09-10T02:33:42.628+0000] {taskinstance.py:441} INFO - ::group::Post task execution logs
[2025-09-10T02:33:42.676+0000] {taskinstance.py:2905} ERROR - Task failed with exception
Traceback (most recent call last):
  File "/home/airflow/.local/lib/python3.12/site-packages/airflow/models/taskinstance.py", line 465, in _execute_task
    result = _execute_callable(context=context, **execute_callable_kwargs)
             ^^^^^^^^^^^^^^^^^^^^^^^^^^^^^^^^^^^^^^^^^^^^^^^^^^^^^^^^^^^^^
  File "/home/airflow/.local/lib/python3.12/site-packages/airflow/models/taskinstance.py", line 432, in _execute_callable
    return execute_callable(context=context, **execute_callable_kwargs)
           ^^^^^^^^^^^^^^^^^^^^^^^^^^^^^^^^^^^^^^^^^^^^^^^^^^^^^^^^^^^^
  File "/home/airflow/.local/lib/python3.12/site-packages/airflow/models/baseoperator.py", line 401, in wrapper
    return func(self, *args, **kwargs)
           ^^^^^^^^^^^^^^^^^^^^^^^^^^^
  File "/home/airflow/.local/lib/python3.12/site-packages/airflow/operators/bash.py", line 243, in execute
    raise AirflowException(
airflow.exceptions.AirflowException: Bash command failed. The command returned a non-zero exit code 1.
[2025-09-10T02:33:42.695+0000] {taskinstance.py:1206} INFO - Marking task as UP_FOR_RETRY. dag_id=dbt_run_models, task_id=run_dbt_models, run_id=manual__2025-09-10T02:33:23.299606+00:00, execution_date=20250910T023323, start_date=20250910T023324, end_date=20250910T023342
[2025-09-10T02:33:42.758+0000] {standard_task_runner.py:110} ERROR - Failed to execute job 1320 for task run_dbt_models (Bash command failed. The command returned a non-zero exit code 1.; 3330)
[2025-09-10T02:33:42.800+0000] {local_task_job_runner.py:243} INFO - Task exited with return code 1
[2025-09-10T02:33:42.902+0000] {taskinstance.py:3503} INFO - 0 downstream tasks scheduled from follow-on schedule check
[2025-09-10T02:33:42.909+0000] {local_task_job_runner.py:222} INFO - ::endgroup::
