[2025-09-10T02:38:44.429+0000] {local_task_job_runner.py:120} INFO - ::group::Pre task execution logs
[2025-09-10T02:38:44.481+0000] {taskinstance.py:2076} INFO - Dependencies all met for dep_context=non-requeueable deps ti=<TaskInstance: dbt_run_models.run_dbt_models manual__2025-09-10T02:33:23.299606+00:00 [queued]>
[2025-09-10T02:38:44.495+0000] {taskinstance.py:2076} INFO - Dependencies all met for dep_context=requeueable deps ti=<TaskInstance: dbt_run_models.run_dbt_models manual__2025-09-10T02:33:23.299606+00:00 [queued]>
[2025-09-10T02:38:44.496+0000] {taskinstance.py:2306} INFO - Starting attempt 2 of 2
[2025-09-10T02:38:44.513+0000] {taskinstance.py:2330} INFO - Executing <Task(BashOperator): run_dbt_models> on 2025-09-10 02:33:23.299606+00:00
[2025-09-10T02:38:44.521+0000] {warnings.py:112} WARNING - /home/airflow/.local/lib/python3.12/site-packages/airflow/task/task_runner/standard_task_runner.py:62: DeprecationWarning: This process (pid=3361) is multi-threaded, use of fork() may lead to deadlocks in the child.
  pid = os.fork()

[2025-09-10T02:38:44.522+0000] {standard_task_runner.py:64} INFO - Started process 3362 to run task
[2025-09-10T02:38:44.523+0000] {standard_task_runner.py:90} INFO - Running: ['airflow', 'tasks', 'run', 'dbt_run_models', 'run_dbt_models', 'manual__2025-09-10T02:33:23.299606+00:00', '--job-id', '1322', '--raw', '--subdir', 'DAGS_FOLDER/dbt_dag.py', '--cfg-path', '/tmp/tmpglh_nfoh']
[2025-09-10T02:38:44.524+0000] {standard_task_runner.py:91} INFO - Job 1322: Subtask run_dbt_models
[2025-09-10T02:38:44.546+0000] {warnings.py:112} WARNING - /home/airflow/.local/lib/python3.12/site-packages/airflow/settings.py:195: DeprecationWarning: The sql_alchemy_conn option in [core] has been moved to the sql_alchemy_conn option in [database] - the old setting has been used, but please update your config.
  SQL_ALCHEMY_CONN = conf.get("database", "SQL_ALCHEMY_CONN")

[2025-09-10T02:38:44.615+0000] {task_command.py:426} INFO - Running <TaskInstance: dbt_run_models.run_dbt_models manual__2025-09-10T02:33:23.299606+00:00 [running]> on host b5ea13053d47
[2025-09-10T02:38:44.807+0000] {taskinstance.py:2648} INFO - Exporting env vars: AIRFLOW_CTX_DAG_OWNER='airflow' AIRFLOW_CTX_DAG_ID='dbt_run_models' AIRFLOW_CTX_TASK_ID='run_dbt_models' AIRFLOW_CTX_EXECUTION_DATE='2025-09-10T02:33:23.299606+00:00' AIRFLOW_CTX_TRY_NUMBER='2' AIRFLOW_CTX_DAG_RUN_ID='manual__2025-09-10T02:33:23.299606+00:00'
[2025-09-10T02:38:44.809+0000] {taskinstance.py:430} INFO - ::endgroup::
[2025-09-10T02:38:44.848+0000] {subprocess.py:63} INFO - Tmp dir root location: /tmp
[2025-09-10T02:38:44.850+0000] {subprocess.py:75} INFO - Running command: ['/usr/bin/bash', '-c', '\n        cd /usr/app &&         dbt run --profiles-dir /usr/app\n        ']
[2025-09-10T02:38:44.867+0000] {subprocess.py:86} INFO - Output:
[2025-09-10T02:38:49.336+0000] {subprocess.py:93} INFO - [0m02:38:49  Running with dbt=1.7.9
[2025-09-10T02:38:49.728+0000] {subprocess.py:93} INFO - [0m02:38:49  Registered adapter: postgres=1.7.9
[2025-09-10T02:38:49.777+0000] {subprocess.py:93} INFO - [0m02:38:49  [[33mWARNING[0m]: Configuration paths exist in your dbt_project.yml file which do not apply to any resources.
[2025-09-10T02:38:49.778+0000] {subprocess.py:93} INFO - There are 1 unused configuration paths:
[2025-09-10T02:38:49.779+0000] {subprocess.py:93} INFO - - models.my_project.sources
[2025-09-10T02:38:49.804+0000] {subprocess.py:93} INFO - [0m02:38:49  Found 15 models, 7 sources, 0 exposures, 0 metrics, 401 macros, 0 groups, 0 semantic models
[2025-09-10T02:38:49.808+0000] {subprocess.py:93} INFO - [0m02:38:49
[2025-09-10T02:38:49.998+0000] {subprocess.py:93} INFO - [0m02:38:49  Concurrency: 4 threads (target='dev')
[2025-09-10T02:38:49.999+0000] {subprocess.py:93} INFO - [0m02:38:49
[2025-09-10T02:38:50.021+0000] {subprocess.py:93} INFO - [0m02:38:50  1 of 15 START sql view model analytics.stg_AOV ................................. [RUN]
[2025-09-10T02:38:50.025+0000] {subprocess.py:93} INFO - [0m02:38:50  2 of 15 START sql view model analytics.stg_order_count_year .................... [RUN]
[2025-09-10T02:38:50.026+0000] {subprocess.py:93} INFO - [0m02:38:50  3 of 15 START sql view model analytics.stg_order_details ....................... [RUN]
[2025-09-10T02:38:50.028+0000] {subprocess.py:93} INFO - [0m02:38:50  4 of 15 START sql view model analytics.stg_order_items ......................... [RUN]
[2025-09-10T02:38:50.672+0000] {subprocess.py:93} INFO - [0m02:38:50  4 of 15 OK created sql view model analytics.stg_order_items .................... [[32mCREATE VIEW[0m in 0.62s]
[2025-09-10T02:38:50.675+0000] {subprocess.py:93} INFO - [0m02:38:50  2 of 15 OK created sql view model analytics.stg_order_count_year ............... [[32mCREATE VIEW[0m in 0.64s]
[2025-09-10T02:38:50.692+0000] {subprocess.py:93} INFO - [0m02:38:50  3 of 15 OK created sql view model analytics.stg_order_details .................. [[32mCREATE VIEW[0m in 0.64s]
[2025-09-10T02:38:50.698+0000] {subprocess.py:93} INFO - [0m02:38:50  5 of 15 START sql view model analytics.stg_orders .............................. [RUN]
[2025-09-10T02:38:50.699+0000] {subprocess.py:93} INFO - [0m02:38:50  1 of 15 OK created sql view model analytics.stg_AOV ............................ [[32mCREATE VIEW[0m in 0.66s]
[2025-09-10T02:38:50.702+0000] {subprocess.py:93} INFO - [0m02:38:50  6 of 15 START sql view model analytics.stg_payments ............................ [RUN]
[2025-09-10T02:38:50.718+0000] {subprocess.py:93} INFO - [0m02:38:50  7 of 15 START sql view model analytics.stg_products ............................ [RUN]
[2025-09-10T02:38:50.727+0000] {subprocess.py:93} INFO - [0m02:38:50  8 of 15 START sql table model analytics.order_count_year ....................... [RUN]
[2025-09-10T02:38:51.142+0000] {subprocess.py:93} INFO - [0m02:38:51  7 of 15 OK created sql view model analytics.stg_products ....................... [[32mCREATE VIEW[0m in 0.39s]
[2025-09-10T02:38:51.169+0000] {subprocess.py:93} INFO - [0m02:38:51  5 of 15 OK created sql view model analytics.stg_orders ......................... [[32mCREATE VIEW[0m in 0.45s]
[2025-09-10T02:38:51.171+0000] {subprocess.py:93} INFO - [0m02:38:51  9 of 15 START sql table model analytics.order_count_year+month_diff ............ [RUN]
[2025-09-10T02:38:51.191+0000] {subprocess.py:93} INFO - [0m02:38:51  6 of 15 OK created sql view model analytics.stg_payments ....................... [[32mCREATE VIEW[0m in 0.47s]
[2025-09-10T02:38:51.215+0000] {subprocess.py:93} INFO - [0m02:38:51  10 of 15 START sql table model analytics.AOV_chek .............................. [RUN]
[2025-09-10T02:38:51.239+0000] {subprocess.py:93} INFO - [0m02:38:51  11 of 15 START sql table model analytics.orders_summary ........................ [RUN]
[2025-09-10T02:38:51.325+0000] {subprocess.py:93} INFO - [0m02:38:51  8 of 15 OK created sql table model analytics.order_count_year .................. [[32mSELECT 4[0m in 0.58s]
[2025-09-10T02:38:51.358+0000] {subprocess.py:93} INFO - [0m02:38:51  12 of 15 START sql table model analytics.AOV_EBITDA_COUNT ...................... [RUN]
[2025-09-10T02:38:51.534+0000] {subprocess.py:93} INFO - [0m02:38:51  12 of 15 ERROR creating sql table model analytics.AOV_EBITDA_COUNT ............. [[31mERROR[0m in 0.16s]
[2025-09-10T02:38:51.536+0000] {subprocess.py:93} INFO - [0m02:38:51  9 of 15 OK created sql table model analytics.order_count_year+month_diff ....... [[32mSELECT 28[0m in 0.34s]
[2025-09-10T02:38:51.560+0000] {subprocess.py:93} INFO - [0m02:38:51  13 of 15 START sql table model analytics.AOV_category .......................... [RUN]
[2025-09-10T02:38:51.572+0000] {subprocess.py:93} INFO - [0m02:38:51  14 of 15 START sql table model analytics.AOV_product_name ...................... [RUN]
[2025-09-10T02:38:51.610+0000] {subprocess.py:93} INFO - [0m02:38:51  10 of 15 OK created sql table model analytics.AOV_chek ......................... [[32mSELECT 50[0m in 0.38s]
[2025-09-10T02:38:51.650+0000] {subprocess.py:93} INFO - [0m02:38:51  15 of 15 START sql table model analytics.AVG_AOV_chek .......................... [RUN]
[2025-09-10T02:38:51.781+0000] {subprocess.py:93} INFO - [0m02:38:51  11 of 15 OK created sql table model analytics.orders_summary ................... [[32mSELECT 10000[0m in 0.52s]
[2025-09-10T02:38:51.810+0000] {subprocess.py:93} INFO - [0m02:38:51  13 of 15 ERROR creating sql table model analytics.AOV_category ................. [[31mERROR[0m in 0.22s]
[2025-09-10T02:38:51.835+0000] {subprocess.py:93} INFO - [0m02:38:51  14 of 15 ERROR creating sql table model analytics.AOV_product_name ............. [[31mERROR[0m in 0.25s]
[2025-09-10T02:38:52.076+0000] {subprocess.py:93} INFO - [0m02:38:52  15 of 15 OK created sql table model analytics.AVG_AOV_chek ..................... [[32mSELECT 16863[0m in 0.42s]
[2025-09-10T02:38:52.119+0000] {subprocess.py:93} INFO - [0m02:38:52
[2025-09-10T02:38:52.121+0000] {subprocess.py:93} INFO - [0m02:38:52  Finished running 7 view models, 8 table models in 0 hours 0 minutes and 2.31 seconds (2.31s).
[2025-09-10T02:38:52.161+0000] {subprocess.py:93} INFO - [0m02:38:52
[2025-09-10T02:38:52.163+0000] {subprocess.py:93} INFO - [0m02:38:52  [31mCompleted with 3 errors and 0 warnings:[0m
[2025-09-10T02:38:52.165+0000] {subprocess.py:93} INFO - [0m02:38:52
[2025-09-10T02:38:52.166+0000] {subprocess.py:93} INFO - [0m02:38:52    Database Error in model AOV_EBITDA_COUNT (models/marts/AOV_EBITDA_COUNT.sql)
[2025-09-10T02:38:52.167+0000] {subprocess.py:93} INFO -   type "avr_order_value" does not exist
[2025-09-10T02:38:52.168+0000] {subprocess.py:93} INFO -   LINE 26: order by avr_order_value
[2025-09-10T02:38:52.169+0000] {subprocess.py:93} INFO -                     ^
[2025-09-10T02:38:52.171+0000] {subprocess.py:93} INFO -   compiled Code at target/run/my_project/models/marts/AOV_EBITDA_COUNT.sql
[2025-09-10T02:38:52.172+0000] {subprocess.py:93} INFO - [0m02:38:52
[2025-09-10T02:38:52.173+0000] {subprocess.py:93} INFO - [0m02:38:52    Database Error in model AOV_category (models/marts/AOV_category.sql)
[2025-09-10T02:38:52.174+0000] {subprocess.py:93} INFO -   type "avr_order_value" does not exist
[2025-09-10T02:38:52.175+0000] {subprocess.py:93} INFO -   LINE 27: order by avr_order_value
[2025-09-10T02:38:52.177+0000] {subprocess.py:93} INFO -                     ^
[2025-09-10T02:38:52.178+0000] {subprocess.py:93} INFO -   compiled Code at target/run/my_project/models/marts/AOV_category.sql
[2025-09-10T02:38:52.178+0000] {subprocess.py:93} INFO - [0m02:38:52
[2025-09-10T02:38:52.179+0000] {subprocess.py:93} INFO - [0m02:38:52    Database Error in model AOV_product_name (models/marts/AOV_product_name.sql)
[2025-09-10T02:38:52.179+0000] {subprocess.py:93} INFO -   type "avr_order_value" does not exist
[2025-09-10T02:38:52.181+0000] {subprocess.py:93} INFO -   LINE 28: order by avr_order_value
[2025-09-10T02:38:52.181+0000] {subprocess.py:93} INFO -                     ^
[2025-09-10T02:38:52.182+0000] {subprocess.py:93} INFO -   compiled Code at target/run/my_project/models/marts/AOV_product_name.sql
[2025-09-10T02:38:52.182+0000] {subprocess.py:93} INFO - [0m02:38:52
[2025-09-10T02:38:52.183+0000] {subprocess.py:93} INFO - [0m02:38:52  Done. PASS=12 WARN=0 ERROR=3 SKIP=0 TOTAL=15
[2025-09-10T02:39:02.594+0000] {subprocess.py:97} INFO - Command exited with return code 1
[2025-09-10T02:39:02.595+0000] {taskinstance.py:441} INFO - ::group::Post task execution logs
[2025-09-10T02:39:02.626+0000] {taskinstance.py:2905} ERROR - Task failed with exception
Traceback (most recent call last):
  File "/home/airflow/.local/lib/python3.12/site-packages/airflow/models/taskinstance.py", line 465, in _execute_task
    result = _execute_callable(context=context, **execute_callable_kwargs)
             ^^^^^^^^^^^^^^^^^^^^^^^^^^^^^^^^^^^^^^^^^^^^^^^^^^^^^^^^^^^^^
  File "/home/airflow/.local/lib/python3.12/site-packages/airflow/models/taskinstance.py", line 432, in _execute_callable
    return execute_callable(context=context, **execute_callable_kwargs)
           ^^^^^^^^^^^^^^^^^^^^^^^^^^^^^^^^^^^^^^^^^^^^^^^^^^^^^^^^^^^^
  File "/home/airflow/.local/lib/python3.12/site-packages/airflow/models/baseoperator.py", line 401, in wrapper
    return func(self, *args, **kwargs)
           ^^^^^^^^^^^^^^^^^^^^^^^^^^^
  File "/home/airflow/.local/lib/python3.12/site-packages/airflow/operators/bash.py", line 243, in execute
    raise AirflowException(
airflow.exceptions.AirflowException: Bash command failed. The command returned a non-zero exit code 1.
[2025-09-10T02:39:02.632+0000] {taskinstance.py:1206} INFO - Marking task as FAILED. dag_id=dbt_run_models, task_id=run_dbt_models, run_id=manual__2025-09-10T02:33:23.299606+00:00, execution_date=20250910T023323, start_date=20250910T023844, end_date=20250910T023902
[2025-09-10T02:39:02.654+0000] {standard_task_runner.py:110} ERROR - Failed to execute job 1322 for task run_dbt_models (Bash command failed. The command returned a non-zero exit code 1.; 3362)
[2025-09-10T02:39:02.684+0000] {local_task_job_runner.py:243} INFO - Task exited with return code 1
[2025-09-10T02:39:02.737+0000] {taskinstance.py:3503} INFO - 0 downstream tasks scheduled from follow-on schedule check
[2025-09-10T02:39:02.743+0000] {local_task_job_runner.py:222} INFO - ::endgroup::
