[2025-09-01T16:00:01.842+0000] {local_task_job_runner.py:120} INFO - ::group::Pre task execution logs
[2025-09-01T16:00:01.871+0000] {taskinstance.py:2076} INFO - Dependencies all met for dep_context=non-requeueable deps ti=<TaskInstance: import_csv_to_postgres.load_csv_to_postgres scheduled__2025-09-01T08:00:00+00:00 [queued]>
[2025-09-01T16:00:01.881+0000] {taskinstance.py:2076} INFO - Dependencies all met for dep_context=requeueable deps ti=<TaskInstance: import_csv_to_postgres.load_csv_to_postgres scheduled__2025-09-01T08:00:00+00:00 [queued]>
[2025-09-01T16:00:01.881+0000] {taskinstance.py:2306} INFO - Starting attempt 1 of 1
[2025-09-01T16:00:01.899+0000] {taskinstance.py:2330} INFO - Executing <Task(PythonOperator): load_csv_to_postgres> on 2025-09-01 08:00:00+00:00
[2025-09-01T16:00:01.914+0000] {warnings.py:112} WARNING - /home/airflow/.local/lib/python3.12/site-packages/airflow/task/task_runner/standard_task_runner.py:62: DeprecationWarning: This process (pid=2683) is multi-threaded, use of fork() may lead to deadlocks in the child.
  pid = os.fork()

[2025-09-01T16:00:01.915+0000] {standard_task_runner.py:64} INFO - Started process 2685 to run task
[2025-09-01T16:00:01.916+0000] {standard_task_runner.py:90} INFO - Running: ['airflow', 'tasks', 'run', 'import_csv_to_postgres', 'load_csv_to_postgres', 'scheduled__2025-09-01T08:00:00+00:00', '--job-id', '885', '--raw', '--subdir', 'DAGS_FOLDER/csv_to_postgres_dag.py', '--cfg-path', '/tmp/tmpdwkckt_r']
[2025-09-01T16:00:01.925+0000] {standard_task_runner.py:91} INFO - Job 885: Subtask load_csv_to_postgres
[2025-09-01T16:00:01.947+0000] {warnings.py:112} WARNING - /home/airflow/.local/lib/python3.12/site-packages/airflow/settings.py:195: DeprecationWarning: The sql_alchemy_conn option in [core] has been moved to the sql_alchemy_conn option in [database] - the old setting has been used, but please update your config.
  SQL_ALCHEMY_CONN = conf.get("database", "SQL_ALCHEMY_CONN")

[2025-09-01T16:00:02.018+0000] {task_command.py:426} INFO - Running <TaskInstance: import_csv_to_postgres.load_csv_to_postgres scheduled__2025-09-01T08:00:00+00:00 [running]> on host b5ea13053d47
[2025-09-01T16:00:02.159+0000] {taskinstance.py:2648} INFO - Exporting env vars: AIRFLOW_CTX_DAG_OWNER='airflow' AIRFLOW_CTX_DAG_ID='import_csv_to_postgres' AIRFLOW_CTX_TASK_ID='load_csv_to_postgres' AIRFLOW_CTX_EXECUTION_DATE='2025-09-01T08:00:00+00:00' AIRFLOW_CTX_TRY_NUMBER='1' AIRFLOW_CTX_DAG_RUN_ID='scheduled__2025-09-01T08:00:00+00:00'
[2025-09-01T16:00:02.160+0000] {taskinstance.py:430} INFO - ::endgroup::
[2025-09-01T16:00:02.191+0000] {base.py:84} INFO - Using connection ID 'postgres_conn' for task execution.
[2025-09-01T16:00:02.334+0000] {logging_mixin.py:188} INFO - ✅ Добавлено 10 новых строк в таблицу shipments
[2025-09-01T16:00:02.385+0000] {logging_mixin.py:188} INFO - ℹ Нет новых строк для customers
[2025-09-01T16:00:02.440+0000] {logging_mixin.py:188} INFO - ✅ Добавлено 10 новых строк в таблицу orders
[2025-09-01T16:00:02.456+0000] {logging_mixin.py:188} INFO - ℹ Нет новых строк для products
[2025-09-01T16:00:02.510+0000] {logging_mixin.py:188} INFO - ✅ Добавлено 24 новых строк в таблицу order_items
[2025-09-01T16:00:02.519+0000] {logging_mixin.py:188} INFO - ℹ Нет новых строк для suppliers
[2025-09-01T16:00:02.757+0000] {logging_mixin.py:188} INFO - ✅ Добавлено 10 новых строк в таблицу payment
[2025-09-01T16:00:03.614+0000] {logging_mixin.py:188} INFO - ℹ Нет новых строк для reviews
[2025-09-01T16:00:03.615+0000] {python.py:237} INFO - Done. Returned value was: None
[2025-09-01T16:00:03.615+0000] {taskinstance.py:441} INFO - ::group::Post task execution logs
[2025-09-01T16:00:03.633+0000] {taskinstance.py:1206} INFO - Marking task as SUCCESS. dag_id=import_csv_to_postgres, task_id=load_csv_to_postgres, run_id=scheduled__2025-09-01T08:00:00+00:00, execution_date=20250901T080000, start_date=20250901T160001, end_date=20250901T160003
[2025-09-01T16:00:03.668+0000] {local_task_job_runner.py:243} INFO - Task exited with return code 0
[2025-09-01T16:00:03.697+0000] {taskinstance.py:3503} INFO - 0 downstream tasks scheduled from follow-on schedule check
[2025-09-01T16:00:03.702+0000] {local_task_job_runner.py:222} INFO - ::endgroup::
