[2025-09-06T19:00:01.723+0000] {local_task_job_runner.py:120} INFO - ::group::Pre task execution logs
[2025-09-06T19:00:01.833+0000] {taskinstance.py:2076} INFO - Dependencies all met for dep_context=non-requeueable deps ti=<TaskInstance: dbt_run_models.run_dbt_models scheduled__2025-09-06T18:00:00+00:00 [queued]>
[2025-09-06T19:00:01.870+0000] {taskinstance.py:2076} INFO - Dependencies all met for dep_context=requeueable deps ti=<TaskInstance: dbt_run_models.run_dbt_models scheduled__2025-09-06T18:00:00+00:00 [queued]>
[2025-09-06T19:00:01.872+0000] {taskinstance.py:2306} INFO - Starting attempt 1 of 2
[2025-09-06T19:00:01.934+0000] {taskinstance.py:2330} INFO - Executing <Task(BashOperator): run_dbt_models> on 2025-09-06 18:00:00+00:00
[2025-09-06T19:00:01.958+0000] {warnings.py:112} WARNING - /home/airflow/.local/lib/python3.12/site-packages/airflow/task/task_runner/standard_task_runner.py:62: DeprecationWarning: This process (pid=1578) is multi-threaded, use of fork() may lead to deadlocks in the child.
  pid = os.fork()

[2025-09-06T19:00:01.961+0000] {standard_task_runner.py:64} INFO - Started process 1579 to run task
[2025-09-06T19:00:01.973+0000] {standard_task_runner.py:90} INFO - Running: ['airflow', 'tasks', 'run', 'dbt_run_models', 'run_dbt_models', 'scheduled__2025-09-06T18:00:00+00:00', '--job-id', '1132', '--raw', '--subdir', 'DAGS_FOLDER/dbt_dag.py', '--cfg-path', '/tmp/tmpzhzt4rw6']
[2025-09-06T19:00:01.977+0000] {standard_task_runner.py:91} INFO - Job 1132: Subtask run_dbt_models
[2025-09-06T19:00:02.019+0000] {warnings.py:112} WARNING - /home/airflow/.local/lib/python3.12/site-packages/airflow/settings.py:195: DeprecationWarning: The sql_alchemy_conn option in [core] has been moved to the sql_alchemy_conn option in [database] - the old setting has been used, but please update your config.
  SQL_ALCHEMY_CONN = conf.get("database", "SQL_ALCHEMY_CONN")

[2025-09-06T19:00:02.117+0000] {task_command.py:426} INFO - Running <TaskInstance: dbt_run_models.run_dbt_models scheduled__2025-09-06T18:00:00+00:00 [running]> on host b5ea13053d47
[2025-09-06T19:00:02.526+0000] {taskinstance.py:2648} INFO - Exporting env vars: AIRFLOW_CTX_DAG_OWNER='airflow' AIRFLOW_CTX_DAG_ID='dbt_run_models' AIRFLOW_CTX_TASK_ID='run_dbt_models' AIRFLOW_CTX_EXECUTION_DATE='2025-09-06T18:00:00+00:00' AIRFLOW_CTX_TRY_NUMBER='1' AIRFLOW_CTX_DAG_RUN_ID='scheduled__2025-09-06T18:00:00+00:00'
[2025-09-06T19:00:02.529+0000] {taskinstance.py:430} INFO - ::endgroup::
[2025-09-06T19:00:02.605+0000] {subprocess.py:63} INFO - Tmp dir root location: /tmp
[2025-09-06T19:00:02.607+0000] {subprocess.py:75} INFO - Running command: ['/usr/bin/bash', '-c', '\n        cd /usr/app &&         dbt run --profiles-dir /usr/app\n        ']
[2025-09-06T19:00:02.634+0000] {subprocess.py:86} INFO - Output:
[2025-09-06T19:00:08.332+0000] {subprocess.py:93} INFO - [0m19:00:08  Running with dbt=1.7.9
[2025-09-06T19:00:08.711+0000] {subprocess.py:93} INFO - [0m19:00:08  Registered adapter: postgres=1.7.9
[2025-09-06T19:00:08.757+0000] {subprocess.py:93} INFO - [0m19:00:08  [[33mWARNING[0m]: Configuration paths exist in your dbt_project.yml file which do not apply to any resources.
[2025-09-06T19:00:08.758+0000] {subprocess.py:93} INFO - There are 1 unused configuration paths:
[2025-09-06T19:00:08.759+0000] {subprocess.py:93} INFO - - models.my_project.sources
[2025-09-06T19:00:08.782+0000] {subprocess.py:93} INFO - [0m19:00:08  Found 7 models, 7 sources, 0 exposures, 0 metrics, 401 macros, 0 groups, 0 semantic models
[2025-09-06T19:00:08.786+0000] {subprocess.py:93} INFO - [0m19:00:08
[2025-09-06T19:00:09.090+0000] {subprocess.py:93} INFO - [0m19:00:09  Concurrency: 4 threads (target='dev')
[2025-09-06T19:00:09.092+0000] {subprocess.py:93} INFO - [0m19:00:09
[2025-09-06T19:00:09.130+0000] {subprocess.py:93} INFO - [0m19:00:09  1 of 7 START sql view model analytics.stg_AOV .................................. [RUN]
[2025-09-06T19:00:09.132+0000] {subprocess.py:93} INFO - [0m19:00:09  2 of 7 START sql view model analytics.stg_order_count_year ..................... [RUN]
[2025-09-06T19:00:09.134+0000] {subprocess.py:93} INFO - [0m19:00:09  3 of 7 START sql view model analytics.stg_order_details ........................ [RUN]
[2025-09-06T19:00:09.137+0000] {subprocess.py:93} INFO - [0m19:00:09  4 of 7 START sql view model analytics.stg_orders ............................... [RUN]
[2025-09-06T19:00:09.845+0000] {subprocess.py:93} INFO - [0m19:00:09  3 of 7 OK created sql view model analytics.stg_order_details ................... [[32mCREATE VIEW[0m in 0.69s]
[2025-09-06T19:00:09.852+0000] {subprocess.py:93} INFO - [0m19:00:09  1 of 7 OK created sql view model analytics.stg_AOV ............................. [[32mCREATE VIEW[0m in 0.70s]
[2025-09-06T19:00:09.873+0000] {subprocess.py:93} INFO - [0m19:00:09  2 of 7 OK created sql view model analytics.stg_order_count_year ................ [[32mCREATE VIEW[0m in 0.73s]
[2025-09-06T19:00:09.875+0000] {subprocess.py:93} INFO - [0m19:00:09  5 of 7 START sql table model analytics.AOV_chek ................................ [RUN]
[2025-09-06T19:00:09.877+0000] {subprocess.py:93} INFO - [0m19:00:09  4 of 7 OK created sql view model analytics.stg_orders .......................... [[32mCREATE VIEW[0m in 0.72s]
[2025-09-06T19:00:09.895+0000] {subprocess.py:93} INFO - [0m19:00:09  6 of 7 START sql table model analytics.order_count_year ........................ [RUN]
[2025-09-06T19:00:09.898+0000] {subprocess.py:93} INFO - [0m19:00:09  7 of 7 START sql table model analytics.orders_summary .......................... [RUN]
[2025-09-06T19:00:10.238+0000] {subprocess.py:93} INFO - [0m19:00:10  6 of 7 OK created sql table model analytics.order_count_year ................... [[32mSELECT 3[0m in 0.34s]
[2025-09-06T19:00:10.253+0000] {subprocess.py:93} INFO - [0m19:00:10  5 of 7 OK created sql table model analytics.AOV_chek ........................... [[32mSELECT 50[0m in 0.37s]
[2025-09-06T19:00:10.290+0000] {subprocess.py:93} INFO - [0m19:00:10  7 of 7 OK created sql table model analytics.orders_summary ..................... [[32mSELECT 10000[0m in 0.39s]
[2025-09-06T19:00:10.339+0000] {subprocess.py:93} INFO - [0m19:00:10
[2025-09-06T19:00:10.341+0000] {subprocess.py:93} INFO - [0m19:00:10  Finished running 4 view models, 3 table models in 0 hours 0 minutes and 1.55 seconds (1.55s).
[2025-09-06T19:00:10.377+0000] {subprocess.py:93} INFO - [0m19:00:10
[2025-09-06T19:00:10.378+0000] {subprocess.py:93} INFO - [0m19:00:10  [32mCompleted successfully[0m
[2025-09-06T19:00:10.381+0000] {subprocess.py:93} INFO - [0m19:00:10
[2025-09-06T19:00:10.382+0000] {subprocess.py:93} INFO - [0m19:00:10  Done. PASS=7 WARN=0 ERROR=0 SKIP=0 TOTAL=7
[2025-09-06T19:00:20.971+0000] {subprocess.py:97} INFO - Command exited with return code 0
[2025-09-06T19:00:20.972+0000] {taskinstance.py:441} INFO - ::group::Post task execution logs
[2025-09-06T19:00:21.021+0000] {taskinstance.py:1206} INFO - Marking task as SUCCESS. dag_id=dbt_run_models, task_id=run_dbt_models, run_id=scheduled__2025-09-06T18:00:00+00:00, execution_date=20250906T180000, start_date=20250906T190001, end_date=20250906T190021
[2025-09-06T19:00:21.084+0000] {local_task_job_runner.py:243} INFO - Task exited with return code 0
[2025-09-06T19:00:21.132+0000] {taskinstance.py:3503} INFO - 1 downstream tasks scheduled from follow-on schedule check
[2025-09-06T19:00:21.135+0000] {local_task_job_runner.py:222} INFO - ::endgroup::
