[2025-09-08T14:00:01.757+0000] {local_task_job_runner.py:120} INFO - ::group::Pre task execution logs
[2025-09-08T14:00:01.796+0000] {taskinstance.py:2076} INFO - Dependencies all met for dep_context=non-requeueable deps ti=<TaskInstance: dbt_run_models.run_dbt_models scheduled__2025-09-08T13:00:00+00:00 [queued]>
[2025-09-08T14:00:01.809+0000] {taskinstance.py:2076} INFO - Dependencies all met for dep_context=requeueable deps ti=<TaskInstance: dbt_run_models.run_dbt_models scheduled__2025-09-08T13:00:00+00:00 [queued]>
[2025-09-08T14:00:01.809+0000] {taskinstance.py:2306} INFO - Starting attempt 1 of 2
[2025-09-08T14:00:01.838+0000] {taskinstance.py:2330} INFO - Executing <Task(BashOperator): run_dbt_models> on 2025-09-08 13:00:00+00:00
[2025-09-08T14:00:01.847+0000] {warnings.py:112} WARNING - /home/airflow/.local/lib/python3.12/site-packages/airflow/task/task_runner/standard_task_runner.py:62: DeprecationWarning: This process (pid=2435) is multi-threaded, use of fork() may lead to deadlocks in the child.
  pid = os.fork()

[2025-09-08T14:00:01.848+0000] {standard_task_runner.py:64} INFO - Started process 2436 to run task
[2025-09-08T14:00:01.849+0000] {standard_task_runner.py:90} INFO - Running: ['airflow', 'tasks', 'run', 'dbt_run_models', 'run_dbt_models', 'scheduled__2025-09-08T13:00:00+00:00', '--job-id', '1230', '--raw', '--subdir', 'DAGS_FOLDER/dbt_dag.py', '--cfg-path', '/tmp/tmp5xdb0bb7']
[2025-09-08T14:00:01.850+0000] {standard_task_runner.py:91} INFO - Job 1230: Subtask run_dbt_models
[2025-09-08T14:00:01.896+0000] {warnings.py:112} WARNING - /home/airflow/.local/lib/python3.12/site-packages/airflow/settings.py:195: DeprecationWarning: The sql_alchemy_conn option in [core] has been moved to the sql_alchemy_conn option in [database] - the old setting has been used, but please update your config.
  SQL_ALCHEMY_CONN = conf.get("database", "SQL_ALCHEMY_CONN")

[2025-09-08T14:00:01.954+0000] {task_command.py:426} INFO - Running <TaskInstance: dbt_run_models.run_dbt_models scheduled__2025-09-08T13:00:00+00:00 [running]> on host b5ea13053d47
[2025-09-08T14:00:02.113+0000] {taskinstance.py:2648} INFO - Exporting env vars: AIRFLOW_CTX_DAG_OWNER='airflow' AIRFLOW_CTX_DAG_ID='dbt_run_models' AIRFLOW_CTX_TASK_ID='run_dbt_models' AIRFLOW_CTX_EXECUTION_DATE='2025-09-08T13:00:00+00:00' AIRFLOW_CTX_TRY_NUMBER='1' AIRFLOW_CTX_DAG_RUN_ID='scheduled__2025-09-08T13:00:00+00:00'
[2025-09-08T14:00:02.115+0000] {taskinstance.py:430} INFO - ::endgroup::
[2025-09-08T14:00:02.163+0000] {subprocess.py:63} INFO - Tmp dir root location: /tmp
[2025-09-08T14:00:02.165+0000] {subprocess.py:75} INFO - Running command: ['/usr/bin/bash', '-c', '\n        cd /usr/app &&         dbt run --profiles-dir /usr/app\n        ']
[2025-09-08T14:00:02.183+0000] {subprocess.py:86} INFO - Output:
[2025-09-08T14:00:11.393+0000] {subprocess.py:93} INFO - [0m14:00:11  Running with dbt=1.7.9
[2025-09-08T14:00:12.153+0000] {subprocess.py:93} INFO - [0m14:00:12  Registered adapter: postgres=1.7.9
[2025-09-08T14:00:12.216+0000] {subprocess.py:93} INFO - [0m14:00:12  [[33mWARNING[0m]: Configuration paths exist in your dbt_project.yml file which do not apply to any resources.
[2025-09-08T14:00:12.217+0000] {subprocess.py:93} INFO - There are 1 unused configuration paths:
[2025-09-08T14:00:12.217+0000] {subprocess.py:93} INFO - - models.my_project.sources
[2025-09-08T14:00:12.247+0000] {subprocess.py:93} INFO - [0m14:00:12  Found 8 models, 7 sources, 0 exposures, 0 metrics, 401 macros, 0 groups, 0 semantic models
[2025-09-08T14:00:12.251+0000] {subprocess.py:93} INFO - [0m14:00:12
[2025-09-08T14:00:12.470+0000] {subprocess.py:93} INFO - [0m14:00:12  Concurrency: 4 threads (target='dev')
[2025-09-08T14:00:12.472+0000] {subprocess.py:93} INFO - [0m14:00:12
[2025-09-08T14:00:12.504+0000] {subprocess.py:93} INFO - [0m14:00:12  1 of 8 START sql view model analytics.stg_AOV .................................. [RUN]
[2025-09-08T14:00:12.510+0000] {subprocess.py:93} INFO - [0m14:00:12  2 of 8 START sql view model analytics.stg_order_count_year ..................... [RUN]
[2025-09-08T14:00:12.526+0000] {subprocess.py:93} INFO - [0m14:00:12  3 of 8 START sql view model analytics.stg_order_details ........................ [RUN]
[2025-09-08T14:00:12.534+0000] {subprocess.py:93} INFO - [0m14:00:12  4 of 8 START sql view model analytics.stg_orders ............................... [RUN]
[2025-09-08T14:00:13.349+0000] {subprocess.py:93} INFO - [0m14:00:13  2 of 8 OK created sql view model analytics.stg_order_count_year ................ [[32mCREATE VIEW[0m in 0.83s]
[2025-09-08T14:00:13.362+0000] {subprocess.py:93} INFO - [0m14:00:13  5 of 8 START sql table model analytics.order_count_year ........................ [RUN]
[2025-09-08T14:00:13.367+0000] {subprocess.py:93} INFO - [0m14:00:13  4 of 8 OK created sql view model analytics.stg_orders .......................... [[32mCREATE VIEW[0m in 0.80s]
[2025-09-08T14:00:13.374+0000] {subprocess.py:93} INFO - [0m14:00:13  1 of 8 OK created sql view model analytics.stg_AOV ............................. [[32mCREATE VIEW[0m in 0.85s]
[2025-09-08T14:00:13.405+0000] {subprocess.py:93} INFO - [0m14:00:13  6 of 8 START sql table model analytics.order_count_year+month_diff ............. [RUN]
[2025-09-08T14:00:13.415+0000] {subprocess.py:93} INFO - [0m14:00:13  3 of 8 OK created sql view model analytics.stg_order_details ................... [[32mCREATE VIEW[0m in 0.86s]
[2025-09-08T14:00:13.423+0000] {subprocess.py:93} INFO - [0m14:00:13  7 of 8 START sql table model analytics.AOV_chek ................................ [RUN]
[2025-09-08T14:00:13.458+0000] {subprocess.py:93} INFO - [0m14:00:13  8 of 8 START sql table model analytics.orders_summary .......................... [RUN]
[2025-09-08T14:00:13.979+0000] {subprocess.py:93} INFO - [0m14:00:13  6 of 8 OK created sql table model analytics.order_count_year+month_diff ........ [[32mSELECT 28[0m in 0.55s]
[2025-09-08T14:00:13.992+0000] {subprocess.py:93} INFO - [0m14:00:13  7 of 8 OK created sql table model analytics.AOV_chek ........................... [[32mSELECT 50[0m in 0.55s]
[2025-09-08T14:00:13.996+0000] {subprocess.py:93} INFO - [0m14:00:13  5 of 8 OK created sql table model analytics.order_count_year ................... [[32mSELECT 4[0m in 0.61s]
[2025-09-08T14:00:14.021+0000] {subprocess.py:93} INFO - [0m14:00:14  8 of 8 OK created sql table model analytics.orders_summary ..................... [[32mSELECT 10000[0m in 0.51s]
[2025-09-08T14:00:14.069+0000] {subprocess.py:93} INFO - [0m14:00:14
[2025-09-08T14:00:14.071+0000] {subprocess.py:93} INFO - [0m14:00:14  Finished running 4 view models, 4 table models in 0 hours 0 minutes and 1.81 seconds (1.81s).
[2025-09-08T14:00:14.119+0000] {subprocess.py:93} INFO - [0m14:00:14
[2025-09-08T14:00:14.122+0000] {subprocess.py:93} INFO - [0m14:00:14  [32mCompleted successfully[0m
[2025-09-08T14:00:14.123+0000] {subprocess.py:93} INFO - [0m14:00:14
[2025-09-08T14:00:14.125+0000] {subprocess.py:93} INFO - [0m14:00:14  Done. PASS=8 WARN=0 ERROR=0 SKIP=0 TOTAL=8
[2025-09-08T14:00:24.730+0000] {subprocess.py:97} INFO - Command exited with return code 0
[2025-09-08T14:00:24.731+0000] {taskinstance.py:441} INFO - ::group::Post task execution logs
[2025-09-08T14:00:24.771+0000] {taskinstance.py:1206} INFO - Marking task as SUCCESS. dag_id=dbt_run_models, task_id=run_dbt_models, run_id=scheduled__2025-09-08T13:00:00+00:00, execution_date=20250908T130000, start_date=20250908T140001, end_date=20250908T140024
[2025-09-08T14:00:24.811+0000] {local_task_job_runner.py:243} INFO - Task exited with return code 0
[2025-09-08T14:00:24.868+0000] {taskinstance.py:3503} INFO - 1 downstream tasks scheduled from follow-on schedule check
[2025-09-08T14:00:24.871+0000] {local_task_job_runner.py:222} INFO - ::endgroup::
