[2025-09-07T02:00:01.350+0000] {local_task_job_runner.py:120} INFO - ::group::Pre task execution logs
[2025-09-07T02:00:01.377+0000] {taskinstance.py:2076} INFO - Dependencies all met for dep_context=non-requeueable deps ti=<TaskInstance: dbt_run_models.run_dbt_models scheduled__2025-09-07T01:00:00+00:00 [queued]>
[2025-09-07T02:00:01.389+0000] {taskinstance.py:2076} INFO - Dependencies all met for dep_context=requeueable deps ti=<TaskInstance: dbt_run_models.run_dbt_models scheduled__2025-09-07T01:00:00+00:00 [queued]>
[2025-09-07T02:00:01.389+0000] {taskinstance.py:2306} INFO - Starting attempt 1 of 2
[2025-09-07T02:00:01.408+0000] {taskinstance.py:2330} INFO - Executing <Task(BashOperator): run_dbt_models> on 2025-09-07 01:00:00+00:00
[2025-09-07T02:00:01.414+0000] {warnings.py:112} WARNING - /home/airflow/.local/lib/python3.12/site-packages/airflow/task/task_runner/standard_task_runner.py:62: DeprecationWarning: This process (pid=1717) is multi-threaded, use of fork() may lead to deadlocks in the child.
  pid = os.fork()

[2025-09-07T02:00:01.415+0000] {standard_task_runner.py:64} INFO - Started process 1718 to run task
[2025-09-07T02:00:01.416+0000] {standard_task_runner.py:90} INFO - Running: ['airflow', 'tasks', 'run', 'dbt_run_models', 'run_dbt_models', 'scheduled__2025-09-07T01:00:00+00:00', '--job-id', '1148', '--raw', '--subdir', 'DAGS_FOLDER/dbt_dag.py', '--cfg-path', '/tmp/tmpras0khmn']
[2025-09-07T02:00:01.417+0000] {standard_task_runner.py:91} INFO - Job 1148: Subtask run_dbt_models
[2025-09-07T02:00:01.430+0000] {warnings.py:112} WARNING - /home/airflow/.local/lib/python3.12/site-packages/airflow/settings.py:195: DeprecationWarning: The sql_alchemy_conn option in [core] has been moved to the sql_alchemy_conn option in [database] - the old setting has been used, but please update your config.
  SQL_ALCHEMY_CONN = conf.get("database", "SQL_ALCHEMY_CONN")

[2025-09-07T02:00:01.498+0000] {task_command.py:426} INFO - Running <TaskInstance: dbt_run_models.run_dbt_models scheduled__2025-09-07T01:00:00+00:00 [running]> on host b5ea13053d47
[2025-09-07T02:00:01.732+0000] {taskinstance.py:2648} INFO - Exporting env vars: AIRFLOW_CTX_DAG_OWNER='airflow' AIRFLOW_CTX_DAG_ID='dbt_run_models' AIRFLOW_CTX_TASK_ID='run_dbt_models' AIRFLOW_CTX_EXECUTION_DATE='2025-09-07T01:00:00+00:00' AIRFLOW_CTX_TRY_NUMBER='1' AIRFLOW_CTX_DAG_RUN_ID='scheduled__2025-09-07T01:00:00+00:00'
[2025-09-07T02:00:01.734+0000] {taskinstance.py:430} INFO - ::endgroup::
[2025-09-07T02:00:01.750+0000] {subprocess.py:63} INFO - Tmp dir root location: /tmp
[2025-09-07T02:00:01.750+0000] {subprocess.py:75} INFO - Running command: ['/usr/bin/bash', '-c', '\n        cd /usr/app &&         dbt run --profiles-dir /usr/app\n        ']
[2025-09-07T02:00:01.764+0000] {subprocess.py:86} INFO - Output:
[2025-09-07T02:00:05.231+0000] {subprocess.py:93} INFO - [0m02:00:05  Running with dbt=1.7.9
[2025-09-07T02:00:05.616+0000] {subprocess.py:93} INFO - [0m02:00:05  Registered adapter: postgres=1.7.9
[2025-09-07T02:00:05.659+0000] {subprocess.py:93} INFO - [0m02:00:05  [[33mWARNING[0m]: Configuration paths exist in your dbt_project.yml file which do not apply to any resources.
[2025-09-07T02:00:05.660+0000] {subprocess.py:93} INFO - There are 1 unused configuration paths:
[2025-09-07T02:00:05.661+0000] {subprocess.py:93} INFO - - models.my_project.sources
[2025-09-07T02:00:05.684+0000] {subprocess.py:93} INFO - [0m02:00:05  Found 7 models, 7 sources, 0 exposures, 0 metrics, 401 macros, 0 groups, 0 semantic models
[2025-09-07T02:00:05.687+0000] {subprocess.py:93} INFO - [0m02:00:05
[2025-09-07T02:00:05.916+0000] {subprocess.py:93} INFO - [0m02:00:05  Concurrency: 4 threads (target='dev')
[2025-09-07T02:00:05.918+0000] {subprocess.py:93} INFO - [0m02:00:05
[2025-09-07T02:00:05.955+0000] {subprocess.py:93} INFO - [0m02:00:05  1 of 7 START sql view model analytics.stg_AOV .................................. [RUN]
[2025-09-07T02:00:05.961+0000] {subprocess.py:93} INFO - [0m02:00:05  2 of 7 START sql view model analytics.stg_order_count_year ..................... [RUN]
[2025-09-07T02:00:05.967+0000] {subprocess.py:93} INFO - [0m02:00:05  4 of 7 START sql view model analytics.stg_orders ............................... [RUN]
[2025-09-07T02:00:05.981+0000] {subprocess.py:93} INFO - [0m02:00:05  3 of 7 START sql view model analytics.stg_order_details ........................ [RUN]
[2025-09-07T02:00:06.588+0000] {subprocess.py:93} INFO - [0m02:00:06  2 of 7 OK created sql view model analytics.stg_order_count_year ................ [[32mCREATE VIEW[0m in 0.58s]
[2025-09-07T02:00:06.635+0000] {subprocess.py:93} INFO - [0m02:00:06  5 of 7 START sql table model analytics.order_count_year ........................ [RUN]
[2025-09-07T02:00:06.638+0000] {subprocess.py:93} INFO - [0m02:00:06  3 of 7 OK created sql view model analytics.stg_order_details ................... [[32mCREATE VIEW[0m in 0.62s]
[2025-09-07T02:00:06.641+0000] {subprocess.py:93} INFO - [0m02:00:06  4 of 7 OK created sql view model analytics.stg_orders .......................... [[32mCREATE VIEW[0m in 0.66s]
[2025-09-07T02:00:06.642+0000] {subprocess.py:93} INFO - [0m02:00:06  1 of 7 OK created sql view model analytics.stg_AOV ............................. [[32mCREATE VIEW[0m in 0.67s]
[2025-09-07T02:00:06.661+0000] {subprocess.py:93} INFO - [0m02:00:06  6 of 7 START sql table model analytics.AOV_chek ................................ [RUN]
[2025-09-07T02:00:06.662+0000] {subprocess.py:93} INFO - [0m02:00:06  7 of 7 START sql table model analytics.orders_summary .......................... [RUN]
[2025-09-07T02:00:07.105+0000] {subprocess.py:93} INFO - [0m02:00:07  6 of 7 OK created sql table model analytics.AOV_chek ........................... [[32mSELECT 50[0m in 0.43s]
[2025-09-07T02:00:07.114+0000] {subprocess.py:93} INFO - [0m02:00:07  5 of 7 OK created sql table model analytics.order_count_year ................... [[32mSELECT 3[0m in 0.46s]
[2025-09-07T02:00:07.135+0000] {subprocess.py:93} INFO - [0m02:00:07  7 of 7 OK created sql table model analytics.orders_summary ..................... [[32mSELECT 10000[0m in 0.46s]
[2025-09-07T02:00:07.171+0000] {subprocess.py:93} INFO - [0m02:00:07
[2025-09-07T02:00:07.173+0000] {subprocess.py:93} INFO - [0m02:00:07  Finished running 4 view models, 3 table models in 0 hours 0 minutes and 1.48 seconds (1.48s).
[2025-09-07T02:00:07.212+0000] {subprocess.py:93} INFO - [0m02:00:07
[2025-09-07T02:00:07.214+0000] {subprocess.py:93} INFO - [0m02:00:07  [32mCompleted successfully[0m
[2025-09-07T02:00:07.217+0000] {subprocess.py:93} INFO - [0m02:00:07
[2025-09-07T02:00:07.218+0000] {subprocess.py:93} INFO - [0m02:00:07  Done. PASS=7 WARN=0 ERROR=0 SKIP=0 TOTAL=7
[2025-09-07T02:00:17.771+0000] {subprocess.py:97} INFO - Command exited with return code 0
[2025-09-07T02:00:17.772+0000] {taskinstance.py:441} INFO - ::group::Post task execution logs
[2025-09-07T02:00:17.818+0000] {taskinstance.py:1206} INFO - Marking task as SUCCESS. dag_id=dbt_run_models, task_id=run_dbt_models, run_id=scheduled__2025-09-07T01:00:00+00:00, execution_date=20250907T010000, start_date=20250907T020001, end_date=20250907T020017
[2025-09-07T02:00:17.878+0000] {local_task_job_runner.py:243} INFO - Task exited with return code 0
[2025-09-07T02:00:17.901+0000] {taskinstance.py:3503} INFO - 1 downstream tasks scheduled from follow-on schedule check
[2025-09-07T02:00:17.904+0000] {local_task_job_runner.py:222} INFO - ::endgroup::
