[2025-08-27T15:59:31.335+0000] {local_task_job_runner.py:120} INFO - ::group::Pre task execution logs
[2025-08-27T15:59:31.383+0000] {taskinstance.py:2076} INFO - Dependencies all met for dep_context=non-requeueable deps ti=<TaskInstance: import_csv_to_postgres.wait_for_generation manual__2025-08-27T15:59:29.892291+00:00 [queued]>
[2025-08-27T15:59:31.396+0000] {taskinstance.py:2076} INFO - Dependencies all met for dep_context=requeueable deps ti=<TaskInstance: import_csv_to_postgres.wait_for_generation manual__2025-08-27T15:59:29.892291+00:00 [queued]>
[2025-08-27T15:59:31.397+0000] {taskinstance.py:2306} INFO - Starting attempt 1 of 1
[2025-08-27T15:59:31.419+0000] {taskinstance.py:2330} INFO - Executing <Task(ExternalTaskSensor): wait_for_generation> on 2025-08-27 15:59:29.892291+00:00
[2025-08-27T15:59:31.428+0000] {warnings.py:112} WARNING - /home/airflow/.local/lib/python3.12/site-packages/airflow/task/task_runner/standard_task_runner.py:62: DeprecationWarning: This process (pid=1462) is multi-threaded, use of fork() may lead to deadlocks in the child.
  pid = os.fork()

[2025-08-27T15:59:31.429+0000] {standard_task_runner.py:64} INFO - Started process 1464 to run task
[2025-08-27T15:59:31.439+0000] {standard_task_runner.py:90} INFO - Running: ['airflow', 'tasks', 'run', 'import_csv_to_postgres', 'wait_for_generation', 'manual__2025-08-27T15:59:29.892291+00:00', '--job-id', '678', '--raw', '--subdir', 'DAGS_FOLDER/csv_to_postgres_dag.py', '--cfg-path', '/tmp/tmp223wkl28']
[2025-08-27T15:59:31.441+0000] {standard_task_runner.py:91} INFO - Job 678: Subtask wait_for_generation
[2025-08-27T15:59:31.462+0000] {warnings.py:112} WARNING - /home/airflow/.local/lib/python3.12/site-packages/airflow/settings.py:195: DeprecationWarning: The sql_alchemy_conn option in [core] has been moved to the sql_alchemy_conn option in [database] - the old setting has been used, but please update your config.
  SQL_ALCHEMY_CONN = conf.get("database", "SQL_ALCHEMY_CONN")

[2025-08-27T15:59:31.519+0000] {task_command.py:426} INFO - Running <TaskInstance: import_csv_to_postgres.wait_for_generation manual__2025-08-27T15:59:29.892291+00:00 [running]> on host b5ea13053d47
[2025-08-27T15:59:31.710+0000] {taskinstance.py:2648} INFO - Exporting env vars: AIRFLOW_CTX_DAG_OWNER='airflow' AIRFLOW_CTX_DAG_ID='import_csv_to_postgres' AIRFLOW_CTX_TASK_ID='wait_for_generation' AIRFLOW_CTX_EXECUTION_DATE='2025-08-27T15:59:29.892291+00:00' AIRFLOW_CTX_TRY_NUMBER='1' AIRFLOW_CTX_DAG_RUN_ID='manual__2025-08-27T15:59:29.892291+00:00'
[2025-08-27T15:59:31.712+0000] {taskinstance.py:430} INFO - ::endgroup::
[2025-08-27T15:59:31.752+0000] {baseoperator.py:400} WARNING - ExternalTaskSensor.execute cannot be called outside TaskInstance!
[2025-08-27T15:59:31.753+0000] {external_task.py:274} INFO - Poking for DAG 'daily_generate_orders' on 2025-08-27T15:59:29.892291+00:00 ... 
[2025-08-27T15:59:31.754+0000] {warnings.py:112} WARNING - /home/airflow/.local/lib/python3.12/site-packages/airflow/utils/session.py:79: DeprecationWarning: This method is deprecated and will be removed in future.
  return func(*args, session=session, **kwargs)

[2025-08-27T16:00:31.777+0000] {external_task.py:274} INFO - Poking for DAG 'daily_generate_orders' on 2025-08-27T15:59:29.892291+00:00 ... 
[2025-08-27T16:01:31.788+0000] {external_task.py:274} INFO - Poking for DAG 'daily_generate_orders' on 2025-08-27T15:59:29.892291+00:00 ... 
[2025-08-27T16:02:31.810+0000] {external_task.py:274} INFO - Poking for DAG 'daily_generate_orders' on 2025-08-27T15:59:29.892291+00:00 ... 
[2025-08-27T16:03:31.818+0000] {external_task.py:274} INFO - Poking for DAG 'daily_generate_orders' on 2025-08-27T15:59:29.892291+00:00 ... 
[2025-08-27T16:04:31.838+0000] {external_task.py:274} INFO - Poking for DAG 'daily_generate_orders' on 2025-08-27T15:59:29.892291+00:00 ... 
[2025-08-27T16:05:31.854+0000] {external_task.py:274} INFO - Poking for DAG 'daily_generate_orders' on 2025-08-27T15:59:29.892291+00:00 ... 
[2025-08-27T16:06:31.867+0000] {external_task.py:274} INFO - Poking for DAG 'daily_generate_orders' on 2025-08-27T15:59:29.892291+00:00 ... 
[2025-08-27T16:07:31.887+0000] {external_task.py:274} INFO - Poking for DAG 'daily_generate_orders' on 2025-08-27T15:59:29.892291+00:00 ... 
[2025-08-27T16:08:31.905+0000] {external_task.py:274} INFO - Poking for DAG 'daily_generate_orders' on 2025-08-27T15:59:29.892291+00:00 ... 
[2025-08-27T16:09:31.916+0000] {external_task.py:274} INFO - Poking for DAG 'daily_generate_orders' on 2025-08-27T15:59:29.892291+00:00 ... 
[2025-08-27T16:09:31.923+0000] {taskinstance.py:441} INFO - ::group::Post task execution logs
[2025-08-27T16:09:31.924+0000] {taskinstance.py:2905} ERROR - Task failed with exception
Traceback (most recent call last):
  File "/home/airflow/.local/lib/python3.12/site-packages/airflow/models/taskinstance.py", line 465, in _execute_task
    result = _execute_callable(context=context, **execute_callable_kwargs)
             ^^^^^^^^^^^^^^^^^^^^^^^^^^^^^^^^^^^^^^^^^^^^^^^^^^^^^^^^^^^^^
  File "/home/airflow/.local/lib/python3.12/site-packages/airflow/models/taskinstance.py", line 432, in _execute_callable
    return execute_callable(context=context, **execute_callable_kwargs)
           ^^^^^^^^^^^^^^^^^^^^^^^^^^^^^^^^^^^^^^^^^^^^^^^^^^^^^^^^^^^^
  File "/home/airflow/.local/lib/python3.12/site-packages/airflow/models/baseoperator.py", line 401, in wrapper
    return func(self, *args, **kwargs)
           ^^^^^^^^^^^^^^^^^^^^^^^^^^^
  File "/home/airflow/.local/lib/python3.12/site-packages/airflow/sensors/external_task.py", line 348, in execute
    super().execute(context)
  File "/home/airflow/.local/lib/python3.12/site-packages/airflow/models/baseoperator.py", line 401, in wrapper
    return func(self, *args, **kwargs)
           ^^^^^^^^^^^^^^^^^^^^^^^^^^^
  File "/home/airflow/.local/lib/python3.12/site-packages/airflow/sensors/base.py", line 281, in execute
    raise AirflowSensorTimeout(message)
airflow.exceptions.AirflowSensorTimeout: Sensor has timed out; run duration of 600.1705847429112 seconds exceeds the specified timeout of 600.0.
[2025-08-27T16:09:31.940+0000] {taskinstance.py:1206} INFO - Immediate failure requested. Marking task as FAILED. dag_id=import_csv_to_postgres, task_id=wait_for_generation, run_id=manual__2025-08-27T15:59:29.892291+00:00, execution_date=20250827T155929, start_date=20250827T155931, end_date=20250827T160931
[2025-08-27T16:09:31.971+0000] {standard_task_runner.py:110} ERROR - Failed to execute job 678 for task wait_for_generation (Sensor has timed out; run duration of 600.1705847429112 seconds exceeds the specified timeout of 600.0.; 1464)
[2025-08-27T16:09:32.009+0000] {local_task_job_runner.py:243} INFO - Task exited with return code 1
[2025-08-27T16:09:32.061+0000] {taskinstance.py:3503} INFO - 0 downstream tasks scheduled from follow-on schedule check
[2025-08-27T16:09:32.069+0000] {local_task_job_runner.py:222} INFO - ::endgroup::
