[2025-09-09T14:00:02.095+0000] {local_task_job_runner.py:120} INFO - ::group::Pre task execution logs
[2025-09-09T14:00:02.136+0000] {taskinstance.py:2076} INFO - Dependencies all met for dep_context=non-requeueable deps ti=<TaskInstance: dbt_run_models.run_dbt_models scheduled__2025-09-09T13:00:00+00:00 [queued]>
[2025-09-09T14:00:02.152+0000] {taskinstance.py:2076} INFO - Dependencies all met for dep_context=requeueable deps ti=<TaskInstance: dbt_run_models.run_dbt_models scheduled__2025-09-09T13:00:00+00:00 [queued]>
[2025-09-09T14:00:02.153+0000] {taskinstance.py:2306} INFO - Starting attempt 1 of 2
[2025-09-09T14:00:02.200+0000] {taskinstance.py:2330} INFO - Executing <Task(BashOperator): run_dbt_models> on 2025-09-09 13:00:00+00:00
[2025-09-09T14:00:02.212+0000] {warnings.py:112} WARNING - /home/airflow/.local/lib/python3.12/site-packages/airflow/task/task_runner/standard_task_runner.py:62: DeprecationWarning: This process (pid=2912) is multi-threaded, use of fork() may lead to deadlocks in the child.
  pid = os.fork()

[2025-09-09T14:00:02.214+0000] {standard_task_runner.py:64} INFO - Started process 2913 to run task
[2025-09-09T14:00:02.217+0000] {standard_task_runner.py:90} INFO - Running: ['airflow', 'tasks', 'run', 'dbt_run_models', 'run_dbt_models', 'scheduled__2025-09-09T13:00:00+00:00', '--job-id', '1285', '--raw', '--subdir', 'DAGS_FOLDER/dbt_dag.py', '--cfg-path', '/tmp/tmpg3y6hall']
[2025-09-09T14:00:02.219+0000] {standard_task_runner.py:91} INFO - Job 1285: Subtask run_dbt_models
[2025-09-09T14:00:02.248+0000] {warnings.py:112} WARNING - /home/airflow/.local/lib/python3.12/site-packages/airflow/settings.py:195: DeprecationWarning: The sql_alchemy_conn option in [core] has been moved to the sql_alchemy_conn option in [database] - the old setting has been used, but please update your config.
  SQL_ALCHEMY_CONN = conf.get("database", "SQL_ALCHEMY_CONN")

[2025-09-09T14:00:02.337+0000] {task_command.py:426} INFO - Running <TaskInstance: dbt_run_models.run_dbt_models scheduled__2025-09-09T13:00:00+00:00 [running]> on host b5ea13053d47
[2025-09-09T14:00:02.554+0000] {taskinstance.py:2648} INFO - Exporting env vars: AIRFLOW_CTX_DAG_OWNER='airflow' AIRFLOW_CTX_DAG_ID='dbt_run_models' AIRFLOW_CTX_TASK_ID='run_dbt_models' AIRFLOW_CTX_EXECUTION_DATE='2025-09-09T13:00:00+00:00' AIRFLOW_CTX_TRY_NUMBER='1' AIRFLOW_CTX_DAG_RUN_ID='scheduled__2025-09-09T13:00:00+00:00'
[2025-09-09T14:00:02.555+0000] {taskinstance.py:430} INFO - ::endgroup::
[2025-09-09T14:00:02.571+0000] {subprocess.py:63} INFO - Tmp dir root location: /tmp
[2025-09-09T14:00:02.572+0000] {subprocess.py:75} INFO - Running command: ['/usr/bin/bash', '-c', '\n        cd /usr/app &&         dbt run --profiles-dir /usr/app\n        ']
[2025-09-09T14:00:02.590+0000] {subprocess.py:86} INFO - Output:
[2025-09-09T14:00:06.403+0000] {subprocess.py:93} INFO - [0m14:00:06  Running with dbt=1.7.9
[2025-09-09T14:00:07.042+0000] {subprocess.py:93} INFO - [0m14:00:07  Registered adapter: postgres=1.7.9
[2025-09-09T14:00:07.100+0000] {subprocess.py:93} INFO - [0m14:00:07  [[33mWARNING[0m]: Configuration paths exist in your dbt_project.yml file which do not apply to any resources.
[2025-09-09T14:00:07.100+0000] {subprocess.py:93} INFO - There are 1 unused configuration paths:
[2025-09-09T14:00:07.100+0000] {subprocess.py:93} INFO - - models.my_project.sources
[2025-09-09T14:00:07.130+0000] {subprocess.py:93} INFO - [0m14:00:07  Found 8 models, 7 sources, 0 exposures, 0 metrics, 401 macros, 0 groups, 0 semantic models
[2025-09-09T14:00:07.134+0000] {subprocess.py:93} INFO - [0m14:00:07
[2025-09-09T14:00:07.335+0000] {subprocess.py:93} INFO - [0m14:00:07  Concurrency: 4 threads (target='dev')
[2025-09-09T14:00:07.337+0000] {subprocess.py:93} INFO - [0m14:00:07
[2025-09-09T14:00:07.373+0000] {subprocess.py:93} INFO - [0m14:00:07  1 of 8 START sql view model analytics.stg_AOV .................................. [RUN]
[2025-09-09T14:00:07.378+0000] {subprocess.py:93} INFO - [0m14:00:07  2 of 8 START sql view model analytics.stg_order_count_year ..................... [RUN]
[2025-09-09T14:00:07.384+0000] {subprocess.py:93} INFO - [0m14:00:07  3 of 8 START sql view model analytics.stg_order_details ........................ [RUN]
[2025-09-09T14:00:07.391+0000] {subprocess.py:93} INFO - [0m14:00:07  4 of 8 START sql view model analytics.stg_orders ............................... [RUN]
[2025-09-09T14:00:08.003+0000] {subprocess.py:93} INFO - [0m14:00:08  1 of 8 OK created sql view model analytics.stg_AOV ............................. [[32mCREATE VIEW[0m in 0.61s]
[2025-09-09T14:00:08.010+0000] {subprocess.py:93} INFO - [0m14:00:08  3 of 8 OK created sql view model analytics.stg_order_details ................... [[32mCREATE VIEW[0m in 0.61s]
[2025-09-09T14:00:08.026+0000] {subprocess.py:93} INFO - [0m14:00:08  2 of 8 OK created sql view model analytics.stg_order_count_year ................ [[32mCREATE VIEW[0m in 0.63s]
[2025-09-09T14:00:08.030+0000] {subprocess.py:93} INFO - [0m14:00:08  4 of 8 OK created sql view model analytics.stg_orders .......................... [[32mCREATE VIEW[0m in 0.62s]
[2025-09-09T14:00:08.035+0000] {subprocess.py:93} INFO - [0m14:00:08  5 of 8 START sql table model analytics.AOV_chek ................................ [RUN]
[2025-09-09T14:00:08.046+0000] {subprocess.py:93} INFO - [0m14:00:08  7 of 8 START sql table model analytics.order_count_year+month_diff ............. [RUN]
[2025-09-09T14:00:08.048+0000] {subprocess.py:93} INFO - [0m14:00:08  8 of 8 START sql table model analytics.orders_summary .......................... [RUN]
[2025-09-09T14:00:08.050+0000] {subprocess.py:93} INFO - [0m14:00:08  6 of 8 START sql table model analytics.order_count_year ........................ [RUN]
[2025-09-09T14:00:08.513+0000] {subprocess.py:93} INFO - [0m14:00:08  5 of 8 OK created sql table model analytics.AOV_chek ........................... [[32mSELECT 50[0m in 0.47s]
[2025-09-09T14:00:08.560+0000] {subprocess.py:93} INFO - [0m14:00:08  6 of 8 OK created sql table model analytics.order_count_year ................... [[32mSELECT 4[0m in 0.49s]
[2025-09-09T14:00:08.598+0000] {subprocess.py:93} INFO - [0m14:00:08  7 of 8 OK created sql table model analytics.order_count_year+month_diff ........ [[32mSELECT 28[0m in 0.53s]
[2025-09-09T14:00:08.601+0000] {subprocess.py:93} INFO - [0m14:00:08  8 of 8 OK created sql table model analytics.orders_summary ..................... [[32mSELECT 10000[0m in 0.53s]
[2025-09-09T14:00:08.634+0000] {subprocess.py:93} INFO - [0m14:00:08
[2025-09-09T14:00:08.635+0000] {subprocess.py:93} INFO - [0m14:00:08  Finished running 4 view models, 4 table models in 0 hours 0 minutes and 1.50 seconds (1.50s).
[2025-09-09T14:00:08.651+0000] {subprocess.py:93} INFO - [0m14:00:08
[2025-09-09T14:00:08.652+0000] {subprocess.py:93} INFO - [0m14:00:08  [32mCompleted successfully[0m
[2025-09-09T14:00:08.653+0000] {subprocess.py:93} INFO - [0m14:00:08
[2025-09-09T14:00:08.653+0000] {subprocess.py:93} INFO - [0m14:00:08  Done. PASS=8 WARN=0 ERROR=0 SKIP=0 TOTAL=8
[2025-09-09T14:00:19.337+0000] {subprocess.py:97} INFO - Command exited with return code 0
[2025-09-09T14:00:19.338+0000] {taskinstance.py:441} INFO - ::group::Post task execution logs
[2025-09-09T14:00:19.438+0000] {taskinstance.py:1206} INFO - Marking task as SUCCESS. dag_id=dbt_run_models, task_id=run_dbt_models, run_id=scheduled__2025-09-09T13:00:00+00:00, execution_date=20250909T130000, start_date=20250909T140002, end_date=20250909T140019
[2025-09-09T14:00:19.534+0000] {local_task_job_runner.py:243} INFO - Task exited with return code 0
[2025-09-09T14:00:19.611+0000] {taskinstance.py:3503} INFO - 1 downstream tasks scheduled from follow-on schedule check
[2025-09-09T14:00:19.615+0000] {local_task_job_runner.py:222} INFO - ::endgroup::
