[2025-09-08T08:00:02.623+0000] {local_task_job_runner.py:120} INFO - ::group::Pre task execution logs
[2025-09-08T08:00:02.658+0000] {taskinstance.py:2076} INFO - Dependencies all met for dep_context=non-requeueable deps ti=<TaskInstance: import_csv_to_postgres.load_csv_to_postgres scheduled__2025-09-08T00:00:00+00:00 [queued]>
[2025-09-08T08:00:02.667+0000] {taskinstance.py:2076} INFO - Dependencies all met for dep_context=requeueable deps ti=<TaskInstance: import_csv_to_postgres.load_csv_to_postgres scheduled__2025-09-08T00:00:00+00:00 [queued]>
[2025-09-08T08:00:02.668+0000] {taskinstance.py:2306} INFO - Starting attempt 1 of 1
[2025-09-08T08:00:02.687+0000] {taskinstance.py:2330} INFO - Executing <Task(PythonOperator): load_csv_to_postgres> on 2025-09-08 00:00:00+00:00
[2025-09-08T08:00:02.697+0000] {warnings.py:112} WARNING - /home/airflow/.local/lib/python3.12/site-packages/airflow/task/task_runner/standard_task_runner.py:62: DeprecationWarning: This process (pid=2316) is multi-threaded, use of fork() may lead to deadlocks in the child.
  pid = os.fork()

[2025-09-08T08:00:02.698+0000] {standard_task_runner.py:64} INFO - Started process 2321 to run task
[2025-09-08T08:00:02.707+0000] {standard_task_runner.py:90} INFO - Running: ['airflow', 'tasks', 'run', 'import_csv_to_postgres', 'load_csv_to_postgres', 'scheduled__2025-09-08T00:00:00+00:00', '--job-id', '1217', '--raw', '--subdir', 'DAGS_FOLDER/csv_to_postgres_dag.py', '--cfg-path', '/tmp/tmpsmj8k3v7']
[2025-09-08T08:00:02.712+0000] {standard_task_runner.py:91} INFO - Job 1217: Subtask load_csv_to_postgres
[2025-09-08T08:00:02.738+0000] {warnings.py:112} WARNING - /home/airflow/.local/lib/python3.12/site-packages/airflow/settings.py:195: DeprecationWarning: The sql_alchemy_conn option in [core] has been moved to the sql_alchemy_conn option in [database] - the old setting has been used, but please update your config.
  SQL_ALCHEMY_CONN = conf.get("database", "SQL_ALCHEMY_CONN")

[2025-09-08T08:00:02.810+0000] {task_command.py:426} INFO - Running <TaskInstance: import_csv_to_postgres.load_csv_to_postgres scheduled__2025-09-08T00:00:00+00:00 [running]> on host b5ea13053d47
[2025-09-08T08:00:03.029+0000] {taskinstance.py:2648} INFO - Exporting env vars: AIRFLOW_CTX_DAG_OWNER='airflow' AIRFLOW_CTX_DAG_ID='import_csv_to_postgres' AIRFLOW_CTX_TASK_ID='load_csv_to_postgres' AIRFLOW_CTX_EXECUTION_DATE='2025-09-08T00:00:00+00:00' AIRFLOW_CTX_TRY_NUMBER='1' AIRFLOW_CTX_DAG_RUN_ID='scheduled__2025-09-08T00:00:00+00:00'
[2025-09-08T08:00:03.030+0000] {taskinstance.py:430} INFO - ::endgroup::
[2025-09-08T08:00:03.064+0000] {base.py:84} INFO - Using connection ID 'postgres_conn' for task execution.
[2025-09-08T08:00:03.207+0000] {logging_mixin.py:188} INFO - ✅ Добавлено 20 новых строк в таблицу shipments
[2025-09-08T08:00:03.310+0000] {logging_mixin.py:188} INFO - ℹ Нет новых строк для customers
[2025-09-08T08:00:03.428+0000] {logging_mixin.py:188} INFO - ✅ Добавлено 20 новых строк в таблицу orders
[2025-09-08T08:00:03.465+0000] {logging_mixin.py:188} INFO - ℹ Нет новых строк для products
[2025-09-08T08:00:03.609+0000] {logging_mixin.py:188} INFO - ✅ Добавлено 46 новых строк в таблицу order_items
[2025-09-08T08:00:03.628+0000] {logging_mixin.py:188} INFO - ℹ Нет новых строк для suppliers
[2025-09-08T08:00:03.888+0000] {logging_mixin.py:188} INFO - ✅ Добавлено 20 новых строк в таблицу payment
[2025-09-08T08:00:04.788+0000] {logging_mixin.py:188} INFO - ℹ Нет новых строк для reviews
[2025-09-08T08:00:04.788+0000] {python.py:237} INFO - Done. Returned value was: None
[2025-09-08T08:00:04.789+0000] {taskinstance.py:441} INFO - ::group::Post task execution logs
[2025-09-08T08:00:04.805+0000] {taskinstance.py:1206} INFO - Marking task as SUCCESS. dag_id=import_csv_to_postgres, task_id=load_csv_to_postgres, run_id=scheduled__2025-09-08T00:00:00+00:00, execution_date=20250908T000000, start_date=20250908T080002, end_date=20250908T080004
[2025-09-08T08:00:04.879+0000] {local_task_job_runner.py:243} INFO - Task exited with return code 0
[2025-09-08T08:00:04.904+0000] {taskinstance.py:3503} INFO - 0 downstream tasks scheduled from follow-on schedule check
[2025-09-08T08:00:04.907+0000] {local_task_job_runner.py:222} INFO - ::endgroup::
