[2025-08-25T08:46:39.767+0000] {local_task_job_runner.py:120} INFO - ::group::Pre task execution logs
[2025-08-25T08:46:40.101+0000] {taskinstance.py:2076} INFO - Dependencies all met for dep_context=non-requeueable deps ti=<TaskInstance: dbt_run_models.run_dbt_models scheduled__2025-08-22T12:00:00+00:00 [queued]>
[2025-08-25T08:46:40.181+0000] {taskinstance.py:2076} INFO - Dependencies all met for dep_context=requeueable deps ti=<TaskInstance: dbt_run_models.run_dbt_models scheduled__2025-08-22T12:00:00+00:00 [queued]>
[2025-08-25T08:46:40.191+0000] {taskinstance.py:2306} INFO - Starting attempt 4 of 5
[2025-08-25T08:46:40.384+0000] {taskinstance.py:2330} INFO - Executing <Task(BashOperator): run_dbt_models> on 2025-08-22 12:00:00+00:00
[2025-08-25T08:46:40.408+0000] {warnings.py:112} WARNING - /home/airflow/.local/lib/python3.12/site-packages/airflow/task/task_runner/standard_task_runner.py:62: DeprecationWarning: This process (pid=54) is multi-threaded, use of fork() may lead to deadlocks in the child.
  pid = os.fork()

[2025-08-25T08:46:40.411+0000] {standard_task_runner.py:64} INFO - Started process 59 to run task
[2025-08-25T08:46:40.419+0000] {standard_task_runner.py:90} INFO - Running: ['airflow', 'tasks', 'run', 'dbt_run_models', 'run_dbt_models', 'scheduled__2025-08-22T12:00:00+00:00', '--job-id', '456', '--raw', '--subdir', 'DAGS_FOLDER/dbt_dag.py', '--cfg-path', '/tmp/tmpfwsf30lh']
[2025-08-25T08:46:40.420+0000] {standard_task_runner.py:91} INFO - Job 456: Subtask run_dbt_models
[2025-08-25T08:46:40.483+0000] {warnings.py:112} WARNING - /home/airflow/.local/lib/python3.12/site-packages/airflow/settings.py:195: DeprecationWarning: The sql_alchemy_conn option in [core] has been moved to the sql_alchemy_conn option in [database] - the old setting has been used, but please update your config.
  SQL_ALCHEMY_CONN = conf.get("database", "SQL_ALCHEMY_CONN")

[2025-08-25T08:46:40.575+0000] {task_command.py:426} INFO - Running <TaskInstance: dbt_run_models.run_dbt_models scheduled__2025-08-22T12:00:00+00:00 [running]> on host b71dcd990cf2
[2025-08-25T08:46:40.821+0000] {taskinstance.py:2648} INFO - Exporting env vars: AIRFLOW_CTX_DAG_OWNER='airflow' AIRFLOW_CTX_DAG_ID='dbt_run_models' AIRFLOW_CTX_TASK_ID='run_dbt_models' AIRFLOW_CTX_EXECUTION_DATE='2025-08-22T12:00:00+00:00' AIRFLOW_CTX_TRY_NUMBER='4' AIRFLOW_CTX_DAG_RUN_ID='scheduled__2025-08-22T12:00:00+00:00'
[2025-08-25T08:46:40.823+0000] {taskinstance.py:430} INFO - ::endgroup::
[2025-08-25T08:46:41.057+0000] {subprocess.py:63} INFO - Tmp dir root location: /tmp
[2025-08-25T08:46:41.063+0000] {subprocess.py:75} INFO - Running command: ['/usr/bin/bash', '-c', '\n        cd /usr/app &&         dbt run --profiles-dir /usr/app\n        ']
[2025-08-25T08:46:41.100+0000] {subprocess.py:86} INFO - Output:
[2025-08-25T08:46:50.577+0000] {subprocess.py:93} INFO - [0m08:46:50  Running with dbt=1.7.9
[2025-08-25T08:46:50.594+0000] {subprocess.py:93} INFO - [0m08:46:50  Encountered an error:
[2025-08-25T08:46:50.596+0000] {subprocess.py:93} INFO - Runtime Error
[2025-08-25T08:46:50.596+0000] {subprocess.py:93} INFO -   Could not find profile named 'default'
[2025-08-25T08:46:51.907+0000] {subprocess.py:97} INFO - Command exited with return code 2
[2025-08-25T08:46:51.934+0000] {taskinstance.py:441} INFO - ::group::Post task execution logs
[2025-08-25T08:46:51.969+0000] {taskinstance.py:2905} ERROR - Task failed with exception
Traceback (most recent call last):
  File "/home/airflow/.local/lib/python3.12/site-packages/airflow/models/taskinstance.py", line 465, in _execute_task
    result = _execute_callable(context=context, **execute_callable_kwargs)
             ^^^^^^^^^^^^^^^^^^^^^^^^^^^^^^^^^^^^^^^^^^^^^^^^^^^^^^^^^^^^^
  File "/home/airflow/.local/lib/python3.12/site-packages/airflow/models/taskinstance.py", line 432, in _execute_callable
    return execute_callable(context=context, **execute_callable_kwargs)
           ^^^^^^^^^^^^^^^^^^^^^^^^^^^^^^^^^^^^^^^^^^^^^^^^^^^^^^^^^^^^
  File "/home/airflow/.local/lib/python3.12/site-packages/airflow/models/baseoperator.py", line 401, in wrapper
    return func(self, *args, **kwargs)
           ^^^^^^^^^^^^^^^^^^^^^^^^^^^
  File "/home/airflow/.local/lib/python3.12/site-packages/airflow/operators/bash.py", line 243, in execute
    raise AirflowException(
airflow.exceptions.AirflowException: Bash command failed. The command returned a non-zero exit code 2.
[2025-08-25T08:46:52.016+0000] {taskinstance.py:1206} INFO - Marking task as UP_FOR_RETRY. dag_id=dbt_run_models, task_id=run_dbt_models, run_id=scheduled__2025-08-22T12:00:00+00:00, execution_date=20250822T120000, start_date=20250825T084640, end_date=20250825T084652
[2025-08-25T08:46:52.158+0000] {standard_task_runner.py:110} ERROR - Failed to execute job 456 for task run_dbt_models (Bash command failed. The command returned a non-zero exit code 2.; 59)
[2025-08-25T08:46:52.198+0000] {local_task_job_runner.py:243} INFO - Task exited with return code 1
[2025-08-25T08:46:52.243+0000] {taskinstance.py:3503} INFO - 0 downstream tasks scheduled from follow-on schedule check
[2025-08-25T08:46:52.246+0000] {local_task_job_runner.py:222} INFO - ::endgroup::
