[2025-08-26T18:30:01.594+0000] {local_task_job_runner.py:120} INFO - ::group::Pre task execution logs
[2025-08-26T18:30:01.616+0000] {taskinstance.py:2076} INFO - Dependencies all met for dep_context=non-requeueable deps ti=<TaskInstance: import_csv_to_postgres.load_csv_to_postgres scheduled__2025-08-26T18:00:00+00:00 [queued]>
[2025-08-26T18:30:01.624+0000] {taskinstance.py:2076} INFO - Dependencies all met for dep_context=requeueable deps ti=<TaskInstance: import_csv_to_postgres.load_csv_to_postgres scheduled__2025-08-26T18:00:00+00:00 [queued]>
[2025-08-26T18:30:01.624+0000] {taskinstance.py:2306} INFO - Starting attempt 1 of 1
[2025-08-26T18:30:01.640+0000] {taskinstance.py:2330} INFO - Executing <Task(PythonOperator): load_csv_to_postgres> on 2025-08-26 18:00:00+00:00
[2025-08-26T18:30:01.653+0000] {warnings.py:112} WARNING - /home/airflow/.local/lib/python3.12/site-packages/airflow/task/task_runner/standard_task_runner.py:62: DeprecationWarning: This process (pid=1234) is multi-threaded, use of fork() may lead to deadlocks in the child.
  pid = os.fork()

[2025-08-26T18:30:01.655+0000] {standard_task_runner.py:64} INFO - Started process 1236 to run task
[2025-08-26T18:30:01.656+0000] {standard_task_runner.py:90} INFO - Running: ['airflow', 'tasks', 'run', 'import_csv_to_postgres', 'load_csv_to_postgres', 'scheduled__2025-08-26T18:00:00+00:00', '--job-id', '636', '--raw', '--subdir', 'DAGS_FOLDER/csv_to_postgres_dag.py', '--cfg-path', '/tmp/tmpcu2zj2rf']
[2025-08-26T18:30:01.662+0000] {standard_task_runner.py:91} INFO - Job 636: Subtask load_csv_to_postgres
[2025-08-26T18:30:01.685+0000] {warnings.py:112} WARNING - /home/airflow/.local/lib/python3.12/site-packages/airflow/settings.py:195: DeprecationWarning: The sql_alchemy_conn option in [core] has been moved to the sql_alchemy_conn option in [database] - the old setting has been used, but please update your config.
  SQL_ALCHEMY_CONN = conf.get("database", "SQL_ALCHEMY_CONN")

[2025-08-26T18:30:01.742+0000] {task_command.py:426} INFO - Running <TaskInstance: import_csv_to_postgres.load_csv_to_postgres scheduled__2025-08-26T18:00:00+00:00 [running]> on host b5ea13053d47
[2025-08-26T18:30:01.890+0000] {taskinstance.py:2648} INFO - Exporting env vars: AIRFLOW_CTX_DAG_OWNER='airflow' AIRFLOW_CTX_DAG_ID='import_csv_to_postgres' AIRFLOW_CTX_TASK_ID='load_csv_to_postgres' AIRFLOW_CTX_EXECUTION_DATE='2025-08-26T18:00:00+00:00' AIRFLOW_CTX_TRY_NUMBER='1' AIRFLOW_CTX_DAG_RUN_ID='scheduled__2025-08-26T18:00:00+00:00'
[2025-08-26T18:30:01.891+0000] {taskinstance.py:430} INFO - ::endgroup::
[2025-08-26T18:30:01.932+0000] {base.py:84} INFO - Using connection ID 'postgres_conn' for task execution.
[2025-08-26T18:30:01.952+0000] {logging_mixin.py:188} INFO - 🗑 Таблица order_items очищена
[2025-08-26T18:30:01.970+0000] {logging_mixin.py:188} INFO - 🗑 Таблица payment очищена
[2025-08-26T18:30:02.000+0000] {logging_mixin.py:188} INFO - 🗑 Таблица orders очищена
[2025-08-26T18:30:02.011+0000] {logging_mixin.py:188} INFO - 🗑 Таблица shipments очищена
[2025-08-26T18:30:02.020+0000] {logging_mixin.py:188} INFO - 🗑 Таблица customers очищена
[2025-08-26T18:30:02.028+0000] {logging_mixin.py:188} INFO - 🗑 Таблица products очищена
[2025-08-26T18:30:02.036+0000] {logging_mixin.py:188} INFO - 🗑 Таблица suppliers очищена
[2025-08-26T18:30:02.429+0000] {logging_mixin.py:188} INFO - ✅ Загружен файл customers.csv в таблицу customers
[2025-08-26T18:30:02.443+0000] {logging_mixin.py:188} INFO - ✅ Загружен файл suppliers.csv в таблицу suppliers
[2025-08-26T18:30:02.497+0000] {logging_mixin.py:188} INFO - ✅ Загружен файл products.csv в таблицу products
[2025-08-26T18:30:02.953+0000] {logging_mixin.py:188} INFO - ✅ Загружен файл shipments.csv в таблицу shipments
[2025-08-26T18:30:03.458+0000] {logging_mixin.py:188} INFO - ✅ Загружен файл orders.csv в таблицу orders
[2025-08-26T18:30:04.328+0000] {logging_mixin.py:188} INFO - ✅ Загружен файл order_items.csv в таблицу order_items
[2025-08-26T18:30:05.287+0000] {logging_mixin.py:188} INFO - ✅ Загружен файл payment.csv в таблицу payment
[2025-08-26T18:30:05.288+0000] {python.py:237} INFO - Done. Returned value was: None
[2025-08-26T18:30:05.289+0000] {taskinstance.py:441} INFO - ::group::Post task execution logs
[2025-08-26T18:30:05.301+0000] {taskinstance.py:1206} INFO - Marking task as SUCCESS. dag_id=import_csv_to_postgres, task_id=load_csv_to_postgres, run_id=scheduled__2025-08-26T18:00:00+00:00, execution_date=20250826T180000, start_date=20250826T183001, end_date=20250826T183005
[2025-08-26T18:30:05.372+0000] {local_task_job_runner.py:243} INFO - Task exited with return code 0
[2025-08-26T18:30:05.401+0000] {taskinstance.py:3503} INFO - 0 downstream tasks scheduled from follow-on schedule check
[2025-08-26T18:30:05.406+0000] {local_task_job_runner.py:222} INFO - ::endgroup::
