[2025-09-07T18:00:02.006+0000] {local_task_job_runner.py:120} INFO - ::group::Pre task execution logs
[2025-09-07T18:00:02.075+0000] {taskinstance.py:2076} INFO - Dependencies all met for dep_context=non-requeueable deps ti=<TaskInstance: dbt_run_models.run_dbt_models scheduled__2025-09-07T17:00:00+00:00 [queued]>
[2025-09-07T18:00:02.097+0000] {taskinstance.py:2076} INFO - Dependencies all met for dep_context=requeueable deps ti=<TaskInstance: dbt_run_models.run_dbt_models scheduled__2025-09-07T17:00:00+00:00 [queued]>
[2025-09-07T18:00:02.097+0000] {taskinstance.py:2306} INFO - Starting attempt 1 of 2
[2025-09-07T18:00:02.139+0000] {taskinstance.py:2330} INFO - Executing <Task(BashOperator): run_dbt_models> on 2025-09-07 17:00:00+00:00
[2025-09-07T18:00:02.153+0000] {warnings.py:112} WARNING - /home/airflow/.local/lib/python3.12/site-packages/airflow/task/task_runner/standard_task_runner.py:62: DeprecationWarning: This process (pid=2034) is multi-threaded, use of fork() may lead to deadlocks in the child.
  pid = os.fork()

[2025-09-07T18:00:02.155+0000] {standard_task_runner.py:64} INFO - Started process 2036 to run task
[2025-09-07T18:00:02.159+0000] {standard_task_runner.py:90} INFO - Running: ['airflow', 'tasks', 'run', 'dbt_run_models', 'run_dbt_models', 'scheduled__2025-09-07T17:00:00+00:00', '--job-id', '1185', '--raw', '--subdir', 'DAGS_FOLDER/dbt_dag.py', '--cfg-path', '/tmp/tmpk5rwlh2v']
[2025-09-07T18:00:02.161+0000] {standard_task_runner.py:91} INFO - Job 1185: Subtask run_dbt_models
[2025-09-07T18:00:02.190+0000] {warnings.py:112} WARNING - /home/airflow/.local/lib/python3.12/site-packages/airflow/settings.py:195: DeprecationWarning: The sql_alchemy_conn option in [core] has been moved to the sql_alchemy_conn option in [database] - the old setting has been used, but please update your config.
  SQL_ALCHEMY_CONN = conf.get("database", "SQL_ALCHEMY_CONN")

[2025-09-07T18:00:02.257+0000] {task_command.py:426} INFO - Running <TaskInstance: dbt_run_models.run_dbt_models scheduled__2025-09-07T17:00:00+00:00 [running]> on host b5ea13053d47
[2025-09-07T18:00:02.455+0000] {taskinstance.py:2648} INFO - Exporting env vars: AIRFLOW_CTX_DAG_OWNER='airflow' AIRFLOW_CTX_DAG_ID='dbt_run_models' AIRFLOW_CTX_TASK_ID='run_dbt_models' AIRFLOW_CTX_EXECUTION_DATE='2025-09-07T17:00:00+00:00' AIRFLOW_CTX_TRY_NUMBER='1' AIRFLOW_CTX_DAG_RUN_ID='scheduled__2025-09-07T17:00:00+00:00'
[2025-09-07T18:00:02.456+0000] {taskinstance.py:430} INFO - ::endgroup::
[2025-09-07T18:00:02.470+0000] {subprocess.py:63} INFO - Tmp dir root location: /tmp
[2025-09-07T18:00:02.470+0000] {subprocess.py:75} INFO - Running command: ['/usr/bin/bash', '-c', '\n        cd /usr/app &&         dbt run --profiles-dir /usr/app\n        ']
[2025-09-07T18:00:02.492+0000] {subprocess.py:86} INFO - Output:
[2025-09-07T18:00:05.885+0000] {subprocess.py:93} INFO - [0m18:00:05  Running with dbt=1.7.9
[2025-09-07T18:00:06.269+0000] {subprocess.py:93} INFO - [0m18:00:06  Registered adapter: postgres=1.7.9
[2025-09-07T18:00:06.315+0000] {subprocess.py:93} INFO - [0m18:00:06  [[33mWARNING[0m]: Configuration paths exist in your dbt_project.yml file which do not apply to any resources.
[2025-09-07T18:00:06.316+0000] {subprocess.py:93} INFO - There are 1 unused configuration paths:
[2025-09-07T18:00:06.317+0000] {subprocess.py:93} INFO - - models.my_project.sources
[2025-09-07T18:00:06.341+0000] {subprocess.py:93} INFO - [0m18:00:06  Found 7 models, 7 sources, 0 exposures, 0 metrics, 401 macros, 0 groups, 0 semantic models
[2025-09-07T18:00:06.344+0000] {subprocess.py:93} INFO - [0m18:00:06
[2025-09-07T18:00:06.658+0000] {subprocess.py:93} INFO - [0m18:00:06  Concurrency: 4 threads (target='dev')
[2025-09-07T18:00:06.660+0000] {subprocess.py:93} INFO - [0m18:00:06
[2025-09-07T18:00:06.700+0000] {subprocess.py:93} INFO - [0m18:00:06  1 of 7 START sql view model analytics.stg_AOV .................................. [RUN]
[2025-09-07T18:00:06.703+0000] {subprocess.py:93} INFO - [0m18:00:06  2 of 7 START sql view model analytics.stg_order_count_year ..................... [RUN]
[2025-09-07T18:00:06.707+0000] {subprocess.py:93} INFO - [0m18:00:06  3 of 7 START sql view model analytics.stg_order_details ........................ [RUN]
[2025-09-07T18:00:06.712+0000] {subprocess.py:93} INFO - [0m18:00:06  4 of 7 START sql view model analytics.stg_orders ............................... [RUN]
[2025-09-07T18:00:07.206+0000] {subprocess.py:93} INFO - [0m18:00:07  2 of 7 OK created sql view model analytics.stg_order_count_year ................ [[32mCREATE VIEW[0m in 0.48s]
[2025-09-07T18:00:07.253+0000] {subprocess.py:93} INFO - [0m18:00:07  5 of 7 START sql table model analytics.order_count_year ........................ [RUN]
[2025-09-07T18:00:07.257+0000] {subprocess.py:93} INFO - [0m18:00:07  4 of 7 OK created sql view model analytics.stg_orders .......................... [[32mCREATE VIEW[0m in 0.51s]
[2025-09-07T18:00:07.283+0000] {subprocess.py:93} INFO - [0m18:00:07  1 of 7 OK created sql view model analytics.stg_AOV ............................. [[32mCREATE VIEW[0m in 0.55s]
[2025-09-07T18:00:07.318+0000] {subprocess.py:93} INFO - [0m18:00:07  6 of 7 START sql table model analytics.AOV_chek ................................ [RUN]
[2025-09-07T18:00:07.360+0000] {subprocess.py:93} INFO - [0m18:00:07  3 of 7 OK created sql view model analytics.stg_order_details ................... [[32mCREATE VIEW[0m in 0.65s]
[2025-09-07T18:00:07.380+0000] {subprocess.py:93} INFO - [0m18:00:07  7 of 7 START sql table model analytics.orders_summary .......................... [RUN]
[2025-09-07T18:00:07.700+0000] {subprocess.py:93} INFO - [0m18:00:07  6 of 7 OK created sql table model analytics.AOV_chek ........................... [[32mSELECT 50[0m in 0.36s]
[2025-09-07T18:00:07.723+0000] {subprocess.py:93} INFO - [0m18:00:07  5 of 7 OK created sql table model analytics.order_count_year ................... [[32mSELECT 4[0m in 0.45s]
[2025-09-07T18:00:07.775+0000] {subprocess.py:93} INFO - [0m18:00:07  7 of 7 OK created sql table model analytics.orders_summary ..................... [[32mSELECT 10000[0m in 0.39s]
[2025-09-07T18:00:07.796+0000] {subprocess.py:93} INFO - [0m18:00:07
[2025-09-07T18:00:07.797+0000] {subprocess.py:93} INFO - [0m18:00:07  Finished running 4 view models, 3 table models in 0 hours 0 minutes and 1.45 seconds (1.45s).
[2025-09-07T18:00:07.811+0000] {subprocess.py:93} INFO - [0m18:00:07
[2025-09-07T18:00:07.811+0000] {subprocess.py:93} INFO - [0m18:00:07  [32mCompleted successfully[0m
[2025-09-07T18:00:07.812+0000] {subprocess.py:93} INFO - [0m18:00:07
[2025-09-07T18:00:07.813+0000] {subprocess.py:93} INFO - [0m18:00:07  Done. PASS=7 WARN=0 ERROR=0 SKIP=0 TOTAL=7
[2025-09-07T18:00:18.414+0000] {subprocess.py:97} INFO - Command exited with return code 0
[2025-09-07T18:00:18.416+0000] {taskinstance.py:441} INFO - ::group::Post task execution logs
[2025-09-07T18:00:18.459+0000] {taskinstance.py:1206} INFO - Marking task as SUCCESS. dag_id=dbt_run_models, task_id=run_dbt_models, run_id=scheduled__2025-09-07T17:00:00+00:00, execution_date=20250907T170000, start_date=20250907T180002, end_date=20250907T180018
[2025-09-07T18:00:18.536+0000] {local_task_job_runner.py:243} INFO - Task exited with return code 0
[2025-09-07T18:00:18.581+0000] {taskinstance.py:3503} INFO - 1 downstream tasks scheduled from follow-on schedule check
[2025-09-07T18:00:18.584+0000] {local_task_job_runner.py:222} INFO - ::endgroup::
