[2025-09-09T23:05:19.779+0000] {local_task_job_runner.py:120} INFO - ::group::Pre task execution logs
[2025-09-09T23:05:19.826+0000] {taskinstance.py:2076} INFO - Dependencies all met for dep_context=non-requeueable deps ti=<TaskInstance: dbt_run_models.run_dbt_models scheduled__2025-09-09T22:00:00+00:00 [queued]>
[2025-09-09T23:05:19.852+0000] {taskinstance.py:2076} INFO - Dependencies all met for dep_context=requeueable deps ti=<TaskInstance: dbt_run_models.run_dbt_models scheduled__2025-09-09T22:00:00+00:00 [queued]>
[2025-09-09T23:05:19.853+0000] {taskinstance.py:2306} INFO - Starting attempt 2 of 2
[2025-09-09T23:05:19.902+0000] {taskinstance.py:2330} INFO - Executing <Task(BashOperator): run_dbt_models> on 2025-09-09 22:00:00+00:00
[2025-09-09T23:05:19.913+0000] {standard_task_runner.py:90} INFO - Running: ['airflow', 'tasks', 'run', 'dbt_run_models', 'run_dbt_models', 'scheduled__2025-09-09T22:00:00+00:00', '--job-id', '1306', '--raw', '--subdir', 'DAGS_FOLDER/dbt_dag.py', '--cfg-path', '/tmp/tmp0ypq3dee']
[2025-09-09T23:05:19.912+0000] {warnings.py:112} WARNING - /home/airflow/.local/lib/python3.12/site-packages/airflow/task/task_runner/standard_task_runner.py:62: DeprecationWarning: This process (pid=3161) is multi-threaded, use of fork() may lead to deadlocks in the child.
  pid = os.fork()

[2025-09-09T23:05:19.914+0000] {standard_task_runner.py:91} INFO - Job 1306: Subtask run_dbt_models
[2025-09-09T23:05:19.914+0000] {standard_task_runner.py:64} INFO - Started process 3162 to run task
[2025-09-09T23:05:19.938+0000] {warnings.py:112} WARNING - /home/airflow/.local/lib/python3.12/site-packages/airflow/settings.py:195: DeprecationWarning: The sql_alchemy_conn option in [core] has been moved to the sql_alchemy_conn option in [database] - the old setting has been used, but please update your config.
  SQL_ALCHEMY_CONN = conf.get("database", "SQL_ALCHEMY_CONN")

[2025-09-09T23:05:20.033+0000] {task_command.py:426} INFO - Running <TaskInstance: dbt_run_models.run_dbt_models scheduled__2025-09-09T22:00:00+00:00 [running]> on host b5ea13053d47
[2025-09-09T23:05:20.241+0000] {taskinstance.py:2648} INFO - Exporting env vars: AIRFLOW_CTX_DAG_OWNER='airflow' AIRFLOW_CTX_DAG_ID='dbt_run_models' AIRFLOW_CTX_TASK_ID='run_dbt_models' AIRFLOW_CTX_EXECUTION_DATE='2025-09-09T22:00:00+00:00' AIRFLOW_CTX_TRY_NUMBER='2' AIRFLOW_CTX_DAG_RUN_ID='scheduled__2025-09-09T22:00:00+00:00'
[2025-09-09T23:05:20.242+0000] {taskinstance.py:430} INFO - ::endgroup::
[2025-09-09T23:05:20.257+0000] {subprocess.py:63} INFO - Tmp dir root location: /tmp
[2025-09-09T23:05:20.258+0000] {subprocess.py:75} INFO - Running command: ['/usr/bin/bash', '-c', '\n        cd /usr/app &&         dbt run --profiles-dir /usr/app\n        ']
[2025-09-09T23:05:20.269+0000] {subprocess.py:86} INFO - Output:
[2025-09-09T23:05:23.920+0000] {subprocess.py:93} INFO - [0m23:05:23  Running with dbt=1.7.9
[2025-09-09T23:05:24.295+0000] {subprocess.py:93} INFO - [0m23:05:24  Registered adapter: postgres=1.7.9
[2025-09-09T23:05:24.344+0000] {subprocess.py:93} INFO - [0m23:05:24  [[33mWARNING[0m]: Configuration paths exist in your dbt_project.yml file which do not apply to any resources.
[2025-09-09T23:05:24.344+0000] {subprocess.py:93} INFO - There are 1 unused configuration paths:
[2025-09-09T23:05:24.344+0000] {subprocess.py:93} INFO - - models.my_project.sources
[2025-09-09T23:05:24.370+0000] {subprocess.py:93} INFO - [0m23:05:24  Found 15 models, 7 sources, 0 exposures, 0 metrics, 401 macros, 0 groups, 0 semantic models
[2025-09-09T23:05:24.374+0000] {subprocess.py:93} INFO - [0m23:05:24
[2025-09-09T23:05:24.580+0000] {subprocess.py:93} INFO - [0m23:05:24  Concurrency: 4 threads (target='dev')
[2025-09-09T23:05:24.580+0000] {subprocess.py:93} INFO - [0m23:05:24
[2025-09-09T23:05:24.605+0000] {subprocess.py:93} INFO - [0m23:05:24  1 of 15 START sql view model analytics.stg_AOV ................................. [RUN]
[2025-09-09T23:05:24.612+0000] {subprocess.py:93} INFO - [0m23:05:24  2 of 15 START sql view model analytics.stg_order_count_year .................... [RUN]
[2025-09-09T23:05:24.639+0000] {subprocess.py:93} INFO - [0m23:05:24  3 of 15 START sql view model analytics.stg_order_details ....................... [RUN]
[2025-09-09T23:05:24.642+0000] {subprocess.py:93} INFO - [0m23:05:24  4 of 15 START sql view model analytics.stg_order_items ......................... [RUN]
[2025-09-09T23:05:25.376+0000] {subprocess.py:93} INFO - [0m23:05:25  3 of 15 OK created sql view model analytics.stg_order_details .................. [[32mCREATE VIEW[0m in 0.71s]
[2025-09-09T23:05:25.381+0000] {subprocess.py:93} INFO - [0m23:05:25  2 of 15 OK created sql view model analytics.stg_order_count_year ............... [[32mCREATE VIEW[0m in 0.75s]
[2025-09-09T23:05:25.392+0000] {subprocess.py:93} INFO - [0m23:05:25  4 of 15 OK created sql view model analytics.stg_order_items .................... [[32mCREATE VIEW[0m in 0.70s]
[2025-09-09T23:05:25.404+0000] {subprocess.py:93} INFO - [0m23:05:25  5 of 15 START sql view model analytics.stg_orders .............................. [RUN]
[2025-09-09T23:05:25.408+0000] {subprocess.py:93} INFO - [0m23:05:25  6 of 15 START sql view model analytics.stg_payments ............................ [RUN]
[2025-09-09T23:05:25.419+0000] {subprocess.py:93} INFO - [0m23:05:25  1 of 15 OK created sql view model analytics.stg_AOV ............................ [[32mCREATE VIEW[0m in 0.77s]
[2025-09-09T23:05:25.425+0000] {subprocess.py:93} INFO - [0m23:05:25  7 of 15 START sql view model analytics.stg_products ............................ [RUN]
[2025-09-09T23:05:25.459+0000] {subprocess.py:93} INFO - [0m23:05:25  8 of 15 START sql table model analytics.order_count_year ....................... [RUN]
[2025-09-09T23:05:25.884+0000] {subprocess.py:93} INFO - [0m23:05:25  5 of 15 OK created sql view model analytics.stg_orders ......................... [[32mCREATE VIEW[0m in 0.47s]
[2025-09-09T23:05:25.939+0000] {subprocess.py:93} INFO - [0m23:05:25  9 of 15 START sql table model analytics.order_count_year+month_diff ............ [RUN]
[2025-09-09T23:05:26.037+0000] {subprocess.py:93} INFO - [0m23:05:26  7 of 15 OK created sql view model analytics.stg_products ....................... [[32mCREATE VIEW[0m in 0.59s]
[2025-09-09T23:05:26.040+0000] {subprocess.py:93} INFO - [0m23:05:26  10 of 15 START sql table model analytics.AOV_chek .............................. [RUN]
[2025-09-09T23:05:26.063+0000] {subprocess.py:93} INFO - [0m23:05:26  6 of 15 OK created sql view model analytics.stg_payments ....................... [[32mCREATE VIEW[0m in 0.64s]
[2025-09-09T23:05:26.116+0000] {subprocess.py:93} INFO - [0m23:05:26  8 of 15 OK created sql table model analytics.order_count_year .................. [[32mSELECT 4[0m in 0.62s]
[2025-09-09T23:05:26.118+0000] {subprocess.py:93} INFO - [0m23:05:26  11 of 15 START sql table model analytics.orders_summary ........................ [RUN]
[2025-09-09T23:05:26.131+0000] {subprocess.py:93} INFO - [0m23:05:26  12 of 15 START sql table model analytics.AOV_EBITDA_COUNT ...................... [RUN]
[2025-09-09T23:05:26.446+0000] {subprocess.py:93} INFO - [0m23:05:26  12 of 15 ERROR creating sql table model analytics.AOV_EBITDA_COUNT ............. [[31mERROR[0m in 0.31s]
[2025-09-09T23:05:26.459+0000] {subprocess.py:93} INFO - [0m23:05:26  13 of 15 START sql table model analytics.AOV_category .......................... [RUN]
[2025-09-09T23:05:26.503+0000] {subprocess.py:93} INFO - [0m23:05:26  10 of 15 OK created sql table model analytics.AOV_chek ......................... [[32mSELECT 50[0m in 0.44s]
[2025-09-09T23:05:26.521+0000] {subprocess.py:93} INFO - [0m23:05:26  14 of 15 START sql table model analytics.AOV_product_name ...................... [RUN]
[2025-09-09T23:05:26.527+0000] {subprocess.py:93} INFO - [0m23:05:26  9 of 15 OK created sql table model analytics.order_count_year+month_diff ....... [[32mSELECT 28[0m in 0.56s]
[2025-09-09T23:05:26.564+0000] {subprocess.py:93} INFO - [0m23:05:26  15 of 15 START sql table model analytics.AVG_AOV_chek .......................... [RUN]
[2025-09-09T23:05:26.701+0000] {subprocess.py:93} INFO - [0m23:05:26  13 of 15 ERROR creating sql table model analytics.AOV_category ................. [[31mERROR[0m in 0.22s]
[2025-09-09T23:05:26.741+0000] {subprocess.py:93} INFO - [0m23:05:26  11 of 15 OK created sql table model analytics.orders_summary ................... [[32mSELECT 10000[0m in 0.58s]
[2025-09-09T23:05:26.741+0000] {subprocess.py:93} INFO - [0m23:05:26  14 of 15 ERROR creating sql table model analytics.AOV_product_name ............. [[31mERROR[0m in 0.20s]
[2025-09-09T23:05:27.120+0000] {subprocess.py:93} INFO - [0m23:05:27  15 of 15 OK created sql table model analytics.AVG_AOV_chek ..................... [[32mSELECT 16839[0m in 0.55s]
[2025-09-09T23:05:27.169+0000] {subprocess.py:93} INFO - [0m23:05:27
[2025-09-09T23:05:27.171+0000] {subprocess.py:93} INFO - [0m23:05:27  Finished running 7 view models, 8 table models in 0 hours 0 minutes and 2.79 seconds (2.79s).
[2025-09-09T23:05:27.217+0000] {subprocess.py:93} INFO - [0m23:05:27
[2025-09-09T23:05:27.219+0000] {subprocess.py:93} INFO - [0m23:05:27  [31mCompleted with 3 errors and 0 warnings:[0m
[2025-09-09T23:05:27.220+0000] {subprocess.py:93} INFO - [0m23:05:27
[2025-09-09T23:05:27.222+0000] {subprocess.py:93} INFO - [0m23:05:27    Database Error in model AOV_EBITDA_COUNT (models/marts/AOV_EBITDA_COUNT.sql)
[2025-09-09T23:05:27.222+0000] {subprocess.py:93} INFO -   type "avr_order_value" does not exist
[2025-09-09T23:05:27.222+0000] {subprocess.py:93} INFO -   LINE 19: order by avr_order_value
[2025-09-09T23:05:27.222+0000] {subprocess.py:93} INFO -                     ^
[2025-09-09T23:05:27.222+0000] {subprocess.py:93} INFO -   compiled Code at target/run/my_project/models/marts/AOV_EBITDA_COUNT.sql
[2025-09-09T23:05:27.223+0000] {subprocess.py:93} INFO - [0m23:05:27
[2025-09-09T23:05:27.225+0000] {subprocess.py:93} INFO - [0m23:05:27    Database Error in model AOV_category (models/marts/AOV_category.sql)
[2025-09-09T23:05:27.225+0000] {subprocess.py:93} INFO -   type "avr_order_value" does not exist
[2025-09-09T23:05:27.225+0000] {subprocess.py:93} INFO -   LINE 21: order by avr_order_value
[2025-09-09T23:05:27.225+0000] {subprocess.py:93} INFO -                     ^
[2025-09-09T23:05:27.226+0000] {subprocess.py:93} INFO -   compiled Code at target/run/my_project/models/marts/AOV_category.sql
[2025-09-09T23:05:27.227+0000] {subprocess.py:93} INFO - [0m23:05:27
[2025-09-09T23:05:27.229+0000] {subprocess.py:93} INFO - [0m23:05:27    Database Error in model AOV_product_name (models/marts/AOV_product_name.sql)
[2025-09-09T23:05:27.229+0000] {subprocess.py:93} INFO -   type "avr_order_value" does not exist
[2025-09-09T23:05:27.229+0000] {subprocess.py:93} INFO -   LINE 21: order by avr_order_value
[2025-09-09T23:05:27.229+0000] {subprocess.py:93} INFO -                     ^
[2025-09-09T23:05:27.229+0000] {subprocess.py:93} INFO -   compiled Code at target/run/my_project/models/marts/AOV_product_name.sql
[2025-09-09T23:05:27.230+0000] {subprocess.py:93} INFO - [0m23:05:27
[2025-09-09T23:05:27.232+0000] {subprocess.py:93} INFO - [0m23:05:27  Done. PASS=12 WARN=0 ERROR=3 SKIP=0 TOTAL=15
[2025-09-09T23:05:37.653+0000] {subprocess.py:97} INFO - Command exited with return code 1
[2025-09-09T23:05:37.654+0000] {taskinstance.py:441} INFO - ::group::Post task execution logs
[2025-09-09T23:05:37.675+0000] {taskinstance.py:2905} ERROR - Task failed with exception
Traceback (most recent call last):
  File "/home/airflow/.local/lib/python3.12/site-packages/airflow/models/taskinstance.py", line 465, in _execute_task
    result = _execute_callable(context=context, **execute_callable_kwargs)
             ^^^^^^^^^^^^^^^^^^^^^^^^^^^^^^^^^^^^^^^^^^^^^^^^^^^^^^^^^^^^^
  File "/home/airflow/.local/lib/python3.12/site-packages/airflow/models/taskinstance.py", line 432, in _execute_callable
    return execute_callable(context=context, **execute_callable_kwargs)
           ^^^^^^^^^^^^^^^^^^^^^^^^^^^^^^^^^^^^^^^^^^^^^^^^^^^^^^^^^^^^
  File "/home/airflow/.local/lib/python3.12/site-packages/airflow/models/baseoperator.py", line 401, in wrapper
    return func(self, *args, **kwargs)
           ^^^^^^^^^^^^^^^^^^^^^^^^^^^
  File "/home/airflow/.local/lib/python3.12/site-packages/airflow/operators/bash.py", line 243, in execute
    raise AirflowException(
airflow.exceptions.AirflowException: Bash command failed. The command returned a non-zero exit code 1.
[2025-09-09T23:05:37.692+0000] {taskinstance.py:1206} INFO - Marking task as FAILED. dag_id=dbt_run_models, task_id=run_dbt_models, run_id=scheduled__2025-09-09T22:00:00+00:00, execution_date=20250909T220000, start_date=20250909T230519, end_date=20250909T230537
[2025-09-09T23:05:37.731+0000] {standard_task_runner.py:110} ERROR - Failed to execute job 1306 for task run_dbt_models (Bash command failed. The command returned a non-zero exit code 1.; 3162)
[2025-09-09T23:05:37.770+0000] {local_task_job_runner.py:243} INFO - Task exited with return code 1
[2025-09-09T23:05:37.819+0000] {taskinstance.py:3503} INFO - 0 downstream tasks scheduled from follow-on schedule check
[2025-09-09T23:05:37.826+0000] {local_task_job_runner.py:222} INFO - ::endgroup::
