[2025-08-26T16:00:01.433+0000] {local_task_job_runner.py:120} INFO - ::group::Pre task execution logs
[2025-08-26T16:00:01.505+0000] {taskinstance.py:2076} INFO - Dependencies all met for dep_context=non-requeueable deps ti=<TaskInstance: import_csv_to_postgres.load_csv_to_postgres scheduled__2025-08-26T15:30:00+00:00 [queued]>
[2025-08-26T16:00:01.536+0000] {taskinstance.py:2076} INFO - Dependencies all met for dep_context=requeueable deps ti=<TaskInstance: import_csv_to_postgres.load_csv_to_postgres scheduled__2025-08-26T15:30:00+00:00 [queued]>
[2025-08-26T16:00:01.538+0000] {taskinstance.py:2306} INFO - Starting attempt 1 of 1
[2025-08-26T16:00:01.585+0000] {taskinstance.py:2330} INFO - Executing <Task(PythonOperator): load_csv_to_postgres> on 2025-08-26 15:30:00+00:00
[2025-08-26T16:00:01.600+0000] {warnings.py:112} WARNING - /home/airflow/.local/lib/python3.12/site-packages/airflow/task/task_runner/standard_task_runner.py:62: DeprecationWarning: This process (pid=1200) is multi-threaded, use of fork() may lead to deadlocks in the child.
  pid = os.fork()

[2025-08-26T16:00:01.603+0000] {standard_task_runner.py:64} INFO - Started process 1202 to run task
[2025-08-26T16:00:01.606+0000] {standard_task_runner.py:90} INFO - Running: ['airflow', 'tasks', 'run', 'import_csv_to_postgres', 'load_csv_to_postgres', 'scheduled__2025-08-26T15:30:00+00:00', '--job-id', '629', '--raw', '--subdir', 'DAGS_FOLDER/csv_to_postgres_dag.py', '--cfg-path', '/tmp/tmp0jnwed8d']
[2025-08-26T16:00:01.611+0000] {standard_task_runner.py:91} INFO - Job 629: Subtask load_csv_to_postgres
[2025-08-26T16:00:01.636+0000] {warnings.py:112} WARNING - /home/airflow/.local/lib/python3.12/site-packages/airflow/settings.py:195: DeprecationWarning: The sql_alchemy_conn option in [core] has been moved to the sql_alchemy_conn option in [database] - the old setting has been used, but please update your config.
  SQL_ALCHEMY_CONN = conf.get("database", "SQL_ALCHEMY_CONN")

[2025-08-26T16:00:01.684+0000] {task_command.py:426} INFO - Running <TaskInstance: import_csv_to_postgres.load_csv_to_postgres scheduled__2025-08-26T15:30:00+00:00 [running]> on host b5ea13053d47
[2025-08-26T16:00:01.974+0000] {taskinstance.py:2648} INFO - Exporting env vars: AIRFLOW_CTX_DAG_OWNER='airflow' AIRFLOW_CTX_DAG_ID='import_csv_to_postgres' AIRFLOW_CTX_TASK_ID='load_csv_to_postgres' AIRFLOW_CTX_EXECUTION_DATE='2025-08-26T15:30:00+00:00' AIRFLOW_CTX_TRY_NUMBER='1' AIRFLOW_CTX_DAG_RUN_ID='scheduled__2025-08-26T15:30:00+00:00'
[2025-08-26T16:00:01.980+0000] {taskinstance.py:430} INFO - ::endgroup::
[2025-08-26T16:00:02.029+0000] {base.py:84} INFO - Using connection ID 'postgres_conn' for task execution.
[2025-08-26T16:00:02.047+0000] {logging_mixin.py:188} INFO - 🗑 Таблица order_items очищена
[2025-08-26T16:00:02.061+0000] {logging_mixin.py:188} INFO - 🗑 Таблица payment очищена
[2025-08-26T16:00:02.088+0000] {logging_mixin.py:188} INFO - 🗑 Таблица orders очищена
[2025-08-26T16:00:02.098+0000] {logging_mixin.py:188} INFO - 🗑 Таблица shipments очищена
[2025-08-26T16:00:02.107+0000] {logging_mixin.py:188} INFO - 🗑 Таблица customers очищена
[2025-08-26T16:00:02.115+0000] {logging_mixin.py:188} INFO - 🗑 Таблица products очищена
[2025-08-26T16:00:02.124+0000] {logging_mixin.py:188} INFO - 🗑 Таблица suppliers очищена
[2025-08-26T16:00:02.660+0000] {logging_mixin.py:188} INFO - ✅ Загружен файл customers.csv в таблицу customers
[2025-08-26T16:00:02.692+0000] {logging_mixin.py:188} INFO - ✅ Загружен файл suppliers.csv в таблицу suppliers
[2025-08-26T16:00:02.832+0000] {logging_mixin.py:188} INFO - ✅ Загружен файл products.csv в таблицу products
[2025-08-26T16:00:03.772+0000] {logging_mixin.py:188} INFO - ✅ Загружен файл shipments.csv в таблицу shipments
[2025-08-26T16:00:04.465+0000] {logging_mixin.py:188} INFO - ✅ Загружен файл orders.csv в таблицу orders
[2025-08-26T16:00:05.874+0000] {logging_mixin.py:188} INFO - ✅ Загружен файл order_items.csv в таблицу order_items
[2025-08-26T16:00:06.616+0000] {logging_mixin.py:188} INFO - ✅ Загружен файл payment.csv в таблицу payment
[2025-08-26T16:00:06.617+0000] {python.py:237} INFO - Done. Returned value was: None
[2025-08-26T16:00:06.618+0000] {taskinstance.py:441} INFO - ::group::Post task execution logs
[2025-08-26T16:00:06.627+0000] {taskinstance.py:1206} INFO - Marking task as SUCCESS. dag_id=import_csv_to_postgres, task_id=load_csv_to_postgres, run_id=scheduled__2025-08-26T15:30:00+00:00, execution_date=20250826T153000, start_date=20250826T160001, end_date=20250826T160006
[2025-08-26T16:00:06.666+0000] {local_task_job_runner.py:243} INFO - Task exited with return code 0
[2025-08-26T16:00:06.683+0000] {taskinstance.py:3503} INFO - 0 downstream tasks scheduled from follow-on schedule check
[2025-08-26T16:00:06.685+0000] {local_task_job_runner.py:222} INFO - ::endgroup::
