[2025-09-09T16:00:03.168+0000] {local_task_job_runner.py:120} INFO - ::group::Pre task execution logs
[2025-09-09T16:00:03.237+0000] {taskinstance.py:2076} INFO - Dependencies all met for dep_context=non-requeueable deps ti=<TaskInstance: import_csv_to_postgres.load_csv_to_postgres scheduled__2025-09-09T08:00:00+00:00 [queued]>
[2025-09-09T16:00:03.259+0000] {taskinstance.py:2076} INFO - Dependencies all met for dep_context=requeueable deps ti=<TaskInstance: import_csv_to_postgres.load_csv_to_postgres scheduled__2025-09-09T08:00:00+00:00 [queued]>
[2025-09-09T16:00:03.260+0000] {taskinstance.py:2306} INFO - Starting attempt 1 of 1
[2025-09-09T16:00:03.299+0000] {taskinstance.py:2330} INFO - Executing <Task(PythonOperator): load_csv_to_postgres> on 2025-09-09 08:00:00+00:00
[2025-09-09T16:00:03.313+0000] {warnings.py:112} WARNING - /home/airflow/.local/lib/python3.12/site-packages/airflow/task/task_runner/standard_task_runner.py:62: DeprecationWarning: This process (pid=2951) is multi-threaded, use of fork() may lead to deadlocks in the child.
  pid = os.fork()

[2025-09-09T16:00:03.315+0000] {standard_task_runner.py:64} INFO - Started process 2953 to run task
[2025-09-09T16:00:03.322+0000] {standard_task_runner.py:90} INFO - Running: ['airflow', 'tasks', 'run', 'import_csv_to_postgres', 'load_csv_to_postgres', 'scheduled__2025-09-09T08:00:00+00:00', '--job-id', '1290', '--raw', '--subdir', 'DAGS_FOLDER/csv_to_postgres_dag.py', '--cfg-path', '/tmp/tmpp50ejg6u']
[2025-09-09T16:00:03.326+0000] {standard_task_runner.py:91} INFO - Job 1290: Subtask load_csv_to_postgres
[2025-09-09T16:00:03.353+0000] {warnings.py:112} WARNING - /home/airflow/.local/lib/python3.12/site-packages/airflow/settings.py:195: DeprecationWarning: The sql_alchemy_conn option in [core] has been moved to the sql_alchemy_conn option in [database] - the old setting has been used, but please update your config.
  SQL_ALCHEMY_CONN = conf.get("database", "SQL_ALCHEMY_CONN")

[2025-09-09T16:00:03.442+0000] {task_command.py:426} INFO - Running <TaskInstance: import_csv_to_postgres.load_csv_to_postgres scheduled__2025-09-09T08:00:00+00:00 [running]> on host b5ea13053d47
[2025-09-09T16:00:03.667+0000] {taskinstance.py:2648} INFO - Exporting env vars: AIRFLOW_CTX_DAG_OWNER='airflow' AIRFLOW_CTX_DAG_ID='import_csv_to_postgres' AIRFLOW_CTX_TASK_ID='load_csv_to_postgres' AIRFLOW_CTX_EXECUTION_DATE='2025-09-09T08:00:00+00:00' AIRFLOW_CTX_TRY_NUMBER='1' AIRFLOW_CTX_DAG_RUN_ID='scheduled__2025-09-09T08:00:00+00:00'
[2025-09-09T16:00:03.668+0000] {taskinstance.py:430} INFO - ::endgroup::
[2025-09-09T16:00:03.718+0000] {base.py:84} INFO - Using connection ID 'postgres_conn' for task execution.
[2025-09-09T16:00:03.897+0000] {logging_mixin.py:188} INFO - ✅ Добавлено 10 новых строк в таблицу shipments
[2025-09-09T16:00:03.998+0000] {logging_mixin.py:188} INFO - ℹ Нет новых строк для customers
[2025-09-09T16:00:04.082+0000] {logging_mixin.py:188} INFO - ✅ Добавлено 10 новых строк в таблицу orders
[2025-09-09T16:00:04.108+0000] {logging_mixin.py:188} INFO - ℹ Нет новых строк для products
[2025-09-09T16:00:04.214+0000] {logging_mixin.py:188} INFO - ✅ Добавлено 23 новых строк в таблицу order_items
[2025-09-09T16:00:04.235+0000] {logging_mixin.py:188} INFO - ℹ Нет новых строк для suppliers
[2025-09-09T16:00:04.532+0000] {logging_mixin.py:188} INFO - ✅ Добавлено 10 новых строк в таблицу payment
[2025-09-09T16:00:05.682+0000] {logging_mixin.py:188} INFO - ℹ Нет новых строк для reviews
[2025-09-09T16:00:05.682+0000] {python.py:237} INFO - Done. Returned value was: None
[2025-09-09T16:00:05.683+0000] {taskinstance.py:441} INFO - ::group::Post task execution logs
[2025-09-09T16:00:05.698+0000] {taskinstance.py:1206} INFO - Marking task as SUCCESS. dag_id=import_csv_to_postgres, task_id=load_csv_to_postgres, run_id=scheduled__2025-09-09T08:00:00+00:00, execution_date=20250909T080000, start_date=20250909T160003, end_date=20250909T160005
[2025-09-09T16:00:05.770+0000] {local_task_job_runner.py:243} INFO - Task exited with return code 0
[2025-09-09T16:00:05.804+0000] {taskinstance.py:3503} INFO - 0 downstream tasks scheduled from follow-on schedule check
[2025-09-09T16:00:05.813+0000] {local_task_job_runner.py:222} INFO - ::endgroup::
