[2025-08-28T01:49:13.761+0000] {local_task_job_runner.py:120} INFO - ::group::Pre task execution logs
[2025-08-28T01:49:13.789+0000] {taskinstance.py:2076} INFO - Dependencies all met for dep_context=non-requeueable deps ti=<TaskInstance: import_csv_to_postgres.wait_for_generation scheduled__2025-08-27T16:00:00+00:00 [queued]>
[2025-08-28T01:49:13.802+0000] {taskinstance.py:2076} INFO - Dependencies all met for dep_context=requeueable deps ti=<TaskInstance: import_csv_to_postgres.wait_for_generation scheduled__2025-08-27T16:00:00+00:00 [queued]>
[2025-08-28T01:49:13.802+0000] {taskinstance.py:2306} INFO - Starting attempt 1 of 1
[2025-08-28T01:49:13.825+0000] {taskinstance.py:2330} INFO - Executing <Task(ExternalTaskSensor): wait_for_generation> on 2025-08-27 16:00:00+00:00
[2025-08-28T01:49:13.839+0000] {warnings.py:112} WARNING - /home/airflow/.local/lib/python3.12/site-packages/airflow/task/task_runner/standard_task_runner.py:62: DeprecationWarning: This process (pid=1612) is multi-threaded, use of fork() may lead to deadlocks in the child.
  pid = os.fork()

[2025-08-28T01:49:13.841+0000] {standard_task_runner.py:64} INFO - Started process 1614 to run task
[2025-08-28T01:49:13.841+0000] {standard_task_runner.py:90} INFO - Running: ['airflow', 'tasks', 'run', 'import_csv_to_postgres', 'wait_for_generation', 'scheduled__2025-08-27T16:00:00+00:00', '--job-id', '697', '--raw', '--subdir', 'DAGS_FOLDER/csv_to_postgres_dag.py', '--cfg-path', '/tmp/tmp8sc9cste']
[2025-08-28T01:49:13.843+0000] {standard_task_runner.py:91} INFO - Job 697: Subtask wait_for_generation
[2025-08-28T01:49:13.863+0000] {warnings.py:112} WARNING - /home/airflow/.local/lib/python3.12/site-packages/airflow/settings.py:195: DeprecationWarning: The sql_alchemy_conn option in [core] has been moved to the sql_alchemy_conn option in [database] - the old setting has been used, but please update your config.
  SQL_ALCHEMY_CONN = conf.get("database", "SQL_ALCHEMY_CONN")

[2025-08-28T01:49:13.913+0000] {task_command.py:426} INFO - Running <TaskInstance: import_csv_to_postgres.wait_for_generation scheduled__2025-08-27T16:00:00+00:00 [running]> on host b5ea13053d47
[2025-08-28T01:49:14.044+0000] {taskinstance.py:2648} INFO - Exporting env vars: AIRFLOW_CTX_DAG_OWNER='airflow' AIRFLOW_CTX_DAG_ID='import_csv_to_postgres' AIRFLOW_CTX_TASK_ID='wait_for_generation' AIRFLOW_CTX_EXECUTION_DATE='2025-08-27T16:00:00+00:00' AIRFLOW_CTX_TRY_NUMBER='1' AIRFLOW_CTX_DAG_RUN_ID='scheduled__2025-08-27T16:00:00+00:00'
[2025-08-28T01:49:14.046+0000] {taskinstance.py:430} INFO - ::endgroup::
[2025-08-28T01:49:14.065+0000] {baseoperator.py:400} WARNING - ExternalTaskSensor.execute cannot be called outside TaskInstance!
[2025-08-28T01:49:14.079+0000] {taskinstance.py:441} INFO - ::group::Post task execution logs
[2025-08-28T01:49:14.080+0000] {taskinstance.py:2905} ERROR - Task failed with exception
Traceback (most recent call last):
  File "/home/airflow/.local/lib/python3.12/site-packages/airflow/models/taskinstance.py", line 465, in _execute_task
    result = _execute_callable(context=context, **execute_callable_kwargs)
             ^^^^^^^^^^^^^^^^^^^^^^^^^^^^^^^^^^^^^^^^^^^^^^^^^^^^^^^^^^^^^
  File "/home/airflow/.local/lib/python3.12/site-packages/airflow/models/taskinstance.py", line 432, in _execute_callable
    return execute_callable(context=context, **execute_callable_kwargs)
           ^^^^^^^^^^^^^^^^^^^^^^^^^^^^^^^^^^^^^^^^^^^^^^^^^^^^^^^^^^^^
  File "/home/airflow/.local/lib/python3.12/site-packages/airflow/models/baseoperator.py", line 401, in wrapper
    return func(self, *args, **kwargs)
           ^^^^^^^^^^^^^^^^^^^^^^^^^^^
  File "/home/airflow/.local/lib/python3.12/site-packages/airflow/sensors/external_task.py", line 348, in execute
    super().execute(context)
  File "/home/airflow/.local/lib/python3.12/site-packages/airflow/models/baseoperator.py", line 401, in wrapper
    return func(self, *args, **kwargs)
           ^^^^^^^^^^^^^^^^^^^^^^^^^^^
  File "/home/airflow/.local/lib/python3.12/site-packages/airflow/sensors/base.py", line 264, in execute
    raise e
  File "/home/airflow/.local/lib/python3.12/site-packages/airflow/sensors/base.py", line 246, in execute
    poke_return = self.poke(context)
                  ^^^^^^^^^^^^^^^^^^
  File "/home/airflow/.local/lib/python3.12/site-packages/airflow/utils/session.py", line 79, in wrapper
    return func(*args, session=session, **kwargs)
           ^^^^^^^^^^^^^^^^^^^^^^^^^^^^^^^^^^^^^^
  File "/home/airflow/.local/lib/python3.12/site-packages/airflow/sensors/external_task.py", line 255, in poke
    serialized_dttm_filter = ",".join(dt.isoformat() for dt in dttm_filter)
                             ^^^^^^^^^^^^^^^^^^^^^^^^^^^^^^^^^^^^^^^^^^^^^^
  File "/home/airflow/.local/lib/python3.12/site-packages/airflow/sensors/external_task.py", line 255, in <genexpr>
    serialized_dttm_filter = ",".join(dt.isoformat() for dt in dttm_filter)
                                      ^^^^^^^^^^^^
AttributeError: 'NoneType' object has no attribute 'isoformat'
[2025-08-28T01:49:14.093+0000] {taskinstance.py:1206} INFO - Marking task as FAILED. dag_id=import_csv_to_postgres, task_id=wait_for_generation, run_id=scheduled__2025-08-27T16:00:00+00:00, execution_date=20250827T160000, start_date=20250828T014913, end_date=20250828T014914
[2025-08-28T01:49:14.106+0000] {standard_task_runner.py:110} ERROR - Failed to execute job 697 for task wait_for_generation ('NoneType' object has no attribute 'isoformat'; 1614)
[2025-08-28T01:49:14.139+0000] {local_task_job_runner.py:243} INFO - Task exited with return code 1
[2025-08-28T01:49:14.177+0000] {taskinstance.py:3503} INFO - 0 downstream tasks scheduled from follow-on schedule check
[2025-08-28T01:49:14.182+0000] {local_task_job_runner.py:222} INFO - ::endgroup::
[2025-08-28T01:55:07.512+0000] {local_task_job_runner.py:120} INFO - ::group::Pre task execution logs
[2025-08-28T01:55:07.553+0000] {taskinstance.py:2076} INFO - Dependencies all met for dep_context=non-requeueable deps ti=<TaskInstance: import_csv_to_postgres.wait_for_generation scheduled__2025-08-27T16:00:00+00:00 [queued]>
[2025-08-28T01:55:07.561+0000] {taskinstance.py:2076} INFO - Dependencies all met for dep_context=requeueable deps ti=<TaskInstance: import_csv_to_postgres.wait_for_generation scheduled__2025-08-27T16:00:00+00:00 [queued]>
[2025-08-28T01:55:07.562+0000] {taskinstance.py:2306} INFO - Starting attempt 1 of 1
[2025-08-28T01:55:07.602+0000] {taskinstance.py:2330} INFO - Executing <Task(ExternalTaskSensor): wait_for_generation> on 2025-08-27 16:00:00+00:00
[2025-08-28T01:55:07.615+0000] {warnings.py:112} WARNING - /home/airflow/.local/lib/python3.12/site-packages/airflow/task/task_runner/standard_task_runner.py:62: DeprecationWarning: This process (pid=1621) is multi-threaded, use of fork() may lead to deadlocks in the child.
  pid = os.fork()

[2025-08-28T01:55:07.617+0000] {standard_task_runner.py:64} INFO - Started process 1623 to run task
[2025-08-28T01:55:07.629+0000] {standard_task_runner.py:90} INFO - Running: ['airflow', 'tasks', 'run', 'import_csv_to_postgres', 'wait_for_generation', 'scheduled__2025-08-27T16:00:00+00:00', '--job-id', '700', '--raw', '--subdir', 'DAGS_FOLDER/csv_to_postgres_dag.py', '--cfg-path', '/tmp/tmpb3qj7o13']
[2025-08-28T01:55:07.633+0000] {standard_task_runner.py:91} INFO - Job 700: Subtask wait_for_generation
[2025-08-28T01:55:07.657+0000] {warnings.py:112} WARNING - /home/airflow/.local/lib/python3.12/site-packages/airflow/settings.py:195: DeprecationWarning: The sql_alchemy_conn option in [core] has been moved to the sql_alchemy_conn option in [database] - the old setting has been used, but please update your config.
  SQL_ALCHEMY_CONN = conf.get("database", "SQL_ALCHEMY_CONN")

[2025-08-28T01:55:07.745+0000] {task_command.py:426} INFO - Running <TaskInstance: import_csv_to_postgres.wait_for_generation scheduled__2025-08-27T16:00:00+00:00 [running]> on host b5ea13053d47
[2025-08-28T01:55:07.942+0000] {taskinstance.py:2648} INFO - Exporting env vars: AIRFLOW_CTX_DAG_OWNER='airflow' AIRFLOW_CTX_DAG_ID='import_csv_to_postgres' AIRFLOW_CTX_TASK_ID='wait_for_generation' AIRFLOW_CTX_EXECUTION_DATE='2025-08-27T16:00:00+00:00' AIRFLOW_CTX_TRY_NUMBER='1' AIRFLOW_CTX_DAG_RUN_ID='scheduled__2025-08-27T16:00:00+00:00'
[2025-08-28T01:55:07.947+0000] {taskinstance.py:430} INFO - ::endgroup::
[2025-08-28T01:55:07.972+0000] {baseoperator.py:400} WARNING - ExternalTaskSensor.execute cannot be called outside TaskInstance!
[2025-08-28T01:55:07.990+0000] {external_task.py:274} INFO - Poking for DAG 'daily_generate_orders' on 2025-08-27T16:00:00+00:00 ... 
[2025-08-28T01:55:07.991+0000] {warnings.py:112} WARNING - /home/airflow/.local/lib/python3.12/site-packages/airflow/utils/session.py:79: DeprecationWarning: This method is deprecated and will be removed in future.
  return func(*args, session=session, **kwargs)

[2025-08-28T01:55:08.005+0000] {taskinstance.py:441} INFO - ::group::Post task execution logs
[2025-08-28T01:55:08.046+0000] {taskinstance.py:2865} INFO - Rescheduling task, marking task as UP_FOR_RESCHEDULE
[2025-08-28T01:55:08.087+0000] {local_task_job_runner.py:243} INFO - Task exited with return code 0
[2025-08-28T01:55:08.127+0000] {taskinstance.py:3503} INFO - 0 downstream tasks scheduled from follow-on schedule check
[2025-08-28T01:55:08.133+0000] {local_task_job_runner.py:222} INFO - ::endgroup::
[2025-08-28T01:56:09.581+0000] {local_task_job_runner.py:120} INFO - ::group::Pre task execution logs
[2025-08-28T01:56:09.617+0000] {taskinstance.py:2076} INFO - Dependencies all met for dep_context=non-requeueable deps ti=<TaskInstance: import_csv_to_postgres.wait_for_generation scheduled__2025-08-27T16:00:00+00:00 [queued]>
[2025-08-28T01:56:09.627+0000] {taskinstance.py:2076} INFO - Dependencies all met for dep_context=requeueable deps ti=<TaskInstance: import_csv_to_postgres.wait_for_generation scheduled__2025-08-27T16:00:00+00:00 [queued]>
[2025-08-28T01:56:09.627+0000] {taskinstance.py:2306} INFO - Starting attempt 1 of 1
[2025-08-28T01:56:09.647+0000] {taskinstance.py:2330} INFO - Executing <Task(ExternalTaskSensor): wait_for_generation> on 2025-08-27 16:00:00+00:00
[2025-08-28T01:56:09.658+0000] {warnings.py:112} WARNING - /home/airflow/.local/lib/python3.12/site-packages/airflow/task/task_runner/standard_task_runner.py:62: DeprecationWarning: This process (pid=1627) is multi-threaded, use of fork() may lead to deadlocks in the child.
  pid = os.fork()

[2025-08-28T01:56:09.659+0000] {standard_task_runner.py:64} INFO - Started process 1629 to run task
[2025-08-28T01:56:09.659+0000] {standard_task_runner.py:90} INFO - Running: ['airflow', 'tasks', 'run', 'import_csv_to_postgres', 'wait_for_generation', 'scheduled__2025-08-27T16:00:00+00:00', '--job-id', '702', '--raw', '--subdir', 'DAGS_FOLDER/csv_to_postgres_dag.py', '--cfg-path', '/tmp/tmph_mofb6j']
[2025-08-28T01:56:09.661+0000] {standard_task_runner.py:91} INFO - Job 702: Subtask wait_for_generation
[2025-08-28T01:56:09.685+0000] {warnings.py:112} WARNING - /home/airflow/.local/lib/python3.12/site-packages/airflow/settings.py:195: DeprecationWarning: The sql_alchemy_conn option in [core] has been moved to the sql_alchemy_conn option in [database] - the old setting has been used, but please update your config.
  SQL_ALCHEMY_CONN = conf.get("database", "SQL_ALCHEMY_CONN")

[2025-08-28T01:56:09.764+0000] {task_command.py:426} INFO - Running <TaskInstance: import_csv_to_postgres.wait_for_generation scheduled__2025-08-27T16:00:00+00:00 [running]> on host b5ea13053d47
[2025-08-28T01:56:09.939+0000] {taskinstance.py:2648} INFO - Exporting env vars: AIRFLOW_CTX_DAG_OWNER='airflow' AIRFLOW_CTX_DAG_ID='import_csv_to_postgres' AIRFLOW_CTX_TASK_ID='wait_for_generation' AIRFLOW_CTX_EXECUTION_DATE='2025-08-27T16:00:00+00:00' AIRFLOW_CTX_TRY_NUMBER='1' AIRFLOW_CTX_DAG_RUN_ID='scheduled__2025-08-27T16:00:00+00:00'
[2025-08-28T01:56:09.940+0000] {taskinstance.py:430} INFO - ::endgroup::
[2025-08-28T01:56:09.959+0000] {baseoperator.py:400} WARNING - ExternalTaskSensor.execute cannot be called outside TaskInstance!
[2025-08-28T01:56:09.972+0000] {external_task.py:274} INFO - Poking for DAG 'daily_generate_orders' on 2025-08-27T16:00:00+00:00 ... 
[2025-08-28T01:56:09.972+0000] {warnings.py:112} WARNING - /home/airflow/.local/lib/python3.12/site-packages/airflow/utils/session.py:79: DeprecationWarning: This method is deprecated and will be removed in future.
  return func(*args, session=session, **kwargs)

[2025-08-28T01:56:09.985+0000] {taskinstance.py:441} INFO - ::group::Post task execution logs
[2025-08-28T01:56:10.029+0000] {taskinstance.py:2865} INFO - Rescheduling task, marking task as UP_FOR_RESCHEDULE
[2025-08-28T01:56:10.075+0000] {local_task_job_runner.py:243} INFO - Task exited with return code 0
[2025-08-28T01:56:10.101+0000] {taskinstance.py:3503} INFO - 0 downstream tasks scheduled from follow-on schedule check
[2025-08-28T01:56:10.105+0000] {local_task_job_runner.py:222} INFO - ::endgroup::
[2025-08-28T01:57:11.609+0000] {local_task_job_runner.py:120} INFO - ::group::Pre task execution logs
[2025-08-28T01:57:11.639+0000] {taskinstance.py:2076} INFO - Dependencies all met for dep_context=non-requeueable deps ti=<TaskInstance: import_csv_to_postgres.wait_for_generation scheduled__2025-08-27T16:00:00+00:00 [queued]>
[2025-08-28T01:57:11.646+0000] {taskinstance.py:2076} INFO - Dependencies all met for dep_context=requeueable deps ti=<TaskInstance: import_csv_to_postgres.wait_for_generation scheduled__2025-08-27T16:00:00+00:00 [queued]>
[2025-08-28T01:57:11.647+0000] {taskinstance.py:2306} INFO - Starting attempt 1 of 1
[2025-08-28T01:57:11.661+0000] {taskinstance.py:2330} INFO - Executing <Task(ExternalTaskSensor): wait_for_generation> on 2025-08-27 16:00:00+00:00
[2025-08-28T01:57:11.669+0000] {warnings.py:112} WARNING - /home/airflow/.local/lib/python3.12/site-packages/airflow/task/task_runner/standard_task_runner.py:62: DeprecationWarning: This process (pid=1633) is multi-threaded, use of fork() may lead to deadlocks in the child.
  pid = os.fork()

[2025-08-28T01:57:11.670+0000] {standard_task_runner.py:64} INFO - Started process 1635 to run task
[2025-08-28T01:57:11.672+0000] {standard_task_runner.py:90} INFO - Running: ['airflow', 'tasks', 'run', 'import_csv_to_postgres', 'wait_for_generation', 'scheduled__2025-08-27T16:00:00+00:00', '--job-id', '704', '--raw', '--subdir', 'DAGS_FOLDER/csv_to_postgres_dag.py', '--cfg-path', '/tmp/tmpvlhbyqfw']
[2025-08-28T01:57:11.675+0000] {standard_task_runner.py:91} INFO - Job 704: Subtask wait_for_generation
[2025-08-28T01:57:11.693+0000] {warnings.py:112} WARNING - /home/airflow/.local/lib/python3.12/site-packages/airflow/settings.py:195: DeprecationWarning: The sql_alchemy_conn option in [core] has been moved to the sql_alchemy_conn option in [database] - the old setting has been used, but please update your config.
  SQL_ALCHEMY_CONN = conf.get("database", "SQL_ALCHEMY_CONN")

[2025-08-28T01:57:11.746+0000] {task_command.py:426} INFO - Running <TaskInstance: import_csv_to_postgres.wait_for_generation scheduled__2025-08-27T16:00:00+00:00 [running]> on host b5ea13053d47
[2025-08-28T01:57:11.882+0000] {taskinstance.py:2648} INFO - Exporting env vars: AIRFLOW_CTX_DAG_OWNER='airflow' AIRFLOW_CTX_DAG_ID='import_csv_to_postgres' AIRFLOW_CTX_TASK_ID='wait_for_generation' AIRFLOW_CTX_EXECUTION_DATE='2025-08-27T16:00:00+00:00' AIRFLOW_CTX_TRY_NUMBER='1' AIRFLOW_CTX_DAG_RUN_ID='scheduled__2025-08-27T16:00:00+00:00'
[2025-08-28T01:57:11.884+0000] {taskinstance.py:430} INFO - ::endgroup::
[2025-08-28T01:57:11.903+0000] {baseoperator.py:400} WARNING - ExternalTaskSensor.execute cannot be called outside TaskInstance!
[2025-08-28T01:57:11.913+0000] {external_task.py:274} INFO - Poking for DAG 'daily_generate_orders' on 2025-08-27T16:00:00+00:00 ... 
[2025-08-28T01:57:11.914+0000] {warnings.py:112} WARNING - /home/airflow/.local/lib/python3.12/site-packages/airflow/utils/session.py:79: DeprecationWarning: This method is deprecated and will be removed in future.
  return func(*args, session=session, **kwargs)

[2025-08-28T01:57:11.926+0000] {taskinstance.py:441} INFO - ::group::Post task execution logs
[2025-08-28T01:57:11.960+0000] {taskinstance.py:2865} INFO - Rescheduling task, marking task as UP_FOR_RESCHEDULE
[2025-08-28T01:57:12.005+0000] {local_task_job_runner.py:243} INFO - Task exited with return code 0
[2025-08-28T01:57:12.062+0000] {taskinstance.py:3503} INFO - 0 downstream tasks scheduled from follow-on schedule check
[2025-08-28T01:57:12.065+0000] {local_task_job_runner.py:222} INFO - ::endgroup::
[2025-08-28T01:58:14.051+0000] {local_task_job_runner.py:120} INFO - ::group::Pre task execution logs
[2025-08-28T01:58:14.092+0000] {taskinstance.py:2076} INFO - Dependencies all met for dep_context=non-requeueable deps ti=<TaskInstance: import_csv_to_postgres.wait_for_generation scheduled__2025-08-27T16:00:00+00:00 [queued]>
[2025-08-28T01:58:14.106+0000] {taskinstance.py:2076} INFO - Dependencies all met for dep_context=requeueable deps ti=<TaskInstance: import_csv_to_postgres.wait_for_generation scheduled__2025-08-27T16:00:00+00:00 [queued]>
[2025-08-28T01:58:14.106+0000] {taskinstance.py:2306} INFO - Starting attempt 1 of 1
[2025-08-28T01:58:14.129+0000] {taskinstance.py:2330} INFO - Executing <Task(ExternalTaskSensor): wait_for_generation> on 2025-08-27 16:00:00+00:00
[2025-08-28T01:58:14.143+0000] {warnings.py:112} WARNING - /home/airflow/.local/lib/python3.12/site-packages/airflow/task/task_runner/standard_task_runner.py:62: DeprecationWarning: This process (pid=1639) is multi-threaded, use of fork() may lead to deadlocks in the child.
  pid = os.fork()

[2025-08-28T01:58:14.146+0000] {standard_task_runner.py:64} INFO - Started process 1641 to run task
[2025-08-28T01:58:14.146+0000] {standard_task_runner.py:90} INFO - Running: ['airflow', 'tasks', 'run', 'import_csv_to_postgres', 'wait_for_generation', 'scheduled__2025-08-27T16:00:00+00:00', '--job-id', '706', '--raw', '--subdir', 'DAGS_FOLDER/csv_to_postgres_dag.py', '--cfg-path', '/tmp/tmp_kuvakwb']
[2025-08-28T01:58:14.149+0000] {standard_task_runner.py:91} INFO - Job 706: Subtask wait_for_generation
[2025-08-28T01:58:14.170+0000] {warnings.py:112} WARNING - /home/airflow/.local/lib/python3.12/site-packages/airflow/settings.py:195: DeprecationWarning: The sql_alchemy_conn option in [core] has been moved to the sql_alchemy_conn option in [database] - the old setting has been used, but please update your config.
  SQL_ALCHEMY_CONN = conf.get("database", "SQL_ALCHEMY_CONN")

[2025-08-28T01:58:14.220+0000] {task_command.py:426} INFO - Running <TaskInstance: import_csv_to_postgres.wait_for_generation scheduled__2025-08-27T16:00:00+00:00 [running]> on host b5ea13053d47
[2025-08-28T01:58:14.383+0000] {taskinstance.py:2648} INFO - Exporting env vars: AIRFLOW_CTX_DAG_OWNER='airflow' AIRFLOW_CTX_DAG_ID='import_csv_to_postgres' AIRFLOW_CTX_TASK_ID='wait_for_generation' AIRFLOW_CTX_EXECUTION_DATE='2025-08-27T16:00:00+00:00' AIRFLOW_CTX_TRY_NUMBER='1' AIRFLOW_CTX_DAG_RUN_ID='scheduled__2025-08-27T16:00:00+00:00'
[2025-08-28T01:58:14.384+0000] {taskinstance.py:430} INFO - ::endgroup::
[2025-08-28T01:58:14.399+0000] {baseoperator.py:400} WARNING - ExternalTaskSensor.execute cannot be called outside TaskInstance!
[2025-08-28T01:58:14.419+0000] {external_task.py:274} INFO - Poking for DAG 'daily_generate_orders' on 2025-08-27T16:00:00+00:00 ... 
[2025-08-28T01:58:14.420+0000] {warnings.py:112} WARNING - /home/airflow/.local/lib/python3.12/site-packages/airflow/utils/session.py:79: DeprecationWarning: This method is deprecated and will be removed in future.
  return func(*args, session=session, **kwargs)

[2025-08-28T01:58:14.438+0000] {taskinstance.py:441} INFO - ::group::Post task execution logs
[2025-08-28T01:58:14.469+0000] {taskinstance.py:2865} INFO - Rescheduling task, marking task as UP_FOR_RESCHEDULE
[2025-08-28T01:58:14.488+0000] {local_task_job_runner.py:243} INFO - Task exited with return code 0
[2025-08-28T01:58:14.579+0000] {taskinstance.py:3503} INFO - 0 downstream tasks scheduled from follow-on schedule check
[2025-08-28T01:58:14.582+0000] {local_task_job_runner.py:222} INFO - ::endgroup::
[2025-08-28T01:59:15.860+0000] {local_task_job_runner.py:120} INFO - ::group::Pre task execution logs
[2025-08-28T01:59:15.958+0000] {taskinstance.py:2076} INFO - Dependencies all met for dep_context=non-requeueable deps ti=<TaskInstance: import_csv_to_postgres.wait_for_generation scheduled__2025-08-27T16:00:00+00:00 [queued]>
[2025-08-28T01:59:15.972+0000] {taskinstance.py:2076} INFO - Dependencies all met for dep_context=requeueable deps ti=<TaskInstance: import_csv_to_postgres.wait_for_generation scheduled__2025-08-27T16:00:00+00:00 [queued]>
[2025-08-28T01:59:15.973+0000] {taskinstance.py:2306} INFO - Starting attempt 1 of 1
[2025-08-28T01:59:16.014+0000] {taskinstance.py:2330} INFO - Executing <Task(ExternalTaskSensor): wait_for_generation> on 2025-08-27 16:00:00+00:00
[2025-08-28T01:59:16.027+0000] {warnings.py:112} WARNING - /home/airflow/.local/lib/python3.12/site-packages/airflow/task/task_runner/standard_task_runner.py:62: DeprecationWarning: This process (pid=1645) is multi-threaded, use of fork() may lead to deadlocks in the child.
  pid = os.fork()

[2025-08-28T01:59:16.029+0000] {standard_task_runner.py:64} INFO - Started process 1647 to run task
[2025-08-28T01:59:16.037+0000] {standard_task_runner.py:90} INFO - Running: ['airflow', 'tasks', 'run', 'import_csv_to_postgres', 'wait_for_generation', 'scheduled__2025-08-27T16:00:00+00:00', '--job-id', '708', '--raw', '--subdir', 'DAGS_FOLDER/csv_to_postgres_dag.py', '--cfg-path', '/tmp/tmpm5f39d93']
[2025-08-28T01:59:16.042+0000] {standard_task_runner.py:91} INFO - Job 708: Subtask wait_for_generation
[2025-08-28T01:59:16.071+0000] {warnings.py:112} WARNING - /home/airflow/.local/lib/python3.12/site-packages/airflow/settings.py:195: DeprecationWarning: The sql_alchemy_conn option in [core] has been moved to the sql_alchemy_conn option in [database] - the old setting has been used, but please update your config.
  SQL_ALCHEMY_CONN = conf.get("database", "SQL_ALCHEMY_CONN")

[2025-08-28T01:59:16.153+0000] {task_command.py:426} INFO - Running <TaskInstance: import_csv_to_postgres.wait_for_generation scheduled__2025-08-27T16:00:00+00:00 [running]> on host b5ea13053d47
[2025-08-28T01:59:16.316+0000] {taskinstance.py:2648} INFO - Exporting env vars: AIRFLOW_CTX_DAG_OWNER='airflow' AIRFLOW_CTX_DAG_ID='import_csv_to_postgres' AIRFLOW_CTX_TASK_ID='wait_for_generation' AIRFLOW_CTX_EXECUTION_DATE='2025-08-27T16:00:00+00:00' AIRFLOW_CTX_TRY_NUMBER='1' AIRFLOW_CTX_DAG_RUN_ID='scheduled__2025-08-27T16:00:00+00:00'
[2025-08-28T01:59:16.319+0000] {taskinstance.py:430} INFO - ::endgroup::
[2025-08-28T01:59:16.363+0000] {baseoperator.py:400} WARNING - ExternalTaskSensor.execute cannot be called outside TaskInstance!
[2025-08-28T01:59:16.398+0000] {external_task.py:274} INFO - Poking for DAG 'daily_generate_orders' on 2025-08-27T16:00:00+00:00 ... 
[2025-08-28T01:59:16.400+0000] {warnings.py:112} WARNING - /home/airflow/.local/lib/python3.12/site-packages/airflow/utils/session.py:79: DeprecationWarning: This method is deprecated and will be removed in future.
  return func(*args, session=session, **kwargs)

[2025-08-28T01:59:16.432+0000] {taskinstance.py:441} INFO - ::group::Post task execution logs
[2025-08-28T01:59:16.476+0000] {taskinstance.py:2865} INFO - Rescheduling task, marking task as UP_FOR_RESCHEDULE
[2025-08-28T01:59:16.531+0000] {local_task_job_runner.py:243} INFO - Task exited with return code 0
[2025-08-28T01:59:16.595+0000] {taskinstance.py:3503} INFO - 0 downstream tasks scheduled from follow-on schedule check
[2025-08-28T01:59:16.600+0000] {local_task_job_runner.py:222} INFO - ::endgroup::
[2025-08-28T02:00:19.620+0000] {local_task_job_runner.py:120} INFO - ::group::Pre task execution logs
[2025-08-28T02:00:19.652+0000] {taskinstance.py:2076} INFO - Dependencies all met for dep_context=non-requeueable deps ti=<TaskInstance: import_csv_to_postgres.wait_for_generation scheduled__2025-08-27T16:00:00+00:00 [queued]>
[2025-08-28T02:00:19.662+0000] {taskinstance.py:2076} INFO - Dependencies all met for dep_context=requeueable deps ti=<TaskInstance: import_csv_to_postgres.wait_for_generation scheduled__2025-08-27T16:00:00+00:00 [queued]>
[2025-08-28T02:00:19.662+0000] {taskinstance.py:2306} INFO - Starting attempt 1 of 1
[2025-08-28T02:00:19.682+0000] {taskinstance.py:2330} INFO - Executing <Task(ExternalTaskSensor): wait_for_generation> on 2025-08-27 16:00:00+00:00
[2025-08-28T02:00:19.693+0000] {warnings.py:112} WARNING - /home/airflow/.local/lib/python3.12/site-packages/airflow/task/task_runner/standard_task_runner.py:62: DeprecationWarning: This process (pid=1651) is multi-threaded, use of fork() may lead to deadlocks in the child.
  pid = os.fork()

[2025-08-28T02:00:19.694+0000] {standard_task_runner.py:64} INFO - Started process 1653 to run task
[2025-08-28T02:00:19.695+0000] {standard_task_runner.py:90} INFO - Running: ['airflow', 'tasks', 'run', 'import_csv_to_postgres', 'wait_for_generation', 'scheduled__2025-08-27T16:00:00+00:00', '--job-id', '710', '--raw', '--subdir', 'DAGS_FOLDER/csv_to_postgres_dag.py', '--cfg-path', '/tmp/tmp522ni945']
[2025-08-28T02:00:19.697+0000] {standard_task_runner.py:91} INFO - Job 710: Subtask wait_for_generation
[2025-08-28T02:00:19.736+0000] {warnings.py:112} WARNING - /home/airflow/.local/lib/python3.12/site-packages/airflow/settings.py:195: DeprecationWarning: The sql_alchemy_conn option in [core] has been moved to the sql_alchemy_conn option in [database] - the old setting has been used, but please update your config.
  SQL_ALCHEMY_CONN = conf.get("database", "SQL_ALCHEMY_CONN")

[2025-08-28T02:00:19.784+0000] {task_command.py:426} INFO - Running <TaskInstance: import_csv_to_postgres.wait_for_generation scheduled__2025-08-27T16:00:00+00:00 [running]> on host b5ea13053d47
[2025-08-28T02:00:19.956+0000] {taskinstance.py:2648} INFO - Exporting env vars: AIRFLOW_CTX_DAG_OWNER='airflow' AIRFLOW_CTX_DAG_ID='import_csv_to_postgres' AIRFLOW_CTX_TASK_ID='wait_for_generation' AIRFLOW_CTX_EXECUTION_DATE='2025-08-27T16:00:00+00:00' AIRFLOW_CTX_TRY_NUMBER='1' AIRFLOW_CTX_DAG_RUN_ID='scheduled__2025-08-27T16:00:00+00:00'
[2025-08-28T02:00:19.959+0000] {taskinstance.py:430} INFO - ::endgroup::
[2025-08-28T02:00:20.032+0000] {baseoperator.py:400} WARNING - ExternalTaskSensor.execute cannot be called outside TaskInstance!
[2025-08-28T02:00:20.069+0000] {external_task.py:274} INFO - Poking for DAG 'daily_generate_orders' on 2025-08-27T16:00:00+00:00 ... 
[2025-08-28T02:00:20.070+0000] {warnings.py:112} WARNING - /home/airflow/.local/lib/python3.12/site-packages/airflow/utils/session.py:79: DeprecationWarning: This method is deprecated and will be removed in future.
  return func(*args, session=session, **kwargs)

[2025-08-28T02:00:20.109+0000] {taskinstance.py:441} INFO - ::group::Post task execution logs
[2025-08-28T02:00:20.192+0000] {taskinstance.py:2865} INFO - Rescheduling task, marking task as UP_FOR_RESCHEDULE
[2025-08-28T02:00:20.235+0000] {local_task_job_runner.py:243} INFO - Task exited with return code 0
[2025-08-28T02:00:20.287+0000] {taskinstance.py:3503} INFO - 0 downstream tasks scheduled from follow-on schedule check
[2025-08-28T02:00:20.292+0000] {local_task_job_runner.py:222} INFO - ::endgroup::
[2025-08-28T02:01:21.950+0000] {local_task_job_runner.py:120} INFO - ::group::Pre task execution logs
[2025-08-28T02:01:22.087+0000] {taskinstance.py:2076} INFO - Dependencies all met for dep_context=non-requeueable deps ti=<TaskInstance: import_csv_to_postgres.wait_for_generation scheduled__2025-08-27T16:00:00+00:00 [queued]>
[2025-08-28T02:01:22.124+0000] {taskinstance.py:2076} INFO - Dependencies all met for dep_context=requeueable deps ti=<TaskInstance: import_csv_to_postgres.wait_for_generation scheduled__2025-08-27T16:00:00+00:00 [queued]>
[2025-08-28T02:01:22.127+0000] {taskinstance.py:2306} INFO - Starting attempt 1 of 1
[2025-08-28T02:01:22.189+0000] {taskinstance.py:2330} INFO - Executing <Task(ExternalTaskSensor): wait_for_generation> on 2025-08-27 16:00:00+00:00
[2025-08-28T02:01:22.218+0000] {warnings.py:112} WARNING - /home/airflow/.local/lib/python3.12/site-packages/airflow/task/task_runner/standard_task_runner.py:62: DeprecationWarning: This process (pid=1663) is multi-threaded, use of fork() may lead to deadlocks in the child.
  pid = os.fork()

[2025-08-28T02:01:22.223+0000] {standard_task_runner.py:64} INFO - Started process 1665 to run task
[2025-08-28T02:01:22.236+0000] {standard_task_runner.py:90} INFO - Running: ['airflow', 'tasks', 'run', 'import_csv_to_postgres', 'wait_for_generation', 'scheduled__2025-08-27T16:00:00+00:00', '--job-id', '714', '--raw', '--subdir', 'DAGS_FOLDER/csv_to_postgres_dag.py', '--cfg-path', '/tmp/tmpbdbef9bj']
[2025-08-28T02:01:22.245+0000] {standard_task_runner.py:91} INFO - Job 714: Subtask wait_for_generation
[2025-08-28T02:01:22.301+0000] {warnings.py:112} WARNING - /home/airflow/.local/lib/python3.12/site-packages/airflow/settings.py:195: DeprecationWarning: The sql_alchemy_conn option in [core] has been moved to the sql_alchemy_conn option in [database] - the old setting has been used, but please update your config.
  SQL_ALCHEMY_CONN = conf.get("database", "SQL_ALCHEMY_CONN")

[2025-08-28T02:01:22.438+0000] {task_command.py:426} INFO - Running <TaskInstance: import_csv_to_postgres.wait_for_generation scheduled__2025-08-27T16:00:00+00:00 [running]> on host b5ea13053d47
[2025-08-28T02:01:22.806+0000] {taskinstance.py:2648} INFO - Exporting env vars: AIRFLOW_CTX_DAG_OWNER='airflow' AIRFLOW_CTX_DAG_ID='import_csv_to_postgres' AIRFLOW_CTX_TASK_ID='wait_for_generation' AIRFLOW_CTX_EXECUTION_DATE='2025-08-27T16:00:00+00:00' AIRFLOW_CTX_TRY_NUMBER='1' AIRFLOW_CTX_DAG_RUN_ID='scheduled__2025-08-27T16:00:00+00:00'
[2025-08-28T02:01:22.810+0000] {taskinstance.py:430} INFO - ::endgroup::
[2025-08-28T02:01:22.878+0000] {baseoperator.py:400} WARNING - ExternalTaskSensor.execute cannot be called outside TaskInstance!
[2025-08-28T02:01:22.913+0000] {external_task.py:274} INFO - Poking for DAG 'daily_generate_orders' on 2025-08-27T16:00:00+00:00 ... 
[2025-08-28T02:01:22.914+0000] {warnings.py:112} WARNING - /home/airflow/.local/lib/python3.12/site-packages/airflow/utils/session.py:79: DeprecationWarning: This method is deprecated and will be removed in future.
  return func(*args, session=session, **kwargs)

[2025-08-28T02:01:22.952+0000] {taskinstance.py:441} INFO - ::group::Post task execution logs
[2025-08-28T02:01:23.038+0000] {taskinstance.py:2865} INFO - Rescheduling task, marking task as UP_FOR_RESCHEDULE
[2025-08-28T02:01:23.102+0000] {local_task_job_runner.py:243} INFO - Task exited with return code 0
[2025-08-28T02:01:23.227+0000] {taskinstance.py:3503} INFO - 0 downstream tasks scheduled from follow-on schedule check
[2025-08-28T02:01:23.231+0000] {local_task_job_runner.py:222} INFO - ::endgroup::
[2025-08-28T02:02:24.494+0000] {local_task_job_runner.py:120} INFO - ::group::Pre task execution logs
[2025-08-28T02:02:24.526+0000] {taskinstance.py:2076} INFO - Dependencies all met for dep_context=non-requeueable deps ti=<TaskInstance: import_csv_to_postgres.wait_for_generation scheduled__2025-08-27T16:00:00+00:00 [queued]>
[2025-08-28T02:02:24.535+0000] {taskinstance.py:2076} INFO - Dependencies all met for dep_context=requeueable deps ti=<TaskInstance: import_csv_to_postgres.wait_for_generation scheduled__2025-08-27T16:00:00+00:00 [queued]>
[2025-08-28T02:02:24.536+0000] {taskinstance.py:2306} INFO - Starting attempt 1 of 1
[2025-08-28T02:02:24.551+0000] {taskinstance.py:2330} INFO - Executing <Task(ExternalTaskSensor): wait_for_generation> on 2025-08-27 16:00:00+00:00
[2025-08-28T02:02:24.559+0000] {warnings.py:112} WARNING - /home/airflow/.local/lib/python3.12/site-packages/airflow/task/task_runner/standard_task_runner.py:62: DeprecationWarning: This process (pid=1672) is multi-threaded, use of fork() may lead to deadlocks in the child.
  pid = os.fork()

[2025-08-28T02:02:24.560+0000] {standard_task_runner.py:64} INFO - Started process 1674 to run task
[2025-08-28T02:02:24.564+0000] {standard_task_runner.py:90} INFO - Running: ['airflow', 'tasks', 'run', 'import_csv_to_postgres', 'wait_for_generation', 'scheduled__2025-08-27T16:00:00+00:00', '--job-id', '717', '--raw', '--subdir', 'DAGS_FOLDER/csv_to_postgres_dag.py', '--cfg-path', '/tmp/tmp4kdhmmnr']
[2025-08-28T02:02:24.566+0000] {standard_task_runner.py:91} INFO - Job 717: Subtask wait_for_generation
[2025-08-28T02:02:24.582+0000] {warnings.py:112} WARNING - /home/airflow/.local/lib/python3.12/site-packages/airflow/settings.py:195: DeprecationWarning: The sql_alchemy_conn option in [core] has been moved to the sql_alchemy_conn option in [database] - the old setting has been used, but please update your config.
  SQL_ALCHEMY_CONN = conf.get("database", "SQL_ALCHEMY_CONN")

[2025-08-28T02:02:24.618+0000] {task_command.py:426} INFO - Running <TaskInstance: import_csv_to_postgres.wait_for_generation scheduled__2025-08-27T16:00:00+00:00 [running]> on host b5ea13053d47
[2025-08-28T02:02:24.707+0000] {taskinstance.py:2648} INFO - Exporting env vars: AIRFLOW_CTX_DAG_OWNER='airflow' AIRFLOW_CTX_DAG_ID='import_csv_to_postgres' AIRFLOW_CTX_TASK_ID='wait_for_generation' AIRFLOW_CTX_EXECUTION_DATE='2025-08-27T16:00:00+00:00' AIRFLOW_CTX_TRY_NUMBER='1' AIRFLOW_CTX_DAG_RUN_ID='scheduled__2025-08-27T16:00:00+00:00'
[2025-08-28T02:02:24.708+0000] {taskinstance.py:430} INFO - ::endgroup::
[2025-08-28T02:02:24.722+0000] {baseoperator.py:400} WARNING - ExternalTaskSensor.execute cannot be called outside TaskInstance!
[2025-08-28T02:02:24.731+0000] {external_task.py:274} INFO - Poking for DAG 'daily_generate_orders' on 2025-08-27T16:00:00+00:00 ... 
[2025-08-28T02:02:24.731+0000] {warnings.py:112} WARNING - /home/airflow/.local/lib/python3.12/site-packages/airflow/utils/session.py:79: DeprecationWarning: This method is deprecated and will be removed in future.
  return func(*args, session=session, **kwargs)

[2025-08-28T02:02:24.741+0000] {taskinstance.py:441} INFO - ::group::Post task execution logs
[2025-08-28T02:02:24.770+0000] {taskinstance.py:2865} INFO - Rescheduling task, marking task as UP_FOR_RESCHEDULE
[2025-08-28T02:02:24.815+0000] {local_task_job_runner.py:243} INFO - Task exited with return code 0
[2025-08-28T02:02:24.840+0000] {taskinstance.py:3503} INFO - 0 downstream tasks scheduled from follow-on schedule check
[2025-08-28T02:02:24.845+0000] {local_task_job_runner.py:222} INFO - ::endgroup::
[2025-08-28T02:03:26.390+0000] {local_task_job_runner.py:120} INFO - ::group::Pre task execution logs
[2025-08-28T02:03:26.430+0000] {taskinstance.py:2076} INFO - Dependencies all met for dep_context=non-requeueable deps ti=<TaskInstance: import_csv_to_postgres.wait_for_generation scheduled__2025-08-27T16:00:00+00:00 [queued]>
[2025-08-28T02:03:26.443+0000] {taskinstance.py:2076} INFO - Dependencies all met for dep_context=requeueable deps ti=<TaskInstance: import_csv_to_postgres.wait_for_generation scheduled__2025-08-27T16:00:00+00:00 [queued]>
[2025-08-28T02:03:26.443+0000] {taskinstance.py:2306} INFO - Starting attempt 1 of 1
[2025-08-28T02:03:26.464+0000] {taskinstance.py:2330} INFO - Executing <Task(ExternalTaskSensor): wait_for_generation> on 2025-08-27 16:00:00+00:00
[2025-08-28T02:03:26.473+0000] {warnings.py:112} WARNING - /home/airflow/.local/lib/python3.12/site-packages/airflow/task/task_runner/standard_task_runner.py:62: DeprecationWarning: This process (pid=1684) is multi-threaded, use of fork() may lead to deadlocks in the child.
  pid = os.fork()

[2025-08-28T02:03:26.474+0000] {standard_task_runner.py:64} INFO - Started process 1686 to run task
[2025-08-28T02:03:26.475+0000] {standard_task_runner.py:90} INFO - Running: ['airflow', 'tasks', 'run', 'import_csv_to_postgres', 'wait_for_generation', 'scheduled__2025-08-27T16:00:00+00:00', '--job-id', '721', '--raw', '--subdir', 'DAGS_FOLDER/csv_to_postgres_dag.py', '--cfg-path', '/tmp/tmpflf5e7tv']
[2025-08-28T02:03:26.478+0000] {standard_task_runner.py:91} INFO - Job 721: Subtask wait_for_generation
[2025-08-28T02:03:26.497+0000] {warnings.py:112} WARNING - /home/airflow/.local/lib/python3.12/site-packages/airflow/settings.py:195: DeprecationWarning: The sql_alchemy_conn option in [core] has been moved to the sql_alchemy_conn option in [database] - the old setting has been used, but please update your config.
  SQL_ALCHEMY_CONN = conf.get("database", "SQL_ALCHEMY_CONN")

[2025-08-28T02:03:26.548+0000] {task_command.py:426} INFO - Running <TaskInstance: import_csv_to_postgres.wait_for_generation scheduled__2025-08-27T16:00:00+00:00 [running]> on host b5ea13053d47
[2025-08-28T02:03:26.778+0000] {taskinstance.py:2648} INFO - Exporting env vars: AIRFLOW_CTX_DAG_OWNER='airflow' AIRFLOW_CTX_DAG_ID='import_csv_to_postgres' AIRFLOW_CTX_TASK_ID='wait_for_generation' AIRFLOW_CTX_EXECUTION_DATE='2025-08-27T16:00:00+00:00' AIRFLOW_CTX_TRY_NUMBER='1' AIRFLOW_CTX_DAG_RUN_ID='scheduled__2025-08-27T16:00:00+00:00'
[2025-08-28T02:03:26.781+0000] {taskinstance.py:430} INFO - ::endgroup::
[2025-08-28T02:03:26.798+0000] {baseoperator.py:400} WARNING - ExternalTaskSensor.execute cannot be called outside TaskInstance!
[2025-08-28T02:03:26.808+0000] {taskinstance.py:441} INFO - ::group::Post task execution logs
[2025-08-28T02:03:26.808+0000] {taskinstance.py:2905} ERROR - Task failed with exception
Traceback (most recent call last):
  File "/home/airflow/.local/lib/python3.12/site-packages/airflow/models/taskinstance.py", line 465, in _execute_task
    result = _execute_callable(context=context, **execute_callable_kwargs)
             ^^^^^^^^^^^^^^^^^^^^^^^^^^^^^^^^^^^^^^^^^^^^^^^^^^^^^^^^^^^^^
  File "/home/airflow/.local/lib/python3.12/site-packages/airflow/models/taskinstance.py", line 432, in _execute_callable
    return execute_callable(context=context, **execute_callable_kwargs)
           ^^^^^^^^^^^^^^^^^^^^^^^^^^^^^^^^^^^^^^^^^^^^^^^^^^^^^^^^^^^^
  File "/home/airflow/.local/lib/python3.12/site-packages/airflow/models/baseoperator.py", line 401, in wrapper
    return func(self, *args, **kwargs)
           ^^^^^^^^^^^^^^^^^^^^^^^^^^^
  File "/home/airflow/.local/lib/python3.12/site-packages/airflow/sensors/external_task.py", line 348, in execute
    super().execute(context)
  File "/home/airflow/.local/lib/python3.12/site-packages/airflow/models/baseoperator.py", line 401, in wrapper
    return func(self, *args, **kwargs)
           ^^^^^^^^^^^^^^^^^^^^^^^^^^^
  File "/home/airflow/.local/lib/python3.12/site-packages/airflow/sensors/base.py", line 264, in execute
    raise e
  File "/home/airflow/.local/lib/python3.12/site-packages/airflow/sensors/base.py", line 246, in execute
    poke_return = self.poke(context)
                  ^^^^^^^^^^^^^^^^^^
  File "/home/airflow/.local/lib/python3.12/site-packages/airflow/utils/session.py", line 79, in wrapper
    return func(*args, session=session, **kwargs)
           ^^^^^^^^^^^^^^^^^^^^^^^^^^^^^^^^^^^^^^
  File "/home/airflow/.local/lib/python3.12/site-packages/airflow/sensors/external_task.py", line 255, in poke
    serialized_dttm_filter = ",".join(dt.isoformat() for dt in dttm_filter)
                             ^^^^^^^^^^^^^^^^^^^^^^^^^^^^^^^^^^^^^^^^^^^^^^
  File "/home/airflow/.local/lib/python3.12/site-packages/airflow/sensors/external_task.py", line 255, in <genexpr>
    serialized_dttm_filter = ",".join(dt.isoformat() for dt in dttm_filter)
                                      ^^^^^^^^^^^^
AttributeError: 'NoneType' object has no attribute 'isoformat'
[2025-08-28T02:03:26.818+0000] {taskinstance.py:1206} INFO - Marking task as FAILED. dag_id=import_csv_to_postgres, task_id=wait_for_generation, run_id=scheduled__2025-08-27T16:00:00+00:00, execution_date=20250827T160000, start_date=20250828T020326, end_date=20250828T020326
[2025-08-28T02:03:26.832+0000] {standard_task_runner.py:110} ERROR - Failed to execute job 721 for task wait_for_generation ('NoneType' object has no attribute 'isoformat'; 1686)
[2025-08-28T02:03:26.853+0000] {local_task_job_runner.py:243} INFO - Task exited with return code 1
[2025-08-28T02:03:26.895+0000] {taskinstance.py:3503} INFO - 0 downstream tasks scheduled from follow-on schedule check
[2025-08-28T02:03:26.900+0000] {local_task_job_runner.py:222} INFO - ::endgroup::
[2025-08-28T02:04:14.203+0000] {local_task_job_runner.py:120} INFO - ::group::Pre task execution logs
[2025-08-28T02:04:14.249+0000] {taskinstance.py:2076} INFO - Dependencies all met for dep_context=non-requeueable deps ti=<TaskInstance: import_csv_to_postgres.wait_for_generation scheduled__2025-08-27T16:00:00+00:00 [queued]>
[2025-08-28T02:04:14.257+0000] {taskinstance.py:2076} INFO - Dependencies all met for dep_context=requeueable deps ti=<TaskInstance: import_csv_to_postgres.wait_for_generation scheduled__2025-08-27T16:00:00+00:00 [queued]>
[2025-08-28T02:04:14.257+0000] {taskinstance.py:2306} INFO - Starting attempt 1 of 1
[2025-08-28T02:04:14.280+0000] {taskinstance.py:2330} INFO - Executing <Task(ExternalTaskSensor): wait_for_generation> on 2025-08-27 16:00:00+00:00
[2025-08-28T02:04:14.296+0000] {warnings.py:112} WARNING - /home/airflow/.local/lib/python3.12/site-packages/airflow/task/task_runner/standard_task_runner.py:62: DeprecationWarning: This process (pid=1690) is multi-threaded, use of fork() may lead to deadlocks in the child.
  pid = os.fork()

[2025-08-28T02:04:14.297+0000] {standard_task_runner.py:64} INFO - Started process 1692 to run task
[2025-08-28T02:04:14.310+0000] {standard_task_runner.py:90} INFO - Running: ['airflow', 'tasks', 'run', 'import_csv_to_postgres', 'wait_for_generation', 'scheduled__2025-08-27T16:00:00+00:00', '--job-id', '723', '--raw', '--subdir', 'DAGS_FOLDER/csv_to_postgres_dag.py', '--cfg-path', '/tmp/tmp3at6sk8k']
[2025-08-28T02:04:14.327+0000] {standard_task_runner.py:91} INFO - Job 723: Subtask wait_for_generation
[2025-08-28T02:04:14.369+0000] {warnings.py:112} WARNING - /home/airflow/.local/lib/python3.12/site-packages/airflow/settings.py:195: DeprecationWarning: The sql_alchemy_conn option in [core] has been moved to the sql_alchemy_conn option in [database] - the old setting has been used, but please update your config.
  SQL_ALCHEMY_CONN = conf.get("database", "SQL_ALCHEMY_CONN")

[2025-08-28T02:04:14.453+0000] {task_command.py:426} INFO - Running <TaskInstance: import_csv_to_postgres.wait_for_generation scheduled__2025-08-27T16:00:00+00:00 [running]> on host b5ea13053d47
[2025-08-28T02:04:14.657+0000] {taskinstance.py:2648} INFO - Exporting env vars: AIRFLOW_CTX_DAG_OWNER='airflow' AIRFLOW_CTX_DAG_ID='import_csv_to_postgres' AIRFLOW_CTX_TASK_ID='wait_for_generation' AIRFLOW_CTX_EXECUTION_DATE='2025-08-27T16:00:00+00:00' AIRFLOW_CTX_TRY_NUMBER='1' AIRFLOW_CTX_DAG_RUN_ID='scheduled__2025-08-27T16:00:00+00:00'
[2025-08-28T02:04:14.658+0000] {taskinstance.py:430} INFO - ::endgroup::
[2025-08-28T02:04:14.670+0000] {baseoperator.py:400} WARNING - ExternalTaskSensor.execute cannot be called outside TaskInstance!
[2025-08-28T02:04:14.681+0000] {external_task.py:274} INFO - Poking for DAG 'daily_generate_orders' on 2025-08-27T16:00:00+00:00 ... 
[2025-08-28T02:04:14.682+0000] {warnings.py:112} WARNING - /home/airflow/.local/lib/python3.12/site-packages/airflow/utils/session.py:79: DeprecationWarning: This method is deprecated and will be removed in future.
  return func(*args, session=session, **kwargs)

[2025-08-28T02:04:14.695+0000] {taskinstance.py:441} INFO - ::group::Post task execution logs
[2025-08-28T02:04:14.725+0000] {taskinstance.py:2865} INFO - Rescheduling task, marking task as UP_FOR_RESCHEDULE
[2025-08-28T02:04:14.767+0000] {local_task_job_runner.py:243} INFO - Task exited with return code 0
[2025-08-28T02:04:14.830+0000] {taskinstance.py:3503} INFO - 0 downstream tasks scheduled from follow-on schedule check
[2025-08-28T02:04:14.833+0000] {local_task_job_runner.py:222} INFO - ::endgroup::
[2025-08-28T02:05:18.158+0000] {local_task_job_runner.py:120} INFO - ::group::Pre task execution logs
[2025-08-28T02:05:18.183+0000] {taskinstance.py:2076} INFO - Dependencies all met for dep_context=non-requeueable deps ti=<TaskInstance: import_csv_to_postgres.wait_for_generation scheduled__2025-08-27T16:00:00+00:00 [queued]>
[2025-08-28T02:05:18.190+0000] {taskinstance.py:2076} INFO - Dependencies all met for dep_context=requeueable deps ti=<TaskInstance: import_csv_to_postgres.wait_for_generation scheduled__2025-08-27T16:00:00+00:00 [queued]>
[2025-08-28T02:05:18.190+0000] {taskinstance.py:2306} INFO - Starting attempt 1 of 1
[2025-08-28T02:05:18.206+0000] {taskinstance.py:2330} INFO - Executing <Task(ExternalTaskSensor): wait_for_generation> on 2025-08-27 16:00:00+00:00
[2025-08-28T02:05:18.226+0000] {warnings.py:112} WARNING - /home/airflow/.local/lib/python3.12/site-packages/airflow/task/task_runner/standard_task_runner.py:62: DeprecationWarning: This process (pid=1703) is multi-threaded, use of fork() may lead to deadlocks in the child.
  pid = os.fork()

[2025-08-28T02:05:18.231+0000] {standard_task_runner.py:64} INFO - Started process 1707 to run task
[2025-08-28T02:05:18.235+0000] {standard_task_runner.py:90} INFO - Running: ['airflow', 'tasks', 'run', 'import_csv_to_postgres', 'wait_for_generation', 'scheduled__2025-08-27T16:00:00+00:00', '--job-id', '727', '--raw', '--subdir', 'DAGS_FOLDER/csv_to_postgres_dag.py', '--cfg-path', '/tmp/tmp7c0o1031']
[2025-08-28T02:05:18.243+0000] {standard_task_runner.py:91} INFO - Job 727: Subtask wait_for_generation
[2025-08-28T02:05:18.271+0000] {warnings.py:112} WARNING - /home/airflow/.local/lib/python3.12/site-packages/airflow/settings.py:195: DeprecationWarning: The sql_alchemy_conn option in [core] has been moved to the sql_alchemy_conn option in [database] - the old setting has been used, but please update your config.
  SQL_ALCHEMY_CONN = conf.get("database", "SQL_ALCHEMY_CONN")

[2025-08-28T02:05:18.344+0000] {task_command.py:426} INFO - Running <TaskInstance: import_csv_to_postgres.wait_for_generation scheduled__2025-08-27T16:00:00+00:00 [running]> on host b5ea13053d47
[2025-08-28T02:05:18.493+0000] {taskinstance.py:2648} INFO - Exporting env vars: AIRFLOW_CTX_DAG_OWNER='airflow' AIRFLOW_CTX_DAG_ID='import_csv_to_postgres' AIRFLOW_CTX_TASK_ID='wait_for_generation' AIRFLOW_CTX_EXECUTION_DATE='2025-08-27T16:00:00+00:00' AIRFLOW_CTX_TRY_NUMBER='1' AIRFLOW_CTX_DAG_RUN_ID='scheduled__2025-08-27T16:00:00+00:00'
[2025-08-28T02:05:18.494+0000] {taskinstance.py:430} INFO - ::endgroup::
[2025-08-28T02:05:18.506+0000] {baseoperator.py:400} WARNING - ExternalTaskSensor.execute cannot be called outside TaskInstance!
[2025-08-28T02:05:18.515+0000] {external_task.py:274} INFO - Poking for DAG 'daily_generate_orders' on 2025-08-27T16:00:00+00:00 ... 
[2025-08-28T02:05:18.516+0000] {warnings.py:112} WARNING - /home/airflow/.local/lib/python3.12/site-packages/airflow/utils/session.py:79: DeprecationWarning: This method is deprecated and will be removed in future.
  return func(*args, session=session, **kwargs)

[2025-08-28T02:05:18.526+0000] {taskinstance.py:441} INFO - ::group::Post task execution logs
[2025-08-28T02:05:18.554+0000] {taskinstance.py:2865} INFO - Rescheduling task, marking task as UP_FOR_RESCHEDULE
[2025-08-28T02:05:18.575+0000] {local_task_job_runner.py:243} INFO - Task exited with return code 0
[2025-08-28T02:05:18.617+0000] {taskinstance.py:3503} INFO - 0 downstream tasks scheduled from follow-on schedule check
[2025-08-28T02:05:18.622+0000] {local_task_job_runner.py:222} INFO - ::endgroup::
[2025-08-28T02:06:20.171+0000] {local_task_job_runner.py:120} INFO - ::group::Pre task execution logs
[2025-08-28T02:06:20.203+0000] {taskinstance.py:2076} INFO - Dependencies all met for dep_context=non-requeueable deps ti=<TaskInstance: import_csv_to_postgres.wait_for_generation scheduled__2025-08-27T16:00:00+00:00 [queued]>
[2025-08-28T02:06:20.211+0000] {taskinstance.py:2076} INFO - Dependencies all met for dep_context=requeueable deps ti=<TaskInstance: import_csv_to_postgres.wait_for_generation scheduled__2025-08-27T16:00:00+00:00 [queued]>
[2025-08-28T02:06:20.211+0000] {taskinstance.py:2306} INFO - Starting attempt 1 of 1
[2025-08-28T02:06:20.232+0000] {taskinstance.py:2330} INFO - Executing <Task(ExternalTaskSensor): wait_for_generation> on 2025-08-27 16:00:00+00:00
[2025-08-28T02:06:20.241+0000] {warnings.py:112} WARNING - /home/airflow/.local/lib/python3.12/site-packages/airflow/task/task_runner/standard_task_runner.py:62: DeprecationWarning: This process (pid=1727) is multi-threaded, use of fork() may lead to deadlocks in the child.
  pid = os.fork()

[2025-08-28T02:06:20.242+0000] {standard_task_runner.py:64} INFO - Started process 1729 to run task
[2025-08-28T02:06:20.246+0000] {standard_task_runner.py:90} INFO - Running: ['airflow', 'tasks', 'run', 'import_csv_to_postgres', 'wait_for_generation', 'scheduled__2025-08-27T16:00:00+00:00', '--job-id', '731', '--raw', '--subdir', 'DAGS_FOLDER/csv_to_postgres_dag.py', '--cfg-path', '/tmp/tmpql__rmho']
[2025-08-28T02:06:20.248+0000] {standard_task_runner.py:91} INFO - Job 731: Subtask wait_for_generation
[2025-08-28T02:06:20.271+0000] {warnings.py:112} WARNING - /home/airflow/.local/lib/python3.12/site-packages/airflow/settings.py:195: DeprecationWarning: The sql_alchemy_conn option in [core] has been moved to the sql_alchemy_conn option in [database] - the old setting has been used, but please update your config.
  SQL_ALCHEMY_CONN = conf.get("database", "SQL_ALCHEMY_CONN")

[2025-08-28T02:06:20.356+0000] {task_command.py:426} INFO - Running <TaskInstance: import_csv_to_postgres.wait_for_generation scheduled__2025-08-27T16:00:00+00:00 [running]> on host b5ea13053d47
[2025-08-28T02:06:20.493+0000] {taskinstance.py:2648} INFO - Exporting env vars: AIRFLOW_CTX_DAG_OWNER='airflow' AIRFLOW_CTX_DAG_ID='import_csv_to_postgres' AIRFLOW_CTX_TASK_ID='wait_for_generation' AIRFLOW_CTX_EXECUTION_DATE='2025-08-27T16:00:00+00:00' AIRFLOW_CTX_TRY_NUMBER='1' AIRFLOW_CTX_DAG_RUN_ID='scheduled__2025-08-27T16:00:00+00:00'
[2025-08-28T02:06:20.494+0000] {taskinstance.py:430} INFO - ::endgroup::
[2025-08-28T02:06:20.506+0000] {baseoperator.py:400} WARNING - ExternalTaskSensor.execute cannot be called outside TaskInstance!
[2025-08-28T02:06:20.514+0000] {external_task.py:274} INFO - Poking for DAG 'daily_generate_orders' on 2025-08-27T16:00:00+00:00 ... 
[2025-08-28T02:06:20.515+0000] {warnings.py:112} WARNING - /home/airflow/.local/lib/python3.12/site-packages/airflow/utils/session.py:79: DeprecationWarning: This method is deprecated and will be removed in future.
  return func(*args, session=session, **kwargs)

[2025-08-28T02:06:20.524+0000] {taskinstance.py:441} INFO - ::group::Post task execution logs
[2025-08-28T02:06:20.544+0000] {taskinstance.py:2865} INFO - Rescheduling task, marking task as UP_FOR_RESCHEDULE
[2025-08-28T02:06:20.577+0000] {local_task_job_runner.py:243} INFO - Task exited with return code 0
[2025-08-28T02:06:20.641+0000] {taskinstance.py:3503} INFO - 0 downstream tasks scheduled from follow-on schedule check
[2025-08-28T02:06:20.644+0000] {local_task_job_runner.py:222} INFO - ::endgroup::
[2025-08-28T02:07:21.999+0000] {local_task_job_runner.py:120} INFO - ::group::Pre task execution logs
[2025-08-28T02:07:22.028+0000] {taskinstance.py:2076} INFO - Dependencies all met for dep_context=non-requeueable deps ti=<TaskInstance: import_csv_to_postgres.wait_for_generation scheduled__2025-08-27T16:00:00+00:00 [queued]>
[2025-08-28T02:07:22.038+0000] {taskinstance.py:2076} INFO - Dependencies all met for dep_context=requeueable deps ti=<TaskInstance: import_csv_to_postgres.wait_for_generation scheduled__2025-08-27T16:00:00+00:00 [queued]>
[2025-08-28T02:07:22.038+0000] {taskinstance.py:2306} INFO - Starting attempt 1 of 1
[2025-08-28T02:07:22.057+0000] {taskinstance.py:2330} INFO - Executing <Task(ExternalTaskSensor): wait_for_generation> on 2025-08-27 16:00:00+00:00
[2025-08-28T02:07:22.066+0000] {warnings.py:112} WARNING - /home/airflow/.local/lib/python3.12/site-packages/airflow/task/task_runner/standard_task_runner.py:62: DeprecationWarning: This process (pid=1736) is multi-threaded, use of fork() may lead to deadlocks in the child.
  pid = os.fork()

[2025-08-28T02:07:22.067+0000] {standard_task_runner.py:64} INFO - Started process 1738 to run task
[2025-08-28T02:07:22.072+0000] {standard_task_runner.py:90} INFO - Running: ['airflow', 'tasks', 'run', 'import_csv_to_postgres', 'wait_for_generation', 'scheduled__2025-08-27T16:00:00+00:00', '--job-id', '734', '--raw', '--subdir', 'DAGS_FOLDER/csv_to_postgres_dag.py', '--cfg-path', '/tmp/tmpe709d1vu']
[2025-08-28T02:07:22.074+0000] {standard_task_runner.py:91} INFO - Job 734: Subtask wait_for_generation
[2025-08-28T02:07:22.089+0000] {warnings.py:112} WARNING - /home/airflow/.local/lib/python3.12/site-packages/airflow/settings.py:195: DeprecationWarning: The sql_alchemy_conn option in [core] has been moved to the sql_alchemy_conn option in [database] - the old setting has been used, but please update your config.
  SQL_ALCHEMY_CONN = conf.get("database", "SQL_ALCHEMY_CONN")

[2025-08-28T02:07:22.131+0000] {task_command.py:426} INFO - Running <TaskInstance: import_csv_to_postgres.wait_for_generation scheduled__2025-08-27T16:00:00+00:00 [running]> on host b5ea13053d47
[2025-08-28T02:07:22.239+0000] {taskinstance.py:2648} INFO - Exporting env vars: AIRFLOW_CTX_DAG_OWNER='airflow' AIRFLOW_CTX_DAG_ID='import_csv_to_postgres' AIRFLOW_CTX_TASK_ID='wait_for_generation' AIRFLOW_CTX_EXECUTION_DATE='2025-08-27T16:00:00+00:00' AIRFLOW_CTX_TRY_NUMBER='1' AIRFLOW_CTX_DAG_RUN_ID='scheduled__2025-08-27T16:00:00+00:00'
[2025-08-28T02:07:22.241+0000] {taskinstance.py:430} INFO - ::endgroup::
[2025-08-28T02:07:22.258+0000] {baseoperator.py:400} WARNING - ExternalTaskSensor.execute cannot be called outside TaskInstance!
[2025-08-28T02:07:22.270+0000] {external_task.py:274} INFO - Poking for DAG 'daily_generate_orders' on 2025-08-27T16:00:00+00:00 ... 
[2025-08-28T02:07:22.270+0000] {warnings.py:112} WARNING - /home/airflow/.local/lib/python3.12/site-packages/airflow/utils/session.py:79: DeprecationWarning: This method is deprecated and will be removed in future.
  return func(*args, session=session, **kwargs)

[2025-08-28T02:07:22.281+0000] {taskinstance.py:441} INFO - ::group::Post task execution logs
[2025-08-28T02:07:22.320+0000] {taskinstance.py:2865} INFO - Rescheduling task, marking task as UP_FOR_RESCHEDULE
[2025-08-28T02:07:22.362+0000] {local_task_job_runner.py:243} INFO - Task exited with return code 0
[2025-08-28T02:07:22.390+0000] {taskinstance.py:3503} INFO - 0 downstream tasks scheduled from follow-on schedule check
[2025-08-28T02:07:22.395+0000] {local_task_job_runner.py:222} INFO - ::endgroup::
[2025-08-28T02:08:24.340+0000] {local_task_job_runner.py:120} INFO - ::group::Pre task execution logs
[2025-08-28T02:08:24.375+0000] {taskinstance.py:2076} INFO - Dependencies all met for dep_context=non-requeueable deps ti=<TaskInstance: import_csv_to_postgres.wait_for_generation scheduled__2025-08-27T16:00:00+00:00 [queued]>
[2025-08-28T02:08:24.383+0000] {taskinstance.py:2076} INFO - Dependencies all met for dep_context=requeueable deps ti=<TaskInstance: import_csv_to_postgres.wait_for_generation scheduled__2025-08-27T16:00:00+00:00 [queued]>
[2025-08-28T02:08:24.383+0000] {taskinstance.py:2306} INFO - Starting attempt 1 of 1
[2025-08-28T02:08:24.400+0000] {taskinstance.py:2330} INFO - Executing <Task(ExternalTaskSensor): wait_for_generation> on 2025-08-27 16:00:00+00:00
[2025-08-28T02:08:24.408+0000] {warnings.py:112} WARNING - /home/airflow/.local/lib/python3.12/site-packages/airflow/task/task_runner/standard_task_runner.py:62: DeprecationWarning: This process (pid=1745) is multi-threaded, use of fork() may lead to deadlocks in the child.
  pid = os.fork()

[2025-08-28T02:08:24.409+0000] {standard_task_runner.py:64} INFO - Started process 1747 to run task
[2025-08-28T02:08:24.413+0000] {standard_task_runner.py:90} INFO - Running: ['airflow', 'tasks', 'run', 'import_csv_to_postgres', 'wait_for_generation', 'scheduled__2025-08-27T16:00:00+00:00', '--job-id', '737', '--raw', '--subdir', 'DAGS_FOLDER/csv_to_postgres_dag.py', '--cfg-path', '/tmp/tmpeqmeuupy']
[2025-08-28T02:08:24.415+0000] {standard_task_runner.py:91} INFO - Job 737: Subtask wait_for_generation
[2025-08-28T02:08:24.431+0000] {warnings.py:112} WARNING - /home/airflow/.local/lib/python3.12/site-packages/airflow/settings.py:195: DeprecationWarning: The sql_alchemy_conn option in [core] has been moved to the sql_alchemy_conn option in [database] - the old setting has been used, but please update your config.
  SQL_ALCHEMY_CONN = conf.get("database", "SQL_ALCHEMY_CONN")

[2025-08-28T02:08:24.515+0000] {task_command.py:426} INFO - Running <TaskInstance: import_csv_to_postgres.wait_for_generation scheduled__2025-08-27T16:00:00+00:00 [running]> on host b5ea13053d47
[2025-08-28T02:08:24.622+0000] {taskinstance.py:2648} INFO - Exporting env vars: AIRFLOW_CTX_DAG_OWNER='airflow' AIRFLOW_CTX_DAG_ID='import_csv_to_postgres' AIRFLOW_CTX_TASK_ID='wait_for_generation' AIRFLOW_CTX_EXECUTION_DATE='2025-08-27T16:00:00+00:00' AIRFLOW_CTX_TRY_NUMBER='1' AIRFLOW_CTX_DAG_RUN_ID='scheduled__2025-08-27T16:00:00+00:00'
[2025-08-28T02:08:24.623+0000] {taskinstance.py:430} INFO - ::endgroup::
[2025-08-28T02:08:24.636+0000] {baseoperator.py:400} WARNING - ExternalTaskSensor.execute cannot be called outside TaskInstance!
[2025-08-28T02:08:24.646+0000] {external_task.py:274} INFO - Poking for DAG 'daily_generate_orders' on 2025-08-27T16:00:00+00:00 ... 
[2025-08-28T02:08:24.647+0000] {warnings.py:112} WARNING - /home/airflow/.local/lib/python3.12/site-packages/airflow/utils/session.py:79: DeprecationWarning: This method is deprecated and will be removed in future.
  return func(*args, session=session, **kwargs)

[2025-08-28T02:08:24.657+0000] {taskinstance.py:441} INFO - ::group::Post task execution logs
[2025-08-28T02:08:24.738+0000] {taskinstance.py:2865} INFO - Rescheduling task, marking task as UP_FOR_RESCHEDULE
[2025-08-28T02:08:24.789+0000] {local_task_job_runner.py:243} INFO - Task exited with return code 0
[2025-08-28T02:08:24.852+0000] {taskinstance.py:3503} INFO - 0 downstream tasks scheduled from follow-on schedule check
[2025-08-28T02:08:24.860+0000] {local_task_job_runner.py:222} INFO - ::endgroup::
