[2025-09-04T09:00:02.057+0000] {local_task_job_runner.py:120} INFO - ::group::Pre task execution logs
[2025-09-04T09:00:02.115+0000] {taskinstance.py:2076} INFO - Dependencies all met for dep_context=non-requeueable deps ti=<TaskInstance: dbt_run_models.run_dbt_models scheduled__2025-09-04T08:00:00+00:00 [queued]>
[2025-09-04T09:00:02.137+0000] {taskinstance.py:2076} INFO - Dependencies all met for dep_context=requeueable deps ti=<TaskInstance: dbt_run_models.run_dbt_models scheduled__2025-09-04T08:00:00+00:00 [queued]>
[2025-09-04T09:00:02.138+0000] {taskinstance.py:2306} INFO - Starting attempt 1 of 2
[2025-09-04T09:00:02.179+0000] {taskinstance.py:2330} INFO - Executing <Task(BashOperator): run_dbt_models> on 2025-09-04 08:00:00+00:00
[2025-09-04T09:00:02.188+0000] {warnings.py:112} WARNING - /home/airflow/.local/lib/python3.12/site-packages/airflow/task/task_runner/standard_task_runner.py:62: DeprecationWarning: This process (pid=389) is multi-threaded, use of fork() may lead to deadlocks in the child.
  pid = os.fork()

[2025-09-04T09:00:02.189+0000] {standard_task_runner.py:64} INFO - Started process 390 to run task
[2025-09-04T09:00:02.192+0000] {standard_task_runner.py:90} INFO - Running: ['airflow', 'tasks', 'run', 'dbt_run_models', 'run_dbt_models', 'scheduled__2025-09-04T08:00:00+00:00', '--job-id', '997', '--raw', '--subdir', 'DAGS_FOLDER/dbt_dag.py', '--cfg-path', '/tmp/tmpft37_zqk']
[2025-09-04T09:00:02.193+0000] {standard_task_runner.py:91} INFO - Job 997: Subtask run_dbt_models
[2025-09-04T09:00:02.215+0000] {warnings.py:112} WARNING - /home/airflow/.local/lib/python3.12/site-packages/airflow/settings.py:195: DeprecationWarning: The sql_alchemy_conn option in [core] has been moved to the sql_alchemy_conn option in [database] - the old setting has been used, but please update your config.
  SQL_ALCHEMY_CONN = conf.get("database", "SQL_ALCHEMY_CONN")

[2025-09-04T09:00:02.299+0000] {task_command.py:426} INFO - Running <TaskInstance: dbt_run_models.run_dbt_models scheduled__2025-09-04T08:00:00+00:00 [running]> on host b5ea13053d47
[2025-09-04T09:00:02.519+0000] {taskinstance.py:2648} INFO - Exporting env vars: AIRFLOW_CTX_DAG_OWNER='airflow' AIRFLOW_CTX_DAG_ID='dbt_run_models' AIRFLOW_CTX_TASK_ID='run_dbt_models' AIRFLOW_CTX_EXECUTION_DATE='2025-09-04T08:00:00+00:00' AIRFLOW_CTX_TRY_NUMBER='1' AIRFLOW_CTX_DAG_RUN_ID='scheduled__2025-09-04T08:00:00+00:00'
[2025-09-04T09:00:02.520+0000] {taskinstance.py:430} INFO - ::endgroup::
[2025-09-04T09:00:02.539+0000] {subprocess.py:63} INFO - Tmp dir root location: /tmp
[2025-09-04T09:00:02.540+0000] {subprocess.py:75} INFO - Running command: ['/usr/bin/bash', '-c', '\n        cd /usr/app &&         dbt run --profiles-dir /usr/app\n        ']
[2025-09-04T09:00:02.552+0000] {subprocess.py:86} INFO - Output:
[2025-09-04T09:00:05.917+0000] {subprocess.py:93} INFO - [0m09:00:05  Running with dbt=1.7.9
[2025-09-04T09:00:06.290+0000] {subprocess.py:93} INFO - [0m09:00:06  Registered adapter: postgres=1.7.9
[2025-09-04T09:00:06.337+0000] {subprocess.py:93} INFO - [0m09:00:06  [[33mWARNING[0m]: Configuration paths exist in your dbt_project.yml file which do not apply to any resources.
[2025-09-04T09:00:06.338+0000] {subprocess.py:93} INFO - There are 1 unused configuration paths:
[2025-09-04T09:00:06.339+0000] {subprocess.py:93} INFO - - models.my_project.sources
[2025-09-04T09:00:06.362+0000] {subprocess.py:93} INFO - [0m09:00:06  Found 5 models, 7 sources, 0 exposures, 0 metrics, 401 macros, 0 groups, 0 semantic models
[2025-09-04T09:00:06.366+0000] {subprocess.py:93} INFO - [0m09:00:06
[2025-09-04T09:00:06.525+0000] {subprocess.py:93} INFO - [0m09:00:06  Concurrency: 4 threads (target='dev')
[2025-09-04T09:00:06.526+0000] {subprocess.py:93} INFO - [0m09:00:06
[2025-09-04T09:00:06.546+0000] {subprocess.py:93} INFO - [0m09:00:06  1 of 5 START sql view model analytics.stg_order_count_year ..................... [RUN]
[2025-09-04T09:00:06.548+0000] {subprocess.py:93} INFO - [0m09:00:06  2 of 5 START sql view model analytics.stg_order_details ........................ [RUN]
[2025-09-04T09:00:06.551+0000] {subprocess.py:93} INFO - [0m09:00:06  3 of 5 START sql view model analytics.stg_orders ............................... [RUN]
[2025-09-04T09:00:06.993+0000] {subprocess.py:93} INFO - [0m09:00:06  3 of 5 OK created sql view model analytics.stg_orders .......................... [[32mCREATE VIEW[0m in 0.44s]
[2025-09-04T09:00:07.003+0000] {subprocess.py:93} INFO - [0m09:00:07  1 of 5 OK created sql view model analytics.stg_order_count_year ................ [[32mCREATE VIEW[0m in 0.45s]
[2025-09-04T09:00:07.004+0000] {subprocess.py:93} INFO - [0m09:00:07  2 of 5 OK created sql view model analytics.stg_order_details ................... [[32mCREATE VIEW[0m in 0.45s]
[2025-09-04T09:00:07.014+0000] {subprocess.py:93} INFO - [0m09:00:07  4 of 5 START sql table model analytics.order_count_year ........................ [RUN]
[2025-09-04T09:00:07.023+0000] {subprocess.py:93} INFO - [0m09:00:07  5 of 5 START sql table model analytics.orders_summary .......................... [RUN]
[2025-09-04T09:00:07.264+0000] {subprocess.py:93} INFO - [0m09:00:07  4 of 5 OK created sql table model analytics.order_count_year ................... [[32mSELECT 3[0m in 0.25s]
[2025-09-04T09:00:07.302+0000] {subprocess.py:93} INFO - [0m09:00:07  5 of 5 OK created sql table model analytics.orders_summary ..................... [[32mSELECT 10000[0m in 0.26s]
[2025-09-04T09:00:07.337+0000] {subprocess.py:93} INFO - [0m09:00:07
[2025-09-04T09:00:07.340+0000] {subprocess.py:93} INFO - [0m09:00:07  Finished running 3 view models, 2 table models in 0 hours 0 minutes and 0.97 seconds (0.97s).
[2025-09-04T09:00:07.377+0000] {subprocess.py:93} INFO - [0m09:00:07
[2025-09-04T09:00:07.380+0000] {subprocess.py:93} INFO - [0m09:00:07  [32mCompleted successfully[0m
[2025-09-04T09:00:07.383+0000] {subprocess.py:93} INFO - [0m09:00:07
[2025-09-04T09:00:07.386+0000] {subprocess.py:93} INFO - [0m09:00:07  Done. PASS=5 WARN=0 ERROR=0 SKIP=0 TOTAL=5
[2025-09-04T09:00:18.090+0000] {subprocess.py:97} INFO - Command exited with return code 0
[2025-09-04T09:00:18.092+0000] {taskinstance.py:441} INFO - ::group::Post task execution logs
[2025-09-04T09:00:18.175+0000] {taskinstance.py:1206} INFO - Marking task as SUCCESS. dag_id=dbt_run_models, task_id=run_dbt_models, run_id=scheduled__2025-09-04T08:00:00+00:00, execution_date=20250904T080000, start_date=20250904T090002, end_date=20250904T090018
[2025-09-04T09:00:18.269+0000] {local_task_job_runner.py:243} INFO - Task exited with return code 0
[2025-09-04T09:00:18.343+0000] {taskinstance.py:3503} INFO - 1 downstream tasks scheduled from follow-on schedule check
[2025-09-04T09:00:18.347+0000] {local_task_job_runner.py:222} INFO - ::endgroup::
