[2025-08-28T02:46:43.282+0000] {local_task_job_runner.py:120} INFO - ::group::Pre task execution logs
[2025-08-28T02:46:43.771+0000] {taskinstance.py:2076} INFO - Dependencies all met for dep_context=non-requeueable deps ti=<TaskInstance: daily_generate_orders.generate_new_data manual__2025-08-28T02:46:41.012869+00:00 [queued]>
[2025-08-28T02:46:43.789+0000] {taskinstance.py:2076} INFO - Dependencies all met for dep_context=requeueable deps ti=<TaskInstance: daily_generate_orders.generate_new_data manual__2025-08-28T02:46:41.012869+00:00 [queued]>
[2025-08-28T02:46:43.791+0000] {taskinstance.py:2306} INFO - Starting attempt 1 of 1
[2025-08-28T02:46:43.819+0000] {taskinstance.py:2330} INFO - Executing <Task(PythonOperator): generate_new_data> on 2025-08-28 02:46:41.012869+00:00
[2025-08-28T02:46:43.831+0000] {warnings.py:112} WARNING - /home/airflow/.local/lib/python3.12/site-packages/airflow/task/task_runner/standard_task_runner.py:62: DeprecationWarning: This process (pid=1802) is multi-threaded, use of fork() may lead to deadlocks in the child.
  pid = os.fork()

[2025-08-28T02:46:43.834+0000] {standard_task_runner.py:64} INFO - Started process 1804 to run task
[2025-08-28T02:46:43.835+0000] {standard_task_runner.py:90} INFO - Running: ['airflow', 'tasks', 'run', 'daily_generate_orders', 'generate_new_data', 'manual__2025-08-28T02:46:41.012869+00:00', '--job-id', '756', '--raw', '--subdir', 'DAGS_FOLDER/generate_fake_shop_csv.py', '--cfg-path', '/tmp/tmppih4lzsn']
[2025-08-28T02:46:43.845+0000] {standard_task_runner.py:91} INFO - Job 756: Subtask generate_new_data
[2025-08-28T02:46:43.879+0000] {warnings.py:112} WARNING - /home/airflow/.local/lib/python3.12/site-packages/airflow/settings.py:195: DeprecationWarning: The sql_alchemy_conn option in [core] has been moved to the sql_alchemy_conn option in [database] - the old setting has been used, but please update your config.
  SQL_ALCHEMY_CONN = conf.get("database", "SQL_ALCHEMY_CONN")

[2025-08-28T02:46:43.914+0000] {task_command.py:426} INFO - Running <TaskInstance: daily_generate_orders.generate_new_data manual__2025-08-28T02:46:41.012869+00:00 [running]> on host b5ea13053d47
[2025-08-28T02:46:44.052+0000] {taskinstance.py:2648} INFO - Exporting env vars: AIRFLOW_CTX_DAG_OWNER='airflow' AIRFLOW_CTX_DAG_ID='daily_generate_orders' AIRFLOW_CTX_TASK_ID='generate_new_data' AIRFLOW_CTX_EXECUTION_DATE='2025-08-28T02:46:41.012869+00:00' AIRFLOW_CTX_TRY_NUMBER='1' AIRFLOW_CTX_DAG_RUN_ID='manual__2025-08-28T02:46:41.012869+00:00'
[2025-08-28T02:46:44.054+0000] {taskinstance.py:430} INFO - ::endgroup::
[2025-08-28T02:46:54.217+0000] {logging_mixin.py:188} INFO - ✅ Старые order_amount исправлены, новые заказы сгенерированы корректно.
[2025-08-28T02:46:54.219+0000] {python.py:237} INFO - Done. Returned value was: None
[2025-08-28T02:46:54.219+0000] {taskinstance.py:441} INFO - ::group::Post task execution logs
[2025-08-28T02:46:54.230+0000] {taskinstance.py:1206} INFO - Marking task as SUCCESS. dag_id=daily_generate_orders, task_id=generate_new_data, run_id=manual__2025-08-28T02:46:41.012869+00:00, execution_date=20250828T024641, start_date=20250828T024643, end_date=20250828T024654
[2025-08-28T02:46:54.298+0000] {local_task_job_runner.py:243} INFO - Task exited with return code 0
[2025-08-28T02:46:54.315+0000] {taskinstance.py:3503} INFO - 0 downstream tasks scheduled from follow-on schedule check
[2025-08-28T02:46:54.319+0000] {local_task_job_runner.py:222} INFO - ::endgroup::
