[2025-08-28T02:05:19.055+0000] {local_task_job_runner.py:120} INFO - ::group::Pre task execution logs
[2025-08-28T02:05:20.580+0000] {taskinstance.py:2076} INFO - Dependencies all met for dep_context=non-requeueable deps ti=<TaskInstance: import_csv_to_postgres.wait_for_generation manual__2025-08-28T02:05:16.476223+00:00 [queued]>
[2025-08-28T02:05:20.589+0000] {taskinstance.py:2076} INFO - Dependencies all met for dep_context=requeueable deps ti=<TaskInstance: import_csv_to_postgres.wait_for_generation manual__2025-08-28T02:05:16.476223+00:00 [queued]>
[2025-08-28T02:05:20.590+0000] {taskinstance.py:2306} INFO - Starting attempt 1 of 1
[2025-08-28T02:05:20.608+0000] {taskinstance.py:2330} INFO - Executing <Task(ExternalTaskSensor): wait_for_generation> on 2025-08-28 02:05:16.476223+00:00
[2025-08-28T02:05:20.623+0000] {warnings.py:112} WARNING - /home/airflow/.local/lib/python3.12/site-packages/airflow/task/task_runner/standard_task_runner.py:62: DeprecationWarning: This process (pid=1705) is multi-threaded, use of fork() may lead to deadlocks in the child.
  pid = os.fork()

[2025-08-28T02:05:20.626+0000] {standard_task_runner.py:64} INFO - Started process 1718 to run task
[2025-08-28T02:05:20.628+0000] {standard_task_runner.py:90} INFO - Running: ['airflow', 'tasks', 'run', 'import_csv_to_postgres', 'wait_for_generation', 'manual__2025-08-28T02:05:16.476223+00:00', '--job-id', '728', '--raw', '--subdir', 'DAGS_FOLDER/csv_to_postgres_dag.py', '--cfg-path', '/tmp/tmprrq3kq7l']
[2025-08-28T02:05:20.633+0000] {standard_task_runner.py:91} INFO - Job 728: Subtask wait_for_generation
[2025-08-28T02:05:20.658+0000] {warnings.py:112} WARNING - /home/airflow/.local/lib/python3.12/site-packages/airflow/settings.py:195: DeprecationWarning: The sql_alchemy_conn option in [core] has been moved to the sql_alchemy_conn option in [database] - the old setting has been used, but please update your config.
  SQL_ALCHEMY_CONN = conf.get("database", "SQL_ALCHEMY_CONN")

[2025-08-28T02:05:20.721+0000] {task_command.py:426} INFO - Running <TaskInstance: import_csv_to_postgres.wait_for_generation manual__2025-08-28T02:05:16.476223+00:00 [running]> on host b5ea13053d47
[2025-08-28T02:05:20.839+0000] {taskinstance.py:2648} INFO - Exporting env vars: AIRFLOW_CTX_DAG_OWNER='airflow' AIRFLOW_CTX_DAG_ID='import_csv_to_postgres' AIRFLOW_CTX_TASK_ID='wait_for_generation' AIRFLOW_CTX_EXECUTION_DATE='2025-08-28T02:05:16.476223+00:00' AIRFLOW_CTX_TRY_NUMBER='1' AIRFLOW_CTX_DAG_RUN_ID='manual__2025-08-28T02:05:16.476223+00:00'
[2025-08-28T02:05:20.840+0000] {taskinstance.py:430} INFO - ::endgroup::
[2025-08-28T02:05:20.853+0000] {baseoperator.py:400} WARNING - ExternalTaskSensor.execute cannot be called outside TaskInstance!
[2025-08-28T02:05:20.867+0000] {external_task.py:274} INFO - Poking for DAG 'daily_generate_orders' on 2025-08-28T02:05:16.476223+00:00 ... 
[2025-08-28T02:05:20.868+0000] {warnings.py:112} WARNING - /home/airflow/.local/lib/python3.12/site-packages/airflow/utils/session.py:79: DeprecationWarning: This method is deprecated and will be removed in future.
  return func(*args, session=session, **kwargs)

[2025-08-28T02:05:20.883+0000] {taskinstance.py:441} INFO - ::group::Post task execution logs
[2025-08-28T02:05:20.949+0000] {taskinstance.py:2865} INFO - Rescheduling task, marking task as UP_FOR_RESCHEDULE
[2025-08-28T02:05:20.964+0000] {local_task_job_runner.py:243} INFO - Task exited with return code 0
[2025-08-28T02:05:20.998+0000] {taskinstance.py:3503} INFO - 0 downstream tasks scheduled from follow-on schedule check
[2025-08-28T02:05:21.001+0000] {local_task_job_runner.py:222} INFO - ::endgroup::
[2025-08-28T02:06:22.489+0000] {local_task_job_runner.py:120} INFO - ::group::Pre task execution logs
[2025-08-28T02:06:22.549+0000] {taskinstance.py:2076} INFO - Dependencies all met for dep_context=non-requeueable deps ti=<TaskInstance: import_csv_to_postgres.wait_for_generation manual__2025-08-28T02:05:16.476223+00:00 [queued]>
[2025-08-28T02:06:22.563+0000] {taskinstance.py:2076} INFO - Dependencies all met for dep_context=requeueable deps ti=<TaskInstance: import_csv_to_postgres.wait_for_generation manual__2025-08-28T02:05:16.476223+00:00 [queued]>
[2025-08-28T02:06:22.563+0000] {taskinstance.py:2306} INFO - Starting attempt 1 of 1
[2025-08-28T02:06:22.593+0000] {taskinstance.py:2330} INFO - Executing <Task(ExternalTaskSensor): wait_for_generation> on 2025-08-28 02:05:16.476223+00:00
[2025-08-28T02:06:22.602+0000] {warnings.py:112} WARNING - /home/airflow/.local/lib/python3.12/site-packages/airflow/task/task_runner/standard_task_runner.py:62: DeprecationWarning: This process (pid=1730) is multi-threaded, use of fork() may lead to deadlocks in the child.
  pid = os.fork()

[2025-08-28T02:06:22.603+0000] {standard_task_runner.py:64} INFO - Started process 1732 to run task
[2025-08-28T02:06:22.607+0000] {standard_task_runner.py:90} INFO - Running: ['airflow', 'tasks', 'run', 'import_csv_to_postgres', 'wait_for_generation', 'manual__2025-08-28T02:05:16.476223+00:00', '--job-id', '732', '--raw', '--subdir', 'DAGS_FOLDER/csv_to_postgres_dag.py', '--cfg-path', '/tmp/tmpt6_opsff']
[2025-08-28T02:06:22.612+0000] {standard_task_runner.py:91} INFO - Job 732: Subtask wait_for_generation
[2025-08-28T02:06:22.638+0000] {warnings.py:112} WARNING - /home/airflow/.local/lib/python3.12/site-packages/airflow/settings.py:195: DeprecationWarning: The sql_alchemy_conn option in [core] has been moved to the sql_alchemy_conn option in [database] - the old setting has been used, but please update your config.
  SQL_ALCHEMY_CONN = conf.get("database", "SQL_ALCHEMY_CONN")

[2025-08-28T02:06:22.707+0000] {task_command.py:426} INFO - Running <TaskInstance: import_csv_to_postgres.wait_for_generation manual__2025-08-28T02:05:16.476223+00:00 [running]> on host b5ea13053d47
[2025-08-28T02:06:22.852+0000] {taskinstance.py:2648} INFO - Exporting env vars: AIRFLOW_CTX_DAG_OWNER='airflow' AIRFLOW_CTX_DAG_ID='import_csv_to_postgres' AIRFLOW_CTX_TASK_ID='wait_for_generation' AIRFLOW_CTX_EXECUTION_DATE='2025-08-28T02:05:16.476223+00:00' AIRFLOW_CTX_TRY_NUMBER='1' AIRFLOW_CTX_DAG_RUN_ID='manual__2025-08-28T02:05:16.476223+00:00'
[2025-08-28T02:06:22.855+0000] {taskinstance.py:430} INFO - ::endgroup::
[2025-08-28T02:06:22.867+0000] {baseoperator.py:400} WARNING - ExternalTaskSensor.execute cannot be called outside TaskInstance!
[2025-08-28T02:06:22.876+0000] {external_task.py:274} INFO - Poking for DAG 'daily_generate_orders' on 2025-08-28T02:05:16.476223+00:00 ... 
[2025-08-28T02:06:22.878+0000] {warnings.py:112} WARNING - /home/airflow/.local/lib/python3.12/site-packages/airflow/utils/session.py:79: DeprecationWarning: This method is deprecated and will be removed in future.
  return func(*args, session=session, **kwargs)

[2025-08-28T02:06:22.892+0000] {taskinstance.py:441} INFO - ::group::Post task execution logs
[2025-08-28T02:06:22.927+0000] {taskinstance.py:2865} INFO - Rescheduling task, marking task as UP_FOR_RESCHEDULE
[2025-08-28T02:06:22.947+0000] {local_task_job_runner.py:243} INFO - Task exited with return code 0
[2025-08-28T02:06:22.981+0000] {taskinstance.py:3503} INFO - 0 downstream tasks scheduled from follow-on schedule check
[2025-08-28T02:06:22.983+0000] {local_task_job_runner.py:222} INFO - ::endgroup::
[2025-08-28T02:07:23.877+0000] {local_task_job_runner.py:120} INFO - ::group::Pre task execution logs
[2025-08-28T02:07:23.903+0000] {taskinstance.py:2076} INFO - Dependencies all met for dep_context=non-requeueable deps ti=<TaskInstance: import_csv_to_postgres.wait_for_generation manual__2025-08-28T02:05:16.476223+00:00 [queued]>
[2025-08-28T02:07:23.911+0000] {taskinstance.py:2076} INFO - Dependencies all met for dep_context=requeueable deps ti=<TaskInstance: import_csv_to_postgres.wait_for_generation manual__2025-08-28T02:05:16.476223+00:00 [queued]>
[2025-08-28T02:07:23.911+0000] {taskinstance.py:2306} INFO - Starting attempt 1 of 1
[2025-08-28T02:07:23.928+0000] {taskinstance.py:2330} INFO - Executing <Task(ExternalTaskSensor): wait_for_generation> on 2025-08-28 02:05:16.476223+00:00
[2025-08-28T02:07:23.936+0000] {warnings.py:112} WARNING - /home/airflow/.local/lib/python3.12/site-packages/airflow/task/task_runner/standard_task_runner.py:62: DeprecationWarning: This process (pid=1739) is multi-threaded, use of fork() may lead to deadlocks in the child.
  pid = os.fork()

[2025-08-28T02:07:23.937+0000] {standard_task_runner.py:64} INFO - Started process 1741 to run task
[2025-08-28T02:07:23.939+0000] {standard_task_runner.py:90} INFO - Running: ['airflow', 'tasks', 'run', 'import_csv_to_postgres', 'wait_for_generation', 'manual__2025-08-28T02:05:16.476223+00:00', '--job-id', '735', '--raw', '--subdir', 'DAGS_FOLDER/csv_to_postgres_dag.py', '--cfg-path', '/tmp/tmpy223mpl1']
[2025-08-28T02:07:23.942+0000] {standard_task_runner.py:91} INFO - Job 735: Subtask wait_for_generation
[2025-08-28T02:07:23.958+0000] {warnings.py:112} WARNING - /home/airflow/.local/lib/python3.12/site-packages/airflow/settings.py:195: DeprecationWarning: The sql_alchemy_conn option in [core] has been moved to the sql_alchemy_conn option in [database] - the old setting has been used, but please update your config.
  SQL_ALCHEMY_CONN = conf.get("database", "SQL_ALCHEMY_CONN")

[2025-08-28T02:07:23.996+0000] {task_command.py:426} INFO - Running <TaskInstance: import_csv_to_postgres.wait_for_generation manual__2025-08-28T02:05:16.476223+00:00 [running]> on host b5ea13053d47
[2025-08-28T02:07:24.162+0000] {taskinstance.py:2648} INFO - Exporting env vars: AIRFLOW_CTX_DAG_OWNER='airflow' AIRFLOW_CTX_DAG_ID='import_csv_to_postgres' AIRFLOW_CTX_TASK_ID='wait_for_generation' AIRFLOW_CTX_EXECUTION_DATE='2025-08-28T02:05:16.476223+00:00' AIRFLOW_CTX_TRY_NUMBER='1' AIRFLOW_CTX_DAG_RUN_ID='manual__2025-08-28T02:05:16.476223+00:00'
[2025-08-28T02:07:24.163+0000] {taskinstance.py:430} INFO - ::endgroup::
[2025-08-28T02:07:24.176+0000] {baseoperator.py:400} WARNING - ExternalTaskSensor.execute cannot be called outside TaskInstance!
[2025-08-28T02:07:24.193+0000] {external_task.py:274} INFO - Poking for DAG 'daily_generate_orders' on 2025-08-28T02:05:16.476223+00:00 ... 
[2025-08-28T02:07:24.195+0000] {warnings.py:112} WARNING - /home/airflow/.local/lib/python3.12/site-packages/airflow/utils/session.py:79: DeprecationWarning: This method is deprecated and will be removed in future.
  return func(*args, session=session, **kwargs)

[2025-08-28T02:07:24.212+0000] {taskinstance.py:441} INFO - ::group::Post task execution logs
[2025-08-28T02:07:24.235+0000] {taskinstance.py:2865} INFO - Rescheduling task, marking task as UP_FOR_RESCHEDULE
[2025-08-28T02:07:24.273+0000] {local_task_job_runner.py:243} INFO - Task exited with return code 0
[2025-08-28T02:07:24.330+0000] {taskinstance.py:3503} INFO - 0 downstream tasks scheduled from follow-on schedule check
[2025-08-28T02:07:24.333+0000] {local_task_job_runner.py:222} INFO - ::endgroup::
[2025-08-28T02:08:25.553+0000] {local_task_job_runner.py:120} INFO - ::group::Pre task execution logs
[2025-08-28T02:08:25.610+0000] {taskinstance.py:2076} INFO - Dependencies all met for dep_context=non-requeueable deps ti=<TaskInstance: import_csv_to_postgres.wait_for_generation manual__2025-08-28T02:05:16.476223+00:00 [queued]>
[2025-08-28T02:08:25.627+0000] {taskinstance.py:2076} INFO - Dependencies all met for dep_context=requeueable deps ti=<TaskInstance: import_csv_to_postgres.wait_for_generation manual__2025-08-28T02:05:16.476223+00:00 [queued]>
[2025-08-28T02:08:25.627+0000] {taskinstance.py:2306} INFO - Starting attempt 1 of 1
[2025-08-28T02:08:25.643+0000] {taskinstance.py:2330} INFO - Executing <Task(ExternalTaskSensor): wait_for_generation> on 2025-08-28 02:05:16.476223+00:00
[2025-08-28T02:08:25.652+0000] {warnings.py:112} WARNING - /home/airflow/.local/lib/python3.12/site-packages/airflow/task/task_runner/standard_task_runner.py:62: DeprecationWarning: This process (pid=1748) is multi-threaded, use of fork() may lead to deadlocks in the child.
  pid = os.fork()

[2025-08-28T02:08:25.653+0000] {standard_task_runner.py:64} INFO - Started process 1750 to run task
[2025-08-28T02:08:25.653+0000] {standard_task_runner.py:90} INFO - Running: ['airflow', 'tasks', 'run', 'import_csv_to_postgres', 'wait_for_generation', 'manual__2025-08-28T02:05:16.476223+00:00', '--job-id', '738', '--raw', '--subdir', 'DAGS_FOLDER/csv_to_postgres_dag.py', '--cfg-path', '/tmp/tmpguqygvsm']
[2025-08-28T02:08:25.655+0000] {standard_task_runner.py:91} INFO - Job 738: Subtask wait_for_generation
[2025-08-28T02:08:25.672+0000] {warnings.py:112} WARNING - /home/airflow/.local/lib/python3.12/site-packages/airflow/settings.py:195: DeprecationWarning: The sql_alchemy_conn option in [core] has been moved to the sql_alchemy_conn option in [database] - the old setting has been used, but please update your config.
  SQL_ALCHEMY_CONN = conf.get("database", "SQL_ALCHEMY_CONN")

[2025-08-28T02:08:25.753+0000] {task_command.py:426} INFO - Running <TaskInstance: import_csv_to_postgres.wait_for_generation manual__2025-08-28T02:05:16.476223+00:00 [running]> on host b5ea13053d47
[2025-08-28T02:08:25.957+0000] {taskinstance.py:2648} INFO - Exporting env vars: AIRFLOW_CTX_DAG_OWNER='airflow' AIRFLOW_CTX_DAG_ID='import_csv_to_postgres' AIRFLOW_CTX_TASK_ID='wait_for_generation' AIRFLOW_CTX_EXECUTION_DATE='2025-08-28T02:05:16.476223+00:00' AIRFLOW_CTX_TRY_NUMBER='1' AIRFLOW_CTX_DAG_RUN_ID='manual__2025-08-28T02:05:16.476223+00:00'
[2025-08-28T02:08:25.959+0000] {taskinstance.py:430} INFO - ::endgroup::
[2025-08-28T02:08:25.997+0000] {baseoperator.py:400} WARNING - ExternalTaskSensor.execute cannot be called outside TaskInstance!
[2025-08-28T02:08:26.010+0000] {external_task.py:274} INFO - Poking for DAG 'daily_generate_orders' on 2025-08-28T02:05:16.476223+00:00 ... 
[2025-08-28T02:08:26.010+0000] {warnings.py:112} WARNING - /home/airflow/.local/lib/python3.12/site-packages/airflow/utils/session.py:79: DeprecationWarning: This method is deprecated and will be removed in future.
  return func(*args, session=session, **kwargs)

[2025-08-28T02:08:26.022+0000] {taskinstance.py:441} INFO - ::group::Post task execution logs
[2025-08-28T02:08:26.053+0000] {taskinstance.py:2865} INFO - Rescheduling task, marking task as UP_FOR_RESCHEDULE
[2025-08-28T02:08:26.072+0000] {local_task_job_runner.py:243} INFO - Task exited with return code 0
[2025-08-28T02:08:26.098+0000] {taskinstance.py:3503} INFO - 0 downstream tasks scheduled from follow-on schedule check
[2025-08-28T02:08:26.103+0000] {local_task_job_runner.py:222} INFO - ::endgroup::
