[2025-09-09T04:00:00.918+0000] {local_task_job_runner.py:120} INFO - ::group::Pre task execution logs
[2025-09-09T04:00:00.981+0000] {taskinstance.py:2076} INFO - Dependencies all met for dep_context=non-requeueable deps ti=<TaskInstance: dbt_run_models.run_dbt_models scheduled__2025-09-09T03:00:00+00:00 [queued]>
[2025-09-09T04:00:01.015+0000] {taskinstance.py:2076} INFO - Dependencies all met for dep_context=requeueable deps ti=<TaskInstance: dbt_run_models.run_dbt_models scheduled__2025-09-09T03:00:00+00:00 [queued]>
[2025-09-09T04:00:01.016+0000] {taskinstance.py:2306} INFO - Starting attempt 1 of 2
[2025-09-09T04:00:01.057+0000] {taskinstance.py:2330} INFO - Executing <Task(BashOperator): run_dbt_models> on 2025-09-09 03:00:00+00:00
[2025-09-09T04:00:01.068+0000] {warnings.py:112} WARNING - /home/airflow/.local/lib/python3.12/site-packages/airflow/task/task_runner/standard_task_runner.py:62: DeprecationWarning: This process (pid=2713) is multi-threaded, use of fork() may lead to deadlocks in the child.
  pid = os.fork()

[2025-09-09T04:00:01.070+0000] {standard_task_runner.py:64} INFO - Started process 2714 to run task
[2025-09-09T04:00:01.074+0000] {standard_task_runner.py:90} INFO - Running: ['airflow', 'tasks', 'run', 'dbt_run_models', 'run_dbt_models', 'scheduled__2025-09-09T03:00:00+00:00', '--job-id', '1262', '--raw', '--subdir', 'DAGS_FOLDER/dbt_dag.py', '--cfg-path', '/tmp/tmp49kzc6vp']
[2025-09-09T04:00:01.076+0000] {standard_task_runner.py:91} INFO - Job 1262: Subtask run_dbt_models
[2025-09-09T04:00:01.099+0000] {warnings.py:112} WARNING - /home/airflow/.local/lib/python3.12/site-packages/airflow/settings.py:195: DeprecationWarning: The sql_alchemy_conn option in [core] has been moved to the sql_alchemy_conn option in [database] - the old setting has been used, but please update your config.
  SQL_ALCHEMY_CONN = conf.get("database", "SQL_ALCHEMY_CONN")

[2025-09-09T04:00:01.161+0000] {task_command.py:426} INFO - Running <TaskInstance: dbt_run_models.run_dbt_models scheduled__2025-09-09T03:00:00+00:00 [running]> on host b5ea13053d47
[2025-09-09T04:00:01.417+0000] {taskinstance.py:2648} INFO - Exporting env vars: AIRFLOW_CTX_DAG_OWNER='airflow' AIRFLOW_CTX_DAG_ID='dbt_run_models' AIRFLOW_CTX_TASK_ID='run_dbt_models' AIRFLOW_CTX_EXECUTION_DATE='2025-09-09T03:00:00+00:00' AIRFLOW_CTX_TRY_NUMBER='1' AIRFLOW_CTX_DAG_RUN_ID='scheduled__2025-09-09T03:00:00+00:00'
[2025-09-09T04:00:01.418+0000] {taskinstance.py:430} INFO - ::endgroup::
[2025-09-09T04:00:01.439+0000] {subprocess.py:63} INFO - Tmp dir root location: /tmp
[2025-09-09T04:00:01.439+0000] {subprocess.py:75} INFO - Running command: ['/usr/bin/bash', '-c', '\n        cd /usr/app &&         dbt run --profiles-dir /usr/app\n        ']
[2025-09-09T04:00:01.452+0000] {subprocess.py:86} INFO - Output:
[2025-09-09T04:00:04.822+0000] {subprocess.py:93} INFO - [0m04:00:04  Running with dbt=1.7.9
[2025-09-09T04:00:05.198+0000] {subprocess.py:93} INFO - [0m04:00:05  Registered adapter: postgres=1.7.9
[2025-09-09T04:00:05.244+0000] {subprocess.py:93} INFO - [0m04:00:05  [[33mWARNING[0m]: Configuration paths exist in your dbt_project.yml file which do not apply to any resources.
[2025-09-09T04:00:05.245+0000] {subprocess.py:93} INFO - There are 1 unused configuration paths:
[2025-09-09T04:00:05.245+0000] {subprocess.py:93} INFO - - models.my_project.sources
[2025-09-09T04:00:05.270+0000] {subprocess.py:93} INFO - [0m04:00:05  Found 8 models, 7 sources, 0 exposures, 0 metrics, 401 macros, 0 groups, 0 semantic models
[2025-09-09T04:00:05.274+0000] {subprocess.py:93} INFO - [0m04:00:05
[2025-09-09T04:00:05.539+0000] {subprocess.py:93} INFO - [0m04:00:05  Concurrency: 4 threads (target='dev')
[2025-09-09T04:00:05.541+0000] {subprocess.py:93} INFO - [0m04:00:05
[2025-09-09T04:00:05.564+0000] {subprocess.py:93} INFO - [0m04:00:05  1 of 8 START sql view model analytics.stg_AOV .................................. [RUN]
[2025-09-09T04:00:05.567+0000] {subprocess.py:93} INFO - [0m04:00:05  2 of 8 START sql view model analytics.stg_order_count_year ..................... [RUN]
[2025-09-09T04:00:05.570+0000] {subprocess.py:93} INFO - [0m04:00:05  3 of 8 START sql view model analytics.stg_order_details ........................ [RUN]
[2025-09-09T04:00:05.571+0000] {subprocess.py:93} INFO - [0m04:00:05  4 of 8 START sql view model analytics.stg_orders ............................... [RUN]
[2025-09-09T04:00:06.392+0000] {subprocess.py:93} INFO - [0m04:00:06  1 of 8 OK created sql view model analytics.stg_AOV ............................. [[32mCREATE VIEW[0m in 0.81s]
[2025-09-09T04:00:06.394+0000] {subprocess.py:93} INFO - [0m04:00:06  4 of 8 OK created sql view model analytics.stg_orders .......................... [[32mCREATE VIEW[0m in 0.81s]
[2025-09-09T04:00:06.408+0000] {subprocess.py:93} INFO - [0m04:00:06  2 of 8 OK created sql view model analytics.stg_order_count_year ................ [[32mCREATE VIEW[0m in 0.82s]
[2025-09-09T04:00:06.410+0000] {subprocess.py:93} INFO - [0m04:00:06  5 of 8 START sql table model analytics.AOV_chek ................................ [RUN]
[2025-09-09T04:00:06.436+0000] {subprocess.py:93} INFO - [0m04:00:06  3 of 8 OK created sql view model analytics.stg_order_details ................... [[32mCREATE VIEW[0m in 0.85s]
[2025-09-09T04:00:06.438+0000] {subprocess.py:93} INFO - [0m04:00:06  6 of 8 START sql table model analytics.order_count_year ........................ [RUN]
[2025-09-09T04:00:06.440+0000] {subprocess.py:93} INFO - [0m04:00:06  7 of 8 START sql table model analytics.order_count_year+month_diff ............. [RUN]
[2025-09-09T04:00:06.450+0000] {subprocess.py:93} INFO - [0m04:00:06  8 of 8 START sql table model analytics.orders_summary .......................... [RUN]
[2025-09-09T04:00:06.892+0000] {subprocess.py:93} INFO - [0m04:00:06  7 of 8 OK created sql table model analytics.order_count_year+month_diff ........ [[32mSELECT 28[0m in 0.44s]
[2025-09-09T04:00:06.893+0000] {subprocess.py:93} INFO - [0m04:00:06  5 of 8 OK created sql table model analytics.AOV_chek ........................... [[32mSELECT 50[0m in 0.47s]
[2025-09-09T04:00:06.924+0000] {subprocess.py:93} INFO - [0m04:00:06  6 of 8 OK created sql table model analytics.order_count_year ................... [[32mSELECT 4[0m in 0.47s]
[2025-09-09T04:00:06.938+0000] {subprocess.py:93} INFO - [0m04:00:06  8 of 8 OK created sql table model analytics.orders_summary ..................... [[32mSELECT 10000[0m in 0.46s]
[2025-09-09T04:00:06.959+0000] {subprocess.py:93} INFO - [0m04:00:06
[2025-09-09T04:00:06.960+0000] {subprocess.py:93} INFO - [0m04:00:06  Finished running 4 view models, 4 table models in 0 hours 0 minutes and 1.68 seconds (1.68s).
[2025-09-09T04:00:06.977+0000] {subprocess.py:93} INFO - [0m04:00:06
[2025-09-09T04:00:06.977+0000] {subprocess.py:93} INFO - [0m04:00:06  [32mCompleted successfully[0m
[2025-09-09T04:00:06.978+0000] {subprocess.py:93} INFO - [0m04:00:06
[2025-09-09T04:00:06.979+0000] {subprocess.py:93} INFO - [0m04:00:06  Done. PASS=8 WARN=0 ERROR=0 SKIP=0 TOTAL=8
[2025-09-09T04:00:17.518+0000] {subprocess.py:97} INFO - Command exited with return code 0
[2025-09-09T04:00:17.519+0000] {taskinstance.py:441} INFO - ::group::Post task execution logs
[2025-09-09T04:00:17.588+0000] {taskinstance.py:1206} INFO - Marking task as SUCCESS. dag_id=dbt_run_models, task_id=run_dbt_models, run_id=scheduled__2025-09-09T03:00:00+00:00, execution_date=20250909T030000, start_date=20250909T040000, end_date=20250909T040017
[2025-09-09T04:00:17.630+0000] {local_task_job_runner.py:243} INFO - Task exited with return code 0
[2025-09-09T04:00:17.680+0000] {taskinstance.py:3503} INFO - 1 downstream tasks scheduled from follow-on schedule check
[2025-09-09T04:00:17.684+0000] {local_task_job_runner.py:222} INFO - ::endgroup::
