[2025-08-25T15:43:00.041+0000] {local_task_job_runner.py:120} INFO - ::group::Pre task execution logs
[2025-08-25T15:43:00.087+0000] {taskinstance.py:2076} INFO - Dependencies all met for dep_context=non-requeueable deps ti=<TaskInstance: daily_generate_orders.load_csv_to_postgres manual__2025-08-25T15:42:38.723714+00:00 [queued]>
[2025-08-25T15:43:00.095+0000] {taskinstance.py:2076} INFO - Dependencies all met for dep_context=requeueable deps ti=<TaskInstance: daily_generate_orders.load_csv_to_postgres manual__2025-08-25T15:42:38.723714+00:00 [queued]>
[2025-08-25T15:43:00.096+0000] {taskinstance.py:2306} INFO - Starting attempt 1 of 1
[2025-08-25T15:43:00.111+0000] {taskinstance.py:2330} INFO - Executing <Task(PythonOperator): load_csv_to_postgres> on 2025-08-25 15:42:38.723714+00:00
[2025-08-25T15:43:00.120+0000] {warnings.py:112} WARNING - /home/airflow/.local/lib/python3.12/site-packages/airflow/task/task_runner/standard_task_runner.py:62: DeprecationWarning: This process (pid=838) is multi-threaded, use of fork() may lead to deadlocks in the child.
  pid = os.fork()

[2025-08-25T15:43:00.121+0000] {standard_task_runner.py:64} INFO - Started process 840 to run task
[2025-08-25T15:43:00.125+0000] {standard_task_runner.py:90} INFO - Running: ['airflow', 'tasks', 'run', 'daily_generate_orders', 'load_csv_to_postgres', 'manual__2025-08-25T15:42:38.723714+00:00', '--job-id', '535', '--raw', '--subdir', 'DAGS_FOLDER/generate_fake_shop_csv.py', '--cfg-path', '/tmp/tmpwieiurru']
[2025-08-25T15:43:00.127+0000] {standard_task_runner.py:91} INFO - Job 535: Subtask load_csv_to_postgres
[2025-08-25T15:43:00.142+0000] {warnings.py:112} WARNING - /home/airflow/.local/lib/python3.12/site-packages/airflow/settings.py:195: DeprecationWarning: The sql_alchemy_conn option in [core] has been moved to the sql_alchemy_conn option in [database] - the old setting has been used, but please update your config.
  SQL_ALCHEMY_CONN = conf.get("database", "SQL_ALCHEMY_CONN")

[2025-08-25T15:43:00.228+0000] {task_command.py:426} INFO - Running <TaskInstance: daily_generate_orders.load_csv_to_postgres manual__2025-08-25T15:42:38.723714+00:00 [running]> on host b5ea13053d47
[2025-08-25T15:43:00.362+0000] {taskinstance.py:2648} INFO - Exporting env vars: AIRFLOW_CTX_DAG_OWNER='airflow' AIRFLOW_CTX_DAG_ID='daily_generate_orders' AIRFLOW_CTX_TASK_ID='load_csv_to_postgres' AIRFLOW_CTX_EXECUTION_DATE='2025-08-25T15:42:38.723714+00:00' AIRFLOW_CTX_TRY_NUMBER='1' AIRFLOW_CTX_DAG_RUN_ID='manual__2025-08-25T15:42:38.723714+00:00'
[2025-08-25T15:43:00.363+0000] {taskinstance.py:430} INFO - ::endgroup::
[2025-08-25T15:43:00.406+0000] {base.py:84} INFO - Using connection ID 'postgres_conn' for task execution.
[2025-08-25T15:43:11.138+0000] {logging_mixin.py:188} INFO - ⚠ Нет новых данных для shipments
[2025-08-25T15:43:20.586+0000] {logging_mixin.py:188} INFO - ⚠ Нет новых данных для customers
[2025-08-25T15:43:29.354+0000] {logging_mixin.py:188} INFO - ✅ Загружено 2 новых строк в таблицу orders
[2025-08-25T15:43:30.535+0000] {logging_mixin.py:188} INFO - ⚠ Нет новых данных для products
[2025-08-25T15:43:41.121+0000] {local_task_job_runner.py:243} INFO - Task exited with return code -9For more information, see https://airflow.apache.org/docs/apache-airflow/stable/troubleshooting.html#LocalTaskJob-killed
[2025-08-25T15:43:41.453+0000] {taskinstance.py:3503} INFO - 0 downstream tasks scheduled from follow-on schedule check
[2025-08-25T15:43:41.460+0000] {local_task_job_runner.py:222} INFO - ::endgroup::
