[2025-09-06T02:00:01.951+0000] {local_task_job_runner.py:120} INFO - ::group::Pre task execution logs
[2025-09-06T02:00:02.001+0000] {taskinstance.py:2076} INFO - Dependencies all met for dep_context=non-requeueable deps ti=<TaskInstance: dbt_run_models.run_dbt_models scheduled__2025-09-06T01:00:00+00:00 [queued]>
[2025-09-06T02:00:02.018+0000] {taskinstance.py:2076} INFO - Dependencies all met for dep_context=requeueable deps ti=<TaskInstance: dbt_run_models.run_dbt_models scheduled__2025-09-06T01:00:00+00:00 [queued]>
[2025-09-06T02:00:02.019+0000] {taskinstance.py:2306} INFO - Starting attempt 1 of 2
[2025-09-06T02:00:02.044+0000] {taskinstance.py:2330} INFO - Executing <Task(BashOperator): run_dbt_models> on 2025-09-06 01:00:00+00:00
[2025-09-06T02:00:02.051+0000] {warnings.py:112} WARNING - /home/airflow/.local/lib/python3.12/site-packages/airflow/task/task_runner/standard_task_runner.py:62: DeprecationWarning: This process (pid=1240) is multi-threaded, use of fork() may lead to deadlocks in the child.
  pid = os.fork()

[2025-09-06T02:00:02.052+0000] {standard_task_runner.py:64} INFO - Started process 1241 to run task
[2025-09-06T02:00:02.057+0000] {standard_task_runner.py:90} INFO - Running: ['airflow', 'tasks', 'run', 'dbt_run_models', 'run_dbt_models', 'scheduled__2025-09-06T01:00:00+00:00', '--job-id', '1093', '--raw', '--subdir', 'DAGS_FOLDER/dbt_dag.py', '--cfg-path', '/tmp/tmpvp1j1wf4']
[2025-09-06T02:00:02.059+0000] {standard_task_runner.py:91} INFO - Job 1093: Subtask run_dbt_models
[2025-09-06T02:00:02.084+0000] {warnings.py:112} WARNING - /home/airflow/.local/lib/python3.12/site-packages/airflow/settings.py:195: DeprecationWarning: The sql_alchemy_conn option in [core] has been moved to the sql_alchemy_conn option in [database] - the old setting has been used, but please update your config.
  SQL_ALCHEMY_CONN = conf.get("database", "SQL_ALCHEMY_CONN")

[2025-09-06T02:00:02.160+0000] {task_command.py:426} INFO - Running <TaskInstance: dbt_run_models.run_dbt_models scheduled__2025-09-06T01:00:00+00:00 [running]> on host b5ea13053d47
[2025-09-06T02:00:02.401+0000] {taskinstance.py:2648} INFO - Exporting env vars: AIRFLOW_CTX_DAG_OWNER='airflow' AIRFLOW_CTX_DAG_ID='dbt_run_models' AIRFLOW_CTX_TASK_ID='run_dbt_models' AIRFLOW_CTX_EXECUTION_DATE='2025-09-06T01:00:00+00:00' AIRFLOW_CTX_TRY_NUMBER='1' AIRFLOW_CTX_DAG_RUN_ID='scheduled__2025-09-06T01:00:00+00:00'
[2025-09-06T02:00:02.402+0000] {taskinstance.py:430} INFO - ::endgroup::
[2025-09-06T02:00:02.422+0000] {subprocess.py:63} INFO - Tmp dir root location: /tmp
[2025-09-06T02:00:02.423+0000] {subprocess.py:75} INFO - Running command: ['/usr/bin/bash', '-c', '\n        cd /usr/app &&         dbt run --profiles-dir /usr/app\n        ']
[2025-09-06T02:00:02.442+0000] {subprocess.py:86} INFO - Output:
[2025-09-06T02:00:07.068+0000] {subprocess.py:93} INFO - [0m02:00:07  Running with dbt=1.7.9
[2025-09-06T02:00:07.948+0000] {subprocess.py:93} INFO - [0m02:00:07  Registered adapter: postgres=1.7.9
[2025-09-06T02:00:08.026+0000] {subprocess.py:93} INFO - [0m02:00:08  [[33mWARNING[0m]: Configuration paths exist in your dbt_project.yml file which do not apply to any resources.
[2025-09-06T02:00:08.026+0000] {subprocess.py:93} INFO - There are 1 unused configuration paths:
[2025-09-06T02:00:08.027+0000] {subprocess.py:93} INFO - - models.my_project.sources
[2025-09-06T02:00:08.065+0000] {subprocess.py:93} INFO - [0m02:00:08  Found 7 models, 7 sources, 0 exposures, 0 metrics, 401 macros, 0 groups, 0 semantic models
[2025-09-06T02:00:08.070+0000] {subprocess.py:93} INFO - [0m02:00:08
[2025-09-06T02:00:08.407+0000] {subprocess.py:93} INFO - [0m02:00:08  Concurrency: 4 threads (target='dev')
[2025-09-06T02:00:08.410+0000] {subprocess.py:93} INFO - [0m02:00:08
[2025-09-06T02:00:08.456+0000] {subprocess.py:93} INFO - [0m02:00:08  1 of 7 START sql view model analytics.stg_AOV .................................. [RUN]
[2025-09-06T02:00:08.459+0000] {subprocess.py:93} INFO - [0m02:00:08  2 of 7 START sql view model analytics.stg_order_count_year ..................... [RUN]
[2025-09-06T02:00:08.462+0000] {subprocess.py:93} INFO - [0m02:00:08  3 of 7 START sql view model analytics.stg_order_details ........................ [RUN]
[2025-09-06T02:00:08.464+0000] {subprocess.py:93} INFO - [0m02:00:08  4 of 7 START sql view model analytics.stg_orders ............................... [RUN]
[2025-09-06T02:00:09.336+0000] {subprocess.py:93} INFO - [0m02:00:09  3 of 7 OK created sql view model analytics.stg_order_details ................... [[32mCREATE VIEW[0m in 0.86s]
[2025-09-06T02:00:09.343+0000] {subprocess.py:93} INFO - [0m02:00:09  2 of 7 OK created sql view model analytics.stg_order_count_year ................ [[32mCREATE VIEW[0m in 0.86s]
[2025-09-06T02:00:09.348+0000] {subprocess.py:93} INFO - [0m02:00:09  4 of 7 OK created sql view model analytics.stg_orders .......................... [[32mCREATE VIEW[0m in 0.88s]
[2025-09-06T02:00:09.351+0000] {subprocess.py:93} INFO - [0m02:00:09  1 of 7 OK created sql view model analytics.stg_AOV ............................. [[32mCREATE VIEW[0m in 0.86s]
[2025-09-06T02:00:09.364+0000] {subprocess.py:93} INFO - [0m02:00:09  5 of 7 START sql table model analytics.order_count_year ........................ [RUN]
[2025-09-06T02:00:09.369+0000] {subprocess.py:93} INFO - [0m02:00:09  6 of 7 START sql table model analytics.orders_summary .......................... [RUN]
[2025-09-06T02:00:09.369+0000] {subprocess.py:93} INFO - [0m02:00:09  7 of 7 START sql table model analytics.AOV_chek ................................ [RUN]
[2025-09-06T02:00:09.896+0000] {subprocess.py:93} INFO - [0m02:00:09  7 of 7 OK created sql table model analytics.AOV_chek ........................... [[32mSELECT 50[0m in 0.51s]
[2025-09-06T02:00:09.902+0000] {subprocess.py:93} INFO - [0m02:00:09  5 of 7 OK created sql table model analytics.order_count_year ................... [[32mSELECT 3[0m in 0.52s]
[2025-09-06T02:00:09.926+0000] {subprocess.py:93} INFO - [0m02:00:09  6 of 7 OK created sql table model analytics.orders_summary ..................... [[32mSELECT 10000[0m in 0.55s]
[2025-09-06T02:00:09.975+0000] {subprocess.py:93} INFO - [0m02:00:09
[2025-09-06T02:00:09.976+0000] {subprocess.py:93} INFO - [0m02:00:09  Finished running 4 view models, 3 table models in 0 hours 0 minutes and 1.90 seconds (1.90s).
[2025-09-06T02:00:10.007+0000] {subprocess.py:93} INFO - [0m02:00:10
[2025-09-06T02:00:10.008+0000] {subprocess.py:93} INFO - [0m02:00:10  [32mCompleted successfully[0m
[2025-09-06T02:00:10.009+0000] {subprocess.py:93} INFO - [0m02:00:10
[2025-09-06T02:00:10.010+0000] {subprocess.py:93} INFO - [0m02:00:10  Done. PASS=7 WARN=0 ERROR=0 SKIP=0 TOTAL=7
[2025-09-06T02:00:20.403+0000] {subprocess.py:97} INFO - Command exited with return code 0
[2025-09-06T02:00:20.404+0000] {taskinstance.py:441} INFO - ::group::Post task execution logs
[2025-09-06T02:00:20.458+0000] {taskinstance.py:1206} INFO - Marking task as SUCCESS. dag_id=dbt_run_models, task_id=run_dbt_models, run_id=scheduled__2025-09-06T01:00:00+00:00, execution_date=20250906T010000, start_date=20250906T020002, end_date=20250906T020020
[2025-09-06T02:00:20.521+0000] {local_task_job_runner.py:243} INFO - Task exited with return code 0
[2025-09-06T02:00:20.559+0000] {taskinstance.py:3503} INFO - 0 downstream tasks scheduled from follow-on schedule check
[2025-09-06T02:00:20.562+0000] {local_task_job_runner.py:222} INFO - ::endgroup::
