[2025-09-05T20:00:01.299+0000] {local_task_job_runner.py:120} INFO - ::group::Pre task execution logs
[2025-09-05T20:00:01.370+0000] {taskinstance.py:2076} INFO - Dependencies all met for dep_context=non-requeueable deps ti=<TaskInstance: dbt_run_models.run_dbt_models scheduled__2025-09-05T19:00:00+00:00 [queued]>
[2025-09-05T20:00:01.394+0000] {taskinstance.py:2076} INFO - Dependencies all met for dep_context=requeueable deps ti=<TaskInstance: dbt_run_models.run_dbt_models scheduled__2025-09-05T19:00:00+00:00 [queued]>
[2025-09-05T20:00:01.395+0000] {taskinstance.py:2306} INFO - Starting attempt 1 of 2
[2025-09-05T20:00:01.446+0000] {taskinstance.py:2330} INFO - Executing <Task(BashOperator): run_dbt_models> on 2025-09-05 19:00:00+00:00
[2025-09-05T20:00:01.458+0000] {warnings.py:112} WARNING - /home/airflow/.local/lib/python3.12/site-packages/airflow/task/task_runner/standard_task_runner.py:62: DeprecationWarning: This process (pid=1120) is multi-threaded, use of fork() may lead to deadlocks in the child.
  pid = os.fork()

[2025-09-05T20:00:01.460+0000] {standard_task_runner.py:64} INFO - Started process 1121 to run task
[2025-09-05T20:00:01.463+0000] {standard_task_runner.py:90} INFO - Running: ['airflow', 'tasks', 'run', 'dbt_run_models', 'run_dbt_models', 'scheduled__2025-09-05T19:00:00+00:00', '--job-id', '1079', '--raw', '--subdir', 'DAGS_FOLDER/dbt_dag.py', '--cfg-path', '/tmp/tmp71bixqcf']
[2025-09-05T20:00:01.465+0000] {standard_task_runner.py:91} INFO - Job 1079: Subtask run_dbt_models
[2025-09-05T20:00:01.497+0000] {warnings.py:112} WARNING - /home/airflow/.local/lib/python3.12/site-packages/airflow/settings.py:195: DeprecationWarning: The sql_alchemy_conn option in [core] has been moved to the sql_alchemy_conn option in [database] - the old setting has been used, but please update your config.
  SQL_ALCHEMY_CONN = conf.get("database", "SQL_ALCHEMY_CONN")

[2025-09-05T20:00:01.581+0000] {task_command.py:426} INFO - Running <TaskInstance: dbt_run_models.run_dbt_models scheduled__2025-09-05T19:00:00+00:00 [running]> on host b5ea13053d47
[2025-09-05T20:00:01.811+0000] {taskinstance.py:2648} INFO - Exporting env vars: AIRFLOW_CTX_DAG_OWNER='airflow' AIRFLOW_CTX_DAG_ID='dbt_run_models' AIRFLOW_CTX_TASK_ID='run_dbt_models' AIRFLOW_CTX_EXECUTION_DATE='2025-09-05T19:00:00+00:00' AIRFLOW_CTX_TRY_NUMBER='1' AIRFLOW_CTX_DAG_RUN_ID='scheduled__2025-09-05T19:00:00+00:00'
[2025-09-05T20:00:01.811+0000] {taskinstance.py:430} INFO - ::endgroup::
[2025-09-05T20:00:01.834+0000] {subprocess.py:63} INFO - Tmp dir root location: /tmp
[2025-09-05T20:00:01.835+0000] {subprocess.py:75} INFO - Running command: ['/usr/bin/bash', '-c', '\n        cd /usr/app &&         dbt run --profiles-dir /usr/app\n        ']
[2025-09-05T20:00:01.858+0000] {subprocess.py:86} INFO - Output:
[2025-09-05T20:00:06.038+0000] {subprocess.py:93} INFO - [0m20:00:06  Running with dbt=1.7.9
[2025-09-05T20:00:06.439+0000] {subprocess.py:93} INFO - [0m20:00:06  Registered adapter: postgres=1.7.9
[2025-09-05T20:00:06.487+0000] {subprocess.py:93} INFO - [0m20:00:06  [[33mWARNING[0m]: Configuration paths exist in your dbt_project.yml file which do not apply to any resources.
[2025-09-05T20:00:06.487+0000] {subprocess.py:93} INFO - There are 1 unused configuration paths:
[2025-09-05T20:00:06.487+0000] {subprocess.py:93} INFO - - models.my_project.sources
[2025-09-05T20:00:06.512+0000] {subprocess.py:93} INFO - [0m20:00:06  Found 7 models, 7 sources, 0 exposures, 0 metrics, 401 macros, 0 groups, 0 semantic models
[2025-09-05T20:00:06.517+0000] {subprocess.py:93} INFO - [0m20:00:06
[2025-09-05T20:00:06.746+0000] {subprocess.py:93} INFO - [0m20:00:06  Concurrency: 4 threads (target='dev')
[2025-09-05T20:00:06.749+0000] {subprocess.py:93} INFO - [0m20:00:06
[2025-09-05T20:00:06.770+0000] {subprocess.py:93} INFO - [0m20:00:06  1 of 7 START sql view model analytics.stg_AOV .................................. [RUN]
[2025-09-05T20:00:06.773+0000] {subprocess.py:93} INFO - [0m20:00:06  2 of 7 START sql view model analytics.stg_order_count_year ..................... [RUN]
[2025-09-05T20:00:06.775+0000] {subprocess.py:93} INFO - [0m20:00:06  3 of 7 START sql view model analytics.stg_order_details ........................ [RUN]
[2025-09-05T20:00:06.780+0000] {subprocess.py:93} INFO - [0m20:00:06  4 of 7 START sql view model analytics.stg_orders ............................... [RUN]
[2025-09-05T20:00:07.492+0000] {subprocess.py:93} INFO - [0m20:00:07  4 of 7 OK created sql view model analytics.stg_orders .......................... [[32mCREATE VIEW[0m in 0.71s]
[2025-09-05T20:00:07.493+0000] {subprocess.py:93} INFO - [0m20:00:07  1 of 7 OK created sql view model analytics.stg_AOV ............................. [[32mCREATE VIEW[0m in 0.71s]
[2025-09-05T20:00:07.503+0000] {subprocess.py:93} INFO - [0m20:00:07  5 of 7 START sql table model analytics.AOV_chek ................................ [RUN]
[2025-09-05T20:00:07.510+0000] {subprocess.py:93} INFO - [0m20:00:07  2 of 7 OK created sql view model analytics.stg_order_count_year ................ [[32mCREATE VIEW[0m in 0.71s]
[2025-09-05T20:00:07.546+0000] {subprocess.py:93} INFO - [0m20:00:07  6 of 7 START sql table model analytics.order_count_year ........................ [RUN]
[2025-09-05T20:00:07.552+0000] {subprocess.py:93} INFO - [0m20:00:07  3 of 7 OK created sql view model analytics.stg_order_details ................... [[32mCREATE VIEW[0m in 0.76s]
[2025-09-05T20:00:07.646+0000] {subprocess.py:93} INFO - [0m20:00:07  7 of 7 START sql table model analytics.orders_summary .......................... [RUN]
[2025-09-05T20:00:07.772+0000] {subprocess.py:93} INFO - [0m20:00:07  5 of 7 OK created sql table model analytics.AOV_chek ........................... [[32mSELECT 50[0m in 0.26s]
[2025-09-05T20:00:07.915+0000] {subprocess.py:93} INFO - [0m20:00:07  6 of 7 OK created sql table model analytics.order_count_year ................... [[32mSELECT 3[0m in 0.35s]
[2025-09-05T20:00:07.935+0000] {subprocess.py:93} INFO - [0m20:00:07  7 of 7 OK created sql table model analytics.orders_summary ..................... [[32mSELECT 10000[0m in 0.28s]
[2025-09-05T20:00:07.978+0000] {subprocess.py:93} INFO - [0m20:00:07
[2025-09-05T20:00:07.980+0000] {subprocess.py:93} INFO - [0m20:00:07  Finished running 4 view models, 3 table models in 0 hours 0 minutes and 1.46 seconds (1.46s).
[2025-09-05T20:00:08.018+0000] {subprocess.py:93} INFO - [0m20:00:08
[2025-09-05T20:00:08.021+0000] {subprocess.py:93} INFO - [0m20:00:08  [32mCompleted successfully[0m
[2025-09-05T20:00:08.022+0000] {subprocess.py:93} INFO - [0m20:00:08
[2025-09-05T20:00:08.024+0000] {subprocess.py:93} INFO - [0m20:00:08  Done. PASS=7 WARN=0 ERROR=0 SKIP=0 TOTAL=7
[2025-09-05T20:00:18.728+0000] {subprocess.py:97} INFO - Command exited with return code 0
[2025-09-05T20:00:18.730+0000] {taskinstance.py:441} INFO - ::group::Post task execution logs
[2025-09-05T20:00:18.832+0000] {taskinstance.py:1206} INFO - Marking task as SUCCESS. dag_id=dbt_run_models, task_id=run_dbt_models, run_id=scheduled__2025-09-05T19:00:00+00:00, execution_date=20250905T190000, start_date=20250905T200001, end_date=20250905T200018
[2025-09-05T20:00:18.911+0000] {local_task_job_runner.py:243} INFO - Task exited with return code 0
[2025-09-05T20:00:18.958+0000] {local_task_job_runner.py:222} INFO - ::endgroup::
