[2025-08-26T03:00:06.607+0000] {local_task_job_runner.py:120} INFO - ::group::Pre task execution logs
[2025-08-26T03:00:06.638+0000] {taskinstance.py:2076} INFO - Dependencies all met for dep_context=non-requeueable deps ti=<TaskInstance: daily_generate_orders.load_csv_to_postgres scheduled__2025-08-26T02:00:00+00:00 [queued]>
[2025-08-26T03:00:06.647+0000] {taskinstance.py:2076} INFO - Dependencies all met for dep_context=requeueable deps ti=<TaskInstance: daily_generate_orders.load_csv_to_postgres scheduled__2025-08-26T02:00:00+00:00 [queued]>
[2025-08-26T03:00:06.647+0000] {taskinstance.py:2306} INFO - Starting attempt 1 of 1
[2025-08-26T03:00:06.677+0000] {taskinstance.py:2330} INFO - Executing <Task(PythonOperator): load_csv_to_postgres> on 2025-08-26 02:00:00+00:00
[2025-08-26T03:00:06.694+0000] {warnings.py:112} WARNING - /home/airflow/.local/lib/python3.12/site-packages/airflow/task/task_runner/standard_task_runner.py:62: DeprecationWarning: This process (pid=943) is multi-threaded, use of fork() may lead to deadlocks in the child.
  pid = os.fork()

[2025-08-26T03:00:06.695+0000] {standard_task_runner.py:64} INFO - Started process 946 to run task
[2025-08-26T03:00:06.697+0000] {standard_task_runner.py:90} INFO - Running: ['airflow', 'tasks', 'run', 'daily_generate_orders', 'load_csv_to_postgres', 'scheduled__2025-08-26T02:00:00+00:00', '--job-id', '565', '--raw', '--subdir', 'DAGS_FOLDER/generate_fake_shop_csv.py', '--cfg-path', '/tmp/tmp_8gobajd']
[2025-08-26T03:00:06.699+0000] {standard_task_runner.py:91} INFO - Job 565: Subtask load_csv_to_postgres
[2025-08-26T03:00:06.713+0000] {warnings.py:112} WARNING - /home/airflow/.local/lib/python3.12/site-packages/airflow/settings.py:195: DeprecationWarning: The sql_alchemy_conn option in [core] has been moved to the sql_alchemy_conn option in [database] - the old setting has been used, but please update your config.
  SQL_ALCHEMY_CONN = conf.get("database", "SQL_ALCHEMY_CONN")

[2025-08-26T03:00:06.748+0000] {task_command.py:426} INFO - Running <TaskInstance: daily_generate_orders.load_csv_to_postgres scheduled__2025-08-26T02:00:00+00:00 [running]> on host b5ea13053d47
[2025-08-26T03:00:06.866+0000] {taskinstance.py:2648} INFO - Exporting env vars: AIRFLOW_CTX_DAG_OWNER='airflow' AIRFLOW_CTX_DAG_ID='daily_generate_orders' AIRFLOW_CTX_TASK_ID='load_csv_to_postgres' AIRFLOW_CTX_EXECUTION_DATE='2025-08-26T02:00:00+00:00' AIRFLOW_CTX_TRY_NUMBER='1' AIRFLOW_CTX_DAG_RUN_ID='scheduled__2025-08-26T02:00:00+00:00'
[2025-08-26T03:00:06.867+0000] {taskinstance.py:430} INFO - ::endgroup::
[2025-08-26T03:00:06.895+0000] {base.py:84} INFO - Using connection ID 'postgres_conn' for task execution.
[2025-08-26T03:00:08.100+0000] {logging_mixin.py:188} INFO - ✅ Загружено 15000 строк в таблицу shipments
[2025-08-26T03:00:08.112+0000] {logging_mixin.py:188} INFO - ✅ Загружено 200 новых строк в таблицу shipments
[2025-08-26T03:00:08.133+0000] {logging_mixin.py:188} INFO - ✅ Загружено 200 новых строк в таблицу shipments
[2025-08-26T03:00:08.152+0000] {logging_mixin.py:188} INFO - ✅ Загружено 200 новых строк в таблицу shipments
[2025-08-26T03:00:08.177+0000] {logging_mixin.py:188} INFO - ✅ Загружено 200 новых строк в таблицу shipments
[2025-08-26T03:00:08.198+0000] {logging_mixin.py:188} INFO - ✅ Загружено 200 новых строк в таблицу shipments
[2025-08-26T03:00:08.218+0000] {logging_mixin.py:188} INFO - ✅ Загружено 200 новых строк в таблицу shipments
[2025-08-26T03:00:08.248+0000] {logging_mixin.py:188} INFO - ✅ Загружено 200 новых строк в таблицу shipments
[2025-08-26T03:00:09.069+0000] {logging_mixin.py:188} INFO - ✅ Загружено 10000 строк в таблицу customers
[2025-08-26T03:00:09.095+0000] {logging_mixin.py:188} INFO - ✅ Загружено 400 новых строк в таблицу customers
[2025-08-26T03:00:09.124+0000] {logging_mixin.py:188} INFO - ✅ Загружено 400 новых строк в таблицу customers
[2025-08-26T03:00:09.155+0000] {logging_mixin.py:188} INFO - ✅ Загружено 400 новых строк в таблицу customers
[2025-08-26T03:00:09.186+0000] {logging_mixin.py:188} INFO - ✅ Загружено 400 новых строк в таблицу customers
[2025-08-26T03:00:09.220+0000] {logging_mixin.py:188} INFO - ✅ Загружено 400 новых строк в таблицу customers
[2025-08-26T03:00:09.259+0000] {logging_mixin.py:188} INFO - ✅ Загружено 400 новых строк в таблицу customers
[2025-08-26T03:00:10.477+0000] {logging_mixin.py:188} INFO - ✅ Загружено 15017 строк в таблицу orders
[2025-08-26T03:00:10.496+0000] {logging_mixin.py:188} INFO - ✅ Загружено 217 новых строк в таблицу orders
[2025-08-26T03:00:10.524+0000] {logging_mixin.py:188} INFO - ✅ Загружено 217 новых строк в таблицу orders
[2025-08-26T03:00:10.551+0000] {logging_mixin.py:188} INFO - ✅ Загружено 217 новых строк в таблицу orders
[2025-08-26T03:00:10.586+0000] {logging_mixin.py:188} INFO - ✅ Загружено 217 новых строк в таблицу orders
[2025-08-26T03:00:10.605+0000] {logging_mixin.py:188} INFO - ✅ Загружено 217 новых строк в таблицу orders
[2025-08-26T03:00:10.797+0000] {logging_mixin.py:188} INFO - ✅ Загружено 2000 строк в таблицу products
[2025-08-26T03:00:10.832+0000] {logging_mixin.py:188} INFO - ✅ Загружено 400 новых строк в таблицу products
[2025-08-26T03:00:10.874+0000] {logging_mixin.py:188} INFO - ✅ Загружено 400 новых строк в таблицу products
[2025-08-26T03:00:10.906+0000] {logging_mixin.py:188} INFO - ✅ Загружено 400 новых строк в таблицу products
[2025-08-26T03:00:10.960+0000] {logging_mixin.py:188} INFO - ✅ Загружено 400 новых строк в таблицу products
[2025-08-26T03:00:11.001+0000] {logging_mixin.py:188} INFO - ✅ Загружено 400 новых строк в таблицу products
[2025-08-26T03:00:12.459+0000] {logging_mixin.py:188} INFO - ✅ Загружено 20039 строк в таблицу order_items
[2025-08-26T03:00:12.465+0000] {logging_mixin.py:188} INFO - ✅ Загружено 39 новых строк в таблицу order_items
[2025-08-26T03:00:12.470+0000] {logging_mixin.py:188} INFO - ✅ Загружено 39 новых строк в таблицу order_items
[2025-08-26T03:00:12.477+0000] {logging_mixin.py:188} INFO - ✅ Загружено 39 новых строк в таблицу order_items
[2025-08-26T03:00:12.483+0000] {logging_mixin.py:188} INFO - ✅ Загружено 39 новых строк в таблицу order_items
[2025-08-26T03:00:12.489+0000] {logging_mixin.py:188} INFO - ✅ Загружено 39 новых строк в таблицу order_items
[2025-08-26T03:00:12.494+0000] {logging_mixin.py:188} INFO - ✅ Загружено 39 новых строк в таблицу order_items
[2025-08-26T03:00:12.505+0000] {logging_mixin.py:188} INFO - ✅ Загружено 100 строк в таблицу suppliers
[2025-08-26T03:00:12.512+0000] {logging_mixin.py:188} INFO - ✅ Загружено 100 новых строк в таблицу suppliers
[2025-08-26T03:00:12.520+0000] {logging_mixin.py:188} INFO - ✅ Загружено 100 новых строк в таблицу suppliers
[2025-08-26T03:00:12.527+0000] {logging_mixin.py:188} INFO - ✅ Загружено 100 новых строк в таблицу suppliers
[2025-08-26T03:00:12.534+0000] {logging_mixin.py:188} INFO - ✅ Загружено 100 новых строк в таблицу suppliers
[2025-08-26T03:00:12.551+0000] {logging_mixin.py:188} INFO - ✅ Загружено 100 новых строк в таблицу suppliers
[2025-08-26T03:00:12.577+0000] {logging_mixin.py:188} INFO - ✅ Загружено 100 новых строк в таблицу suppliers
[2025-08-26T03:00:14.212+0000] {logging_mixin.py:188} INFO - ✅ Загружено 15017 строк в таблицу payment
[2025-08-26T03:00:14.238+0000] {logging_mixin.py:188} INFO - ✅ Загружено 217 новых строк в таблицу payment
[2025-08-26T03:00:14.260+0000] {logging_mixin.py:188} INFO - ✅ Загружено 217 новых строк в таблицу payment
[2025-08-26T03:00:14.271+0000] {logging_mixin.py:188} INFO - ✅ Загружено 217 новых строк в таблицу payment
[2025-08-26T03:00:14.284+0000] {logging_mixin.py:188} INFO - ✅ Загружено 217 новых строк в таблицу payment
[2025-08-26T03:00:14.303+0000] {logging_mixin.py:188} INFO - ✅ Загружено 217 новых строк в таблицу payment
[2025-08-26T03:00:14.321+0000] {logging_mixin.py:188} INFO - ✅ Загружено 217 новых строк в таблицу payment
[2025-08-26T03:00:14.372+0000] {logging_mixin.py:188} INFO - ✅ Загружено 1106 строк в таблицу reviews
[2025-08-26T03:00:14.387+0000] {logging_mixin.py:188} INFO - ✅ Загружено 306 новых строк в таблицу reviews
[2025-08-26T03:00:14.401+0000] {logging_mixin.py:188} INFO - ✅ Загружено 306 новых строк в таблицу reviews
[2025-08-26T03:00:14.418+0000] {logging_mixin.py:188} INFO - ✅ Загружено 306 новых строк в таблицу reviews
[2025-08-26T03:00:14.441+0000] {logging_mixin.py:188} INFO - ✅ Загружено 306 новых строк в таблицу reviews
[2025-08-26T03:00:14.459+0000] {logging_mixin.py:188} INFO - ✅ Загружено 306 новых строк в таблицу reviews
[2025-08-26T03:00:14.486+0000] {logging_mixin.py:188} INFO - ✅ Загружено 306 новых строк в таблицу reviews
[2025-08-26T03:00:14.486+0000] {python.py:237} INFO - Done. Returned value was: None
[2025-08-26T03:00:14.487+0000] {taskinstance.py:441} INFO - ::group::Post task execution logs
[2025-08-26T03:00:14.498+0000] {taskinstance.py:1206} INFO - Marking task as SUCCESS. dag_id=daily_generate_orders, task_id=load_csv_to_postgres, run_id=scheduled__2025-08-26T02:00:00+00:00, execution_date=20250826T020000, start_date=20250826T030006, end_date=20250826T030014
[2025-08-26T03:00:14.562+0000] {local_task_job_runner.py:243} INFO - Task exited with return code 0
[2025-08-26T03:00:14.585+0000] {taskinstance.py:3503} INFO - 0 downstream tasks scheduled from follow-on schedule check
[2025-08-26T03:00:14.591+0000] {local_task_job_runner.py:222} INFO - ::endgroup::
