[2025-09-09T17:05:21.867+0000] {local_task_job_runner.py:120} INFO - ::group::Pre task execution logs
[2025-09-09T17:05:21.933+0000] {taskinstance.py:2076} INFO - Dependencies all met for dep_context=non-requeueable deps ti=<TaskInstance: dbt_run_models.run_dbt_models scheduled__2025-09-09T16:00:00+00:00 [queued]>
[2025-09-09T17:05:21.958+0000] {taskinstance.py:2076} INFO - Dependencies all met for dep_context=requeueable deps ti=<TaskInstance: dbt_run_models.run_dbt_models scheduled__2025-09-09T16:00:00+00:00 [queued]>
[2025-09-09T17:05:21.959+0000] {taskinstance.py:2306} INFO - Starting attempt 2 of 2
[2025-09-09T17:05:22.004+0000] {taskinstance.py:2330} INFO - Executing <Task(BashOperator): run_dbt_models> on 2025-09-09 16:00:00+00:00
[2025-09-09T17:05:22.015+0000] {warnings.py:112} WARNING - /home/airflow/.local/lib/python3.12/site-packages/airflow/task/task_runner/standard_task_runner.py:62: DeprecationWarning: This process (pid=2990) is multi-threaded, use of fork() may lead to deadlocks in the child.
  pid = os.fork()

[2025-09-09T17:05:22.018+0000] {standard_task_runner.py:64} INFO - Started process 2991 to run task
[2025-09-09T17:05:22.021+0000] {standard_task_runner.py:90} INFO - Running: ['airflow', 'tasks', 'run', 'dbt_run_models', 'run_dbt_models', 'scheduled__2025-09-09T16:00:00+00:00', '--job-id', '1293', '--raw', '--subdir', 'DAGS_FOLDER/dbt_dag.py', '--cfg-path', '/tmp/tmp8tds336m']
[2025-09-09T17:05:22.023+0000] {standard_task_runner.py:91} INFO - Job 1293: Subtask run_dbt_models
[2025-09-09T17:05:22.054+0000] {warnings.py:112} WARNING - /home/airflow/.local/lib/python3.12/site-packages/airflow/settings.py:195: DeprecationWarning: The sql_alchemy_conn option in [core] has been moved to the sql_alchemy_conn option in [database] - the old setting has been used, but please update your config.
  SQL_ALCHEMY_CONN = conf.get("database", "SQL_ALCHEMY_CONN")

[2025-09-09T17:05:22.149+0000] {task_command.py:426} INFO - Running <TaskInstance: dbt_run_models.run_dbt_models scheduled__2025-09-09T16:00:00+00:00 [running]> on host b5ea13053d47
[2025-09-09T17:05:22.374+0000] {taskinstance.py:2648} INFO - Exporting env vars: AIRFLOW_CTX_DAG_OWNER='airflow' AIRFLOW_CTX_DAG_ID='dbt_run_models' AIRFLOW_CTX_TASK_ID='run_dbt_models' AIRFLOW_CTX_EXECUTION_DATE='2025-09-09T16:00:00+00:00' AIRFLOW_CTX_TRY_NUMBER='2' AIRFLOW_CTX_DAG_RUN_ID='scheduled__2025-09-09T16:00:00+00:00'
[2025-09-09T17:05:22.375+0000] {taskinstance.py:430} INFO - ::endgroup::
[2025-09-09T17:05:22.412+0000] {subprocess.py:63} INFO - Tmp dir root location: /tmp
[2025-09-09T17:05:22.413+0000] {subprocess.py:75} INFO - Running command: ['/usr/bin/bash', '-c', '\n        cd /usr/app &&         dbt run --profiles-dir /usr/app\n        ']
[2025-09-09T17:05:22.434+0000] {subprocess.py:86} INFO - Output:
[2025-09-09T17:05:26.069+0000] {subprocess.py:93} INFO - [0m17:05:26  Running with dbt=1.7.9
[2025-09-09T17:05:26.682+0000] {subprocess.py:93} INFO - [0m17:05:26  Registered adapter: postgres=1.7.9
[2025-09-09T17:05:26.731+0000] {subprocess.py:93} INFO - [0m17:05:26  [[33mWARNING[0m]: Configuration paths exist in your dbt_project.yml file which do not apply to any resources.
[2025-09-09T17:05:26.732+0000] {subprocess.py:93} INFO - There are 1 unused configuration paths:
[2025-09-09T17:05:26.732+0000] {subprocess.py:93} INFO - - models.my_project.sources
[2025-09-09T17:05:26.759+0000] {subprocess.py:93} INFO - [0m17:05:26  Found 15 models, 7 sources, 0 exposures, 0 metrics, 401 macros, 0 groups, 0 semantic models
[2025-09-09T17:05:26.763+0000] {subprocess.py:93} INFO - [0m17:05:26
[2025-09-09T17:05:26.995+0000] {subprocess.py:93} INFO - [0m17:05:26  Concurrency: 4 threads (target='dev')
[2025-09-09T17:05:26.996+0000] {subprocess.py:93} INFO - [0m17:05:26
[2025-09-09T17:05:27.022+0000] {subprocess.py:93} INFO - [0m17:05:27  1 of 15 START sql view model analytics.stg_AOV ................................. [RUN]
[2025-09-09T17:05:27.027+0000] {subprocess.py:93} INFO - [0m17:05:27  2 of 15 START sql view model analytics.stg_order_count_year .................... [RUN]
[2025-09-09T17:05:27.030+0000] {subprocess.py:93} INFO - [0m17:05:27  3 of 15 START sql view model analytics.stg_order_details ....................... [RUN]
[2025-09-09T17:05:27.035+0000] {subprocess.py:93} INFO - [0m17:05:27  4 of 15 START sql view model analytics.stg_order_items ......................... [RUN]
[2025-09-09T17:05:27.895+0000] {subprocess.py:93} INFO - [0m17:05:27  2 of 15 OK created sql view model analytics.stg_order_count_year ............... [[32mCREATE VIEW[0m in 0.83s]
[2025-09-09T17:05:27.924+0000] {subprocess.py:93} INFO - [0m17:05:27  5 of 15 START sql view model analytics.stg_orders .............................. [RUN]
[2025-09-09T17:05:27.926+0000] {subprocess.py:93} INFO - [0m17:05:27  1 of 15 OK created sql view model analytics.stg_AOV ............................ [[32mCREATE VIEW[0m in 0.88s]
[2025-09-09T17:05:27.932+0000] {subprocess.py:93} INFO - [0m17:05:27  3 of 15 OK created sql view model analytics.stg_order_details .................. [[32mCREATE VIEW[0m in 0.88s]
[2025-09-09T17:05:27.942+0000] {subprocess.py:93} INFO - [0m17:05:27  4 of 15 OK created sql view model analytics.stg_order_items .................... [[32mCREATE VIEW[0m in 0.88s]
[2025-09-09T17:05:27.973+0000] {subprocess.py:93} INFO - [0m17:05:27  6 of 15 START sql view model analytics.stg_payments ............................ [RUN]
[2025-09-09T17:05:27.975+0000] {subprocess.py:93} INFO - [0m17:05:27  7 of 15 START sql view model analytics.stg_products ............................ [RUN]
[2025-09-09T17:05:27.982+0000] {subprocess.py:93} INFO - [0m17:05:27  8 of 15 START sql table model analytics.order_count_year ....................... [RUN]
[2025-09-09T17:05:28.495+0000] {subprocess.py:93} INFO - [0m17:05:28  5 of 15 OK created sql view model analytics.stg_orders ......................... [[32mCREATE VIEW[0m in 0.55s]
[2025-09-09T17:05:28.556+0000] {subprocess.py:93} INFO - [0m17:05:28  9 of 15 START sql table model analytics.order_count_year+month_diff ............ [RUN]
[2025-09-09T17:05:28.598+0000] {subprocess.py:93} INFO - [0m17:05:28  6 of 15 OK created sql view model analytics.stg_payments ....................... [[32mCREATE VIEW[0m in 0.61s]
[2025-09-09T17:05:28.637+0000] {subprocess.py:93} INFO - [0m17:05:28  8 of 15 OK created sql table model analytics.order_count_year .................. [[32mSELECT 4[0m in 0.62s]
[2025-09-09T17:05:28.640+0000] {subprocess.py:93} INFO - [0m17:05:28  7 of 15 OK created sql view model analytics.stg_products ....................... [[32mCREATE VIEW[0m in 0.63s]
[2025-09-09T17:05:28.646+0000] {subprocess.py:93} INFO - [0m17:05:28  10 of 15 START sql table model analytics.AOV_chek .............................. [RUN]
[2025-09-09T17:05:28.666+0000] {subprocess.py:93} INFO - [0m17:05:28  11 of 15 START sql table model analytics.orders_summary ........................ [RUN]
[2025-09-09T17:05:28.674+0000] {subprocess.py:93} INFO - [0m17:05:28  12 of 15 START sql table model analytics.AVG_AOV_chek .......................... [RUN]
[2025-09-09T17:05:29.035+0000] {subprocess.py:93} INFO - [0m17:05:29  9 of 15 OK created sql table model analytics.order_count_year+month_diff ....... [[32mSELECT 28[0m in 0.47s]
[2025-09-09T17:05:29.058+0000] {subprocess.py:93} INFO - [0m17:05:29  13 of 15 START sql table model analytics.AOV_EBITDA_COUNT ...................... [RUN]
[2025-09-09T17:05:29.124+0000] {subprocess.py:93} INFO - [0m17:05:29  12 of 15 OK created sql table model analytics.AVG_AOV_chek ..................... [[32mSELECT 16839[0m in 0.41s]
[2025-09-09T17:05:29.143+0000] {subprocess.py:93} INFO - [0m17:05:29  10 of 15 OK created sql table model analytics.AOV_chek ......................... [[32mSELECT 50[0m in 0.44s]
[2025-09-09T17:05:29.161+0000] {subprocess.py:93} INFO - [0m17:05:29  14 of 15 START sql table model analytics.AOV_category .......................... [RUN]
[2025-09-09T17:05:29.163+0000] {subprocess.py:93} INFO - [0m17:05:29  11 of 15 OK created sql table model analytics.orders_summary ................... [[32mSELECT 10000[0m in 0.43s]
[2025-09-09T17:05:29.173+0000] {subprocess.py:93} INFO - [0m17:05:29  15 of 15 START sql table model analytics.AOV_product_name ...................... [RUN]
[2025-09-09T17:05:29.422+0000] {subprocess.py:93} INFO - [0m17:05:29  13 of 15 ERROR creating sql table model analytics.AOV_EBITDA_COUNT ............. [[31mERROR[0m in 0.34s]
[2025-09-09T17:05:29.439+0000] {subprocess.py:93} INFO - [0m17:05:29  14 of 15 ERROR creating sql table model analytics.AOV_category ................. [[31mERROR[0m in 0.27s]
[2025-09-09T17:05:29.451+0000] {subprocess.py:93} INFO - [0m17:05:29  15 of 15 ERROR creating sql table model analytics.AOV_product_name ............. [[31mERROR[0m in 0.27s]
[2025-09-09T17:05:29.474+0000] {subprocess.py:93} INFO - [0m17:05:29
[2025-09-09T17:05:29.474+0000] {subprocess.py:93} INFO - [0m17:05:29  Finished running 7 view models, 8 table models in 0 hours 0 minutes and 2.71 seconds (2.71s).
[2025-09-09T17:05:29.490+0000] {subprocess.py:93} INFO - [0m17:05:29
[2025-09-09T17:05:29.491+0000] {subprocess.py:93} INFO - [0m17:05:29  [31mCompleted with 3 errors and 0 warnings:[0m
[2025-09-09T17:05:29.492+0000] {subprocess.py:93} INFO - [0m17:05:29
[2025-09-09T17:05:29.492+0000] {subprocess.py:93} INFO - [0m17:05:29    Database Error in model AOV_EBITDA_COUNT (models/marts/AOV_EBITDA_COUNT.sql)
[2025-09-09T17:05:29.492+0000] {subprocess.py:93} INFO -   type "avr_order_value" does not exist
[2025-09-09T17:05:29.493+0000] {subprocess.py:93} INFO -   LINE 19: order by avr_order_value
[2025-09-09T17:05:29.493+0000] {subprocess.py:93} INFO -                     ^
[2025-09-09T17:05:29.493+0000] {subprocess.py:93} INFO -   compiled Code at target/run/my_project/models/marts/AOV_EBITDA_COUNT.sql
[2025-09-09T17:05:29.493+0000] {subprocess.py:93} INFO - [0m17:05:29
[2025-09-09T17:05:29.493+0000] {subprocess.py:93} INFO - [0m17:05:29    Database Error in model AOV_category (models/marts/AOV_category.sql)
[2025-09-09T17:05:29.494+0000] {subprocess.py:93} INFO -   type "avr_order_value" does not exist
[2025-09-09T17:05:29.494+0000] {subprocess.py:93} INFO -   LINE 21: order by avr_order_value
[2025-09-09T17:05:29.494+0000] {subprocess.py:93} INFO -                     ^
[2025-09-09T17:05:29.494+0000] {subprocess.py:93} INFO -   compiled Code at target/run/my_project/models/marts/AOV_category.sql
[2025-09-09T17:05:29.494+0000] {subprocess.py:93} INFO - [0m17:05:29
[2025-09-09T17:05:29.495+0000] {subprocess.py:93} INFO - [0m17:05:29    Database Error in model AOV_product_name (models/marts/AOV_product_name.sql)
[2025-09-09T17:05:29.495+0000] {subprocess.py:93} INFO -   type "avr_order_value" does not exist
[2025-09-09T17:05:29.495+0000] {subprocess.py:93} INFO -   LINE 21: order by avr_order_value
[2025-09-09T17:05:29.495+0000] {subprocess.py:93} INFO -                     ^
[2025-09-09T17:05:29.498+0000] {subprocess.py:93} INFO -   compiled Code at target/run/my_project/models/marts/AOV_product_name.sql
[2025-09-09T17:05:29.498+0000] {subprocess.py:93} INFO - [0m17:05:29
[2025-09-09T17:05:29.499+0000] {subprocess.py:93} INFO - [0m17:05:29  Done. PASS=12 WARN=0 ERROR=3 SKIP=0 TOTAL=15
[2025-09-09T17:05:40.034+0000] {subprocess.py:97} INFO - Command exited with return code 1
[2025-09-09T17:05:40.035+0000] {taskinstance.py:441} INFO - ::group::Post task execution logs
[2025-09-09T17:05:40.058+0000] {taskinstance.py:2905} ERROR - Task failed with exception
Traceback (most recent call last):
  File "/home/airflow/.local/lib/python3.12/site-packages/airflow/models/taskinstance.py", line 465, in _execute_task
    result = _execute_callable(context=context, **execute_callable_kwargs)
             ^^^^^^^^^^^^^^^^^^^^^^^^^^^^^^^^^^^^^^^^^^^^^^^^^^^^^^^^^^^^^
  File "/home/airflow/.local/lib/python3.12/site-packages/airflow/models/taskinstance.py", line 432, in _execute_callable
    return execute_callable(context=context, **execute_callable_kwargs)
           ^^^^^^^^^^^^^^^^^^^^^^^^^^^^^^^^^^^^^^^^^^^^^^^^^^^^^^^^^^^^
  File "/home/airflow/.local/lib/python3.12/site-packages/airflow/models/baseoperator.py", line 401, in wrapper
    return func(self, *args, **kwargs)
           ^^^^^^^^^^^^^^^^^^^^^^^^^^^
  File "/home/airflow/.local/lib/python3.12/site-packages/airflow/operators/bash.py", line 243, in execute
    raise AirflowException(
airflow.exceptions.AirflowException: Bash command failed. The command returned a non-zero exit code 1.
[2025-09-09T17:05:40.072+0000] {taskinstance.py:1206} INFO - Marking task as FAILED. dag_id=dbt_run_models, task_id=run_dbt_models, run_id=scheduled__2025-09-09T16:00:00+00:00, execution_date=20250909T160000, start_date=20250909T170521, end_date=20250909T170540
[2025-09-09T17:05:40.115+0000] {standard_task_runner.py:110} ERROR - Failed to execute job 1293 for task run_dbt_models (Bash command failed. The command returned a non-zero exit code 1.; 2991)
[2025-09-09T17:05:40.167+0000] {local_task_job_runner.py:243} INFO - Task exited with return code 1
[2025-09-09T17:05:40.215+0000] {taskinstance.py:3503} INFO - 0 downstream tasks scheduled from follow-on schedule check
[2025-09-09T17:05:40.222+0000] {local_task_job_runner.py:222} INFO - ::endgroup::
