[2025-09-09T07:00:01.783+0000] {local_task_job_runner.py:120} INFO - ::group::Pre task execution logs
[2025-09-09T07:00:01.849+0000] {taskinstance.py:2076} INFO - Dependencies all met for dep_context=non-requeueable deps ti=<TaskInstance: dbt_run_models.run_dbt_models scheduled__2025-09-09T06:00:00+00:00 [queued]>
[2025-09-09T07:00:01.883+0000] {taskinstance.py:2076} INFO - Dependencies all met for dep_context=requeueable deps ti=<TaskInstance: dbt_run_models.run_dbt_models scheduled__2025-09-09T06:00:00+00:00 [queued]>
[2025-09-09T07:00:01.884+0000] {taskinstance.py:2306} INFO - Starting attempt 1 of 2
[2025-09-09T07:00:01.927+0000] {taskinstance.py:2330} INFO - Executing <Task(BashOperator): run_dbt_models> on 2025-09-09 06:00:00+00:00
[2025-09-09T07:00:01.940+0000] {warnings.py:112} WARNING - /home/airflow/.local/lib/python3.12/site-packages/airflow/task/task_runner/standard_task_runner.py:62: DeprecationWarning: This process (pid=2773) is multi-threaded, use of fork() may lead to deadlocks in the child.
  pid = os.fork()

[2025-09-09T07:00:01.942+0000] {standard_task_runner.py:64} INFO - Started process 2774 to run task
[2025-09-09T07:00:01.945+0000] {standard_task_runner.py:90} INFO - Running: ['airflow', 'tasks', 'run', 'dbt_run_models', 'run_dbt_models', 'scheduled__2025-09-09T06:00:00+00:00', '--job-id', '1269', '--raw', '--subdir', 'DAGS_FOLDER/dbt_dag.py', '--cfg-path', '/tmp/tmphwoaerw6']
[2025-09-09T07:00:01.948+0000] {standard_task_runner.py:91} INFO - Job 1269: Subtask run_dbt_models
[2025-09-09T07:00:01.993+0000] {warnings.py:112} WARNING - /home/airflow/.local/lib/python3.12/site-packages/airflow/settings.py:195: DeprecationWarning: The sql_alchemy_conn option in [core] has been moved to the sql_alchemy_conn option in [database] - the old setting has been used, but please update your config.
  SQL_ALCHEMY_CONN = conf.get("database", "SQL_ALCHEMY_CONN")

[2025-09-09T07:00:02.082+0000] {task_command.py:426} INFO - Running <TaskInstance: dbt_run_models.run_dbt_models scheduled__2025-09-09T06:00:00+00:00 [running]> on host b5ea13053d47
[2025-09-09T07:00:02.336+0000] {taskinstance.py:2648} INFO - Exporting env vars: AIRFLOW_CTX_DAG_OWNER='airflow' AIRFLOW_CTX_DAG_ID='dbt_run_models' AIRFLOW_CTX_TASK_ID='run_dbt_models' AIRFLOW_CTX_EXECUTION_DATE='2025-09-09T06:00:00+00:00' AIRFLOW_CTX_TRY_NUMBER='1' AIRFLOW_CTX_DAG_RUN_ID='scheduled__2025-09-09T06:00:00+00:00'
[2025-09-09T07:00:02.337+0000] {taskinstance.py:430} INFO - ::endgroup::
[2025-09-09T07:00:02.383+0000] {subprocess.py:63} INFO - Tmp dir root location: /tmp
[2025-09-09T07:00:02.385+0000] {subprocess.py:75} INFO - Running command: ['/usr/bin/bash', '-c', '\n        cd /usr/app &&         dbt run --profiles-dir /usr/app\n        ']
[2025-09-09T07:00:02.410+0000] {subprocess.py:86} INFO - Output:
[2025-09-09T07:00:05.854+0000] {subprocess.py:93} INFO - [0m07:00:05  Running with dbt=1.7.9
[2025-09-09T07:00:06.549+0000] {subprocess.py:93} INFO - [0m07:00:06  Registered adapter: postgres=1.7.9
[2025-09-09T07:00:06.613+0000] {subprocess.py:93} INFO - [0m07:00:06  [[33mWARNING[0m]: Configuration paths exist in your dbt_project.yml file which do not apply to any resources.
[2025-09-09T07:00:06.613+0000] {subprocess.py:93} INFO - There are 1 unused configuration paths:
[2025-09-09T07:00:06.614+0000] {subprocess.py:93} INFO - - models.my_project.sources
[2025-09-09T07:00:06.645+0000] {subprocess.py:93} INFO - [0m07:00:06  Found 8 models, 7 sources, 0 exposures, 0 metrics, 401 macros, 0 groups, 0 semantic models
[2025-09-09T07:00:06.649+0000] {subprocess.py:93} INFO - [0m07:00:06
[2025-09-09T07:00:06.998+0000] {subprocess.py:93} INFO - [0m07:00:06  Concurrency: 4 threads (target='dev')
[2025-09-09T07:00:07.000+0000] {subprocess.py:93} INFO - [0m07:00:06
[2025-09-09T07:00:07.041+0000] {subprocess.py:93} INFO - [0m07:00:07  1 of 8 START sql view model analytics.stg_AOV .................................. [RUN]
[2025-09-09T07:00:07.047+0000] {subprocess.py:93} INFO - [0m07:00:07  2 of 8 START sql view model analytics.stg_order_count_year ..................... [RUN]
[2025-09-09T07:00:07.049+0000] {subprocess.py:93} INFO - [0m07:00:07  4 of 8 START sql view model analytics.stg_orders ............................... [RUN]
[2025-09-09T07:00:07.063+0000] {subprocess.py:93} INFO - [0m07:00:07  3 of 8 START sql view model analytics.stg_order_details ........................ [RUN]
[2025-09-09T07:00:07.882+0000] {subprocess.py:93} INFO - [0m07:00:07  2 of 8 OK created sql view model analytics.stg_order_count_year ................ [[32mCREATE VIEW[0m in 0.83s]
[2025-09-09T07:00:07.900+0000] {subprocess.py:93} INFO - [0m07:00:07  4 of 8 OK created sql view model analytics.stg_orders .......................... [[32mCREATE VIEW[0m in 0.85s]
[2025-09-09T07:00:07.904+0000] {subprocess.py:93} INFO - [0m07:00:07  1 of 8 OK created sql view model analytics.stg_AOV ............................. [[32mCREATE VIEW[0m in 0.85s]
[2025-09-09T07:00:07.915+0000] {subprocess.py:93} INFO - [0m07:00:07  6 of 8 START sql table model analytics.order_count_year+month_diff ............. [RUN]
[2025-09-09T07:00:07.921+0000] {subprocess.py:93} INFO - [0m07:00:07  5 of 8 START sql table model analytics.order_count_year ........................ [RUN]
[2025-09-09T07:00:07.936+0000] {subprocess.py:93} INFO - [0m07:00:07  7 of 8 START sql table model analytics.AOV_chek ................................ [RUN]
[2025-09-09T07:00:07.955+0000] {subprocess.py:93} INFO - [0m07:00:07  3 of 8 OK created sql view model analytics.stg_order_details ................... [[32mCREATE VIEW[0m in 0.87s]
[2025-09-09T07:00:07.979+0000] {subprocess.py:93} INFO - [0m07:00:07  8 of 8 START sql table model analytics.orders_summary .......................... [RUN]
[2025-09-09T07:00:08.476+0000] {subprocess.py:93} INFO - [0m07:00:08  7 of 8 OK created sql table model analytics.AOV_chek ........................... [[32mSELECT 50[0m in 0.50s]
[2025-09-09T07:00:08.499+0000] {subprocess.py:93} INFO - [0m07:00:08  5 of 8 OK created sql table model analytics.order_count_year ................... [[32mSELECT 4[0m in 0.55s]
[2025-09-09T07:00:08.501+0000] {subprocess.py:93} INFO - [0m07:00:08  6 of 8 OK created sql table model analytics.order_count_year+month_diff ........ [[32mSELECT 28[0m in 0.58s]
[2025-09-09T07:00:08.502+0000] {subprocess.py:93} INFO - [0m07:00:08  8 of 8 OK created sql table model analytics.orders_summary ..................... [[32mSELECT 10000[0m in 0.50s]
[2025-09-09T07:00:08.532+0000] {subprocess.py:93} INFO - [0m07:00:08
[2025-09-09T07:00:08.532+0000] {subprocess.py:93} INFO - [0m07:00:08  Finished running 4 view models, 4 table models in 0 hours 0 minutes and 1.88 seconds (1.88s).
[2025-09-09T07:00:08.549+0000] {subprocess.py:93} INFO - [0m07:00:08
[2025-09-09T07:00:08.550+0000] {subprocess.py:93} INFO - [0m07:00:08  [32mCompleted successfully[0m
[2025-09-09T07:00:08.550+0000] {subprocess.py:93} INFO - [0m07:00:08
[2025-09-09T07:00:08.551+0000] {subprocess.py:93} INFO - [0m07:00:08  Done. PASS=8 WARN=0 ERROR=0 SKIP=0 TOTAL=8
[2025-09-09T07:00:19.005+0000] {subprocess.py:97} INFO - Command exited with return code 0
[2025-09-09T07:00:19.006+0000] {taskinstance.py:441} INFO - ::group::Post task execution logs
[2025-09-09T07:00:19.055+0000] {taskinstance.py:1206} INFO - Marking task as SUCCESS. dag_id=dbt_run_models, task_id=run_dbt_models, run_id=scheduled__2025-09-09T06:00:00+00:00, execution_date=20250909T060000, start_date=20250909T070001, end_date=20250909T070019
[2025-09-09T07:00:19.117+0000] {local_task_job_runner.py:243} INFO - Task exited with return code 0
[2025-09-09T07:00:19.157+0000] {taskinstance.py:3503} INFO - 1 downstream tasks scheduled from follow-on schedule check
[2025-09-09T07:00:19.159+0000] {local_task_job_runner.py:222} INFO - ::endgroup::
