[2025-08-26T03:00:01.413+0000] {local_task_job_runner.py:120} INFO - ::group::Pre task execution logs
[2025-08-26T03:00:01.500+0000] {taskinstance.py:2076} INFO - Dependencies all met for dep_context=non-requeueable deps ti=<TaskInstance: dbt_run_models.run_dbt_models scheduled__2025-08-26T00:00:00+00:00 [queued]>
[2025-08-26T03:00:01.524+0000] {taskinstance.py:2076} INFO - Dependencies all met for dep_context=requeueable deps ti=<TaskInstance: dbt_run_models.run_dbt_models scheduled__2025-08-26T00:00:00+00:00 [queued]>
[2025-08-26T03:00:01.525+0000] {taskinstance.py:2306} INFO - Starting attempt 1 of 2
[2025-08-26T03:00:01.564+0000] {taskinstance.py:2330} INFO - Executing <Task(BashOperator): run_dbt_models> on 2025-08-26 00:00:00+00:00
[2025-08-26T03:00:01.579+0000] {warnings.py:112} WARNING - /home/airflow/.local/lib/python3.12/site-packages/airflow/task/task_runner/standard_task_runner.py:62: DeprecationWarning: This process (pid=936) is multi-threaded, use of fork() may lead to deadlocks in the child.
  pid = os.fork()

[2025-08-26T03:00:01.586+0000] {standard_task_runner.py:64} INFO - Started process 939 to run task
[2025-08-26T03:00:01.591+0000] {standard_task_runner.py:90} INFO - Running: ['airflow', 'tasks', 'run', 'dbt_run_models', 'run_dbt_models', 'scheduled__2025-08-26T00:00:00+00:00', '--job-id', '563', '--raw', '--subdir', 'DAGS_FOLDER/dbt_dag.py', '--cfg-path', '/tmp/tmpe18xmx8_']
[2025-08-26T03:00:01.593+0000] {standard_task_runner.py:91} INFO - Job 563: Subtask run_dbt_models
[2025-08-26T03:00:01.637+0000] {warnings.py:112} WARNING - /home/airflow/.local/lib/python3.12/site-packages/airflow/settings.py:195: DeprecationWarning: The sql_alchemy_conn option in [core] has been moved to the sql_alchemy_conn option in [database] - the old setting has been used, but please update your config.
  SQL_ALCHEMY_CONN = conf.get("database", "SQL_ALCHEMY_CONN")

[2025-08-26T03:00:01.753+0000] {task_command.py:426} INFO - Running <TaskInstance: dbt_run_models.run_dbt_models scheduled__2025-08-26T00:00:00+00:00 [running]> on host b5ea13053d47
[2025-08-26T03:00:02.049+0000] {taskinstance.py:2648} INFO - Exporting env vars: AIRFLOW_CTX_DAG_OWNER='airflow' AIRFLOW_CTX_DAG_ID='dbt_run_models' AIRFLOW_CTX_TASK_ID='run_dbt_models' AIRFLOW_CTX_EXECUTION_DATE='2025-08-26T00:00:00+00:00' AIRFLOW_CTX_TRY_NUMBER='1' AIRFLOW_CTX_DAG_RUN_ID='scheduled__2025-08-26T00:00:00+00:00'
[2025-08-26T03:00:02.051+0000] {taskinstance.py:430} INFO - ::endgroup::
[2025-08-26T03:00:02.142+0000] {subprocess.py:63} INFO - Tmp dir root location: /tmp
[2025-08-26T03:00:02.144+0000] {subprocess.py:75} INFO - Running command: ['/usr/bin/bash', '-c', '\n        cd /usr/app &&         dbt run --profiles-dir /usr/app\n        ']
[2025-08-26T03:00:02.167+0000] {subprocess.py:86} INFO - Output:
[2025-08-26T03:00:11.118+0000] {subprocess.py:93} INFO - [0m03:00:11  Running with dbt=1.7.9
[2025-08-26T03:00:12.229+0000] {subprocess.py:93} INFO - [0m03:00:12  Registered adapter: postgres=1.7.9
[2025-08-26T03:00:13.530+0000] {subprocess.py:93} INFO - [0m03:00:13  [[33mWARNING[0m]: Configuration paths exist in your dbt_project.yml file which do not apply to any resources.
[2025-08-26T03:00:13.535+0000] {subprocess.py:93} INFO - There are 1 unused configuration paths:
[2025-08-26T03:00:13.536+0000] {subprocess.py:93} INFO - - models.my_project.sources
[2025-08-26T03:00:13.568+0000] {subprocess.py:93} INFO - [0m03:00:13  Found 3 models, 7 sources, 0 exposures, 0 metrics, 401 macros, 0 groups, 0 semantic models
[2025-08-26T03:00:13.572+0000] {subprocess.py:93} INFO - [0m03:00:13
[2025-08-26T03:00:13.937+0000] {subprocess.py:93} INFO - [0m03:00:13  Concurrency: 4 threads (target='dev')
[2025-08-26T03:00:13.940+0000] {subprocess.py:93} INFO - [0m03:00:13
[2025-08-26T03:00:14.003+0000] {subprocess.py:93} INFO - [0m03:00:14  2 of 3 START sql view model analytics.stg_orders ............................... [RUN]
[2025-08-26T03:00:14.034+0000] {subprocess.py:93} INFO - [0m03:00:14  1 of 3 START sql view model analytics.stg_order_details ........................ [RUN]
[2025-08-26T03:00:14.415+0000] {subprocess.py:93} INFO - [0m03:00:14  2 of 3 OK created sql view model analytics.stg_orders .......................... [[32mCREATE VIEW[0m in 0.41s]
[2025-08-26T03:00:14.417+0000] {subprocess.py:93} INFO - [0m03:00:14  1 of 3 OK created sql view model analytics.stg_order_details ................... [[32mCREATE VIEW[0m in 0.38s]
[2025-08-26T03:00:14.420+0000] {subprocess.py:93} INFO - [0m03:00:14  3 of 3 START sql table model analytics.orders_summary .......................... [RUN]
[2025-08-26T03:02:13.548+0000] {subprocess.py:93} INFO - [0m03:02:13  3 of 3 OK created sql table model analytics.orders_summary ..................... [[32mSELECT 10000[0m in 119.12s]
[2025-08-26T03:02:13.566+0000] {subprocess.py:93} INFO - [0m03:02:13
[2025-08-26T03:02:13.567+0000] {subprocess.py:93} INFO - [0m03:02:13  Finished running 2 view models, 1 table model in 0 hours 1 minutes and 59.98 seconds (119.98s).
[2025-08-26T03:02:13.580+0000] {subprocess.py:93} INFO - [0m03:02:13
[2025-08-26T03:02:13.581+0000] {subprocess.py:93} INFO - [0m03:02:13  [32mCompleted successfully[0m
[2025-08-26T03:02:13.582+0000] {subprocess.py:93} INFO - [0m03:02:13
[2025-08-26T03:02:13.582+0000] {subprocess.py:93} INFO - [0m03:02:13  Done. PASS=3 WARN=0 ERROR=0 SKIP=0 TOTAL=3
[2025-08-26T03:02:14.860+0000] {subprocess.py:97} INFO - Command exited with return code 0
[2025-08-26T03:02:14.862+0000] {taskinstance.py:441} INFO - ::group::Post task execution logs
[2025-08-26T03:02:14.894+0000] {taskinstance.py:1206} INFO - Marking task as SUCCESS. dag_id=dbt_run_models, task_id=run_dbt_models, run_id=scheduled__2025-08-26T00:00:00+00:00, execution_date=20250826T000000, start_date=20250826T030001, end_date=20250826T030214
[2025-08-26T03:02:14.957+0000] {local_task_job_runner.py:243} INFO - Task exited with return code 0
[2025-08-26T03:02:14.977+0000] {taskinstance.py:3503} INFO - 1 downstream tasks scheduled from follow-on schedule check
[2025-08-26T03:02:14.981+0000] {local_task_job_runner.py:222} INFO - ::endgroup::
