[2025-08-26T12:00:07.580+0000] {local_task_job_runner.py:120} INFO - ::group::Pre task execution logs
[2025-08-26T12:00:07.611+0000] {taskinstance.py:2076} INFO - Dependencies all met for dep_context=non-requeueable deps ti=<TaskInstance: daily_generate_orders.load_csv_to_postgres scheduled__2025-08-26T11:00:00+00:00 [queued]>
[2025-08-26T12:00:07.627+0000] {taskinstance.py:2076} INFO - Dependencies all met for dep_context=requeueable deps ti=<TaskInstance: daily_generate_orders.load_csv_to_postgres scheduled__2025-08-26T11:00:00+00:00 [queued]>
[2025-08-26T12:00:07.627+0000] {taskinstance.py:2306} INFO - Starting attempt 1 of 1
[2025-08-26T12:00:07.650+0000] {taskinstance.py:2330} INFO - Executing <Task(PythonOperator): load_csv_to_postgres> on 2025-08-26 11:00:00+00:00
[2025-08-26T12:00:07.670+0000] {warnings.py:112} WARNING - /home/airflow/.local/lib/python3.12/site-packages/airflow/task/task_runner/standard_task_runner.py:62: DeprecationWarning: This process (pid=1112) is multi-threaded, use of fork() may lead to deadlocks in the child.
  pid = os.fork()

[2025-08-26T12:00:07.671+0000] {standard_task_runner.py:64} INFO - Started process 1114 to run task
[2025-08-26T12:00:07.684+0000] {standard_task_runner.py:90} INFO - Running: ['airflow', 'tasks', 'run', 'daily_generate_orders', 'load_csv_to_postgres', 'scheduled__2025-08-26T11:00:00+00:00', '--job-id', '608', '--raw', '--subdir', 'DAGS_FOLDER/generate_fake_shop_csv.py', '--cfg-path', '/tmp/tmplial3a7z']
[2025-08-26T12:00:07.687+0000] {standard_task_runner.py:91} INFO - Job 608: Subtask load_csv_to_postgres
[2025-08-26T12:00:07.708+0000] {warnings.py:112} WARNING - /home/airflow/.local/lib/python3.12/site-packages/airflow/settings.py:195: DeprecationWarning: The sql_alchemy_conn option in [core] has been moved to the sql_alchemy_conn option in [database] - the old setting has been used, but please update your config.
  SQL_ALCHEMY_CONN = conf.get("database", "SQL_ALCHEMY_CONN")

[2025-08-26T12:00:07.749+0000] {task_command.py:426} INFO - Running <TaskInstance: daily_generate_orders.load_csv_to_postgres scheduled__2025-08-26T11:00:00+00:00 [running]> on host b5ea13053d47
[2025-08-26T12:00:07.946+0000] {taskinstance.py:2648} INFO - Exporting env vars: AIRFLOW_CTX_DAG_OWNER='airflow' AIRFLOW_CTX_DAG_ID='daily_generate_orders' AIRFLOW_CTX_TASK_ID='load_csv_to_postgres' AIRFLOW_CTX_EXECUTION_DATE='2025-08-26T11:00:00+00:00' AIRFLOW_CTX_TRY_NUMBER='1' AIRFLOW_CTX_DAG_RUN_ID='scheduled__2025-08-26T11:00:00+00:00'
[2025-08-26T12:00:07.947+0000] {taskinstance.py:430} INFO - ::endgroup::
[2025-08-26T12:00:08.018+0000] {base.py:84} INFO - Using connection ID 'postgres_conn' for task execution.
[2025-08-26T12:00:08.926+0000] {logging_mixin.py:188} INFO - ✅ Загружено 15000 строк в таблицу shipments
[2025-08-26T12:00:08.935+0000] {logging_mixin.py:188} INFO - ✅ Загружено 200 новых строк в таблицу shipments
[2025-08-26T12:00:08.945+0000] {logging_mixin.py:188} INFO - ✅ Загружено 200 новых строк в таблицу shipments
[2025-08-26T12:00:08.954+0000] {logging_mixin.py:188} INFO - ✅ Загружено 200 новых строк в таблицу shipments
[2025-08-26T12:00:08.989+0000] {logging_mixin.py:188} INFO - ✅ Загружено 200 новых строк в таблицу shipments
[2025-08-26T12:00:09.016+0000] {logging_mixin.py:188} INFO - ✅ Загружено 200 новых строк в таблицу shipments
[2025-08-26T12:00:09.045+0000] {logging_mixin.py:188} INFO - ✅ Загружено 200 новых строк в таблицу shipments
[2025-08-26T12:00:09.071+0000] {logging_mixin.py:188} INFO - ✅ Загружено 200 новых строк в таблицу shipments
[2025-08-26T12:00:09.581+0000] {logging_mixin.py:188} INFO - ✅ Загружено 10000 строк в таблицу customers
[2025-08-26T12:00:09.594+0000] {logging_mixin.py:188} INFO - ✅ Загружено 400 новых строк в таблицу customers
[2025-08-26T12:00:09.607+0000] {logging_mixin.py:188} INFO - ✅ Загружено 400 новых строк в таблицу customers
[2025-08-26T12:00:09.622+0000] {logging_mixin.py:188} INFO - ✅ Загружено 400 новых строк в таблицу customers
[2025-08-26T12:00:09.636+0000] {logging_mixin.py:188} INFO - ✅ Загружено 400 новых строк в таблицу customers
[2025-08-26T12:00:09.650+0000] {logging_mixin.py:188} INFO - ✅ Загружено 400 новых строк в таблицу customers
[2025-08-26T12:00:09.687+0000] {logging_mixin.py:188} INFO - ✅ Загружено 400 новых строк в таблицу customers
[2025-08-26T12:00:10.906+0000] {logging_mixin.py:188} INFO - ✅ Загружено 15026 строк в таблицу orders
[2025-08-26T12:00:10.938+0000] {logging_mixin.py:188} INFO - ✅ Загружено 226 новых строк в таблицу orders
[2025-08-26T12:00:10.959+0000] {logging_mixin.py:188} INFO - ✅ Загружено 226 новых строк в таблицу orders
[2025-08-26T12:00:10.976+0000] {logging_mixin.py:188} INFO - ✅ Загружено 226 новых строк в таблицу orders
[2025-08-26T12:00:10.995+0000] {logging_mixin.py:188} INFO - ✅ Загружено 226 новых строк в таблицу orders
[2025-08-26T12:00:11.030+0000] {logging_mixin.py:188} INFO - ✅ Загружено 226 новых строк в таблицу orders
[2025-08-26T12:00:11.174+0000] {logging_mixin.py:188} INFO - ✅ Загружено 2000 строк в таблицу products
[2025-08-26T12:00:11.208+0000] {logging_mixin.py:188} INFO - ✅ Загружено 400 новых строк в таблицу products
[2025-08-26T12:00:11.237+0000] {logging_mixin.py:188} INFO - ✅ Загружено 400 новых строк в таблицу products
[2025-08-26T12:00:11.262+0000] {logging_mixin.py:188} INFO - ✅ Загружено 400 новых строк в таблицу products
[2025-08-26T12:00:11.283+0000] {logging_mixin.py:188} INFO - ✅ Загружено 400 новых строк в таблицу products
[2025-08-26T12:00:11.304+0000] {logging_mixin.py:188} INFO - ✅ Загружено 400 новых строк в таблицу products
[2025-08-26T12:00:12.788+0000] {logging_mixin.py:188} INFO - ✅ Загружено 20061 строк в таблицу order_items
[2025-08-26T12:00:12.801+0000] {logging_mixin.py:188} INFO - ✅ Загружено 61 новых строк в таблицу order_items
[2025-08-26T12:00:12.814+0000] {logging_mixin.py:188} INFO - ✅ Загружено 61 новых строк в таблицу order_items
[2025-08-26T12:00:12.826+0000] {logging_mixin.py:188} INFO - ✅ Загружено 61 новых строк в таблицу order_items
[2025-08-26T12:00:12.834+0000] {logging_mixin.py:188} INFO - ✅ Загружено 61 новых строк в таблицу order_items
[2025-08-26T12:00:12.843+0000] {logging_mixin.py:188} INFO - ✅ Загружено 61 новых строк в таблицу order_items
[2025-08-26T12:00:12.851+0000] {logging_mixin.py:188} INFO - ✅ Загружено 61 новых строк в таблицу order_items
[2025-08-26T12:00:12.863+0000] {logging_mixin.py:188} INFO - ✅ Загружено 100 строк в таблицу suppliers
[2025-08-26T12:00:12.874+0000] {logging_mixin.py:188} INFO - ✅ Загружено 100 новых строк в таблицу suppliers
[2025-08-26T12:00:12.886+0000] {logging_mixin.py:188} INFO - ✅ Загружено 100 новых строк в таблицу suppliers
[2025-08-26T12:00:12.898+0000] {logging_mixin.py:188} INFO - ✅ Загружено 100 новых строк в таблицу suppliers
[2025-08-26T12:00:12.908+0000] {logging_mixin.py:188} INFO - ✅ Загружено 100 новых строк в таблицу suppliers
[2025-08-26T12:00:12.938+0000] {logging_mixin.py:188} INFO - ✅ Загружено 100 новых строк в таблицу suppliers
[2025-08-26T12:00:12.971+0000] {logging_mixin.py:188} INFO - ✅ Загружено 100 новых строк в таблицу suppliers
[2025-08-26T12:00:14.672+0000] {logging_mixin.py:188} INFO - ✅ Загружено 15026 строк в таблицу payment
[2025-08-26T12:00:14.688+0000] {logging_mixin.py:188} INFO - ✅ Загружено 226 новых строк в таблицу payment
[2025-08-26T12:00:14.701+0000] {logging_mixin.py:188} INFO - ✅ Загружено 226 новых строк в таблицу payment
[2025-08-26T12:00:14.718+0000] {logging_mixin.py:188} INFO - ✅ Загружено 226 новых строк в таблицу payment
[2025-08-26T12:00:14.731+0000] {logging_mixin.py:188} INFO - ✅ Загружено 226 новых строк в таблицу payment
[2025-08-26T12:00:14.745+0000] {logging_mixin.py:188} INFO - ✅ Загружено 226 новых строк в таблицу payment
[2025-08-26T12:00:14.759+0000] {logging_mixin.py:188} INFO - ✅ Загружено 226 новых строк в таблицу payment
[2025-08-26T12:00:14.844+0000] {logging_mixin.py:188} INFO - ✅ Загружено 1106 строк в таблицу reviews
[2025-08-26T12:00:14.886+0000] {logging_mixin.py:188} INFO - ✅ Загружено 306 новых строк в таблицу reviews
[2025-08-26T12:00:14.922+0000] {logging_mixin.py:188} INFO - ✅ Загружено 306 новых строк в таблицу reviews
[2025-08-26T12:00:14.956+0000] {logging_mixin.py:188} INFO - ✅ Загружено 306 новых строк в таблицу reviews
[2025-08-26T12:00:14.989+0000] {logging_mixin.py:188} INFO - ✅ Загружено 306 новых строк в таблицу reviews
[2025-08-26T12:00:15.007+0000] {logging_mixin.py:188} INFO - ✅ Загружено 306 новых строк в таблицу reviews
[2025-08-26T12:00:15.052+0000] {logging_mixin.py:188} INFO - ✅ Загружено 306 новых строк в таблицу reviews
[2025-08-26T12:00:15.053+0000] {python.py:237} INFO - Done. Returned value was: None
[2025-08-26T12:00:15.053+0000] {taskinstance.py:441} INFO - ::group::Post task execution logs
[2025-08-26T12:00:15.073+0000] {taskinstance.py:1206} INFO - Marking task as SUCCESS. dag_id=daily_generate_orders, task_id=load_csv_to_postgres, run_id=scheduled__2025-08-26T11:00:00+00:00, execution_date=20250826T110000, start_date=20250826T120007, end_date=20250826T120015
[2025-08-26T12:00:15.143+0000] {local_task_job_runner.py:243} INFO - Task exited with return code 0
[2025-08-26T12:00:15.200+0000] {taskinstance.py:3503} INFO - 0 downstream tasks scheduled from follow-on schedule check
[2025-08-26T12:00:15.221+0000] {local_task_job_runner.py:222} INFO - ::endgroup::
