[2025-08-26T02:00:18.207+0000] {local_task_job_runner.py:120} INFO - ::group::Pre task execution logs
[2025-08-26T02:00:18.288+0000] {taskinstance.py:2076} INFO - Dependencies all met for dep_context=non-requeueable deps ti=<TaskInstance: daily_generate_orders.load_csv_to_postgres scheduled__2025-08-26T00:00:00+00:00 [queued]>
[2025-08-26T02:00:18.322+0000] {taskinstance.py:2076} INFO - Dependencies all met for dep_context=requeueable deps ti=<TaskInstance: daily_generate_orders.load_csv_to_postgres scheduled__2025-08-26T00:00:00+00:00 [queued]>
[2025-08-26T02:00:18.323+0000] {taskinstance.py:2306} INFO - Starting attempt 1 of 1
[2025-08-26T02:00:18.365+0000] {taskinstance.py:2330} INFO - Executing <Task(PythonOperator): load_csv_to_postgres> on 2025-08-26 00:00:00+00:00
[2025-08-26T02:00:18.389+0000] {warnings.py:112} WARNING - /home/airflow/.local/lib/python3.12/site-packages/airflow/task/task_runner/standard_task_runner.py:62: DeprecationWarning: This process (pid=903) is multi-threaded, use of fork() may lead to deadlocks in the child.
  pid = os.fork()

[2025-08-26T02:00:18.390+0000] {standard_task_runner.py:64} INFO - Started process 906 to run task
[2025-08-26T02:00:18.397+0000] {standard_task_runner.py:90} INFO - Running: ['airflow', 'tasks', 'run', 'daily_generate_orders', 'load_csv_to_postgres', 'scheduled__2025-08-26T00:00:00+00:00', '--job-id', '556', '--raw', '--subdir', 'DAGS_FOLDER/generate_fake_shop_csv.py', '--cfg-path', '/tmp/tmplda3a7bn']
[2025-08-26T02:00:18.406+0000] {standard_task_runner.py:91} INFO - Job 556: Subtask load_csv_to_postgres
[2025-08-26T02:00:18.423+0000] {warnings.py:112} WARNING - /home/airflow/.local/lib/python3.12/site-packages/airflow/settings.py:195: DeprecationWarning: The sql_alchemy_conn option in [core] has been moved to the sql_alchemy_conn option in [database] - the old setting has been used, but please update your config.
  SQL_ALCHEMY_CONN = conf.get("database", "SQL_ALCHEMY_CONN")

[2025-08-26T02:00:18.485+0000] {task_command.py:426} INFO - Running <TaskInstance: daily_generate_orders.load_csv_to_postgres scheduled__2025-08-26T00:00:00+00:00 [running]> on host b5ea13053d47
[2025-08-26T02:00:18.594+0000] {taskinstance.py:2648} INFO - Exporting env vars: AIRFLOW_CTX_DAG_OWNER='airflow' AIRFLOW_CTX_DAG_ID='daily_generate_orders' AIRFLOW_CTX_TASK_ID='load_csv_to_postgres' AIRFLOW_CTX_EXECUTION_DATE='2025-08-26T00:00:00+00:00' AIRFLOW_CTX_TRY_NUMBER='1' AIRFLOW_CTX_DAG_RUN_ID='scheduled__2025-08-26T00:00:00+00:00'
[2025-08-26T02:00:18.596+0000] {taskinstance.py:430} INFO - ::endgroup::
[2025-08-26T02:00:18.617+0000] {base.py:84} INFO - Using connection ID 'postgres_conn' for task execution.
[2025-08-26T02:00:19.995+0000] {logging_mixin.py:188} INFO - ✅ Загружено 15000 строк в таблицу shipments
[2025-08-26T02:00:20.020+0000] {logging_mixin.py:188} INFO - ✅ Загружено 200 новых строк в таблицу shipments
[2025-08-26T02:00:20.041+0000] {logging_mixin.py:188} INFO - ✅ Загружено 200 новых строк в таблицу shipments
[2025-08-26T02:00:20.054+0000] {logging_mixin.py:188} INFO - ✅ Загружено 200 новых строк в таблицу shipments
[2025-08-26T02:00:20.076+0000] {logging_mixin.py:188} INFO - ✅ Загружено 200 новых строк в таблицу shipments
[2025-08-26T02:00:20.093+0000] {logging_mixin.py:188} INFO - ✅ Загружено 200 новых строк в таблицу shipments
[2025-08-26T02:00:20.111+0000] {logging_mixin.py:188} INFO - ✅ Загружено 200 новых строк в таблицу shipments
[2025-08-26T02:00:20.129+0000] {logging_mixin.py:188} INFO - ✅ Загружено 200 новых строк в таблицу shipments
[2025-08-26T02:00:20.801+0000] {logging_mixin.py:188} INFO - ✅ Загружено 10000 строк в таблицу customers
[2025-08-26T02:00:20.832+0000] {logging_mixin.py:188} INFO - ✅ Загружено 400 новых строк в таблицу customers
[2025-08-26T02:00:20.877+0000] {logging_mixin.py:188} INFO - ✅ Загружено 400 новых строк в таблицу customers
[2025-08-26T02:00:20.909+0000] {logging_mixin.py:188} INFO - ✅ Загружено 400 новых строк в таблицу customers
[2025-08-26T02:00:20.949+0000] {logging_mixin.py:188} INFO - ✅ Загружено 400 новых строк в таблицу customers
[2025-08-26T02:00:20.978+0000] {logging_mixin.py:188} INFO - ✅ Загружено 400 новых строк в таблицу customers
[2025-08-26T02:00:21.006+0000] {logging_mixin.py:188} INFO - ✅ Загружено 400 новых строк в таблицу customers
[2025-08-26T02:00:22.571+0000] {logging_mixin.py:188} INFO - ✅ Загружено 15014 строк в таблицу orders
[2025-08-26T02:00:22.600+0000] {logging_mixin.py:188} INFO - ✅ Загружено 214 новых строк в таблицу orders
[2025-08-26T02:00:22.653+0000] {logging_mixin.py:188} INFO - ✅ Загружено 214 новых строк в таблицу orders
[2025-08-26T02:00:22.679+0000] {logging_mixin.py:188} INFO - ✅ Загружено 214 новых строк в таблицу orders
[2025-08-26T02:00:22.783+0000] {logging_mixin.py:188} INFO - ✅ Загружено 214 новых строк в таблицу orders
[2025-08-26T02:00:22.823+0000] {logging_mixin.py:188} INFO - ✅ Загружено 214 новых строк в таблицу orders
[2025-08-26T02:00:22.943+0000] {logging_mixin.py:188} INFO - ✅ Загружено 2000 строк в таблицу products
[2025-08-26T02:00:22.962+0000] {logging_mixin.py:188} INFO - ✅ Загружено 400 новых строк в таблицу products
[2025-08-26T02:00:23.015+0000] {logging_mixin.py:188} INFO - ✅ Загружено 400 новых строк в таблицу products
[2025-08-26T02:00:23.097+0000] {logging_mixin.py:188} INFO - ✅ Загружено 400 новых строк в таблицу products
[2025-08-26T02:00:23.150+0000] {logging_mixin.py:188} INFO - ✅ Загружено 400 новых строк в таблицу products
[2025-08-26T02:00:23.236+0000] {logging_mixin.py:188} INFO - ✅ Загружено 400 новых строк в таблицу products
[2025-08-26T02:00:27.684+0000] {logging_mixin.py:188} INFO - ✅ Загружено 20032 строк в таблицу order_items
[2025-08-26T02:00:27.720+0000] {logging_mixin.py:188} INFO - ✅ Загружено 32 новых строк в таблицу order_items
[2025-08-26T02:00:27.773+0000] {logging_mixin.py:188} INFO - ✅ Загружено 32 новых строк в таблицу order_items
[2025-08-26T02:00:27.867+0000] {logging_mixin.py:188} INFO - ✅ Загружено 32 новых строк в таблицу order_items
[2025-08-26T02:00:27.894+0000] {logging_mixin.py:188} INFO - ✅ Загружено 32 новых строк в таблицу order_items
[2025-08-26T02:00:27.971+0000] {logging_mixin.py:188} INFO - ✅ Загружено 32 новых строк в таблицу order_items
[2025-08-26T02:00:28.003+0000] {logging_mixin.py:188} INFO - ✅ Загружено 32 новых строк в таблицу order_items
[2025-08-26T02:00:28.079+0000] {logging_mixin.py:188} INFO - ✅ Загружено 100 строк в таблицу suppliers
[2025-08-26T02:00:28.127+0000] {logging_mixin.py:188} INFO - ✅ Загружено 100 новых строк в таблицу suppliers
[2025-08-26T02:00:28.228+0000] {logging_mixin.py:188} INFO - ✅ Загружено 100 новых строк в таблицу suppliers
[2025-08-26T02:00:28.316+0000] {logging_mixin.py:188} INFO - ✅ Загружено 100 новых строк в таблицу suppliers
[2025-08-26T02:00:28.438+0000] {logging_mixin.py:188} INFO - ✅ Загружено 100 новых строк в таблицу suppliers
[2025-08-26T02:00:28.507+0000] {logging_mixin.py:188} INFO - ✅ Загружено 100 новых строк в таблицу suppliers
[2025-08-26T02:00:28.551+0000] {logging_mixin.py:188} INFO - ✅ Загружено 100 новых строк в таблицу suppliers
[2025-08-26T02:00:30.828+0000] {logging_mixin.py:188} INFO - ✅ Загружено 15014 строк в таблицу payment
[2025-08-26T02:00:30.841+0000] {logging_mixin.py:188} INFO - ✅ Загружено 214 новых строк в таблицу payment
[2025-08-26T02:00:30.855+0000] {logging_mixin.py:188} INFO - ✅ Загружено 214 новых строк в таблицу payment
[2025-08-26T02:00:30.867+0000] {logging_mixin.py:188} INFO - ✅ Загружено 214 новых строк в таблицу payment
[2025-08-26T02:00:30.879+0000] {logging_mixin.py:188} INFO - ✅ Загружено 214 новых строк в таблицу payment
[2025-08-26T02:00:30.893+0000] {logging_mixin.py:188} INFO - ✅ Загружено 214 новых строк в таблицу payment
[2025-08-26T02:00:30.904+0000] {logging_mixin.py:188} INFO - ✅ Загружено 214 новых строк в таблицу payment
[2025-08-26T02:00:31.003+0000] {logging_mixin.py:188} INFO - ✅ Загружено 1106 строк в таблицу reviews
[2025-08-26T02:00:31.031+0000] {logging_mixin.py:188} INFO - ✅ Загружено 306 новых строк в таблицу reviews
[2025-08-26T02:00:31.057+0000] {logging_mixin.py:188} INFO - ✅ Загружено 306 новых строк в таблицу reviews
[2025-08-26T02:00:31.078+0000] {logging_mixin.py:188} INFO - ✅ Загружено 306 новых строк в таблицу reviews
[2025-08-26T02:00:31.095+0000] {logging_mixin.py:188} INFO - ✅ Загружено 306 новых строк в таблицу reviews
[2025-08-26T02:00:31.115+0000] {logging_mixin.py:188} INFO - ✅ Загружено 306 новых строк в таблицу reviews
[2025-08-26T02:00:31.132+0000] {logging_mixin.py:188} INFO - ✅ Загружено 306 новых строк в таблицу reviews
[2025-08-26T02:00:31.133+0000] {python.py:237} INFO - Done. Returned value was: None
[2025-08-26T02:00:31.133+0000] {taskinstance.py:441} INFO - ::group::Post task execution logs
[2025-08-26T02:00:31.144+0000] {taskinstance.py:1206} INFO - Marking task as SUCCESS. dag_id=daily_generate_orders, task_id=load_csv_to_postgres, run_id=scheduled__2025-08-26T00:00:00+00:00, execution_date=20250826T000000, start_date=20250826T020018, end_date=20250826T020031
[2025-08-26T02:00:31.202+0000] {local_task_job_runner.py:243} INFO - Task exited with return code 0
[2025-08-26T02:00:31.222+0000] {taskinstance.py:3503} INFO - 0 downstream tasks scheduled from follow-on schedule check
[2025-08-26T02:00:31.228+0000] {local_task_job_runner.py:222} INFO - ::endgroup::
