[2025-08-25T15:37:57.943+0000] {local_task_job_runner.py:120} INFO - ::group::Pre task execution logs
[2025-08-25T15:37:57.972+0000] {taskinstance.py:2076} INFO - Dependencies all met for dep_context=non-requeueable deps ti=<TaskInstance: daily_generate_orders.load_csv_to_postgres manual__2025-08-25T15:37:43.741033+00:00 [queued]>
[2025-08-25T15:37:57.982+0000] {taskinstance.py:2076} INFO - Dependencies all met for dep_context=requeueable deps ti=<TaskInstance: daily_generate_orders.load_csv_to_postgres manual__2025-08-25T15:37:43.741033+00:00 [queued]>
[2025-08-25T15:37:57.982+0000] {taskinstance.py:2306} INFO - Starting attempt 1 of 1
[2025-08-25T15:37:58.000+0000] {taskinstance.py:2330} INFO - Executing <Task(PythonOperator): load_csv_to_postgres> on 2025-08-25 15:37:43.741033+00:00
[2025-08-25T15:37:58.009+0000] {warnings.py:112} WARNING - /home/airflow/.local/lib/python3.12/site-packages/airflow/task/task_runner/standard_task_runner.py:62: DeprecationWarning: This process (pid=820) is multi-threaded, use of fork() may lead to deadlocks in the child.
  pid = os.fork()

[2025-08-25T15:37:58.010+0000] {standard_task_runner.py:64} INFO - Started process 822 to run task
[2025-08-25T15:37:58.015+0000] {standard_task_runner.py:90} INFO - Running: ['airflow', 'tasks', 'run', 'daily_generate_orders', 'load_csv_to_postgres', 'manual__2025-08-25T15:37:43.741033+00:00', '--job-id', '529', '--raw', '--subdir', 'DAGS_FOLDER/generate_fake_shop_csv.py', '--cfg-path', '/tmp/tmpebn0sicl']
[2025-08-25T15:37:58.021+0000] {standard_task_runner.py:91} INFO - Job 529: Subtask load_csv_to_postgres
[2025-08-25T15:37:58.055+0000] {warnings.py:112} WARNING - /home/airflow/.local/lib/python3.12/site-packages/airflow/settings.py:195: DeprecationWarning: The sql_alchemy_conn option in [core] has been moved to the sql_alchemy_conn option in [database] - the old setting has been used, but please update your config.
  SQL_ALCHEMY_CONN = conf.get("database", "SQL_ALCHEMY_CONN")

[2025-08-25T15:37:58.185+0000] {task_command.py:426} INFO - Running <TaskInstance: daily_generate_orders.load_csv_to_postgres manual__2025-08-25T15:37:43.741033+00:00 [running]> on host b5ea13053d47
[2025-08-25T15:37:58.388+0000] {taskinstance.py:2648} INFO - Exporting env vars: AIRFLOW_CTX_DAG_OWNER='airflow' AIRFLOW_CTX_DAG_ID='daily_generate_orders' AIRFLOW_CTX_TASK_ID='load_csv_to_postgres' AIRFLOW_CTX_EXECUTION_DATE='2025-08-25T15:37:43.741033+00:00' AIRFLOW_CTX_TRY_NUMBER='1' AIRFLOW_CTX_DAG_RUN_ID='manual__2025-08-25T15:37:43.741033+00:00'
[2025-08-25T15:37:58.391+0000] {taskinstance.py:430} INFO - ::endgroup::
[2025-08-25T15:37:58.447+0000] {base.py:84} INFO - Using connection ID 'postgres_conn' for task execution.
[2025-08-25T15:38:07.390+0000] {logging_mixin.py:188} INFO - ⚠ Нет новых данных для shipments
[2025-08-25T15:38:07.708+0000] {logging_mixin.py:188} INFO - ✅ Загружено 10000 новых строк в таблицу customers
[2025-08-25T15:38:16.380+0000] {logging_mixin.py:188} INFO - ✅ Загружено 2 новых строк в таблицу orders
[2025-08-25T15:38:16.440+0000] {logging_mixin.py:188} INFO - ✅ Загружено 2000 новых строк в таблицу products
[2025-08-25T15:38:27.196+0000] {local_task_job_runner.py:243} INFO - Task exited with return code -9For more information, see https://airflow.apache.org/docs/apache-airflow/stable/troubleshooting.html#LocalTaskJob-killed
[2025-08-25T15:38:27.925+0000] {taskinstance.py:3503} INFO - 0 downstream tasks scheduled from follow-on schedule check
[2025-08-25T15:38:27.949+0000] {local_task_job_runner.py:222} INFO - ::endgroup::
