[2025-09-05T11:00:02.095+0000] {local_task_job_runner.py:120} INFO - ::group::Pre task execution logs
[2025-09-05T11:00:02.238+0000] {taskinstance.py:2076} INFO - Dependencies all met for dep_context=non-requeueable deps ti=<TaskInstance: dbt_run_models.run_dbt_models scheduled__2025-09-05T10:00:00+00:00 [queued]>
[2025-09-05T11:00:02.281+0000] {taskinstance.py:2076} INFO - Dependencies all met for dep_context=requeueable deps ti=<TaskInstance: dbt_run_models.run_dbt_models scheduled__2025-09-05T10:00:00+00:00 [queued]>
[2025-09-05T11:00:02.282+0000] {taskinstance.py:2306} INFO - Starting attempt 1 of 2
[2025-09-05T11:00:02.350+0000] {taskinstance.py:2330} INFO - Executing <Task(BashOperator): run_dbt_models> on 2025-09-05 10:00:00+00:00
[2025-09-05T11:00:02.371+0000] {warnings.py:112} WARNING - /home/airflow/.local/lib/python3.12/site-packages/airflow/task/task_runner/standard_task_runner.py:62: DeprecationWarning: This process (pid=940) is multi-threaded, use of fork() may lead to deadlocks in the child.
  pid = os.fork()

[2025-09-05T11:00:02.374+0000] {standard_task_runner.py:90} INFO - Running: ['airflow', 'tasks', 'run', 'dbt_run_models', 'run_dbt_models', 'scheduled__2025-09-05T10:00:00+00:00', '--job-id', '1058', '--raw', '--subdir', 'DAGS_FOLDER/dbt_dag.py', '--cfg-path', '/tmp/tmpegxn2w9x']
[2025-09-05T11:00:02.375+0000] {standard_task_runner.py:64} INFO - Started process 941 to run task
[2025-09-05T11:00:02.377+0000] {standard_task_runner.py:91} INFO - Job 1058: Subtask run_dbt_models
[2025-09-05T11:00:02.422+0000] {warnings.py:112} WARNING - /home/airflow/.local/lib/python3.12/site-packages/airflow/settings.py:195: DeprecationWarning: The sql_alchemy_conn option in [core] has been moved to the sql_alchemy_conn option in [database] - the old setting has been used, but please update your config.
  SQL_ALCHEMY_CONN = conf.get("database", "SQL_ALCHEMY_CONN")

[2025-09-05T11:00:02.561+0000] {task_command.py:426} INFO - Running <TaskInstance: dbt_run_models.run_dbt_models scheduled__2025-09-05T10:00:00+00:00 [running]> on host b5ea13053d47
[2025-09-05T11:00:02.987+0000] {taskinstance.py:2648} INFO - Exporting env vars: AIRFLOW_CTX_DAG_OWNER='airflow' AIRFLOW_CTX_DAG_ID='dbt_run_models' AIRFLOW_CTX_TASK_ID='run_dbt_models' AIRFLOW_CTX_EXECUTION_DATE='2025-09-05T10:00:00+00:00' AIRFLOW_CTX_TRY_NUMBER='1' AIRFLOW_CTX_DAG_RUN_ID='scheduled__2025-09-05T10:00:00+00:00'
[2025-09-05T11:00:02.993+0000] {taskinstance.py:430} INFO - ::endgroup::
[2025-09-05T11:00:03.056+0000] {subprocess.py:63} INFO - Tmp dir root location: /tmp
[2025-09-05T11:00:03.059+0000] {subprocess.py:75} INFO - Running command: ['/usr/bin/bash', '-c', '\n        cd /usr/app &&         dbt run --profiles-dir /usr/app\n        ']
[2025-09-05T11:00:03.096+0000] {subprocess.py:86} INFO - Output:
[2025-09-05T11:00:08.045+0000] {subprocess.py:93} INFO - [0m11:00:08  Running with dbt=1.7.9
[2025-09-05T11:00:08.418+0000] {subprocess.py:93} INFO - [0m11:00:08  Registered adapter: postgres=1.7.9
[2025-09-05T11:00:08.461+0000] {subprocess.py:93} INFO - [0m11:00:08  [[33mWARNING[0m]: Configuration paths exist in your dbt_project.yml file which do not apply to any resources.
[2025-09-05T11:00:08.461+0000] {subprocess.py:93} INFO - There are 1 unused configuration paths:
[2025-09-05T11:00:08.461+0000] {subprocess.py:93} INFO - - models.my_project.sources
[2025-09-05T11:00:08.486+0000] {subprocess.py:93} INFO - [0m11:00:08  Found 7 models, 7 sources, 0 exposures, 0 metrics, 401 macros, 0 groups, 0 semantic models
[2025-09-05T11:00:08.490+0000] {subprocess.py:93} INFO - [0m11:00:08
[2025-09-05T11:00:08.698+0000] {subprocess.py:93} INFO - [0m11:00:08  Concurrency: 4 threads (target='dev')
[2025-09-05T11:00:08.699+0000] {subprocess.py:93} INFO - [0m11:00:08
[2025-09-05T11:00:08.723+0000] {subprocess.py:93} INFO - [0m11:00:08  1 of 7 START sql view model analytics.stg_AOV .................................. [RUN]
[2025-09-05T11:00:08.729+0000] {subprocess.py:93} INFO - [0m11:00:08  2 of 7 START sql view model analytics.stg_order_count_year ..................... [RUN]
[2025-09-05T11:00:08.733+0000] {subprocess.py:93} INFO - [0m11:00:08  3 of 7 START sql view model analytics.stg_order_details ........................ [RUN]
[2025-09-05T11:00:08.736+0000] {subprocess.py:93} INFO - [0m11:00:08  4 of 7 START sql view model analytics.stg_orders ............................... [RUN]
[2025-09-05T11:00:09.358+0000] {subprocess.py:93} INFO - [0m11:00:09  1 of 7 OK created sql view model analytics.stg_AOV ............................. [[32mCREATE VIEW[0m in 0.61s]
[2025-09-05T11:00:09.372+0000] {subprocess.py:93} INFO - [0m11:00:09  4 of 7 OK created sql view model analytics.stg_orders .......................... [[32mCREATE VIEW[0m in 0.60s]
[2025-09-05T11:00:09.375+0000] {subprocess.py:93} INFO - [0m11:00:09  2 of 7 OK created sql view model analytics.stg_order_count_year ................ [[32mCREATE VIEW[0m in 0.62s]
[2025-09-05T11:00:09.378+0000] {subprocess.py:93} INFO - [0m11:00:09  3 of 7 OK created sql view model analytics.stg_order_details ................... [[32mCREATE VIEW[0m in 0.62s]
[2025-09-05T11:00:09.379+0000] {subprocess.py:93} INFO - [0m11:00:09  5 of 7 START sql table model analytics.AOV_chek ................................ [RUN]
[2025-09-05T11:00:09.392+0000] {subprocess.py:93} INFO - [0m11:00:09  6 of 7 START sql table model analytics.order_count_year ........................ [RUN]
[2025-09-05T11:00:09.394+0000] {subprocess.py:93} INFO - [0m11:00:09  7 of 7 START sql table model analytics.orders_summary .......................... [RUN]
[2025-09-05T11:00:09.659+0000] {subprocess.py:93} INFO - [0m11:00:09  5 of 7 OK created sql table model analytics.AOV_chek ........................... [[32mSELECT 50[0m in 0.27s]
[2025-09-05T11:00:09.818+0000] {subprocess.py:93} INFO - [0m11:00:09  6 of 7 OK created sql table model analytics.order_count_year ................... [[32mSELECT 3[0m in 0.41s]
[2025-09-05T11:00:09.851+0000] {subprocess.py:93} INFO - [0m11:00:09  7 of 7 OK created sql table model analytics.orders_summary ..................... [[32mSELECT 10000[0m in 0.44s]
[2025-09-05T11:00:09.892+0000] {subprocess.py:93} INFO - [0m11:00:09
[2025-09-05T11:00:09.893+0000] {subprocess.py:93} INFO - [0m11:00:09  Finished running 4 view models, 3 table models in 0 hours 0 minutes and 1.40 seconds (1.40s).
[2025-09-05T11:00:09.920+0000] {subprocess.py:93} INFO - [0m11:00:09
[2025-09-05T11:00:09.921+0000] {subprocess.py:93} INFO - [0m11:00:09  [32mCompleted successfully[0m
[2025-09-05T11:00:09.922+0000] {subprocess.py:93} INFO - [0m11:00:09
[2025-09-05T11:00:09.923+0000] {subprocess.py:93} INFO - [0m11:00:09  Done. PASS=7 WARN=0 ERROR=0 SKIP=0 TOTAL=7
[2025-09-05T11:00:20.475+0000] {subprocess.py:97} INFO - Command exited with return code 0
[2025-09-05T11:00:20.478+0000] {taskinstance.py:441} INFO - ::group::Post task execution logs
[2025-09-05T11:00:20.531+0000] {taskinstance.py:1206} INFO - Marking task as SUCCESS. dag_id=dbt_run_models, task_id=run_dbt_models, run_id=scheduled__2025-09-05T10:00:00+00:00, execution_date=20250905T100000, start_date=20250905T110002, end_date=20250905T110020
[2025-09-05T11:00:20.568+0000] {local_task_job_runner.py:243} INFO - Task exited with return code 0
[2025-09-05T11:00:20.593+0000] {taskinstance.py:3503} INFO - 1 downstream tasks scheduled from follow-on schedule check
[2025-09-05T11:00:20.598+0000] {local_task_job_runner.py:222} INFO - ::endgroup::
