[2025-09-03T05:07:40.267+0000] {local_task_job_runner.py:120} INFO - ::group::Pre task execution logs
[2025-09-03T05:07:40.324+0000] {taskinstance.py:2076} INFO - Dependencies all met for dep_context=non-requeueable deps ti=<TaskInstance: dbt_run_models.run_dbt_models manual__2025-09-03T05:07:39.474977+00:00 [queued]>
[2025-09-03T05:07:40.348+0000] {taskinstance.py:2076} INFO - Dependencies all met for dep_context=requeueable deps ti=<TaskInstance: dbt_run_models.run_dbt_models manual__2025-09-03T05:07:39.474977+00:00 [queued]>
[2025-09-03T05:07:40.349+0000] {taskinstance.py:2306} INFO - Starting attempt 1 of 2
[2025-09-03T05:07:40.390+0000] {taskinstance.py:2330} INFO - Executing <Task(BashOperator): run_dbt_models> on 2025-09-03 05:07:39.474977+00:00
[2025-09-03T05:07:40.404+0000] {standard_task_runner.py:90} INFO - Running: ['airflow', 'tasks', 'run', 'dbt_run_models', 'run_dbt_models', 'manual__2025-09-03T05:07:39.474977+00:00', '--job-id', '924', '--raw', '--subdir', 'DAGS_FOLDER/dbt_dag.py', '--cfg-path', '/tmp/tmp36hysgks']
[2025-09-03T05:07:40.405+0000] {standard_task_runner.py:91} INFO - Job 924: Subtask run_dbt_models
[2025-09-03T05:07:40.403+0000] {warnings.py:112} WARNING - /home/airflow/.local/lib/python3.12/site-packages/airflow/task/task_runner/standard_task_runner.py:62: DeprecationWarning: This process (pid=2972) is multi-threaded, use of fork() may lead to deadlocks in the child.
  pid = os.fork()

[2025-09-03T05:07:40.406+0000] {standard_task_runner.py:64} INFO - Started process 2973 to run task
[2025-09-03T05:07:40.435+0000] {warnings.py:112} WARNING - /home/airflow/.local/lib/python3.12/site-packages/airflow/settings.py:195: DeprecationWarning: The sql_alchemy_conn option in [core] has been moved to the sql_alchemy_conn option in [database] - the old setting has been used, but please update your config.
  SQL_ALCHEMY_CONN = conf.get("database", "SQL_ALCHEMY_CONN")

[2025-09-03T05:07:40.512+0000] {task_command.py:426} INFO - Running <TaskInstance: dbt_run_models.run_dbt_models manual__2025-09-03T05:07:39.474977+00:00 [running]> on host b5ea13053d47
[2025-09-03T05:07:40.661+0000] {taskinstance.py:2648} INFO - Exporting env vars: AIRFLOW_CTX_DAG_OWNER='airflow' AIRFLOW_CTX_DAG_ID='dbt_run_models' AIRFLOW_CTX_TASK_ID='run_dbt_models' AIRFLOW_CTX_EXECUTION_DATE='2025-09-03T05:07:39.474977+00:00' AIRFLOW_CTX_TRY_NUMBER='1' AIRFLOW_CTX_DAG_RUN_ID='manual__2025-09-03T05:07:39.474977+00:00'
[2025-09-03T05:07:40.663+0000] {taskinstance.py:430} INFO - ::endgroup::
[2025-09-03T05:07:40.705+0000] {subprocess.py:63} INFO - Tmp dir root location: /tmp
[2025-09-03T05:07:40.706+0000] {subprocess.py:75} INFO - Running command: ['/usr/bin/bash', '-c', '\n        cd /usr/app &&         dbt run --profiles-dir /usr/app\n        ']
[2025-09-03T05:07:40.722+0000] {subprocess.py:86} INFO - Output:
[2025-09-03T05:07:44.615+0000] {subprocess.py:93} INFO - [0m05:07:44  Running with dbt=1.7.9
[2025-09-03T05:07:45.005+0000] {subprocess.py:93} INFO - [0m05:07:45  Registered adapter: postgres=1.7.9
[2025-09-03T05:07:45.493+0000] {subprocess.py:93} INFO - [0m05:07:45  Encountered an error:
[2025-09-03T05:07:45.494+0000] {subprocess.py:93} INFO - Compilation Error
[2025-09-03T05:07:45.494+0000] {subprocess.py:93} INFO -   Model 'model.my_project.order_count_year' (models/marts/order_count_year.sql) depends on a node named 'orders' in package or project 'northwind' which was not found
[2025-09-03T05:07:46.655+0000] {subprocess.py:97} INFO - Command exited with return code 2
[2025-09-03T05:07:46.656+0000] {taskinstance.py:441} INFO - ::group::Post task execution logs
[2025-09-03T05:07:46.668+0000] {taskinstance.py:2905} ERROR - Task failed with exception
Traceback (most recent call last):
  File "/home/airflow/.local/lib/python3.12/site-packages/airflow/models/taskinstance.py", line 465, in _execute_task
    result = _execute_callable(context=context, **execute_callable_kwargs)
             ^^^^^^^^^^^^^^^^^^^^^^^^^^^^^^^^^^^^^^^^^^^^^^^^^^^^^^^^^^^^^
  File "/home/airflow/.local/lib/python3.12/site-packages/airflow/models/taskinstance.py", line 432, in _execute_callable
    return execute_callable(context=context, **execute_callable_kwargs)
           ^^^^^^^^^^^^^^^^^^^^^^^^^^^^^^^^^^^^^^^^^^^^^^^^^^^^^^^^^^^^
  File "/home/airflow/.local/lib/python3.12/site-packages/airflow/models/baseoperator.py", line 401, in wrapper
    return func(self, *args, **kwargs)
           ^^^^^^^^^^^^^^^^^^^^^^^^^^^
  File "/home/airflow/.local/lib/python3.12/site-packages/airflow/operators/bash.py", line 243, in execute
    raise AirflowException(
airflow.exceptions.AirflowException: Bash command failed. The command returned a non-zero exit code 2.
[2025-09-03T05:07:46.673+0000] {taskinstance.py:1206} INFO - Marking task as UP_FOR_RETRY. dag_id=dbt_run_models, task_id=run_dbt_models, run_id=manual__2025-09-03T05:07:39.474977+00:00, execution_date=20250903T050739, start_date=20250903T050740, end_date=20250903T050746
[2025-09-03T05:07:46.692+0000] {standard_task_runner.py:110} ERROR - Failed to execute job 924 for task run_dbt_models (Bash command failed. The command returned a non-zero exit code 2.; 2973)
[2025-09-03T05:07:46.702+0000] {local_task_job_runner.py:243} INFO - Task exited with return code 1
[2025-09-03T05:07:46.730+0000] {taskinstance.py:3503} INFO - 0 downstream tasks scheduled from follow-on schedule check
[2025-09-03T05:07:46.740+0000] {local_task_job_runner.py:222} INFO - ::endgroup::
