[2025-09-03T05:12:48.179+0000] {local_task_job_runner.py:120} INFO - ::group::Pre task execution logs
[2025-09-03T05:12:48.265+0000] {taskinstance.py:2076} INFO - Dependencies all met for dep_context=non-requeueable deps ti=<TaskInstance: dbt_run_models.run_dbt_models manual__2025-09-03T05:07:39.474977+00:00 [queued]>
[2025-09-03T05:12:48.294+0000] {taskinstance.py:2076} INFO - Dependencies all met for dep_context=requeueable deps ti=<TaskInstance: dbt_run_models.run_dbt_models manual__2025-09-03T05:07:39.474977+00:00 [queued]>
[2025-09-03T05:12:48.295+0000] {taskinstance.py:2306} INFO - Starting attempt 2 of 2
[2025-09-03T05:12:48.334+0000] {taskinstance.py:2330} INFO - Executing <Task(BashOperator): run_dbt_models> on 2025-09-03 05:07:39.474977+00:00
[2025-09-03T05:12:48.349+0000] {warnings.py:112} WARNING - /home/airflow/.local/lib/python3.12/site-packages/airflow/task/task_runner/standard_task_runner.py:62: DeprecationWarning: This process (pid=3035) is multi-threaded, use of fork() may lead to deadlocks in the child.
  pid = os.fork()

[2025-09-03T05:12:48.351+0000] {standard_task_runner.py:64} INFO - Started process 3036 to run task
[2025-09-03T05:12:48.364+0000] {standard_task_runner.py:90} INFO - Running: ['airflow', 'tasks', 'run', 'dbt_run_models', 'run_dbt_models', 'manual__2025-09-03T05:07:39.474977+00:00', '--job-id', '930', '--raw', '--subdir', 'DAGS_FOLDER/dbt_dag.py', '--cfg-path', '/tmp/tmpb_jn9gnk']
[2025-09-03T05:12:48.366+0000] {standard_task_runner.py:91} INFO - Job 930: Subtask run_dbt_models
[2025-09-03T05:12:48.420+0000] {warnings.py:112} WARNING - /home/airflow/.local/lib/python3.12/site-packages/airflow/settings.py:195: DeprecationWarning: The sql_alchemy_conn option in [core] has been moved to the sql_alchemy_conn option in [database] - the old setting has been used, but please update your config.
  SQL_ALCHEMY_CONN = conf.get("database", "SQL_ALCHEMY_CONN")

[2025-09-03T05:12:48.577+0000] {task_command.py:426} INFO - Running <TaskInstance: dbt_run_models.run_dbt_models manual__2025-09-03T05:07:39.474977+00:00 [running]> on host b5ea13053d47
[2025-09-03T05:12:48.830+0000] {taskinstance.py:2648} INFO - Exporting env vars: AIRFLOW_CTX_DAG_OWNER='airflow' AIRFLOW_CTX_DAG_ID='dbt_run_models' AIRFLOW_CTX_TASK_ID='run_dbt_models' AIRFLOW_CTX_EXECUTION_DATE='2025-09-03T05:07:39.474977+00:00' AIRFLOW_CTX_TRY_NUMBER='2' AIRFLOW_CTX_DAG_RUN_ID='manual__2025-09-03T05:07:39.474977+00:00'
[2025-09-03T05:12:48.831+0000] {taskinstance.py:430} INFO - ::endgroup::
[2025-09-03T05:12:48.872+0000] {subprocess.py:63} INFO - Tmp dir root location: /tmp
[2025-09-03T05:12:48.873+0000] {subprocess.py:75} INFO - Running command: ['/usr/bin/bash', '-c', '\n        cd /usr/app &&         dbt run --profiles-dir /usr/app\n        ']
[2025-09-03T05:12:48.891+0000] {subprocess.py:86} INFO - Output:
[2025-09-03T05:12:56.831+0000] {subprocess.py:93} INFO - [0m05:12:56  Running with dbt=1.7.9
[2025-09-03T05:12:57.584+0000] {subprocess.py:93} INFO - [0m05:12:57  Registered adapter: postgres=1.7.9
[2025-09-03T05:12:57.643+0000] {subprocess.py:93} INFO - [0m05:12:57  [[33mWARNING[0m]: Configuration paths exist in your dbt_project.yml file which do not apply to any resources.
[2025-09-03T05:12:57.643+0000] {subprocess.py:93} INFO - There are 1 unused configuration paths:
[2025-09-03T05:12:57.644+0000] {subprocess.py:93} INFO - - models.my_project.sources
[2025-09-03T05:12:57.673+0000] {subprocess.py:93} INFO - [0m05:12:57  Found 5 models, 7 sources, 0 exposures, 0 metrics, 401 macros, 0 groups, 0 semantic models
[2025-09-03T05:12:57.677+0000] {subprocess.py:93} INFO - [0m05:12:57
[2025-09-03T05:12:57.909+0000] {subprocess.py:93} INFO - [0m05:12:57  Concurrency: 4 threads (target='dev')
[2025-09-03T05:12:57.910+0000] {subprocess.py:93} INFO - [0m05:12:57
[2025-09-03T05:12:57.929+0000] {subprocess.py:93} INFO - [0m05:12:57  1 of 5 START sql view model analytics.stg_order_count_year ..................... [RUN]
[2025-09-03T05:12:57.930+0000] {subprocess.py:93} INFO - [0m05:12:57  2 of 5 START sql view model analytics.stg_order_details ........................ [RUN]
[2025-09-03T05:12:57.931+0000] {subprocess.py:93} INFO - [0m05:12:57  3 of 5 START sql view model analytics.stg_orders ............................... [RUN]
[2025-09-03T05:12:58.462+0000] {subprocess.py:93} INFO - [0m05:12:58  1 of 5 OK created sql view model analytics.stg_order_count_year ................ [[32mCREATE VIEW[0m in 0.51s]
[2025-09-03T05:12:58.465+0000] {subprocess.py:93} INFO - [0m05:12:58  2 of 5 OK created sql view model analytics.stg_order_details ................... [[32mCREATE VIEW[0m in 0.52s]
[2025-09-03T05:12:58.482+0000] {subprocess.py:93} INFO - [0m05:12:58  4 of 5 START sql table model analytics.order_count_year ........................ [RUN]
[2025-09-03T05:12:58.511+0000] {subprocess.py:93} INFO - [0m05:12:58  3 of 5 OK created sql view model analytics.stg_orders .......................... [[32mCREATE VIEW[0m in 0.56s]
[2025-09-03T05:12:58.522+0000] {subprocess.py:93} INFO - [0m05:12:58  5 of 5 START sql table model analytics.orders_summary .......................... [RUN]
[2025-09-03T05:12:58.832+0000] {subprocess.py:93} INFO - [0m05:12:58  4 of 5 OK created sql table model analytics.order_count_year ................... [[32mSELECT 3[0m in 0.34s]
[2025-09-03T05:12:58.846+0000] {subprocess.py:93} INFO - [0m05:12:58  5 of 5 OK created sql table model analytics.orders_summary ..................... [[32mSELECT 10000[0m in 0.29s]
[2025-09-03T05:12:58.865+0000] {subprocess.py:93} INFO - [0m05:12:58
[2025-09-03T05:12:58.865+0000] {subprocess.py:93} INFO - [0m05:12:58  Finished running 3 view models, 2 table models in 0 hours 0 minutes and 1.19 seconds (1.19s).
[2025-09-03T05:12:58.881+0000] {subprocess.py:93} INFO - [0m05:12:58
[2025-09-03T05:12:58.881+0000] {subprocess.py:93} INFO - [0m05:12:58  [32mCompleted successfully[0m
[2025-09-03T05:12:58.882+0000] {subprocess.py:93} INFO - [0m05:12:58
[2025-09-03T05:12:58.883+0000] {subprocess.py:93} INFO - [0m05:12:58  Done. PASS=5 WARN=0 ERROR=0 SKIP=0 TOTAL=5
[2025-09-03T05:13:00.169+0000] {subprocess.py:97} INFO - Command exited with return code 0
[2025-09-03T05:13:00.170+0000] {taskinstance.py:441} INFO - ::group::Post task execution logs
[2025-09-03T05:13:00.266+0000] {taskinstance.py:1206} INFO - Marking task as SUCCESS. dag_id=dbt_run_models, task_id=run_dbt_models, run_id=manual__2025-09-03T05:07:39.474977+00:00, execution_date=20250903T050739, start_date=20250903T051248, end_date=20250903T051300
[2025-09-03T05:13:00.375+0000] {local_task_job_runner.py:243} INFO - Task exited with return code 0
[2025-09-03T05:13:00.420+0000] {taskinstance.py:3503} INFO - 1 downstream tasks scheduled from follow-on schedule check
[2025-09-03T05:13:00.428+0000] {local_task_job_runner.py:222} INFO - ::endgroup::
