[2025-09-03T05:12:28.616+0000] {local_task_job_runner.py:120} INFO - ::group::Pre task execution logs
[2025-09-03T05:12:28.668+0000] {taskinstance.py:2076} INFO - Dependencies all met for dep_context=non-requeueable deps ti=<TaskInstance: dbt_run_models.run_dbt_models manual__2025-09-03T05:12:27.609507+00:00 [queued]>
[2025-09-03T05:12:28.676+0000] {taskinstance.py:2076} INFO - Dependencies all met for dep_context=requeueable deps ti=<TaskInstance: dbt_run_models.run_dbt_models manual__2025-09-03T05:12:27.609507+00:00 [queued]>
[2025-09-03T05:12:28.677+0000] {taskinstance.py:2306} INFO - Starting attempt 1 of 2
[2025-09-03T05:12:28.697+0000] {taskinstance.py:2330} INFO - Executing <Task(BashOperator): run_dbt_models> on 2025-09-03 05:12:27.609507+00:00
[2025-09-03T05:12:28.703+0000] {warnings.py:112} WARNING - /home/airflow/.local/lib/python3.12/site-packages/airflow/task/task_runner/standard_task_runner.py:62: DeprecationWarning: This process (pid=3016) is multi-threaded, use of fork() may lead to deadlocks in the child.
  pid = os.fork()

[2025-09-03T05:12:28.704+0000] {standard_task_runner.py:64} INFO - Started process 3017 to run task
[2025-09-03T05:12:28.705+0000] {standard_task_runner.py:90} INFO - Running: ['airflow', 'tasks', 'run', 'dbt_run_models', 'run_dbt_models', 'manual__2025-09-03T05:12:27.609507+00:00', '--job-id', '928', '--raw', '--subdir', 'DAGS_FOLDER/dbt_dag.py', '--cfg-path', '/tmp/tmp7gvsyjfz']
[2025-09-03T05:12:28.706+0000] {standard_task_runner.py:91} INFO - Job 928: Subtask run_dbt_models
[2025-09-03T05:12:28.720+0000] {warnings.py:112} WARNING - /home/airflow/.local/lib/python3.12/site-packages/airflow/settings.py:195: DeprecationWarning: The sql_alchemy_conn option in [core] has been moved to the sql_alchemy_conn option in [database] - the old setting has been used, but please update your config.
  SQL_ALCHEMY_CONN = conf.get("database", "SQL_ALCHEMY_CONN")

[2025-09-03T05:12:28.792+0000] {task_command.py:426} INFO - Running <TaskInstance: dbt_run_models.run_dbt_models manual__2025-09-03T05:12:27.609507+00:00 [running]> on host b5ea13053d47
[2025-09-03T05:12:29.029+0000] {taskinstance.py:2648} INFO - Exporting env vars: AIRFLOW_CTX_DAG_OWNER='airflow' AIRFLOW_CTX_DAG_ID='dbt_run_models' AIRFLOW_CTX_TASK_ID='run_dbt_models' AIRFLOW_CTX_EXECUTION_DATE='2025-09-03T05:12:27.609507+00:00' AIRFLOW_CTX_TRY_NUMBER='1' AIRFLOW_CTX_DAG_RUN_ID='manual__2025-09-03T05:12:27.609507+00:00'
[2025-09-03T05:12:29.031+0000] {taskinstance.py:430} INFO - ::endgroup::
[2025-09-03T05:12:29.071+0000] {subprocess.py:63} INFO - Tmp dir root location: /tmp
[2025-09-03T05:12:29.073+0000] {subprocess.py:75} INFO - Running command: ['/usr/bin/bash', '-c', '\n        cd /usr/app &&         dbt run --profiles-dir /usr/app\n        ']
[2025-09-03T05:12:29.089+0000] {subprocess.py:86} INFO - Output:
[2025-09-03T05:12:32.544+0000] {subprocess.py:93} INFO - [0m05:12:32  Running with dbt=1.7.9
[2025-09-03T05:12:32.937+0000] {subprocess.py:93} INFO - [0m05:12:32  Registered adapter: postgres=1.7.9
[2025-09-03T05:12:32.985+0000] {subprocess.py:93} INFO - [0m05:12:32  [[33mWARNING[0m]: Configuration paths exist in your dbt_project.yml file which do not apply to any resources.
[2025-09-03T05:12:32.985+0000] {subprocess.py:93} INFO - There are 1 unused configuration paths:
[2025-09-03T05:12:32.985+0000] {subprocess.py:93} INFO - - models.my_project.sources
[2025-09-03T05:12:33.011+0000] {subprocess.py:93} INFO - [0m05:12:33  Found 5 models, 7 sources, 0 exposures, 0 metrics, 401 macros, 0 groups, 0 semantic models
[2025-09-03T05:12:33.016+0000] {subprocess.py:93} INFO - [0m05:12:33
[2025-09-03T05:12:33.160+0000] {subprocess.py:93} INFO - [0m05:12:33  Concurrency: 4 threads (target='dev')
[2025-09-03T05:12:33.160+0000] {subprocess.py:93} INFO - [0m05:12:33
[2025-09-03T05:12:33.176+0000] {subprocess.py:93} INFO - [0m05:12:33  1 of 5 START sql view model analytics.stg_order_count_year ..................... [RUN]
[2025-09-03T05:12:33.196+0000] {subprocess.py:93} INFO - [0m05:12:33  2 of 5 START sql view model analytics.stg_order_details ........................ [RUN]
[2025-09-03T05:12:33.199+0000] {subprocess.py:93} INFO - [0m05:12:33  3 of 5 START sql view model analytics.stg_orders ............................... [RUN]
[2025-09-03T05:12:33.632+0000] {subprocess.py:93} INFO - [0m05:12:33  2 of 5 OK created sql view model analytics.stg_order_details ................... [[32mCREATE VIEW[0m in 0.43s]
[2025-09-03T05:12:33.654+0000] {subprocess.py:93} INFO - [0m05:12:33  3 of 5 OK created sql view model analytics.stg_orders .......................... [[32mCREATE VIEW[0m in 0.44s]
[2025-09-03T05:12:33.660+0000] {subprocess.py:93} INFO - [0m05:12:33  1 of 5 OK created sql view model analytics.stg_order_count_year ................ [[32mCREATE VIEW[0m in 0.48s]
[2025-09-03T05:12:33.679+0000] {subprocess.py:93} INFO - [0m05:12:33  4 of 5 START sql table model analytics.orders_summary .......................... [RUN]
[2025-09-03T05:12:33.687+0000] {subprocess.py:93} INFO - [0m05:12:33  5 of 5 START sql table model analytics.order_count_year ........................ [RUN]
[2025-09-03T05:12:34.126+0000] {subprocess.py:93} INFO - [0m05:12:34  4 of 5 OK created sql table model analytics.orders_summary ..................... [[32mSELECT 10000[0m in 0.45s]
[2025-09-03T05:12:34.132+0000] {subprocess.py:93} INFO - [0m05:12:34  5 of 5 OK created sql table model analytics.order_count_year ................... [[32mSELECT 3[0m in 0.44s]
[2025-09-03T05:12:34.164+0000] {subprocess.py:93} INFO - [0m05:12:34
[2025-09-03T05:12:34.165+0000] {subprocess.py:93} INFO - [0m05:12:34  Finished running 3 view models, 2 table models in 0 hours 0 minutes and 1.15 seconds (1.15s).
[2025-09-03T05:12:34.194+0000] {subprocess.py:93} INFO - [0m05:12:34
[2025-09-03T05:12:34.195+0000] {subprocess.py:93} INFO - [0m05:12:34  [32mCompleted successfully[0m
[2025-09-03T05:12:34.196+0000] {subprocess.py:93} INFO - [0m05:12:34
[2025-09-03T05:12:34.197+0000] {subprocess.py:93} INFO - [0m05:12:34  Done. PASS=5 WARN=0 ERROR=0 SKIP=0 TOTAL=5
[2025-09-03T05:12:35.364+0000] {subprocess.py:97} INFO - Command exited with return code 0
[2025-09-03T05:12:35.365+0000] {taskinstance.py:441} INFO - ::group::Post task execution logs
[2025-09-03T05:12:35.394+0000] {taskinstance.py:1206} INFO - Marking task as SUCCESS. dag_id=dbt_run_models, task_id=run_dbt_models, run_id=manual__2025-09-03T05:12:27.609507+00:00, execution_date=20250903T051227, start_date=20250903T051228, end_date=20250903T051235
[2025-09-03T05:12:35.423+0000] {local_task_job_runner.py:243} INFO - Task exited with return code 0
[2025-09-03T05:12:35.442+0000] {taskinstance.py:3503} INFO - 1 downstream tasks scheduled from follow-on schedule check
[2025-09-03T05:12:35.450+0000] {local_task_job_runner.py:222} INFO - ::endgroup::
