[2025-08-26T08:00:08.712+0000] {local_task_job_runner.py:120} INFO - ::group::Pre task execution logs
[2025-08-26T08:00:08.775+0000] {taskinstance.py:2076} INFO - Dependencies all met for dep_context=non-requeueable deps ti=<TaskInstance: daily_generate_orders.load_csv_to_postgres scheduled__2025-08-26T07:00:00+00:00 [queued]>
[2025-08-26T08:00:08.808+0000] {taskinstance.py:2076} INFO - Dependencies all met for dep_context=requeueable deps ti=<TaskInstance: daily_generate_orders.load_csv_to_postgres scheduled__2025-08-26T07:00:00+00:00 [queued]>
[2025-08-26T08:00:08.810+0000] {taskinstance.py:2306} INFO - Starting attempt 1 of 1
[2025-08-26T08:00:08.846+0000] {taskinstance.py:2330} INFO - Executing <Task(PythonOperator): load_csv_to_postgres> on 2025-08-26 07:00:00+00:00
[2025-08-26T08:00:08.871+0000] {warnings.py:112} WARNING - /home/airflow/.local/lib/python3.12/site-packages/airflow/task/task_runner/standard_task_runner.py:62: DeprecationWarning: This process (pid=1041) is multi-threaded, use of fork() may lead to deadlocks in the child.
  pid = os.fork()

[2025-08-26T08:00:08.876+0000] {standard_task_runner.py:64} INFO - Started process 1043 to run task
[2025-08-26T08:00:08.892+0000] {standard_task_runner.py:90} INFO - Running: ['airflow', 'tasks', 'run', 'daily_generate_orders', 'load_csv_to_postgres', 'scheduled__2025-08-26T07:00:00+00:00', '--job-id', '589', '--raw', '--subdir', 'DAGS_FOLDER/generate_fake_shop_csv.py', '--cfg-path', '/tmp/tmpy4c6rt3y']
[2025-08-26T08:00:08.895+0000] {standard_task_runner.py:91} INFO - Job 589: Subtask load_csv_to_postgres
[2025-08-26T08:00:08.966+0000] {warnings.py:112} WARNING - /home/airflow/.local/lib/python3.12/site-packages/airflow/settings.py:195: DeprecationWarning: The sql_alchemy_conn option in [core] has been moved to the sql_alchemy_conn option in [database] - the old setting has been used, but please update your config.
  SQL_ALCHEMY_CONN = conf.get("database", "SQL_ALCHEMY_CONN")

[2025-08-26T08:00:09.131+0000] {task_command.py:426} INFO - Running <TaskInstance: daily_generate_orders.load_csv_to_postgres scheduled__2025-08-26T07:00:00+00:00 [running]> on host b5ea13053d47
[2025-08-26T08:00:09.404+0000] {taskinstance.py:2648} INFO - Exporting env vars: AIRFLOW_CTX_DAG_OWNER='airflow' AIRFLOW_CTX_DAG_ID='daily_generate_orders' AIRFLOW_CTX_TASK_ID='load_csv_to_postgres' AIRFLOW_CTX_EXECUTION_DATE='2025-08-26T07:00:00+00:00' AIRFLOW_CTX_TRY_NUMBER='1' AIRFLOW_CTX_DAG_RUN_ID='scheduled__2025-08-26T07:00:00+00:00'
[2025-08-26T08:00:09.405+0000] {taskinstance.py:430} INFO - ::endgroup::
[2025-08-26T08:00:09.458+0000] {base.py:84} INFO - Using connection ID 'postgres_conn' for task execution.
[2025-08-26T08:00:10.894+0000] {logging_mixin.py:188} INFO - ✅ Загружено 15000 строк в таблицу shipments
[2025-08-26T08:00:10.916+0000] {logging_mixin.py:188} INFO - ✅ Загружено 200 новых строк в таблицу shipments
[2025-08-26T08:00:10.946+0000] {logging_mixin.py:188} INFO - ✅ Загружено 200 новых строк в таблицу shipments
[2025-08-26T08:00:10.961+0000] {logging_mixin.py:188} INFO - ✅ Загружено 200 новых строк в таблицу shipments
[2025-08-26T08:00:10.988+0000] {logging_mixin.py:188} INFO - ✅ Загружено 200 новых строк в таблицу shipments
[2025-08-26T08:00:11.015+0000] {logging_mixin.py:188} INFO - ✅ Загружено 200 новых строк в таблицу shipments
[2025-08-26T08:00:11.039+0000] {logging_mixin.py:188} INFO - ✅ Загружено 200 новых строк в таблицу shipments
[2025-08-26T08:00:11.063+0000] {logging_mixin.py:188} INFO - ✅ Загружено 200 новых строк в таблицу shipments
[2025-08-26T08:00:11.739+0000] {logging_mixin.py:188} INFO - ✅ Загружено 10000 строк в таблицу customers
[2025-08-26T08:00:11.764+0000] {logging_mixin.py:188} INFO - ✅ Загружено 400 новых строк в таблицу customers
[2025-08-26T08:00:11.796+0000] {logging_mixin.py:188} INFO - ✅ Загружено 400 новых строк в таблицу customers
[2025-08-26T08:00:11.820+0000] {logging_mixin.py:188} INFO - ✅ Загружено 400 новых строк в таблицу customers
[2025-08-26T08:00:11.838+0000] {logging_mixin.py:188} INFO - ✅ Загружено 400 новых строк в таблицу customers
[2025-08-26T08:00:11.858+0000] {logging_mixin.py:188} INFO - ✅ Загружено 400 новых строк в таблицу customers
[2025-08-26T08:00:11.881+0000] {logging_mixin.py:188} INFO - ✅ Загружено 400 новых строк в таблицу customers
[2025-08-26T08:00:13.041+0000] {logging_mixin.py:188} INFO - ✅ Загружено 15022 строк в таблицу orders
[2025-08-26T08:00:13.069+0000] {logging_mixin.py:188} INFO - ✅ Загружено 222 новых строк в таблицу orders
[2025-08-26T08:00:13.108+0000] {logging_mixin.py:188} INFO - ✅ Загружено 222 новых строк в таблицу orders
[2025-08-26T08:00:13.147+0000] {logging_mixin.py:188} INFO - ✅ Загружено 222 новых строк в таблицу orders
[2025-08-26T08:00:13.180+0000] {logging_mixin.py:188} INFO - ✅ Загружено 222 новых строк в таблицу orders
[2025-08-26T08:00:13.203+0000] {logging_mixin.py:188} INFO - ✅ Загружено 222 новых строк в таблицу orders
[2025-08-26T08:00:13.369+0000] {logging_mixin.py:188} INFO - ✅ Загружено 2000 строк в таблицу products
[2025-08-26T08:00:13.392+0000] {logging_mixin.py:188} INFO - ✅ Загружено 400 новых строк в таблицу products
[2025-08-26T08:00:13.416+0000] {logging_mixin.py:188} INFO - ✅ Загружено 400 новых строк в таблицу products
[2025-08-26T08:00:13.457+0000] {logging_mixin.py:188} INFO - ✅ Загружено 400 новых строк в таблицу products
[2025-08-26T08:00:13.493+0000] {logging_mixin.py:188} INFO - ✅ Загружено 400 новых строк в таблицу products
[2025-08-26T08:00:13.531+0000] {logging_mixin.py:188} INFO - ✅ Загружено 400 новых строк в таблицу products
[2025-08-26T08:00:15.114+0000] {logging_mixin.py:188} INFO - ✅ Загружено 20051 строк в таблицу order_items
[2025-08-26T08:00:15.127+0000] {logging_mixin.py:188} INFO - ✅ Загружено 51 новых строк в таблицу order_items
[2025-08-26T08:00:15.141+0000] {logging_mixin.py:188} INFO - ✅ Загружено 51 новых строк в таблицу order_items
[2025-08-26T08:00:15.155+0000] {logging_mixin.py:188} INFO - ✅ Загружено 51 новых строк в таблицу order_items
[2025-08-26T08:00:15.169+0000] {logging_mixin.py:188} INFO - ✅ Загружено 51 новых строк в таблицу order_items
[2025-08-26T08:00:15.182+0000] {logging_mixin.py:188} INFO - ✅ Загружено 51 новых строк в таблицу order_items
[2025-08-26T08:00:15.195+0000] {logging_mixin.py:188} INFO - ✅ Загружено 51 новых строк в таблицу order_items
[2025-08-26T08:00:15.217+0000] {logging_mixin.py:188} INFO - ✅ Загружено 100 строк в таблицу suppliers
[2025-08-26T08:00:15.235+0000] {logging_mixin.py:188} INFO - ✅ Загружено 100 новых строк в таблицу suppliers
[2025-08-26T08:00:15.253+0000] {logging_mixin.py:188} INFO - ✅ Загружено 100 новых строк в таблицу suppliers
[2025-08-26T08:00:15.270+0000] {logging_mixin.py:188} INFO - ✅ Загружено 100 новых строк в таблицу suppliers
[2025-08-26T08:00:15.285+0000] {logging_mixin.py:188} INFO - ✅ Загружено 100 новых строк в таблицу suppliers
[2025-08-26T08:00:15.299+0000] {logging_mixin.py:188} INFO - ✅ Загружено 100 новых строк в таблицу suppliers
[2025-08-26T08:00:15.306+0000] {logging_mixin.py:188} INFO - ✅ Загружено 100 новых строк в таблицу suppliers
[2025-08-26T08:00:16.276+0000] {logging_mixin.py:188} INFO - ✅ Загружено 15022 строк в таблицу payment
[2025-08-26T08:00:16.288+0000] {logging_mixin.py:188} INFO - ✅ Загружено 222 новых строк в таблицу payment
[2025-08-26T08:00:16.300+0000] {logging_mixin.py:188} INFO - ✅ Загружено 222 новых строк в таблицу payment
[2025-08-26T08:00:16.310+0000] {logging_mixin.py:188} INFO - ✅ Загружено 222 новых строк в таблицу payment
[2025-08-26T08:00:16.320+0000] {logging_mixin.py:188} INFO - ✅ Загружено 222 новых строк в таблицу payment
[2025-08-26T08:00:16.331+0000] {logging_mixin.py:188} INFO - ✅ Загружено 222 новых строк в таблицу payment
[2025-08-26T08:00:16.342+0000] {logging_mixin.py:188} INFO - ✅ Загружено 222 новых строк в таблицу payment
[2025-08-26T08:00:16.403+0000] {logging_mixin.py:188} INFO - ✅ Загружено 1106 строк в таблицу reviews
[2025-08-26T08:00:16.423+0000] {logging_mixin.py:188} INFO - ✅ Загружено 306 новых строк в таблицу reviews
[2025-08-26T08:00:16.443+0000] {logging_mixin.py:188} INFO - ✅ Загружено 306 новых строк в таблицу reviews
[2025-08-26T08:00:16.475+0000] {logging_mixin.py:188} INFO - ✅ Загружено 306 новых строк в таблицу reviews
[2025-08-26T08:00:16.506+0000] {logging_mixin.py:188} INFO - ✅ Загружено 306 новых строк в таблицу reviews
[2025-08-26T08:00:16.520+0000] {logging_mixin.py:188} INFO - ✅ Загружено 306 новых строк в таблицу reviews
[2025-08-26T08:00:16.541+0000] {logging_mixin.py:188} INFO - ✅ Загружено 306 новых строк в таблицу reviews
[2025-08-26T08:00:16.541+0000] {python.py:237} INFO - Done. Returned value was: None
[2025-08-26T08:00:16.542+0000] {taskinstance.py:441} INFO - ::group::Post task execution logs
[2025-08-26T08:00:16.555+0000] {taskinstance.py:1206} INFO - Marking task as SUCCESS. dag_id=daily_generate_orders, task_id=load_csv_to_postgres, run_id=scheduled__2025-08-26T07:00:00+00:00, execution_date=20250826T070000, start_date=20250826T080008, end_date=20250826T080016
[2025-08-26T08:00:16.600+0000] {local_task_job_runner.py:243} INFO - Task exited with return code 0
[2025-08-26T08:00:16.620+0000] {taskinstance.py:3503} INFO - 0 downstream tasks scheduled from follow-on schedule check
[2025-08-26T08:00:16.622+0000] {local_task_job_runner.py:222} INFO - ::endgroup::
