[2025-08-28T03:25:30.789+0000] {local_task_job_runner.py:120} INFO - ::group::Pre task execution logs
[2025-08-28T03:25:30.823+0000] {taskinstance.py:2076} INFO - Dependencies all met for dep_context=non-requeueable deps ti=<TaskInstance: import_csv_to_postgres.load_csv_to_postgres manual__2025-08-28T03:25:28.890034+00:00 [queued]>
[2025-08-28T03:25:30.832+0000] {taskinstance.py:2076} INFO - Dependencies all met for dep_context=requeueable deps ti=<TaskInstance: import_csv_to_postgres.load_csv_to_postgres manual__2025-08-28T03:25:28.890034+00:00 [queued]>
[2025-08-28T03:25:30.832+0000] {taskinstance.py:2306} INFO - Starting attempt 1 of 1
[2025-08-28T03:25:30.857+0000] {taskinstance.py:2330} INFO - Executing <Task(PythonOperator): load_csv_to_postgres> on 2025-08-28 03:25:28.890034+00:00
[2025-08-28T03:25:30.867+0000] {warnings.py:112} WARNING - /home/airflow/.local/lib/python3.12/site-packages/airflow/task/task_runner/standard_task_runner.py:62: DeprecationWarning: This process (pid=1884) is multi-threaded, use of fork() may lead to deadlocks in the child.
  pid = os.fork()

[2025-08-28T03:25:30.868+0000] {standard_task_runner.py:64} INFO - Started process 1886 to run task
[2025-08-28T03:25:30.872+0000] {standard_task_runner.py:90} INFO - Running: ['airflow', 'tasks', 'run', 'import_csv_to_postgres', 'load_csv_to_postgres', 'manual__2025-08-28T03:25:28.890034+00:00', '--job-id', '779', '--raw', '--subdir', 'DAGS_FOLDER/csv_to_postgres_dag.py', '--cfg-path', '/tmp/tmp03vuzf9j']
[2025-08-28T03:25:30.875+0000] {standard_task_runner.py:91} INFO - Job 779: Subtask load_csv_to_postgres
[2025-08-28T03:25:30.892+0000] {warnings.py:112} WARNING - /home/airflow/.local/lib/python3.12/site-packages/airflow/settings.py:195: DeprecationWarning: The sql_alchemy_conn option in [core] has been moved to the sql_alchemy_conn option in [database] - the old setting has been used, but please update your config.
  SQL_ALCHEMY_CONN = conf.get("database", "SQL_ALCHEMY_CONN")

[2025-08-28T03:25:30.936+0000] {task_command.py:426} INFO - Running <TaskInstance: import_csv_to_postgres.load_csv_to_postgres manual__2025-08-28T03:25:28.890034+00:00 [running]> on host b5ea13053d47
[2025-08-28T03:25:31.042+0000] {taskinstance.py:2648} INFO - Exporting env vars: AIRFLOW_CTX_DAG_OWNER='airflow' AIRFLOW_CTX_DAG_ID='import_csv_to_postgres' AIRFLOW_CTX_TASK_ID='load_csv_to_postgres' AIRFLOW_CTX_EXECUTION_DATE='2025-08-28T03:25:28.890034+00:00' AIRFLOW_CTX_TRY_NUMBER='1' AIRFLOW_CTX_DAG_RUN_ID='manual__2025-08-28T03:25:28.890034+00:00'
[2025-08-28T03:25:31.043+0000] {taskinstance.py:430} INFO - ::endgroup::
[2025-08-28T03:25:31.066+0000] {base.py:84} INFO - Using connection ID 'postgres_conn' for task execution.
[2025-08-28T03:25:31.884+0000] {logging_mixin.py:188} INFO - ✅ Добавлено 15020 новых строк в таблицу shipments
[2025-08-28T03:25:32.897+0000] {logging_mixin.py:188} INFO - ✅ Добавлено 10000 новых строк в таблицу customers
[2025-08-28T03:25:35.059+0000] {logging_mixin.py:188} INFO - ✅ Добавлено 15020 новых строк в таблицу orders
[2025-08-28T03:25:35.365+0000] {logging_mixin.py:188} INFO - ✅ Добавлено 2000 новых строк в таблицу products
[2025-08-28T03:25:38.132+0000] {logging_mixin.py:188} INFO - ✅ Добавлено 20046 новых строк в таблицу order_items
[2025-08-28T03:25:38.197+0000] {logging_mixin.py:188} INFO - ✅ Добавлено 100 новых строк в таблицу suppliers
[2025-08-28T03:25:39.492+0000] {logging_mixin.py:188} INFO - ✅ Добавлено 15020 новых строк в таблицу payment
[2025-08-28T03:25:40.882+0000] {logging_mixin.py:188} INFO - ℹ Нет новых строк для reviews
[2025-08-28T03:25:40.883+0000] {python.py:237} INFO - Done. Returned value was: None
[2025-08-28T03:25:40.883+0000] {taskinstance.py:441} INFO - ::group::Post task execution logs
[2025-08-28T03:25:40.893+0000] {taskinstance.py:1206} INFO - Marking task as SUCCESS. dag_id=import_csv_to_postgres, task_id=load_csv_to_postgres, run_id=manual__2025-08-28T03:25:28.890034+00:00, execution_date=20250828T032528, start_date=20250828T032530, end_date=20250828T032540
[2025-08-28T03:25:40.936+0000] {local_task_job_runner.py:243} INFO - Task exited with return code 0
[2025-08-28T03:25:40.952+0000] {taskinstance.py:3503} INFO - 0 downstream tasks scheduled from follow-on schedule check
[2025-08-28T03:25:40.954+0000] {local_task_job_runner.py:222} INFO - ::endgroup::
