[2025-08-28T02:03:58.849+0000] {local_task_job_runner.py:120} INFO - ::group::Pre task execution logs
[2025-08-28T02:03:58.875+0000] {taskinstance.py:2076} INFO - Dependencies all met for dep_context=non-requeueable deps ti=<TaskInstance: import_csv_to_postgres.wait_for_generation manual__2025-08-28T02:03:57.239341+00:00 [queued]>
[2025-08-28T02:03:58.883+0000] {taskinstance.py:2076} INFO - Dependencies all met for dep_context=requeueable deps ti=<TaskInstance: import_csv_to_postgres.wait_for_generation manual__2025-08-28T02:03:57.239341+00:00 [queued]>
[2025-08-28T02:03:58.883+0000] {taskinstance.py:2306} INFO - Starting attempt 1 of 1
[2025-08-28T02:03:58.901+0000] {taskinstance.py:2330} INFO - Executing <Task(ExternalTaskSensor): wait_for_generation> on 2025-08-28 02:03:57.239341+00:00
[2025-08-28T02:03:58.915+0000] {warnings.py:112} WARNING - /home/airflow/.local/lib/python3.12/site-packages/airflow/task/task_runner/standard_task_runner.py:62: DeprecationWarning: This process (pid=1687) is multi-threaded, use of fork() may lead to deadlocks in the child.
  pid = os.fork()

[2025-08-28T02:03:58.917+0000] {standard_task_runner.py:64} INFO - Started process 1689 to run task
[2025-08-28T02:03:58.919+0000] {standard_task_runner.py:90} INFO - Running: ['airflow', 'tasks', 'run', 'import_csv_to_postgres', 'wait_for_generation', 'manual__2025-08-28T02:03:57.239341+00:00', '--job-id', '722', '--raw', '--subdir', 'DAGS_FOLDER/csv_to_postgres_dag.py', '--cfg-path', '/tmp/tmpca3mge1g']
[2025-08-28T02:03:58.924+0000] {standard_task_runner.py:91} INFO - Job 722: Subtask wait_for_generation
[2025-08-28T02:03:58.948+0000] {warnings.py:112} WARNING - /home/airflow/.local/lib/python3.12/site-packages/airflow/settings.py:195: DeprecationWarning: The sql_alchemy_conn option in [core] has been moved to the sql_alchemy_conn option in [database] - the old setting has been used, but please update your config.
  SQL_ALCHEMY_CONN = conf.get("database", "SQL_ALCHEMY_CONN")

[2025-08-28T02:03:58.994+0000] {task_command.py:426} INFO - Running <TaskInstance: import_csv_to_postgres.wait_for_generation manual__2025-08-28T02:03:57.239341+00:00 [running]> on host b5ea13053d47
[2025-08-28T02:03:59.178+0000] {taskinstance.py:2648} INFO - Exporting env vars: AIRFLOW_CTX_DAG_OWNER='airflow' AIRFLOW_CTX_DAG_ID='import_csv_to_postgres' AIRFLOW_CTX_TASK_ID='wait_for_generation' AIRFLOW_CTX_EXECUTION_DATE='2025-08-28T02:03:57.239341+00:00' AIRFLOW_CTX_TRY_NUMBER='1' AIRFLOW_CTX_DAG_RUN_ID='manual__2025-08-28T02:03:57.239341+00:00'
[2025-08-28T02:03:59.180+0000] {taskinstance.py:430} INFO - ::endgroup::
[2025-08-28T02:03:59.204+0000] {baseoperator.py:400} WARNING - ExternalTaskSensor.execute cannot be called outside TaskInstance!
[2025-08-28T02:03:59.221+0000] {external_task.py:274} INFO - Poking for DAG 'daily_generate_orders' on 2025-08-28T02:03:57.239341+00:00 ... 
[2025-08-28T02:03:59.222+0000] {warnings.py:112} WARNING - /home/airflow/.local/lib/python3.12/site-packages/airflow/utils/session.py:79: DeprecationWarning: This method is deprecated and will be removed in future.
  return func(*args, session=session, **kwargs)

[2025-08-28T02:03:59.232+0000] {taskinstance.py:441} INFO - ::group::Post task execution logs
[2025-08-28T02:03:59.279+0000] {taskinstance.py:2865} INFO - Rescheduling task, marking task as UP_FOR_RESCHEDULE
[2025-08-28T02:03:59.296+0000] {local_task_job_runner.py:243} INFO - Task exited with return code 0
[2025-08-28T02:03:59.363+0000] {taskinstance.py:3503} INFO - 0 downstream tasks scheduled from follow-on schedule check
[2025-08-28T02:03:59.368+0000] {local_task_job_runner.py:222} INFO - ::endgroup::
[2025-08-28T02:05:00.863+0000] {local_task_job_runner.py:120} INFO - ::group::Pre task execution logs
[2025-08-28T02:05:00.887+0000] {taskinstance.py:2076} INFO - Dependencies all met for dep_context=non-requeueable deps ti=<TaskInstance: import_csv_to_postgres.wait_for_generation manual__2025-08-28T02:03:57.239341+00:00 [queued]>
[2025-08-28T02:05:00.895+0000] {taskinstance.py:2076} INFO - Dependencies all met for dep_context=requeueable deps ti=<TaskInstance: import_csv_to_postgres.wait_for_generation manual__2025-08-28T02:03:57.239341+00:00 [queued]>
[2025-08-28T02:05:00.896+0000] {taskinstance.py:2306} INFO - Starting attempt 1 of 1
[2025-08-28T02:05:00.911+0000] {taskinstance.py:2330} INFO - Executing <Task(ExternalTaskSensor): wait_for_generation> on 2025-08-28 02:03:57.239341+00:00
[2025-08-28T02:05:00.919+0000] {warnings.py:112} WARNING - /home/airflow/.local/lib/python3.12/site-packages/airflow/task/task_runner/standard_task_runner.py:62: DeprecationWarning: This process (pid=1693) is multi-threaded, use of fork() may lead to deadlocks in the child.
  pid = os.fork()

[2025-08-28T02:05:00.920+0000] {standard_task_runner.py:64} INFO - Started process 1695 to run task
[2025-08-28T02:05:00.924+0000] {standard_task_runner.py:90} INFO - Running: ['airflow', 'tasks', 'run', 'import_csv_to_postgres', 'wait_for_generation', 'manual__2025-08-28T02:03:57.239341+00:00', '--job-id', '724', '--raw', '--subdir', 'DAGS_FOLDER/csv_to_postgres_dag.py', '--cfg-path', '/tmp/tmp3d1rzvyj']
[2025-08-28T02:05:00.926+0000] {standard_task_runner.py:91} INFO - Job 724: Subtask wait_for_generation
[2025-08-28T02:05:00.940+0000] {warnings.py:112} WARNING - /home/airflow/.local/lib/python3.12/site-packages/airflow/settings.py:195: DeprecationWarning: The sql_alchemy_conn option in [core] has been moved to the sql_alchemy_conn option in [database] - the old setting has been used, but please update your config.
  SQL_ALCHEMY_CONN = conf.get("database", "SQL_ALCHEMY_CONN")

[2025-08-28T02:05:00.989+0000] {task_command.py:426} INFO - Running <TaskInstance: import_csv_to_postgres.wait_for_generation manual__2025-08-28T02:03:57.239341+00:00 [running]> on host b5ea13053d47
[2025-08-28T02:05:01.081+0000] {taskinstance.py:2648} INFO - Exporting env vars: AIRFLOW_CTX_DAG_OWNER='airflow' AIRFLOW_CTX_DAG_ID='import_csv_to_postgres' AIRFLOW_CTX_TASK_ID='wait_for_generation' AIRFLOW_CTX_EXECUTION_DATE='2025-08-28T02:03:57.239341+00:00' AIRFLOW_CTX_TRY_NUMBER='1' AIRFLOW_CTX_DAG_RUN_ID='manual__2025-08-28T02:03:57.239341+00:00'
[2025-08-28T02:05:01.082+0000] {taskinstance.py:430} INFO - ::endgroup::
[2025-08-28T02:05:01.095+0000] {baseoperator.py:400} WARNING - ExternalTaskSensor.execute cannot be called outside TaskInstance!
[2025-08-28T02:05:01.107+0000] {external_task.py:274} INFO - Poking for DAG 'daily_generate_orders' on 2025-08-28T02:03:57.239341+00:00 ... 
[2025-08-28T02:05:01.108+0000] {warnings.py:112} WARNING - /home/airflow/.local/lib/python3.12/site-packages/airflow/utils/session.py:79: DeprecationWarning: This method is deprecated and will be removed in future.
  return func(*args, session=session, **kwargs)

[2025-08-28T02:05:01.127+0000] {taskinstance.py:441} INFO - ::group::Post task execution logs
[2025-08-28T02:05:01.150+0000] {taskinstance.py:2865} INFO - Rescheduling task, marking task as UP_FOR_RESCHEDULE
[2025-08-28T02:05:01.174+0000] {local_task_job_runner.py:243} INFO - Task exited with return code 0
[2025-08-28T02:05:01.204+0000] {taskinstance.py:3503} INFO - 0 downstream tasks scheduled from follow-on schedule check
[2025-08-28T02:05:01.207+0000] {local_task_job_runner.py:222} INFO - ::endgroup::
[2025-08-28T02:06:02.725+0000] {local_task_job_runner.py:120} INFO - ::group::Pre task execution logs
[2025-08-28T02:06:02.766+0000] {taskinstance.py:2076} INFO - Dependencies all met for dep_context=non-requeueable deps ti=<TaskInstance: import_csv_to_postgres.wait_for_generation manual__2025-08-28T02:03:57.239341+00:00 [queued]>
[2025-08-28T02:06:02.777+0000] {taskinstance.py:2076} INFO - Dependencies all met for dep_context=requeueable deps ti=<TaskInstance: import_csv_to_postgres.wait_for_generation manual__2025-08-28T02:03:57.239341+00:00 [queued]>
[2025-08-28T02:06:02.777+0000] {taskinstance.py:2306} INFO - Starting attempt 1 of 1
[2025-08-28T02:06:02.792+0000] {taskinstance.py:2330} INFO - Executing <Task(ExternalTaskSensor): wait_for_generation> on 2025-08-28 02:03:57.239341+00:00
[2025-08-28T02:06:02.801+0000] {warnings.py:112} WARNING - /home/airflow/.local/lib/python3.12/site-packages/airflow/task/task_runner/standard_task_runner.py:62: DeprecationWarning: This process (pid=1724) is multi-threaded, use of fork() may lead to deadlocks in the child.
  pid = os.fork()

[2025-08-28T02:06:02.802+0000] {standard_task_runner.py:64} INFO - Started process 1726 to run task
[2025-08-28T02:06:02.803+0000] {standard_task_runner.py:90} INFO - Running: ['airflow', 'tasks', 'run', 'import_csv_to_postgres', 'wait_for_generation', 'manual__2025-08-28T02:03:57.239341+00:00', '--job-id', '730', '--raw', '--subdir', 'DAGS_FOLDER/csv_to_postgres_dag.py', '--cfg-path', '/tmp/tmp47euma8t']
[2025-08-28T02:06:02.806+0000] {standard_task_runner.py:91} INFO - Job 730: Subtask wait_for_generation
[2025-08-28T02:06:02.822+0000] {warnings.py:112} WARNING - /home/airflow/.local/lib/python3.12/site-packages/airflow/settings.py:195: DeprecationWarning: The sql_alchemy_conn option in [core] has been moved to the sql_alchemy_conn option in [database] - the old setting has been used, but please update your config.
  SQL_ALCHEMY_CONN = conf.get("database", "SQL_ALCHEMY_CONN")

[2025-08-28T02:06:02.864+0000] {task_command.py:426} INFO - Running <TaskInstance: import_csv_to_postgres.wait_for_generation manual__2025-08-28T02:03:57.239341+00:00 [running]> on host b5ea13053d47
[2025-08-28T02:06:03.042+0000] {taskinstance.py:2648} INFO - Exporting env vars: AIRFLOW_CTX_DAG_OWNER='airflow' AIRFLOW_CTX_DAG_ID='import_csv_to_postgres' AIRFLOW_CTX_TASK_ID='wait_for_generation' AIRFLOW_CTX_EXECUTION_DATE='2025-08-28T02:03:57.239341+00:00' AIRFLOW_CTX_TRY_NUMBER='1' AIRFLOW_CTX_DAG_RUN_ID='manual__2025-08-28T02:03:57.239341+00:00'
[2025-08-28T02:06:03.045+0000] {taskinstance.py:430} INFO - ::endgroup::
[2025-08-28T02:06:03.081+0000] {baseoperator.py:400} WARNING - ExternalTaskSensor.execute cannot be called outside TaskInstance!
[2025-08-28T02:06:03.102+0000] {external_task.py:274} INFO - Poking for DAG 'daily_generate_orders' on 2025-08-28T02:03:57.239341+00:00 ... 
[2025-08-28T02:06:03.104+0000] {warnings.py:112} WARNING - /home/airflow/.local/lib/python3.12/site-packages/airflow/utils/session.py:79: DeprecationWarning: This method is deprecated and will be removed in future.
  return func(*args, session=session, **kwargs)

[2025-08-28T02:06:03.125+0000] {taskinstance.py:441} INFO - ::group::Post task execution logs
[2025-08-28T02:06:03.166+0000] {taskinstance.py:2865} INFO - Rescheduling task, marking task as UP_FOR_RESCHEDULE
[2025-08-28T02:06:03.217+0000] {local_task_job_runner.py:243} INFO - Task exited with return code 0
[2025-08-28T02:06:03.264+0000] {taskinstance.py:3503} INFO - 0 downstream tasks scheduled from follow-on schedule check
[2025-08-28T02:06:03.267+0000] {local_task_job_runner.py:222} INFO - ::endgroup::
[2025-08-28T02:07:06.103+0000] {local_task_job_runner.py:120} INFO - ::group::Pre task execution logs
[2025-08-28T02:07:06.135+0000] {taskinstance.py:2076} INFO - Dependencies all met for dep_context=non-requeueable deps ti=<TaskInstance: import_csv_to_postgres.wait_for_generation manual__2025-08-28T02:03:57.239341+00:00 [queued]>
[2025-08-28T02:07:06.146+0000] {taskinstance.py:2076} INFO - Dependencies all met for dep_context=requeueable deps ti=<TaskInstance: import_csv_to_postgres.wait_for_generation manual__2025-08-28T02:03:57.239341+00:00 [queued]>
[2025-08-28T02:07:06.146+0000] {taskinstance.py:2306} INFO - Starting attempt 1 of 1
[2025-08-28T02:07:06.167+0000] {taskinstance.py:2330} INFO - Executing <Task(ExternalTaskSensor): wait_for_generation> on 2025-08-28 02:03:57.239341+00:00
[2025-08-28T02:07:06.177+0000] {warnings.py:112} WARNING - /home/airflow/.local/lib/python3.12/site-packages/airflow/task/task_runner/standard_task_runner.py:62: DeprecationWarning: This process (pid=1733) is multi-threaded, use of fork() may lead to deadlocks in the child.
  pid = os.fork()

[2025-08-28T02:07:06.178+0000] {standard_task_runner.py:64} INFO - Started process 1735 to run task
[2025-08-28T02:07:06.184+0000] {standard_task_runner.py:90} INFO - Running: ['airflow', 'tasks', 'run', 'import_csv_to_postgres', 'wait_for_generation', 'manual__2025-08-28T02:03:57.239341+00:00', '--job-id', '733', '--raw', '--subdir', 'DAGS_FOLDER/csv_to_postgres_dag.py', '--cfg-path', '/tmp/tmpe3i09xeb']
[2025-08-28T02:07:06.186+0000] {standard_task_runner.py:91} INFO - Job 733: Subtask wait_for_generation
[2025-08-28T02:07:06.204+0000] {warnings.py:112} WARNING - /home/airflow/.local/lib/python3.12/site-packages/airflow/settings.py:195: DeprecationWarning: The sql_alchemy_conn option in [core] has been moved to the sql_alchemy_conn option in [database] - the old setting has been used, but please update your config.
  SQL_ALCHEMY_CONN = conf.get("database", "SQL_ALCHEMY_CONN")

[2025-08-28T02:07:06.249+0000] {task_command.py:426} INFO - Running <TaskInstance: import_csv_to_postgres.wait_for_generation manual__2025-08-28T02:03:57.239341+00:00 [running]> on host b5ea13053d47
[2025-08-28T02:07:06.377+0000] {taskinstance.py:2648} INFO - Exporting env vars: AIRFLOW_CTX_DAG_OWNER='airflow' AIRFLOW_CTX_DAG_ID='import_csv_to_postgres' AIRFLOW_CTX_TASK_ID='wait_for_generation' AIRFLOW_CTX_EXECUTION_DATE='2025-08-28T02:03:57.239341+00:00' AIRFLOW_CTX_TRY_NUMBER='1' AIRFLOW_CTX_DAG_RUN_ID='manual__2025-08-28T02:03:57.239341+00:00'
[2025-08-28T02:07:06.379+0000] {taskinstance.py:430} INFO - ::endgroup::
[2025-08-28T02:07:06.399+0000] {baseoperator.py:400} WARNING - ExternalTaskSensor.execute cannot be called outside TaskInstance!
[2025-08-28T02:07:06.414+0000] {external_task.py:274} INFO - Poking for DAG 'daily_generate_orders' on 2025-08-28T02:03:57.239341+00:00 ... 
[2025-08-28T02:07:06.414+0000] {warnings.py:112} WARNING - /home/airflow/.local/lib/python3.12/site-packages/airflow/utils/session.py:79: DeprecationWarning: This method is deprecated and will be removed in future.
  return func(*args, session=session, **kwargs)

[2025-08-28T02:07:06.427+0000] {taskinstance.py:441} INFO - ::group::Post task execution logs
[2025-08-28T02:07:06.483+0000] {taskinstance.py:2865} INFO - Rescheduling task, marking task as UP_FOR_RESCHEDULE
[2025-08-28T02:07:06.513+0000] {local_task_job_runner.py:243} INFO - Task exited with return code 0
[2025-08-28T02:07:06.579+0000] {taskinstance.py:3503} INFO - 0 downstream tasks scheduled from follow-on schedule check
[2025-08-28T02:07:06.587+0000] {local_task_job_runner.py:222} INFO - ::endgroup::
[2025-08-28T02:08:09.982+0000] {local_task_job_runner.py:120} INFO - ::group::Pre task execution logs
[2025-08-28T02:08:10.081+0000] {taskinstance.py:2076} INFO - Dependencies all met for dep_context=non-requeueable deps ti=<TaskInstance: import_csv_to_postgres.wait_for_generation manual__2025-08-28T02:03:57.239341+00:00 [queued]>
[2025-08-28T02:08:10.118+0000] {taskinstance.py:2076} INFO - Dependencies all met for dep_context=requeueable deps ti=<TaskInstance: import_csv_to_postgres.wait_for_generation manual__2025-08-28T02:03:57.239341+00:00 [queued]>
[2025-08-28T02:08:10.121+0000] {taskinstance.py:2306} INFO - Starting attempt 1 of 1
[2025-08-28T02:08:10.178+0000] {taskinstance.py:2330} INFO - Executing <Task(ExternalTaskSensor): wait_for_generation> on 2025-08-28 02:03:57.239341+00:00
[2025-08-28T02:08:10.203+0000] {warnings.py:112} WARNING - /home/airflow/.local/lib/python3.12/site-packages/airflow/task/task_runner/standard_task_runner.py:62: DeprecationWarning: This process (pid=1742) is multi-threaded, use of fork() may lead to deadlocks in the child.
  pid = os.fork()

[2025-08-28T02:08:10.206+0000] {standard_task_runner.py:64} INFO - Started process 1744 to run task
[2025-08-28T02:08:10.212+0000] {standard_task_runner.py:90} INFO - Running: ['airflow', 'tasks', 'run', 'import_csv_to_postgres', 'wait_for_generation', 'manual__2025-08-28T02:03:57.239341+00:00', '--job-id', '736', '--raw', '--subdir', 'DAGS_FOLDER/csv_to_postgres_dag.py', '--cfg-path', '/tmp/tmp8tbx_mr1']
[2025-08-28T02:08:10.219+0000] {standard_task_runner.py:91} INFO - Job 736: Subtask wait_for_generation
[2025-08-28T02:08:10.269+0000] {warnings.py:112} WARNING - /home/airflow/.local/lib/python3.12/site-packages/airflow/settings.py:195: DeprecationWarning: The sql_alchemy_conn option in [core] has been moved to the sql_alchemy_conn option in [database] - the old setting has been used, but please update your config.
  SQL_ALCHEMY_CONN = conf.get("database", "SQL_ALCHEMY_CONN")

[2025-08-28T02:08:10.423+0000] {task_command.py:426} INFO - Running <TaskInstance: import_csv_to_postgres.wait_for_generation manual__2025-08-28T02:03:57.239341+00:00 [running]> on host b5ea13053d47
[2025-08-28T02:08:10.765+0000] {taskinstance.py:2648} INFO - Exporting env vars: AIRFLOW_CTX_DAG_OWNER='airflow' AIRFLOW_CTX_DAG_ID='import_csv_to_postgres' AIRFLOW_CTX_TASK_ID='wait_for_generation' AIRFLOW_CTX_EXECUTION_DATE='2025-08-28T02:03:57.239341+00:00' AIRFLOW_CTX_TRY_NUMBER='1' AIRFLOW_CTX_DAG_RUN_ID='manual__2025-08-28T02:03:57.239341+00:00'
[2025-08-28T02:08:10.770+0000] {taskinstance.py:430} INFO - ::endgroup::
[2025-08-28T02:08:10.820+0000] {baseoperator.py:400} WARNING - ExternalTaskSensor.execute cannot be called outside TaskInstance!
[2025-08-28T02:08:10.848+0000] {external_task.py:274} INFO - Poking for DAG 'daily_generate_orders' on 2025-08-28T02:03:57.239341+00:00 ... 
[2025-08-28T02:08:10.849+0000] {warnings.py:112} WARNING - /home/airflow/.local/lib/python3.12/site-packages/airflow/utils/session.py:79: DeprecationWarning: This method is deprecated and will be removed in future.
  return func(*args, session=session, **kwargs)

[2025-08-28T02:08:10.877+0000] {taskinstance.py:441} INFO - ::group::Post task execution logs
[2025-08-28T02:08:10.958+0000] {taskinstance.py:2865} INFO - Rescheduling task, marking task as UP_FOR_RESCHEDULE
[2025-08-28T02:08:11.003+0000] {local_task_job_runner.py:243} INFO - Task exited with return code 0
[2025-08-28T02:08:11.098+0000] {taskinstance.py:3503} INFO - 0 downstream tasks scheduled from follow-on schedule check
[2025-08-28T02:08:11.104+0000] {local_task_job_runner.py:222} INFO - ::endgroup::
