[2025-08-25T08:52:45.280+0000] {local_task_job_runner.py:120} INFO - ::group::Pre task execution logs
[2025-08-25T08:52:45.373+0000] {taskinstance.py:2076} INFO - Dependencies all met for dep_context=non-requeueable deps ti=<TaskInstance: dbt_run_models.run_dbt_models scheduled__2025-08-24T12:00:00+00:00 [queued]>
[2025-08-25T08:52:45.411+0000] {taskinstance.py:2076} INFO - Dependencies all met for dep_context=requeueable deps ti=<TaskInstance: dbt_run_models.run_dbt_models scheduled__2025-08-24T12:00:00+00:00 [queued]>
[2025-08-25T08:52:45.412+0000] {taskinstance.py:2306} INFO - Starting attempt 4 of 4
[2025-08-25T08:52:45.467+0000] {taskinstance.py:2330} INFO - Executing <Task(BashOperator): run_dbt_models> on 2025-08-24 12:00:00+00:00
[2025-08-25T08:52:45.475+0000] {warnings.py:112} WARNING - /home/airflow/.local/lib/python3.12/site-packages/airflow/task/task_runner/standard_task_runner.py:62: DeprecationWarning: This process (pid=142) is multi-threaded, use of fork() may lead to deadlocks in the child.
  pid = os.fork()

[2025-08-25T08:52:45.486+0000] {standard_task_runner.py:64} INFO - Started process 151 to run task
[2025-08-25T08:52:45.495+0000] {standard_task_runner.py:90} INFO - Running: ['airflow', 'tasks', 'run', 'dbt_run_models', 'run_dbt_models', 'scheduled__2025-08-24T12:00:00+00:00', '--job-id', '473', '--raw', '--subdir', 'DAGS_FOLDER/dbt_dag.py', '--cfg-path', '/tmp/tmpicofzhv_']
[2025-08-25T08:52:45.499+0000] {standard_task_runner.py:91} INFO - Job 473: Subtask run_dbt_models
[2025-08-25T08:52:45.537+0000] {warnings.py:112} WARNING - /home/airflow/.local/lib/python3.12/site-packages/airflow/settings.py:195: DeprecationWarning: The sql_alchemy_conn option in [core] has been moved to the sql_alchemy_conn option in [database] - the old setting has been used, but please update your config.
  SQL_ALCHEMY_CONN = conf.get("database", "SQL_ALCHEMY_CONN")

[2025-08-25T08:52:45.646+0000] {task_command.py:426} INFO - Running <TaskInstance: dbt_run_models.run_dbt_models scheduled__2025-08-24T12:00:00+00:00 [running]> on host b71dcd990cf2
[2025-08-25T08:52:45.847+0000] {taskinstance.py:2648} INFO - Exporting env vars: AIRFLOW_CTX_DAG_OWNER='airflow' AIRFLOW_CTX_DAG_ID='dbt_run_models' AIRFLOW_CTX_TASK_ID='run_dbt_models' AIRFLOW_CTX_EXECUTION_DATE='2025-08-24T12:00:00+00:00' AIRFLOW_CTX_TRY_NUMBER='4' AIRFLOW_CTX_DAG_RUN_ID='scheduled__2025-08-24T12:00:00+00:00'
[2025-08-25T08:52:45.848+0000] {taskinstance.py:430} INFO - ::endgroup::
[2025-08-25T08:52:45.885+0000] {subprocess.py:63} INFO - Tmp dir root location: /tmp
[2025-08-25T08:52:45.892+0000] {subprocess.py:75} INFO - Running command: ['/usr/bin/bash', '-c', '\n        cd /usr/app &&         dbt run --profiles-dir /usr/app\n        ']
[2025-08-25T08:52:45.922+0000] {subprocess.py:86} INFO - Output:
[2025-08-25T08:52:55.259+0000] {subprocess.py:93} INFO - [0m08:52:55  Running with dbt=1.7.9
[2025-08-25T08:52:55.283+0000] {subprocess.py:93} INFO - [0m08:52:55  Encountered an error:
[2025-08-25T08:52:55.286+0000] {subprocess.py:93} INFO - Runtime Error
[2025-08-25T08:52:55.286+0000] {subprocess.py:93} INFO -   Could not find profile named 'default'
[2025-08-25T08:52:56.866+0000] {subprocess.py:97} INFO - Command exited with return code 2
[2025-08-25T08:52:56.866+0000] {taskinstance.py:441} INFO - ::group::Post task execution logs
[2025-08-25T08:52:56.879+0000] {taskinstance.py:2905} ERROR - Task failed with exception
Traceback (most recent call last):
  File "/home/airflow/.local/lib/python3.12/site-packages/airflow/models/taskinstance.py", line 465, in _execute_task
    result = _execute_callable(context=context, **execute_callable_kwargs)
             ^^^^^^^^^^^^^^^^^^^^^^^^^^^^^^^^^^^^^^^^^^^^^^^^^^^^^^^^^^^^^
  File "/home/airflow/.local/lib/python3.12/site-packages/airflow/models/taskinstance.py", line 432, in _execute_callable
    return execute_callable(context=context, **execute_callable_kwargs)
           ^^^^^^^^^^^^^^^^^^^^^^^^^^^^^^^^^^^^^^^^^^^^^^^^^^^^^^^^^^^^
  File "/home/airflow/.local/lib/python3.12/site-packages/airflow/models/baseoperator.py", line 401, in wrapper
    return func(self, *args, **kwargs)
           ^^^^^^^^^^^^^^^^^^^^^^^^^^^
  File "/home/airflow/.local/lib/python3.12/site-packages/airflow/operators/bash.py", line 243, in execute
    raise AirflowException(
airflow.exceptions.AirflowException: Bash command failed. The command returned a non-zero exit code 2.
[2025-08-25T08:52:56.886+0000] {taskinstance.py:1206} INFO - Marking task as FAILED. dag_id=dbt_run_models, task_id=run_dbt_models, run_id=scheduled__2025-08-24T12:00:00+00:00, execution_date=20250824T120000, start_date=20250825T085245, end_date=20250825T085256
[2025-08-25T08:52:56.912+0000] {standard_task_runner.py:110} ERROR - Failed to execute job 473 for task run_dbt_models (Bash command failed. The command returned a non-zero exit code 2.; 151)
[2025-08-25T08:52:56.954+0000] {local_task_job_runner.py:243} INFO - Task exited with return code 1
[2025-08-25T08:52:56.986+0000] {taskinstance.py:3503} INFO - 0 downstream tasks scheduled from follow-on schedule check
[2025-08-25T08:52:56.999+0000] {local_task_job_runner.py:222} INFO - ::endgroup::
