[2025-09-04T12:00:02.552+0000] {local_task_job_runner.py:120} INFO - ::group::Pre task execution logs
[2025-09-04T12:00:02.613+0000] {taskinstance.py:2076} INFO - Dependencies all met for dep_context=non-requeueable deps ti=<TaskInstance: daily_generate_orders.generate_new_data scheduled__2025-09-04T06:00:00+00:00 [queued]>
[2025-09-04T12:00:02.904+0000] {taskinstance.py:2076} INFO - Dependencies all met for dep_context=requeueable deps ti=<TaskInstance: daily_generate_orders.generate_new_data scheduled__2025-09-04T06:00:00+00:00 [queued]>
[2025-09-04T12:00:02.905+0000] {taskinstance.py:2306} INFO - Starting attempt 1 of 1
[2025-09-04T12:00:02.937+0000] {taskinstance.py:2330} INFO - Executing <Task(PythonOperator): generate_new_data> on 2025-09-04 06:00:00+00:00
[2025-09-04T12:00:02.951+0000] {warnings.py:112} WARNING - /home/airflow/.local/lib/python3.12/site-packages/airflow/task/task_runner/standard_task_runner.py:62: DeprecationWarning: This process (pid=447) is multi-threaded, use of fork() may lead to deadlocks in the child.
  pid = os.fork()

[2025-09-04T12:00:02.954+0000] {standard_task_runner.py:64} INFO - Started process 452 to run task
[2025-09-04T12:00:02.953+0000] {standard_task_runner.py:90} INFO - Running: ['airflow', 'tasks', 'run', 'daily_generate_orders', 'generate_new_data', 'scheduled__2025-09-04T06:00:00+00:00', '--job-id', '1004', '--raw', '--subdir', 'DAGS_FOLDER/generate_fake_shop_csv.py', '--cfg-path', '/tmp/tmpnalq1z8j']
[2025-09-04T12:00:02.956+0000] {standard_task_runner.py:91} INFO - Job 1004: Subtask generate_new_data
[2025-09-04T12:00:02.981+0000] {warnings.py:112} WARNING - /home/airflow/.local/lib/python3.12/site-packages/airflow/settings.py:195: DeprecationWarning: The sql_alchemy_conn option in [core] has been moved to the sql_alchemy_conn option in [database] - the old setting has been used, but please update your config.
  SQL_ALCHEMY_CONN = conf.get("database", "SQL_ALCHEMY_CONN")

[2025-09-04T12:00:03.033+0000] {task_command.py:426} INFO - Running <TaskInstance: daily_generate_orders.generate_new_data scheduled__2025-09-04T06:00:00+00:00 [running]> on host b5ea13053d47
[2025-09-04T12:00:03.180+0000] {taskinstance.py:2648} INFO - Exporting env vars: AIRFLOW_CTX_DAG_OWNER='airflow' AIRFLOW_CTX_DAG_ID='daily_generate_orders' AIRFLOW_CTX_TASK_ID='generate_new_data' AIRFLOW_CTX_EXECUTION_DATE='2025-09-04T06:00:00+00:00' AIRFLOW_CTX_TRY_NUMBER='1' AIRFLOW_CTX_DAG_RUN_ID='scheduled__2025-09-04T06:00:00+00:00'
[2025-09-04T12:00:03.182+0000] {taskinstance.py:430} INFO - ::endgroup::
[2025-09-04T12:00:04.205+0000] {logging_mixin.py:188} INFO - ✅ Новые заказы сгенерированы корректно, новые столбцы не добавлены.
[2025-09-04T12:00:04.209+0000] {python.py:237} INFO - Done. Returned value was: None
[2025-09-04T12:00:04.211+0000] {taskinstance.py:441} INFO - ::group::Post task execution logs
[2025-09-04T12:00:04.230+0000] {taskinstance.py:1206} INFO - Marking task as SUCCESS. dag_id=daily_generate_orders, task_id=generate_new_data, run_id=scheduled__2025-09-04T06:00:00+00:00, execution_date=20250904T060000, start_date=20250904T120002, end_date=20250904T120004
[2025-09-04T12:00:04.297+0000] {local_task_job_runner.py:243} INFO - Task exited with return code 0
[2025-09-04T12:00:04.324+0000] {taskinstance.py:3503} INFO - 0 downstream tasks scheduled from follow-on schedule check
[2025-09-04T12:00:04.331+0000] {local_task_job_runner.py:222} INFO - ::endgroup::
