[2025-09-09T19:00:00.959+0000] {local_task_job_runner.py:120} INFO - ::group::Pre task execution logs
[2025-09-09T19:00:01.016+0000] {taskinstance.py:2076} INFO - Dependencies all met for dep_context=non-requeueable deps ti=<TaskInstance: dbt_run_models.run_dbt_models scheduled__2025-09-09T18:00:00+00:00 [queued]>
[2025-09-09T19:00:01.039+0000] {taskinstance.py:2076} INFO - Dependencies all met for dep_context=requeueable deps ti=<TaskInstance: dbt_run_models.run_dbt_models scheduled__2025-09-09T18:00:00+00:00 [queued]>
[2025-09-09T19:00:01.040+0000] {taskinstance.py:2306} INFO - Starting attempt 1 of 2
[2025-09-09T19:00:01.079+0000] {taskinstance.py:2330} INFO - Executing <Task(BashOperator): run_dbt_models> on 2025-09-09 18:00:00+00:00
[2025-09-09T19:00:01.090+0000] {warnings.py:112} WARNING - /home/airflow/.local/lib/python3.12/site-packages/airflow/task/task_runner/standard_task_runner.py:62: DeprecationWarning: This process (pid=3035) is multi-threaded, use of fork() may lead to deadlocks in the child.
  pid = os.fork()

[2025-09-09T19:00:01.092+0000] {standard_task_runner.py:64} INFO - Started process 3036 to run task
[2025-09-09T19:00:01.097+0000] {standard_task_runner.py:90} INFO - Running: ['airflow', 'tasks', 'run', 'dbt_run_models', 'run_dbt_models', 'scheduled__2025-09-09T18:00:00+00:00', '--job-id', '1297', '--raw', '--subdir', 'DAGS_FOLDER/dbt_dag.py', '--cfg-path', '/tmp/tmpzr7ha07t']
[2025-09-09T19:00:01.099+0000] {standard_task_runner.py:91} INFO - Job 1297: Subtask run_dbt_models
[2025-09-09T19:00:01.125+0000] {warnings.py:112} WARNING - /home/airflow/.local/lib/python3.12/site-packages/airflow/settings.py:195: DeprecationWarning: The sql_alchemy_conn option in [core] has been moved to the sql_alchemy_conn option in [database] - the old setting has been used, but please update your config.
  SQL_ALCHEMY_CONN = conf.get("database", "SQL_ALCHEMY_CONN")

[2025-09-09T19:00:01.188+0000] {task_command.py:426} INFO - Running <TaskInstance: dbt_run_models.run_dbt_models scheduled__2025-09-09T18:00:00+00:00 [running]> on host b5ea13053d47
[2025-09-09T19:00:01.372+0000] {taskinstance.py:2648} INFO - Exporting env vars: AIRFLOW_CTX_DAG_OWNER='airflow' AIRFLOW_CTX_DAG_ID='dbt_run_models' AIRFLOW_CTX_TASK_ID='run_dbt_models' AIRFLOW_CTX_EXECUTION_DATE='2025-09-09T18:00:00+00:00' AIRFLOW_CTX_TRY_NUMBER='1' AIRFLOW_CTX_DAG_RUN_ID='scheduled__2025-09-09T18:00:00+00:00'
[2025-09-09T19:00:01.374+0000] {taskinstance.py:430} INFO - ::endgroup::
[2025-09-09T19:00:01.424+0000] {subprocess.py:63} INFO - Tmp dir root location: /tmp
[2025-09-09T19:00:01.426+0000] {subprocess.py:75} INFO - Running command: ['/usr/bin/bash', '-c', '\n        cd /usr/app &&         dbt run --profiles-dir /usr/app\n        ']
[2025-09-09T19:00:01.452+0000] {subprocess.py:86} INFO - Output:
[2025-09-09T19:00:05.025+0000] {subprocess.py:93} INFO - [0m19:00:05  Running with dbt=1.7.9
[2025-09-09T19:00:05.746+0000] {subprocess.py:93} INFO - [0m19:00:05  Registered adapter: postgres=1.7.9
[2025-09-09T19:00:05.814+0000] {subprocess.py:93} INFO - [0m19:00:05  [[33mWARNING[0m]: Configuration paths exist in your dbt_project.yml file which do not apply to any resources.
[2025-09-09T19:00:05.814+0000] {subprocess.py:93} INFO - There are 1 unused configuration paths:
[2025-09-09T19:00:05.814+0000] {subprocess.py:93} INFO - - models.my_project.sources
[2025-09-09T19:00:05.852+0000] {subprocess.py:93} INFO - [0m19:00:05  Found 15 models, 7 sources, 0 exposures, 0 metrics, 401 macros, 0 groups, 0 semantic models
[2025-09-09T19:00:05.858+0000] {subprocess.py:93} INFO - [0m19:00:05
[2025-09-09T19:00:06.066+0000] {subprocess.py:93} INFO - [0m19:00:06  Concurrency: 4 threads (target='dev')
[2025-09-09T19:00:06.066+0000] {subprocess.py:93} INFO - [0m19:00:06
[2025-09-09T19:00:06.081+0000] {subprocess.py:93} INFO - [0m19:00:06  1 of 15 START sql view model analytics.stg_AOV ................................. [RUN]
[2025-09-09T19:00:06.104+0000] {subprocess.py:93} INFO - [0m19:00:06  2 of 15 START sql view model analytics.stg_order_count_year .................... [RUN]
[2025-09-09T19:00:06.109+0000] {subprocess.py:93} INFO - [0m19:00:06  3 of 15 START sql view model analytics.stg_order_details ....................... [RUN]
[2025-09-09T19:00:06.110+0000] {subprocess.py:93} INFO - [0m19:00:06  4 of 15 START sql view model analytics.stg_order_items ......................... [RUN]
[2025-09-09T19:00:06.741+0000] {subprocess.py:93} INFO - [0m19:00:06  3 of 15 OK created sql view model analytics.stg_order_details .................. [[32mCREATE VIEW[0m in 0.61s]
[2025-09-09T19:00:06.767+0000] {subprocess.py:93} INFO - [0m19:00:06  2 of 15 OK created sql view model analytics.stg_order_count_year ............... [[32mCREATE VIEW[0m in 0.64s]
[2025-09-09T19:00:06.770+0000] {subprocess.py:93} INFO - [0m19:00:06  4 of 15 OK created sql view model analytics.stg_order_items .................... [[32mCREATE VIEW[0m in 0.64s]
[2025-09-09T19:00:06.771+0000] {subprocess.py:93} INFO - [0m19:00:06  1 of 15 OK created sql view model analytics.stg_AOV ............................ [[32mCREATE VIEW[0m in 0.68s]
[2025-09-09T19:00:06.775+0000] {subprocess.py:93} INFO - [0m19:00:06  5 of 15 START sql view model analytics.stg_orders .............................. [RUN]
[2025-09-09T19:00:06.794+0000] {subprocess.py:93} INFO - [0m19:00:06  6 of 15 START sql view model analytics.stg_payments ............................ [RUN]
[2025-09-09T19:00:06.798+0000] {subprocess.py:93} INFO - [0m19:00:06  7 of 15 START sql view model analytics.stg_products ............................ [RUN]
[2025-09-09T19:00:06.800+0000] {subprocess.py:93} INFO - [0m19:00:06  8 of 15 START sql table model analytics.order_count_year ....................... [RUN]
[2025-09-09T19:00:07.342+0000] {subprocess.py:93} INFO - [0m19:00:07  5 of 15 OK created sql view model analytics.stg_orders ......................... [[32mCREATE VIEW[0m in 0.55s]
[2025-09-09T19:00:07.345+0000] {subprocess.py:93} INFO - [0m19:00:07  9 of 15 START sql table model analytics.order_count_year+month_diff ............ [RUN]
[2025-09-09T19:00:07.423+0000] {subprocess.py:93} INFO - [0m19:00:07  8 of 15 OK created sql table model analytics.order_count_year .................. [[32mSELECT 4[0m in 0.61s]
[2025-09-09T19:00:07.428+0000] {subprocess.py:93} INFO - [0m19:00:07  7 of 15 OK created sql view model analytics.stg_products ....................... [[32mCREATE VIEW[0m in 0.61s]
[2025-09-09T19:00:07.431+0000] {subprocess.py:93} INFO - [0m19:00:07  6 of 15 OK created sql view model analytics.stg_payments ....................... [[32mCREATE VIEW[0m in 0.62s]
[2025-09-09T19:00:07.456+0000] {subprocess.py:93} INFO - [0m19:00:07  10 of 15 START sql table model analytics.AOV_chek .............................. [RUN]
[2025-09-09T19:00:07.459+0000] {subprocess.py:93} INFO - [0m19:00:07  11 of 15 START sql table model analytics.orders_summary ........................ [RUN]
[2025-09-09T19:00:07.463+0000] {subprocess.py:93} INFO - [0m19:00:07  12 of 15 START sql table model analytics.AOV_EBITDA_COUNT ...................... [RUN]
[2025-09-09T19:00:07.676+0000] {subprocess.py:93} INFO - [0m19:00:07  9 of 15 OK created sql table model analytics.order_count_year+month_diff ....... [[32mSELECT 28[0m in 0.33s]
[2025-09-09T19:00:07.714+0000] {subprocess.py:93} INFO - [0m19:00:07  13 of 15 START sql table model analytics.AOV_category .......................... [RUN]
[2025-09-09T19:00:07.748+0000] {subprocess.py:93} INFO - [0m19:00:07  12 of 15 ERROR creating sql table model analytics.AOV_EBITDA_COUNT ............. [[31mERROR[0m in 0.27s]
[2025-09-09T19:00:07.781+0000] {subprocess.py:93} INFO - [0m19:00:07  14 of 15 START sql table model analytics.AOV_product_name ...................... [RUN]
[2025-09-09T19:00:07.868+0000] {subprocess.py:93} INFO - [0m19:00:07  10 of 15 OK created sql table model analytics.AOV_chek ......................... [[32mSELECT 50[0m in 0.40s]
[2025-09-09T19:00:07.889+0000] {subprocess.py:93} INFO - [0m19:00:07  11 of 15 OK created sql table model analytics.orders_summary ................... [[32mSELECT 10000[0m in 0.41s]
[2025-09-09T19:00:07.891+0000] {subprocess.py:93} INFO - [0m19:00:07  15 of 15 START sql table model analytics.AVG_AOV_chek .......................... [RUN]
[2025-09-09T19:00:07.945+0000] {subprocess.py:93} INFO - [0m19:00:07  13 of 15 ERROR creating sql table model analytics.AOV_category ................. [[31mERROR[0m in 0.20s]
[2025-09-09T19:00:07.982+0000] {subprocess.py:93} INFO - [0m19:00:07  14 of 15 ERROR creating sql table model analytics.AOV_product_name ............. [[31mERROR[0m in 0.19s]
[2025-09-09T19:00:08.328+0000] {subprocess.py:93} INFO - [0m19:00:08  15 of 15 OK created sql table model analytics.AVG_AOV_chek ..................... [[32mSELECT 16839[0m in 0.43s]
[2025-09-09T19:00:08.386+0000] {subprocess.py:93} INFO - [0m19:00:08
[2025-09-09T19:00:08.389+0000] {subprocess.py:93} INFO - [0m19:00:08  Finished running 7 view models, 8 table models in 0 hours 0 minutes and 2.53 seconds (2.53s).
[2025-09-09T19:00:08.436+0000] {subprocess.py:93} INFO - [0m19:00:08
[2025-09-09T19:00:08.439+0000] {subprocess.py:93} INFO - [0m19:00:08  [31mCompleted with 3 errors and 0 warnings:[0m
[2025-09-09T19:00:08.442+0000] {subprocess.py:93} INFO - [0m19:00:08
[2025-09-09T19:00:08.445+0000] {subprocess.py:93} INFO - [0m19:00:08    Database Error in model AOV_EBITDA_COUNT (models/marts/AOV_EBITDA_COUNT.sql)
[2025-09-09T19:00:08.445+0000] {subprocess.py:93} INFO -   type "avr_order_value" does not exist
[2025-09-09T19:00:08.446+0000] {subprocess.py:93} INFO -   LINE 19: order by avr_order_value
[2025-09-09T19:00:08.446+0000] {subprocess.py:93} INFO -                     ^
[2025-09-09T19:00:08.447+0000] {subprocess.py:93} INFO -   compiled Code at target/run/my_project/models/marts/AOV_EBITDA_COUNT.sql
[2025-09-09T19:00:08.449+0000] {subprocess.py:93} INFO - [0m19:00:08
[2025-09-09T19:00:08.451+0000] {subprocess.py:93} INFO - [0m19:00:08    Database Error in model AOV_category (models/marts/AOV_category.sql)
[2025-09-09T19:00:08.452+0000] {subprocess.py:93} INFO -   type "avr_order_value" does not exist
[2025-09-09T19:00:08.453+0000] {subprocess.py:93} INFO -   LINE 21: order by avr_order_value
[2025-09-09T19:00:08.453+0000] {subprocess.py:93} INFO -                     ^
[2025-09-09T19:00:08.453+0000] {subprocess.py:93} INFO -   compiled Code at target/run/my_project/models/marts/AOV_category.sql
[2025-09-09T19:00:08.454+0000] {subprocess.py:93} INFO - [0m19:00:08
[2025-09-09T19:00:08.456+0000] {subprocess.py:93} INFO - [0m19:00:08    Database Error in model AOV_product_name (models/marts/AOV_product_name.sql)
[2025-09-09T19:00:08.458+0000] {subprocess.py:93} INFO -   type "avr_order_value" does not exist
[2025-09-09T19:00:08.459+0000] {subprocess.py:93} INFO -   LINE 21: order by avr_order_value
[2025-09-09T19:00:08.459+0000] {subprocess.py:93} INFO -                     ^
[2025-09-09T19:00:08.460+0000] {subprocess.py:93} INFO -   compiled Code at target/run/my_project/models/marts/AOV_product_name.sql
[2025-09-09T19:00:08.461+0000] {subprocess.py:93} INFO - [0m19:00:08
[2025-09-09T19:00:08.461+0000] {subprocess.py:93} INFO - [0m19:00:08  Done. PASS=12 WARN=0 ERROR=3 SKIP=0 TOTAL=15
[2025-09-09T19:00:19.024+0000] {subprocess.py:97} INFO - Command exited with return code 1
[2025-09-09T19:00:19.025+0000] {taskinstance.py:441} INFO - ::group::Post task execution logs
[2025-09-09T19:00:19.038+0000] {taskinstance.py:2905} ERROR - Task failed with exception
Traceback (most recent call last):
  File "/home/airflow/.local/lib/python3.12/site-packages/airflow/models/taskinstance.py", line 465, in _execute_task
    result = _execute_callable(context=context, **execute_callable_kwargs)
             ^^^^^^^^^^^^^^^^^^^^^^^^^^^^^^^^^^^^^^^^^^^^^^^^^^^^^^^^^^^^^
  File "/home/airflow/.local/lib/python3.12/site-packages/airflow/models/taskinstance.py", line 432, in _execute_callable
    return execute_callable(context=context, **execute_callable_kwargs)
           ^^^^^^^^^^^^^^^^^^^^^^^^^^^^^^^^^^^^^^^^^^^^^^^^^^^^^^^^^^^^
  File "/home/airflow/.local/lib/python3.12/site-packages/airflow/models/baseoperator.py", line 401, in wrapper
    return func(self, *args, **kwargs)
           ^^^^^^^^^^^^^^^^^^^^^^^^^^^
  File "/home/airflow/.local/lib/python3.12/site-packages/airflow/operators/bash.py", line 243, in execute
    raise AirflowException(
airflow.exceptions.AirflowException: Bash command failed. The command returned a non-zero exit code 1.
[2025-09-09T19:00:19.049+0000] {taskinstance.py:1206} INFO - Marking task as UP_FOR_RETRY. dag_id=dbt_run_models, task_id=run_dbt_models, run_id=scheduled__2025-09-09T18:00:00+00:00, execution_date=20250909T180000, start_date=20250909T190001, end_date=20250909T190019
[2025-09-09T19:00:19.087+0000] {standard_task_runner.py:110} ERROR - Failed to execute job 1297 for task run_dbt_models (Bash command failed. The command returned a non-zero exit code 1.; 3036)
[2025-09-09T19:00:19.140+0000] {local_task_job_runner.py:243} INFO - Task exited with return code 1
[2025-09-09T19:00:19.190+0000] {taskinstance.py:3503} INFO - 0 downstream tasks scheduled from follow-on schedule check
[2025-09-09T19:00:19.196+0000] {local_task_job_runner.py:222} INFO - ::endgroup::
