[2025-08-25T15:50:18.861+0000] {local_task_job_runner.py:120} INFO - ::group::Pre task execution logs
[2025-08-25T15:50:18.897+0000] {taskinstance.py:2076} INFO - Dependencies all met for dep_context=non-requeueable deps ti=<TaskInstance: daily_generate_orders.load_csv_to_postgres manual__2025-08-25T15:50:13.925451+00:00 [queued]>
[2025-08-25T15:50:18.919+0000] {taskinstance.py:2076} INFO - Dependencies all met for dep_context=requeueable deps ti=<TaskInstance: daily_generate_orders.load_csv_to_postgres manual__2025-08-25T15:50:13.925451+00:00 [queued]>
[2025-08-25T15:50:18.921+0000] {taskinstance.py:2306} INFO - Starting attempt 1 of 1
[2025-08-25T15:50:18.955+0000] {taskinstance.py:2330} INFO - Executing <Task(PythonOperator): load_csv_to_postgres> on 2025-08-25 15:50:13.925451+00:00
[2025-08-25T15:50:18.970+0000] {warnings.py:112} WARNING - /home/airflow/.local/lib/python3.12/site-packages/airflow/task/task_runner/standard_task_runner.py:62: DeprecationWarning: This process (pid=856) is multi-threaded, use of fork() may lead to deadlocks in the child.
  pid = os.fork()

[2025-08-25T15:50:18.972+0000] {standard_task_runner.py:64} INFO - Started process 858 to run task
[2025-08-25T15:50:18.971+0000] {standard_task_runner.py:90} INFO - Running: ['airflow', 'tasks', 'run', 'daily_generate_orders', 'load_csv_to_postgres', 'manual__2025-08-25T15:50:13.925451+00:00', '--job-id', '541', '--raw', '--subdir', 'DAGS_FOLDER/generate_fake_shop_csv.py', '--cfg-path', '/tmp/tmp51e7t73m']
[2025-08-25T15:50:18.973+0000] {standard_task_runner.py:91} INFO - Job 541: Subtask load_csv_to_postgres
[2025-08-25T15:50:18.990+0000] {warnings.py:112} WARNING - /home/airflow/.local/lib/python3.12/site-packages/airflow/settings.py:195: DeprecationWarning: The sql_alchemy_conn option in [core] has been moved to the sql_alchemy_conn option in [database] - the old setting has been used, but please update your config.
  SQL_ALCHEMY_CONN = conf.get("database", "SQL_ALCHEMY_CONN")

[2025-08-25T15:50:19.032+0000] {task_command.py:426} INFO - Running <TaskInstance: daily_generate_orders.load_csv_to_postgres manual__2025-08-25T15:50:13.925451+00:00 [running]> on host b5ea13053d47
[2025-08-25T15:50:19.219+0000] {taskinstance.py:2648} INFO - Exporting env vars: AIRFLOW_CTX_DAG_OWNER='airflow' AIRFLOW_CTX_DAG_ID='daily_generate_orders' AIRFLOW_CTX_TASK_ID='load_csv_to_postgres' AIRFLOW_CTX_EXECUTION_DATE='2025-08-25T15:50:13.925451+00:00' AIRFLOW_CTX_TRY_NUMBER='1' AIRFLOW_CTX_DAG_RUN_ID='manual__2025-08-25T15:50:13.925451+00:00'
[2025-08-25T15:50:19.222+0000] {taskinstance.py:430} INFO - ::endgroup::
[2025-08-25T15:50:19.307+0000] {base.py:84} INFO - Using connection ID 'postgres_conn' for task execution.
[2025-08-25T15:50:19.579+0000] {logging_mixin.py:188} INFO - ✅ Загружено 1000 новых строк в таблицу shipments
[2025-08-25T15:50:19.673+0000] {logging_mixin.py:188} INFO - ✅ Загружено 1000 новых строк в таблицу shipments
[2025-08-25T15:50:19.724+0000] {logging_mixin.py:188} INFO - ✅ Загружено 1000 новых строк в таблицу shipments
[2025-08-25T15:50:19.777+0000] {logging_mixin.py:188} INFO - ✅ Загружено 1000 новых строк в таблицу shipments
[2025-08-25T15:50:19.814+0000] {logging_mixin.py:188} INFO - ✅ Загружено 1000 новых строк в таблицу shipments
[2025-08-25T15:50:19.881+0000] {logging_mixin.py:188} INFO - ✅ Загружено 1000 новых строк в таблицу shipments
[2025-08-25T15:50:19.928+0000] {logging_mixin.py:188} INFO - ✅ Загружено 1000 новых строк в таблицу shipments
[2025-08-25T15:50:19.987+0000] {logging_mixin.py:188} INFO - ✅ Загружено 1000 новых строк в таблицу shipments
[2025-08-25T15:50:20.052+0000] {logging_mixin.py:188} INFO - ✅ Загружено 1000 новых строк в таблицу shipments
[2025-08-25T15:50:20.095+0000] {logging_mixin.py:188} INFO - ✅ Загружено 1000 новых строк в таблицу shipments
[2025-08-25T15:50:20.135+0000] {logging_mixin.py:188} INFO - ✅ Загружено 1000 новых строк в таблицу shipments
[2025-08-25T15:50:20.176+0000] {logging_mixin.py:188} INFO - ✅ Загружено 1000 новых строк в таблицу shipments
[2025-08-25T15:50:20.216+0000] {logging_mixin.py:188} INFO - ✅ Загружено 1000 новых строк в таблицу shipments
[2025-08-25T15:50:20.257+0000] {logging_mixin.py:188} INFO - ✅ Загружено 1000 новых строк в таблицу shipments
[2025-08-25T15:50:20.304+0000] {logging_mixin.py:188} INFO - ✅ Загружено 1000 новых строк в таблицу shipments
[2025-08-25T15:50:20.349+0000] {logging_mixin.py:188} INFO - ✅ Загружено 1000 новых строк в таблицу customers
[2025-08-25T15:50:20.385+0000] {logging_mixin.py:188} INFO - ✅ Загружено 1000 новых строк в таблицу customers
[2025-08-25T15:50:20.421+0000] {logging_mixin.py:188} INFO - ✅ Загружено 1000 новых строк в таблицу customers
[2025-08-25T15:50:20.456+0000] {logging_mixin.py:188} INFO - ✅ Загружено 1000 новых строк в таблицу customers
[2025-08-25T15:50:20.490+0000] {logging_mixin.py:188} INFO - ✅ Загружено 1000 новых строк в таблицу customers
[2025-08-25T15:50:20.522+0000] {logging_mixin.py:188} INFO - ✅ Загружено 1000 новых строк в таблицу customers
[2025-08-25T15:50:20.555+0000] {logging_mixin.py:188} INFO - ✅ Загружено 1000 новых строк в таблицу customers
[2025-08-25T15:50:20.591+0000] {logging_mixin.py:188} INFO - ✅ Загружено 1000 новых строк в таблицу customers
[2025-08-25T15:50:20.626+0000] {logging_mixin.py:188} INFO - ✅ Загружено 1000 новых строк в таблицу customers
[2025-08-25T15:50:20.664+0000] {logging_mixin.py:188} INFO - ✅ Загружено 1000 новых строк в таблицу customers
[2025-08-25T15:50:20.711+0000] {logging_mixin.py:188} INFO - ✅ Загружено 1000 новых строк в таблицу orders
[2025-08-25T15:50:20.745+0000] {logging_mixin.py:188} INFO - ✅ Загружено 1000 новых строк в таблицу orders
[2025-08-25T15:50:20.774+0000] {logging_mixin.py:188} INFO - ✅ Загружено 1000 новых строк в таблицу orders
[2025-08-25T15:50:20.805+0000] {logging_mixin.py:188} INFO - ✅ Загружено 1000 новых строк в таблицу orders
[2025-08-25T15:50:20.834+0000] {logging_mixin.py:188} INFO - ✅ Загружено 1000 новых строк в таблицу orders
[2025-08-25T15:50:20.864+0000] {logging_mixin.py:188} INFO - ✅ Загружено 1000 новых строк в таблицу orders
[2025-08-25T15:50:20.892+0000] {logging_mixin.py:188} INFO - ✅ Загружено 1000 новых строк в таблицу orders
[2025-08-25T15:50:20.921+0000] {logging_mixin.py:188} INFO - ✅ Загружено 1000 новых строк в таблицу orders
[2025-08-25T15:50:20.950+0000] {logging_mixin.py:188} INFO - ✅ Загружено 1000 новых строк в таблицу orders
[2025-08-25T15:50:20.986+0000] {logging_mixin.py:188} INFO - ✅ Загружено 1000 новых строк в таблицу orders
[2025-08-25T15:50:21.042+0000] {logging_mixin.py:188} INFO - ✅ Загружено 1000 новых строк в таблицу orders
[2025-08-25T15:50:21.082+0000] {logging_mixin.py:188} INFO - ✅ Загружено 1000 новых строк в таблицу orders
[2025-08-25T15:50:21.110+0000] {logging_mixin.py:188} INFO - ✅ Загружено 1000 новых строк в таблицу orders
[2025-08-25T15:50:21.143+0000] {logging_mixin.py:188} INFO - ✅ Загружено 1000 новых строк в таблицу orders
[2025-08-25T15:50:21.173+0000] {logging_mixin.py:188} INFO - ✅ Загружено 1000 новых строк в таблицу orders
[2025-08-25T15:50:21.180+0000] {logging_mixin.py:188} INFO - ✅ Загружено 8 новых строк в таблицу orders
[2025-08-25T15:50:21.212+0000] {logging_mixin.py:188} INFO - ✅ Загружено 1000 новых строк в таблицу products
[2025-08-25T15:50:21.243+0000] {logging_mixin.py:188} INFO - ✅ Загружено 1000 новых строк в таблицу products
[2025-08-25T15:50:21.369+0000] {logging_mixin.py:188} INFO - ✅ Загружено 1000 новых строк в таблицу order_items
[2025-08-25T15:50:21.446+0000] {logging_mixin.py:188} INFO - ✅ Загружено 1000 новых строк в таблицу order_items
[2025-08-25T15:50:21.524+0000] {logging_mixin.py:188} INFO - ✅ Загружено 1000 новых строк в таблицу order_items
[2025-08-25T15:50:21.595+0000] {logging_mixin.py:188} INFO - ✅ Загружено 1000 новых строк в таблицу order_items
[2025-08-25T15:50:21.661+0000] {logging_mixin.py:188} INFO - ✅ Загружено 1000 новых строк в таблицу order_items
[2025-08-25T15:50:21.718+0000] {logging_mixin.py:188} INFO - ✅ Загружено 1000 новых строк в таблицу order_items
[2025-08-25T15:50:21.770+0000] {logging_mixin.py:188} INFO - ✅ Загружено 1000 новых строк в таблицу order_items
[2025-08-25T15:50:21.825+0000] {logging_mixin.py:188} INFO - ✅ Загружено 1000 новых строк в таблицу order_items
[2025-08-25T15:50:21.873+0000] {logging_mixin.py:188} INFO - ✅ Загружено 1000 новых строк в таблицу order_items
[2025-08-25T15:50:21.926+0000] {logging_mixin.py:188} INFO - ✅ Загружено 1000 новых строк в таблицу order_items
[2025-08-25T15:50:21.978+0000] {logging_mixin.py:188} INFO - ✅ Загружено 1000 новых строк в таблицу order_items
[2025-08-25T15:50:22.027+0000] {logging_mixin.py:188} INFO - ✅ Загружено 1000 новых строк в таблицу order_items
[2025-08-25T15:50:22.075+0000] {logging_mixin.py:188} INFO - ✅ Загружено 1000 новых строк в таблицу order_items
[2025-08-25T15:50:22.116+0000] {logging_mixin.py:188} INFO - ✅ Загружено 1000 новых строк в таблицу order_items
[2025-08-25T15:50:22.157+0000] {logging_mixin.py:188} INFO - ✅ Загружено 1000 новых строк в таблицу order_items
[2025-08-25T15:50:22.198+0000] {logging_mixin.py:188} INFO - ✅ Загружено 1000 новых строк в таблицу order_items
[2025-08-25T15:50:22.239+0000] {logging_mixin.py:188} INFO - ✅ Загружено 1000 новых строк в таблицу order_items
[2025-08-25T15:50:22.279+0000] {logging_mixin.py:188} INFO - ✅ Загружено 1000 новых строк в таблицу order_items
[2025-08-25T15:50:22.322+0000] {logging_mixin.py:188} INFO - ✅ Загружено 1000 новых строк в таблицу order_items
[2025-08-25T15:50:22.376+0000] {logging_mixin.py:188} INFO - ✅ Загружено 1000 новых строк в таблицу order_items
[2025-08-25T15:50:22.384+0000] {logging_mixin.py:188} INFO - ✅ Загружено 18 новых строк в таблицу order_items
[2025-08-25T15:50:22.400+0000] {logging_mixin.py:188} INFO - ✅ Загружено 100 новых строк в таблицу suppliers
[2025-08-25T15:50:22.451+0000] {taskinstance.py:441} INFO - ::group::Post task execution logs
[2025-08-25T15:50:22.452+0000] {taskinstance.py:2905} ERROR - Task failed with exception
Traceback (most recent call last):
  File "/home/airflow/.local/lib/python3.12/site-packages/sqlalchemy/engine/base.py", line 1890, in _execute_context
    self.dialect.do_executemany(
  File "/home/airflow/.local/lib/python3.12/site-packages/sqlalchemy/dialects/postgresql/psycopg2.py", line 982, in do_executemany
    context._psycopg2_fetched_rows = xtras.execute_values(
                                     ^^^^^^^^^^^^^^^^^^^^^
  File "/home/airflow/.local/lib/python3.12/site-packages/psycopg2/extras.py", line 1299, in execute_values
    cur.execute(b''.join(parts))
psycopg2.errors.UndefinedColumn: column "payment_date" of relation "payment" does not exist
LINE 1: ...r_id, payment_method, amount, transaction_status, payment_da...
                                                             ^


The above exception was the direct cause of the following exception:

Traceback (most recent call last):
  File "/home/airflow/.local/lib/python3.12/site-packages/airflow/models/taskinstance.py", line 465, in _execute_task
    result = _execute_callable(context=context, **execute_callable_kwargs)
             ^^^^^^^^^^^^^^^^^^^^^^^^^^^^^^^^^^^^^^^^^^^^^^^^^^^^^^^^^^^^^
  File "/home/airflow/.local/lib/python3.12/site-packages/airflow/models/taskinstance.py", line 432, in _execute_callable
    return execute_callable(context=context, **execute_callable_kwargs)
           ^^^^^^^^^^^^^^^^^^^^^^^^^^^^^^^^^^^^^^^^^^^^^^^^^^^^^^^^^^^^
  File "/home/airflow/.local/lib/python3.12/site-packages/airflow/models/baseoperator.py", line 401, in wrapper
    return func(self, *args, **kwargs)
           ^^^^^^^^^^^^^^^^^^^^^^^^^^^
  File "/home/airflow/.local/lib/python3.12/site-packages/airflow/operators/python.py", line 235, in execute
    return_value = self.execute_callable()
                   ^^^^^^^^^^^^^^^^^^^^^^^
  File "/home/airflow/.local/lib/python3.12/site-packages/airflow/operators/python.py", line 252, in execute_callable
    return self.python_callable(*self.op_args, **self.op_kwargs)
           ^^^^^^^^^^^^^^^^^^^^^^^^^^^^^^^^^^^^^^^^^^^^^^^^^^^^^
  File "/opt/airflow/dags/generate_fake_shop_csv.py", line 147, in load_csv_to_postgres
    chunk.to_sql(table_name, engine, if_exists="append", index=False, dtype=dtype_mapping)
  File "/home/airflow/.local/lib/python3.12/site-packages/pandas/util/_decorators.py", line 333, in wrapper
    return func(*args, **kwargs)
           ^^^^^^^^^^^^^^^^^^^^^
  File "/home/airflow/.local/lib/python3.12/site-packages/pandas/core/generic.py", line 3008, in to_sql
    return sql.to_sql(
           ^^^^^^^^^^^
  File "/home/airflow/.local/lib/python3.12/site-packages/pandas/io/sql.py", line 788, in to_sql
    return pandas_sql.to_sql(
           ^^^^^^^^^^^^^^^^^^
  File "/home/airflow/.local/lib/python3.12/site-packages/pandas/io/sql.py", line 1958, in to_sql
    total_inserted = sql_engine.insert_records(
                     ^^^^^^^^^^^^^^^^^^^^^^^^^^
  File "/home/airflow/.local/lib/python3.12/site-packages/pandas/io/sql.py", line 1507, in insert_records
    raise err
  File "/home/airflow/.local/lib/python3.12/site-packages/pandas/io/sql.py", line 1498, in insert_records
    return table.insert(chunksize=chunksize, method=method)
           ^^^^^^^^^^^^^^^^^^^^^^^^^^^^^^^^^^^^^^^^^^^^^^^^
  File "/home/airflow/.local/lib/python3.12/site-packages/pandas/io/sql.py", line 1059, in insert
    num_inserted = exec_insert(conn, keys, chunk_iter)
                   ^^^^^^^^^^^^^^^^^^^^^^^^^^^^^^^^^^^
  File "/home/airflow/.local/lib/python3.12/site-packages/pandas/io/sql.py", line 951, in _execute_insert
    result = conn.execute(self.table.insert(), data)
             ^^^^^^^^^^^^^^^^^^^^^^^^^^^^^^^^^^^^^^^
  File "/home/airflow/.local/lib/python3.12/site-packages/sqlalchemy/engine/base.py", line 1385, in execute
    return meth(self, multiparams, params, _EMPTY_EXECUTION_OPTS)
           ^^^^^^^^^^^^^^^^^^^^^^^^^^^^^^^^^^^^^^^^^^^^^^^^^^^^^^
  File "/home/airflow/.local/lib/python3.12/site-packages/sqlalchemy/sql/elements.py", line 334, in _execute_on_connection
    return connection._execute_clauseelement(
           ^^^^^^^^^^^^^^^^^^^^^^^^^^^^^^^^^^
  File "/home/airflow/.local/lib/python3.12/site-packages/sqlalchemy/engine/base.py", line 1577, in _execute_clauseelement
    ret = self._execute_context(
          ^^^^^^^^^^^^^^^^^^^^^^
  File "/home/airflow/.local/lib/python3.12/site-packages/sqlalchemy/engine/base.py", line 1953, in _execute_context
    self._handle_dbapi_exception(
  File "/home/airflow/.local/lib/python3.12/site-packages/sqlalchemy/engine/base.py", line 2134, in _handle_dbapi_exception
    util.raise_(
  File "/home/airflow/.local/lib/python3.12/site-packages/sqlalchemy/util/compat.py", line 211, in raise_
    raise exception
  File "/home/airflow/.local/lib/python3.12/site-packages/sqlalchemy/engine/base.py", line 1890, in _execute_context
    self.dialect.do_executemany(
  File "/home/airflow/.local/lib/python3.12/site-packages/sqlalchemy/dialects/postgresql/psycopg2.py", line 982, in do_executemany
    context._psycopg2_fetched_rows = xtras.execute_values(
                                     ^^^^^^^^^^^^^^^^^^^^^
  File "/home/airflow/.local/lib/python3.12/site-packages/psycopg2/extras.py", line 1299, in execute_values
    cur.execute(b''.join(parts))
sqlalchemy.exc.ProgrammingError: (psycopg2.errors.UndefinedColumn) column "payment_date" of relation "payment" does not exist
LINE 1: ...r_id, payment_method, amount, transaction_status, payment_da...
                                                             ^

[SQL: INSERT INTO payment (payment_id, order_id, payment_method, amount, transaction_status, payment_date) VALUES (%(payment_id)s, %(order_id)s, %(payment_method)s, %(amount)s, %(transaction_status)s, %(payment_date)s)]
[parameters: ({'payment_id': 1, 'order_id': 1, 'payment_method': 'Credit Card', 'amount': 232.15, 'transaction_status': 'Completed', 'payment_date': None}, {'payment_id': 2, 'order_id': 2, 'payment_method': 'Credit Card', 'amount': 454.44, 'transaction_status': 'Completed', 'payment_date': None}, {'payment_id': 3, 'order_id': 3, 'payment_method': 'Credit Card', 'amount': 26.14, 'transaction_status': 'Completed', 'payment_date': None}, {'payment_id': 4, 'order_id': 4, 'payment_method': 'Credit Card', 'amount': 985.7, 'transaction_status': 'Completed', 'payment_date': None}, {'payment_id': 5, 'order_id': 5, 'payment_method': 'Credit Card', 'amount': 733.32, 'transaction_status': 'Completed', 'payment_date': None}, {'payment_id': 6, 'order_id': 6, 'payment_method': 'Credit Card', 'amount': 629.36, 'transaction_status': 'Completed', 'payment_date': None}, {'payment_id': 7, 'order_id': 7, 'payment_method': 'Credit Card', 'amount': 461.51, 'transaction_status': 'Completed', 'payment_date': None}, {'payment_id': 8, 'order_id': 8, 'payment_method': 'Credit Card', 'amount': 464.73, 'transaction_status': 'Completed', 'payment_date': None}  ... displaying 10 of 1000 total bound parameter sets ...  {'payment_id': 999, 'order_id': 999, 'payment_method': 'Credit Card', 'amount': 156.36, 'transaction_status': 'Completed', 'payment_date': None}, {'payment_id': 1000, 'order_id': 1000, 'payment_method': 'Credit Card', 'amount': 922.8, 'transaction_status': 'Completed', 'payment_date': None})]
(Background on this error at: https://sqlalche.me/e/14/f405)
[2025-08-25T15:50:22.468+0000] {taskinstance.py:1206} INFO - Marking task as FAILED. dag_id=daily_generate_orders, task_id=load_csv_to_postgres, run_id=manual__2025-08-25T15:50:13.925451+00:00, execution_date=20250825T155013, start_date=20250825T155018, end_date=20250825T155022
[2025-08-25T15:50:22.486+0000] {standard_task_runner.py:110} ERROR - Failed to execute job 541 for task load_csv_to_postgres ((psycopg2.errors.UndefinedColumn) column "payment_date" of relation "payment" does not exist
LINE 1: ...r_id, payment_method, amount, transaction_status, payment_da...
                                                             ^

[SQL: INSERT INTO payment (payment_id, order_id, payment_method, amount, transaction_status, payment_date) VALUES (%(payment_id)s, %(order_id)s, %(payment_method)s, %(amount)s, %(transaction_status)s, %(payment_date)s)]
[parameters: ({'payment_id': 1, 'order_id': 1, 'payment_method': 'Credit Card', 'amount': 232.15, 'transaction_status': 'Completed', 'payment_date': None}, {'payment_id': 2, 'order_id': 2, 'payment_method': 'Credit Card', 'amount': 454.44, 'transaction_status': 'Completed', 'payment_date': None}, {'payment_id': 3, 'order_id': 3, 'payment_method': 'Credit Card', 'amount': 26.14, 'transaction_status': 'Completed', 'payment_date': None}, {'payment_id': 4, 'order_id': 4, 'payment_method': 'Credit Card', 'amount': 985.7, 'transaction_status': 'Completed', 'payment_date': None}, {'payment_id': 5, 'order_id': 5, 'payment_method': 'Credit Card', 'amount': 733.32, 'transaction_status': 'Completed', 'payment_date': None}, {'payment_id': 6, 'order_id': 6, 'payment_method': 'Credit Card', 'amount': 629.36, 'transaction_status': 'Completed', 'payment_date': None}, {'payment_id': 7, 'order_id': 7, 'payment_method': 'Credit Card', 'amount': 461.51, 'transaction_status': 'Completed', 'payment_date': None}, {'payment_id': 8, 'order_id': 8, 'payment_method': 'Credit Card', 'amount': 464.73, 'transaction_status': 'Completed', 'payment_date': None}  ... displaying 10 of 1000 total bound parameter sets ...  {'payment_id': 999, 'order_id': 999, 'payment_method': 'Credit Card', 'amount': 156.36, 'transaction_status': 'Completed', 'payment_date': None}, {'payment_id': 1000, 'order_id': 1000, 'payment_method': 'Credit Card', 'amount': 922.8, 'transaction_status': 'Completed', 'payment_date': None})]
(Background on this error at: https://sqlalche.me/e/14/f405); 858)
[2025-08-25T15:50:22.539+0000] {local_task_job_runner.py:243} INFO - Task exited with return code 1
[2025-08-25T15:50:22.575+0000] {taskinstance.py:3503} INFO - 0 downstream tasks scheduled from follow-on schedule check
[2025-08-25T15:50:22.582+0000] {local_task_job_runner.py:222} INFO - ::endgroup::
