[2025-08-28T02:08:53.366+0000] {local_task_job_runner.py:120} INFO - ::group::Pre task execution logs
[2025-08-28T02:08:53.389+0000] {taskinstance.py:2076} INFO - Dependencies all met for dep_context=non-requeueable deps ti=<TaskInstance: import_csv_to_postgres.wait_for_generation manual__2025-08-28T02:08:50.972057+00:00 [queued]>
[2025-08-28T02:08:53.396+0000] {taskinstance.py:2076} INFO - Dependencies all met for dep_context=requeueable deps ti=<TaskInstance: import_csv_to_postgres.wait_for_generation manual__2025-08-28T02:08:50.972057+00:00 [queued]>
[2025-08-28T02:08:53.397+0000] {taskinstance.py:2306} INFO - Starting attempt 1 of 1
[2025-08-28T02:08:53.412+0000] {taskinstance.py:2330} INFO - Executing <Task(ExternalTaskSensor): wait_for_generation> on 2025-08-28 02:08:50.972057+00:00
[2025-08-28T02:08:53.420+0000] {warnings.py:112} WARNING - /home/airflow/.local/lib/python3.12/site-packages/airflow/task/task_runner/standard_task_runner.py:62: DeprecationWarning: This process (pid=1751) is multi-threaded, use of fork() may lead to deadlocks in the child.
  pid = os.fork()

[2025-08-28T02:08:53.421+0000] {standard_task_runner.py:64} INFO - Started process 1753 to run task
[2025-08-28T02:08:53.425+0000] {standard_task_runner.py:90} INFO - Running: ['airflow', 'tasks', 'run', 'import_csv_to_postgres', 'wait_for_generation', 'manual__2025-08-28T02:08:50.972057+00:00', '--job-id', '739', '--raw', '--subdir', 'DAGS_FOLDER/csv_to_postgres_dag.py', '--cfg-path', '/tmp/tmp2qrgc7f_']
[2025-08-28T02:08:53.430+0000] {standard_task_runner.py:91} INFO - Job 739: Subtask wait_for_generation
[2025-08-28T02:08:53.459+0000] {warnings.py:112} WARNING - /home/airflow/.local/lib/python3.12/site-packages/airflow/settings.py:195: DeprecationWarning: The sql_alchemy_conn option in [core] has been moved to the sql_alchemy_conn option in [database] - the old setting has been used, but please update your config.
  SQL_ALCHEMY_CONN = conf.get("database", "SQL_ALCHEMY_CONN")

[2025-08-28T02:08:53.513+0000] {task_command.py:426} INFO - Running <TaskInstance: import_csv_to_postgres.wait_for_generation manual__2025-08-28T02:08:50.972057+00:00 [running]> on host b5ea13053d47
[2025-08-28T02:08:53.702+0000] {taskinstance.py:2648} INFO - Exporting env vars: AIRFLOW_CTX_DAG_OWNER='airflow' AIRFLOW_CTX_DAG_ID='import_csv_to_postgres' AIRFLOW_CTX_TASK_ID='wait_for_generation' AIRFLOW_CTX_EXECUTION_DATE='2025-08-28T02:08:50.972057+00:00' AIRFLOW_CTX_TRY_NUMBER='1' AIRFLOW_CTX_DAG_RUN_ID='manual__2025-08-28T02:08:50.972057+00:00'
[2025-08-28T02:08:53.704+0000] {taskinstance.py:430} INFO - ::endgroup::
[2025-08-28T02:08:53.739+0000] {baseoperator.py:400} WARNING - ExternalTaskSensor.execute cannot be called outside TaskInstance!
[2025-08-28T02:08:53.757+0000] {external_task.py:274} INFO - Poking for DAG 'daily_generate_orders' on 2025-08-28T02:08:50.972057+00:00 ... 
[2025-08-28T02:08:53.757+0000] {warnings.py:112} WARNING - /home/airflow/.local/lib/python3.12/site-packages/airflow/utils/session.py:79: DeprecationWarning: This method is deprecated and will be removed in future.
  return func(*args, session=session, **kwargs)

[2025-08-28T02:08:53.767+0000] {taskinstance.py:441} INFO - ::group::Post task execution logs
[2025-08-28T02:08:53.789+0000] {taskinstance.py:2865} INFO - Rescheduling task, marking task as UP_FOR_RESCHEDULE
[2025-08-28T02:08:53.801+0000] {local_task_job_runner.py:243} INFO - Task exited with return code 0
[2025-08-28T02:08:53.857+0000] {taskinstance.py:3503} INFO - 0 downstream tasks scheduled from follow-on schedule check
[2025-08-28T02:08:53.864+0000] {local_task_job_runner.py:222} INFO - ::endgroup::
[2025-08-28T02:09:55.923+0000] {local_task_job_runner.py:120} INFO - ::group::Pre task execution logs
[2025-08-28T02:09:55.960+0000] {taskinstance.py:2076} INFO - Dependencies all met for dep_context=non-requeueable deps ti=<TaskInstance: import_csv_to_postgres.wait_for_generation manual__2025-08-28T02:08:50.972057+00:00 [queued]>
[2025-08-28T02:09:55.972+0000] {taskinstance.py:2076} INFO - Dependencies all met for dep_context=requeueable deps ti=<TaskInstance: import_csv_to_postgres.wait_for_generation manual__2025-08-28T02:08:50.972057+00:00 [queued]>
[2025-08-28T02:09:55.972+0000] {taskinstance.py:2306} INFO - Starting attempt 1 of 1
[2025-08-28T02:09:55.996+0000] {taskinstance.py:2330} INFO - Executing <Task(ExternalTaskSensor): wait_for_generation> on 2025-08-28 02:08:50.972057+00:00
[2025-08-28T02:09:56.005+0000] {warnings.py:112} WARNING - /home/airflow/.local/lib/python3.12/site-packages/airflow/task/task_runner/standard_task_runner.py:62: DeprecationWarning: This process (pid=1760) is multi-threaded, use of fork() may lead to deadlocks in the child.
  pid = os.fork()

[2025-08-28T02:09:56.006+0000] {standard_task_runner.py:64} INFO - Started process 1762 to run task
[2025-08-28T02:09:56.010+0000] {standard_task_runner.py:90} INFO - Running: ['airflow', 'tasks', 'run', 'import_csv_to_postgres', 'wait_for_generation', 'manual__2025-08-28T02:08:50.972057+00:00', '--job-id', '742', '--raw', '--subdir', 'DAGS_FOLDER/csv_to_postgres_dag.py', '--cfg-path', '/tmp/tmp4dq3zrh5']
[2025-08-28T02:09:56.015+0000] {standard_task_runner.py:91} INFO - Job 742: Subtask wait_for_generation
[2025-08-28T02:09:56.038+0000] {warnings.py:112} WARNING - /home/airflow/.local/lib/python3.12/site-packages/airflow/settings.py:195: DeprecationWarning: The sql_alchemy_conn option in [core] has been moved to the sql_alchemy_conn option in [database] - the old setting has been used, but please update your config.
  SQL_ALCHEMY_CONN = conf.get("database", "SQL_ALCHEMY_CONN")

[2025-08-28T02:09:56.087+0000] {task_command.py:426} INFO - Running <TaskInstance: import_csv_to_postgres.wait_for_generation manual__2025-08-28T02:08:50.972057+00:00 [running]> on host b5ea13053d47
[2025-08-28T02:09:56.234+0000] {taskinstance.py:2648} INFO - Exporting env vars: AIRFLOW_CTX_DAG_OWNER='airflow' AIRFLOW_CTX_DAG_ID='import_csv_to_postgres' AIRFLOW_CTX_TASK_ID='wait_for_generation' AIRFLOW_CTX_EXECUTION_DATE='2025-08-28T02:08:50.972057+00:00' AIRFLOW_CTX_TRY_NUMBER='1' AIRFLOW_CTX_DAG_RUN_ID='manual__2025-08-28T02:08:50.972057+00:00'
[2025-08-28T02:09:56.236+0000] {taskinstance.py:430} INFO - ::endgroup::
[2025-08-28T02:09:56.270+0000] {baseoperator.py:400} WARNING - ExternalTaskSensor.execute cannot be called outside TaskInstance!
[2025-08-28T02:09:56.285+0000] {external_task.py:274} INFO - Poking for DAG 'daily_generate_orders' on 2025-08-28T02:08:50.972057+00:00 ... 
[2025-08-28T02:09:56.286+0000] {warnings.py:112} WARNING - /home/airflow/.local/lib/python3.12/site-packages/airflow/utils/session.py:79: DeprecationWarning: This method is deprecated and will be removed in future.
  return func(*args, session=session, **kwargs)

[2025-08-28T02:09:56.303+0000] {taskinstance.py:441} INFO - ::group::Post task execution logs
[2025-08-28T02:09:56.360+0000] {taskinstance.py:2865} INFO - Rescheduling task, marking task as UP_FOR_RESCHEDULE
[2025-08-28T02:09:56.381+0000] {local_task_job_runner.py:243} INFO - Task exited with return code 0
[2025-08-28T02:09:56.430+0000] {taskinstance.py:3503} INFO - 0 downstream tasks scheduled from follow-on schedule check
[2025-08-28T02:09:56.434+0000] {local_task_job_runner.py:222} INFO - ::endgroup::
[2025-08-28T02:10:58.306+0000] {local_task_job_runner.py:120} INFO - ::group::Pre task execution logs
[2025-08-28T02:10:58.332+0000] {taskinstance.py:2076} INFO - Dependencies all met for dep_context=non-requeueable deps ti=<TaskInstance: import_csv_to_postgres.wait_for_generation manual__2025-08-28T02:08:50.972057+00:00 [queued]>
[2025-08-28T02:10:58.345+0000] {taskinstance.py:2076} INFO - Dependencies all met for dep_context=requeueable deps ti=<TaskInstance: import_csv_to_postgres.wait_for_generation manual__2025-08-28T02:08:50.972057+00:00 [queued]>
[2025-08-28T02:10:58.346+0000] {taskinstance.py:2306} INFO - Starting attempt 1 of 1
[2025-08-28T02:10:58.381+0000] {taskinstance.py:2330} INFO - Executing <Task(ExternalTaskSensor): wait_for_generation> on 2025-08-28 02:08:50.972057+00:00
[2025-08-28T02:10:58.390+0000] {warnings.py:112} WARNING - /home/airflow/.local/lib/python3.12/site-packages/airflow/task/task_runner/standard_task_runner.py:62: DeprecationWarning: This process (pid=1769) is multi-threaded, use of fork() may lead to deadlocks in the child.
  pid = os.fork()

[2025-08-28T02:10:58.391+0000] {standard_task_runner.py:64} INFO - Started process 1771 to run task
[2025-08-28T02:10:58.395+0000] {standard_task_runner.py:90} INFO - Running: ['airflow', 'tasks', 'run', 'import_csv_to_postgres', 'wait_for_generation', 'manual__2025-08-28T02:08:50.972057+00:00', '--job-id', '745', '--raw', '--subdir', 'DAGS_FOLDER/csv_to_postgres_dag.py', '--cfg-path', '/tmp/tmp1bvu7di6']
[2025-08-28T02:10:58.401+0000] {standard_task_runner.py:91} INFO - Job 745: Subtask wait_for_generation
[2025-08-28T02:10:58.425+0000] {warnings.py:112} WARNING - /home/airflow/.local/lib/python3.12/site-packages/airflow/settings.py:195: DeprecationWarning: The sql_alchemy_conn option in [core] has been moved to the sql_alchemy_conn option in [database] - the old setting has been used, but please update your config.
  SQL_ALCHEMY_CONN = conf.get("database", "SQL_ALCHEMY_CONN")

[2025-08-28T02:10:58.491+0000] {task_command.py:426} INFO - Running <TaskInstance: import_csv_to_postgres.wait_for_generation manual__2025-08-28T02:08:50.972057+00:00 [running]> on host b5ea13053d47
[2025-08-28T02:10:58.625+0000] {taskinstance.py:2648} INFO - Exporting env vars: AIRFLOW_CTX_DAG_OWNER='airflow' AIRFLOW_CTX_DAG_ID='import_csv_to_postgres' AIRFLOW_CTX_TASK_ID='wait_for_generation' AIRFLOW_CTX_EXECUTION_DATE='2025-08-28T02:08:50.972057+00:00' AIRFLOW_CTX_TRY_NUMBER='1' AIRFLOW_CTX_DAG_RUN_ID='manual__2025-08-28T02:08:50.972057+00:00'
[2025-08-28T02:10:58.626+0000] {taskinstance.py:430} INFO - ::endgroup::
[2025-08-28T02:10:58.641+0000] {baseoperator.py:400} WARNING - ExternalTaskSensor.execute cannot be called outside TaskInstance!
[2025-08-28T02:10:58.652+0000] {external_task.py:274} INFO - Poking for DAG 'daily_generate_orders' on 2025-08-28T02:08:50.972057+00:00 ... 
[2025-08-28T02:10:58.653+0000] {warnings.py:112} WARNING - /home/airflow/.local/lib/python3.12/site-packages/airflow/utils/session.py:79: DeprecationWarning: This method is deprecated and will be removed in future.
  return func(*args, session=session, **kwargs)

[2025-08-28T02:10:58.664+0000] {taskinstance.py:441} INFO - ::group::Post task execution logs
[2025-08-28T02:10:58.696+0000] {taskinstance.py:2865} INFO - Rescheduling task, marking task as UP_FOR_RESCHEDULE
[2025-08-28T02:10:58.727+0000] {local_task_job_runner.py:243} INFO - Task exited with return code 0
[2025-08-28T02:10:58.768+0000] {taskinstance.py:3503} INFO - 0 downstream tasks scheduled from follow-on schedule check
[2025-08-28T02:10:58.772+0000] {local_task_job_runner.py:222} INFO - ::endgroup::
[2025-08-28T02:12:00.073+0000] {local_task_job_runner.py:120} INFO - ::group::Pre task execution logs
[2025-08-28T02:12:00.097+0000] {taskinstance.py:2076} INFO - Dependencies all met for dep_context=non-requeueable deps ti=<TaskInstance: import_csv_to_postgres.wait_for_generation manual__2025-08-28T02:08:50.972057+00:00 [queued]>
[2025-08-28T02:12:00.105+0000] {taskinstance.py:2076} INFO - Dependencies all met for dep_context=requeueable deps ti=<TaskInstance: import_csv_to_postgres.wait_for_generation manual__2025-08-28T02:08:50.972057+00:00 [queued]>
[2025-08-28T02:12:00.105+0000] {taskinstance.py:2306} INFO - Starting attempt 1 of 1
[2025-08-28T02:12:00.121+0000] {taskinstance.py:2330} INFO - Executing <Task(ExternalTaskSensor): wait_for_generation> on 2025-08-28 02:08:50.972057+00:00
[2025-08-28T02:12:00.128+0000] {warnings.py:112} WARNING - /home/airflow/.local/lib/python3.12/site-packages/airflow/task/task_runner/standard_task_runner.py:62: DeprecationWarning: This process (pid=1772) is multi-threaded, use of fork() may lead to deadlocks in the child.
  pid = os.fork()

[2025-08-28T02:12:00.129+0000] {standard_task_runner.py:64} INFO - Started process 1774 to run task
[2025-08-28T02:12:00.130+0000] {standard_task_runner.py:90} INFO - Running: ['airflow', 'tasks', 'run', 'import_csv_to_postgres', 'wait_for_generation', 'manual__2025-08-28T02:08:50.972057+00:00', '--job-id', '746', '--raw', '--subdir', 'DAGS_FOLDER/csv_to_postgres_dag.py', '--cfg-path', '/tmp/tmp2g9skm1d']
[2025-08-28T02:12:00.141+0000] {standard_task_runner.py:91} INFO - Job 746: Subtask wait_for_generation
[2025-08-28T02:12:00.156+0000] {warnings.py:112} WARNING - /home/airflow/.local/lib/python3.12/site-packages/airflow/settings.py:195: DeprecationWarning: The sql_alchemy_conn option in [core] has been moved to the sql_alchemy_conn option in [database] - the old setting has been used, but please update your config.
  SQL_ALCHEMY_CONN = conf.get("database", "SQL_ALCHEMY_CONN")

[2025-08-28T02:12:00.190+0000] {task_command.py:426} INFO - Running <TaskInstance: import_csv_to_postgres.wait_for_generation manual__2025-08-28T02:08:50.972057+00:00 [running]> on host b5ea13053d47
[2025-08-28T02:12:00.275+0000] {taskinstance.py:2648} INFO - Exporting env vars: AIRFLOW_CTX_DAG_OWNER='airflow' AIRFLOW_CTX_DAG_ID='import_csv_to_postgres' AIRFLOW_CTX_TASK_ID='wait_for_generation' AIRFLOW_CTX_EXECUTION_DATE='2025-08-28T02:08:50.972057+00:00' AIRFLOW_CTX_TRY_NUMBER='1' AIRFLOW_CTX_DAG_RUN_ID='manual__2025-08-28T02:08:50.972057+00:00'
[2025-08-28T02:12:00.276+0000] {taskinstance.py:430} INFO - ::endgroup::
[2025-08-28T02:12:00.298+0000] {baseoperator.py:400} WARNING - ExternalTaskSensor.execute cannot be called outside TaskInstance!
[2025-08-28T02:12:00.306+0000] {external_task.py:274} INFO - Poking for DAG 'daily_generate_orders' on 2025-08-28T02:08:50.972057+00:00 ... 
[2025-08-28T02:12:00.307+0000] {warnings.py:112} WARNING - /home/airflow/.local/lib/python3.12/site-packages/airflow/utils/session.py:79: DeprecationWarning: This method is deprecated and will be removed in future.
  return func(*args, session=session, **kwargs)

[2025-08-28T02:12:00.315+0000] {taskinstance.py:441} INFO - ::group::Post task execution logs
[2025-08-28T02:12:00.343+0000] {taskinstance.py:2865} INFO - Rescheduling task, marking task as UP_FOR_RESCHEDULE
[2025-08-28T02:12:00.383+0000] {local_task_job_runner.py:243} INFO - Task exited with return code 0
[2025-08-28T02:12:00.421+0000] {taskinstance.py:3503} INFO - 0 downstream tasks scheduled from follow-on schedule check
[2025-08-28T02:12:00.423+0000] {local_task_job_runner.py:222} INFO - ::endgroup::
[2025-08-28T02:13:02.132+0000] {local_task_job_runner.py:120} INFO - ::group::Pre task execution logs
[2025-08-28T02:13:02.184+0000] {taskinstance.py:2076} INFO - Dependencies all met for dep_context=non-requeueable deps ti=<TaskInstance: import_csv_to_postgres.wait_for_generation manual__2025-08-28T02:08:50.972057+00:00 [queued]>
[2025-08-28T02:13:02.196+0000] {taskinstance.py:2076} INFO - Dependencies all met for dep_context=requeueable deps ti=<TaskInstance: import_csv_to_postgres.wait_for_generation manual__2025-08-28T02:08:50.972057+00:00 [queued]>
[2025-08-28T02:13:02.200+0000] {taskinstance.py:2306} INFO - Starting attempt 1 of 1
[2025-08-28T02:13:02.221+0000] {taskinstance.py:2330} INFO - Executing <Task(ExternalTaskSensor): wait_for_generation> on 2025-08-28 02:08:50.972057+00:00
[2025-08-28T02:13:02.229+0000] {warnings.py:112} WARNING - /home/airflow/.local/lib/python3.12/site-packages/airflow/task/task_runner/standard_task_runner.py:62: DeprecationWarning: This process (pid=1775) is multi-threaded, use of fork() may lead to deadlocks in the child.
  pid = os.fork()

[2025-08-28T02:13:02.230+0000] {standard_task_runner.py:64} INFO - Started process 1777 to run task
[2025-08-28T02:13:02.234+0000] {standard_task_runner.py:90} INFO - Running: ['airflow', 'tasks', 'run', 'import_csv_to_postgres', 'wait_for_generation', 'manual__2025-08-28T02:08:50.972057+00:00', '--job-id', '747', '--raw', '--subdir', 'DAGS_FOLDER/csv_to_postgres_dag.py', '--cfg-path', '/tmp/tmpwnltcq_y']
[2025-08-28T02:13:02.239+0000] {standard_task_runner.py:91} INFO - Job 747: Subtask wait_for_generation
[2025-08-28T02:13:02.268+0000] {warnings.py:112} WARNING - /home/airflow/.local/lib/python3.12/site-packages/airflow/settings.py:195: DeprecationWarning: The sql_alchemy_conn option in [core] has been moved to the sql_alchemy_conn option in [database] - the old setting has been used, but please update your config.
  SQL_ALCHEMY_CONN = conf.get("database", "SQL_ALCHEMY_CONN")

[2025-08-28T02:13:02.322+0000] {task_command.py:426} INFO - Running <TaskInstance: import_csv_to_postgres.wait_for_generation manual__2025-08-28T02:08:50.972057+00:00 [running]> on host b5ea13053d47
[2025-08-28T02:13:02.473+0000] {taskinstance.py:2648} INFO - Exporting env vars: AIRFLOW_CTX_DAG_OWNER='airflow' AIRFLOW_CTX_DAG_ID='import_csv_to_postgres' AIRFLOW_CTX_TASK_ID='wait_for_generation' AIRFLOW_CTX_EXECUTION_DATE='2025-08-28T02:08:50.972057+00:00' AIRFLOW_CTX_TRY_NUMBER='1' AIRFLOW_CTX_DAG_RUN_ID='manual__2025-08-28T02:08:50.972057+00:00'
[2025-08-28T02:13:02.476+0000] {taskinstance.py:430} INFO - ::endgroup::
[2025-08-28T02:13:02.513+0000] {baseoperator.py:400} WARNING - ExternalTaskSensor.execute cannot be called outside TaskInstance!
[2025-08-28T02:13:02.529+0000] {external_task.py:274} INFO - Poking for DAG 'daily_generate_orders' on 2025-08-28T02:08:50.972057+00:00 ... 
[2025-08-28T02:13:02.531+0000] {warnings.py:112} WARNING - /home/airflow/.local/lib/python3.12/site-packages/airflow/utils/session.py:79: DeprecationWarning: This method is deprecated and will be removed in future.
  return func(*args, session=session, **kwargs)

[2025-08-28T02:13:02.546+0000] {taskinstance.py:441} INFO - ::group::Post task execution logs
[2025-08-28T02:13:02.586+0000] {taskinstance.py:2865} INFO - Rescheduling task, marking task as UP_FOR_RESCHEDULE
[2025-08-28T02:13:02.607+0000] {local_task_job_runner.py:243} INFO - Task exited with return code 0
[2025-08-28T02:13:02.670+0000] {taskinstance.py:3503} INFO - 0 downstream tasks scheduled from follow-on schedule check
[2025-08-28T02:13:02.674+0000] {local_task_job_runner.py:222} INFO - ::endgroup::
[2025-08-28T03:16:30.911+0000] {local_task_job_runner.py:120} INFO - ::group::Pre task execution logs
[2025-08-28T03:16:30.971+0000] {taskinstance.py:2076} INFO - Dependencies all met for dep_context=non-requeueable deps ti=<TaskInstance: import_csv_to_postgres.wait_for_generation manual__2025-08-28T02:08:50.972057+00:00 [queued]>
[2025-08-28T03:16:30.989+0000] {taskinstance.py:2076} INFO - Dependencies all met for dep_context=requeueable deps ti=<TaskInstance: import_csv_to_postgres.wait_for_generation manual__2025-08-28T02:08:50.972057+00:00 [queued]>
[2025-08-28T03:16:30.990+0000] {taskinstance.py:2306} INFO - Starting attempt 1 of 1
[2025-08-28T03:16:31.026+0000] {taskinstance.py:2330} INFO - Executing <Task(ExternalTaskSensor): wait_for_generation> on 2025-08-28 02:08:50.972057+00:00
[2025-08-28T03:16:31.037+0000] {warnings.py:112} WARNING - /home/airflow/.local/lib/python3.12/site-packages/airflow/task/task_runner/standard_task_runner.py:62: DeprecationWarning: This process (pid=1858) is multi-threaded, use of fork() may lead to deadlocks in the child.
  pid = os.fork()

[2025-08-28T03:16:31.038+0000] {standard_task_runner.py:64} INFO - Started process 1862 to run task
[2025-08-28T03:16:31.047+0000] {standard_task_runner.py:90} INFO - Running: ['airflow', 'tasks', 'run', 'import_csv_to_postgres', 'wait_for_generation', 'manual__2025-08-28T02:08:50.972057+00:00', '--job-id', '770', '--raw', '--subdir', 'DAGS_FOLDER/csv_to_postgres_dag.py', '--cfg-path', '/tmp/tmp70zph80j']
[2025-08-28T03:16:31.050+0000] {standard_task_runner.py:91} INFO - Job 770: Subtask wait_for_generation
[2025-08-28T03:16:31.073+0000] {warnings.py:112} WARNING - /home/airflow/.local/lib/python3.12/site-packages/airflow/settings.py:195: DeprecationWarning: The sql_alchemy_conn option in [core] has been moved to the sql_alchemy_conn option in [database] - the old setting has been used, but please update your config.
  SQL_ALCHEMY_CONN = conf.get("database", "SQL_ALCHEMY_CONN")

[2025-08-28T03:16:31.127+0000] {task_command.py:426} INFO - Running <TaskInstance: import_csv_to_postgres.wait_for_generation manual__2025-08-28T02:08:50.972057+00:00 [running]> on host b5ea13053d47
[2025-08-28T03:16:31.258+0000] {taskinstance.py:2648} INFO - Exporting env vars: AIRFLOW_CTX_DAG_OWNER='airflow' AIRFLOW_CTX_DAG_ID='import_csv_to_postgres' AIRFLOW_CTX_TASK_ID='wait_for_generation' AIRFLOW_CTX_EXECUTION_DATE='2025-08-28T02:08:50.972057+00:00' AIRFLOW_CTX_TRY_NUMBER='1' AIRFLOW_CTX_DAG_RUN_ID='manual__2025-08-28T02:08:50.972057+00:00'
[2025-08-28T03:16:31.260+0000] {taskinstance.py:430} INFO - ::endgroup::
[2025-08-28T03:16:31.279+0000] {baseoperator.py:400} WARNING - ExternalTaskSensor.execute cannot be called outside TaskInstance!
[2025-08-28T03:16:31.298+0000] {external_task.py:274} INFO - Poking for DAG 'daily_generate_orders' on 2025-08-28T02:08:50.972057+00:00 ... 
[2025-08-28T03:16:31.300+0000] {warnings.py:112} WARNING - /home/airflow/.local/lib/python3.12/site-packages/airflow/utils/session.py:79: DeprecationWarning: This method is deprecated and will be removed in future.
  return func(*args, session=session, **kwargs)

[2025-08-28T03:16:31.316+0000] {taskinstance.py:441} INFO - ::group::Post task execution logs
[2025-08-28T03:16:31.317+0000] {taskinstance.py:2905} ERROR - Task failed with exception
Traceback (most recent call last):
  File "/home/airflow/.local/lib/python3.12/site-packages/airflow/models/taskinstance.py", line 465, in _execute_task
    result = _execute_callable(context=context, **execute_callable_kwargs)
             ^^^^^^^^^^^^^^^^^^^^^^^^^^^^^^^^^^^^^^^^^^^^^^^^^^^^^^^^^^^^^
  File "/home/airflow/.local/lib/python3.12/site-packages/airflow/models/taskinstance.py", line 432, in _execute_callable
    return execute_callable(context=context, **execute_callable_kwargs)
           ^^^^^^^^^^^^^^^^^^^^^^^^^^^^^^^^^^^^^^^^^^^^^^^^^^^^^^^^^^^^
  File "/home/airflow/.local/lib/python3.12/site-packages/airflow/models/baseoperator.py", line 401, in wrapper
    return func(self, *args, **kwargs)
           ^^^^^^^^^^^^^^^^^^^^^^^^^^^
  File "/home/airflow/.local/lib/python3.12/site-packages/airflow/sensors/external_task.py", line 348, in execute
    super().execute(context)
  File "/home/airflow/.local/lib/python3.12/site-packages/airflow/models/baseoperator.py", line 401, in wrapper
    return func(self, *args, **kwargs)
           ^^^^^^^^^^^^^^^^^^^^^^^^^^^
  File "/home/airflow/.local/lib/python3.12/site-packages/airflow/sensors/base.py", line 281, in execute
    raise AirflowSensorTimeout(message)
airflow.exceptions.AirflowSensorTimeout: Sensor has timed out; run duration of 4057.720973 seconds exceeds the specified timeout of 600.0.
[2025-08-28T03:16:31.336+0000] {taskinstance.py:1206} INFO - Immediate failure requested. Marking task as FAILED. dag_id=import_csv_to_postgres, task_id=wait_for_generation, run_id=manual__2025-08-28T02:08:50.972057+00:00, execution_date=20250828T020850, start_date=20250828T031630, end_date=20250828T031631
[2025-08-28T03:16:31.354+0000] {standard_task_runner.py:110} ERROR - Failed to execute job 770 for task wait_for_generation (Sensor has timed out; run duration of 4057.720973 seconds exceeds the specified timeout of 600.0.; 1862)
[2025-08-28T03:16:31.377+0000] {local_task_job_runner.py:243} INFO - Task exited with return code 1
[2025-08-28T03:16:31.544+0000] {taskinstance.py:3503} INFO - 0 downstream tasks scheduled from follow-on schedule check
[2025-08-28T03:16:31.563+0000] {local_task_job_runner.py:222} INFO - ::endgroup::
