[2025-08-25T09:00:01.461+0000] {local_task_job_runner.py:120} INFO - ::group::Pre task execution logs
[2025-08-25T09:00:01.523+0000] {taskinstance.py:2076} INFO - Dependencies all met for dep_context=non-requeueable deps ti=<TaskInstance: dbt_run_models.run_dbt_models scheduled__2025-08-25T06:00:00+00:00 [queued]>
[2025-08-25T09:00:01.544+0000] {taskinstance.py:2076} INFO - Dependencies all met for dep_context=requeueable deps ti=<TaskInstance: dbt_run_models.run_dbt_models scheduled__2025-08-25T06:00:00+00:00 [queued]>
[2025-08-25T09:00:01.545+0000] {taskinstance.py:2306} INFO - Starting attempt 1 of 2
[2025-08-25T09:00:01.576+0000] {taskinstance.py:2330} INFO - Executing <Task(BashOperator): run_dbt_models> on 2025-08-25 06:00:00+00:00
[2025-08-25T09:00:01.586+0000] {warnings.py:112} WARNING - /home/airflow/.local/lib/python3.12/site-packages/airflow/task/task_runner/standard_task_runner.py:62: DeprecationWarning: This process (pid=210) is multi-threaded, use of fork() may lead to deadlocks in the child.
  pid = os.fork()

[2025-08-25T09:00:01.592+0000] {standard_task_runner.py:64} INFO - Started process 213 to run task
[2025-08-25T09:00:01.600+0000] {standard_task_runner.py:90} INFO - Running: ['airflow', 'tasks', 'run', 'dbt_run_models', 'run_dbt_models', 'scheduled__2025-08-25T06:00:00+00:00', '--job-id', '484', '--raw', '--subdir', 'DAGS_FOLDER/dbt_dag.py', '--cfg-path', '/tmp/tmpi4zdaxfd']
[2025-08-25T09:00:01.602+0000] {standard_task_runner.py:91} INFO - Job 484: Subtask run_dbt_models
[2025-08-25T09:00:01.619+0000] {warnings.py:112} WARNING - /home/airflow/.local/lib/python3.12/site-packages/airflow/settings.py:195: DeprecationWarning: The sql_alchemy_conn option in [core] has been moved to the sql_alchemy_conn option in [database] - the old setting has been used, but please update your config.
  SQL_ALCHEMY_CONN = conf.get("database", "SQL_ALCHEMY_CONN")

[2025-08-25T09:00:01.677+0000] {task_command.py:426} INFO - Running <TaskInstance: dbt_run_models.run_dbt_models scheduled__2025-08-25T06:00:00+00:00 [running]> on host b71dcd990cf2
[2025-08-25T09:00:01.836+0000] {taskinstance.py:2648} INFO - Exporting env vars: AIRFLOW_CTX_DAG_OWNER='airflow' AIRFLOW_CTX_DAG_ID='dbt_run_models' AIRFLOW_CTX_TASK_ID='run_dbt_models' AIRFLOW_CTX_EXECUTION_DATE='2025-08-25T06:00:00+00:00' AIRFLOW_CTX_TRY_NUMBER='1' AIRFLOW_CTX_DAG_RUN_ID='scheduled__2025-08-25T06:00:00+00:00'
[2025-08-25T09:00:01.836+0000] {taskinstance.py:430} INFO - ::endgroup::
[2025-08-25T09:00:01.862+0000] {subprocess.py:63} INFO - Tmp dir root location: /tmp
[2025-08-25T09:00:01.863+0000] {subprocess.py:75} INFO - Running command: ['/usr/bin/bash', '-c', '\n        cd /usr/app &&         dbt run --profiles-dir /usr/app\n        ']
[2025-08-25T09:00:01.883+0000] {subprocess.py:86} INFO - Output:
[2025-08-25T09:00:09.063+0000] {subprocess.py:93} INFO - [0m09:00:09  Running with dbt=1.7.9
[2025-08-25T09:00:09.066+0000] {subprocess.py:93} INFO - [0m09:00:09  Encountered an error:
[2025-08-25T09:00:09.068+0000] {subprocess.py:93} INFO - Runtime Error
[2025-08-25T09:00:09.069+0000] {subprocess.py:93} INFO -   Could not find profile named 'default'
[2025-08-25T09:00:10.193+0000] {subprocess.py:97} INFO - Command exited with return code 2
[2025-08-25T09:00:10.194+0000] {taskinstance.py:441} INFO - ::group::Post task execution logs
[2025-08-25T09:00:10.210+0000] {taskinstance.py:2905} ERROR - Task failed with exception
Traceback (most recent call last):
  File "/home/airflow/.local/lib/python3.12/site-packages/airflow/models/taskinstance.py", line 465, in _execute_task
    result = _execute_callable(context=context, **execute_callable_kwargs)
             ^^^^^^^^^^^^^^^^^^^^^^^^^^^^^^^^^^^^^^^^^^^^^^^^^^^^^^^^^^^^^
  File "/home/airflow/.local/lib/python3.12/site-packages/airflow/models/taskinstance.py", line 432, in _execute_callable
    return execute_callable(context=context, **execute_callable_kwargs)
           ^^^^^^^^^^^^^^^^^^^^^^^^^^^^^^^^^^^^^^^^^^^^^^^^^^^^^^^^^^^^
  File "/home/airflow/.local/lib/python3.12/site-packages/airflow/models/baseoperator.py", line 401, in wrapper
    return func(self, *args, **kwargs)
           ^^^^^^^^^^^^^^^^^^^^^^^^^^^
  File "/home/airflow/.local/lib/python3.12/site-packages/airflow/operators/bash.py", line 243, in execute
    raise AirflowException(
airflow.exceptions.AirflowException: Bash command failed. The command returned a non-zero exit code 2.
[2025-08-25T09:00:10.215+0000] {taskinstance.py:1206} INFO - Marking task as UP_FOR_RETRY. dag_id=dbt_run_models, task_id=run_dbt_models, run_id=scheduled__2025-08-25T06:00:00+00:00, execution_date=20250825T060000, start_date=20250825T090001, end_date=20250825T090010
[2025-08-25T09:00:10.249+0000] {standard_task_runner.py:110} ERROR - Failed to execute job 484 for task run_dbt_models (Bash command failed. The command returned a non-zero exit code 2.; 213)
[2025-08-25T09:00:10.262+0000] {local_task_job_runner.py:243} INFO - Task exited with return code 1
[2025-08-25T09:00:10.287+0000] {taskinstance.py:3503} INFO - 0 downstream tasks scheduled from follow-on schedule check
[2025-08-25T09:00:10.299+0000] {local_task_job_runner.py:222} INFO - ::endgroup::
[2025-08-25T10:54:39.949+0000] {local_task_job_runner.py:120} INFO - ::group::Pre task execution logs
[2025-08-25T10:54:39.995+0000] {taskinstance.py:2076} INFO - Dependencies all met for dep_context=non-requeueable deps ti=<TaskInstance: dbt_run_models.run_dbt_models scheduled__2025-08-25T06:00:00+00:00 [queued]>
[2025-08-25T10:54:40.004+0000] {taskinstance.py:2076} INFO - Dependencies all met for dep_context=requeueable deps ti=<TaskInstance: dbt_run_models.run_dbt_models scheduled__2025-08-25T06:00:00+00:00 [queued]>
[2025-08-25T10:54:40.004+0000] {taskinstance.py:2306} INFO - Starting attempt 1 of 2
[2025-08-25T10:54:40.022+0000] {taskinstance.py:2330} INFO - Executing <Task(BashOperator): run_dbt_models> on 2025-08-25 06:00:00+00:00
[2025-08-25T10:54:40.030+0000] {warnings.py:112} WARNING - /home/airflow/.local/lib/python3.12/site-packages/airflow/task/task_runner/standard_task_runner.py:62: DeprecationWarning: This process (pid=171) is multi-threaded, use of fork() may lead to deadlocks in the child.
  pid = os.fork()

[2025-08-25T10:54:40.031+0000] {standard_task_runner.py:64} INFO - Started process 172 to run task
[2025-08-25T10:54:40.034+0000] {standard_task_runner.py:90} INFO - Running: ['airflow', 'tasks', 'run', 'dbt_run_models', 'run_dbt_models', 'scheduled__2025-08-25T06:00:00+00:00', '--job-id', '496', '--raw', '--subdir', 'DAGS_FOLDER/dbt_dag.py', '--cfg-path', '/tmp/tmpxm47cfq3']
[2025-08-25T10:54:40.034+0000] {standard_task_runner.py:91} INFO - Job 496: Subtask run_dbt_models
[2025-08-25T10:54:40.050+0000] {warnings.py:112} WARNING - /home/airflow/.local/lib/python3.12/site-packages/airflow/settings.py:195: DeprecationWarning: The sql_alchemy_conn option in [core] has been moved to the sql_alchemy_conn option in [database] - the old setting has been used, but please update your config.
  SQL_ALCHEMY_CONN = conf.get("database", "SQL_ALCHEMY_CONN")

[2025-08-25T10:54:40.089+0000] {task_command.py:426} INFO - Running <TaskInstance: dbt_run_models.run_dbt_models scheduled__2025-08-25T06:00:00+00:00 [running]> on host b71dcd990cf2
[2025-08-25T10:54:40.219+0000] {taskinstance.py:2648} INFO - Exporting env vars: AIRFLOW_CTX_DAG_OWNER='airflow' AIRFLOW_CTX_DAG_ID='dbt_run_models' AIRFLOW_CTX_TASK_ID='run_dbt_models' AIRFLOW_CTX_EXECUTION_DATE='2025-08-25T06:00:00+00:00' AIRFLOW_CTX_TRY_NUMBER='1' AIRFLOW_CTX_DAG_RUN_ID='scheduled__2025-08-25T06:00:00+00:00'
[2025-08-25T10:54:40.220+0000] {taskinstance.py:430} INFO - ::endgroup::
[2025-08-25T10:54:40.255+0000] {subprocess.py:63} INFO - Tmp dir root location: /tmp
[2025-08-25T10:54:40.256+0000] {subprocess.py:75} INFO - Running command: ['/usr/bin/bash', '-c', '\n        cd /usr/app &&         dbt run --profiles-dir /usr/app\n        ']
[2025-08-25T10:54:40.274+0000] {subprocess.py:86} INFO - Output:
[2025-08-25T10:54:52.191+0000] {subprocess.py:93} INFO - [0m10:54:52  Running with dbt=1.7.9
[2025-08-25T10:54:52.228+0000] {subprocess.py:93} INFO - [0m10:54:52  Encountered an error:
[2025-08-25T10:54:52.229+0000] {subprocess.py:93} INFO - Parsing Error
[2025-08-25T10:54:52.230+0000] {subprocess.py:93} INFO -   Env var required but not provided: 'DB_HOST'
[2025-08-25T10:54:53.373+0000] {subprocess.py:97} INFO - Command exited with return code 2
[2025-08-25T10:54:53.374+0000] {taskinstance.py:441} INFO - ::group::Post task execution logs
[2025-08-25T10:54:53.391+0000] {taskinstance.py:2905} ERROR - Task failed with exception
Traceback (most recent call last):
  File "/home/airflow/.local/lib/python3.12/site-packages/airflow/models/taskinstance.py", line 465, in _execute_task
    result = _execute_callable(context=context, **execute_callable_kwargs)
             ^^^^^^^^^^^^^^^^^^^^^^^^^^^^^^^^^^^^^^^^^^^^^^^^^^^^^^^^^^^^^
  File "/home/airflow/.local/lib/python3.12/site-packages/airflow/models/taskinstance.py", line 432, in _execute_callable
    return execute_callable(context=context, **execute_callable_kwargs)
           ^^^^^^^^^^^^^^^^^^^^^^^^^^^^^^^^^^^^^^^^^^^^^^^^^^^^^^^^^^^^
  File "/home/airflow/.local/lib/python3.12/site-packages/airflow/models/baseoperator.py", line 401, in wrapper
    return func(self, *args, **kwargs)
           ^^^^^^^^^^^^^^^^^^^^^^^^^^^
  File "/home/airflow/.local/lib/python3.12/site-packages/airflow/operators/bash.py", line 243, in execute
    raise AirflowException(
airflow.exceptions.AirflowException: Bash command failed. The command returned a non-zero exit code 2.
[2025-08-25T10:54:53.404+0000] {taskinstance.py:1206} INFO - Marking task as UP_FOR_RETRY. dag_id=dbt_run_models, task_id=run_dbt_models, run_id=scheduled__2025-08-25T06:00:00+00:00, execution_date=20250825T060000, start_date=20250825T105439, end_date=20250825T105453
[2025-08-25T10:54:53.436+0000] {standard_task_runner.py:110} ERROR - Failed to execute job 496 for task run_dbt_models (Bash command failed. The command returned a non-zero exit code 2.; 172)
[2025-08-25T10:54:53.463+0000] {local_task_job_runner.py:243} INFO - Task exited with return code 1
[2025-08-25T10:54:53.510+0000] {taskinstance.py:3503} INFO - 0 downstream tasks scheduled from follow-on schedule check
[2025-08-25T10:54:53.514+0000] {local_task_job_runner.py:222} INFO - ::endgroup::
