[2025-08-25T09:05:11.601+0000] {local_task_job_runner.py:120} INFO - ::group::Pre task execution logs
[2025-08-25T09:05:11.681+0000] {taskinstance.py:2076} INFO - Dependencies all met for dep_context=non-requeueable deps ti=<TaskInstance: dbt_run_models.run_dbt_models scheduled__2025-08-25T06:00:00+00:00 [queued]>
[2025-08-25T09:05:11.704+0000] {taskinstance.py:2076} INFO - Dependencies all met for dep_context=requeueable deps ti=<TaskInstance: dbt_run_models.run_dbt_models scheduled__2025-08-25T06:00:00+00:00 [queued]>
[2025-08-25T09:05:11.705+0000] {taskinstance.py:2306} INFO - Starting attempt 2 of 2
[2025-08-25T09:05:11.740+0000] {taskinstance.py:2330} INFO - Executing <Task(BashOperator): run_dbt_models> on 2025-08-25 06:00:00+00:00
[2025-08-25T09:05:11.751+0000] {warnings.py:112} WARNING - /home/airflow/.local/lib/python3.12/site-packages/airflow/task/task_runner/standard_task_runner.py:62: DeprecationWarning: This process (pid=230) is multi-threaded, use of fork() may lead to deadlocks in the child.
  pid = os.fork()

[2025-08-25T09:05:11.753+0000] {standard_task_runner.py:64} INFO - Started process 231 to run task
[2025-08-25T09:05:11.757+0000] {standard_task_runner.py:90} INFO - Running: ['airflow', 'tasks', 'run', 'dbt_run_models', 'run_dbt_models', 'scheduled__2025-08-25T06:00:00+00:00', '--job-id', '487', '--raw', '--subdir', 'DAGS_FOLDER/dbt_dag.py', '--cfg-path', '/tmp/tmprpsgm9n1']
[2025-08-25T09:05:11.759+0000] {standard_task_runner.py:91} INFO - Job 487: Subtask run_dbt_models
[2025-08-25T09:05:11.783+0000] {warnings.py:112} WARNING - /home/airflow/.local/lib/python3.12/site-packages/airflow/settings.py:195: DeprecationWarning: The sql_alchemy_conn option in [core] has been moved to the sql_alchemy_conn option in [database] - the old setting has been used, but please update your config.
  SQL_ALCHEMY_CONN = conf.get("database", "SQL_ALCHEMY_CONN")

[2025-08-25T09:05:11.852+0000] {task_command.py:426} INFO - Running <TaskInstance: dbt_run_models.run_dbt_models scheduled__2025-08-25T06:00:00+00:00 [running]> on host b71dcd990cf2
[2025-08-25T09:05:12.051+0000] {taskinstance.py:2648} INFO - Exporting env vars: AIRFLOW_CTX_DAG_OWNER='airflow' AIRFLOW_CTX_DAG_ID='dbt_run_models' AIRFLOW_CTX_TASK_ID='run_dbt_models' AIRFLOW_CTX_EXECUTION_DATE='2025-08-25T06:00:00+00:00' AIRFLOW_CTX_TRY_NUMBER='2' AIRFLOW_CTX_DAG_RUN_ID='scheduled__2025-08-25T06:00:00+00:00'
[2025-08-25T09:05:12.052+0000] {taskinstance.py:430} INFO - ::endgroup::
[2025-08-25T09:05:12.080+0000] {subprocess.py:63} INFO - Tmp dir root location: /tmp
[2025-08-25T09:05:12.081+0000] {subprocess.py:75} INFO - Running command: ['/usr/bin/bash', '-c', '\n        cd /usr/app &&         dbt run --profiles-dir /usr/app\n        ']
[2025-08-25T09:05:12.104+0000] {subprocess.py:86} INFO - Output:
[2025-08-25T09:05:15.862+0000] {subprocess.py:93} INFO - [0m09:05:15  Running with dbt=1.7.9
[2025-08-25T09:05:15.875+0000] {subprocess.py:93} INFO - [0m09:05:15  Encountered an error:
[2025-08-25T09:05:15.877+0000] {subprocess.py:93} INFO - Runtime Error
[2025-08-25T09:05:15.878+0000] {subprocess.py:93} INFO -   Could not find profile named 'default'
[2025-08-25T09:05:16.854+0000] {subprocess.py:97} INFO - Command exited with return code 2
[2025-08-25T09:05:16.855+0000] {taskinstance.py:441} INFO - ::group::Post task execution logs
[2025-08-25T09:05:16.871+0000] {taskinstance.py:2905} ERROR - Task failed with exception
Traceback (most recent call last):
  File "/home/airflow/.local/lib/python3.12/site-packages/airflow/models/taskinstance.py", line 465, in _execute_task
    result = _execute_callable(context=context, **execute_callable_kwargs)
             ^^^^^^^^^^^^^^^^^^^^^^^^^^^^^^^^^^^^^^^^^^^^^^^^^^^^^^^^^^^^^
  File "/home/airflow/.local/lib/python3.12/site-packages/airflow/models/taskinstance.py", line 432, in _execute_callable
    return execute_callable(context=context, **execute_callable_kwargs)
           ^^^^^^^^^^^^^^^^^^^^^^^^^^^^^^^^^^^^^^^^^^^^^^^^^^^^^^^^^^^^
  File "/home/airflow/.local/lib/python3.12/site-packages/airflow/models/baseoperator.py", line 401, in wrapper
    return func(self, *args, **kwargs)
           ^^^^^^^^^^^^^^^^^^^^^^^^^^^
  File "/home/airflow/.local/lib/python3.12/site-packages/airflow/operators/bash.py", line 243, in execute
    raise AirflowException(
airflow.exceptions.AirflowException: Bash command failed. The command returned a non-zero exit code 2.
[2025-08-25T09:05:16.878+0000] {taskinstance.py:1206} INFO - Marking task as FAILED. dag_id=dbt_run_models, task_id=run_dbt_models, run_id=scheduled__2025-08-25T06:00:00+00:00, execution_date=20250825T060000, start_date=20250825T090511, end_date=20250825T090516
[2025-08-25T09:05:16.911+0000] {standard_task_runner.py:110} ERROR - Failed to execute job 487 for task run_dbt_models (Bash command failed. The command returned a non-zero exit code 2.; 231)
[2025-08-25T09:05:16.926+0000] {local_task_job_runner.py:243} INFO - Task exited with return code 1
[2025-08-25T09:05:16.958+0000] {local_task_job_runner.py:222} INFO - ::endgroup::
[2025-08-25T11:00:41.114+0000] {local_task_job_runner.py:120} INFO - ::group::Pre task execution logs
[2025-08-25T11:00:41.191+0000] {taskinstance.py:2076} INFO - Dependencies all met for dep_context=non-requeueable deps ti=<TaskInstance: dbt_run_models.run_dbt_models scheduled__2025-08-25T06:00:00+00:00 [queued]>
[2025-08-25T11:00:41.216+0000] {taskinstance.py:2076} INFO - Dependencies all met for dep_context=requeueable deps ti=<TaskInstance: dbt_run_models.run_dbt_models scheduled__2025-08-25T06:00:00+00:00 [queued]>
[2025-08-25T11:00:41.217+0000] {taskinstance.py:2306} INFO - Starting attempt 2 of 2
[2025-08-25T11:00:41.264+0000] {taskinstance.py:2330} INFO - Executing <Task(BashOperator): run_dbt_models> on 2025-08-25 06:00:00+00:00
[2025-08-25T11:00:41.292+0000] {warnings.py:112} WARNING - /home/airflow/.local/lib/python3.12/site-packages/airflow/task/task_runner/standard_task_runner.py:62: DeprecationWarning: This process (pid=44) is multi-threaded, use of fork() may lead to deadlocks in the child.
  pid = os.fork()

[2025-08-25T11:00:41.297+0000] {standard_task_runner.py:64} INFO - Started process 47 to run task
[2025-08-25T11:00:41.320+0000] {standard_task_runner.py:90} INFO - Running: ['airflow', 'tasks', 'run', 'dbt_run_models', 'run_dbt_models', 'scheduled__2025-08-25T06:00:00+00:00', '--job-id', '498', '--raw', '--subdir', 'DAGS_FOLDER/dbt_dag.py', '--cfg-path', '/tmp/tmptrtxixhf']
[2025-08-25T11:00:41.321+0000] {standard_task_runner.py:91} INFO - Job 498: Subtask run_dbt_models
[2025-08-25T11:00:41.356+0000] {warnings.py:112} WARNING - /home/airflow/.local/lib/python3.12/site-packages/airflow/settings.py:195: DeprecationWarning: The sql_alchemy_conn option in [core] has been moved to the sql_alchemy_conn option in [database] - the old setting has been used, but please update your config.
  SQL_ALCHEMY_CONN = conf.get("database", "SQL_ALCHEMY_CONN")

[2025-08-25T11:00:41.432+0000] {task_command.py:426} INFO - Running <TaskInstance: dbt_run_models.run_dbt_models scheduled__2025-08-25T06:00:00+00:00 [running]> on host b5ea13053d47
[2025-08-25T11:00:41.620+0000] {taskinstance.py:2648} INFO - Exporting env vars: AIRFLOW_CTX_DAG_OWNER='airflow' AIRFLOW_CTX_DAG_ID='dbt_run_models' AIRFLOW_CTX_TASK_ID='run_dbt_models' AIRFLOW_CTX_EXECUTION_DATE='2025-08-25T06:00:00+00:00' AIRFLOW_CTX_TRY_NUMBER='2' AIRFLOW_CTX_DAG_RUN_ID='scheduled__2025-08-25T06:00:00+00:00'
[2025-08-25T11:00:41.623+0000] {taskinstance.py:430} INFO - ::endgroup::
[2025-08-25T11:00:41.647+0000] {subprocess.py:63} INFO - Tmp dir root location: /tmp
[2025-08-25T11:00:41.648+0000] {subprocess.py:75} INFO - Running command: ['/usr/bin/bash', '-c', '\n        cd /usr/app &&         dbt run --profiles-dir /usr/app\n        ']
[2025-08-25T11:00:41.665+0000] {subprocess.py:86} INFO - Output:
[2025-08-25T11:00:49.474+0000] {subprocess.py:93} INFO - [0m11:00:49  Running with dbt=1.7.9
[2025-08-25T11:00:50.740+0000] {subprocess.py:93} INFO - [0m11:00:50  Registered adapter: postgres=1.7.9
[2025-08-25T11:00:50.789+0000] {subprocess.py:93} INFO - [0m11:00:50  Unable to do partial parsing because profile has changed
[2025-08-25T11:00:54.449+0000] {subprocess.py:93} INFO - [0m11:00:54  [[33mWARNING[0m]: Configuration paths exist in your dbt_project.yml file which do not apply to any resources.
[2025-08-25T11:00:54.451+0000] {subprocess.py:93} INFO - There are 1 unused configuration paths:
[2025-08-25T11:00:54.452+0000] {subprocess.py:93} INFO - - models.my_project.sources
[2025-08-25T11:00:54.532+0000] {subprocess.py:93} INFO - [0m11:00:54  Found 3 models, 3 sources, 0 exposures, 0 metrics, 401 macros, 0 groups, 0 semantic models
[2025-08-25T11:00:54.535+0000] {subprocess.py:93} INFO - [0m11:00:54
[2025-08-25T11:00:54.848+0000] {subprocess.py:93} INFO - [0m11:00:54  Concurrency: 4 threads (target='dev')
[2025-08-25T11:00:54.849+0000] {subprocess.py:93} INFO - [0m11:00:54
[2025-08-25T11:00:54.961+0000] {subprocess.py:93} INFO - [0m11:00:54  1 of 3 START sql view model analytics.stg_order_details ........................ [RUN]
[2025-08-25T11:00:54.973+0000] {subprocess.py:93} INFO - [0m11:00:54  2 of 3 START sql view model analytics.stg_orders ............................... [RUN]
[2025-08-25T11:02:33.598+0000] {subprocess.py:93} INFO - [0m11:02:33  1 of 3 OK created sql view model analytics.stg_order_details ................... [[32mCREATE VIEW[0m in 98.64s]
[2025-08-25T11:02:33.603+0000] {subprocess.py:93} INFO - [0m11:02:33  2 of 3 OK created sql view model analytics.stg_orders .......................... [[32mCREATE VIEW[0m in 98.62s]
[2025-08-25T11:02:33.605+0000] {subprocess.py:93} INFO - [0m11:02:33  3 of 3 START sql table model analytics.orders_summary .......................... [RUN]
[2025-08-25T11:04:15.609+0000] {subprocess.py:93} INFO - [0m11:04:15  3 of 3 OK created sql table model analytics.orders_summary ..................... [[32mSELECT 10000[0m in 102.00s]
[2025-08-25T11:04:15.627+0000] {subprocess.py:93} INFO - [0m11:04:15
[2025-08-25T11:04:15.629+0000] {subprocess.py:93} INFO - [0m11:04:15  Finished running 2 view models, 1 table model in 0 hours 3 minutes and 21.09 seconds (201.09s).
[2025-08-25T11:04:15.642+0000] {subprocess.py:93} INFO - [0m11:04:15
[2025-08-25T11:04:15.643+0000] {subprocess.py:93} INFO - [0m11:04:15  [32mCompleted successfully[0m
[2025-08-25T11:04:15.644+0000] {subprocess.py:93} INFO - [0m11:04:15
[2025-08-25T11:04:15.646+0000] {subprocess.py:93} INFO - [0m11:04:15  Done. PASS=3 WARN=0 ERROR=0 SKIP=0 TOTAL=3
[2025-08-25T11:04:16.640+0000] {subprocess.py:97} INFO - Command exited with return code 0
[2025-08-25T11:04:16.645+0000] {taskinstance.py:441} INFO - ::group::Post task execution logs
[2025-08-25T11:04:16.679+0000] {taskinstance.py:1206} INFO - Marking task as SUCCESS. dag_id=dbt_run_models, task_id=run_dbt_models, run_id=scheduled__2025-08-25T06:00:00+00:00, execution_date=20250825T060000, start_date=20250825T110041, end_date=20250825T110416
[2025-08-25T11:04:16.714+0000] {local_task_job_runner.py:243} INFO - Task exited with return code 0
[2025-08-25T11:04:16.736+0000] {taskinstance.py:3503} INFO - 1 downstream tasks scheduled from follow-on schedule check
[2025-08-25T11:04:16.750+0000] {local_task_job_runner.py:222} INFO - ::endgroup::
