[2025-09-10T03:35:35.801+0000] {local_task_job_runner.py:120} INFO - ::group::Pre task execution logs
[2025-09-10T03:35:35.876+0000] {taskinstance.py:2076} INFO - Dependencies all met for dep_context=non-requeueable deps ti=<TaskInstance: dbt_run_models.run_dbt_models manual__2025-09-10T03:30:14.620611+00:00 [queued]>
[2025-09-10T03:35:35.896+0000] {taskinstance.py:2076} INFO - Dependencies all met for dep_context=requeueable deps ti=<TaskInstance: dbt_run_models.run_dbt_models manual__2025-09-10T03:30:14.620611+00:00 [queued]>
[2025-09-10T03:35:35.896+0000] {taskinstance.py:2306} INFO - Starting attempt 2 of 2
[2025-09-10T03:35:35.919+0000] {taskinstance.py:2330} INFO - Executing <Task(BashOperator): run_dbt_models> on 2025-09-10 03:30:14.620611+00:00
[2025-09-10T03:35:35.930+0000] {warnings.py:112} WARNING - /home/airflow/.local/lib/python3.12/site-packages/airflow/task/task_runner/standard_task_runner.py:62: DeprecationWarning: This process (pid=3681) is multi-threaded, use of fork() may lead to deadlocks in the child.
  pid = os.fork()

[2025-09-10T03:35:35.933+0000] {standard_task_runner.py:64} INFO - Started process 3682 to run task
[2025-09-10T03:35:35.935+0000] {standard_task_runner.py:90} INFO - Running: ['airflow', 'tasks', 'run', 'dbt_run_models', 'run_dbt_models', 'manual__2025-09-10T03:30:14.620611+00:00', '--job-id', '1343', '--raw', '--subdir', 'DAGS_FOLDER/dbt_dag.py', '--cfg-path', '/tmp/tmp7gqc_rf3']
[2025-09-10T03:35:35.938+0000] {standard_task_runner.py:91} INFO - Job 1343: Subtask run_dbt_models
[2025-09-10T03:35:35.964+0000] {warnings.py:112} WARNING - /home/airflow/.local/lib/python3.12/site-packages/airflow/settings.py:195: DeprecationWarning: The sql_alchemy_conn option in [core] has been moved to the sql_alchemy_conn option in [database] - the old setting has been used, but please update your config.
  SQL_ALCHEMY_CONN = conf.get("database", "SQL_ALCHEMY_CONN")

[2025-09-10T03:35:36.031+0000] {task_command.py:426} INFO - Running <TaskInstance: dbt_run_models.run_dbt_models manual__2025-09-10T03:30:14.620611+00:00 [running]> on host b5ea13053d47
[2025-09-10T03:35:36.234+0000] {taskinstance.py:2648} INFO - Exporting env vars: AIRFLOW_CTX_DAG_OWNER='airflow' AIRFLOW_CTX_DAG_ID='dbt_run_models' AIRFLOW_CTX_TASK_ID='run_dbt_models' AIRFLOW_CTX_EXECUTION_DATE='2025-09-10T03:30:14.620611+00:00' AIRFLOW_CTX_TRY_NUMBER='2' AIRFLOW_CTX_DAG_RUN_ID='manual__2025-09-10T03:30:14.620611+00:00'
[2025-09-10T03:35:36.236+0000] {taskinstance.py:430} INFO - ::endgroup::
[2025-09-10T03:35:36.277+0000] {subprocess.py:63} INFO - Tmp dir root location: /tmp
[2025-09-10T03:35:36.278+0000] {subprocess.py:75} INFO - Running command: ['/usr/bin/bash', '-c', '\n        cd /usr/app &&         dbt run --profiles-dir /usr/app\n        ']
[2025-09-10T03:35:36.299+0000] {subprocess.py:86} INFO - Output:
[2025-09-10T03:35:40.043+0000] {subprocess.py:93} INFO - [0m03:35:40  Running with dbt=1.7.9
[2025-09-10T03:35:40.426+0000] {subprocess.py:93} INFO - [0m03:35:40  Registered adapter: postgres=1.7.9
[2025-09-10T03:35:40.702+0000] {subprocess.py:93} INFO - [0m03:35:40  [[33mWARNING[0m]: Configuration paths exist in your dbt_project.yml file which do not apply to any resources.
[2025-09-10T03:35:40.703+0000] {subprocess.py:93} INFO - There are 1 unused configuration paths:
[2025-09-10T03:35:40.703+0000] {subprocess.py:93} INFO - - models.my_project.sources
[2025-09-10T03:35:40.784+0000] {subprocess.py:93} INFO - [0m03:35:40  Found 15 models, 7 sources, 0 exposures, 0 metrics, 401 macros, 0 groups, 0 semantic models
[2025-09-10T03:35:40.795+0000] {subprocess.py:93} INFO - [0m03:35:40
[2025-09-10T03:35:41.065+0000] {subprocess.py:93} INFO - [0m03:35:41  Concurrency: 4 threads (target='dev')
[2025-09-10T03:35:41.068+0000] {subprocess.py:93} INFO - [0m03:35:41
[2025-09-10T03:35:41.104+0000] {subprocess.py:93} INFO - [0m03:35:41  1 of 15 START sql view model analytics.stg_AOV ................................. [RUN]
[2025-09-10T03:35:41.109+0000] {subprocess.py:93} INFO - [0m03:35:41  2 of 15 START sql view model analytics.stg_order_count_year .................... [RUN]
[2025-09-10T03:35:41.112+0000] {subprocess.py:93} INFO - [0m03:35:41  3 of 15 START sql view model analytics.stg_order_details ....................... [RUN]
[2025-09-10T03:35:41.118+0000] {subprocess.py:93} INFO - [0m03:35:41  4 of 15 START sql view model analytics.stg_order_items ......................... [RUN]
[2025-09-10T03:35:41.823+0000] {subprocess.py:93} INFO - [0m03:35:41  4 of 15 OK created sql view model analytics.stg_order_items .................... [[32mCREATE VIEW[0m in 0.68s]
[2025-09-10T03:35:41.848+0000] {subprocess.py:93} INFO - [0m03:35:41  2 of 15 OK created sql view model analytics.stg_order_count_year ............... [[32mCREATE VIEW[0m in 0.73s]
[2025-09-10T03:35:41.851+0000] {subprocess.py:93} INFO - [0m03:35:41  5 of 15 START sql view model analytics.stg_orders .............................. [RUN]
[2025-09-10T03:35:41.856+0000] {subprocess.py:93} INFO - [0m03:35:41  1 of 15 OK created sql view model analytics.stg_AOV ............................ [[32mCREATE VIEW[0m in 0.73s]
[2025-09-10T03:35:41.858+0000] {subprocess.py:93} INFO - [0m03:35:41  3 of 15 OK created sql view model analytics.stg_order_details .................. [[32mCREATE VIEW[0m in 0.73s]
[2025-09-10T03:35:41.860+0000] {subprocess.py:93} INFO - [0m03:35:41  6 of 15 START sql view model analytics.stg_payments ............................ [RUN]
[2025-09-10T03:35:41.877+0000] {subprocess.py:93} INFO - [0m03:35:41  7 of 15 START sql view model analytics.stg_products ............................ [RUN]
[2025-09-10T03:35:41.879+0000] {subprocess.py:93} INFO - [0m03:35:41  8 of 15 START sql table model analytics.order_count_year ....................... [RUN]
[2025-09-10T03:35:42.393+0000] {subprocess.py:93} INFO - [0m03:35:42  6 of 15 OK created sql view model analytics.stg_payments ....................... [[32mCREATE VIEW[0m in 0.52s]
[2025-09-10T03:35:42.422+0000] {subprocess.py:93} INFO - [0m03:35:42  9 of 15 START sql table model analytics.order_count_year+month_diff ............ [RUN]
[2025-09-10T03:35:42.424+0000] {subprocess.py:93} INFO - [0m03:35:42  8 of 15 OK created sql table model analytics.order_count_year .................. [[32mSELECT 4[0m in 0.51s]
[2025-09-10T03:35:42.428+0000] {subprocess.py:93} INFO - [0m03:35:42  7 of 15 OK created sql view model analytics.stg_products ....................... [[32mCREATE VIEW[0m in 0.51s]
[2025-09-10T03:35:42.442+0000] {subprocess.py:93} INFO - [0m03:35:42  5 of 15 OK created sql view model analytics.stg_orders ......................... [[32mCREATE VIEW[0m in 0.57s]
[2025-09-10T03:35:42.449+0000] {subprocess.py:93} INFO - [0m03:35:42  10 of 15 START sql table model analytics.AOV_chek .............................. [RUN]
[2025-09-10T03:35:42.452+0000] {subprocess.py:93} INFO - [0m03:35:42  11 of 15 START sql table model analytics.AVG_AOV_chek .......................... [RUN]
[2025-09-10T03:35:42.467+0000] {subprocess.py:93} INFO - [0m03:35:42  12 of 15 START sql table model analytics.AOV_category .......................... [RUN]
[2025-09-10T03:35:42.870+0000] {subprocess.py:93} INFO - [0m03:35:42  12 of 15 OK created sql table model analytics.AOV_category ..................... [[32mSELECT 4[0m in 0.37s]
[2025-09-10T03:35:42.895+0000] {subprocess.py:93} INFO - [0m03:35:42  13 of 15 START sql table model analytics.AOV_product_name ...................... [RUN]
[2025-09-10T03:35:42.946+0000] {subprocess.py:93} INFO - [0m03:35:42  9 of 15 OK created sql table model analytics.order_count_year+month_diff ....... [[32mSELECT 28[0m in 0.50s]
[2025-09-10T03:35:42.962+0000] {subprocess.py:93} INFO - [0m03:35:42  10 of 15 OK created sql table model analytics.AOV_chek ......................... [[32mSELECT 50[0m in 0.50s]
[2025-09-10T03:35:42.972+0000] {subprocess.py:93} INFO - [0m03:35:42  14 of 15 START sql table model analytics.AOV_EBITDA_COUNT ...................... [RUN]
[2025-09-10T03:35:43.009+0000] {subprocess.py:93} INFO - [0m03:35:43  11 of 15 OK created sql table model analytics.AVG_AOV_chek ..................... [[32mSELECT 16863[0m in 0.51s]
[2025-09-10T03:35:43.011+0000] {subprocess.py:93} INFO - [0m03:35:43  15 of 15 START sql table model analytics.orders_summary ........................ [RUN]
[2025-09-10T03:35:43.366+0000] {subprocess.py:93} INFO - [0m03:35:43  15 of 15 OK created sql table model analytics.orders_summary ................... [[32mSELECT 10000[0m in 0.34s]
[2025-09-10T03:35:43.391+0000] {subprocess.py:93} INFO - [0m03:35:43  13 of 15 OK created sql table model analytics.AOV_product_name ................. [[32mSELECT 50[0m in 0.47s]
[2025-09-10T03:35:43.401+0000] {subprocess.py:93} INFO - [0m03:35:43  14 of 15 OK created sql table model analytics.AOV_EBITDA_COUNT ................. [[32mSELECT 1[0m in 0.39s]
[2025-09-10T03:35:43.452+0000] {subprocess.py:93} INFO - [0m03:35:43
[2025-09-10T03:35:43.455+0000] {subprocess.py:93} INFO - [0m03:35:43  Finished running 7 view models, 8 table models in 0 hours 0 minutes and 2.65 seconds (2.65s).
[2025-09-10T03:35:43.502+0000] {subprocess.py:93} INFO - [0m03:35:43
[2025-09-10T03:35:43.504+0000] {subprocess.py:93} INFO - [0m03:35:43  [32mCompleted successfully[0m
[2025-09-10T03:35:43.506+0000] {subprocess.py:93} INFO - [0m03:35:43
[2025-09-10T03:35:43.508+0000] {subprocess.py:93} INFO - [0m03:35:43  Done. PASS=15 WARN=0 ERROR=0 SKIP=0 TOTAL=15
[2025-09-10T03:35:54.100+0000] {subprocess.py:97} INFO - Command exited with return code 0
[2025-09-10T03:35:54.101+0000] {taskinstance.py:441} INFO - ::group::Post task execution logs
[2025-09-10T03:35:54.167+0000] {taskinstance.py:1206} INFO - Marking task as SUCCESS. dag_id=dbt_run_models, task_id=run_dbt_models, run_id=manual__2025-09-10T03:30:14.620611+00:00, execution_date=20250910T033014, start_date=20250910T033535, end_date=20250910T033554
[2025-09-10T03:35:54.230+0000] {local_task_job_runner.py:243} INFO - Task exited with return code 0
[2025-09-10T03:35:54.260+0000] {taskinstance.py:3503} INFO - 1 downstream tasks scheduled from follow-on schedule check
[2025-09-10T03:35:54.263+0000] {local_task_job_runner.py:222} INFO - ::endgroup::
