[2025-09-10T03:40:12.839+0000] {local_task_job_runner.py:120} INFO - ::group::Pre task execution logs
[2025-09-10T03:40:12.877+0000] {taskinstance.py:2076} INFO - Dependencies all met for dep_context=non-requeueable deps ti=<TaskInstance: dbt_run_models.run_dbt_models manual__2025-09-10T03:40:11.072747+00:00 [queued]>
[2025-09-10T03:40:12.888+0000] {taskinstance.py:2076} INFO - Dependencies all met for dep_context=requeueable deps ti=<TaskInstance: dbt_run_models.run_dbt_models manual__2025-09-10T03:40:11.072747+00:00 [queued]>
[2025-09-10T03:40:12.889+0000] {taskinstance.py:2306} INFO - Starting attempt 1 of 2
[2025-09-10T03:40:12.910+0000] {taskinstance.py:2330} INFO - Executing <Task(BashOperator): run_dbt_models> on 2025-09-10 03:40:11.072747+00:00
[2025-09-10T03:40:12.918+0000] {warnings.py:112} WARNING - /home/airflow/.local/lib/python3.12/site-packages/airflow/task/task_runner/standard_task_runner.py:62: DeprecationWarning: This process (pid=3723) is multi-threaded, use of fork() may lead to deadlocks in the child.
  pid = os.fork()

[2025-09-10T03:40:12.919+0000] {standard_task_runner.py:64} INFO - Started process 3724 to run task
[2025-09-10T03:40:12.923+0000] {standard_task_runner.py:90} INFO - Running: ['airflow', 'tasks', 'run', 'dbt_run_models', 'run_dbt_models', 'manual__2025-09-10T03:40:11.072747+00:00', '--job-id', '1347', '--raw', '--subdir', 'DAGS_FOLDER/dbt_dag.py', '--cfg-path', '/tmp/tmp5f5gbw5g']
[2025-09-10T03:40:12.926+0000] {standard_task_runner.py:91} INFO - Job 1347: Subtask run_dbt_models
[2025-09-10T03:40:12.960+0000] {warnings.py:112} WARNING - /home/airflow/.local/lib/python3.12/site-packages/airflow/settings.py:195: DeprecationWarning: The sql_alchemy_conn option in [core] has been moved to the sql_alchemy_conn option in [database] - the old setting has been used, but please update your config.
  SQL_ALCHEMY_CONN = conf.get("database", "SQL_ALCHEMY_CONN")

[2025-09-10T03:40:13.044+0000] {task_command.py:426} INFO - Running <TaskInstance: dbt_run_models.run_dbt_models manual__2025-09-10T03:40:11.072747+00:00 [running]> on host b5ea13053d47
[2025-09-10T03:40:13.276+0000] {taskinstance.py:2648} INFO - Exporting env vars: AIRFLOW_CTX_DAG_OWNER='airflow' AIRFLOW_CTX_DAG_ID='dbt_run_models' AIRFLOW_CTX_TASK_ID='run_dbt_models' AIRFLOW_CTX_EXECUTION_DATE='2025-09-10T03:40:11.072747+00:00' AIRFLOW_CTX_TRY_NUMBER='1' AIRFLOW_CTX_DAG_RUN_ID='manual__2025-09-10T03:40:11.072747+00:00'
[2025-09-10T03:40:13.277+0000] {taskinstance.py:430} INFO - ::endgroup::
[2025-09-10T03:40:13.293+0000] {subprocess.py:63} INFO - Tmp dir root location: /tmp
[2025-09-10T03:40:13.293+0000] {subprocess.py:75} INFO - Running command: ['/usr/bin/bash', '-c', '\n        cd /usr/app &&         dbt run --profiles-dir /usr/app\n        ']
[2025-09-10T03:40:13.310+0000] {subprocess.py:86} INFO - Output:
[2025-09-10T03:40:17.768+0000] {subprocess.py:93} INFO - [0m03:40:17  Running with dbt=1.7.9
[2025-09-10T03:40:18.143+0000] {subprocess.py:93} INFO - [0m03:40:18  Registered adapter: postgres=1.7.9
[2025-09-10T03:40:18.392+0000] {subprocess.py:93} INFO - [0m03:40:18  [[33mWARNING[0m]: Configuration paths exist in your dbt_project.yml file which do not apply to any resources.
[2025-09-10T03:40:18.392+0000] {subprocess.py:93} INFO - There are 1 unused configuration paths:
[2025-09-10T03:40:18.392+0000] {subprocess.py:93} INFO - - models.my_project.sources
[2025-09-10T03:40:18.418+0000] {subprocess.py:93} INFO - [0m03:40:18  Found 15 models, 7 sources, 0 exposures, 0 metrics, 401 macros, 0 groups, 0 semantic models
[2025-09-10T03:40:18.421+0000] {subprocess.py:93} INFO - [0m03:40:18
[2025-09-10T03:40:18.626+0000] {subprocess.py:93} INFO - [0m03:40:18  Concurrency: 4 threads (target='dev')
[2025-09-10T03:40:18.628+0000] {subprocess.py:93} INFO - [0m03:40:18
[2025-09-10T03:40:18.668+0000] {subprocess.py:93} INFO - [0m03:40:18  1 of 15 START sql view model analytics.stg_AOV ................................. [RUN]
[2025-09-10T03:40:18.674+0000] {subprocess.py:93} INFO - [0m03:40:18  2 of 15 START sql view model analytics.stg_order_count_year .................... [RUN]
[2025-09-10T03:40:18.677+0000] {subprocess.py:93} INFO - [0m03:40:18  3 of 15 START sql view model analytics.stg_order_details ....................... [RUN]
[2025-09-10T03:40:18.680+0000] {subprocess.py:93} INFO - [0m03:40:18  4 of 15 START sql view model analytics.stg_order_items ......................... [RUN]
[2025-09-10T03:40:19.512+0000] {subprocess.py:93} INFO - [0m03:40:19  4 of 15 OK created sql view model analytics.stg_order_items .................... [[32mCREATE VIEW[0m in 0.82s]
[2025-09-10T03:40:19.515+0000] {subprocess.py:93} INFO - [0m03:40:19  1 of 15 OK created sql view model analytics.stg_AOV ............................ [[32mCREATE VIEW[0m in 0.81s]
[2025-09-10T03:40:19.517+0000] {subprocess.py:93} INFO - [0m03:40:19  3 of 15 OK created sql view model analytics.stg_order_details .................. [[32mCREATE VIEW[0m in 0.82s]
[2025-09-10T03:40:19.520+0000] {subprocess.py:93} INFO - [0m03:40:19  5 of 15 START sql view model analytics.stg_orders .............................. [RUN]
[2025-09-10T03:40:19.526+0000] {subprocess.py:93} INFO - [0m03:40:19  6 of 15 START sql view model analytics.stg_payments ............................ [RUN]
[2025-09-10T03:40:19.531+0000] {subprocess.py:93} INFO - [0m03:40:19  2 of 15 OK created sql view model analytics.stg_order_count_year ............... [[32mCREATE VIEW[0m in 0.84s]
[2025-09-10T03:40:19.539+0000] {subprocess.py:93} INFO - [0m03:40:19  7 of 15 START sql view model analytics.stg_products ............................ [RUN]
[2025-09-10T03:40:19.583+0000] {subprocess.py:93} INFO - [0m03:40:19  8 of 15 START sql table model analytics.AOV_chek ............................... [RUN]
[2025-09-10T03:40:19.955+0000] {subprocess.py:93} INFO - [0m03:40:19  6 of 15 OK created sql view model analytics.stg_payments ....................... [[32mCREATE VIEW[0m in 0.42s]
[2025-09-10T03:40:19.964+0000] {subprocess.py:93} INFO - [0m03:40:19  9 of 15 START sql table model analytics.order_count_year ....................... [RUN]
[2025-09-10T03:40:20.101+0000] {subprocess.py:93} INFO - [0m03:40:20  5 of 15 OK created sql view model analytics.stg_orders ......................... [[32mCREATE VIEW[0m in 0.54s]
[2025-09-10T03:40:20.130+0000] {subprocess.py:93} INFO - [0m03:40:20  10 of 15 START sql table model analytics.order_count_year+month_diff ........... [RUN]
[2025-09-10T03:40:20.137+0000] {subprocess.py:93} INFO - [0m03:40:20  7 of 15 OK created sql view model analytics.stg_products ....................... [[32mCREATE VIEW[0m in 0.58s]
[2025-09-10T03:40:20.169+0000] {subprocess.py:93} INFO - [0m03:40:20  11 of 15 START sql table model analytics.AVG_AOV_chek .......................... [RUN]
[2025-09-10T03:40:20.208+0000] {subprocess.py:93} INFO - [0m03:40:20  8 of 15 OK created sql table model analytics.AOV_chek .......................... [[32mSELECT 50[0m in 0.58s]
[2025-09-10T03:40:20.292+0000] {subprocess.py:93} INFO - [0m03:40:20  12 of 15 START sql table model analytics.orders_summary ........................ [RUN]
[2025-09-10T03:40:20.662+0000] {subprocess.py:93} INFO - [0m03:40:20  9 of 15 OK created sql table model analytics.order_count_year .................. [[32mSELECT 4[0m in 0.65s]
[2025-09-10T03:40:20.667+0000] {subprocess.py:93} INFO - [0m03:40:20  13 of 15 START sql table model analytics.AOV_EBITDA_COUNT ...................... [RUN]
[2025-09-10T03:40:20.740+0000] {subprocess.py:93} INFO - [0m03:40:20  10 of 15 OK created sql table model analytics.order_count_year+month_diff ...... [[32mSELECT 28[0m in 0.60s]
[2025-09-10T03:40:20.771+0000] {subprocess.py:93} INFO - [0m03:40:20  14 of 15 START sql table model analytics.AOV_category .......................... [RUN]
[2025-09-10T03:40:20.822+0000] {subprocess.py:93} INFO - [0m03:40:20  11 of 15 OK created sql table model analytics.AVG_AOV_chek ..................... [[32mSELECT 16863[0m in 0.64s]
[2025-09-10T03:40:20.847+0000] {subprocess.py:93} INFO - [0m03:40:20  15 of 15 START sql table model analytics.AOV_product_name ...................... [RUN]
[2025-09-10T03:40:21.008+0000] {subprocess.py:93} INFO - [0m03:40:21  12 of 15 OK created sql table model analytics.orders_summary ................... [[32mSELECT 10000[0m in 0.70s]
[2025-09-10T03:40:21.064+0000] {subprocess.py:93} INFO - [0m03:40:21  13 of 15 OK created sql table model analytics.AOV_EBITDA_COUNT ................. [[32mSELECT 1[0m in 0.39s]
[2025-09-10T03:40:21.098+0000] {subprocess.py:93} INFO - [0m03:40:21  15 of 15 OK created sql table model analytics.AOV_product_name ................. [[32mSELECT 50[0m in 0.23s]
[2025-09-10T03:40:21.142+0000] {subprocess.py:93} INFO - [0m03:40:21  14 of 15 OK created sql table model analytics.AOV_category ..................... [[32mSELECT 4[0m in 0.36s]
[2025-09-10T03:40:21.189+0000] {subprocess.py:93} INFO - [0m03:40:21
[2025-09-10T03:40:21.191+0000] {subprocess.py:93} INFO - [0m03:40:21  Finished running 7 view models, 8 table models in 0 hours 0 minutes and 2.77 seconds (2.77s).
[2025-09-10T03:40:21.243+0000] {subprocess.py:93} INFO - [0m03:40:21
[2025-09-10T03:40:21.245+0000] {subprocess.py:93} INFO - [0m03:40:21  [32mCompleted successfully[0m
[2025-09-10T03:40:21.247+0000] {subprocess.py:93} INFO - [0m03:40:21
[2025-09-10T03:40:21.249+0000] {subprocess.py:93} INFO - [0m03:40:21  Done. PASS=15 WARN=0 ERROR=0 SKIP=0 TOTAL=15
[2025-09-10T03:40:31.917+0000] {subprocess.py:97} INFO - Command exited with return code 0
[2025-09-10T03:40:31.919+0000] {taskinstance.py:441} INFO - ::group::Post task execution logs
[2025-09-10T03:40:31.983+0000] {taskinstance.py:1206} INFO - Marking task as SUCCESS. dag_id=dbt_run_models, task_id=run_dbt_models, run_id=manual__2025-09-10T03:40:11.072747+00:00, execution_date=20250910T034011, start_date=20250910T034012, end_date=20250910T034031
[2025-09-10T03:40:32.037+0000] {local_task_job_runner.py:243} INFO - Task exited with return code 0
[2025-09-10T03:40:32.062+0000] {taskinstance.py:3503} INFO - 1 downstream tasks scheduled from follow-on schedule check
[2025-09-10T03:40:32.065+0000] {local_task_job_runner.py:222} INFO - ::endgroup::
