[2025-08-28T01:55:01.215+0000] {local_task_job_runner.py:120} INFO - ::group::Pre task execution logs
[2025-08-28T01:55:01.250+0000] {taskinstance.py:2076} INFO - Dependencies all met for dep_context=non-requeueable deps ti=<TaskInstance: import_csv_to_postgres.wait_for_generation manual__2025-08-28T01:54:58.071081+00:00 [queued]>
[2025-08-28T01:55:01.261+0000] {taskinstance.py:2076} INFO - Dependencies all met for dep_context=requeueable deps ti=<TaskInstance: import_csv_to_postgres.wait_for_generation manual__2025-08-28T01:54:58.071081+00:00 [queued]>
[2025-08-28T01:55:01.262+0000] {taskinstance.py:2306} INFO - Starting attempt 1 of 1
[2025-08-28T01:55:01.301+0000] {taskinstance.py:2330} INFO - Executing <Task(ExternalTaskSensor): wait_for_generation> on 2025-08-28 01:54:58.071081+00:00
[2025-08-28T01:55:01.312+0000] {warnings.py:112} WARNING - /home/airflow/.local/lib/python3.12/site-packages/airflow/task/task_runner/standard_task_runner.py:62: DeprecationWarning: This process (pid=1618) is multi-threaded, use of fork() may lead to deadlocks in the child.
  pid = os.fork()

[2025-08-28T01:55:01.314+0000] {standard_task_runner.py:64} INFO - Started process 1620 to run task
[2025-08-28T01:55:01.317+0000] {standard_task_runner.py:90} INFO - Running: ['airflow', 'tasks', 'run', 'import_csv_to_postgres', 'wait_for_generation', 'manual__2025-08-28T01:54:58.071081+00:00', '--job-id', '699', '--raw', '--subdir', 'DAGS_FOLDER/csv_to_postgres_dag.py', '--cfg-path', '/tmp/tmpuu7_0wvp']
[2025-08-28T01:55:01.322+0000] {standard_task_runner.py:91} INFO - Job 699: Subtask wait_for_generation
[2025-08-28T01:55:01.348+0000] {warnings.py:112} WARNING - /home/airflow/.local/lib/python3.12/site-packages/airflow/settings.py:195: DeprecationWarning: The sql_alchemy_conn option in [core] has been moved to the sql_alchemy_conn option in [database] - the old setting has been used, but please update your config.
  SQL_ALCHEMY_CONN = conf.get("database", "SQL_ALCHEMY_CONN")

[2025-08-28T01:55:01.408+0000] {task_command.py:426} INFO - Running <TaskInstance: import_csv_to_postgres.wait_for_generation manual__2025-08-28T01:54:58.071081+00:00 [running]> on host b5ea13053d47
[2025-08-28T01:55:01.668+0000] {taskinstance.py:2648} INFO - Exporting env vars: AIRFLOW_CTX_DAG_OWNER='airflow' AIRFLOW_CTX_DAG_ID='import_csv_to_postgres' AIRFLOW_CTX_TASK_ID='wait_for_generation' AIRFLOW_CTX_EXECUTION_DATE='2025-08-28T01:54:58.071081+00:00' AIRFLOW_CTX_TRY_NUMBER='1' AIRFLOW_CTX_DAG_RUN_ID='manual__2025-08-28T01:54:58.071081+00:00'
[2025-08-28T01:55:01.671+0000] {taskinstance.py:430} INFO - ::endgroup::
[2025-08-28T01:55:01.696+0000] {baseoperator.py:400} WARNING - ExternalTaskSensor.execute cannot be called outside TaskInstance!
[2025-08-28T01:55:01.710+0000] {external_task.py:274} INFO - Poking for DAG 'daily_generate_orders' on 2025-08-28T01:54:58.071081+00:00 ... 
[2025-08-28T01:55:01.711+0000] {warnings.py:112} WARNING - /home/airflow/.local/lib/python3.12/site-packages/airflow/utils/session.py:79: DeprecationWarning: This method is deprecated and will be removed in future.
  return func(*args, session=session, **kwargs)

[2025-08-28T01:55:01.724+0000] {taskinstance.py:441} INFO - ::group::Post task execution logs
[2025-08-28T01:55:01.748+0000] {taskinstance.py:2865} INFO - Rescheduling task, marking task as UP_FOR_RESCHEDULE
[2025-08-28T01:55:01.778+0000] {local_task_job_runner.py:243} INFO - Task exited with return code 0
[2025-08-28T01:55:01.812+0000] {taskinstance.py:3503} INFO - 0 downstream tasks scheduled from follow-on schedule check
[2025-08-28T01:55:01.814+0000] {local_task_job_runner.py:222} INFO - ::endgroup::
[2025-08-28T01:56:04.252+0000] {local_task_job_runner.py:120} INFO - ::group::Pre task execution logs
[2025-08-28T01:56:04.307+0000] {taskinstance.py:2076} INFO - Dependencies all met for dep_context=non-requeueable deps ti=<TaskInstance: import_csv_to_postgres.wait_for_generation manual__2025-08-28T01:54:58.071081+00:00 [queued]>
[2025-08-28T01:56:04.316+0000] {taskinstance.py:2076} INFO - Dependencies all met for dep_context=requeueable deps ti=<TaskInstance: import_csv_to_postgres.wait_for_generation manual__2025-08-28T01:54:58.071081+00:00 [queued]>
[2025-08-28T01:56:04.317+0000] {taskinstance.py:2306} INFO - Starting attempt 1 of 1
[2025-08-28T01:56:04.346+0000] {taskinstance.py:2330} INFO - Executing <Task(ExternalTaskSensor): wait_for_generation> on 2025-08-28 01:54:58.071081+00:00
[2025-08-28T01:56:04.359+0000] {warnings.py:112} WARNING - /home/airflow/.local/lib/python3.12/site-packages/airflow/task/task_runner/standard_task_runner.py:62: DeprecationWarning: This process (pid=1624) is multi-threaded, use of fork() may lead to deadlocks in the child.
  pid = os.fork()

[2025-08-28T01:56:04.364+0000] {standard_task_runner.py:64} INFO - Started process 1626 to run task
[2025-08-28T01:56:04.361+0000] {standard_task_runner.py:90} INFO - Running: ['airflow', 'tasks', 'run', 'import_csv_to_postgres', 'wait_for_generation', 'manual__2025-08-28T01:54:58.071081+00:00', '--job-id', '701', '--raw', '--subdir', 'DAGS_FOLDER/csv_to_postgres_dag.py', '--cfg-path', '/tmp/tmpzp9kbjmp']
[2025-08-28T01:56:04.373+0000] {standard_task_runner.py:91} INFO - Job 701: Subtask wait_for_generation
[2025-08-28T01:56:04.391+0000] {warnings.py:112} WARNING - /home/airflow/.local/lib/python3.12/site-packages/airflow/settings.py:195: DeprecationWarning: The sql_alchemy_conn option in [core] has been moved to the sql_alchemy_conn option in [database] - the old setting has been used, but please update your config.
  SQL_ALCHEMY_CONN = conf.get("database", "SQL_ALCHEMY_CONN")

[2025-08-28T01:56:04.437+0000] {task_command.py:426} INFO - Running <TaskInstance: import_csv_to_postgres.wait_for_generation manual__2025-08-28T01:54:58.071081+00:00 [running]> on host b5ea13053d47
[2025-08-28T01:56:04.541+0000] {taskinstance.py:2648} INFO - Exporting env vars: AIRFLOW_CTX_DAG_OWNER='airflow' AIRFLOW_CTX_DAG_ID='import_csv_to_postgres' AIRFLOW_CTX_TASK_ID='wait_for_generation' AIRFLOW_CTX_EXECUTION_DATE='2025-08-28T01:54:58.071081+00:00' AIRFLOW_CTX_TRY_NUMBER='1' AIRFLOW_CTX_DAG_RUN_ID='manual__2025-08-28T01:54:58.071081+00:00'
[2025-08-28T01:56:04.542+0000] {taskinstance.py:430} INFO - ::endgroup::
[2025-08-28T01:56:04.557+0000] {baseoperator.py:400} WARNING - ExternalTaskSensor.execute cannot be called outside TaskInstance!
[2025-08-28T01:56:04.568+0000] {external_task.py:274} INFO - Poking for DAG 'daily_generate_orders' on 2025-08-28T01:54:58.071081+00:00 ... 
[2025-08-28T01:56:04.569+0000] {warnings.py:112} WARNING - /home/airflow/.local/lib/python3.12/site-packages/airflow/utils/session.py:79: DeprecationWarning: This method is deprecated and will be removed in future.
  return func(*args, session=session, **kwargs)

[2025-08-28T01:56:04.580+0000] {taskinstance.py:441} INFO - ::group::Post task execution logs
[2025-08-28T01:56:04.604+0000] {taskinstance.py:2865} INFO - Rescheduling task, marking task as UP_FOR_RESCHEDULE
[2025-08-28T01:56:04.633+0000] {local_task_job_runner.py:243} INFO - Task exited with return code 0
[2025-08-28T01:56:04.701+0000] {taskinstance.py:3503} INFO - 0 downstream tasks scheduled from follow-on schedule check
[2025-08-28T01:56:04.710+0000] {local_task_job_runner.py:222} INFO - ::endgroup::
[2025-08-28T01:57:06.831+0000] {local_task_job_runner.py:120} INFO - ::group::Pre task execution logs
[2025-08-28T01:57:06.891+0000] {taskinstance.py:2076} INFO - Dependencies all met for dep_context=non-requeueable deps ti=<TaskInstance: import_csv_to_postgres.wait_for_generation manual__2025-08-28T01:54:58.071081+00:00 [queued]>
[2025-08-28T01:57:06.914+0000] {taskinstance.py:2076} INFO - Dependencies all met for dep_context=requeueable deps ti=<TaskInstance: import_csv_to_postgres.wait_for_generation manual__2025-08-28T01:54:58.071081+00:00 [queued]>
[2025-08-28T01:57:06.914+0000] {taskinstance.py:2306} INFO - Starting attempt 1 of 1
[2025-08-28T01:57:06.952+0000] {taskinstance.py:2330} INFO - Executing <Task(ExternalTaskSensor): wait_for_generation> on 2025-08-28 01:54:58.071081+00:00
[2025-08-28T01:57:06.962+0000] {warnings.py:112} WARNING - /home/airflow/.local/lib/python3.12/site-packages/airflow/task/task_runner/standard_task_runner.py:62: DeprecationWarning: This process (pid=1630) is multi-threaded, use of fork() may lead to deadlocks in the child.
  pid = os.fork()

[2025-08-28T01:57:06.963+0000] {standard_task_runner.py:64} INFO - Started process 1632 to run task
[2025-08-28T01:57:06.967+0000] {standard_task_runner.py:90} INFO - Running: ['airflow', 'tasks', 'run', 'import_csv_to_postgres', 'wait_for_generation', 'manual__2025-08-28T01:54:58.071081+00:00', '--job-id', '703', '--raw', '--subdir', 'DAGS_FOLDER/csv_to_postgres_dag.py', '--cfg-path', '/tmp/tmpj4rkg0ro']
[2025-08-28T01:57:06.972+0000] {standard_task_runner.py:91} INFO - Job 703: Subtask wait_for_generation
[2025-08-28T01:57:06.996+0000] {warnings.py:112} WARNING - /home/airflow/.local/lib/python3.12/site-packages/airflow/settings.py:195: DeprecationWarning: The sql_alchemy_conn option in [core] has been moved to the sql_alchemy_conn option in [database] - the old setting has been used, but please update your config.
  SQL_ALCHEMY_CONN = conf.get("database", "SQL_ALCHEMY_CONN")

[2025-08-28T01:57:07.062+0000] {task_command.py:426} INFO - Running <TaskInstance: import_csv_to_postgres.wait_for_generation manual__2025-08-28T01:54:58.071081+00:00 [running]> on host b5ea13053d47
[2025-08-28T01:57:07.209+0000] {taskinstance.py:2648} INFO - Exporting env vars: AIRFLOW_CTX_DAG_OWNER='airflow' AIRFLOW_CTX_DAG_ID='import_csv_to_postgres' AIRFLOW_CTX_TASK_ID='wait_for_generation' AIRFLOW_CTX_EXECUTION_DATE='2025-08-28T01:54:58.071081+00:00' AIRFLOW_CTX_TRY_NUMBER='1' AIRFLOW_CTX_DAG_RUN_ID='manual__2025-08-28T01:54:58.071081+00:00'
[2025-08-28T01:57:07.211+0000] {taskinstance.py:430} INFO - ::endgroup::
[2025-08-28T01:57:07.244+0000] {baseoperator.py:400} WARNING - ExternalTaskSensor.execute cannot be called outside TaskInstance!
[2025-08-28T01:57:07.261+0000] {external_task.py:274} INFO - Poking for DAG 'daily_generate_orders' on 2025-08-28T01:54:58.071081+00:00 ... 
[2025-08-28T01:57:07.263+0000] {warnings.py:112} WARNING - /home/airflow/.local/lib/python3.12/site-packages/airflow/utils/session.py:79: DeprecationWarning: This method is deprecated and will be removed in future.
  return func(*args, session=session, **kwargs)

[2025-08-28T01:57:07.278+0000] {taskinstance.py:441} INFO - ::group::Post task execution logs
[2025-08-28T01:57:07.320+0000] {taskinstance.py:2865} INFO - Rescheduling task, marking task as UP_FOR_RESCHEDULE
[2025-08-28T01:57:07.379+0000] {local_task_job_runner.py:243} INFO - Task exited with return code 0
[2025-08-28T01:57:07.429+0000] {taskinstance.py:3503} INFO - 0 downstream tasks scheduled from follow-on schedule check
[2025-08-28T01:57:07.432+0000] {local_task_job_runner.py:222} INFO - ::endgroup::
[2025-08-28T01:58:09.632+0000] {local_task_job_runner.py:120} INFO - ::group::Pre task execution logs
[2025-08-28T01:58:09.697+0000] {taskinstance.py:2076} INFO - Dependencies all met for dep_context=non-requeueable deps ti=<TaskInstance: import_csv_to_postgres.wait_for_generation manual__2025-08-28T01:54:58.071081+00:00 [queued]>
[2025-08-28T01:58:09.718+0000] {taskinstance.py:2076} INFO - Dependencies all met for dep_context=requeueable deps ti=<TaskInstance: import_csv_to_postgres.wait_for_generation manual__2025-08-28T01:54:58.071081+00:00 [queued]>
[2025-08-28T01:58:09.719+0000] {taskinstance.py:2306} INFO - Starting attempt 1 of 1
[2025-08-28T01:58:09.755+0000] {taskinstance.py:2330} INFO - Executing <Task(ExternalTaskSensor): wait_for_generation> on 2025-08-28 01:54:58.071081+00:00
[2025-08-28T01:58:09.768+0000] {warnings.py:112} WARNING - /home/airflow/.local/lib/python3.12/site-packages/airflow/task/task_runner/standard_task_runner.py:62: DeprecationWarning: This process (pid=1636) is multi-threaded, use of fork() may lead to deadlocks in the child.
  pid = os.fork()

[2025-08-28T01:58:09.770+0000] {standard_task_runner.py:64} INFO - Started process 1638 to run task
[2025-08-28T01:58:09.779+0000] {standard_task_runner.py:90} INFO - Running: ['airflow', 'tasks', 'run', 'import_csv_to_postgres', 'wait_for_generation', 'manual__2025-08-28T01:54:58.071081+00:00', '--job-id', '705', '--raw', '--subdir', 'DAGS_FOLDER/csv_to_postgres_dag.py', '--cfg-path', '/tmp/tmpgblkuvil']
[2025-08-28T01:58:09.784+0000] {standard_task_runner.py:91} INFO - Job 705: Subtask wait_for_generation
[2025-08-28T01:58:09.805+0000] {warnings.py:112} WARNING - /home/airflow/.local/lib/python3.12/site-packages/airflow/settings.py:195: DeprecationWarning: The sql_alchemy_conn option in [core] has been moved to the sql_alchemy_conn option in [database] - the old setting has been used, but please update your config.
  SQL_ALCHEMY_CONN = conf.get("database", "SQL_ALCHEMY_CONN")

[2025-08-28T01:58:09.857+0000] {task_command.py:426} INFO - Running <TaskInstance: import_csv_to_postgres.wait_for_generation manual__2025-08-28T01:54:58.071081+00:00 [running]> on host b5ea13053d47
[2025-08-28T01:58:10.002+0000] {taskinstance.py:2648} INFO - Exporting env vars: AIRFLOW_CTX_DAG_OWNER='airflow' AIRFLOW_CTX_DAG_ID='import_csv_to_postgres' AIRFLOW_CTX_TASK_ID='wait_for_generation' AIRFLOW_CTX_EXECUTION_DATE='2025-08-28T01:54:58.071081+00:00' AIRFLOW_CTX_TRY_NUMBER='1' AIRFLOW_CTX_DAG_RUN_ID='manual__2025-08-28T01:54:58.071081+00:00'
[2025-08-28T01:58:10.004+0000] {taskinstance.py:430} INFO - ::endgroup::
[2025-08-28T01:58:10.023+0000] {baseoperator.py:400} WARNING - ExternalTaskSensor.execute cannot be called outside TaskInstance!
[2025-08-28T01:58:10.039+0000] {external_task.py:274} INFO - Poking for DAG 'daily_generate_orders' on 2025-08-28T01:54:58.071081+00:00 ... 
[2025-08-28T01:58:10.040+0000] {warnings.py:112} WARNING - /home/airflow/.local/lib/python3.12/site-packages/airflow/utils/session.py:79: DeprecationWarning: This method is deprecated and will be removed in future.
  return func(*args, session=session, **kwargs)

[2025-08-28T01:58:10.055+0000] {taskinstance.py:441} INFO - ::group::Post task execution logs
[2025-08-28T01:58:10.084+0000] {taskinstance.py:2865} INFO - Rescheduling task, marking task as UP_FOR_RESCHEDULE
[2025-08-28T01:58:10.112+0000] {local_task_job_runner.py:243} INFO - Task exited with return code 0
[2025-08-28T01:58:10.200+0000] {taskinstance.py:3503} INFO - 0 downstream tasks scheduled from follow-on schedule check
[2025-08-28T01:58:10.210+0000] {local_task_job_runner.py:222} INFO - ::endgroup::
[2025-08-28T01:59:13.303+0000] {local_task_job_runner.py:120} INFO - ::group::Pre task execution logs
[2025-08-28T01:59:13.419+0000] {taskinstance.py:2076} INFO - Dependencies all met for dep_context=non-requeueable deps ti=<TaskInstance: import_csv_to_postgres.wait_for_generation manual__2025-08-28T01:54:58.071081+00:00 [queued]>
[2025-08-28T01:59:13.446+0000] {taskinstance.py:2076} INFO - Dependencies all met for dep_context=requeueable deps ti=<TaskInstance: import_csv_to_postgres.wait_for_generation manual__2025-08-28T01:54:58.071081+00:00 [queued]>
[2025-08-28T01:59:13.450+0000] {taskinstance.py:2306} INFO - Starting attempt 1 of 1
[2025-08-28T01:59:13.498+0000] {taskinstance.py:2330} INFO - Executing <Task(ExternalTaskSensor): wait_for_generation> on 2025-08-28 01:54:58.071081+00:00
[2025-08-28T01:59:13.518+0000] {warnings.py:112} WARNING - /home/airflow/.local/lib/python3.12/site-packages/airflow/task/task_runner/standard_task_runner.py:62: DeprecationWarning: This process (pid=1642) is multi-threaded, use of fork() may lead to deadlocks in the child.
  pid = os.fork()

[2025-08-28T01:59:13.523+0000] {standard_task_runner.py:64} INFO - Started process 1644 to run task
[2025-08-28T01:59:13.527+0000] {standard_task_runner.py:90} INFO - Running: ['airflow', 'tasks', 'run', 'import_csv_to_postgres', 'wait_for_generation', 'manual__2025-08-28T01:54:58.071081+00:00', '--job-id', '707', '--raw', '--subdir', 'DAGS_FOLDER/csv_to_postgres_dag.py', '--cfg-path', '/tmp/tmpnr814ant']
[2025-08-28T01:59:13.533+0000] {standard_task_runner.py:91} INFO - Job 707: Subtask wait_for_generation
[2025-08-28T01:59:13.598+0000] {warnings.py:112} WARNING - /home/airflow/.local/lib/python3.12/site-packages/airflow/settings.py:195: DeprecationWarning: The sql_alchemy_conn option in [core] has been moved to the sql_alchemy_conn option in [database] - the old setting has been used, but please update your config.
  SQL_ALCHEMY_CONN = conf.get("database", "SQL_ALCHEMY_CONN")

[2025-08-28T01:59:13.771+0000] {task_command.py:426} INFO - Running <TaskInstance: import_csv_to_postgres.wait_for_generation manual__2025-08-28T01:54:58.071081+00:00 [running]> on host b5ea13053d47
[2025-08-28T01:59:14.126+0000] {taskinstance.py:2648} INFO - Exporting env vars: AIRFLOW_CTX_DAG_OWNER='airflow' AIRFLOW_CTX_DAG_ID='import_csv_to_postgres' AIRFLOW_CTX_TASK_ID='wait_for_generation' AIRFLOW_CTX_EXECUTION_DATE='2025-08-28T01:54:58.071081+00:00' AIRFLOW_CTX_TRY_NUMBER='1' AIRFLOW_CTX_DAG_RUN_ID='manual__2025-08-28T01:54:58.071081+00:00'
[2025-08-28T01:59:14.133+0000] {taskinstance.py:430} INFO - ::endgroup::
[2025-08-28T01:59:14.163+0000] {baseoperator.py:400} WARNING - ExternalTaskSensor.execute cannot be called outside TaskInstance!
[2025-08-28T01:59:14.185+0000] {external_task.py:274} INFO - Poking for DAG 'daily_generate_orders' on 2025-08-28T01:54:58.071081+00:00 ... 
[2025-08-28T01:59:14.186+0000] {warnings.py:112} WARNING - /home/airflow/.local/lib/python3.12/site-packages/airflow/utils/session.py:79: DeprecationWarning: This method is deprecated and will be removed in future.
  return func(*args, session=session, **kwargs)

[2025-08-28T01:59:14.210+0000] {taskinstance.py:441} INFO - ::group::Post task execution logs
[2025-08-28T01:59:14.260+0000] {taskinstance.py:2865} INFO - Rescheduling task, marking task as UP_FOR_RESCHEDULE
[2025-08-28T01:59:14.317+0000] {local_task_job_runner.py:243} INFO - Task exited with return code 0
[2025-08-28T01:59:14.366+0000] {taskinstance.py:3503} INFO - 0 downstream tasks scheduled from follow-on schedule check
[2025-08-28T01:59:14.370+0000] {local_task_job_runner.py:222} INFO - ::endgroup::
[2025-08-28T02:00:16.732+0000] {local_task_job_runner.py:120} INFO - ::group::Pre task execution logs
[2025-08-28T02:00:16.836+0000] {taskinstance.py:2076} INFO - Dependencies all met for dep_context=non-requeueable deps ti=<TaskInstance: import_csv_to_postgres.wait_for_generation manual__2025-08-28T01:54:58.071081+00:00 [queued]>
[2025-08-28T02:00:16.860+0000] {taskinstance.py:2076} INFO - Dependencies all met for dep_context=requeueable deps ti=<TaskInstance: import_csv_to_postgres.wait_for_generation manual__2025-08-28T01:54:58.071081+00:00 [queued]>
[2025-08-28T02:00:16.860+0000] {taskinstance.py:2306} INFO - Starting attempt 1 of 1
[2025-08-28T02:00:16.908+0000] {taskinstance.py:2330} INFO - Executing <Task(ExternalTaskSensor): wait_for_generation> on 2025-08-28 01:54:58.071081+00:00
[2025-08-28T02:00:16.927+0000] {warnings.py:112} WARNING - /home/airflow/.local/lib/python3.12/site-packages/airflow/task/task_runner/standard_task_runner.py:62: DeprecationWarning: This process (pid=1648) is multi-threaded, use of fork() may lead to deadlocks in the child.
  pid = os.fork()

[2025-08-28T02:00:16.931+0000] {standard_task_runner.py:64} INFO - Started process 1650 to run task
[2025-08-28T02:00:16.927+0000] {standard_task_runner.py:90} INFO - Running: ['airflow', 'tasks', 'run', 'import_csv_to_postgres', 'wait_for_generation', 'manual__2025-08-28T01:54:58.071081+00:00', '--job-id', '709', '--raw', '--subdir', 'DAGS_FOLDER/csv_to_postgres_dag.py', '--cfg-path', '/tmp/tmpvon6spbe']
[2025-08-28T02:00:16.934+0000] {standard_task_runner.py:91} INFO - Job 709: Subtask wait_for_generation
[2025-08-28T02:00:16.972+0000] {warnings.py:112} WARNING - /home/airflow/.local/lib/python3.12/site-packages/airflow/settings.py:195: DeprecationWarning: The sql_alchemy_conn option in [core] has been moved to the sql_alchemy_conn option in [database] - the old setting has been used, but please update your config.
  SQL_ALCHEMY_CONN = conf.get("database", "SQL_ALCHEMY_CONN")

[2025-08-28T02:00:17.038+0000] {task_command.py:426} INFO - Running <TaskInstance: import_csv_to_postgres.wait_for_generation manual__2025-08-28T01:54:58.071081+00:00 [running]> on host b5ea13053d47
[2025-08-28T02:00:17.355+0000] {taskinstance.py:2648} INFO - Exporting env vars: AIRFLOW_CTX_DAG_OWNER='airflow' AIRFLOW_CTX_DAG_ID='import_csv_to_postgres' AIRFLOW_CTX_TASK_ID='wait_for_generation' AIRFLOW_CTX_EXECUTION_DATE='2025-08-28T01:54:58.071081+00:00' AIRFLOW_CTX_TRY_NUMBER='1' AIRFLOW_CTX_DAG_RUN_ID='manual__2025-08-28T01:54:58.071081+00:00'
[2025-08-28T02:00:17.359+0000] {taskinstance.py:430} INFO - ::endgroup::
[2025-08-28T02:00:17.421+0000] {baseoperator.py:400} WARNING - ExternalTaskSensor.execute cannot be called outside TaskInstance!
[2025-08-28T02:00:17.472+0000] {external_task.py:274} INFO - Poking for DAG 'daily_generate_orders' on 2025-08-28T01:54:58.071081+00:00 ... 
[2025-08-28T02:00:17.473+0000] {warnings.py:112} WARNING - /home/airflow/.local/lib/python3.12/site-packages/airflow/utils/session.py:79: DeprecationWarning: This method is deprecated and will be removed in future.
  return func(*args, session=session, **kwargs)

[2025-08-28T02:00:17.513+0000] {taskinstance.py:441} INFO - ::group::Post task execution logs
[2025-08-28T02:00:17.666+0000] {taskinstance.py:2865} INFO - Rescheduling task, marking task as UP_FOR_RESCHEDULE
[2025-08-28T02:00:17.686+0000] {local_task_job_runner.py:243} INFO - Task exited with return code 0
[2025-08-28T02:00:17.835+0000] {taskinstance.py:3503} INFO - 0 downstream tasks scheduled from follow-on schedule check
[2025-08-28T02:00:17.881+0000] {local_task_job_runner.py:222} INFO - ::endgroup::
[2025-08-28T02:01:19.155+0000] {local_task_job_runner.py:120} INFO - ::group::Pre task execution logs
[2025-08-28T02:01:19.202+0000] {taskinstance.py:2076} INFO - Dependencies all met for dep_context=non-requeueable deps ti=<TaskInstance: import_csv_to_postgres.wait_for_generation manual__2025-08-28T01:54:58.071081+00:00 [queued]>
[2025-08-28T02:01:19.212+0000] {taskinstance.py:2076} INFO - Dependencies all met for dep_context=requeueable deps ti=<TaskInstance: import_csv_to_postgres.wait_for_generation manual__2025-08-28T01:54:58.071081+00:00 [queued]>
[2025-08-28T02:01:19.213+0000] {taskinstance.py:2306} INFO - Starting attempt 1 of 1
[2025-08-28T02:01:19.231+0000] {taskinstance.py:2330} INFO - Executing <Task(ExternalTaskSensor): wait_for_generation> on 2025-08-28 01:54:58.071081+00:00
[2025-08-28T02:01:19.241+0000] {warnings.py:112} WARNING - /home/airflow/.local/lib/python3.12/site-packages/airflow/task/task_runner/standard_task_runner.py:62: DeprecationWarning: This process (pid=1660) is multi-threaded, use of fork() may lead to deadlocks in the child.
  pid = os.fork()

[2025-08-28T02:01:19.242+0000] {standard_task_runner.py:64} INFO - Started process 1662 to run task
[2025-08-28T02:01:19.246+0000] {standard_task_runner.py:90} INFO - Running: ['airflow', 'tasks', 'run', 'import_csv_to_postgres', 'wait_for_generation', 'manual__2025-08-28T01:54:58.071081+00:00', '--job-id', '713', '--raw', '--subdir', 'DAGS_FOLDER/csv_to_postgres_dag.py', '--cfg-path', '/tmp/tmpn25jyu14']
[2025-08-28T02:01:19.251+0000] {standard_task_runner.py:91} INFO - Job 713: Subtask wait_for_generation
[2025-08-28T02:01:19.274+0000] {warnings.py:112} WARNING - /home/airflow/.local/lib/python3.12/site-packages/airflow/settings.py:195: DeprecationWarning: The sql_alchemy_conn option in [core] has been moved to the sql_alchemy_conn option in [database] - the old setting has been used, but please update your config.
  SQL_ALCHEMY_CONN = conf.get("database", "SQL_ALCHEMY_CONN")

[2025-08-28T02:01:19.329+0000] {task_command.py:426} INFO - Running <TaskInstance: import_csv_to_postgres.wait_for_generation manual__2025-08-28T01:54:58.071081+00:00 [running]> on host b5ea13053d47
[2025-08-28T02:01:19.421+0000] {taskinstance.py:2648} INFO - Exporting env vars: AIRFLOW_CTX_DAG_OWNER='airflow' AIRFLOW_CTX_DAG_ID='import_csv_to_postgres' AIRFLOW_CTX_TASK_ID='wait_for_generation' AIRFLOW_CTX_EXECUTION_DATE='2025-08-28T01:54:58.071081+00:00' AIRFLOW_CTX_TRY_NUMBER='1' AIRFLOW_CTX_DAG_RUN_ID='manual__2025-08-28T01:54:58.071081+00:00'
[2025-08-28T02:01:19.423+0000] {taskinstance.py:430} INFO - ::endgroup::
[2025-08-28T02:01:19.436+0000] {baseoperator.py:400} WARNING - ExternalTaskSensor.execute cannot be called outside TaskInstance!
[2025-08-28T02:01:19.452+0000] {external_task.py:274} INFO - Poking for DAG 'daily_generate_orders' on 2025-08-28T01:54:58.071081+00:00 ... 
[2025-08-28T02:01:19.456+0000] {warnings.py:112} WARNING - /home/airflow/.local/lib/python3.12/site-packages/airflow/utils/session.py:79: DeprecationWarning: This method is deprecated and will be removed in future.
  return func(*args, session=session, **kwargs)

[2025-08-28T02:01:19.468+0000] {taskinstance.py:441} INFO - ::group::Post task execution logs
[2025-08-28T02:01:19.505+0000] {taskinstance.py:2865} INFO - Rescheduling task, marking task as UP_FOR_RESCHEDULE
[2025-08-28T02:01:19.541+0000] {local_task_job_runner.py:243} INFO - Task exited with return code 0
[2025-08-28T02:01:19.567+0000] {taskinstance.py:3503} INFO - 0 downstream tasks scheduled from follow-on schedule check
[2025-08-28T02:01:19.580+0000] {local_task_job_runner.py:222} INFO - ::endgroup::
[2025-08-28T02:02:21.490+0000] {local_task_job_runner.py:120} INFO - ::group::Pre task execution logs
[2025-08-28T02:02:21.514+0000] {taskinstance.py:2076} INFO - Dependencies all met for dep_context=non-requeueable deps ti=<TaskInstance: import_csv_to_postgres.wait_for_generation manual__2025-08-28T01:54:58.071081+00:00 [queued]>
[2025-08-28T02:02:21.522+0000] {taskinstance.py:2076} INFO - Dependencies all met for dep_context=requeueable deps ti=<TaskInstance: import_csv_to_postgres.wait_for_generation manual__2025-08-28T01:54:58.071081+00:00 [queued]>
[2025-08-28T02:02:21.522+0000] {taskinstance.py:2306} INFO - Starting attempt 1 of 1
[2025-08-28T02:02:21.536+0000] {taskinstance.py:2330} INFO - Executing <Task(ExternalTaskSensor): wait_for_generation> on 2025-08-28 01:54:58.071081+00:00
[2025-08-28T02:02:21.544+0000] {warnings.py:112} WARNING - /home/airflow/.local/lib/python3.12/site-packages/airflow/task/task_runner/standard_task_runner.py:62: DeprecationWarning: This process (pid=1669) is multi-threaded, use of fork() may lead to deadlocks in the child.
  pid = os.fork()

[2025-08-28T02:02:21.545+0000] {standard_task_runner.py:64} INFO - Started process 1671 to run task
[2025-08-28T02:02:21.550+0000] {standard_task_runner.py:90} INFO - Running: ['airflow', 'tasks', 'run', 'import_csv_to_postgres', 'wait_for_generation', 'manual__2025-08-28T01:54:58.071081+00:00', '--job-id', '716', '--raw', '--subdir', 'DAGS_FOLDER/csv_to_postgres_dag.py', '--cfg-path', '/tmp/tmpem8dvhca']
[2025-08-28T02:02:21.555+0000] {standard_task_runner.py:91} INFO - Job 716: Subtask wait_for_generation
[2025-08-28T02:02:21.582+0000] {warnings.py:112} WARNING - /home/airflow/.local/lib/python3.12/site-packages/airflow/settings.py:195: DeprecationWarning: The sql_alchemy_conn option in [core] has been moved to the sql_alchemy_conn option in [database] - the old setting has been used, but please update your config.
  SQL_ALCHEMY_CONN = conf.get("database", "SQL_ALCHEMY_CONN")

[2025-08-28T02:02:21.688+0000] {task_command.py:426} INFO - Running <TaskInstance: import_csv_to_postgres.wait_for_generation manual__2025-08-28T01:54:58.071081+00:00 [running]> on host b5ea13053d47
[2025-08-28T02:02:21.820+0000] {taskinstance.py:2648} INFO - Exporting env vars: AIRFLOW_CTX_DAG_OWNER='airflow' AIRFLOW_CTX_DAG_ID='import_csv_to_postgres' AIRFLOW_CTX_TASK_ID='wait_for_generation' AIRFLOW_CTX_EXECUTION_DATE='2025-08-28T01:54:58.071081+00:00' AIRFLOW_CTX_TRY_NUMBER='1' AIRFLOW_CTX_DAG_RUN_ID='manual__2025-08-28T01:54:58.071081+00:00'
[2025-08-28T02:02:21.823+0000] {taskinstance.py:430} INFO - ::endgroup::
[2025-08-28T02:02:21.839+0000] {baseoperator.py:400} WARNING - ExternalTaskSensor.execute cannot be called outside TaskInstance!
[2025-08-28T02:02:21.849+0000] {external_task.py:274} INFO - Poking for DAG 'daily_generate_orders' on 2025-08-28T01:54:58.071081+00:00 ... 
[2025-08-28T02:02:21.850+0000] {warnings.py:112} WARNING - /home/airflow/.local/lib/python3.12/site-packages/airflow/utils/session.py:79: DeprecationWarning: This method is deprecated and will be removed in future.
  return func(*args, session=session, **kwargs)

[2025-08-28T02:02:21.872+0000] {taskinstance.py:441} INFO - ::group::Post task execution logs
[2025-08-28T02:02:21.899+0000] {taskinstance.py:2865} INFO - Rescheduling task, marking task as UP_FOR_RESCHEDULE
[2025-08-28T02:02:21.927+0000] {local_task_job_runner.py:243} INFO - Task exited with return code 0
[2025-08-28T02:02:21.972+0000] {taskinstance.py:3503} INFO - 0 downstream tasks scheduled from follow-on schedule check
[2025-08-28T02:02:21.975+0000] {local_task_job_runner.py:222} INFO - ::endgroup::
[2025-08-28T02:03:23.496+0000] {local_task_job_runner.py:120} INFO - ::group::Pre task execution logs
[2025-08-28T02:03:23.527+0000] {taskinstance.py:2076} INFO - Dependencies all met for dep_context=non-requeueable deps ti=<TaskInstance: import_csv_to_postgres.wait_for_generation manual__2025-08-28T01:54:58.071081+00:00 [queued]>
[2025-08-28T02:03:23.539+0000] {taskinstance.py:2076} INFO - Dependencies all met for dep_context=requeueable deps ti=<TaskInstance: import_csv_to_postgres.wait_for_generation manual__2025-08-28T01:54:58.071081+00:00 [queued]>
[2025-08-28T02:03:23.540+0000] {taskinstance.py:2306} INFO - Starting attempt 1 of 1
[2025-08-28T02:03:23.565+0000] {taskinstance.py:2330} INFO - Executing <Task(ExternalTaskSensor): wait_for_generation> on 2025-08-28 01:54:58.071081+00:00
[2025-08-28T02:03:23.580+0000] {warnings.py:112} WARNING - /home/airflow/.local/lib/python3.12/site-packages/airflow/task/task_runner/standard_task_runner.py:62: DeprecationWarning: This process (pid=1681) is multi-threaded, use of fork() may lead to deadlocks in the child.
  pid = os.fork()

[2025-08-28T02:03:23.587+0000] {standard_task_runner.py:64} INFO - Started process 1683 to run task
[2025-08-28T02:03:23.582+0000] {standard_task_runner.py:90} INFO - Running: ['airflow', 'tasks', 'run', 'import_csv_to_postgres', 'wait_for_generation', 'manual__2025-08-28T01:54:58.071081+00:00', '--job-id', '720', '--raw', '--subdir', 'DAGS_FOLDER/csv_to_postgres_dag.py', '--cfg-path', '/tmp/tmp6l5jq5uv']
[2025-08-28T02:03:23.589+0000] {standard_task_runner.py:91} INFO - Job 720: Subtask wait_for_generation
[2025-08-28T02:03:23.609+0000] {warnings.py:112} WARNING - /home/airflow/.local/lib/python3.12/site-packages/airflow/settings.py:195: DeprecationWarning: The sql_alchemy_conn option in [core] has been moved to the sql_alchemy_conn option in [database] - the old setting has been used, but please update your config.
  SQL_ALCHEMY_CONN = conf.get("database", "SQL_ALCHEMY_CONN")

[2025-08-28T02:03:23.649+0000] {task_command.py:426} INFO - Running <TaskInstance: import_csv_to_postgres.wait_for_generation manual__2025-08-28T01:54:58.071081+00:00 [running]> on host b5ea13053d47
[2025-08-28T02:03:23.873+0000] {taskinstance.py:2648} INFO - Exporting env vars: AIRFLOW_CTX_DAG_OWNER='airflow' AIRFLOW_CTX_DAG_ID='import_csv_to_postgres' AIRFLOW_CTX_TASK_ID='wait_for_generation' AIRFLOW_CTX_EXECUTION_DATE='2025-08-28T01:54:58.071081+00:00' AIRFLOW_CTX_TRY_NUMBER='1' AIRFLOW_CTX_DAG_RUN_ID='manual__2025-08-28T01:54:58.071081+00:00'
[2025-08-28T02:03:23.875+0000] {taskinstance.py:430} INFO - ::endgroup::
[2025-08-28T02:03:23.929+0000] {baseoperator.py:400} WARNING - ExternalTaskSensor.execute cannot be called outside TaskInstance!
[2025-08-28T02:03:23.943+0000] {taskinstance.py:441} INFO - ::group::Post task execution logs
[2025-08-28T02:03:23.945+0000] {taskinstance.py:2905} ERROR - Task failed with exception
Traceback (most recent call last):
  File "/home/airflow/.local/lib/python3.12/site-packages/airflow/models/taskinstance.py", line 465, in _execute_task
    result = _execute_callable(context=context, **execute_callable_kwargs)
             ^^^^^^^^^^^^^^^^^^^^^^^^^^^^^^^^^^^^^^^^^^^^^^^^^^^^^^^^^^^^^
  File "/home/airflow/.local/lib/python3.12/site-packages/airflow/models/taskinstance.py", line 432, in _execute_callable
    return execute_callable(context=context, **execute_callable_kwargs)
           ^^^^^^^^^^^^^^^^^^^^^^^^^^^^^^^^^^^^^^^^^^^^^^^^^^^^^^^^^^^^
  File "/home/airflow/.local/lib/python3.12/site-packages/airflow/models/baseoperator.py", line 401, in wrapper
    return func(self, *args, **kwargs)
           ^^^^^^^^^^^^^^^^^^^^^^^^^^^
  File "/home/airflow/.local/lib/python3.12/site-packages/airflow/sensors/external_task.py", line 348, in execute
    super().execute(context)
  File "/home/airflow/.local/lib/python3.12/site-packages/airflow/models/baseoperator.py", line 401, in wrapper
    return func(self, *args, **kwargs)
           ^^^^^^^^^^^^^^^^^^^^^^^^^^^
  File "/home/airflow/.local/lib/python3.12/site-packages/airflow/sensors/base.py", line 264, in execute
    raise e
  File "/home/airflow/.local/lib/python3.12/site-packages/airflow/sensors/base.py", line 246, in execute
    poke_return = self.poke(context)
                  ^^^^^^^^^^^^^^^^^^
  File "/home/airflow/.local/lib/python3.12/site-packages/airflow/utils/session.py", line 79, in wrapper
    return func(*args, session=session, **kwargs)
           ^^^^^^^^^^^^^^^^^^^^^^^^^^^^^^^^^^^^^^
  File "/home/airflow/.local/lib/python3.12/site-packages/airflow/sensors/external_task.py", line 255, in poke
    serialized_dttm_filter = ",".join(dt.isoformat() for dt in dttm_filter)
                             ^^^^^^^^^^^^^^^^^^^^^^^^^^^^^^^^^^^^^^^^^^^^^^
  File "/home/airflow/.local/lib/python3.12/site-packages/airflow/sensors/external_task.py", line 255, in <genexpr>
    serialized_dttm_filter = ",".join(dt.isoformat() for dt in dttm_filter)
                                      ^^^^^^^^^^^^
AttributeError: 'NoneType' object has no attribute 'isoformat'
[2025-08-28T02:03:23.963+0000] {taskinstance.py:1206} INFO - Marking task as FAILED. dag_id=import_csv_to_postgres, task_id=wait_for_generation, run_id=manual__2025-08-28T01:54:58.071081+00:00, execution_date=20250828T015458, start_date=20250828T020323, end_date=20250828T020323
[2025-08-28T02:03:23.986+0000] {standard_task_runner.py:110} ERROR - Failed to execute job 720 for task wait_for_generation ('NoneType' object has no attribute 'isoformat'; 1683)
[2025-08-28T02:03:24.006+0000] {local_task_job_runner.py:243} INFO - Task exited with return code 1
[2025-08-28T02:03:24.096+0000] {taskinstance.py:3503} INFO - 0 downstream tasks scheduled from follow-on schedule check
[2025-08-28T02:03:24.119+0000] {local_task_job_runner.py:222} INFO - ::endgroup::
