[2025-08-28T09:00:01.426+0000] {local_task_job_runner.py:120} INFO - ::group::Pre task execution logs
[2025-08-28T09:00:01.485+0000] {taskinstance.py:2076} INFO - Dependencies all met for dep_context=non-requeueable deps ti=<TaskInstance: dbt_run_models.run_dbt_models scheduled__2025-08-28T06:00:00+00:00 [queued]>
[2025-08-28T09:00:01.496+0000] {taskinstance.py:2076} INFO - Dependencies all met for dep_context=requeueable deps ti=<TaskInstance: dbt_run_models.run_dbt_models scheduled__2025-08-28T06:00:00+00:00 [queued]>
[2025-08-28T09:00:01.497+0000] {taskinstance.py:2306} INFO - Starting attempt 1 of 2
[2025-08-28T09:00:01.523+0000] {taskinstance.py:2330} INFO - Executing <Task(BashOperator): run_dbt_models> on 2025-08-28 06:00:00+00:00
[2025-08-28T09:00:01.531+0000] {warnings.py:112} WARNING - /home/airflow/.local/lib/python3.12/site-packages/airflow/task/task_runner/standard_task_runner.py:62: DeprecationWarning: This process (pid=1931) is multi-threaded, use of fork() may lead to deadlocks in the child.
  pid = os.fork()

[2025-08-28T09:00:01.532+0000] {standard_task_runner.py:64} INFO - Started process 1932 to run task
[2025-08-28T09:00:01.539+0000] {standard_task_runner.py:90} INFO - Running: ['airflow', 'tasks', 'run', 'dbt_run_models', 'run_dbt_models', 'scheduled__2025-08-28T06:00:00+00:00', '--job-id', '786', '--raw', '--subdir', 'DAGS_FOLDER/dbt_dag.py', '--cfg-path', '/tmp/tmp_8nga2zw']
[2025-08-28T09:00:01.540+0000] {standard_task_runner.py:91} INFO - Job 786: Subtask run_dbt_models
[2025-08-28T09:00:01.567+0000] {warnings.py:112} WARNING - /home/airflow/.local/lib/python3.12/site-packages/airflow/settings.py:195: DeprecationWarning: The sql_alchemy_conn option in [core] has been moved to the sql_alchemy_conn option in [database] - the old setting has been used, but please update your config.
  SQL_ALCHEMY_CONN = conf.get("database", "SQL_ALCHEMY_CONN")

[2025-08-28T09:00:01.615+0000] {task_command.py:426} INFO - Running <TaskInstance: dbt_run_models.run_dbt_models scheduled__2025-08-28T06:00:00+00:00 [running]> on host b5ea13053d47
[2025-08-28T09:00:01.733+0000] {taskinstance.py:2648} INFO - Exporting env vars: AIRFLOW_CTX_DAG_OWNER='airflow' AIRFLOW_CTX_DAG_ID='dbt_run_models' AIRFLOW_CTX_TASK_ID='run_dbt_models' AIRFLOW_CTX_EXECUTION_DATE='2025-08-28T06:00:00+00:00' AIRFLOW_CTX_TRY_NUMBER='1' AIRFLOW_CTX_DAG_RUN_ID='scheduled__2025-08-28T06:00:00+00:00'
[2025-08-28T09:00:01.734+0000] {taskinstance.py:430} INFO - ::endgroup::
[2025-08-28T09:00:01.758+0000] {subprocess.py:63} INFO - Tmp dir root location: /tmp
[2025-08-28T09:00:01.759+0000] {subprocess.py:75} INFO - Running command: ['/usr/bin/bash', '-c', '\n        cd /usr/app &&         dbt run --profiles-dir /usr/app\n        ']
[2025-08-28T09:00:01.770+0000] {subprocess.py:86} INFO - Output:
[2025-08-28T09:00:05.342+0000] {subprocess.py:93} INFO - [0m09:00:05  Running with dbt=1.7.9
[2025-08-28T09:00:05.816+0000] {subprocess.py:93} INFO - [0m09:00:05  Registered adapter: postgres=1.7.9
[2025-08-28T09:00:05.862+0000] {subprocess.py:93} INFO - [0m09:00:05  [[33mWARNING[0m]: Configuration paths exist in your dbt_project.yml file which do not apply to any resources.
[2025-08-28T09:00:05.862+0000] {subprocess.py:93} INFO - There are 1 unused configuration paths:
[2025-08-28T09:00:05.863+0000] {subprocess.py:93} INFO - - models.my_project.sources
[2025-08-28T09:00:05.904+0000] {subprocess.py:93} INFO - [0m09:00:05  Found 3 models, 7 sources, 0 exposures, 0 metrics, 401 macros, 0 groups, 0 semantic models
[2025-08-28T09:00:05.912+0000] {subprocess.py:93} INFO - [0m09:00:05
[2025-08-28T09:00:06.047+0000] {subprocess.py:93} INFO - [0m09:00:06  Concurrency: 4 threads (target='dev')
[2025-08-28T09:00:06.048+0000] {subprocess.py:93} INFO - [0m09:00:06
[2025-08-28T09:00:06.071+0000] {subprocess.py:93} INFO - [0m09:00:06  1 of 3 START sql view model analytics.stg_order_details ........................ [RUN]
[2025-08-28T09:00:06.072+0000] {subprocess.py:93} INFO - [0m09:00:06  2 of 3 START sql view model analytics.stg_orders ............................... [RUN]
[2025-08-28T09:00:06.330+0000] {subprocess.py:93} INFO - [0m09:00:06  1 of 3 OK created sql view model analytics.stg_order_details ................... [[32mCREATE VIEW[0m in 0.26s]
[2025-08-28T09:00:06.336+0000] {subprocess.py:93} INFO - [0m09:00:06  2 of 3 OK created sql view model analytics.stg_orders .......................... [[32mCREATE VIEW[0m in 0.26s]
[2025-08-28T09:00:06.342+0000] {subprocess.py:93} INFO - [0m09:00:06  3 of 3 START sql table model analytics.orders_summary .......................... [RUN]
[2025-08-28T09:00:06.465+0000] {subprocess.py:93} INFO - [0m09:00:06  3 of 3 OK created sql table model analytics.orders_summary ..................... [[32mSELECT 10000[0m in 0.12s]
[2025-08-28T09:00:06.482+0000] {subprocess.py:93} INFO - [0m09:00:06
[2025-08-28T09:00:06.483+0000] {subprocess.py:93} INFO - [0m09:00:06  Finished running 2 view models, 1 table model in 0 hours 0 minutes and 0.57 seconds (0.57s).
[2025-08-28T09:00:06.496+0000] {subprocess.py:93} INFO - [0m09:00:06
[2025-08-28T09:00:06.497+0000] {subprocess.py:93} INFO - [0m09:00:06  [32mCompleted successfully[0m
[2025-08-28T09:00:06.498+0000] {subprocess.py:93} INFO - [0m09:00:06
[2025-08-28T09:00:06.499+0000] {subprocess.py:93} INFO - [0m09:00:06  Done. PASS=3 WARN=0 ERROR=0 SKIP=0 TOTAL=3
[2025-08-28T09:00:07.597+0000] {subprocess.py:97} INFO - Command exited with return code 0
[2025-08-28T09:00:07.598+0000] {taskinstance.py:441} INFO - ::group::Post task execution logs
[2025-08-28T09:00:07.630+0000] {taskinstance.py:1206} INFO - Marking task as SUCCESS. dag_id=dbt_run_models, task_id=run_dbt_models, run_id=scheduled__2025-08-28T06:00:00+00:00, execution_date=20250828T060000, start_date=20250828T090001, end_date=20250828T090007
[2025-08-28T09:00:07.653+0000] {local_task_job_runner.py:243} INFO - Task exited with return code 0
[2025-08-28T09:00:07.676+0000] {taskinstance.py:3503} INFO - 1 downstream tasks scheduled from follow-on schedule check
[2025-08-28T09:00:07.680+0000] {local_task_job_runner.py:222} INFO - ::endgroup::
