[2025-08-26T02:00:12.525+0000] {local_task_job_runner.py:120} INFO - ::group::Pre task execution logs
[2025-08-26T02:00:12.561+0000] {taskinstance.py:2076} INFO - Dependencies all met for dep_context=non-requeueable deps ti=<TaskInstance: dbt_run_models.run_dbt_models scheduled__2025-08-25T21:00:00+00:00 [queued]>
[2025-08-26T02:00:12.573+0000] {taskinstance.py:2076} INFO - Dependencies all met for dep_context=requeueable deps ti=<TaskInstance: dbt_run_models.run_dbt_models scheduled__2025-08-25T21:00:00+00:00 [queued]>
[2025-08-26T02:00:12.574+0000] {taskinstance.py:2306} INFO - Starting attempt 1 of 2
[2025-08-26T02:00:12.593+0000] {taskinstance.py:2330} INFO - Executing <Task(BashOperator): run_dbt_models> on 2025-08-25 21:00:00+00:00
[2025-08-26T02:00:12.600+0000] {warnings.py:112} WARNING - /home/airflow/.local/lib/python3.12/site-packages/airflow/task/task_runner/standard_task_runner.py:62: DeprecationWarning: This process (pid=894) is multi-threaded, use of fork() may lead to deadlocks in the child.
  pid = os.fork()

[2025-08-26T02:00:12.601+0000] {standard_task_runner.py:64} INFO - Started process 896 to run task
[2025-08-26T02:00:12.607+0000] {standard_task_runner.py:90} INFO - Running: ['airflow', 'tasks', 'run', 'dbt_run_models', 'run_dbt_models', 'scheduled__2025-08-25T21:00:00+00:00', '--job-id', '554', '--raw', '--subdir', 'DAGS_FOLDER/dbt_dag.py', '--cfg-path', '/tmp/tmp4odc0pzf']
[2025-08-26T02:00:12.608+0000] {standard_task_runner.py:91} INFO - Job 554: Subtask run_dbt_models
[2025-08-26T02:00:12.625+0000] {warnings.py:112} WARNING - /home/airflow/.local/lib/python3.12/site-packages/airflow/settings.py:195: DeprecationWarning: The sql_alchemy_conn option in [core] has been moved to the sql_alchemy_conn option in [database] - the old setting has been used, but please update your config.
  SQL_ALCHEMY_CONN = conf.get("database", "SQL_ALCHEMY_CONN")

[2025-08-26T02:00:12.670+0000] {task_command.py:426} INFO - Running <TaskInstance: dbt_run_models.run_dbt_models scheduled__2025-08-25T21:00:00+00:00 [running]> on host b5ea13053d47
[2025-08-26T02:00:12.810+0000] {taskinstance.py:2648} INFO - Exporting env vars: AIRFLOW_CTX_DAG_OWNER='airflow' AIRFLOW_CTX_DAG_ID='dbt_run_models' AIRFLOW_CTX_TASK_ID='run_dbt_models' AIRFLOW_CTX_EXECUTION_DATE='2025-08-25T21:00:00+00:00' AIRFLOW_CTX_TRY_NUMBER='1' AIRFLOW_CTX_DAG_RUN_ID='scheduled__2025-08-25T21:00:00+00:00'
[2025-08-26T02:00:12.814+0000] {taskinstance.py:430} INFO - ::endgroup::
[2025-08-26T02:00:12.862+0000] {subprocess.py:63} INFO - Tmp dir root location: /tmp
[2025-08-26T02:00:12.862+0000] {subprocess.py:75} INFO - Running command: ['/usr/bin/bash', '-c', '\n        cd /usr/app &&         dbt run --profiles-dir /usr/app\n        ']
[2025-08-26T02:00:12.885+0000] {subprocess.py:86} INFO - Output:
[2025-08-26T02:00:24.926+0000] {subprocess.py:93} INFO - [0m02:00:24  Running with dbt=1.7.9
[2025-08-26T02:00:27.506+0000] {subprocess.py:93} INFO - [0m02:00:27  Registered adapter: postgres=1.7.9
[2025-08-26T02:00:28.428+0000] {subprocess.py:93} INFO - [0m02:00:28  [[33mWARNING[0m]: Configuration paths exist in your dbt_project.yml file which do not apply to any resources.
[2025-08-26T02:00:28.429+0000] {subprocess.py:93} INFO - There are 1 unused configuration paths:
[2025-08-26T02:00:28.430+0000] {subprocess.py:93} INFO - - models.my_project.sources
[2025-08-26T02:00:28.779+0000] {subprocess.py:93} INFO - [0m02:00:28  Found 3 models, 3 sources, 0 exposures, 0 metrics, 401 macros, 0 groups, 0 semantic models
[2025-08-26T02:00:28.798+0000] {subprocess.py:93} INFO - [0m02:00:28
[2025-08-26T02:00:29.533+0000] {subprocess.py:93} INFO - [0m02:00:29  Concurrency: 4 threads (target='dev')
[2025-08-26T02:00:29.537+0000] {subprocess.py:93} INFO - [0m02:00:29
[2025-08-26T02:00:29.583+0000] {subprocess.py:93} INFO - [0m02:00:29  1 of 3 START sql view model analytics.stg_order_details ........................ [RUN]
[2025-08-26T02:00:29.585+0000] {subprocess.py:93} INFO - [0m02:00:29  2 of 3 START sql view model analytics.stg_orders ............................... [RUN]
[2025-08-26T02:00:30.393+0000] {subprocess.py:93} INFO - [0m02:00:30  2 of 3 OK created sql view model analytics.stg_orders .......................... [[32mCREATE VIEW[0m in 0.79s]
[2025-08-26T02:00:30.407+0000] {subprocess.py:93} INFO - [0m02:00:30  1 of 3 OK created sql view model analytics.stg_order_details ................... [[32mCREATE VIEW[0m in 0.82s]
[2025-08-26T02:00:30.414+0000] {subprocess.py:93} INFO - [0m02:00:30  3 of 3 START sql table model analytics.orders_summary .......................... [RUN]
[2025-08-26T02:02:31.437+0000] {subprocess.py:93} INFO - [0m02:02:31  3 of 3 OK created sql table model analytics.orders_summary ..................... [[32mSELECT 10000[0m in 121.01s]
[2025-08-26T02:02:31.457+0000] {subprocess.py:93} INFO - [0m02:02:31
[2025-08-26T02:02:31.459+0000] {subprocess.py:93} INFO - [0m02:02:31  Finished running 2 view models, 1 table model in 0 hours 2 minutes and 2.66 seconds (122.66s).
[2025-08-26T02:02:31.472+0000] {subprocess.py:93} INFO - [0m02:02:31
[2025-08-26T02:02:31.474+0000] {subprocess.py:93} INFO - [0m02:02:31  [32mCompleted successfully[0m
[2025-08-26T02:02:31.475+0000] {subprocess.py:93} INFO - [0m02:02:31
[2025-08-26T02:02:31.476+0000] {subprocess.py:93} INFO - [0m02:02:31  Done. PASS=3 WARN=0 ERROR=0 SKIP=0 TOTAL=3
[2025-08-26T02:02:32.710+0000] {subprocess.py:97} INFO - Command exited with return code 0
[2025-08-26T02:02:32.713+0000] {taskinstance.py:441} INFO - ::group::Post task execution logs
[2025-08-26T02:02:32.773+0000] {taskinstance.py:1206} INFO - Marking task as SUCCESS. dag_id=dbt_run_models, task_id=run_dbt_models, run_id=scheduled__2025-08-25T21:00:00+00:00, execution_date=20250825T210000, start_date=20250826T020012, end_date=20250826T020232
[2025-08-26T02:02:32.855+0000] {local_task_job_runner.py:243} INFO - Task exited with return code 0
[2025-08-26T02:02:32.895+0000] {taskinstance.py:3503} INFO - 1 downstream tasks scheduled from follow-on schedule check
[2025-08-26T02:02:32.900+0000] {local_task_job_runner.py:222} INFO - ::endgroup::
