[2025-09-04T02:00:01.273+0000] {local_task_job_runner.py:120} INFO - ::group::Pre task execution logs
[2025-09-04T02:00:01.333+0000] {taskinstance.py:2076} INFO - Dependencies all met for dep_context=non-requeueable deps ti=<TaskInstance: dbt_run_models.run_dbt_models scheduled__2025-09-04T01:00:00+00:00 [queued]>
[2025-09-04T02:00:01.356+0000] {taskinstance.py:2076} INFO - Dependencies all met for dep_context=requeueable deps ti=<TaskInstance: dbt_run_models.run_dbt_models scheduled__2025-09-04T01:00:00+00:00 [queued]>
[2025-09-04T02:00:01.357+0000] {taskinstance.py:2306} INFO - Starting attempt 1 of 2
[2025-09-04T02:00:01.396+0000] {taskinstance.py:2330} INFO - Executing <Task(BashOperator): run_dbt_models> on 2025-09-04 01:00:00+00:00
[2025-09-04T02:00:01.407+0000] {warnings.py:112} WARNING - /home/airflow/.local/lib/python3.12/site-packages/airflow/task/task_runner/standard_task_runner.py:62: DeprecationWarning: This process (pid=250) is multi-threaded, use of fork() may lead to deadlocks in the child.
  pid = os.fork()

[2025-09-04T02:00:01.408+0000] {standard_task_runner.py:90} INFO - Running: ['airflow', 'tasks', 'run', 'dbt_run_models', 'run_dbt_models', 'scheduled__2025-09-04T01:00:00+00:00', '--job-id', '981', '--raw', '--subdir', 'DAGS_FOLDER/dbt_dag.py', '--cfg-path', '/tmp/tmpvzmfec1n']
[2025-09-04T02:00:01.409+0000] {standard_task_runner.py:91} INFO - Job 981: Subtask run_dbt_models
[2025-09-04T02:00:01.409+0000] {standard_task_runner.py:64} INFO - Started process 251 to run task
[2025-09-04T02:00:01.436+0000] {warnings.py:112} WARNING - /home/airflow/.local/lib/python3.12/site-packages/airflow/settings.py:195: DeprecationWarning: The sql_alchemy_conn option in [core] has been moved to the sql_alchemy_conn option in [database] - the old setting has been used, but please update your config.
  SQL_ALCHEMY_CONN = conf.get("database", "SQL_ALCHEMY_CONN")

[2025-09-04T02:00:01.498+0000] {task_command.py:426} INFO - Running <TaskInstance: dbt_run_models.run_dbt_models scheduled__2025-09-04T01:00:00+00:00 [running]> on host b5ea13053d47
[2025-09-04T02:00:01.787+0000] {taskinstance.py:2648} INFO - Exporting env vars: AIRFLOW_CTX_DAG_OWNER='airflow' AIRFLOW_CTX_DAG_ID='dbt_run_models' AIRFLOW_CTX_TASK_ID='run_dbt_models' AIRFLOW_CTX_EXECUTION_DATE='2025-09-04T01:00:00+00:00' AIRFLOW_CTX_TRY_NUMBER='1' AIRFLOW_CTX_DAG_RUN_ID='scheduled__2025-09-04T01:00:00+00:00'
[2025-09-04T02:00:01.788+0000] {taskinstance.py:430} INFO - ::endgroup::
[2025-09-04T02:00:01.825+0000] {subprocess.py:63} INFO - Tmp dir root location: /tmp
[2025-09-04T02:00:01.826+0000] {subprocess.py:75} INFO - Running command: ['/usr/bin/bash', '-c', '\n        cd /usr/app &&         dbt run --profiles-dir /usr/app\n        ']
[2025-09-04T02:00:01.845+0000] {subprocess.py:86} INFO - Output:
[2025-09-04T02:00:09.510+0000] {subprocess.py:93} INFO - [0m02:00:09  Running with dbt=1.7.9
[2025-09-04T02:00:10.141+0000] {subprocess.py:93} INFO - [0m02:00:10  Registered adapter: postgres=1.7.9
[2025-09-04T02:00:10.201+0000] {subprocess.py:93} INFO - [0m02:00:10  [[33mWARNING[0m]: Configuration paths exist in your dbt_project.yml file which do not apply to any resources.
[2025-09-04T02:00:10.201+0000] {subprocess.py:93} INFO - There are 1 unused configuration paths:
[2025-09-04T02:00:10.201+0000] {subprocess.py:93} INFO - - models.my_project.sources
[2025-09-04T02:00:10.234+0000] {subprocess.py:93} INFO - [0m02:00:10  Found 5 models, 7 sources, 0 exposures, 0 metrics, 401 macros, 0 groups, 0 semantic models
[2025-09-04T02:00:10.239+0000] {subprocess.py:93} INFO - [0m02:00:10
[2025-09-04T02:00:10.557+0000] {subprocess.py:93} INFO - [0m02:00:10  Concurrency: 4 threads (target='dev')
[2025-09-04T02:00:10.560+0000] {subprocess.py:93} INFO - [0m02:00:10
[2025-09-04T02:00:10.630+0000] {subprocess.py:93} INFO - [0m02:00:10  1 of 5 START sql view model analytics.stg_order_count_year ..................... [RUN]
[2025-09-04T02:00:10.631+0000] {subprocess.py:93} INFO - [0m02:00:10  2 of 5 START sql view model analytics.stg_order_details ........................ [RUN]
[2025-09-04T02:00:10.640+0000] {subprocess.py:93} INFO - [0m02:00:10  3 of 5 START sql view model analytics.stg_orders ............................... [RUN]
[2025-09-04T02:00:11.093+0000] {subprocess.py:93} INFO - [0m02:00:11  3 of 5 OK created sql view model analytics.stg_orders .......................... [[32mCREATE VIEW[0m in 0.45s]
[2025-09-04T02:00:11.094+0000] {subprocess.py:93} INFO - [0m02:00:11  2 of 5 OK created sql view model analytics.stg_order_details ................... [[32mCREATE VIEW[0m in 0.45s]
[2025-09-04T02:00:11.105+0000] {subprocess.py:93} INFO - [0m02:00:11  4 of 5 START sql table model analytics.orders_summary .......................... [RUN]
[2025-09-04T02:00:11.121+0000] {subprocess.py:93} INFO - [0m02:00:11  1 of 5 OK created sql view model analytics.stg_order_count_year ................ [[32mCREATE VIEW[0m in 0.45s]
[2025-09-04T02:00:11.136+0000] {subprocess.py:93} INFO - [0m02:00:11  5 of 5 START sql table model analytics.order_count_year ........................ [RUN]
[2025-09-04T02:00:11.383+0000] {subprocess.py:93} INFO - [0m02:00:11  5 of 5 OK created sql table model analytics.order_count_year ................... [[32mSELECT 3[0m in 0.24s]
[2025-09-04T02:00:11.434+0000] {subprocess.py:93} INFO - [0m02:00:11  4 of 5 OK created sql table model analytics.orders_summary ..................... [[32mSELECT 10000[0m in 0.33s]
[2025-09-04T02:00:11.458+0000] {subprocess.py:93} INFO - [0m02:00:11
[2025-09-04T02:00:11.459+0000] {subprocess.py:93} INFO - [0m02:00:11  Finished running 3 view models, 2 table models in 0 hours 0 minutes and 1.22 seconds (1.22s).
[2025-09-04T02:00:11.479+0000] {subprocess.py:93} INFO - [0m02:00:11
[2025-09-04T02:00:11.480+0000] {subprocess.py:93} INFO - [0m02:00:11  [32mCompleted successfully[0m
[2025-09-04T02:00:11.482+0000] {subprocess.py:93} INFO - [0m02:00:11
[2025-09-04T02:00:11.483+0000] {subprocess.py:93} INFO - [0m02:00:11  Done. PASS=5 WARN=0 ERROR=0 SKIP=0 TOTAL=5
[2025-09-04T02:00:22.013+0000] {subprocess.py:97} INFO - Command exited with return code 0
[2025-09-04T02:00:22.014+0000] {taskinstance.py:441} INFO - ::group::Post task execution logs
[2025-09-04T02:00:22.049+0000] {taskinstance.py:1206} INFO - Marking task as SUCCESS. dag_id=dbt_run_models, task_id=run_dbt_models, run_id=scheduled__2025-09-04T01:00:00+00:00, execution_date=20250904T010000, start_date=20250904T020001, end_date=20250904T020022
[2025-09-04T02:00:22.098+0000] {local_task_job_runner.py:243} INFO - Task exited with return code 0
[2025-09-04T02:00:22.119+0000] {local_task_job_runner.py:222} INFO - ::endgroup::
