[2025-09-07T21:00:01.617+0000] {local_task_job_runner.py:120} INFO - ::group::Pre task execution logs
[2025-09-07T21:00:01.695+0000] {taskinstance.py:2076} INFO - Dependencies all met for dep_context=non-requeueable deps ti=<TaskInstance: dbt_run_models.run_dbt_models scheduled__2025-09-07T20:00:00+00:00 [queued]>
[2025-09-07T21:00:01.714+0000] {taskinstance.py:2076} INFO - Dependencies all met for dep_context=requeueable deps ti=<TaskInstance: dbt_run_models.run_dbt_models scheduled__2025-09-07T20:00:00+00:00 [queued]>
[2025-09-07T21:00:01.715+0000] {taskinstance.py:2306} INFO - Starting attempt 1 of 2
[2025-09-07T21:00:01.743+0000] {taskinstance.py:2330} INFO - Executing <Task(BashOperator): run_dbt_models> on 2025-09-07 20:00:00+00:00
[2025-09-07T21:00:01.751+0000] {warnings.py:112} WARNING - /home/airflow/.local/lib/python3.12/site-packages/airflow/task/task_runner/standard_task_runner.py:62: DeprecationWarning: This process (pid=2093) is multi-threaded, use of fork() may lead to deadlocks in the child.
  pid = os.fork()

[2025-09-07T21:00:01.752+0000] {standard_task_runner.py:64} INFO - Started process 2094 to run task
[2025-09-07T21:00:01.758+0000] {standard_task_runner.py:90} INFO - Running: ['airflow', 'tasks', 'run', 'dbt_run_models', 'run_dbt_models', 'scheduled__2025-09-07T20:00:00+00:00', '--job-id', '1191', '--raw', '--subdir', 'DAGS_FOLDER/dbt_dag.py', '--cfg-path', '/tmp/tmpzgj_f1n5']
[2025-09-07T21:00:01.758+0000] {standard_task_runner.py:91} INFO - Job 1191: Subtask run_dbt_models
[2025-09-07T21:00:01.778+0000] {warnings.py:112} WARNING - /home/airflow/.local/lib/python3.12/site-packages/airflow/settings.py:195: DeprecationWarning: The sql_alchemy_conn option in [core] has been moved to the sql_alchemy_conn option in [database] - the old setting has been used, but please update your config.
  SQL_ALCHEMY_CONN = conf.get("database", "SQL_ALCHEMY_CONN")

[2025-09-07T21:00:01.847+0000] {task_command.py:426} INFO - Running <TaskInstance: dbt_run_models.run_dbt_models scheduled__2025-09-07T20:00:00+00:00 [running]> on host b5ea13053d47
[2025-09-07T21:00:02.089+0000] {taskinstance.py:2648} INFO - Exporting env vars: AIRFLOW_CTX_DAG_OWNER='airflow' AIRFLOW_CTX_DAG_ID='dbt_run_models' AIRFLOW_CTX_TASK_ID='run_dbt_models' AIRFLOW_CTX_EXECUTION_DATE='2025-09-07T20:00:00+00:00' AIRFLOW_CTX_TRY_NUMBER='1' AIRFLOW_CTX_DAG_RUN_ID='scheduled__2025-09-07T20:00:00+00:00'
[2025-09-07T21:00:02.090+0000] {taskinstance.py:430} INFO - ::endgroup::
[2025-09-07T21:00:02.119+0000] {subprocess.py:63} INFO - Tmp dir root location: /tmp
[2025-09-07T21:00:02.120+0000] {subprocess.py:75} INFO - Running command: ['/usr/bin/bash', '-c', '\n        cd /usr/app &&         dbt run --profiles-dir /usr/app\n        ']
[2025-09-07T21:00:02.134+0000] {subprocess.py:86} INFO - Output:
[2025-09-07T21:00:05.806+0000] {subprocess.py:93} INFO - [0m21:00:05  Running with dbt=1.7.9
[2025-09-07T21:00:06.192+0000] {subprocess.py:93} INFO - [0m21:00:06  Registered adapter: postgres=1.7.9
[2025-09-07T21:00:06.240+0000] {subprocess.py:93} INFO - [0m21:00:06  [[33mWARNING[0m]: Configuration paths exist in your dbt_project.yml file which do not apply to any resources.
[2025-09-07T21:00:06.240+0000] {subprocess.py:93} INFO - There are 1 unused configuration paths:
[2025-09-07T21:00:06.240+0000] {subprocess.py:93} INFO - - models.my_project.sources
[2025-09-07T21:00:06.268+0000] {subprocess.py:93} INFO - [0m21:00:06  Found 7 models, 7 sources, 0 exposures, 0 metrics, 401 macros, 0 groups, 0 semantic models
[2025-09-07T21:00:06.272+0000] {subprocess.py:93} INFO - [0m21:00:06
[2025-09-07T21:00:06.615+0000] {subprocess.py:93} INFO - [0m21:00:06  Concurrency: 4 threads (target='dev')
[2025-09-07T21:00:06.616+0000] {subprocess.py:93} INFO - [0m21:00:06
[2025-09-07T21:00:06.640+0000] {subprocess.py:93} INFO - [0m21:00:06  1 of 7 START sql view model analytics.stg_AOV .................................. [RUN]
[2025-09-07T21:00:06.646+0000] {subprocess.py:93} INFO - [0m21:00:06  2 of 7 START sql view model analytics.stg_order_count_year ..................... [RUN]
[2025-09-07T21:00:06.648+0000] {subprocess.py:93} INFO - [0m21:00:06  3 of 7 START sql view model analytics.stg_order_details ........................ [RUN]
[2025-09-07T21:00:06.665+0000] {subprocess.py:93} INFO - [0m21:00:06  4 of 7 START sql view model analytics.stg_orders ............................... [RUN]
[2025-09-07T21:00:07.346+0000] {subprocess.py:93} INFO - [0m21:00:07  2 of 7 OK created sql view model analytics.stg_order_count_year ................ [[32mCREATE VIEW[0m in 0.66s]
[2025-09-07T21:00:07.351+0000] {subprocess.py:93} INFO - [0m21:00:07  1 of 7 OK created sql view model analytics.stg_AOV ............................. [[32mCREATE VIEW[0m in 0.69s]
[2025-09-07T21:00:07.355+0000] {subprocess.py:93} INFO - [0m21:00:07  4 of 7 OK created sql view model analytics.stg_orders .......................... [[32mCREATE VIEW[0m in 0.69s]
[2025-09-07T21:00:07.357+0000] {subprocess.py:93} INFO - [0m21:00:07  3 of 7 OK created sql view model analytics.stg_order_details ................... [[32mCREATE VIEW[0m in 0.69s]
[2025-09-07T21:00:07.364+0000] {subprocess.py:93} INFO - [0m21:00:07  5 of 7 START sql table model analytics.order_count_year ........................ [RUN]
[2025-09-07T21:00:07.370+0000] {subprocess.py:93} INFO - [0m21:00:07  6 of 7 START sql table model analytics.AOV_chek ................................ [RUN]
[2025-09-07T21:00:07.375+0000] {subprocess.py:93} INFO - [0m21:00:07  7 of 7 START sql table model analytics.orders_summary .......................... [RUN]
[2025-09-07T21:00:07.720+0000] {subprocess.py:93} INFO - [0m21:00:07  5 of 7 OK created sql table model analytics.order_count_year ................... [[32mSELECT 4[0m in 0.34s]
[2025-09-07T21:00:07.796+0000] {subprocess.py:93} INFO - [0m21:00:07  6 of 7 OK created sql table model analytics.AOV_chek ........................... [[32mSELECT 50[0m in 0.42s]
[2025-09-07T21:00:07.818+0000] {subprocess.py:93} INFO - [0m21:00:07  7 of 7 OK created sql table model analytics.orders_summary ..................... [[32mSELECT 10000[0m in 0.43s]
[2025-09-07T21:00:07.839+0000] {subprocess.py:93} INFO - [0m21:00:07
[2025-09-07T21:00:07.840+0000] {subprocess.py:93} INFO - [0m21:00:07  Finished running 4 view models, 3 table models in 0 hours 0 minutes and 1.57 seconds (1.57s).
[2025-09-07T21:00:07.855+0000] {subprocess.py:93} INFO - [0m21:00:07
[2025-09-07T21:00:07.857+0000] {subprocess.py:93} INFO - [0m21:00:07  [32mCompleted successfully[0m
[2025-09-07T21:00:07.858+0000] {subprocess.py:93} INFO - [0m21:00:07
[2025-09-07T21:00:07.859+0000] {subprocess.py:93} INFO - [0m21:00:07  Done. PASS=7 WARN=0 ERROR=0 SKIP=0 TOTAL=7
[2025-09-07T21:00:18.439+0000] {subprocess.py:97} INFO - Command exited with return code 0
[2025-09-07T21:00:18.440+0000] {taskinstance.py:441} INFO - ::group::Post task execution logs
[2025-09-07T21:00:18.496+0000] {taskinstance.py:1206} INFO - Marking task as SUCCESS. dag_id=dbt_run_models, task_id=run_dbt_models, run_id=scheduled__2025-09-07T20:00:00+00:00, execution_date=20250907T200000, start_date=20250907T210001, end_date=20250907T210018
[2025-09-07T21:00:18.576+0000] {local_task_job_runner.py:243} INFO - Task exited with return code 0
[2025-09-07T21:00:18.628+0000] {taskinstance.py:3503} INFO - 1 downstream tasks scheduled from follow-on schedule check
[2025-09-07T21:00:18.631+0000] {local_task_job_runner.py:222} INFO - ::endgroup::
