[2025-09-07T23:00:00.989+0000] {local_task_job_runner.py:120} INFO - ::group::Pre task execution logs
[2025-09-07T23:00:01.053+0000] {taskinstance.py:2076} INFO - Dependencies all met for dep_context=non-requeueable deps ti=<TaskInstance: dbt_run_models.run_dbt_models scheduled__2025-09-07T22:00:00+00:00 [queued]>
[2025-09-07T23:00:01.067+0000] {taskinstance.py:2076} INFO - Dependencies all met for dep_context=requeueable deps ti=<TaskInstance: dbt_run_models.run_dbt_models scheduled__2025-09-07T22:00:00+00:00 [queued]>
[2025-09-07T23:00:01.067+0000] {taskinstance.py:2306} INFO - Starting attempt 1 of 2
[2025-09-07T23:00:01.094+0000] {taskinstance.py:2330} INFO - Executing <Task(BashOperator): run_dbt_models> on 2025-09-07 22:00:00+00:00
[2025-09-07T23:00:01.101+0000] {warnings.py:112} WARNING - /home/airflow/.local/lib/python3.12/site-packages/airflow/task/task_runner/standard_task_runner.py:62: DeprecationWarning: This process (pid=2131) is multi-threaded, use of fork() may lead to deadlocks in the child.
  pid = os.fork()

[2025-09-07T23:00:01.102+0000] {standard_task_runner.py:64} INFO - Started process 2132 to run task
[2025-09-07T23:00:01.110+0000] {standard_task_runner.py:90} INFO - Running: ['airflow', 'tasks', 'run', 'dbt_run_models', 'run_dbt_models', 'scheduled__2025-09-07T22:00:00+00:00', '--job-id', '1195', '--raw', '--subdir', 'DAGS_FOLDER/dbt_dag.py', '--cfg-path', '/tmp/tmpy9eznd4d']
[2025-09-07T23:00:01.113+0000] {standard_task_runner.py:91} INFO - Job 1195: Subtask run_dbt_models
[2025-09-07T23:00:01.147+0000] {warnings.py:112} WARNING - /home/airflow/.local/lib/python3.12/site-packages/airflow/settings.py:195: DeprecationWarning: The sql_alchemy_conn option in [core] has been moved to the sql_alchemy_conn option in [database] - the old setting has been used, but please update your config.
  SQL_ALCHEMY_CONN = conf.get("database", "SQL_ALCHEMY_CONN")

[2025-09-07T23:00:01.244+0000] {task_command.py:426} INFO - Running <TaskInstance: dbt_run_models.run_dbt_models scheduled__2025-09-07T22:00:00+00:00 [running]> on host b5ea13053d47
[2025-09-07T23:00:01.456+0000] {taskinstance.py:2648} INFO - Exporting env vars: AIRFLOW_CTX_DAG_OWNER='airflow' AIRFLOW_CTX_DAG_ID='dbt_run_models' AIRFLOW_CTX_TASK_ID='run_dbt_models' AIRFLOW_CTX_EXECUTION_DATE='2025-09-07T22:00:00+00:00' AIRFLOW_CTX_TRY_NUMBER='1' AIRFLOW_CTX_DAG_RUN_ID='scheduled__2025-09-07T22:00:00+00:00'
[2025-09-07T23:00:01.458+0000] {taskinstance.py:430} INFO - ::endgroup::
[2025-09-07T23:00:01.508+0000] {subprocess.py:63} INFO - Tmp dir root location: /tmp
[2025-09-07T23:00:01.509+0000] {subprocess.py:75} INFO - Running command: ['/usr/bin/bash', '-c', '\n        cd /usr/app &&         dbt run --profiles-dir /usr/app\n        ']
[2025-09-07T23:00:01.534+0000] {subprocess.py:86} INFO - Output:
[2025-09-07T23:00:04.944+0000] {subprocess.py:93} INFO - [0m23:00:04  Running with dbt=1.7.9
[2025-09-07T23:00:05.643+0000] {subprocess.py:93} INFO - [0m23:00:05  Registered adapter: postgres=1.7.9
[2025-09-07T23:00:05.781+0000] {subprocess.py:93} INFO - [0m23:00:05  [[33mWARNING[0m]: Configuration paths exist in your dbt_project.yml file which do not apply to any resources.
[2025-09-07T23:00:05.781+0000] {subprocess.py:93} INFO - There are 1 unused configuration paths:
[2025-09-07T23:00:05.782+0000] {subprocess.py:93} INFO - - models.my_project.sources
[2025-09-07T23:00:05.843+0000] {subprocess.py:93} INFO - [0m23:00:05  Found 7 models, 7 sources, 0 exposures, 0 metrics, 401 macros, 0 groups, 0 semantic models
[2025-09-07T23:00:05.851+0000] {subprocess.py:93} INFO - [0m23:00:05
[2025-09-07T23:00:06.146+0000] {subprocess.py:93} INFO - [0m23:00:06  Concurrency: 4 threads (target='dev')
[2025-09-07T23:00:06.148+0000] {subprocess.py:93} INFO - [0m23:00:06
[2025-09-07T23:00:06.202+0000] {subprocess.py:93} INFO - [0m23:00:06  1 of 7 START sql view model analytics.stg_AOV .................................. [RUN]
[2025-09-07T23:00:06.205+0000] {subprocess.py:93} INFO - [0m23:00:06  2 of 7 START sql view model analytics.stg_order_count_year ..................... [RUN]
[2025-09-07T23:00:06.206+0000] {subprocess.py:93} INFO - [0m23:00:06  3 of 7 START sql view model analytics.stg_order_details ........................ [RUN]
[2025-09-07T23:00:06.216+0000] {subprocess.py:93} INFO - [0m23:00:06  4 of 7 START sql view model analytics.stg_orders ............................... [RUN]
[2025-09-07T23:00:07.014+0000] {subprocess.py:93} INFO - [0m23:00:07  4 of 7 OK created sql view model analytics.stg_orders .......................... [[32mCREATE VIEW[0m in 0.78s]
[2025-09-07T23:00:07.024+0000] {subprocess.py:93} INFO - [0m23:00:07  2 of 7 OK created sql view model analytics.stg_order_count_year ................ [[32mCREATE VIEW[0m in 0.81s]
[2025-09-07T23:00:07.027+0000] {subprocess.py:93} INFO - [0m23:00:07  3 of 7 OK created sql view model analytics.stg_order_details ................... [[32mCREATE VIEW[0m in 0.81s]
[2025-09-07T23:00:07.032+0000] {subprocess.py:93} INFO - [0m23:00:07  1 of 7 OK created sql view model analytics.stg_AOV ............................. [[32mCREATE VIEW[0m in 0.81s]
[2025-09-07T23:00:07.044+0000] {subprocess.py:93} INFO - [0m23:00:07  5 of 7 START sql table model analytics.order_count_year ........................ [RUN]
[2025-09-07T23:00:07.046+0000] {subprocess.py:93} INFO - [0m23:00:07  6 of 7 START sql table model analytics.orders_summary .......................... [RUN]
[2025-09-07T23:00:07.058+0000] {subprocess.py:93} INFO - [0m23:00:07  7 of 7 START sql table model analytics.AOV_chek ................................ [RUN]
[2025-09-07T23:00:07.476+0000] {subprocess.py:93} INFO - [0m23:00:07  5 of 7 OK created sql table model analytics.order_count_year ................... [[32mSELECT 4[0m in 0.43s]
[2025-09-07T23:00:07.516+0000] {subprocess.py:93} INFO - [0m23:00:07  6 of 7 OK created sql table model analytics.orders_summary ..................... [[32mSELECT 10000[0m in 0.46s]
[2025-09-07T23:00:07.519+0000] {subprocess.py:93} INFO - [0m23:00:07  7 of 7 OK created sql table model analytics.AOV_chek ........................... [[32mSELECT 50[0m in 0.44s]
[2025-09-07T23:00:07.551+0000] {subprocess.py:93} INFO - [0m23:00:07
[2025-09-07T23:00:07.552+0000] {subprocess.py:93} INFO - [0m23:00:07  Finished running 4 view models, 3 table models in 0 hours 0 minutes and 1.70 seconds (1.70s).
[2025-09-07T23:00:07.570+0000] {subprocess.py:93} INFO - [0m23:00:07
[2025-09-07T23:00:07.571+0000] {subprocess.py:93} INFO - [0m23:00:07  [32mCompleted successfully[0m
[2025-09-07T23:00:07.572+0000] {subprocess.py:93} INFO - [0m23:00:07
[2025-09-07T23:00:07.573+0000] {subprocess.py:93} INFO - [0m23:00:07  Done. PASS=7 WARN=0 ERROR=0 SKIP=0 TOTAL=7
[2025-09-07T23:00:18.110+0000] {subprocess.py:97} INFO - Command exited with return code 0
[2025-09-07T23:00:18.111+0000] {taskinstance.py:441} INFO - ::group::Post task execution logs
[2025-09-07T23:00:18.164+0000] {taskinstance.py:1206} INFO - Marking task as SUCCESS. dag_id=dbt_run_models, task_id=run_dbt_models, run_id=scheduled__2025-09-07T22:00:00+00:00, execution_date=20250907T220000, start_date=20250907T230001, end_date=20250907T230018
[2025-09-07T23:00:18.218+0000] {local_task_job_runner.py:243} INFO - Task exited with return code 0
[2025-09-07T23:00:18.249+0000] {taskinstance.py:3503} INFO - 1 downstream tasks scheduled from follow-on schedule check
[2025-09-07T23:00:18.252+0000] {local_task_job_runner.py:222} INFO - ::endgroup::
