[2025-09-06T05:00:01.238+0000] {local_task_job_runner.py:120} INFO - ::group::Pre task execution logs
[2025-09-06T05:00:01.284+0000] {taskinstance.py:2076} INFO - Dependencies all met for dep_context=non-requeueable deps ti=<TaskInstance: dbt_run_models.run_dbt_models scheduled__2025-09-06T04:00:00+00:00 [queued]>
[2025-09-06T05:00:01.297+0000] {taskinstance.py:2076} INFO - Dependencies all met for dep_context=requeueable deps ti=<TaskInstance: dbt_run_models.run_dbt_models scheduled__2025-09-06T04:00:00+00:00 [queued]>
[2025-09-06T05:00:01.297+0000] {taskinstance.py:2306} INFO - Starting attempt 1 of 2
[2025-09-06T05:00:01.317+0000] {taskinstance.py:2330} INFO - Executing <Task(BashOperator): run_dbt_models> on 2025-09-06 04:00:00+00:00
[2025-09-06T05:00:01.324+0000] {warnings.py:112} WARNING - /home/airflow/.local/lib/python3.12/site-packages/airflow/task/task_runner/standard_task_runner.py:62: DeprecationWarning: This process (pid=1297) is multi-threaded, use of fork() may lead to deadlocks in the child.
  pid = os.fork()

[2025-09-06T05:00:01.325+0000] {standard_task_runner.py:64} INFO - Started process 1298 to run task
[2025-09-06T05:00:01.329+0000] {standard_task_runner.py:90} INFO - Running: ['airflow', 'tasks', 'run', 'dbt_run_models', 'run_dbt_models', 'scheduled__2025-09-06T04:00:00+00:00', '--job-id', '1099', '--raw', '--subdir', 'DAGS_FOLDER/dbt_dag.py', '--cfg-path', '/tmp/tmpqpm5i6e5']
[2025-09-06T05:00:01.330+0000] {standard_task_runner.py:91} INFO - Job 1099: Subtask run_dbt_models
[2025-09-06T05:00:01.355+0000] {warnings.py:112} WARNING - /home/airflow/.local/lib/python3.12/site-packages/airflow/settings.py:195: DeprecationWarning: The sql_alchemy_conn option in [core] has been moved to the sql_alchemy_conn option in [database] - the old setting has been used, but please update your config.
  SQL_ALCHEMY_CONN = conf.get("database", "SQL_ALCHEMY_CONN")

[2025-09-06T05:00:01.419+0000] {task_command.py:426} INFO - Running <TaskInstance: dbt_run_models.run_dbt_models scheduled__2025-09-06T04:00:00+00:00 [running]> on host b5ea13053d47
[2025-09-06T05:00:01.687+0000] {taskinstance.py:2648} INFO - Exporting env vars: AIRFLOW_CTX_DAG_OWNER='airflow' AIRFLOW_CTX_DAG_ID='dbt_run_models' AIRFLOW_CTX_TASK_ID='run_dbt_models' AIRFLOW_CTX_EXECUTION_DATE='2025-09-06T04:00:00+00:00' AIRFLOW_CTX_TRY_NUMBER='1' AIRFLOW_CTX_DAG_RUN_ID='scheduled__2025-09-06T04:00:00+00:00'
[2025-09-06T05:00:01.688+0000] {taskinstance.py:430} INFO - ::endgroup::
[2025-09-06T05:00:01.721+0000] {subprocess.py:63} INFO - Tmp dir root location: /tmp
[2025-09-06T05:00:01.722+0000] {subprocess.py:75} INFO - Running command: ['/usr/bin/bash', '-c', '\n        cd /usr/app &&         dbt run --profiles-dir /usr/app\n        ']
[2025-09-06T05:00:01.743+0000] {subprocess.py:86} INFO - Output:
[2025-09-06T05:00:05.689+0000] {subprocess.py:93} INFO - [0m05:00:05  Running with dbt=1.7.9
[2025-09-06T05:00:06.413+0000] {subprocess.py:93} INFO - [0m05:00:06  Registered adapter: postgres=1.7.9
[2025-09-06T05:00:06.481+0000] {subprocess.py:93} INFO - [0m05:00:06  [[33mWARNING[0m]: Configuration paths exist in your dbt_project.yml file which do not apply to any resources.
[2025-09-06T05:00:06.482+0000] {subprocess.py:93} INFO - There are 1 unused configuration paths:
[2025-09-06T05:00:06.482+0000] {subprocess.py:93} INFO - - models.my_project.sources
[2025-09-06T05:00:06.514+0000] {subprocess.py:93} INFO - [0m05:00:06  Found 7 models, 7 sources, 0 exposures, 0 metrics, 401 macros, 0 groups, 0 semantic models
[2025-09-06T05:00:06.519+0000] {subprocess.py:93} INFO - [0m05:00:06
[2025-09-06T05:00:06.729+0000] {subprocess.py:93} INFO - [0m05:00:06  Concurrency: 4 threads (target='dev')
[2025-09-06T05:00:06.732+0000] {subprocess.py:93} INFO - [0m05:00:06
[2025-09-06T05:00:06.765+0000] {subprocess.py:93} INFO - [0m05:00:06  1 of 7 START sql view model analytics.stg_AOV .................................. [RUN]
[2025-09-06T05:00:06.767+0000] {subprocess.py:93} INFO - [0m05:00:06  2 of 7 START sql view model analytics.stg_order_count_year ..................... [RUN]
[2025-09-06T05:00:06.780+0000] {subprocess.py:93} INFO - [0m05:00:06  3 of 7 START sql view model analytics.stg_order_details ........................ [RUN]
[2025-09-06T05:00:06.816+0000] {subprocess.py:93} INFO - [0m05:00:06  4 of 7 START sql view model analytics.stg_orders ............................... [RUN]
[2025-09-06T05:00:07.650+0000] {subprocess.py:93} INFO - [0m05:00:07  1 of 7 OK created sql view model analytics.stg_AOV ............................. [[32mCREATE VIEW[0m in 0.88s]
[2025-09-06T05:00:07.658+0000] {subprocess.py:93} INFO - [0m05:00:07  2 of 7 OK created sql view model analytics.stg_order_count_year ................ [[32mCREATE VIEW[0m in 0.88s]
[2025-09-06T05:00:07.671+0000] {subprocess.py:93} INFO - [0m05:00:07  5 of 7 START sql table model analytics.AOV_chek ................................ [RUN]
[2025-09-06T05:00:07.679+0000] {subprocess.py:93} INFO - [0m05:00:07  3 of 7 OK created sql view model analytics.stg_order_details ................... [[32mCREATE VIEW[0m in 0.88s]
[2025-09-06T05:00:07.687+0000] {subprocess.py:93} INFO - [0m05:00:07  6 of 7 START sql table model analytics.order_count_year ........................ [RUN]
[2025-09-06T05:00:07.689+0000] {subprocess.py:93} INFO - [0m05:00:07  4 of 7 OK created sql view model analytics.stg_orders .......................... [[32mCREATE VIEW[0m in 0.84s]
[2025-09-06T05:00:07.718+0000] {subprocess.py:93} INFO - [0m05:00:07  7 of 7 START sql table model analytics.orders_summary .......................... [RUN]
[2025-09-06T05:00:08.086+0000] {subprocess.py:93} INFO - [0m05:00:08  6 of 7 OK created sql table model analytics.order_count_year ................... [[32mSELECT 3[0m in 0.39s]
[2025-09-06T05:00:08.092+0000] {subprocess.py:93} INFO - [0m05:00:08  5 of 7 OK created sql table model analytics.AOV_chek ........................... [[32mSELECT 50[0m in 0.40s]
[2025-09-06T05:00:08.121+0000] {subprocess.py:93} INFO - [0m05:00:08  7 of 7 OK created sql table model analytics.orders_summary ..................... [[32mSELECT 10000[0m in 0.39s]
[2025-09-06T05:00:08.170+0000] {subprocess.py:93} INFO - [0m05:00:08
[2025-09-06T05:00:08.173+0000] {subprocess.py:93} INFO - [0m05:00:08  Finished running 4 view models, 3 table models in 0 hours 0 minutes and 1.65 seconds (1.65s).
[2025-09-06T05:00:08.218+0000] {subprocess.py:93} INFO - [0m05:00:08
[2025-09-06T05:00:08.221+0000] {subprocess.py:93} INFO - [0m05:00:08  [32mCompleted successfully[0m
[2025-09-06T05:00:08.224+0000] {subprocess.py:93} INFO - [0m05:00:08
[2025-09-06T05:00:08.227+0000] {subprocess.py:93} INFO - [0m05:00:08  Done. PASS=7 WARN=0 ERROR=0 SKIP=0 TOTAL=7
[2025-09-06T05:00:19.174+0000] {subprocess.py:97} INFO - Command exited with return code 0
[2025-09-06T05:00:19.178+0000] {taskinstance.py:441} INFO - ::group::Post task execution logs
[2025-09-06T05:00:19.274+0000] {taskinstance.py:1206} INFO - Marking task as SUCCESS. dag_id=dbt_run_models, task_id=run_dbt_models, run_id=scheduled__2025-09-06T04:00:00+00:00, execution_date=20250906T040000, start_date=20250906T050001, end_date=20250906T050019
[2025-09-06T05:00:19.375+0000] {local_task_job_runner.py:243} INFO - Task exited with return code 0
[2025-09-06T05:00:19.442+0000] {taskinstance.py:3503} INFO - 1 downstream tasks scheduled from follow-on schedule check
[2025-09-06T05:00:19.447+0000] {local_task_job_runner.py:222} INFO - ::endgroup::
