[2025-09-06T09:00:01.206+0000] {local_task_job_runner.py:120} INFO - ::group::Pre task execution logs
[2025-09-06T09:00:01.291+0000] {taskinstance.py:2076} INFO - Dependencies all met for dep_context=non-requeueable deps ti=<TaskInstance: dbt_run_models.run_dbt_models scheduled__2025-09-06T08:00:00+00:00 [queued]>
[2025-09-06T09:00:01.314+0000] {taskinstance.py:2076} INFO - Dependencies all met for dep_context=requeueable deps ti=<TaskInstance: dbt_run_models.run_dbt_models scheduled__2025-09-06T08:00:00+00:00 [queued]>
[2025-09-06T09:00:01.315+0000] {taskinstance.py:2306} INFO - Starting attempt 1 of 2
[2025-09-06T09:00:01.357+0000] {taskinstance.py:2330} INFO - Executing <Task(BashOperator): run_dbt_models> on 2025-09-06 08:00:00+00:00
[2025-09-06T09:00:01.370+0000] {warnings.py:112} WARNING - /home/airflow/.local/lib/python3.12/site-packages/airflow/task/task_runner/standard_task_runner.py:62: DeprecationWarning: This process (pid=1379) is multi-threaded, use of fork() may lead to deadlocks in the child.
  pid = os.fork()

[2025-09-06T09:00:01.372+0000] {standard_task_runner.py:90} INFO - Running: ['airflow', 'tasks', 'run', 'dbt_run_models', 'run_dbt_models', 'scheduled__2025-09-06T08:00:00+00:00', '--job-id', '1109', '--raw', '--subdir', 'DAGS_FOLDER/dbt_dag.py', '--cfg-path', '/tmp/tmpb73qkqj0']
[2025-09-06T09:00:01.373+0000] {standard_task_runner.py:91} INFO - Job 1109: Subtask run_dbt_models
[2025-09-06T09:00:01.372+0000] {standard_task_runner.py:64} INFO - Started process 1380 to run task
[2025-09-06T09:00:01.397+0000] {warnings.py:112} WARNING - /home/airflow/.local/lib/python3.12/site-packages/airflow/settings.py:195: DeprecationWarning: The sql_alchemy_conn option in [core] has been moved to the sql_alchemy_conn option in [database] - the old setting has been used, but please update your config.
  SQL_ALCHEMY_CONN = conf.get("database", "SQL_ALCHEMY_CONN")

[2025-09-06T09:00:01.465+0000] {task_command.py:426} INFO - Running <TaskInstance: dbt_run_models.run_dbt_models scheduled__2025-09-06T08:00:00+00:00 [running]> on host b5ea13053d47
[2025-09-06T09:00:01.631+0000] {taskinstance.py:2648} INFO - Exporting env vars: AIRFLOW_CTX_DAG_OWNER='airflow' AIRFLOW_CTX_DAG_ID='dbt_run_models' AIRFLOW_CTX_TASK_ID='run_dbt_models' AIRFLOW_CTX_EXECUTION_DATE='2025-09-06T08:00:00+00:00' AIRFLOW_CTX_TRY_NUMBER='1' AIRFLOW_CTX_DAG_RUN_ID='scheduled__2025-09-06T08:00:00+00:00'
[2025-09-06T09:00:01.633+0000] {taskinstance.py:430} INFO - ::endgroup::
[2025-09-06T09:00:01.674+0000] {subprocess.py:63} INFO - Tmp dir root location: /tmp
[2025-09-06T09:00:01.676+0000] {subprocess.py:75} INFO - Running command: ['/usr/bin/bash', '-c', '\n        cd /usr/app &&         dbt run --profiles-dir /usr/app\n        ']
[2025-09-06T09:00:01.691+0000] {subprocess.py:86} INFO - Output:
[2025-09-06T09:00:05.790+0000] {subprocess.py:93} INFO - [0m09:00:05  Running with dbt=1.7.9
[2025-09-06T09:00:07.033+0000] {subprocess.py:93} INFO - [0m09:00:07  Registered adapter: postgres=1.7.9
[2025-09-06T09:00:07.116+0000] {subprocess.py:93} INFO - [0m09:00:07  [[33mWARNING[0m]: Configuration paths exist in your dbt_project.yml file which do not apply to any resources.
[2025-09-06T09:00:07.116+0000] {subprocess.py:93} INFO - There are 1 unused configuration paths:
[2025-09-06T09:00:07.117+0000] {subprocess.py:93} INFO - - models.my_project.sources
[2025-09-06T09:00:07.242+0000] {subprocess.py:93} INFO - [0m09:00:07  Found 7 models, 7 sources, 0 exposures, 0 metrics, 401 macros, 0 groups, 0 semantic models
[2025-09-06T09:00:07.261+0000] {subprocess.py:93} INFO - [0m09:00:07
[2025-09-06T09:00:07.789+0000] {subprocess.py:93} INFO - [0m09:00:07  Concurrency: 4 threads (target='dev')
[2025-09-06T09:00:07.790+0000] {subprocess.py:93} INFO - [0m09:00:07
[2025-09-06T09:00:07.835+0000] {subprocess.py:93} INFO - [0m09:00:07  1 of 7 START sql view model analytics.stg_AOV .................................. [RUN]
[2025-09-06T09:00:07.846+0000] {subprocess.py:93} INFO - [0m09:00:07  2 of 7 START sql view model analytics.stg_order_count_year ..................... [RUN]
[2025-09-06T09:00:07.854+0000] {subprocess.py:93} INFO - [0m09:00:07  3 of 7 START sql view model analytics.stg_order_details ........................ [RUN]
[2025-09-06T09:00:07.867+0000] {subprocess.py:93} INFO - [0m09:00:07  4 of 7 START sql view model analytics.stg_orders ............................... [RUN]
[2025-09-06T09:00:09.676+0000] {subprocess.py:93} INFO - [0m09:00:09  1 of 7 OK created sql view model analytics.stg_AOV ............................. [[32mCREATE VIEW[0m in 1.79s]
[2025-09-06T09:00:09.703+0000] {subprocess.py:93} INFO - [0m09:00:09  4 of 7 OK created sql view model analytics.stg_orders .......................... [[32mCREATE VIEW[0m in 1.80s]
[2025-09-06T09:00:09.708+0000] {subprocess.py:93} INFO - [0m09:00:09  2 of 7 OK created sql view model analytics.stg_order_count_year ................ [[32mCREATE VIEW[0m in 1.83s]
[2025-09-06T09:00:09.728+0000] {subprocess.py:93} INFO - [0m09:00:09  3 of 7 OK created sql view model analytics.stg_order_details ................... [[32mCREATE VIEW[0m in 1.82s]
[2025-09-06T09:00:09.739+0000] {subprocess.py:93} INFO - [0m09:00:09  5 of 7 START sql table model analytics.AOV_chek ................................ [RUN]
[2025-09-06T09:00:09.763+0000] {subprocess.py:93} INFO - [0m09:00:09  6 of 7 START sql table model analytics.order_count_year ........................ [RUN]
[2025-09-06T09:00:09.804+0000] {subprocess.py:93} INFO - [0m09:00:09  7 of 7 START sql table model analytics.orders_summary .......................... [RUN]
[2025-09-06T09:00:10.826+0000] {subprocess.py:93} INFO - [0m09:00:10  5 of 7 OK created sql table model analytics.AOV_chek ........................... [[32mSELECT 50[0m in 1.06s]
[2025-09-06T09:00:10.829+0000] {subprocess.py:93} INFO - [0m09:00:10  6 of 7 OK created sql table model analytics.order_count_year ................... [[32mSELECT 3[0m in 1.05s]
[2025-09-06T09:00:10.891+0000] {subprocess.py:93} INFO - [0m09:00:10  7 of 7 OK created sql table model analytics.orders_summary ..................... [[32mSELECT 10000[0m in 1.07s]
[2025-09-06T09:00:10.969+0000] {subprocess.py:93} INFO - [0m09:00:10
[2025-09-06T09:00:10.977+0000] {subprocess.py:93} INFO - [0m09:00:10  Finished running 4 view models, 3 table models in 0 hours 0 minutes and 3.70 seconds (3.70s).
[2025-09-06T09:00:11.040+0000] {subprocess.py:93} INFO - [0m09:00:11
[2025-09-06T09:00:11.041+0000] {subprocess.py:93} INFO - [0m09:00:11  [32mCompleted successfully[0m
[2025-09-06T09:00:11.044+0000] {subprocess.py:93} INFO - [0m09:00:11
[2025-09-06T09:00:11.046+0000] {subprocess.py:93} INFO - [0m09:00:11  Done. PASS=7 WARN=0 ERROR=0 SKIP=0 TOTAL=7
[2025-09-06T09:00:21.664+0000] {subprocess.py:97} INFO - Command exited with return code 0
[2025-09-06T09:00:21.666+0000] {taskinstance.py:441} INFO - ::group::Post task execution logs
[2025-09-06T09:00:21.724+0000] {taskinstance.py:1206} INFO - Marking task as SUCCESS. dag_id=dbt_run_models, task_id=run_dbt_models, run_id=scheduled__2025-09-06T08:00:00+00:00, execution_date=20250906T080000, start_date=20250906T090001, end_date=20250906T090021
[2025-09-06T09:00:21.770+0000] {local_task_job_runner.py:243} INFO - Task exited with return code 0
[2025-09-06T09:00:21.818+0000] {taskinstance.py:3503} INFO - 1 downstream tasks scheduled from follow-on schedule check
[2025-09-06T09:00:21.820+0000] {local_task_job_runner.py:222} INFO - ::endgroup::
