[2025-09-08T08:00:02.075+0000] {local_task_job_runner.py:120} INFO - ::group::Pre task execution logs
[2025-09-08T08:00:02.137+0000] {taskinstance.py:2076} INFO - Dependencies all met for dep_context=non-requeueable deps ti=<TaskInstance: dbt_run_models.run_dbt_models scheduled__2025-09-08T07:00:00+00:00 [queued]>
[2025-09-08T08:00:02.156+0000] {taskinstance.py:2076} INFO - Dependencies all met for dep_context=requeueable deps ti=<TaskInstance: dbt_run_models.run_dbt_models scheduled__2025-09-08T07:00:00+00:00 [queued]>
[2025-09-08T08:00:02.157+0000] {taskinstance.py:2306} INFO - Starting attempt 1 of 2
[2025-09-08T08:00:02.183+0000] {taskinstance.py:2330} INFO - Executing <Task(BashOperator): run_dbt_models> on 2025-09-08 07:00:00+00:00
[2025-09-08T08:00:02.191+0000] {warnings.py:112} WARNING - /home/airflow/.local/lib/python3.12/site-packages/airflow/task/task_runner/standard_task_runner.py:62: DeprecationWarning: This process (pid=2315) is multi-threaded, use of fork() may lead to deadlocks in the child.
  pid = os.fork()

[2025-09-08T08:00:02.192+0000] {standard_task_runner.py:64} INFO - Started process 2318 to run task
[2025-09-08T08:00:02.194+0000] {standard_task_runner.py:90} INFO - Running: ['airflow', 'tasks', 'run', 'dbt_run_models', 'run_dbt_models', 'scheduled__2025-09-08T07:00:00+00:00', '--job-id', '1216', '--raw', '--subdir', 'DAGS_FOLDER/dbt_dag.py', '--cfg-path', '/tmp/tmpy59qxo6d']
[2025-09-08T08:00:02.195+0000] {standard_task_runner.py:91} INFO - Job 1216: Subtask run_dbt_models
[2025-09-08T08:00:02.214+0000] {warnings.py:112} WARNING - /home/airflow/.local/lib/python3.12/site-packages/airflow/settings.py:195: DeprecationWarning: The sql_alchemy_conn option in [core] has been moved to the sql_alchemy_conn option in [database] - the old setting has been used, but please update your config.
  SQL_ALCHEMY_CONN = conf.get("database", "SQL_ALCHEMY_CONN")

[2025-09-08T08:00:02.276+0000] {task_command.py:426} INFO - Running <TaskInstance: dbt_run_models.run_dbt_models scheduled__2025-09-08T07:00:00+00:00 [running]> on host b5ea13053d47
[2025-09-08T08:00:02.462+0000] {taskinstance.py:2648} INFO - Exporting env vars: AIRFLOW_CTX_DAG_OWNER='airflow' AIRFLOW_CTX_DAG_ID='dbt_run_models' AIRFLOW_CTX_TASK_ID='run_dbt_models' AIRFLOW_CTX_EXECUTION_DATE='2025-09-08T07:00:00+00:00' AIRFLOW_CTX_TRY_NUMBER='1' AIRFLOW_CTX_DAG_RUN_ID='scheduled__2025-09-08T07:00:00+00:00'
[2025-09-08T08:00:02.463+0000] {taskinstance.py:430} INFO - ::endgroup::
[2025-09-08T08:00:02.483+0000] {subprocess.py:63} INFO - Tmp dir root location: /tmp
[2025-09-08T08:00:02.484+0000] {subprocess.py:75} INFO - Running command: ['/usr/bin/bash', '-c', '\n        cd /usr/app &&         dbt run --profiles-dir /usr/app\n        ']
[2025-09-08T08:00:02.504+0000] {subprocess.py:86} INFO - Output:
[2025-09-08T08:00:07.456+0000] {subprocess.py:93} INFO - [0m08:00:07  Running with dbt=1.7.9
[2025-09-08T08:00:07.953+0000] {subprocess.py:93} INFO - [0m08:00:07  Registered adapter: postgres=1.7.9
[2025-09-08T08:00:08.010+0000] {subprocess.py:93} INFO - [0m08:00:08  [[33mWARNING[0m]: Configuration paths exist in your dbt_project.yml file which do not apply to any resources.
[2025-09-08T08:00:08.011+0000] {subprocess.py:93} INFO - There are 1 unused configuration paths:
[2025-09-08T08:00:08.012+0000] {subprocess.py:93} INFO - - models.my_project.sources
[2025-09-08T08:00:08.043+0000] {subprocess.py:93} INFO - [0m08:00:08  Found 8 models, 7 sources, 0 exposures, 0 metrics, 401 macros, 0 groups, 0 semantic models
[2025-09-08T08:00:08.048+0000] {subprocess.py:93} INFO - [0m08:00:08
[2025-09-08T08:00:08.227+0000] {subprocess.py:93} INFO - [0m08:00:08  Concurrency: 4 threads (target='dev')
[2025-09-08T08:00:08.228+0000] {subprocess.py:93} INFO - [0m08:00:08
[2025-09-08T08:00:08.248+0000] {subprocess.py:93} INFO - [0m08:00:08  1 of 8 START sql view model analytics.stg_AOV .................................. [RUN]
[2025-09-08T08:00:08.252+0000] {subprocess.py:93} INFO - [0m08:00:08  2 of 8 START sql view model analytics.stg_order_count_year ..................... [RUN]
[2025-09-08T08:00:08.253+0000] {subprocess.py:93} INFO - [0m08:00:08  3 of 8 START sql view model analytics.stg_order_details ........................ [RUN]
[2025-09-08T08:00:08.256+0000] {subprocess.py:93} INFO - [0m08:00:08  4 of 8 START sql view model analytics.stg_orders ............................... [RUN]
[2025-09-08T08:00:08.767+0000] {subprocess.py:93} INFO - [0m08:00:08  1 of 8 OK created sql view model analytics.stg_AOV ............................. [[32mCREATE VIEW[0m in 0.51s]
[2025-09-08T08:00:08.789+0000] {subprocess.py:93} INFO - [0m08:00:08  5 of 8 START sql table model analytics.AOV_chek ................................ [RUN]
[2025-09-08T08:00:08.799+0000] {subprocess.py:93} INFO - [0m08:00:08  2 of 8 OK created sql view model analytics.stg_order_count_year ................ [[32mCREATE VIEW[0m in 0.52s]
[2025-09-08T08:00:08.809+0000] {subprocess.py:93} INFO - [0m08:00:08  4 of 8 OK created sql view model analytics.stg_orders .......................... [[32mCREATE VIEW[0m in 0.54s]
[2025-09-08T08:00:08.815+0000] {subprocess.py:93} INFO - [0m08:00:08  3 of 8 OK created sql view model analytics.stg_order_details ................... [[32mCREATE VIEW[0m in 0.55s]
[2025-09-08T08:00:08.826+0000] {subprocess.py:93} INFO - [0m08:00:08  6 of 8 START sql table model analytics.order_count_year ........................ [RUN]
[2025-09-08T08:00:08.827+0000] {subprocess.py:93} INFO - [0m08:00:08  7 of 8 START sql table model analytics.order_count_year+month_diff ............. [RUN]
[2025-09-08T08:00:08.828+0000] {subprocess.py:93} INFO - [0m08:00:08  8 of 8 START sql table model analytics.orders_summary .......................... [RUN]
[2025-09-08T08:00:09.337+0000] {subprocess.py:93} INFO - [0m08:00:09  7 of 8 OK created sql table model analytics.order_count_year+month_diff ........ [[32mSELECT 28[0m in 0.48s]
[2025-09-08T08:00:09.342+0000] {subprocess.py:93} INFO - [0m08:00:09  6 of 8 OK created sql table model analytics.order_count_year ................... [[32mSELECT 4[0m in 0.50s]
[2025-09-08T08:00:09.343+0000] {subprocess.py:93} INFO - [0m08:00:09  5 of 8 OK created sql table model analytics.AOV_chek ........................... [[32mSELECT 50[0m in 0.53s]
[2025-09-08T08:00:09.361+0000] {subprocess.py:93} INFO - [0m08:00:09  8 of 8 OK created sql table model analytics.orders_summary ..................... [[32mSELECT 10000[0m in 0.46s]
[2025-09-08T08:00:09.414+0000] {subprocess.py:93} INFO - [0m08:00:09
[2025-09-08T08:00:09.415+0000] {subprocess.py:93} INFO - [0m08:00:09  Finished running 4 view models, 4 table models in 0 hours 0 minutes and 1.36 seconds (1.36s).
[2025-09-08T08:00:09.458+0000] {subprocess.py:93} INFO - [0m08:00:09
[2025-09-08T08:00:09.460+0000] {subprocess.py:93} INFO - [0m08:00:09  [32mCompleted successfully[0m
[2025-09-08T08:00:09.462+0000] {subprocess.py:93} INFO - [0m08:00:09
[2025-09-08T08:00:09.463+0000] {subprocess.py:93} INFO - [0m08:00:09  Done. PASS=8 WARN=0 ERROR=0 SKIP=0 TOTAL=8
[2025-09-08T08:00:20.022+0000] {subprocess.py:97} INFO - Command exited with return code 0
[2025-09-08T08:00:20.023+0000] {taskinstance.py:441} INFO - ::group::Post task execution logs
[2025-09-08T08:00:20.091+0000] {taskinstance.py:1206} INFO - Marking task as SUCCESS. dag_id=dbt_run_models, task_id=run_dbt_models, run_id=scheduled__2025-09-08T07:00:00+00:00, execution_date=20250908T070000, start_date=20250908T080002, end_date=20250908T080020
[2025-09-08T08:00:20.147+0000] {local_task_job_runner.py:243} INFO - Task exited with return code 0
[2025-09-08T08:00:20.202+0000] {taskinstance.py:3503} INFO - 1 downstream tasks scheduled from follow-on schedule check
[2025-09-08T08:00:20.206+0000] {local_task_job_runner.py:222} INFO - ::endgroup::
