[2025-09-08T15:00:01.630+0000] {local_task_job_runner.py:120} INFO - ::group::Pre task execution logs
[2025-09-08T15:00:01.672+0000] {taskinstance.py:2076} INFO - Dependencies all met for dep_context=non-requeueable deps ti=<TaskInstance: dbt_run_models.run_dbt_models scheduled__2025-09-08T14:00:00+00:00 [queued]>
[2025-09-08T15:00:01.682+0000] {taskinstance.py:2076} INFO - Dependencies all met for dep_context=requeueable deps ti=<TaskInstance: dbt_run_models.run_dbt_models scheduled__2025-09-08T14:00:00+00:00 [queued]>
[2025-09-08T15:00:01.683+0000] {taskinstance.py:2306} INFO - Starting attempt 1 of 2
[2025-09-08T15:00:01.701+0000] {taskinstance.py:2330} INFO - Executing <Task(BashOperator): run_dbt_models> on 2025-09-08 14:00:00+00:00
[2025-09-08T15:00:01.707+0000] {warnings.py:112} WARNING - /home/airflow/.local/lib/python3.12/site-packages/airflow/task/task_runner/standard_task_runner.py:62: DeprecationWarning: This process (pid=2454) is multi-threaded, use of fork() may lead to deadlocks in the child.
  pid = os.fork()

[2025-09-08T15:00:01.709+0000] {standard_task_runner.py:64} INFO - Started process 2455 to run task
[2025-09-08T15:00:01.718+0000] {standard_task_runner.py:90} INFO - Running: ['airflow', 'tasks', 'run', 'dbt_run_models', 'run_dbt_models', 'scheduled__2025-09-08T14:00:00+00:00', '--job-id', '1232', '--raw', '--subdir', 'DAGS_FOLDER/dbt_dag.py', '--cfg-path', '/tmp/tmp6_8o_g7o']
[2025-09-08T15:00:01.720+0000] {standard_task_runner.py:91} INFO - Job 1232: Subtask run_dbt_models
[2025-09-08T15:00:01.753+0000] {warnings.py:112} WARNING - /home/airflow/.local/lib/python3.12/site-packages/airflow/settings.py:195: DeprecationWarning: The sql_alchemy_conn option in [core] has been moved to the sql_alchemy_conn option in [database] - the old setting has been used, but please update your config.
  SQL_ALCHEMY_CONN = conf.get("database", "SQL_ALCHEMY_CONN")

[2025-09-08T15:00:01.849+0000] {task_command.py:426} INFO - Running <TaskInstance: dbt_run_models.run_dbt_models scheduled__2025-09-08T14:00:00+00:00 [running]> on host b5ea13053d47
[2025-09-08T15:00:02.117+0000] {taskinstance.py:2648} INFO - Exporting env vars: AIRFLOW_CTX_DAG_OWNER='airflow' AIRFLOW_CTX_DAG_ID='dbt_run_models' AIRFLOW_CTX_TASK_ID='run_dbt_models' AIRFLOW_CTX_EXECUTION_DATE='2025-09-08T14:00:00+00:00' AIRFLOW_CTX_TRY_NUMBER='1' AIRFLOW_CTX_DAG_RUN_ID='scheduled__2025-09-08T14:00:00+00:00'
[2025-09-08T15:00:02.118+0000] {taskinstance.py:430} INFO - ::endgroup::
[2025-09-08T15:00:02.138+0000] {subprocess.py:63} INFO - Tmp dir root location: /tmp
[2025-09-08T15:00:02.139+0000] {subprocess.py:75} INFO - Running command: ['/usr/bin/bash', '-c', '\n        cd /usr/app &&         dbt run --profiles-dir /usr/app\n        ']
[2025-09-08T15:00:02.164+0000] {subprocess.py:86} INFO - Output:
[2025-09-08T15:00:06.612+0000] {subprocess.py:93} INFO - [0m15:00:06  Running with dbt=1.7.9
[2025-09-08T15:00:06.998+0000] {subprocess.py:93} INFO - [0m15:00:06  Registered adapter: postgres=1.7.9
[2025-09-08T15:00:07.045+0000] {subprocess.py:93} INFO - [0m15:00:07  [[33mWARNING[0m]: Configuration paths exist in your dbt_project.yml file which do not apply to any resources.
[2025-09-08T15:00:07.046+0000] {subprocess.py:93} INFO - There are 1 unused configuration paths:
[2025-09-08T15:00:07.046+0000] {subprocess.py:93} INFO - - models.my_project.sources
[2025-09-08T15:00:07.079+0000] {subprocess.py:93} INFO - [0m15:00:07  Found 8 models, 7 sources, 0 exposures, 0 metrics, 401 macros, 0 groups, 0 semantic models
[2025-09-08T15:00:07.082+0000] {subprocess.py:93} INFO - [0m15:00:07
[2025-09-08T15:00:07.259+0000] {subprocess.py:93} INFO - [0m15:00:07  Concurrency: 4 threads (target='dev')
[2025-09-08T15:00:07.260+0000] {subprocess.py:93} INFO - [0m15:00:07
[2025-09-08T15:00:07.275+0000] {subprocess.py:93} INFO - [0m15:00:07  1 of 8 START sql view model analytics.stg_AOV .................................. [RUN]
[2025-09-08T15:00:07.277+0000] {subprocess.py:93} INFO - [0m15:00:07  2 of 8 START sql view model analytics.stg_order_count_year ..................... [RUN]
[2025-09-08T15:00:07.280+0000] {subprocess.py:93} INFO - [0m15:00:07  4 of 8 START sql view model analytics.stg_orders ............................... [RUN]
[2025-09-08T15:00:07.283+0000] {subprocess.py:93} INFO - [0m15:00:07  3 of 8 START sql view model analytics.stg_order_details ........................ [RUN]
[2025-09-08T15:00:08.057+0000] {subprocess.py:93} INFO - [0m15:00:08  3 of 8 OK created sql view model analytics.stg_order_details ................... [[32mCREATE VIEW[0m in 0.73s]
[2025-09-08T15:00:08.083+0000] {subprocess.py:93} INFO - [0m15:00:08  1 of 8 OK created sql view model analytics.stg_AOV ............................. [[32mCREATE VIEW[0m in 0.79s]
[2025-09-08T15:00:08.093+0000] {subprocess.py:93} INFO - [0m15:00:08  2 of 8 OK created sql view model analytics.stg_order_count_year ................ [[32mCREATE VIEW[0m in 0.79s]
[2025-09-08T15:00:08.107+0000] {subprocess.py:93} INFO - [0m15:00:08  4 of 8 OK created sql view model analytics.stg_orders .......................... [[32mCREATE VIEW[0m in 0.80s]
[2025-09-08T15:00:08.122+0000] {subprocess.py:93} INFO - [0m15:00:08  5 of 8 START sql table model analytics.order_count_year ........................ [RUN]
[2025-09-08T15:00:08.125+0000] {subprocess.py:93} INFO - [0m15:00:08  6 of 8 START sql table model analytics.order_count_year+month_diff ............. [RUN]
[2025-09-08T15:00:08.147+0000] {subprocess.py:93} INFO - [0m15:00:08  7 of 8 START sql table model analytics.AOV_chek ................................ [RUN]
[2025-09-08T15:00:08.162+0000] {subprocess.py:93} INFO - [0m15:00:08  8 of 8 START sql table model analytics.orders_summary .......................... [RUN]
[2025-09-08T15:00:09.498+0000] {subprocess.py:93} INFO - [0m15:00:09  7 of 8 OK created sql table model analytics.AOV_chek ........................... [[32mSELECT 50[0m in 1.34s]
[2025-09-08T15:00:09.505+0000] {subprocess.py:93} INFO - [0m15:00:09  5 of 8 OK created sql table model analytics.order_count_year ................... [[32mSELECT 4[0m in 1.31s]
[2025-09-08T15:00:09.520+0000] {subprocess.py:93} INFO - [0m15:00:09  6 of 8 OK created sql table model analytics.order_count_year+month_diff ........ [[32mSELECT 28[0m in 1.35s]
[2025-09-08T15:00:09.549+0000] {subprocess.py:93} INFO - [0m15:00:09  8 of 8 OK created sql table model analytics.orders_summary ..................... [[32mSELECT 10000[0m in 1.35s]
[2025-09-08T15:00:09.630+0000] {subprocess.py:93} INFO - [0m15:00:09
[2025-09-08T15:00:09.631+0000] {subprocess.py:93} INFO - [0m15:00:09  Finished running 4 view models, 4 table models in 0 hours 0 minutes and 2.55 seconds (2.55s).
[2025-09-08T15:00:09.718+0000] {subprocess.py:93} INFO - [0m15:00:09
[2025-09-08T15:00:09.722+0000] {subprocess.py:93} INFO - [0m15:00:09  [32mCompleted successfully[0m
[2025-09-08T15:00:09.724+0000] {subprocess.py:93} INFO - [0m15:00:09
[2025-09-08T15:00:09.727+0000] {subprocess.py:93} INFO - [0m15:00:09  Done. PASS=8 WARN=0 ERROR=0 SKIP=0 TOTAL=8
[2025-09-08T15:00:20.167+0000] {subprocess.py:97} INFO - Command exited with return code 0
[2025-09-08T15:00:20.168+0000] {taskinstance.py:441} INFO - ::group::Post task execution logs
[2025-09-08T15:00:20.216+0000] {taskinstance.py:1206} INFO - Marking task as SUCCESS. dag_id=dbt_run_models, task_id=run_dbt_models, run_id=scheduled__2025-09-08T14:00:00+00:00, execution_date=20250908T140000, start_date=20250908T150001, end_date=20250908T150020
[2025-09-08T15:00:20.275+0000] {local_task_job_runner.py:243} INFO - Task exited with return code 0
[2025-09-08T15:00:20.313+0000] {taskinstance.py:3503} INFO - 1 downstream tasks scheduled from follow-on schedule check
[2025-09-08T15:00:20.316+0000] {local_task_job_runner.py:222} INFO - ::endgroup::
