[2025-08-28T02:52:08.866+0000] {local_task_job_runner.py:120} INFO - ::group::Pre task execution logs
[2025-08-28T02:52:09.072+0000] {taskinstance.py:2076} INFO - Dependencies all met for dep_context=non-requeueable deps ti=<TaskInstance: daily_generate_orders.generate_new_data manual__2025-08-28T02:52:07.011716+00:00 [queued]>
[2025-08-28T02:52:09.079+0000] {taskinstance.py:2076} INFO - Dependencies all met for dep_context=requeueable deps ti=<TaskInstance: daily_generate_orders.generate_new_data manual__2025-08-28T02:52:07.011716+00:00 [queued]>
[2025-08-28T02:52:09.080+0000] {taskinstance.py:2306} INFO - Starting attempt 1 of 1
[2025-08-28T02:52:09.097+0000] {taskinstance.py:2330} INFO - Executing <Task(PythonOperator): generate_new_data> on 2025-08-28 02:52:07.011716+00:00
[2025-08-28T02:52:09.109+0000] {warnings.py:112} WARNING - /home/airflow/.local/lib/python3.12/site-packages/airflow/task/task_runner/standard_task_runner.py:62: DeprecationWarning: This process (pid=1808) is multi-threaded, use of fork() may lead to deadlocks in the child.
  pid = os.fork()

[2025-08-28T02:52:09.110+0000] {standard_task_runner.py:64} INFO - Started process 1810 to run task
[2025-08-28T02:52:09.113+0000] {standard_task_runner.py:90} INFO - Running: ['airflow', 'tasks', 'run', 'daily_generate_orders', 'generate_new_data', 'manual__2025-08-28T02:52:07.011716+00:00', '--job-id', '758', '--raw', '--subdir', 'DAGS_FOLDER/generate_fake_shop_csv.py', '--cfg-path', '/tmp/tmp9dy5w4at']
[2025-08-28T02:52:09.128+0000] {standard_task_runner.py:91} INFO - Job 758: Subtask generate_new_data
[2025-08-28T02:52:09.160+0000] {warnings.py:112} WARNING - /home/airflow/.local/lib/python3.12/site-packages/airflow/settings.py:195: DeprecationWarning: The sql_alchemy_conn option in [core] has been moved to the sql_alchemy_conn option in [database] - the old setting has been used, but please update your config.
  SQL_ALCHEMY_CONN = conf.get("database", "SQL_ALCHEMY_CONN")

[2025-08-28T02:52:09.227+0000] {task_command.py:426} INFO - Running <TaskInstance: daily_generate_orders.generate_new_data manual__2025-08-28T02:52:07.011716+00:00 [running]> on host b5ea13053d47
[2025-08-28T02:52:09.332+0000] {taskinstance.py:2648} INFO - Exporting env vars: AIRFLOW_CTX_DAG_OWNER='airflow' AIRFLOW_CTX_DAG_ID='daily_generate_orders' AIRFLOW_CTX_TASK_ID='generate_new_data' AIRFLOW_CTX_EXECUTION_DATE='2025-08-28T02:52:07.011716+00:00' AIRFLOW_CTX_TRY_NUMBER='1' AIRFLOW_CTX_DAG_RUN_ID='manual__2025-08-28T02:52:07.011716+00:00'
[2025-08-28T02:52:09.333+0000] {taskinstance.py:430} INFO - ::endgroup::
[2025-08-28T02:52:09.465+0000] {taskinstance.py:441} INFO - ::group::Post task execution logs
[2025-08-28T02:52:09.465+0000] {taskinstance.py:2905} ERROR - Task failed with exception
Traceback (most recent call last):
  File "/home/airflow/.local/lib/python3.12/site-packages/airflow/models/taskinstance.py", line 465, in _execute_task
    result = _execute_callable(context=context, **execute_callable_kwargs)
             ^^^^^^^^^^^^^^^^^^^^^^^^^^^^^^^^^^^^^^^^^^^^^^^^^^^^^^^^^^^^^
  File "/home/airflow/.local/lib/python3.12/site-packages/airflow/models/taskinstance.py", line 432, in _execute_callable
    return execute_callable(context=context, **execute_callable_kwargs)
           ^^^^^^^^^^^^^^^^^^^^^^^^^^^^^^^^^^^^^^^^^^^^^^^^^^^^^^^^^^^^
  File "/home/airflow/.local/lib/python3.12/site-packages/airflow/models/baseoperator.py", line 401, in wrapper
    return func(self, *args, **kwargs)
           ^^^^^^^^^^^^^^^^^^^^^^^^^^^
  File "/home/airflow/.local/lib/python3.12/site-packages/airflow/operators/python.py", line 235, in execute
    return_value = self.execute_callable()
                   ^^^^^^^^^^^^^^^^^^^^^^^
  File "/home/airflow/.local/lib/python3.12/site-packages/airflow/operators/python.py", line 252, in execute_callable
    return self.python_callable(*self.op_args, **self.op_kwargs)
           ^^^^^^^^^^^^^^^^^^^^^^^^^^^^^^^^^^^^^^^^^^^^^^^^^^^^^
  File "/opt/airflow/dags/generate_fake_shop_csv.py", line 68, in generate_new_data
    orders = swap_order_amount_with_last_column(orders)
             ^^^^^^^^^^^^^^^^^^^^^^^^^^^^^^^^^^^^^^^^^^
  File "/opt/airflow/dags/generate_fake_shop_csv.py", line 53, in swap_order_amount_with_last_column
    df.loc[mask, ["order_amount", last_col]] = df.loc[mask, [last_col, "order_amount"]].values
    ~~~~~~^^^^^^^^^^^^^^^^^^^^^^^^^^^^^^^^^^
  File "/home/airflow/.local/lib/python3.12/site-packages/pandas/core/indexing.py", line 885, in __setitem__
    iloc._setitem_with_indexer(indexer, value, self.name)
  File "/home/airflow/.local/lib/python3.12/site-packages/pandas/core/indexing.py", line 1893, in _setitem_with_indexer
    self._setitem_with_indexer_split_path(indexer, value, name)
  File "/home/airflow/.local/lib/python3.12/site-packages/pandas/core/indexing.py", line 1933, in _setitem_with_indexer_split_path
    self._setitem_with_indexer_2d_value(indexer, value)
  File "/home/airflow/.local/lib/python3.12/site-packages/pandas/core/indexing.py", line 1999, in _setitem_with_indexer_2d_value
    raise ValueError(
ValueError: Must have equal len keys and value when setting with an ndarray
[2025-08-28T02:52:09.497+0000] {taskinstance.py:1206} INFO - Marking task as FAILED. dag_id=daily_generate_orders, task_id=generate_new_data, run_id=manual__2025-08-28T02:52:07.011716+00:00, execution_date=20250828T025207, start_date=20250828T025209, end_date=20250828T025209
[2025-08-28T02:52:09.539+0000] {standard_task_runner.py:110} ERROR - Failed to execute job 758 for task generate_new_data (Must have equal len keys and value when setting with an ndarray; 1810)
[2025-08-28T02:52:09.569+0000] {local_task_job_runner.py:243} INFO - Task exited with return code 1
[2025-08-28T02:52:09.586+0000] {taskinstance.py:3503} INFO - 0 downstream tasks scheduled from follow-on schedule check
[2025-08-28T02:52:09.590+0000] {local_task_job_runner.py:222} INFO - ::endgroup::
