[2025-09-04T15:00:00.946+0000] {local_task_job_runner.py:120} INFO - ::group::Pre task execution logs
[2025-09-04T15:00:01.016+0000] {taskinstance.py:2076} INFO - Dependencies all met for dep_context=non-requeueable deps ti=<TaskInstance: dbt_run_models.run_dbt_models scheduled__2025-09-04T14:00:00+00:00 [queued]>
[2025-09-04T15:00:01.040+0000] {taskinstance.py:2076} INFO - Dependencies all met for dep_context=requeueable deps ti=<TaskInstance: dbt_run_models.run_dbt_models scheduled__2025-09-04T14:00:00+00:00 [queued]>
[2025-09-04T15:00:01.041+0000] {taskinstance.py:2306} INFO - Starting attempt 1 of 2
[2025-09-04T15:00:01.071+0000] {taskinstance.py:2330} INFO - Executing <Task(BashOperator): run_dbt_models> on 2025-09-04 14:00:00+00:00
[2025-09-04T15:00:01.084+0000] {standard_task_runner.py:90} INFO - Running: ['airflow', 'tasks', 'run', 'dbt_run_models', 'run_dbt_models', 'scheduled__2025-09-04T14:00:00+00:00', '--job-id', '1010', '--raw', '--subdir', 'DAGS_FOLDER/dbt_dag.py', '--cfg-path', '/tmp/tmppcnaj90b']
[2025-09-04T15:00:01.084+0000] {warnings.py:112} WARNING - /home/airflow/.local/lib/python3.12/site-packages/airflow/task/task_runner/standard_task_runner.py:62: DeprecationWarning: This process (pid=506) is multi-threaded, use of fork() may lead to deadlocks in the child.
  pid = os.fork()

[2025-09-04T15:00:01.085+0000] {standard_task_runner.py:91} INFO - Job 1010: Subtask run_dbt_models
[2025-09-04T15:00:01.086+0000] {standard_task_runner.py:64} INFO - Started process 507 to run task
[2025-09-04T15:00:01.105+0000] {warnings.py:112} WARNING - /home/airflow/.local/lib/python3.12/site-packages/airflow/settings.py:195: DeprecationWarning: The sql_alchemy_conn option in [core] has been moved to the sql_alchemy_conn option in [database] - the old setting has been used, but please update your config.
  SQL_ALCHEMY_CONN = conf.get("database", "SQL_ALCHEMY_CONN")

[2025-09-04T15:00:01.163+0000] {task_command.py:426} INFO - Running <TaskInstance: dbt_run_models.run_dbt_models scheduled__2025-09-04T14:00:00+00:00 [running]> on host b5ea13053d47
[2025-09-04T15:00:01.390+0000] {taskinstance.py:2648} INFO - Exporting env vars: AIRFLOW_CTX_DAG_OWNER='airflow' AIRFLOW_CTX_DAG_ID='dbt_run_models' AIRFLOW_CTX_TASK_ID='run_dbt_models' AIRFLOW_CTX_EXECUTION_DATE='2025-09-04T14:00:00+00:00' AIRFLOW_CTX_TRY_NUMBER='1' AIRFLOW_CTX_DAG_RUN_ID='scheduled__2025-09-04T14:00:00+00:00'
[2025-09-04T15:00:01.392+0000] {taskinstance.py:430} INFO - ::endgroup::
[2025-09-04T15:00:01.432+0000] {subprocess.py:63} INFO - Tmp dir root location: /tmp
[2025-09-04T15:00:01.433+0000] {subprocess.py:75} INFO - Running command: ['/usr/bin/bash', '-c', '\n        cd /usr/app &&         dbt run --profiles-dir /usr/app\n        ']
[2025-09-04T15:00:01.448+0000] {subprocess.py:86} INFO - Output:
[2025-09-04T15:00:07.262+0000] {subprocess.py:93} INFO - [0m15:00:07  Running with dbt=1.7.9
[2025-09-04T15:00:08.213+0000] {subprocess.py:93} INFO - [0m15:00:08  Registered adapter: postgres=1.7.9
[2025-09-04T15:00:08.302+0000] {subprocess.py:93} INFO - [0m15:00:08  [[33mWARNING[0m]: Configuration paths exist in your dbt_project.yml file which do not apply to any resources.
[2025-09-04T15:00:08.302+0000] {subprocess.py:93} INFO - There are 1 unused configuration paths:
[2025-09-04T15:00:08.302+0000] {subprocess.py:93} INFO - - models.my_project.sources
[2025-09-04T15:00:08.345+0000] {subprocess.py:93} INFO - [0m15:00:08  Found 5 models, 7 sources, 0 exposures, 0 metrics, 401 macros, 0 groups, 0 semantic models
[2025-09-04T15:00:08.353+0000] {subprocess.py:93} INFO - [0m15:00:08
[2025-09-04T15:00:08.863+0000] {subprocess.py:93} INFO - [0m15:00:08  Concurrency: 4 threads (target='dev')
[2025-09-04T15:00:08.865+0000] {subprocess.py:93} INFO - [0m15:00:08
[2025-09-04T15:00:08.919+0000] {subprocess.py:93} INFO - [0m15:00:08  1 of 5 START sql view model analytics.stg_order_count_year ..................... [RUN]
[2025-09-04T15:00:08.942+0000] {subprocess.py:93} INFO - [0m15:00:08  2 of 5 START sql view model analytics.stg_order_details ........................ [RUN]
[2025-09-04T15:00:08.958+0000] {subprocess.py:93} INFO - [0m15:00:08  3 of 5 START sql view model analytics.stg_orders ............................... [RUN]
[2025-09-04T15:00:09.799+0000] {subprocess.py:93} INFO - [0m15:00:09  2 of 5 OK created sql view model analytics.stg_order_details ................... [[32mCREATE VIEW[0m in 0.84s]
[2025-09-04T15:00:09.807+0000] {subprocess.py:93} INFO - [0m15:00:09  3 of 5 OK created sql view model analytics.stg_orders .......................... [[32mCREATE VIEW[0m in 0.84s]
[2025-09-04T15:00:09.810+0000] {subprocess.py:93} INFO - [0m15:00:09  1 of 5 OK created sql view model analytics.stg_order_count_year ................ [[32mCREATE VIEW[0m in 0.86s]
[2025-09-04T15:00:09.819+0000] {subprocess.py:93} INFO - [0m15:00:09  4 of 5 START sql table model analytics.order_count_year ........................ [RUN]
[2025-09-04T15:00:09.820+0000] {subprocess.py:93} INFO - [0m15:00:09  5 of 5 START sql table model analytics.orders_summary .......................... [RUN]
[2025-09-04T15:00:10.044+0000] {subprocess.py:93} INFO - [0m15:00:10  4 of 5 OK created sql table model analytics.order_count_year ................... [[32mSELECT 3[0m in 0.22s]
[2025-09-04T15:00:10.073+0000] {subprocess.py:93} INFO - [0m15:00:10  5 of 5 OK created sql table model analytics.orders_summary ..................... [[32mSELECT 10000[0m in 0.24s]
[2025-09-04T15:00:10.100+0000] {subprocess.py:93} INFO - [0m15:00:10
[2025-09-04T15:00:10.102+0000] {subprocess.py:93} INFO - [0m15:00:10  Finished running 3 view models, 2 table models in 0 hours 0 minutes and 1.74 seconds (1.74s).
[2025-09-04T15:00:10.118+0000] {subprocess.py:93} INFO - [0m15:00:10
[2025-09-04T15:00:10.119+0000] {subprocess.py:93} INFO - [0m15:00:10  [32mCompleted successfully[0m
[2025-09-04T15:00:10.119+0000] {subprocess.py:93} INFO - [0m15:00:10
[2025-09-04T15:00:10.120+0000] {subprocess.py:93} INFO - [0m15:00:10  Done. PASS=5 WARN=0 ERROR=0 SKIP=0 TOTAL=5
[2025-09-04T15:00:20.627+0000] {subprocess.py:97} INFO - Command exited with return code 0
[2025-09-04T15:00:20.629+0000] {taskinstance.py:441} INFO - ::group::Post task execution logs
[2025-09-04T15:00:20.707+0000] {taskinstance.py:1206} INFO - Marking task as SUCCESS. dag_id=dbt_run_models, task_id=run_dbt_models, run_id=scheduled__2025-09-04T14:00:00+00:00, execution_date=20250904T140000, start_date=20250904T150001, end_date=20250904T150020
[2025-09-04T15:00:20.770+0000] {local_task_job_runner.py:243} INFO - Task exited with return code 0
[2025-09-04T15:00:20.818+0000] {taskinstance.py:3503} INFO - 1 downstream tasks scheduled from follow-on schedule check
[2025-09-04T15:00:20.823+0000] {local_task_job_runner.py:222} INFO - ::endgroup::
