[2025-09-04T04:00:01.337+0000] {local_task_job_runner.py:120} INFO - ::group::Pre task execution logs
[2025-09-04T04:00:01.399+0000] {taskinstance.py:2076} INFO - Dependencies all met for dep_context=non-requeueable deps ti=<TaskInstance: dbt_run_models.run_dbt_models scheduled__2025-09-04T03:00:00+00:00 [queued]>
[2025-09-04T04:00:01.421+0000] {taskinstance.py:2076} INFO - Dependencies all met for dep_context=requeueable deps ti=<TaskInstance: dbt_run_models.run_dbt_models scheduled__2025-09-04T03:00:00+00:00 [queued]>
[2025-09-04T04:00:01.422+0000] {taskinstance.py:2306} INFO - Starting attempt 1 of 2
[2025-09-04T04:00:01.463+0000] {taskinstance.py:2330} INFO - Executing <Task(BashOperator): run_dbt_models> on 2025-09-04 03:00:00+00:00
[2025-09-04T04:00:01.475+0000] {warnings.py:112} WARNING - /home/airflow/.local/lib/python3.12/site-packages/airflow/task/task_runner/standard_task_runner.py:62: DeprecationWarning: This process (pid=288) is multi-threaded, use of fork() may lead to deadlocks in the child.
  pid = os.fork()

[2025-09-04T04:00:01.477+0000] {standard_task_runner.py:64} INFO - Started process 289 to run task
[2025-09-04T04:00:01.479+0000] {standard_task_runner.py:90} INFO - Running: ['airflow', 'tasks', 'run', 'dbt_run_models', 'run_dbt_models', 'scheduled__2025-09-04T03:00:00+00:00', '--job-id', '985', '--raw', '--subdir', 'DAGS_FOLDER/dbt_dag.py', '--cfg-path', '/tmp/tmp_eksa_nj']
[2025-09-04T04:00:01.481+0000] {standard_task_runner.py:91} INFO - Job 985: Subtask run_dbt_models
[2025-09-04T04:00:01.506+0000] {warnings.py:112} WARNING - /home/airflow/.local/lib/python3.12/site-packages/airflow/settings.py:195: DeprecationWarning: The sql_alchemy_conn option in [core] has been moved to the sql_alchemy_conn option in [database] - the old setting has been used, but please update your config.
  SQL_ALCHEMY_CONN = conf.get("database", "SQL_ALCHEMY_CONN")

[2025-09-04T04:00:01.570+0000] {task_command.py:426} INFO - Running <TaskInstance: dbt_run_models.run_dbt_models scheduled__2025-09-04T03:00:00+00:00 [running]> on host b5ea13053d47
[2025-09-04T04:00:01.875+0000] {taskinstance.py:2648} INFO - Exporting env vars: AIRFLOW_CTX_DAG_OWNER='airflow' AIRFLOW_CTX_DAG_ID='dbt_run_models' AIRFLOW_CTX_TASK_ID='run_dbt_models' AIRFLOW_CTX_EXECUTION_DATE='2025-09-04T03:00:00+00:00' AIRFLOW_CTX_TRY_NUMBER='1' AIRFLOW_CTX_DAG_RUN_ID='scheduled__2025-09-04T03:00:00+00:00'
[2025-09-04T04:00:01.876+0000] {taskinstance.py:430} INFO - ::endgroup::
[2025-09-04T04:00:01.930+0000] {subprocess.py:63} INFO - Tmp dir root location: /tmp
[2025-09-04T04:00:01.931+0000] {subprocess.py:75} INFO - Running command: ['/usr/bin/bash', '-c', '\n        cd /usr/app &&         dbt run --profiles-dir /usr/app\n        ']
[2025-09-04T04:00:01.953+0000] {subprocess.py:86} INFO - Output:
[2025-09-04T04:00:05.781+0000] {subprocess.py:93} INFO - [0m04:00:05  Running with dbt=1.7.9
[2025-09-04T04:00:06.161+0000] {subprocess.py:93} INFO - [0m04:00:06  Registered adapter: postgres=1.7.9
[2025-09-04T04:00:06.206+0000] {subprocess.py:93} INFO - [0m04:00:06  [[33mWARNING[0m]: Configuration paths exist in your dbt_project.yml file which do not apply to any resources.
[2025-09-04T04:00:06.207+0000] {subprocess.py:93} INFO - There are 1 unused configuration paths:
[2025-09-04T04:00:06.208+0000] {subprocess.py:93} INFO - - models.my_project.sources
[2025-09-04T04:00:06.231+0000] {subprocess.py:93} INFO - [0m04:00:06  Found 5 models, 7 sources, 0 exposures, 0 metrics, 401 macros, 0 groups, 0 semantic models
[2025-09-04T04:00:06.234+0000] {subprocess.py:93} INFO - [0m04:00:06
[2025-09-04T04:00:06.540+0000] {subprocess.py:93} INFO - [0m04:00:06  Concurrency: 4 threads (target='dev')
[2025-09-04T04:00:06.540+0000] {subprocess.py:93} INFO - [0m04:00:06
[2025-09-04T04:00:06.572+0000] {subprocess.py:93} INFO - [0m04:00:06  1 of 5 START sql view model analytics.stg_order_count_year ..................... [RUN]
[2025-09-04T04:00:06.576+0000] {subprocess.py:93} INFO - [0m04:00:06  2 of 5 START sql view model analytics.stg_order_details ........................ [RUN]
[2025-09-04T04:00:06.579+0000] {subprocess.py:93} INFO - [0m04:00:06  3 of 5 START sql view model analytics.stg_orders ............................... [RUN]
[2025-09-04T04:00:07.133+0000] {subprocess.py:93} INFO - [0m04:00:07  2 of 5 OK created sql view model analytics.stg_order_details ................... [[32mCREATE VIEW[0m in 0.55s]
[2025-09-04T04:00:07.157+0000] {subprocess.py:93} INFO - [0m04:00:07  3 of 5 OK created sql view model analytics.stg_orders .......................... [[32mCREATE VIEW[0m in 0.57s]
[2025-09-04T04:00:07.163+0000] {subprocess.py:93} INFO - [0m04:00:07  1 of 5 OK created sql view model analytics.stg_order_count_year ................ [[32mCREATE VIEW[0m in 0.58s]
[2025-09-04T04:00:07.174+0000] {subprocess.py:93} INFO - [0m04:00:07  4 of 5 START sql table model analytics.orders_summary .......................... [RUN]
[2025-09-04T04:00:07.178+0000] {subprocess.py:93} INFO - [0m04:00:07  5 of 5 START sql table model analytics.order_count_year ........................ [RUN]
[2025-09-04T04:00:07.562+0000] {subprocess.py:93} INFO - [0m04:00:07  5 of 5 OK created sql table model analytics.order_count_year ................... [[32mSELECT 3[0m in 0.37s]
[2025-09-04T04:00:07.631+0000] {subprocess.py:93} INFO - [0m04:00:07  4 of 5 OK created sql table model analytics.orders_summary ..................... [[32mSELECT 10000[0m in 0.45s]
[2025-09-04T04:00:07.659+0000] {subprocess.py:93} INFO - [0m04:00:07
[2025-09-04T04:00:07.660+0000] {subprocess.py:93} INFO - [0m04:00:07  Finished running 3 view models, 2 table models in 0 hours 0 minutes and 1.42 seconds (1.42s).
[2025-09-04T04:00:07.681+0000] {subprocess.py:93} INFO - [0m04:00:07
[2025-09-04T04:00:07.683+0000] {subprocess.py:93} INFO - [0m04:00:07  [32mCompleted successfully[0m
[2025-09-04T04:00:07.685+0000] {subprocess.py:93} INFO - [0m04:00:07
[2025-09-04T04:00:07.687+0000] {subprocess.py:93} INFO - [0m04:00:07  Done. PASS=5 WARN=0 ERROR=0 SKIP=0 TOTAL=5
[2025-09-04T04:00:18.512+0000] {subprocess.py:97} INFO - Command exited with return code 0
[2025-09-04T04:00:18.513+0000] {taskinstance.py:441} INFO - ::group::Post task execution logs
[2025-09-04T04:00:18.610+0000] {taskinstance.py:1206} INFO - Marking task as SUCCESS. dag_id=dbt_run_models, task_id=run_dbt_models, run_id=scheduled__2025-09-04T03:00:00+00:00, execution_date=20250904T030000, start_date=20250904T040001, end_date=20250904T040018
[2025-09-04T04:00:18.683+0000] {local_task_job_runner.py:243} INFO - Task exited with return code 0
[2025-09-04T04:00:18.746+0000] {taskinstance.py:3503} INFO - 1 downstream tasks scheduled from follow-on schedule check
[2025-09-04T04:00:18.750+0000] {local_task_job_runner.py:222} INFO - ::endgroup::
