[2025-08-29T08:00:01.757+0000] {local_task_job_runner.py:120} INFO - ::group::Pre task execution logs
[2025-08-29T08:00:01.806+0000] {taskinstance.py:2076} INFO - Dependencies all met for dep_context=non-requeueable deps ti=<TaskInstance: import_csv_to_postgres.load_csv_to_postgres scheduled__2025-08-29T00:00:00+00:00 [queued]>
[2025-08-29T08:00:01.817+0000] {taskinstance.py:2076} INFO - Dependencies all met for dep_context=requeueable deps ti=<TaskInstance: import_csv_to_postgres.load_csv_to_postgres scheduled__2025-08-29T00:00:00+00:00 [queued]>
[2025-08-29T08:00:01.818+0000] {taskinstance.py:2306} INFO - Starting attempt 1 of 1
[2025-08-29T08:00:01.844+0000] {taskinstance.py:2330} INFO - Executing <Task(PythonOperator): load_csv_to_postgres> on 2025-08-29 00:00:00+00:00
[2025-08-29T08:00:01.853+0000] {warnings.py:112} WARNING - /home/airflow/.local/lib/python3.12/site-packages/airflow/task/task_runner/standard_task_runner.py:62: DeprecationWarning: This process (pid=2101) is multi-threaded, use of fork() may lead to deadlocks in the child.
  pid = os.fork()

[2025-08-29T08:00:01.854+0000] {standard_task_runner.py:64} INFO - Started process 2103 to run task
[2025-08-29T08:00:01.854+0000] {standard_task_runner.py:90} INFO - Running: ['airflow', 'tasks', 'run', 'import_csv_to_postgres', 'load_csv_to_postgres', 'scheduled__2025-08-29T00:00:00+00:00', '--job-id', '808', '--raw', '--subdir', 'DAGS_FOLDER/csv_to_postgres_dag.py', '--cfg-path', '/tmp/tmpa2m193tl']
[2025-08-29T08:00:01.857+0000] {standard_task_runner.py:91} INFO - Job 808: Subtask load_csv_to_postgres
[2025-08-29T08:00:01.883+0000] {warnings.py:112} WARNING - /home/airflow/.local/lib/python3.12/site-packages/airflow/settings.py:195: DeprecationWarning: The sql_alchemy_conn option in [core] has been moved to the sql_alchemy_conn option in [database] - the old setting has been used, but please update your config.
  SQL_ALCHEMY_CONN = conf.get("database", "SQL_ALCHEMY_CONN")

[2025-08-29T08:00:01.972+0000] {task_command.py:426} INFO - Running <TaskInstance: import_csv_to_postgres.load_csv_to_postgres scheduled__2025-08-29T00:00:00+00:00 [running]> on host b5ea13053d47
[2025-08-29T08:00:02.194+0000] {taskinstance.py:2648} INFO - Exporting env vars: AIRFLOW_CTX_DAG_OWNER='airflow' AIRFLOW_CTX_DAG_ID='import_csv_to_postgres' AIRFLOW_CTX_TASK_ID='load_csv_to_postgres' AIRFLOW_CTX_EXECUTION_DATE='2025-08-29T00:00:00+00:00' AIRFLOW_CTX_TRY_NUMBER='1' AIRFLOW_CTX_DAG_RUN_ID='scheduled__2025-08-29T00:00:00+00:00'
[2025-08-29T08:00:02.195+0000] {taskinstance.py:430} INFO - ::endgroup::
[2025-08-29T08:00:02.242+0000] {base.py:84} INFO - Using connection ID 'postgres_conn' for task execution.
[2025-08-29T08:00:02.365+0000] {logging_mixin.py:188} INFO - ✅ Добавлено 20 новых строк в таблицу shipments
[2025-08-29T08:00:02.430+0000] {logging_mixin.py:188} INFO - ℹ Нет новых строк для customers
[2025-08-29T08:00:02.490+0000] {logging_mixin.py:188} INFO - ✅ Добавлено 20 новых строк в таблицу orders
[2025-08-29T08:00:02.507+0000] {logging_mixin.py:188} INFO - ℹ Нет новых строк для products
[2025-08-29T08:00:02.571+0000] {logging_mixin.py:188} INFO - ✅ Добавлено 37 новых строк в таблицу order_items
[2025-08-29T08:00:02.587+0000] {logging_mixin.py:188} INFO - ℹ Нет новых строк для suppliers
[2025-08-29T08:00:02.960+0000] {logging_mixin.py:188} INFO - ✅ Добавлено 20 новых строк в таблицу payment
[2025-08-29T08:00:04.030+0000] {logging_mixin.py:188} INFO - ℹ Нет новых строк для reviews
[2025-08-29T08:00:04.030+0000] {python.py:237} INFO - Done. Returned value was: None
[2025-08-29T08:00:04.031+0000] {taskinstance.py:441} INFO - ::group::Post task execution logs
[2025-08-29T08:00:04.044+0000] {taskinstance.py:1206} INFO - Marking task as SUCCESS. dag_id=import_csv_to_postgres, task_id=load_csv_to_postgres, run_id=scheduled__2025-08-29T00:00:00+00:00, execution_date=20250829T000000, start_date=20250829T080001, end_date=20250829T080004
[2025-08-29T08:00:04.118+0000] {local_task_job_runner.py:243} INFO - Task exited with return code 0
[2025-08-29T08:00:04.149+0000] {taskinstance.py:3503} INFO - 0 downstream tasks scheduled from follow-on schedule check
[2025-08-29T08:00:04.151+0000] {local_task_job_runner.py:222} INFO - ::endgroup::
