[2025-09-07T14:00:01.950+0000] {local_task_job_runner.py:120} INFO - ::group::Pre task execution logs
[2025-09-07T14:00:02.017+0000] {taskinstance.py:2076} INFO - Dependencies all met for dep_context=non-requeueable deps ti=<TaskInstance: dbt_run_models.run_dbt_models scheduled__2025-09-07T13:00:00+00:00 [queued]>
[2025-09-07T14:00:02.037+0000] {taskinstance.py:2076} INFO - Dependencies all met for dep_context=requeueable deps ti=<TaskInstance: dbt_run_models.run_dbt_models scheduled__2025-09-07T13:00:00+00:00 [queued]>
[2025-09-07T14:00:02.038+0000] {taskinstance.py:2306} INFO - Starting attempt 1 of 2
[2025-09-07T14:00:02.079+0000] {taskinstance.py:2330} INFO - Executing <Task(BashOperator): run_dbt_models> on 2025-09-07 13:00:00+00:00
[2025-09-07T14:00:02.091+0000] {standard_task_runner.py:90} INFO - Running: ['airflow', 'tasks', 'run', 'dbt_run_models', 'run_dbt_models', 'scheduled__2025-09-07T13:00:00+00:00', '--job-id', '1175', '--raw', '--subdir', 'DAGS_FOLDER/dbt_dag.py', '--cfg-path', '/tmp/tmpwe8ehaf9']
[2025-09-07T14:00:02.090+0000] {warnings.py:112} WARNING - /home/airflow/.local/lib/python3.12/site-packages/airflow/task/task_runner/standard_task_runner.py:62: DeprecationWarning: This process (pid=1954) is multi-threaded, use of fork() may lead to deadlocks in the child.
  pid = os.fork()

[2025-09-07T14:00:02.092+0000] {standard_task_runner.py:91} INFO - Job 1175: Subtask run_dbt_models
[2025-09-07T14:00:02.092+0000] {standard_task_runner.py:64} INFO - Started process 1955 to run task
[2025-09-07T14:00:02.113+0000] {warnings.py:112} WARNING - /home/airflow/.local/lib/python3.12/site-packages/airflow/settings.py:195: DeprecationWarning: The sql_alchemy_conn option in [core] has been moved to the sql_alchemy_conn option in [database] - the old setting has been used, but please update your config.
  SQL_ALCHEMY_CONN = conf.get("database", "SQL_ALCHEMY_CONN")

[2025-09-07T14:00:02.158+0000] {task_command.py:426} INFO - Running <TaskInstance: dbt_run_models.run_dbt_models scheduled__2025-09-07T13:00:00+00:00 [running]> on host b5ea13053d47
[2025-09-07T14:00:02.315+0000] {taskinstance.py:2648} INFO - Exporting env vars: AIRFLOW_CTX_DAG_OWNER='airflow' AIRFLOW_CTX_DAG_ID='dbt_run_models' AIRFLOW_CTX_TASK_ID='run_dbt_models' AIRFLOW_CTX_EXECUTION_DATE='2025-09-07T13:00:00+00:00' AIRFLOW_CTX_TRY_NUMBER='1' AIRFLOW_CTX_DAG_RUN_ID='scheduled__2025-09-07T13:00:00+00:00'
[2025-09-07T14:00:02.316+0000] {taskinstance.py:430} INFO - ::endgroup::
[2025-09-07T14:00:02.351+0000] {subprocess.py:63} INFO - Tmp dir root location: /tmp
[2025-09-07T14:00:02.352+0000] {subprocess.py:75} INFO - Running command: ['/usr/bin/bash', '-c', '\n        cd /usr/app &&         dbt run --profiles-dir /usr/app\n        ']
[2025-09-07T14:00:02.371+0000] {subprocess.py:86} INFO - Output:
[2025-09-07T14:00:06.406+0000] {subprocess.py:93} INFO - [0m14:00:06  Running with dbt=1.7.9
[2025-09-07T14:00:06.783+0000] {subprocess.py:93} INFO - [0m14:00:06  Registered adapter: postgres=1.7.9
[2025-09-07T14:00:06.829+0000] {subprocess.py:93} INFO - [0m14:00:06  [[33mWARNING[0m]: Configuration paths exist in your dbt_project.yml file which do not apply to any resources.
[2025-09-07T14:00:06.830+0000] {subprocess.py:93} INFO - There are 1 unused configuration paths:
[2025-09-07T14:00:06.830+0000] {subprocess.py:93} INFO - - models.my_project.sources
[2025-09-07T14:00:06.854+0000] {subprocess.py:93} INFO - [0m14:00:06  Found 7 models, 7 sources, 0 exposures, 0 metrics, 401 macros, 0 groups, 0 semantic models
[2025-09-07T14:00:06.857+0000] {subprocess.py:93} INFO - [0m14:00:06
[2025-09-07T14:00:07.087+0000] {subprocess.py:93} INFO - [0m14:00:07  Concurrency: 4 threads (target='dev')
[2025-09-07T14:00:07.089+0000] {subprocess.py:93} INFO - [0m14:00:07
[2025-09-07T14:00:07.127+0000] {subprocess.py:93} INFO - [0m14:00:07  1 of 7 START sql view model analytics.stg_AOV .................................. [RUN]
[2025-09-07T14:00:07.131+0000] {subprocess.py:93} INFO - [0m14:00:07  2 of 7 START sql view model analytics.stg_order_count_year ..................... [RUN]
[2025-09-07T14:00:07.137+0000] {subprocess.py:93} INFO - [0m14:00:07  3 of 7 START sql view model analytics.stg_order_details ........................ [RUN]
[2025-09-07T14:00:07.139+0000] {subprocess.py:93} INFO - [0m14:00:07  4 of 7 START sql view model analytics.stg_orders ............................... [RUN]
[2025-09-07T14:00:07.837+0000] {subprocess.py:93} INFO - [0m14:00:07  4 of 7 OK created sql view model analytics.stg_orders .......................... [[32mCREATE VIEW[0m in 0.69s]
[2025-09-07T14:00:07.850+0000] {subprocess.py:93} INFO - [0m14:00:07  3 of 7 OK created sql view model analytics.stg_order_details ................... [[32mCREATE VIEW[0m in 0.70s]
[2025-09-07T14:00:07.864+0000] {subprocess.py:93} INFO - [0m14:00:07  2 of 7 OK created sql view model analytics.stg_order_count_year ................ [[32mCREATE VIEW[0m in 0.71s]
[2025-09-07T14:00:07.872+0000] {subprocess.py:93} INFO - [0m14:00:07  5 of 7 START sql table model analytics.orders_summary .......................... [RUN]
[2025-09-07T14:00:07.877+0000] {subprocess.py:93} INFO - [0m14:00:07  1 of 7 OK created sql view model analytics.stg_AOV ............................. [[32mCREATE VIEW[0m in 0.73s]
[2025-09-07T14:00:07.888+0000] {subprocess.py:93} INFO - [0m14:00:07  6 of 7 START sql table model analytics.order_count_year ........................ [RUN]
[2025-09-07T14:00:07.901+0000] {subprocess.py:93} INFO - [0m14:00:07  7 of 7 START sql table model analytics.AOV_chek ................................ [RUN]
[2025-09-07T14:00:08.360+0000] {subprocess.py:93} INFO - [0m14:00:08  5 of 7 OK created sql table model analytics.orders_summary ..................... [[32mSELECT 10000[0m in 0.48s]
[2025-09-07T14:00:08.367+0000] {subprocess.py:93} INFO - [0m14:00:08  7 of 7 OK created sql table model analytics.AOV_chek ........................... [[32mSELECT 50[0m in 0.46s]
[2025-09-07T14:00:08.371+0000] {subprocess.py:93} INFO - [0m14:00:08  6 of 7 OK created sql table model analytics.order_count_year ................... [[32mSELECT 4[0m in 0.47s]
[2025-09-07T14:00:08.397+0000] {subprocess.py:93} INFO - [0m14:00:08
[2025-09-07T14:00:08.398+0000] {subprocess.py:93} INFO - [0m14:00:08  Finished running 4 view models, 3 table models in 0 hours 0 minutes and 1.54 seconds (1.54s).
[2025-09-07T14:00:08.413+0000] {subprocess.py:93} INFO - [0m14:00:08
[2025-09-07T14:00:08.414+0000] {subprocess.py:93} INFO - [0m14:00:08  [32mCompleted successfully[0m
[2025-09-07T14:00:08.415+0000] {subprocess.py:93} INFO - [0m14:00:08
[2025-09-07T14:00:08.415+0000] {subprocess.py:93} INFO - [0m14:00:08  Done. PASS=7 WARN=0 ERROR=0 SKIP=0 TOTAL=7
[2025-09-07T14:00:18.936+0000] {subprocess.py:97} INFO - Command exited with return code 0
[2025-09-07T14:00:18.937+0000] {taskinstance.py:441} INFO - ::group::Post task execution logs
[2025-09-07T14:00:19.003+0000] {taskinstance.py:1206} INFO - Marking task as SUCCESS. dag_id=dbt_run_models, task_id=run_dbt_models, run_id=scheduled__2025-09-07T13:00:00+00:00, execution_date=20250907T130000, start_date=20250907T140002, end_date=20250907T140019
[2025-09-07T14:00:19.086+0000] {local_task_job_runner.py:243} INFO - Task exited with return code 0
[2025-09-07T14:00:19.138+0000] {taskinstance.py:3503} INFO - 1 downstream tasks scheduled from follow-on schedule check
[2025-09-07T14:00:19.141+0000] {local_task_job_runner.py:222} INFO - ::endgroup::
