[2025-09-08T23:00:01.020+0000] {local_task_job_runner.py:120} INFO - ::group::Pre task execution logs
[2025-09-08T23:00:01.059+0000] {taskinstance.py:2076} INFO - Dependencies all met for dep_context=non-requeueable deps ti=<TaskInstance: dbt_run_models.run_dbt_models scheduled__2025-09-08T22:00:00+00:00 [queued]>
[2025-09-08T23:00:01.082+0000] {taskinstance.py:2076} INFO - Dependencies all met for dep_context=requeueable deps ti=<TaskInstance: dbt_run_models.run_dbt_models scheduled__2025-09-08T22:00:00+00:00 [queued]>
[2025-09-08T23:00:01.083+0000] {taskinstance.py:2306} INFO - Starting attempt 1 of 2
[2025-09-08T23:00:01.122+0000] {taskinstance.py:2330} INFO - Executing <Task(BashOperator): run_dbt_models> on 2025-09-08 22:00:00+00:00
[2025-09-08T23:00:01.134+0000] {standard_task_runner.py:90} INFO - Running: ['airflow', 'tasks', 'run', 'dbt_run_models', 'run_dbt_models', 'scheduled__2025-09-08T22:00:00+00:00', '--job-id', '1250', '--raw', '--subdir', 'DAGS_FOLDER/dbt_dag.py', '--cfg-path', '/tmp/tmpvzl5kmn0']
[2025-09-08T23:00:01.134+0000] {warnings.py:112} WARNING - /home/airflow/.local/lib/python3.12/site-packages/airflow/task/task_runner/standard_task_runner.py:62: DeprecationWarning: This process (pid=2612) is multi-threaded, use of fork() may lead to deadlocks in the child.
  pid = os.fork()

[2025-09-08T23:00:01.135+0000] {standard_task_runner.py:91} INFO - Job 1250: Subtask run_dbt_models
[2025-09-08T23:00:01.136+0000] {standard_task_runner.py:64} INFO - Started process 2613 to run task
[2025-09-08T23:00:01.158+0000] {warnings.py:112} WARNING - /home/airflow/.local/lib/python3.12/site-packages/airflow/settings.py:195: DeprecationWarning: The sql_alchemy_conn option in [core] has been moved to the sql_alchemy_conn option in [database] - the old setting has been used, but please update your config.
  SQL_ALCHEMY_CONN = conf.get("database", "SQL_ALCHEMY_CONN")

[2025-09-08T23:00:01.238+0000] {task_command.py:426} INFO - Running <TaskInstance: dbt_run_models.run_dbt_models scheduled__2025-09-08T22:00:00+00:00 [running]> on host b5ea13053d47
[2025-09-08T23:00:01.425+0000] {taskinstance.py:2648} INFO - Exporting env vars: AIRFLOW_CTX_DAG_OWNER='airflow' AIRFLOW_CTX_DAG_ID='dbt_run_models' AIRFLOW_CTX_TASK_ID='run_dbt_models' AIRFLOW_CTX_EXECUTION_DATE='2025-09-08T22:00:00+00:00' AIRFLOW_CTX_TRY_NUMBER='1' AIRFLOW_CTX_DAG_RUN_ID='scheduled__2025-09-08T22:00:00+00:00'
[2025-09-08T23:00:01.426+0000] {taskinstance.py:430} INFO - ::endgroup::
[2025-09-08T23:00:01.475+0000] {subprocess.py:63} INFO - Tmp dir root location: /tmp
[2025-09-08T23:00:01.477+0000] {subprocess.py:75} INFO - Running command: ['/usr/bin/bash', '-c', '\n        cd /usr/app &&         dbt run --profiles-dir /usr/app\n        ']
[2025-09-08T23:00:01.499+0000] {subprocess.py:86} INFO - Output:
[2025-09-08T23:00:05.922+0000] {subprocess.py:93} INFO - [0m23:00:05  Running with dbt=1.7.9
[2025-09-08T23:00:06.342+0000] {subprocess.py:93} INFO - [0m23:00:06  Registered adapter: postgres=1.7.9
[2025-09-08T23:00:06.388+0000] {subprocess.py:93} INFO - [0m23:00:06  [[33mWARNING[0m]: Configuration paths exist in your dbt_project.yml file which do not apply to any resources.
[2025-09-08T23:00:06.388+0000] {subprocess.py:93} INFO - There are 1 unused configuration paths:
[2025-09-08T23:00:06.389+0000] {subprocess.py:93} INFO - - models.my_project.sources
[2025-09-08T23:00:06.412+0000] {subprocess.py:93} INFO - [0m23:00:06  Found 8 models, 7 sources, 0 exposures, 0 metrics, 401 macros, 0 groups, 0 semantic models
[2025-09-08T23:00:06.416+0000] {subprocess.py:93} INFO - [0m23:00:06
[2025-09-08T23:00:06.579+0000] {subprocess.py:93} INFO - [0m23:00:06  Concurrency: 4 threads (target='dev')
[2025-09-08T23:00:06.580+0000] {subprocess.py:93} INFO - [0m23:00:06
[2025-09-08T23:00:06.603+0000] {subprocess.py:93} INFO - [0m23:00:06  1 of 8 START sql view model analytics.stg_AOV .................................. [RUN]
[2025-09-08T23:00:06.616+0000] {subprocess.py:93} INFO - [0m23:00:06  2 of 8 START sql view model analytics.stg_order_count_year ..................... [RUN]
[2025-09-08T23:00:06.617+0000] {subprocess.py:93} INFO - [0m23:00:06  4 of 8 START sql view model analytics.stg_orders ............................... [RUN]
[2025-09-08T23:00:06.617+0000] {subprocess.py:93} INFO - [0m23:00:06  3 of 8 START sql view model analytics.stg_order_details ........................ [RUN]
[2025-09-08T23:00:07.352+0000] {subprocess.py:93} INFO - [0m23:00:07  4 of 8 OK created sql view model analytics.stg_orders .......................... [[32mCREATE VIEW[0m in 0.70s]
[2025-09-08T23:00:07.377+0000] {subprocess.py:93} INFO - [0m23:00:07  2 of 8 OK created sql view model analytics.stg_order_count_year ................ [[32mCREATE VIEW[0m in 0.75s]
[2025-09-08T23:00:07.389+0000] {subprocess.py:93} INFO - [0m23:00:07  1 of 8 OK created sql view model analytics.stg_AOV ............................. [[32mCREATE VIEW[0m in 0.74s]
[2025-09-08T23:00:07.391+0000] {subprocess.py:93} INFO - [0m23:00:07  3 of 8 OK created sql view model analytics.stg_order_details ................... [[32mCREATE VIEW[0m in 0.76s]
[2025-09-08T23:00:07.403+0000] {subprocess.py:93} INFO - [0m23:00:07  5 of 8 START sql table model analytics.order_count_year ........................ [RUN]
[2025-09-08T23:00:07.413+0000] {subprocess.py:93} INFO - [0m23:00:07  6 of 8 START sql table model analytics.order_count_year+month_diff ............. [RUN]
[2025-09-08T23:00:07.415+0000] {subprocess.py:93} INFO - [0m23:00:07  7 of 8 START sql table model analytics.AOV_chek ................................ [RUN]
[2025-09-08T23:00:07.419+0000] {subprocess.py:93} INFO - [0m23:00:07  8 of 8 START sql table model analytics.orders_summary .......................... [RUN]
[2025-09-08T23:00:07.942+0000] {subprocess.py:93} INFO - [0m23:00:07  5 of 8 OK created sql table model analytics.order_count_year ................... [[32mSELECT 4[0m in 0.52s]
[2025-09-08T23:00:07.983+0000] {subprocess.py:93} INFO - [0m23:00:07  6 of 8 OK created sql table model analytics.order_count_year+month_diff ........ [[32mSELECT 28[0m in 0.55s]
[2025-09-08T23:00:08.002+0000] {subprocess.py:93} INFO - [0m23:00:08  7 of 8 OK created sql table model analytics.AOV_chek ........................... [[32mSELECT 50[0m in 0.57s]
[2025-09-08T23:00:08.006+0000] {subprocess.py:93} INFO - [0m23:00:08  8 of 8 OK created sql table model analytics.orders_summary ..................... [[32mSELECT 10000[0m in 0.57s]
[2025-09-08T23:00:08.053+0000] {subprocess.py:93} INFO - [0m23:00:08
[2025-09-08T23:00:08.055+0000] {subprocess.py:93} INFO - [0m23:00:08  Finished running 4 view models, 4 table models in 0 hours 0 minutes and 1.64 seconds (1.64s).
[2025-09-08T23:00:08.103+0000] {subprocess.py:93} INFO - [0m23:00:08
[2025-09-08T23:00:08.105+0000] {subprocess.py:93} INFO - [0m23:00:08  [32mCompleted successfully[0m
[2025-09-08T23:00:08.107+0000] {subprocess.py:93} INFO - [0m23:00:08
[2025-09-08T23:00:08.109+0000] {subprocess.py:93} INFO - [0m23:00:08  Done. PASS=8 WARN=0 ERROR=0 SKIP=0 TOTAL=8
[2025-09-08T23:00:18.653+0000] {subprocess.py:97} INFO - Command exited with return code 0
[2025-09-08T23:00:18.654+0000] {taskinstance.py:441} INFO - ::group::Post task execution logs
[2025-09-08T23:00:18.692+0000] {taskinstance.py:1206} INFO - Marking task as SUCCESS. dag_id=dbt_run_models, task_id=run_dbt_models, run_id=scheduled__2025-09-08T22:00:00+00:00, execution_date=20250908T220000, start_date=20250908T230001, end_date=20250908T230018
[2025-09-08T23:00:18.729+0000] {local_task_job_runner.py:243} INFO - Task exited with return code 0
[2025-09-08T23:00:18.782+0000] {taskinstance.py:3503} INFO - 1 downstream tasks scheduled from follow-on schedule check
[2025-09-08T23:00:18.786+0000] {local_task_job_runner.py:222} INFO - ::endgroup::
