[2025-09-04T17:00:01.641+0000] {local_task_job_runner.py:120} INFO - ::group::Pre task execution logs
[2025-09-04T17:00:01.687+0000] {taskinstance.py:2076} INFO - Dependencies all met for dep_context=non-requeueable deps ti=<TaskInstance: dbt_run_models.run_dbt_models scheduled__2025-09-04T16:00:00+00:00 [queued]>
[2025-09-04T17:00:01.710+0000] {taskinstance.py:2076} INFO - Dependencies all met for dep_context=requeueable deps ti=<TaskInstance: dbt_run_models.run_dbt_models scheduled__2025-09-04T16:00:00+00:00 [queued]>
[2025-09-04T17:00:01.711+0000] {taskinstance.py:2306} INFO - Starting attempt 1 of 2
[2025-09-04T17:00:01.755+0000] {taskinstance.py:2330} INFO - Executing <Task(BashOperator): run_dbt_models> on 2025-09-04 16:00:00+00:00
[2025-09-04T17:00:01.769+0000] {standard_task_runner.py:90} INFO - Running: ['airflow', 'tasks', 'run', 'dbt_run_models', 'run_dbt_models', 'scheduled__2025-09-04T16:00:00+00:00', '--job-id', '1017', '--raw', '--subdir', 'DAGS_FOLDER/dbt_dag.py', '--cfg-path', '/tmp/tmp4unxjrx4']
[2025-09-04T17:00:01.771+0000] {warnings.py:112} WARNING - /home/airflow/.local/lib/python3.12/site-packages/airflow/task/task_runner/standard_task_runner.py:62: DeprecationWarning: This process (pid=583) is multi-threaded, use of fork() may lead to deadlocks in the child.
  pid = os.fork()

[2025-09-04T17:00:01.772+0000] {standard_task_runner.py:91} INFO - Job 1017: Subtask run_dbt_models
[2025-09-04T17:00:01.773+0000] {standard_task_runner.py:64} INFO - Started process 584 to run task
[2025-09-04T17:00:01.795+0000] {warnings.py:112} WARNING - /home/airflow/.local/lib/python3.12/site-packages/airflow/settings.py:195: DeprecationWarning: The sql_alchemy_conn option in [core] has been moved to the sql_alchemy_conn option in [database] - the old setting has been used, but please update your config.
  SQL_ALCHEMY_CONN = conf.get("database", "SQL_ALCHEMY_CONN")

[2025-09-04T17:00:01.873+0000] {task_command.py:426} INFO - Running <TaskInstance: dbt_run_models.run_dbt_models scheduled__2025-09-04T16:00:00+00:00 [running]> on host b5ea13053d47
[2025-09-04T17:00:02.144+0000] {taskinstance.py:2648} INFO - Exporting env vars: AIRFLOW_CTX_DAG_OWNER='airflow' AIRFLOW_CTX_DAG_ID='dbt_run_models' AIRFLOW_CTX_TASK_ID='run_dbt_models' AIRFLOW_CTX_EXECUTION_DATE='2025-09-04T16:00:00+00:00' AIRFLOW_CTX_TRY_NUMBER='1' AIRFLOW_CTX_DAG_RUN_ID='scheduled__2025-09-04T16:00:00+00:00'
[2025-09-04T17:00:02.147+0000] {taskinstance.py:430} INFO - ::endgroup::
[2025-09-04T17:00:02.189+0000] {subprocess.py:63} INFO - Tmp dir root location: /tmp
[2025-09-04T17:00:02.191+0000] {subprocess.py:75} INFO - Running command: ['/usr/bin/bash', '-c', '\n        cd /usr/app &&         dbt run --profiles-dir /usr/app\n        ']
[2025-09-04T17:00:02.208+0000] {subprocess.py:86} INFO - Output:
[2025-09-04T17:00:06.214+0000] {subprocess.py:93} INFO - [0m17:00:06  Running with dbt=1.7.9
[2025-09-04T17:00:06.617+0000] {subprocess.py:93} INFO - [0m17:00:06  Registered adapter: postgres=1.7.9
[2025-09-04T17:00:06.667+0000] {subprocess.py:93} INFO - [0m17:00:06  [[33mWARNING[0m]: Configuration paths exist in your dbt_project.yml file which do not apply to any resources.
[2025-09-04T17:00:06.668+0000] {subprocess.py:93} INFO - There are 1 unused configuration paths:
[2025-09-04T17:00:06.668+0000] {subprocess.py:93} INFO - - models.my_project.sources
[2025-09-04T17:00:06.694+0000] {subprocess.py:93} INFO - [0m17:00:06  Found 7 models, 7 sources, 0 exposures, 0 metrics, 401 macros, 0 groups, 0 semantic models
[2025-09-04T17:00:06.698+0000] {subprocess.py:93} INFO - [0m17:00:06
[2025-09-04T17:00:06.948+0000] {subprocess.py:93} INFO - [0m17:00:06  Concurrency: 4 threads (target='dev')
[2025-09-04T17:00:06.950+0000] {subprocess.py:93} INFO - [0m17:00:06
[2025-09-04T17:00:06.990+0000] {subprocess.py:93} INFO - [0m17:00:06  1 of 7 START sql view model analytics.stg_AOV .................................. [RUN]
[2025-09-04T17:00:06.995+0000] {subprocess.py:93} INFO - [0m17:00:06  2 of 7 START sql view model analytics.stg_order_count_year ..................... [RUN]
[2025-09-04T17:00:06.996+0000] {subprocess.py:93} INFO - [0m17:00:06  3 of 7 START sql view model analytics.stg_order_details ........................ [RUN]
[2025-09-04T17:00:07.001+0000] {subprocess.py:93} INFO - [0m17:00:07  4 of 7 START sql view model analytics.stg_orders ............................... [RUN]
[2025-09-04T17:00:07.818+0000] {subprocess.py:93} INFO - [0m17:00:07  4 of 7 OK created sql view model analytics.stg_orders .......................... [[32mCREATE VIEW[0m in 0.78s]
[2025-09-04T17:00:07.839+0000] {subprocess.py:93} INFO - [0m17:00:07  1 of 7 OK created sql view model analytics.stg_AOV ............................. [[32mCREATE VIEW[0m in 0.84s]
[2025-09-04T17:00:07.868+0000] {subprocess.py:93} INFO - [0m17:00:07  5 of 7 START sql table model analytics.AOV_chek ................................ [RUN]
[2025-09-04T17:00:07.869+0000] {subprocess.py:93} INFO - [0m17:00:07  2 of 7 OK created sql view model analytics.stg_order_count_year ................ [[32mCREATE VIEW[0m in 0.86s]
[2025-09-04T17:00:07.870+0000] {subprocess.py:93} INFO - [0m17:00:07  3 of 7 OK created sql view model analytics.stg_order_details ................... [[32mCREATE VIEW[0m in 0.86s]
[2025-09-04T17:00:07.898+0000] {subprocess.py:93} INFO - [0m17:00:07  6 of 7 START sql table model analytics.order_count_year ........................ [RUN]
[2025-09-04T17:00:07.904+0000] {subprocess.py:93} INFO - [0m17:00:07  7 of 7 START sql table model analytics.orders_summary .......................... [RUN]
[2025-09-04T17:00:08.396+0000] {subprocess.py:93} INFO - [0m17:00:08  6 of 7 OK created sql table model analytics.order_count_year ................... [[32mSELECT 3[0m in 0.48s]
[2025-09-04T17:00:08.428+0000] {subprocess.py:93} INFO - [0m17:00:08  7 of 7 OK created sql table model analytics.orders_summary ..................... [[32mSELECT 10000[0m in 0.51s]
[2025-09-04T17:00:08.430+0000] {subprocess.py:93} INFO - [0m17:00:08  5 of 7 OK created sql table model analytics.AOV_chek ........................... [[32mSELECT 50[0m in 0.55s]
[2025-09-04T17:00:08.475+0000] {subprocess.py:93} INFO - [0m17:00:08
[2025-09-04T17:00:08.478+0000] {subprocess.py:93} INFO - [0m17:00:08  Finished running 4 view models, 3 table models in 0 hours 0 minutes and 1.78 seconds (1.78s).
[2025-09-04T17:00:08.500+0000] {subprocess.py:93} INFO - [0m17:00:08
[2025-09-04T17:00:08.501+0000] {subprocess.py:93} INFO - [0m17:00:08  [32mCompleted successfully[0m
[2025-09-04T17:00:08.502+0000] {subprocess.py:93} INFO - [0m17:00:08
[2025-09-04T17:00:08.503+0000] {subprocess.py:93} INFO - [0m17:00:08  Done. PASS=7 WARN=0 ERROR=0 SKIP=0 TOTAL=7
[2025-09-04T17:00:19.073+0000] {subprocess.py:97} INFO - Command exited with return code 0
[2025-09-04T17:00:19.074+0000] {taskinstance.py:441} INFO - ::group::Post task execution logs
[2025-09-04T17:00:19.133+0000] {taskinstance.py:1206} INFO - Marking task as SUCCESS. dag_id=dbt_run_models, task_id=run_dbt_models, run_id=scheduled__2025-09-04T16:00:00+00:00, execution_date=20250904T160000, start_date=20250904T170001, end_date=20250904T170019
[2025-09-04T17:00:19.216+0000] {local_task_job_runner.py:243} INFO - Task exited with return code 0
[2025-09-04T17:00:19.270+0000] {taskinstance.py:3503} INFO - 1 downstream tasks scheduled from follow-on schedule check
[2025-09-04T17:00:19.273+0000] {local_task_job_runner.py:222} INFO - ::endgroup::
