[2025-09-10T02:05:20.076+0000] {local_task_job_runner.py:120} INFO - ::group::Pre task execution logs
[2025-09-10T02:05:20.121+0000] {taskinstance.py:2076} INFO - Dependencies all met for dep_context=non-requeueable deps ti=<TaskInstance: dbt_run_models.run_dbt_models scheduled__2025-09-10T01:00:00+00:00 [queued]>
[2025-09-10T02:05:20.151+0000] {taskinstance.py:2076} INFO - Dependencies all met for dep_context=requeueable deps ti=<TaskInstance: dbt_run_models.run_dbt_models scheduled__2025-09-10T01:00:00+00:00 [queued]>
[2025-09-10T02:05:20.152+0000] {taskinstance.py:2306} INFO - Starting attempt 2 of 2
[2025-09-10T02:05:20.193+0000] {taskinstance.py:2330} INFO - Executing <Task(BashOperator): run_dbt_models> on 2025-09-10 01:00:00+00:00
[2025-09-10T02:05:20.205+0000] {warnings.py:112} WARNING - /home/airflow/.local/lib/python3.12/site-packages/airflow/task/task_runner/standard_task_runner.py:62: DeprecationWarning: This process (pid=3251) is multi-threaded, use of fork() may lead to deadlocks in the child.
  pid = os.fork()

[2025-09-10T02:05:20.207+0000] {standard_task_runner.py:64} INFO - Started process 3252 to run task
[2025-09-10T02:05:20.207+0000] {standard_task_runner.py:90} INFO - Running: ['airflow', 'tasks', 'run', 'dbt_run_models', 'run_dbt_models', 'scheduled__2025-09-10T01:00:00+00:00', '--job-id', '1314', '--raw', '--subdir', 'DAGS_FOLDER/dbt_dag.py', '--cfg-path', '/tmp/tmpjvk8ya4r']
[2025-09-10T02:05:20.208+0000] {standard_task_runner.py:91} INFO - Job 1314: Subtask run_dbt_models
[2025-09-10T02:05:20.226+0000] {warnings.py:112} WARNING - /home/airflow/.local/lib/python3.12/site-packages/airflow/settings.py:195: DeprecationWarning: The sql_alchemy_conn option in [core] has been moved to the sql_alchemy_conn option in [database] - the old setting has been used, but please update your config.
  SQL_ALCHEMY_CONN = conf.get("database", "SQL_ALCHEMY_CONN")

[2025-09-10T02:05:20.278+0000] {task_command.py:426} INFO - Running <TaskInstance: dbt_run_models.run_dbt_models scheduled__2025-09-10T01:00:00+00:00 [running]> on host b5ea13053d47
[2025-09-10T02:05:20.448+0000] {taskinstance.py:2648} INFO - Exporting env vars: AIRFLOW_CTX_DAG_OWNER='airflow' AIRFLOW_CTX_DAG_ID='dbt_run_models' AIRFLOW_CTX_TASK_ID='run_dbt_models' AIRFLOW_CTX_EXECUTION_DATE='2025-09-10T01:00:00+00:00' AIRFLOW_CTX_TRY_NUMBER='2' AIRFLOW_CTX_DAG_RUN_ID='scheduled__2025-09-10T01:00:00+00:00'
[2025-09-10T02:05:20.449+0000] {taskinstance.py:430} INFO - ::endgroup::
[2025-09-10T02:05:20.464+0000] {subprocess.py:63} INFO - Tmp dir root location: /tmp
[2025-09-10T02:05:20.465+0000] {subprocess.py:75} INFO - Running command: ['/usr/bin/bash', '-c', '\n        cd /usr/app &&         dbt run --profiles-dir /usr/app\n        ']
[2025-09-10T02:05:20.477+0000] {subprocess.py:86} INFO - Output:
[2025-09-10T02:05:26.492+0000] {subprocess.py:93} INFO - [0m02:05:26  Running with dbt=1.7.9
[2025-09-10T02:05:27.713+0000] {subprocess.py:93} INFO - [0m02:05:27  Registered adapter: postgres=1.7.9
[2025-09-10T02:05:27.822+0000] {subprocess.py:93} INFO - [0m02:05:27  [[33mWARNING[0m]: Configuration paths exist in your dbt_project.yml file which do not apply to any resources.
[2025-09-10T02:05:27.823+0000] {subprocess.py:93} INFO - There are 1 unused configuration paths:
[2025-09-10T02:05:27.824+0000] {subprocess.py:93} INFO - - models.my_project.sources
[2025-09-10T02:05:27.877+0000] {subprocess.py:93} INFO - [0m02:05:27  Found 15 models, 7 sources, 0 exposures, 0 metrics, 401 macros, 0 groups, 0 semantic models
[2025-09-10T02:05:27.886+0000] {subprocess.py:93} INFO - [0m02:05:27
[2025-09-10T02:05:28.493+0000] {subprocess.py:93} INFO - [0m02:05:28  Concurrency: 4 threads (target='dev')
[2025-09-10T02:05:28.495+0000] {subprocess.py:93} INFO - [0m02:05:28
[2025-09-10T02:05:28.568+0000] {subprocess.py:93} INFO - [0m02:05:28  1 of 15 START sql view model analytics.stg_AOV ................................. [RUN]
[2025-09-10T02:05:28.570+0000] {subprocess.py:93} INFO - [0m02:05:28  2 of 15 START sql view model analytics.stg_order_count_year .................... [RUN]
[2025-09-10T02:05:28.574+0000] {subprocess.py:93} INFO - [0m02:05:28  3 of 15 START sql view model analytics.stg_order_details ....................... [RUN]
[2025-09-10T02:05:28.579+0000] {subprocess.py:93} INFO - [0m02:05:28  4 of 15 START sql view model analytics.stg_order_items ......................... [RUN]
[2025-09-10T02:05:29.826+0000] {subprocess.py:93} INFO - [0m02:05:29  3 of 15 OK created sql view model analytics.stg_order_details .................. [[32mCREATE VIEW[0m in 1.22s]
[2025-09-10T02:05:29.845+0000] {subprocess.py:93} INFO - [0m02:05:29  1 of 15 OK created sql view model analytics.stg_AOV ............................ [[32mCREATE VIEW[0m in 1.26s]
[2025-09-10T02:05:29.850+0000] {subprocess.py:93} INFO - [0m02:05:29  5 of 15 START sql view model analytics.stg_orders .............................. [RUN]
[2025-09-10T02:05:29.874+0000] {subprocess.py:93} INFO - [0m02:05:29  2 of 15 OK created sql view model analytics.stg_order_count_year ............... [[32mCREATE VIEW[0m in 1.27s]
[2025-09-10T02:05:29.880+0000] {subprocess.py:93} INFO - [0m02:05:29  4 of 15 OK created sql view model analytics.stg_order_items .................... [[32mCREATE VIEW[0m in 1.28s]
[2025-09-10T02:05:29.892+0000] {subprocess.py:93} INFO - [0m02:05:29  6 of 15 START sql view model analytics.stg_payments ............................ [RUN]
[2025-09-10T02:05:29.900+0000] {subprocess.py:93} INFO - [0m02:05:29  7 of 15 START sql view model analytics.stg_products ............................ [RUN]
[2025-09-10T02:05:29.907+0000] {subprocess.py:93} INFO - [0m02:05:29  8 of 15 START sql table model analytics.AOV_chek ............................... [RUN]
[2025-09-10T02:05:30.482+0000] {subprocess.py:93} INFO - [0m02:05:30  5 of 15 OK created sql view model analytics.stg_orders ......................... [[32mCREATE VIEW[0m in 0.60s]
[2025-09-10T02:05:30.496+0000] {subprocess.py:93} INFO - [0m02:05:30  9 of 15 START sql table model analytics.order_count_year ....................... [RUN]
[2025-09-10T02:05:30.543+0000] {subprocess.py:93} INFO - [0m02:05:30  7 of 15 OK created sql view model analytics.stg_products ....................... [[32mCREATE VIEW[0m in 0.64s]
[2025-09-10T02:05:30.550+0000] {subprocess.py:93} INFO - [0m02:05:30  6 of 15 OK created sql view model analytics.stg_payments ....................... [[32mCREATE VIEW[0m in 0.64s]
[2025-09-10T02:05:30.553+0000] {subprocess.py:93} INFO - [0m02:05:30  8 of 15 OK created sql table model analytics.AOV_chek .......................... [[32mSELECT 50[0m in 0.63s]
[2025-09-10T02:05:30.565+0000] {subprocess.py:93} INFO - [0m02:05:30  10 of 15 START sql table model analytics.order_count_year+month_diff ........... [RUN]
[2025-09-10T02:05:30.596+0000] {subprocess.py:93} INFO - [0m02:05:30  11 of 15 START sql table model analytics.orders_summary ........................ [RUN]
[2025-09-10T02:05:30.599+0000] {subprocess.py:93} INFO - [0m02:05:30  12 of 15 START sql table model analytics.AOV_EBITDA_COUNT ...................... [RUN]
[2025-09-10T02:05:30.933+0000] {subprocess.py:93} INFO - [0m02:05:30  12 of 15 ERROR creating sql table model analytics.AOV_EBITDA_COUNT ............. [[31mERROR[0m in 0.31s]
[2025-09-10T02:05:30.958+0000] {subprocess.py:93} INFO - [0m02:05:30  13 of 15 START sql table model analytics.AOV_category .......................... [RUN]
[2025-09-10T02:05:31.018+0000] {subprocess.py:93} INFO - [0m02:05:31  9 of 15 OK created sql table model analytics.order_count_year .................. [[32mSELECT 4[0m in 0.50s]
[2025-09-10T02:05:31.073+0000] {subprocess.py:93} INFO - [0m02:05:31  14 of 15 START sql table model analytics.AOV_product_name ...................... [RUN]
[2025-09-10T02:05:31.151+0000] {subprocess.py:93} INFO - [0m02:05:31  11 of 15 OK created sql table model analytics.orders_summary ................... [[32mSELECT 10000[0m in 0.54s]
[2025-09-10T02:05:31.169+0000] {subprocess.py:93} INFO - [0m02:05:31  10 of 15 OK created sql table model analytics.order_count_year+month_diff ...... [[32mSELECT 28[0m in 0.54s]
[2025-09-10T02:05:31.177+0000] {subprocess.py:93} INFO - [0m02:05:31  15 of 15 START sql table model analytics.AVG_AOV_chek .......................... [RUN]
[2025-09-10T02:05:31.205+0000] {subprocess.py:93} INFO - [0m02:05:31  13 of 15 ERROR creating sql table model analytics.AOV_category ................. [[31mERROR[0m in 0.22s]
[2025-09-10T02:05:31.291+0000] {subprocess.py:93} INFO - [0m02:05:31  14 of 15 ERROR creating sql table model analytics.AOV_product_name ............. [[31mERROR[0m in 0.20s]
[2025-09-10T02:05:31.536+0000] {subprocess.py:93} INFO - [0m02:05:31  15 of 15 OK created sql table model analytics.AVG_AOV_chek ..................... [[32mSELECT 16863[0m in 0.36s]
[2025-09-10T02:05:31.559+0000] {subprocess.py:93} INFO - [0m02:05:31
[2025-09-10T02:05:31.560+0000] {subprocess.py:93} INFO - [0m02:05:31  Finished running 7 view models, 8 table models in 0 hours 0 minutes and 3.67 seconds (3.67s).
[2025-09-10T02:05:31.581+0000] {subprocess.py:93} INFO - [0m02:05:31
[2025-09-10T02:05:31.581+0000] {subprocess.py:93} INFO - [0m02:05:31  [31mCompleted with 3 errors and 0 warnings:[0m
[2025-09-10T02:05:31.582+0000] {subprocess.py:93} INFO - [0m02:05:31
[2025-09-10T02:05:31.584+0000] {subprocess.py:93} INFO - [0m02:05:31    Database Error in model AOV_EBITDA_COUNT (models/marts/AOV_EBITDA_COUNT.sql)
[2025-09-10T02:05:31.584+0000] {subprocess.py:93} INFO -   type "avr_order_value" does not exist
[2025-09-10T02:05:31.584+0000] {subprocess.py:93} INFO -   LINE 19: order by avr_order_value
[2025-09-10T02:05:31.585+0000] {subprocess.py:93} INFO -                     ^
[2025-09-10T02:05:31.585+0000] {subprocess.py:93} INFO -   compiled Code at target/run/my_project/models/marts/AOV_EBITDA_COUNT.sql
[2025-09-10T02:05:31.585+0000] {subprocess.py:93} INFO - [0m02:05:31
[2025-09-10T02:05:31.585+0000] {subprocess.py:93} INFO - [0m02:05:31    Database Error in model AOV_category (models/marts/AOV_category.sql)
[2025-09-10T02:05:31.585+0000] {subprocess.py:93} INFO -   type "avr_order_value" does not exist
[2025-09-10T02:05:31.586+0000] {subprocess.py:93} INFO -   LINE 21: order by avr_order_value
[2025-09-10T02:05:31.586+0000] {subprocess.py:93} INFO -                     ^
[2025-09-10T02:05:31.586+0000] {subprocess.py:93} INFO -   compiled Code at target/run/my_project/models/marts/AOV_category.sql
[2025-09-10T02:05:31.586+0000] {subprocess.py:93} INFO - [0m02:05:31
[2025-09-10T02:05:31.587+0000] {subprocess.py:93} INFO - [0m02:05:31    Database Error in model AOV_product_name (models/marts/AOV_product_name.sql)
[2025-09-10T02:05:31.587+0000] {subprocess.py:93} INFO -   type "avr_order_value" does not exist
[2025-09-10T02:05:31.587+0000] {subprocess.py:93} INFO -   LINE 21: order by avr_order_value
[2025-09-10T02:05:31.587+0000] {subprocess.py:93} INFO -                     ^
[2025-09-10T02:05:31.587+0000] {subprocess.py:93} INFO -   compiled Code at target/run/my_project/models/marts/AOV_product_name.sql
[2025-09-10T02:05:31.587+0000] {subprocess.py:93} INFO - [0m02:05:31
[2025-09-10T02:05:31.588+0000] {subprocess.py:93} INFO - [0m02:05:31  Done. PASS=12 WARN=0 ERROR=3 SKIP=0 TOTAL=15
[2025-09-10T02:05:42.117+0000] {subprocess.py:97} INFO - Command exited with return code 1
[2025-09-10T02:05:42.118+0000] {taskinstance.py:441} INFO - ::group::Post task execution logs
[2025-09-10T02:05:42.140+0000] {taskinstance.py:2905} ERROR - Task failed with exception
Traceback (most recent call last):
  File "/home/airflow/.local/lib/python3.12/site-packages/airflow/models/taskinstance.py", line 465, in _execute_task
    result = _execute_callable(context=context, **execute_callable_kwargs)
             ^^^^^^^^^^^^^^^^^^^^^^^^^^^^^^^^^^^^^^^^^^^^^^^^^^^^^^^^^^^^^
  File "/home/airflow/.local/lib/python3.12/site-packages/airflow/models/taskinstance.py", line 432, in _execute_callable
    return execute_callable(context=context, **execute_callable_kwargs)
           ^^^^^^^^^^^^^^^^^^^^^^^^^^^^^^^^^^^^^^^^^^^^^^^^^^^^^^^^^^^^
  File "/home/airflow/.local/lib/python3.12/site-packages/airflow/models/baseoperator.py", line 401, in wrapper
    return func(self, *args, **kwargs)
           ^^^^^^^^^^^^^^^^^^^^^^^^^^^
  File "/home/airflow/.local/lib/python3.12/site-packages/airflow/operators/bash.py", line 243, in execute
    raise AirflowException(
airflow.exceptions.AirflowException: Bash command failed. The command returned a non-zero exit code 1.
[2025-09-10T02:05:42.145+0000] {taskinstance.py:1206} INFO - Marking task as FAILED. dag_id=dbt_run_models, task_id=run_dbt_models, run_id=scheduled__2025-09-10T01:00:00+00:00, execution_date=20250910T010000, start_date=20250910T020520, end_date=20250910T020542
[2025-09-10T02:05:42.165+0000] {standard_task_runner.py:110} ERROR - Failed to execute job 1314 for task run_dbt_models (Bash command failed. The command returned a non-zero exit code 1.; 3252)
[2025-09-10T02:05:42.177+0000] {local_task_job_runner.py:243} INFO - Task exited with return code 1
[2025-09-10T02:05:42.188+0000] {local_task_job_runner.py:222} INFO - ::endgroup::
[2025-09-10T02:28:59.807+0000] {local_task_job_runner.py:120} INFO - ::group::Pre task execution logs
[2025-09-10T02:28:59.892+0000] {taskinstance.py:2076} INFO - Dependencies all met for dep_context=non-requeueable deps ti=<TaskInstance: dbt_run_models.run_dbt_models scheduled__2025-09-10T01:00:00+00:00 [queued]>
[2025-09-10T02:28:59.908+0000] {taskinstance.py:2076} INFO - Dependencies all met for dep_context=requeueable deps ti=<TaskInstance: dbt_run_models.run_dbt_models scheduled__2025-09-10T01:00:00+00:00 [queued]>
[2025-09-10T02:28:59.909+0000] {taskinstance.py:2306} INFO - Starting attempt 2 of 2
[2025-09-10T02:28:59.935+0000] {taskinstance.py:2330} INFO - Executing <Task(BashOperator): run_dbt_models> on 2025-09-10 01:00:00+00:00
[2025-09-10T02:28:59.942+0000] {warnings.py:112} WARNING - /home/airflow/.local/lib/python3.12/site-packages/airflow/task/task_runner/standard_task_runner.py:62: DeprecationWarning: This process (pid=3297) is multi-threaded, use of fork() may lead to deadlocks in the child.
  pid = os.fork()

[2025-09-10T02:28:59.944+0000] {standard_task_runner.py:64} INFO - Started process 3298 to run task
[2025-09-10T02:28:59.947+0000] {standard_task_runner.py:90} INFO - Running: ['airflow', 'tasks', 'run', 'dbt_run_models', 'run_dbt_models', 'scheduled__2025-09-10T01:00:00+00:00', '--job-id', '1317', '--raw', '--subdir', 'DAGS_FOLDER/dbt_dag.py', '--cfg-path', '/tmp/tmp4ljc3v2d']
[2025-09-10T02:28:59.948+0000] {standard_task_runner.py:91} INFO - Job 1317: Subtask run_dbt_models
[2025-09-10T02:28:59.973+0000] {warnings.py:112} WARNING - /home/airflow/.local/lib/python3.12/site-packages/airflow/settings.py:195: DeprecationWarning: The sql_alchemy_conn option in [core] has been moved to the sql_alchemy_conn option in [database] - the old setting has been used, but please update your config.
  SQL_ALCHEMY_CONN = conf.get("database", "SQL_ALCHEMY_CONN")

[2025-09-10T02:29:00.051+0000] {task_command.py:426} INFO - Running <TaskInstance: dbt_run_models.run_dbt_models scheduled__2025-09-10T01:00:00+00:00 [running]> on host b5ea13053d47
[2025-09-10T02:29:00.322+0000] {taskinstance.py:2648} INFO - Exporting env vars: AIRFLOW_CTX_DAG_OWNER='airflow' AIRFLOW_CTX_DAG_ID='dbt_run_models' AIRFLOW_CTX_TASK_ID='run_dbt_models' AIRFLOW_CTX_EXECUTION_DATE='2025-09-10T01:00:00+00:00' AIRFLOW_CTX_TRY_NUMBER='2' AIRFLOW_CTX_DAG_RUN_ID='scheduled__2025-09-10T01:00:00+00:00'
[2025-09-10T02:29:00.323+0000] {taskinstance.py:430} INFO - ::endgroup::
[2025-09-10T02:29:00.362+0000] {subprocess.py:63} INFO - Tmp dir root location: /tmp
[2025-09-10T02:29:00.363+0000] {subprocess.py:75} INFO - Running command: ['/usr/bin/bash', '-c', '\n        cd /usr/app &&         dbt run --profiles-dir /usr/app\n        ']
[2025-09-10T02:29:00.379+0000] {subprocess.py:86} INFO - Output:
[2025-09-10T02:29:03.857+0000] {subprocess.py:93} INFO - [0m02:29:03  Running with dbt=1.7.9
[2025-09-10T02:29:04.235+0000] {subprocess.py:93} INFO - [0m02:29:04  Registered adapter: postgres=1.7.9
[2025-09-10T02:29:04.286+0000] {subprocess.py:93} INFO - [0m02:29:04  [[33mWARNING[0m]: Configuration paths exist in your dbt_project.yml file which do not apply to any resources.
[2025-09-10T02:29:04.286+0000] {subprocess.py:93} INFO - There are 1 unused configuration paths:
[2025-09-10T02:29:04.287+0000] {subprocess.py:93} INFO - - models.my_project.sources
[2025-09-10T02:29:04.312+0000] {subprocess.py:93} INFO - [0m02:29:04  Found 15 models, 7 sources, 0 exposures, 0 metrics, 401 macros, 0 groups, 0 semantic models
[2025-09-10T02:29:04.316+0000] {subprocess.py:93} INFO - [0m02:29:04
[2025-09-10T02:29:04.585+0000] {subprocess.py:93} INFO - [0m02:29:04  Concurrency: 4 threads (target='dev')
[2025-09-10T02:29:04.589+0000] {subprocess.py:93} INFO - [0m02:29:04
[2025-09-10T02:29:04.619+0000] {subprocess.py:93} INFO - [0m02:29:04  1 of 15 START sql view model analytics.stg_AOV ................................. [RUN]
[2025-09-10T02:29:04.640+0000] {subprocess.py:93} INFO - [0m02:29:04  2 of 15 START sql view model analytics.stg_order_count_year .................... [RUN]
[2025-09-10T02:29:04.642+0000] {subprocess.py:93} INFO - [0m02:29:04  3 of 15 START sql view model analytics.stg_order_details ....................... [RUN]
[2025-09-10T02:29:04.649+0000] {subprocess.py:93} INFO - [0m02:29:04  4 of 15 START sql view model analytics.stg_order_items ......................... [RUN]
[2025-09-10T02:29:05.732+0000] {subprocess.py:93} INFO - [0m02:29:05  1 of 15 OK created sql view model analytics.stg_AOV ............................ [[32mCREATE VIEW[0m in 1.09s]
[2025-09-10T02:29:05.764+0000] {subprocess.py:93} INFO - [0m02:29:05  3 of 15 OK created sql view model analytics.stg_order_details .................. [[32mCREATE VIEW[0m in 1.09s]
[2025-09-10T02:29:05.777+0000] {subprocess.py:93} INFO - [0m02:29:05  4 of 15 OK created sql view model analytics.stg_order_items .................... [[32mCREATE VIEW[0m in 1.10s]
[2025-09-10T02:29:05.789+0000] {subprocess.py:93} INFO - [0m02:29:05  2 of 15 OK created sql view model analytics.stg_order_count_year ............... [[32mCREATE VIEW[0m in 1.12s]
[2025-09-10T02:29:05.808+0000] {subprocess.py:93} INFO - [0m02:29:05  5 of 15 START sql view model analytics.stg_orders .............................. [RUN]
[2025-09-10T02:29:05.827+0000] {subprocess.py:93} INFO - [0m02:29:05  6 of 15 START sql view model analytics.stg_payments ............................ [RUN]
[2025-09-10T02:29:05.837+0000] {subprocess.py:93} INFO - [0m02:29:05  7 of 15 START sql view model analytics.stg_products ............................ [RUN]
[2025-09-10T02:29:05.849+0000] {subprocess.py:93} INFO - [0m02:29:05  8 of 15 START sql table model analytics.AOV_chek ............................... [RUN]
[2025-09-10T02:29:06.912+0000] {subprocess.py:93} INFO - [0m02:29:06  5 of 15 OK created sql view model analytics.stg_orders ......................... [[32mCREATE VIEW[0m in 1.06s]
[2025-09-10T02:29:07.015+0000] {subprocess.py:93} INFO - [0m02:29:07  9 of 15 START sql table model analytics.order_count_year ....................... [RUN]
[2025-09-10T02:29:07.032+0000] {subprocess.py:93} INFO - [0m02:29:07  6 of 15 OK created sql view model analytics.stg_payments ....................... [[32mCREATE VIEW[0m in 1.16s]
[2025-09-10T02:29:07.046+0000] {subprocess.py:93} INFO - [0m02:29:07  7 of 15 OK created sql view model analytics.stg_products ....................... [[32mCREATE VIEW[0m in 1.16s]
[2025-09-10T02:29:07.118+0000] {subprocess.py:93} INFO - [0m02:29:07  10 of 15 START sql table model analytics.order_count_year+month_diff ........... [RUN]
[2025-09-10T02:29:07.123+0000] {subprocess.py:93} INFO - [0m02:29:07  11 of 15 START sql table model analytics.orders_summary ........................ [RUN]
[2025-09-10T02:29:07.514+0000] {subprocess.py:93} INFO - [0m02:29:07  8 of 15 OK created sql table model analytics.AOV_chek .......................... [[32mSELECT 50[0m in 1.63s]
[2025-09-10T02:29:07.584+0000] {subprocess.py:93} INFO - [0m02:29:07  12 of 15 START sql table model analytics.AVG_AOV_chek .......................... [RUN]
[2025-09-10T02:29:08.063+0000] {subprocess.py:93} INFO - [0m02:29:08  9 of 15 OK created sql table model analytics.order_count_year .................. [[32mSELECT 4[0m in 0.99s]
[2025-09-10T02:29:08.124+0000] {subprocess.py:93} INFO - [0m02:29:08  10 of 15 OK created sql table model analytics.order_count_year+month_diff ...... [[32mSELECT 28[0m in 0.99s]
[2025-09-10T02:29:08.142+0000] {subprocess.py:93} INFO - [0m02:29:08  13 of 15 START sql table model analytics.AOV_EBITDA_COUNT ...................... [RUN]
[2025-09-10T02:29:08.168+0000] {subprocess.py:93} INFO - [0m02:29:08  11 of 15 OK created sql table model analytics.orders_summary ................... [[32mSELECT 10000[0m in 1.00s]
[2025-09-10T02:29:08.216+0000] {subprocess.py:93} INFO - [0m02:29:08  14 of 15 START sql table model analytics.AOV_category .......................... [RUN]
[2025-09-10T02:29:08.249+0000] {subprocess.py:93} INFO - [0m02:29:08  15 of 15 START sql table model analytics.AOV_product_name ...................... [RUN]
[2025-09-10T02:29:08.920+0000] {subprocess.py:93} INFO - [0m02:29:08  13 of 15 ERROR creating sql table model analytics.AOV_EBITDA_COUNT ............. [[31mERROR[0m in 0.77s]
[2025-09-10T02:29:09.018+0000] {subprocess.py:93} INFO - [0m02:29:09  12 of 15 OK created sql table model analytics.AVG_AOV_chek ..................... [[32mSELECT 16863[0m in 1.41s]
[2025-09-10T02:29:09.070+0000] {subprocess.py:93} INFO - [0m02:29:09  14 of 15 ERROR creating sql table model analytics.AOV_category ................. [[31mERROR[0m in 0.82s]
[2025-09-10T02:29:09.093+0000] {subprocess.py:93} INFO - [0m02:29:09  15 of 15 ERROR creating sql table model analytics.AOV_product_name ............. [[31mERROR[0m in 0.82s]
[2025-09-10T02:29:09.179+0000] {subprocess.py:93} INFO - [0m02:29:09
[2025-09-10T02:29:09.183+0000] {subprocess.py:93} INFO - [0m02:29:09  Finished running 7 view models, 8 table models in 0 hours 0 minutes and 4.86 seconds (4.86s).
[2025-09-10T02:29:09.266+0000] {subprocess.py:93} INFO - [0m02:29:09
[2025-09-10T02:29:09.269+0000] {subprocess.py:93} INFO - [0m02:29:09  [31mCompleted with 3 errors and 0 warnings:[0m
[2025-09-10T02:29:09.274+0000] {subprocess.py:93} INFO - [0m02:29:09
[2025-09-10T02:29:09.277+0000] {subprocess.py:93} INFO - [0m02:29:09    Database Error in model AOV_EBITDA_COUNT (models/marts/AOV_EBITDA_COUNT.sql)
[2025-09-10T02:29:09.278+0000] {subprocess.py:93} INFO -   type "avr_order_value" does not exist
[2025-09-10T02:29:09.282+0000] {subprocess.py:93} INFO -   LINE 19: order by avr_order_value
[2025-09-10T02:29:09.283+0000] {subprocess.py:93} INFO -                     ^
[2025-09-10T02:29:09.284+0000] {subprocess.py:93} INFO -   compiled Code at target/run/my_project/models/marts/AOV_EBITDA_COUNT.sql
[2025-09-10T02:29:09.285+0000] {subprocess.py:93} INFO - [0m02:29:09
[2025-09-10T02:29:09.285+0000] {subprocess.py:93} INFO - [0m02:29:09    Database Error in model AOV_category (models/marts/AOV_category.sql)
[2025-09-10T02:29:09.286+0000] {subprocess.py:93} INFO -   type "avr_order_value" does not exist
[2025-09-10T02:29:09.291+0000] {subprocess.py:93} INFO -   LINE 21: order by avr_order_value
[2025-09-10T02:29:09.291+0000] {subprocess.py:93} INFO -                     ^
[2025-09-10T02:29:09.292+0000] {subprocess.py:93} INFO -   compiled Code at target/run/my_project/models/marts/AOV_category.sql
[2025-09-10T02:29:09.295+0000] {subprocess.py:93} INFO - [0m02:29:09
[2025-09-10T02:29:09.301+0000] {subprocess.py:93} INFO - [0m02:29:09    Database Error in model AOV_product_name (models/marts/AOV_product_name.sql)
[2025-09-10T02:29:09.303+0000] {subprocess.py:93} INFO -   type "avr_order_value" does not exist
[2025-09-10T02:29:09.305+0000] {subprocess.py:93} INFO -   LINE 21: order by avr_order_value
[2025-09-10T02:29:09.305+0000] {subprocess.py:93} INFO -                     ^
[2025-09-10T02:29:09.306+0000] {subprocess.py:93} INFO -   compiled Code at target/run/my_project/models/marts/AOV_product_name.sql
[2025-09-10T02:29:09.308+0000] {subprocess.py:93} INFO - [0m02:29:09
[2025-09-10T02:29:09.326+0000] {subprocess.py:93} INFO - [0m02:29:09  Done. PASS=12 WARN=0 ERROR=3 SKIP=0 TOTAL=15
[2025-09-10T02:29:19.886+0000] {subprocess.py:97} INFO - Command exited with return code 1
[2025-09-10T02:29:19.888+0000] {taskinstance.py:441} INFO - ::group::Post task execution logs
[2025-09-10T02:29:19.905+0000] {taskinstance.py:2905} ERROR - Task failed with exception
Traceback (most recent call last):
  File "/home/airflow/.local/lib/python3.12/site-packages/airflow/models/taskinstance.py", line 465, in _execute_task
    result = _execute_callable(context=context, **execute_callable_kwargs)
             ^^^^^^^^^^^^^^^^^^^^^^^^^^^^^^^^^^^^^^^^^^^^^^^^^^^^^^^^^^^^^
  File "/home/airflow/.local/lib/python3.12/site-packages/airflow/models/taskinstance.py", line 432, in _execute_callable
    return execute_callable(context=context, **execute_callable_kwargs)
           ^^^^^^^^^^^^^^^^^^^^^^^^^^^^^^^^^^^^^^^^^^^^^^^^^^^^^^^^^^^^
  File "/home/airflow/.local/lib/python3.12/site-packages/airflow/models/baseoperator.py", line 401, in wrapper
    return func(self, *args, **kwargs)
           ^^^^^^^^^^^^^^^^^^^^^^^^^^^
  File "/home/airflow/.local/lib/python3.12/site-packages/airflow/operators/bash.py", line 243, in execute
    raise AirflowException(
airflow.exceptions.AirflowException: Bash command failed. The command returned a non-zero exit code 1.
[2025-09-10T02:29:19.910+0000] {taskinstance.py:1206} INFO - Marking task as FAILED. dag_id=dbt_run_models, task_id=run_dbt_models, run_id=scheduled__2025-09-10T01:00:00+00:00, execution_date=20250910T010000, start_date=20250910T022859, end_date=20250910T022919
[2025-09-10T02:29:19.934+0000] {standard_task_runner.py:110} ERROR - Failed to execute job 1317 for task run_dbt_models (Bash command failed. The command returned a non-zero exit code 1.; 3298)
[2025-09-10T02:29:19.946+0000] {local_task_job_runner.py:243} INFO - Task exited with return code 1
[2025-09-10T02:29:19.994+0000] {taskinstance.py:3503} INFO - 0 downstream tasks scheduled from follow-on schedule check
[2025-09-10T02:29:20.005+0000] {local_task_job_runner.py:222} INFO - ::endgroup::
[2025-09-10T02:38:40.386+0000] {local_task_job_runner.py:120} INFO - ::group::Pre task execution logs
[2025-09-10T02:38:40.432+0000] {taskinstance.py:2076} INFO - Dependencies all met for dep_context=non-requeueable deps ti=<TaskInstance: dbt_run_models.run_dbt_models scheduled__2025-09-10T01:00:00+00:00 [queued]>
[2025-09-10T02:38:40.457+0000] {taskinstance.py:2076} INFO - Dependencies all met for dep_context=requeueable deps ti=<TaskInstance: dbt_run_models.run_dbt_models scheduled__2025-09-10T01:00:00+00:00 [queued]>
[2025-09-10T02:38:40.458+0000] {taskinstance.py:2306} INFO - Starting attempt 2 of 2
[2025-09-10T02:38:40.504+0000] {taskinstance.py:2330} INFO - Executing <Task(BashOperator): run_dbt_models> on 2025-09-10 01:00:00+00:00
[2025-09-10T02:38:40.518+0000] {standard_task_runner.py:90} INFO - Running: ['airflow', 'tasks', 'run', 'dbt_run_models', 'run_dbt_models', 'scheduled__2025-09-10T01:00:00+00:00', '--job-id', '1321', '--raw', '--subdir', 'DAGS_FOLDER/dbt_dag.py', '--cfg-path', '/tmp/tmpj7s_4wcw']
[2025-09-10T02:38:40.517+0000] {warnings.py:112} WARNING - /home/airflow/.local/lib/python3.12/site-packages/airflow/task/task_runner/standard_task_runner.py:62: DeprecationWarning: This process (pid=3357) is multi-threaded, use of fork() may lead to deadlocks in the child.
  pid = os.fork()

[2025-09-10T02:38:40.519+0000] {standard_task_runner.py:91} INFO - Job 1321: Subtask run_dbt_models
[2025-09-10T02:38:40.519+0000] {standard_task_runner.py:64} INFO - Started process 3358 to run task
[2025-09-10T02:38:40.538+0000] {warnings.py:112} WARNING - /home/airflow/.local/lib/python3.12/site-packages/airflow/settings.py:195: DeprecationWarning: The sql_alchemy_conn option in [core] has been moved to the sql_alchemy_conn option in [database] - the old setting has been used, but please update your config.
  SQL_ALCHEMY_CONN = conf.get("database", "SQL_ALCHEMY_CONN")

[2025-09-10T02:38:40.596+0000] {task_command.py:426} INFO - Running <TaskInstance: dbt_run_models.run_dbt_models scheduled__2025-09-10T01:00:00+00:00 [running]> on host b5ea13053d47
[2025-09-10T02:38:40.807+0000] {taskinstance.py:2648} INFO - Exporting env vars: AIRFLOW_CTX_DAG_OWNER='airflow' AIRFLOW_CTX_DAG_ID='dbt_run_models' AIRFLOW_CTX_TASK_ID='run_dbt_models' AIRFLOW_CTX_EXECUTION_DATE='2025-09-10T01:00:00+00:00' AIRFLOW_CTX_TRY_NUMBER='2' AIRFLOW_CTX_DAG_RUN_ID='scheduled__2025-09-10T01:00:00+00:00'
[2025-09-10T02:38:40.809+0000] {taskinstance.py:430} INFO - ::endgroup::
[2025-09-10T02:38:40.824+0000] {subprocess.py:63} INFO - Tmp dir root location: /tmp
[2025-09-10T02:38:40.825+0000] {subprocess.py:75} INFO - Running command: ['/usr/bin/bash', '-c', '\n        cd /usr/app &&         dbt run --profiles-dir /usr/app\n        ']
[2025-09-10T02:38:40.843+0000] {subprocess.py:86} INFO - Output:
[2025-09-10T02:38:45.199+0000] {subprocess.py:93} INFO - [0m02:38:45  Running with dbt=1.7.9
[2025-09-10T02:38:45.788+0000] {subprocess.py:93} INFO - [0m02:38:45  Registered adapter: postgres=1.7.9
[2025-09-10T02:38:46.174+0000] {subprocess.py:93} INFO - [0m02:38:46  [[33mWARNING[0m]: Configuration paths exist in your dbt_project.yml file which do not apply to any resources.
[2025-09-10T02:38:46.174+0000] {subprocess.py:93} INFO - There are 1 unused configuration paths:
[2025-09-10T02:38:46.175+0000] {subprocess.py:93} INFO - - models.my_project.sources
[2025-09-10T02:38:46.209+0000] {subprocess.py:93} INFO - [0m02:38:46  Found 15 models, 7 sources, 0 exposures, 0 metrics, 401 macros, 0 groups, 0 semantic models
[2025-09-10T02:38:46.215+0000] {subprocess.py:93} INFO - [0m02:38:46
[2025-09-10T02:38:46.710+0000] {subprocess.py:93} INFO - [0m02:38:46  Concurrency: 4 threads (target='dev')
[2025-09-10T02:38:46.712+0000] {subprocess.py:93} INFO - [0m02:38:46
[2025-09-10T02:38:46.754+0000] {subprocess.py:93} INFO - [0m02:38:46  1 of 15 START sql view model analytics.stg_AOV ................................. [RUN]
[2025-09-10T02:38:46.768+0000] {subprocess.py:93} INFO - [0m02:38:46  2 of 15 START sql view model analytics.stg_order_count_year .................... [RUN]
[2025-09-10T02:38:46.771+0000] {subprocess.py:93} INFO - [0m02:38:46  3 of 15 START sql view model analytics.stg_order_details ....................... [RUN]
[2025-09-10T02:38:46.778+0000] {subprocess.py:93} INFO - [0m02:38:46  4 of 15 START sql view model analytics.stg_order_items ......................... [RUN]
[2025-09-10T02:38:47.530+0000] {subprocess.py:93} INFO - [0m02:38:47  4 of 15 OK created sql view model analytics.stg_order_items .................... [[32mCREATE VIEW[0m in 0.73s]
[2025-09-10T02:38:47.544+0000] {subprocess.py:93} INFO - [0m02:38:47  3 of 15 OK created sql view model analytics.stg_order_details .................. [[32mCREATE VIEW[0m in 0.76s]
[2025-09-10T02:38:47.552+0000] {subprocess.py:93} INFO - [0m02:38:47  5 of 15 START sql view model analytics.stg_orders .............................. [RUN]
[2025-09-10T02:38:47.553+0000] {subprocess.py:93} INFO - [0m02:38:47  2 of 15 OK created sql view model analytics.stg_order_count_year ............... [[32mCREATE VIEW[0m in 0.77s]
[2025-09-10T02:38:47.556+0000] {subprocess.py:93} INFO - [0m02:38:47  6 of 15 START sql view model analytics.stg_payments ............................ [RUN]
[2025-09-10T02:38:47.563+0000] {subprocess.py:93} INFO - [0m02:38:47  1 of 15 OK created sql view model analytics.stg_AOV ............................ [[32mCREATE VIEW[0m in 0.80s]
[2025-09-10T02:38:47.580+0000] {subprocess.py:93} INFO - [0m02:38:47  7 of 15 START sql view model analytics.stg_products ............................ [RUN]
[2025-09-10T02:38:47.593+0000] {subprocess.py:93} INFO - [0m02:38:47  8 of 15 START sql table model analytics.AOV_chek ............................... [RUN]
[2025-09-10T02:38:47.922+0000] {subprocess.py:93} INFO - [0m02:38:47  5 of 15 OK created sql view model analytics.stg_orders ......................... [[32mCREATE VIEW[0m in 0.36s]
[2025-09-10T02:38:47.943+0000] {subprocess.py:93} INFO - [0m02:38:47  6 of 15 OK created sql view model analytics.stg_payments ....................... [[32mCREATE VIEW[0m in 0.36s]
[2025-09-10T02:38:47.951+0000] {subprocess.py:93} INFO - [0m02:38:47  9 of 15 START sql table model analytics.order_count_year ....................... [RUN]
[2025-09-10T02:38:47.961+0000] {subprocess.py:93} INFO - [0m02:38:47  10 of 15 START sql table model analytics.order_count_year+month_diff ........... [RUN]
[2025-09-10T02:38:48.020+0000] {subprocess.py:93} INFO - [0m02:38:48  8 of 15 OK created sql table model analytics.AOV_chek .......................... [[32mSELECT 50[0m in 0.41s]
[2025-09-10T02:38:48.058+0000] {subprocess.py:93} INFO - [0m02:38:48  11 of 15 START sql table model analytics.orders_summary ........................ [RUN]
[2025-09-10T02:38:48.099+0000] {subprocess.py:93} INFO - [0m02:38:48  7 of 15 OK created sql view model analytics.stg_products ....................... [[32mCREATE VIEW[0m in 0.49s]
[2025-09-10T02:38:48.114+0000] {subprocess.py:93} INFO - [0m02:38:48  12 of 15 START sql table model analytics.AVG_AOV_chek .......................... [RUN]
[2025-09-10T02:38:48.392+0000] {subprocess.py:93} INFO - [0m02:38:48  9 of 15 OK created sql table model analytics.order_count_year .................. [[32mSELECT 4[0m in 0.42s]
[2025-09-10T02:38:48.397+0000] {subprocess.py:93} INFO - [0m02:38:48  11 of 15 OK created sql table model analytics.orders_summary ................... [[32mSELECT 10000[0m in 0.33s]
[2025-09-10T02:38:48.402+0000] {subprocess.py:93} INFO - [0m02:38:48  13 of 15 START sql table model analytics.AOV_EBITDA_COUNT ...................... [RUN]
[2025-09-10T02:38:48.402+0000] {subprocess.py:93} INFO - [0m02:38:48  10 of 15 OK created sql table model analytics.order_count_year+month_diff ...... [[32mSELECT 28[0m in 0.42s]
[2025-09-10T02:38:48.408+0000] {subprocess.py:93} INFO - [0m02:38:48  14 of 15 START sql table model analytics.AOV_category .......................... [RUN]
[2025-09-10T02:38:48.424+0000] {subprocess.py:93} INFO - [0m02:38:48  15 of 15 START sql table model analytics.AOV_product_name ...................... [RUN]
[2025-09-10T02:38:48.597+0000] {subprocess.py:93} INFO - [0m02:38:48  13 of 15 ERROR creating sql table model analytics.AOV_EBITDA_COUNT ............. [[31mERROR[0m in 0.18s]
[2025-09-10T02:38:48.603+0000] {subprocess.py:93} INFO - [0m02:38:48  15 of 15 ERROR creating sql table model analytics.AOV_product_name ............. [[31mERROR[0m in 0.16s]
[2025-09-10T02:38:48.672+0000] {subprocess.py:93} INFO - [0m02:38:48  14 of 15 ERROR creating sql table model analytics.AOV_category ................. [[31mERROR[0m in 0.24s]
[2025-09-10T02:38:48.682+0000] {subprocess.py:93} INFO - [0m02:38:48  12 of 15 OK created sql table model analytics.AVG_AOV_chek ..................... [[32mSELECT 16863[0m in 0.55s]
[2025-09-10T02:38:48.754+0000] {subprocess.py:93} INFO - [0m02:38:48
[2025-09-10T02:38:48.760+0000] {subprocess.py:93} INFO - [0m02:38:48  Finished running 7 view models, 8 table models in 0 hours 0 minutes and 2.54 seconds (2.54s).
[2025-09-10T02:38:48.792+0000] {subprocess.py:93} INFO - [0m02:38:48
[2025-09-10T02:38:48.794+0000] {subprocess.py:93} INFO - [0m02:38:48  [31mCompleted with 3 errors and 0 warnings:[0m
[2025-09-10T02:38:48.795+0000] {subprocess.py:93} INFO - [0m02:38:48
[2025-09-10T02:38:48.796+0000] {subprocess.py:93} INFO - [0m02:38:48    Database Error in model AOV_EBITDA_COUNT (models/marts/AOV_EBITDA_COUNT.sql)
[2025-09-10T02:38:48.797+0000] {subprocess.py:93} INFO -   type "avr_order_value" does not exist
[2025-09-10T02:38:48.797+0000] {subprocess.py:93} INFO -   LINE 26: order by avr_order_value
[2025-09-10T02:38:48.797+0000] {subprocess.py:93} INFO -                     ^
[2025-09-10T02:38:48.797+0000] {subprocess.py:93} INFO -   compiled Code at target/run/my_project/models/marts/AOV_EBITDA_COUNT.sql
[2025-09-10T02:38:48.797+0000] {subprocess.py:93} INFO - [0m02:38:48
[2025-09-10T02:38:48.799+0000] {subprocess.py:93} INFO - [0m02:38:48    Database Error in model AOV_product_name (models/marts/AOV_product_name.sql)
[2025-09-10T02:38:48.799+0000] {subprocess.py:93} INFO -   type "avr_order_value" does not exist
[2025-09-10T02:38:48.799+0000] {subprocess.py:93} INFO -   LINE 28: order by avr_order_value
[2025-09-10T02:38:48.799+0000] {subprocess.py:93} INFO -                     ^
[2025-09-10T02:38:48.799+0000] {subprocess.py:93} INFO -   compiled Code at target/run/my_project/models/marts/AOV_product_name.sql
[2025-09-10T02:38:48.800+0000] {subprocess.py:93} INFO - [0m02:38:48
[2025-09-10T02:38:48.801+0000] {subprocess.py:93} INFO - [0m02:38:48    Database Error in model AOV_category (models/marts/AOV_category.sql)
[2025-09-10T02:38:48.801+0000] {subprocess.py:93} INFO -   type "avr_order_value" does not exist
[2025-09-10T02:38:48.802+0000] {subprocess.py:93} INFO -   LINE 27: order by avr_order_value
[2025-09-10T02:38:48.802+0000] {subprocess.py:93} INFO -                     ^
[2025-09-10T02:38:48.802+0000] {subprocess.py:93} INFO -   compiled Code at target/run/my_project/models/marts/AOV_category.sql
[2025-09-10T02:38:48.803+0000] {subprocess.py:93} INFO - [0m02:38:48
[2025-09-10T02:38:48.804+0000] {subprocess.py:93} INFO - [0m02:38:48  Done. PASS=12 WARN=0 ERROR=3 SKIP=0 TOTAL=15
[2025-09-10T02:38:59.413+0000] {subprocess.py:97} INFO - Command exited with return code 1
[2025-09-10T02:38:59.414+0000] {taskinstance.py:441} INFO - ::group::Post task execution logs
[2025-09-10T02:38:59.428+0000] {taskinstance.py:2905} ERROR - Task failed with exception
Traceback (most recent call last):
  File "/home/airflow/.local/lib/python3.12/site-packages/airflow/models/taskinstance.py", line 465, in _execute_task
    result = _execute_callable(context=context, **execute_callable_kwargs)
             ^^^^^^^^^^^^^^^^^^^^^^^^^^^^^^^^^^^^^^^^^^^^^^^^^^^^^^^^^^^^^
  File "/home/airflow/.local/lib/python3.12/site-packages/airflow/models/taskinstance.py", line 432, in _execute_callable
    return execute_callable(context=context, **execute_callable_kwargs)
           ^^^^^^^^^^^^^^^^^^^^^^^^^^^^^^^^^^^^^^^^^^^^^^^^^^^^^^^^^^^^
  File "/home/airflow/.local/lib/python3.12/site-packages/airflow/models/baseoperator.py", line 401, in wrapper
    return func(self, *args, **kwargs)
           ^^^^^^^^^^^^^^^^^^^^^^^^^^^
  File "/home/airflow/.local/lib/python3.12/site-packages/airflow/operators/bash.py", line 243, in execute
    raise AirflowException(
airflow.exceptions.AirflowException: Bash command failed. The command returned a non-zero exit code 1.
[2025-09-10T02:38:59.433+0000] {taskinstance.py:1206} INFO - Marking task as FAILED. dag_id=dbt_run_models, task_id=run_dbt_models, run_id=scheduled__2025-09-10T01:00:00+00:00, execution_date=20250910T010000, start_date=20250910T023840, end_date=20250910T023859
[2025-09-10T02:38:59.448+0000] {standard_task_runner.py:110} ERROR - Failed to execute job 1321 for task run_dbt_models (Bash command failed. The command returned a non-zero exit code 1.; 3358)
[2025-09-10T02:38:59.506+0000] {local_task_job_runner.py:243} INFO - Task exited with return code 1
[2025-09-10T02:38:59.568+0000] {taskinstance.py:3503} INFO - 0 downstream tasks scheduled from follow-on schedule check
[2025-09-10T02:38:59.576+0000] {local_task_job_runner.py:222} INFO - ::endgroup::
[2025-09-10T02:52:25.084+0000] {local_task_job_runner.py:120} INFO - ::group::Pre task execution logs
[2025-09-10T02:52:25.156+0000] {taskinstance.py:2076} INFO - Dependencies all met for dep_context=non-requeueable deps ti=<TaskInstance: dbt_run_models.run_dbt_models scheduled__2025-09-10T01:00:00+00:00 [queued]>
[2025-09-10T02:52:25.179+0000] {taskinstance.py:2076} INFO - Dependencies all met for dep_context=requeueable deps ti=<TaskInstance: dbt_run_models.run_dbt_models scheduled__2025-09-10T01:00:00+00:00 [queued]>
[2025-09-10T02:52:25.180+0000] {taskinstance.py:2306} INFO - Starting attempt 2 of 2
[2025-09-10T02:52:25.228+0000] {taskinstance.py:2330} INFO - Executing <Task(BashOperator): run_dbt_models> on 2025-09-10 01:00:00+00:00
[2025-09-10T02:52:25.238+0000] {warnings.py:112} WARNING - /home/airflow/.local/lib/python3.12/site-packages/airflow/task/task_runner/standard_task_runner.py:62: DeprecationWarning: This process (pid=3403) is multi-threaded, use of fork() may lead to deadlocks in the child.
  pid = os.fork()

[2025-09-10T02:52:25.240+0000] {standard_task_runner.py:64} INFO - Started process 3404 to run task
[2025-09-10T02:52:25.241+0000] {standard_task_runner.py:90} INFO - Running: ['airflow', 'tasks', 'run', 'dbt_run_models', 'run_dbt_models', 'scheduled__2025-09-10T01:00:00+00:00', '--job-id', '1324', '--raw', '--subdir', 'DAGS_FOLDER/dbt_dag.py', '--cfg-path', '/tmp/tmp0eg_kyok']
[2025-09-10T02:52:25.242+0000] {standard_task_runner.py:91} INFO - Job 1324: Subtask run_dbt_models
[2025-09-10T02:52:25.276+0000] {warnings.py:112} WARNING - /home/airflow/.local/lib/python3.12/site-packages/airflow/settings.py:195: DeprecationWarning: The sql_alchemy_conn option in [core] has been moved to the sql_alchemy_conn option in [database] - the old setting has been used, but please update your config.
  SQL_ALCHEMY_CONN = conf.get("database", "SQL_ALCHEMY_CONN")

[2025-09-10T02:52:25.365+0000] {task_command.py:426} INFO - Running <TaskInstance: dbt_run_models.run_dbt_models scheduled__2025-09-10T01:00:00+00:00 [running]> on host b5ea13053d47
[2025-09-10T02:52:25.542+0000] {taskinstance.py:2648} INFO - Exporting env vars: AIRFLOW_CTX_DAG_OWNER='airflow' AIRFLOW_CTX_DAG_ID='dbt_run_models' AIRFLOW_CTX_TASK_ID='run_dbt_models' AIRFLOW_CTX_EXECUTION_DATE='2025-09-10T01:00:00+00:00' AIRFLOW_CTX_TRY_NUMBER='2' AIRFLOW_CTX_DAG_RUN_ID='scheduled__2025-09-10T01:00:00+00:00'
[2025-09-10T02:52:25.543+0000] {taskinstance.py:430} INFO - ::endgroup::
[2025-09-10T02:52:25.563+0000] {subprocess.py:63} INFO - Tmp dir root location: /tmp
[2025-09-10T02:52:25.564+0000] {subprocess.py:75} INFO - Running command: ['/usr/bin/bash', '-c', '\n        cd /usr/app &&         dbt run --profiles-dir /usr/app\n        ']
[2025-09-10T02:52:25.582+0000] {subprocess.py:86} INFO - Output:
[2025-09-10T02:52:30.474+0000] {subprocess.py:93} INFO - [0m02:52:30  Running with dbt=1.7.9
[2025-09-10T02:52:30.856+0000] {subprocess.py:93} INFO - [0m02:52:30  Registered adapter: postgres=1.7.9
[2025-09-10T02:52:30.905+0000] {subprocess.py:93} INFO - [0m02:52:30  [[33mWARNING[0m]: Configuration paths exist in your dbt_project.yml file which do not apply to any resources.
[2025-09-10T02:52:30.905+0000] {subprocess.py:93} INFO - There are 1 unused configuration paths:
[2025-09-10T02:52:30.906+0000] {subprocess.py:93} INFO - - models.my_project.sources
[2025-09-10T02:52:30.932+0000] {subprocess.py:93} INFO - [0m02:52:30  Found 15 models, 7 sources, 0 exposures, 0 metrics, 401 macros, 0 groups, 0 semantic models
[2025-09-10T02:52:30.937+0000] {subprocess.py:93} INFO - [0m02:52:30
[2025-09-10T02:52:31.255+0000] {subprocess.py:93} INFO - [0m02:52:31  Concurrency: 4 threads (target='dev')
[2025-09-10T02:52:31.256+0000] {subprocess.py:93} INFO - [0m02:52:31
[2025-09-10T02:52:31.276+0000] {subprocess.py:93} INFO - [0m02:52:31  1 of 15 START sql view model analytics.stg_AOV ................................. [RUN]
[2025-09-10T02:52:31.280+0000] {subprocess.py:93} INFO - [0m02:52:31  2 of 15 START sql view model analytics.stg_order_count_year .................... [RUN]
[2025-09-10T02:52:31.286+0000] {subprocess.py:93} INFO - [0m02:52:31  4 of 15 START sql view model analytics.stg_order_items ......................... [RUN]
[2025-09-10T02:52:31.291+0000] {subprocess.py:93} INFO - [0m02:52:31  3 of 15 START sql view model analytics.stg_order_details ....................... [RUN]
[2025-09-10T02:52:32.125+0000] {subprocess.py:93} INFO - [0m02:52:32  4 of 15 OK created sql view model analytics.stg_order_items .................... [[32mCREATE VIEW[0m in 0.83s]
[2025-09-10T02:52:32.135+0000] {subprocess.py:93} INFO - [0m02:52:32  1 of 15 OK created sql view model analytics.stg_AOV ............................ [[32mCREATE VIEW[0m in 0.83s]
[2025-09-10T02:52:32.139+0000] {subprocess.py:93} INFO - [0m02:52:32  5 of 15 START sql view model analytics.stg_orders .............................. [RUN]
[2025-09-10T02:52:32.153+0000] {subprocess.py:93} INFO - [0m02:52:32  2 of 15 OK created sql view model analytics.stg_order_count_year ............... [[32mCREATE VIEW[0m in 0.85s]
[2025-09-10T02:52:32.180+0000] {subprocess.py:93} INFO - [0m02:52:32  3 of 15 OK created sql view model analytics.stg_order_details .................. [[32mCREATE VIEW[0m in 0.84s]
[2025-09-10T02:52:32.181+0000] {subprocess.py:93} INFO - [0m02:52:32  6 of 15 START sql view model analytics.stg_payments ............................ [RUN]
[2025-09-10T02:52:32.223+0000] {subprocess.py:93} INFO - [0m02:52:32  7 of 15 START sql view model analytics.stg_products ............................ [RUN]
[2025-09-10T02:52:32.240+0000] {subprocess.py:93} INFO - [0m02:52:32  8 of 15 START sql table model analytics.AOV_chek ............................... [RUN]
[2025-09-10T02:52:32.778+0000] {subprocess.py:93} INFO - [0m02:52:32  5 of 15 OK created sql view model analytics.stg_orders ......................... [[32mCREATE VIEW[0m in 0.61s]
[2025-09-10T02:52:32.807+0000] {subprocess.py:93} INFO - [0m02:52:32  6 of 15 OK created sql view model analytics.stg_payments ....................... [[32mCREATE VIEW[0m in 0.59s]
[2025-09-10T02:52:32.833+0000] {subprocess.py:93} INFO - [0m02:52:32  9 of 15 START sql table model analytics.order_count_year ....................... [RUN]
[2025-09-10T02:52:32.839+0000] {subprocess.py:93} INFO - [0m02:52:32  7 of 15 OK created sql view model analytics.stg_products ....................... [[32mCREATE VIEW[0m in 0.59s]
[2025-09-10T02:52:32.846+0000] {subprocess.py:93} INFO - [0m02:52:32  10 of 15 START sql table model analytics.order_count_year+month_diff ........... [RUN]
[2025-09-10T02:52:32.861+0000] {subprocess.py:93} INFO - [0m02:52:32  11 of 15 START sql table model analytics.orders_summary ........................ [RUN]
[2025-09-10T02:52:32.924+0000] {subprocess.py:93} INFO - [0m02:52:32  8 of 15 OK created sql table model analytics.AOV_chek .......................... [[32mSELECT 50[0m in 0.66s]
[2025-09-10T02:52:32.958+0000] {subprocess.py:93} INFO - [0m02:52:32  12 of 15 START sql table model analytics.AVG_AOV_chek .......................... [RUN]
[2025-09-10T02:52:33.307+0000] {subprocess.py:93} INFO - [0m02:52:33  10 of 15 OK created sql table model analytics.order_count_year+month_diff ...... [[32mSELECT 28[0m in 0.44s]
[2025-09-10T02:52:33.308+0000] {subprocess.py:93} INFO - [0m02:52:33  9 of 15 OK created sql table model analytics.order_count_year .................. [[32mSELECT 4[0m in 0.46s]
[2025-09-10T02:52:33.328+0000] {subprocess.py:93} INFO - [0m02:52:33  13 of 15 START sql table model analytics.AOV_EBITDA_COUNT ...................... [RUN]
[2025-09-10T02:52:33.334+0000] {subprocess.py:93} INFO - [0m02:52:33  14 of 15 START sql table model analytics.AOV_category .......................... [RUN]
[2025-09-10T02:52:33.371+0000] {subprocess.py:93} INFO - [0m02:52:33  12 of 15 OK created sql table model analytics.AVG_AOV_chek ..................... [[32mSELECT 16863[0m in 0.39s]
[2025-09-10T02:52:33.373+0000] {subprocess.py:93} INFO - [0m02:52:33  11 of 15 OK created sql table model analytics.orders_summary ................... [[32mSELECT 10000[0m in 0.48s]
[2025-09-10T02:52:33.391+0000] {subprocess.py:93} INFO - [0m02:52:33  15 of 15 START sql table model analytics.AOV_product_name ...................... [RUN]
[2025-09-10T02:52:33.647+0000] {subprocess.py:93} INFO - [0m02:52:33  14 of 15 ERROR creating sql table model analytics.AOV_category ................. [[31mERROR[0m in 0.30s]
[2025-09-10T02:52:33.654+0000] {subprocess.py:93} INFO - [0m02:52:33  13 of 15 ERROR creating sql table model analytics.AOV_EBITDA_COUNT ............. [[31mERROR[0m in 0.31s]
[2025-09-10T02:52:33.688+0000] {subprocess.py:93} INFO - [0m02:52:33  15 of 15 ERROR creating sql table model analytics.AOV_product_name ............. [[31mERROR[0m in 0.14s]
[2025-09-10T02:52:33.717+0000] {subprocess.py:93} INFO - [0m02:52:33
[2025-09-10T02:52:33.719+0000] {subprocess.py:93} INFO - [0m02:52:33  Finished running 7 view models, 8 table models in 0 hours 0 minutes and 2.78 seconds (2.78s).
[2025-09-10T02:52:33.772+0000] {subprocess.py:93} INFO - [0m02:52:33
[2025-09-10T02:52:33.775+0000] {subprocess.py:93} INFO - [0m02:52:33  [31mCompleted with 3 errors and 0 warnings:[0m
[2025-09-10T02:52:33.777+0000] {subprocess.py:93} INFO - [0m02:52:33
[2025-09-10T02:52:33.779+0000] {subprocess.py:93} INFO - [0m02:52:33    Database Error in model AOV_category (models/marts/AOV_category.sql)
[2025-09-10T02:52:33.780+0000] {subprocess.py:93} INFO -   type "avr_order_value" does not exist
[2025-09-10T02:52:33.781+0000] {subprocess.py:93} INFO -   LINE 27: order by avr_order_value
[2025-09-10T02:52:33.782+0000] {subprocess.py:93} INFO -                     ^
[2025-09-10T02:52:33.783+0000] {subprocess.py:93} INFO -   compiled Code at target/run/my_project/models/marts/AOV_category.sql
[2025-09-10T02:52:33.784+0000] {subprocess.py:93} INFO - [0m02:52:33
[2025-09-10T02:52:33.785+0000] {subprocess.py:93} INFO - [0m02:52:33    Database Error in model AOV_EBITDA_COUNT (models/marts/AOV_EBITDA_COUNT.sql)
[2025-09-10T02:52:33.787+0000] {subprocess.py:93} INFO -   type "avr_order_value" does not exist
[2025-09-10T02:52:33.788+0000] {subprocess.py:93} INFO -   LINE 26: order by avr_order_value
[2025-09-10T02:52:33.789+0000] {subprocess.py:93} INFO -                     ^
[2025-09-10T02:52:33.790+0000] {subprocess.py:93} INFO -   compiled Code at target/run/my_project/models/marts/AOV_EBITDA_COUNT.sql
[2025-09-10T02:52:33.790+0000] {subprocess.py:93} INFO - [0m02:52:33
[2025-09-10T02:52:33.791+0000] {subprocess.py:93} INFO - [0m02:52:33    Database Error in model AOV_product_name (models/marts/AOV_product_name.sql)
[2025-09-10T02:52:33.792+0000] {subprocess.py:93} INFO -   type "avr_order_value" does not exist
[2025-09-10T02:52:33.793+0000] {subprocess.py:93} INFO -   LINE 28: order by avr_order_value
[2025-09-10T02:52:33.794+0000] {subprocess.py:93} INFO -                     ^
[2025-09-10T02:52:33.795+0000] {subprocess.py:93} INFO -   compiled Code at target/run/my_project/models/marts/AOV_product_name.sql
[2025-09-10T02:52:33.796+0000] {subprocess.py:93} INFO - [0m02:52:33
[2025-09-10T02:52:33.802+0000] {subprocess.py:93} INFO - [0m02:52:33  Done. PASS=12 WARN=0 ERROR=3 SKIP=0 TOTAL=15
[2025-09-10T02:52:44.221+0000] {subprocess.py:97} INFO - Command exited with return code 1
[2025-09-10T02:52:44.222+0000] {taskinstance.py:441} INFO - ::group::Post task execution logs
[2025-09-10T02:52:44.257+0000] {taskinstance.py:2905} ERROR - Task failed with exception
Traceback (most recent call last):
  File "/home/airflow/.local/lib/python3.12/site-packages/airflow/models/taskinstance.py", line 465, in _execute_task
    result = _execute_callable(context=context, **execute_callable_kwargs)
             ^^^^^^^^^^^^^^^^^^^^^^^^^^^^^^^^^^^^^^^^^^^^^^^^^^^^^^^^^^^^^
  File "/home/airflow/.local/lib/python3.12/site-packages/airflow/models/taskinstance.py", line 432, in _execute_callable
    return execute_callable(context=context, **execute_callable_kwargs)
           ^^^^^^^^^^^^^^^^^^^^^^^^^^^^^^^^^^^^^^^^^^^^^^^^^^^^^^^^^^^^
  File "/home/airflow/.local/lib/python3.12/site-packages/airflow/models/baseoperator.py", line 401, in wrapper
    return func(self, *args, **kwargs)
           ^^^^^^^^^^^^^^^^^^^^^^^^^^^
  File "/home/airflow/.local/lib/python3.12/site-packages/airflow/operators/bash.py", line 243, in execute
    raise AirflowException(
airflow.exceptions.AirflowException: Bash command failed. The command returned a non-zero exit code 1.
[2025-09-10T02:52:44.269+0000] {taskinstance.py:1206} INFO - Marking task as FAILED. dag_id=dbt_run_models, task_id=run_dbt_models, run_id=scheduled__2025-09-10T01:00:00+00:00, execution_date=20250910T010000, start_date=20250910T025225, end_date=20250910T025244
[2025-09-10T02:52:44.296+0000] {standard_task_runner.py:110} ERROR - Failed to execute job 1324 for task run_dbt_models (Bash command failed. The command returned a non-zero exit code 1.; 3404)
[2025-09-10T02:52:44.334+0000] {local_task_job_runner.py:243} INFO - Task exited with return code 1
[2025-09-10T02:52:44.393+0000] {taskinstance.py:3503} INFO - 0 downstream tasks scheduled from follow-on schedule check
[2025-09-10T02:52:44.398+0000] {local_task_job_runner.py:222} INFO - ::endgroup::
[2025-09-10T03:01:02.917+0000] {local_task_job_runner.py:120} INFO - ::group::Pre task execution logs
[2025-09-10T03:01:03.081+0000] {taskinstance.py:2076} INFO - Dependencies all met for dep_context=non-requeueable deps ti=<TaskInstance: dbt_run_models.run_dbt_models scheduled__2025-09-10T01:00:00+00:00 [queued]>
[2025-09-10T03:01:03.125+0000] {taskinstance.py:2076} INFO - Dependencies all met for dep_context=requeueable deps ti=<TaskInstance: dbt_run_models.run_dbt_models scheduled__2025-09-10T01:00:00+00:00 [queued]>
[2025-09-10T03:01:03.127+0000] {taskinstance.py:2306} INFO - Starting attempt 2 of 2
[2025-09-10T03:01:03.190+0000] {taskinstance.py:2330} INFO - Executing <Task(BashOperator): run_dbt_models> on 2025-09-10 01:00:00+00:00
[2025-09-10T03:01:03.205+0000] {warnings.py:112} WARNING - /home/airflow/.local/lib/python3.12/site-packages/airflow/task/task_runner/standard_task_runner.py:62: DeprecationWarning: This process (pid=3473) is multi-threaded, use of fork() may lead to deadlocks in the child.
  pid = os.fork()

[2025-09-10T03:01:03.207+0000] {standard_task_runner.py:64} INFO - Started process 3474 to run task
[2025-09-10T03:01:03.209+0000] {standard_task_runner.py:90} INFO - Running: ['airflow', 'tasks', 'run', 'dbt_run_models', 'run_dbt_models', 'scheduled__2025-09-10T01:00:00+00:00', '--job-id', '1329', '--raw', '--subdir', 'DAGS_FOLDER/dbt_dag.py', '--cfg-path', '/tmp/tmpj0mjgo0g']
[2025-09-10T03:01:03.212+0000] {standard_task_runner.py:91} INFO - Job 1329: Subtask run_dbt_models
[2025-09-10T03:01:03.255+0000] {warnings.py:112} WARNING - /home/airflow/.local/lib/python3.12/site-packages/airflow/settings.py:195: DeprecationWarning: The sql_alchemy_conn option in [core] has been moved to the sql_alchemy_conn option in [database] - the old setting has been used, but please update your config.
  SQL_ALCHEMY_CONN = conf.get("database", "SQL_ALCHEMY_CONN")

[2025-09-10T03:01:03.398+0000] {task_command.py:426} INFO - Running <TaskInstance: dbt_run_models.run_dbt_models scheduled__2025-09-10T01:00:00+00:00 [running]> on host b5ea13053d47
[2025-09-10T03:01:03.847+0000] {taskinstance.py:2648} INFO - Exporting env vars: AIRFLOW_CTX_DAG_OWNER='airflow' AIRFLOW_CTX_DAG_ID='dbt_run_models' AIRFLOW_CTX_TASK_ID='run_dbt_models' AIRFLOW_CTX_EXECUTION_DATE='2025-09-10T01:00:00+00:00' AIRFLOW_CTX_TRY_NUMBER='2' AIRFLOW_CTX_DAG_RUN_ID='scheduled__2025-09-10T01:00:00+00:00'
[2025-09-10T03:01:03.849+0000] {taskinstance.py:430} INFO - ::endgroup::
[2025-09-10T03:01:03.911+0000] {subprocess.py:63} INFO - Tmp dir root location: /tmp
[2025-09-10T03:01:03.914+0000] {subprocess.py:75} INFO - Running command: ['/usr/bin/bash', '-c', '\n        cd /usr/app &&         dbt run --profiles-dir /usr/app\n        ']
[2025-09-10T03:01:03.949+0000] {subprocess.py:86} INFO - Output:
[2025-09-10T03:01:07.999+0000] {subprocess.py:93} INFO - [0m03:01:07  Running with dbt=1.7.9
[2025-09-10T03:01:08.392+0000] {subprocess.py:93} INFO - [0m03:01:08  Registered adapter: postgres=1.7.9
[2025-09-10T03:01:08.440+0000] {subprocess.py:93} INFO - [0m03:01:08  [[33mWARNING[0m]: Configuration paths exist in your dbt_project.yml file which do not apply to any resources.
[2025-09-10T03:01:08.440+0000] {subprocess.py:93} INFO - There are 1 unused configuration paths:
[2025-09-10T03:01:08.441+0000] {subprocess.py:93} INFO - - models.my_project.sources
[2025-09-10T03:01:08.466+0000] {subprocess.py:93} INFO - [0m03:01:08  Found 15 models, 7 sources, 0 exposures, 0 metrics, 401 macros, 0 groups, 0 semantic models
[2025-09-10T03:01:08.470+0000] {subprocess.py:93} INFO - [0m03:01:08
[2025-09-10T03:01:08.748+0000] {subprocess.py:93} INFO - [0m03:01:08  Concurrency: 4 threads (target='dev')
[2025-09-10T03:01:08.750+0000] {subprocess.py:93} INFO - [0m03:01:08
[2025-09-10T03:01:08.777+0000] {subprocess.py:93} INFO - [0m03:01:08  1 of 15 START sql view model analytics.stg_AOV ................................. [RUN]
[2025-09-10T03:01:08.780+0000] {subprocess.py:93} INFO - [0m03:01:08  2 of 15 START sql view model analytics.stg_order_count_year .................... [RUN]
[2025-09-10T03:01:08.783+0000] {subprocess.py:93} INFO - [0m03:01:08  3 of 15 START sql view model analytics.stg_order_details ....................... [RUN]
[2025-09-10T03:01:08.789+0000] {subprocess.py:93} INFO - [0m03:01:08  4 of 15 START sql view model analytics.stg_order_items ......................... [RUN]
[2025-09-10T03:01:09.513+0000] {subprocess.py:93} INFO - [0m03:01:09  3 of 15 OK created sql view model analytics.stg_order_details .................. [[32mCREATE VIEW[0m in 0.70s]
[2025-09-10T03:01:09.540+0000] {subprocess.py:93} INFO - [0m03:01:09  1 of 15 OK created sql view model analytics.stg_AOV ............................ [[32mCREATE VIEW[0m in 0.75s]
[2025-09-10T03:01:09.548+0000] {subprocess.py:93} INFO - [0m03:01:09  4 of 15 OK created sql view model analytics.stg_order_items .................... [[32mCREATE VIEW[0m in 0.73s]
[2025-09-10T03:01:09.553+0000] {subprocess.py:93} INFO - [0m03:01:09  5 of 15 START sql view model analytics.stg_orders .............................. [RUN]
[2025-09-10T03:01:09.565+0000] {subprocess.py:93} INFO - [0m03:01:09  2 of 15 OK created sql view model analytics.stg_order_count_year ............... [[32mCREATE VIEW[0m in 0.76s]
[2025-09-10T03:01:09.586+0000] {subprocess.py:93} INFO - [0m03:01:09  6 of 15 START sql view model analytics.stg_payments ............................ [RUN]
[2025-09-10T03:01:09.591+0000] {subprocess.py:93} INFO - [0m03:01:09  7 of 15 START sql view model analytics.stg_products ............................ [RUN]
[2025-09-10T03:01:09.593+0000] {subprocess.py:93} INFO - [0m03:01:09  8 of 15 START sql table model analytics.AOV_chek ............................... [RUN]
[2025-09-10T03:01:10.111+0000] {subprocess.py:93} INFO - [0m03:01:10  6 of 15 OK created sql view model analytics.stg_payments ....................... [[32mCREATE VIEW[0m in 0.51s]
[2025-09-10T03:01:10.170+0000] {subprocess.py:93} INFO - [0m03:01:10  9 of 15 START sql table model analytics.order_count_year ....................... [RUN]
[2025-09-10T03:01:10.181+0000] {subprocess.py:93} INFO - [0m03:01:10  5 of 15 OK created sql view model analytics.stg_orders ......................... [[32mCREATE VIEW[0m in 0.62s]
[2025-09-10T03:01:10.196+0000] {subprocess.py:93} INFO - [0m03:01:10  7 of 15 OK created sql view model analytics.stg_products ....................... [[32mCREATE VIEW[0m in 0.59s]
[2025-09-10T03:01:10.231+0000] {subprocess.py:93} INFO - [0m03:01:10  10 of 15 START sql table model analytics.order_count_year+month_diff ........... [RUN]
[2025-09-10T03:01:10.242+0000] {subprocess.py:93} INFO - [0m03:01:10  11 of 15 START sql table model analytics.AVG_AOV_chek .......................... [RUN]
[2025-09-10T03:01:10.274+0000] {subprocess.py:93} INFO - [0m03:01:10  8 of 15 OK created sql table model analytics.AOV_chek .......................... [[32mSELECT 50[0m in 0.64s]
[2025-09-10T03:01:10.318+0000] {subprocess.py:93} INFO - [0m03:01:10  12 of 15 START sql table model analytics.orders_summary ........................ [RUN]
[2025-09-10T03:01:10.719+0000] {subprocess.py:93} INFO - [0m03:01:10  9 of 15 OK created sql table model analytics.order_count_year .................. [[32mSELECT 4[0m in 0.53s]
[2025-09-10T03:01:10.767+0000] {subprocess.py:93} INFO - [0m03:01:10  13 of 15 START sql table model analytics.AOV_EBITDA_COUNT ...................... [RUN]
[2025-09-10T03:01:10.777+0000] {subprocess.py:93} INFO - [0m03:01:10  10 of 15 OK created sql table model analytics.order_count_year+month_diff ...... [[32mSELECT 28[0m in 0.51s]
[2025-09-10T03:01:10.793+0000] {subprocess.py:93} INFO - [0m03:01:10  14 of 15 START sql table model analytics.AOV_category .......................... [RUN]
[2025-09-10T03:01:10.934+0000] {subprocess.py:93} INFO - [0m03:01:10  12 of 15 OK created sql table model analytics.orders_summary ................... [[32mSELECT 10000[0m in 0.60s]
[2025-09-10T03:01:10.957+0000] {subprocess.py:93} INFO - [0m03:01:10  15 of 15 START sql table model analytics.AOV_product_name ...................... [RUN]
[2025-09-10T03:01:10.971+0000] {subprocess.py:93} INFO - [0m03:01:10  11 of 15 OK created sql table model analytics.AVG_AOV_chek ..................... [[32mSELECT 16863[0m in 0.71s]
[2025-09-10T03:01:11.136+0000] {subprocess.py:93} INFO - [0m03:01:11  13 of 15 ERROR creating sql table model analytics.AOV_EBITDA_COUNT ............. [[31mERROR[0m in 0.36s]
[2025-09-10T03:01:11.140+0000] {subprocess.py:93} INFO - [0m03:01:11  14 of 15 ERROR creating sql table model analytics.AOV_category ................. [[31mERROR[0m in 0.31s]
[2025-09-10T03:01:11.177+0000] {subprocess.py:93} INFO - [0m03:01:11  15 of 15 ERROR creating sql table model analytics.AOV_product_name ............. [[31mERROR[0m in 0.21s]
[2025-09-10T03:01:11.201+0000] {subprocess.py:93} INFO - [0m03:01:11
[2025-09-10T03:01:11.201+0000] {subprocess.py:93} INFO - [0m03:01:11  Finished running 7 view models, 8 table models in 0 hours 0 minutes and 2.73 seconds (2.73s).
[2025-09-10T03:01:11.217+0000] {subprocess.py:93} INFO - [0m03:01:11
[2025-09-10T03:01:11.218+0000] {subprocess.py:93} INFO - [0m03:01:11  [31mCompleted with 3 errors and 0 warnings:[0m
[2025-09-10T03:01:11.218+0000] {subprocess.py:93} INFO - [0m03:01:11
[2025-09-10T03:01:11.219+0000] {subprocess.py:93} INFO - [0m03:01:11    Database Error in model AOV_EBITDA_COUNT (models/marts/AOV_EBITDA_COUNT.sql)
[2025-09-10T03:01:11.220+0000] {subprocess.py:93} INFO -   type "avr_order_value" does not exist
[2025-09-10T03:01:11.220+0000] {subprocess.py:93} INFO -   LINE 26: order by avr_order_value
[2025-09-10T03:01:11.221+0000] {subprocess.py:93} INFO -                     ^
[2025-09-10T03:01:11.221+0000] {subprocess.py:93} INFO -   compiled Code at target/run/my_project/models/marts/AOV_EBITDA_COUNT.sql
[2025-09-10T03:01:11.222+0000] {subprocess.py:93} INFO - [0m03:01:11
[2025-09-10T03:01:11.222+0000] {subprocess.py:93} INFO - [0m03:01:11    Database Error in model AOV_category (models/marts/AOV_category.sql)
[2025-09-10T03:01:11.223+0000] {subprocess.py:93} INFO -   type "avr_order_value" does not exist
[2025-09-10T03:01:11.223+0000] {subprocess.py:93} INFO -   LINE 27: order by avr_order_value
[2025-09-10T03:01:11.224+0000] {subprocess.py:93} INFO -                     ^
[2025-09-10T03:01:11.224+0000] {subprocess.py:93} INFO -   compiled Code at target/run/my_project/models/marts/AOV_category.sql
[2025-09-10T03:01:11.225+0000] {subprocess.py:93} INFO - [0m03:01:11
[2025-09-10T03:01:11.225+0000] {subprocess.py:93} INFO - [0m03:01:11    Database Error in model AOV_product_name (models/marts/AOV_product_name.sql)
[2025-09-10T03:01:11.226+0000] {subprocess.py:93} INFO -   type "avr_order_value" does not exist
[2025-09-10T03:01:11.227+0000] {subprocess.py:93} INFO -   LINE 28: order by avr_order_value
[2025-09-10T03:01:11.227+0000] {subprocess.py:93} INFO -                     ^
[2025-09-10T03:01:11.233+0000] {subprocess.py:93} INFO -   compiled Code at target/run/my_project/models/marts/AOV_product_name.sql
[2025-09-10T03:01:11.233+0000] {subprocess.py:93} INFO - [0m03:01:11
[2025-09-10T03:01:11.234+0000] {subprocess.py:93} INFO - [0m03:01:11  Done. PASS=12 WARN=0 ERROR=3 SKIP=0 TOTAL=15
[2025-09-10T03:01:21.763+0000] {subprocess.py:97} INFO - Command exited with return code 1
[2025-09-10T03:01:21.764+0000] {taskinstance.py:441} INFO - ::group::Post task execution logs
[2025-09-10T03:01:21.784+0000] {taskinstance.py:2905} ERROR - Task failed with exception
Traceback (most recent call last):
  File "/home/airflow/.local/lib/python3.12/site-packages/airflow/models/taskinstance.py", line 465, in _execute_task
    result = _execute_callable(context=context, **execute_callable_kwargs)
             ^^^^^^^^^^^^^^^^^^^^^^^^^^^^^^^^^^^^^^^^^^^^^^^^^^^^^^^^^^^^^
  File "/home/airflow/.local/lib/python3.12/site-packages/airflow/models/taskinstance.py", line 432, in _execute_callable
    return execute_callable(context=context, **execute_callable_kwargs)
           ^^^^^^^^^^^^^^^^^^^^^^^^^^^^^^^^^^^^^^^^^^^^^^^^^^^^^^^^^^^^
  File "/home/airflow/.local/lib/python3.12/site-packages/airflow/models/baseoperator.py", line 401, in wrapper
    return func(self, *args, **kwargs)
           ^^^^^^^^^^^^^^^^^^^^^^^^^^^
  File "/home/airflow/.local/lib/python3.12/site-packages/airflow/operators/bash.py", line 243, in execute
    raise AirflowException(
airflow.exceptions.AirflowException: Bash command failed. The command returned a non-zero exit code 1.
[2025-09-10T03:01:21.796+0000] {taskinstance.py:1206} INFO - Marking task as FAILED. dag_id=dbt_run_models, task_id=run_dbt_models, run_id=scheduled__2025-09-10T01:00:00+00:00, execution_date=20250910T010000, start_date=20250910T030103, end_date=20250910T030121
[2025-09-10T03:01:21.856+0000] {standard_task_runner.py:110} ERROR - Failed to execute job 1329 for task run_dbt_models (Bash command failed. The command returned a non-zero exit code 1.; 3474)
[2025-09-10T03:01:21.896+0000] {local_task_job_runner.py:243} INFO - Task exited with return code 1
[2025-09-10T03:01:21.946+0000] {taskinstance.py:3503} INFO - 0 downstream tasks scheduled from follow-on schedule check
[2025-09-10T03:01:21.960+0000] {local_task_job_runner.py:222} INFO - ::endgroup::
