[2025-09-10T02:00:01.513+0000] {local_task_job_runner.py:120} INFO - ::group::Pre task execution logs
[2025-09-10T02:00:01.577+0000] {taskinstance.py:2076} INFO - Dependencies all met for dep_context=non-requeueable deps ti=<TaskInstance: dbt_run_models.run_dbt_models scheduled__2025-09-10T01:00:00+00:00 [queued]>
[2025-09-10T02:00:01.601+0000] {taskinstance.py:2076} INFO - Dependencies all met for dep_context=requeueable deps ti=<TaskInstance: dbt_run_models.run_dbt_models scheduled__2025-09-10T01:00:00+00:00 [queued]>
[2025-09-10T02:00:01.602+0000] {taskinstance.py:2306} INFO - Starting attempt 1 of 2
[2025-09-10T02:00:01.636+0000] {taskinstance.py:2330} INFO - Executing <Task(BashOperator): run_dbt_models> on 2025-09-10 01:00:00+00:00
[2025-09-10T02:00:01.646+0000] {warnings.py:112} WARNING - /home/airflow/.local/lib/python3.12/site-packages/airflow/task/task_runner/standard_task_runner.py:62: DeprecationWarning: This process (pid=3237) is multi-threaded, use of fork() may lead to deadlocks in the child.
  pid = os.fork()

[2025-09-10T02:00:01.648+0000] {standard_task_runner.py:64} INFO - Started process 3238 to run task
[2025-09-10T02:00:01.648+0000] {standard_task_runner.py:90} INFO - Running: ['airflow', 'tasks', 'run', 'dbt_run_models', 'run_dbt_models', 'scheduled__2025-09-10T01:00:00+00:00', '--job-id', '1313', '--raw', '--subdir', 'DAGS_FOLDER/dbt_dag.py', '--cfg-path', '/tmp/tmp925pp8zr']
[2025-09-10T02:00:01.649+0000] {standard_task_runner.py:91} INFO - Job 1313: Subtask run_dbt_models
[2025-09-10T02:00:01.671+0000] {warnings.py:112} WARNING - /home/airflow/.local/lib/python3.12/site-packages/airflow/settings.py:195: DeprecationWarning: The sql_alchemy_conn option in [core] has been moved to the sql_alchemy_conn option in [database] - the old setting has been used, but please update your config.
  SQL_ALCHEMY_CONN = conf.get("database", "SQL_ALCHEMY_CONN")

[2025-09-10T02:00:01.756+0000] {task_command.py:426} INFO - Running <TaskInstance: dbt_run_models.run_dbt_models scheduled__2025-09-10T01:00:00+00:00 [running]> on host b5ea13053d47
[2025-09-10T02:00:02.038+0000] {taskinstance.py:2648} INFO - Exporting env vars: AIRFLOW_CTX_DAG_OWNER='airflow' AIRFLOW_CTX_DAG_ID='dbt_run_models' AIRFLOW_CTX_TASK_ID='run_dbt_models' AIRFLOW_CTX_EXECUTION_DATE='2025-09-10T01:00:00+00:00' AIRFLOW_CTX_TRY_NUMBER='1' AIRFLOW_CTX_DAG_RUN_ID='scheduled__2025-09-10T01:00:00+00:00'
[2025-09-10T02:00:02.039+0000] {taskinstance.py:430} INFO - ::endgroup::
[2025-09-10T02:00:02.054+0000] {subprocess.py:63} INFO - Tmp dir root location: /tmp
[2025-09-10T02:00:02.054+0000] {subprocess.py:75} INFO - Running command: ['/usr/bin/bash', '-c', '\n        cd /usr/app &&         dbt run --profiles-dir /usr/app\n        ']
[2025-09-10T02:00:02.072+0000] {subprocess.py:86} INFO - Output:
[2025-09-10T02:00:05.695+0000] {subprocess.py:93} INFO - [0m02:00:05  Running with dbt=1.7.9
[2025-09-10T02:00:06.162+0000] {subprocess.py:93} INFO - [0m02:00:06  Registered adapter: postgres=1.7.9
[2025-09-10T02:00:06.212+0000] {subprocess.py:93} INFO - [0m02:00:06  [[33mWARNING[0m]: Configuration paths exist in your dbt_project.yml file which do not apply to any resources.
[2025-09-10T02:00:06.213+0000] {subprocess.py:93} INFO - There are 1 unused configuration paths:
[2025-09-10T02:00:06.213+0000] {subprocess.py:93} INFO - - models.my_project.sources
[2025-09-10T02:00:06.241+0000] {subprocess.py:93} INFO - [0m02:00:06  Found 15 models, 7 sources, 0 exposures, 0 metrics, 401 macros, 0 groups, 0 semantic models
[2025-09-10T02:00:06.244+0000] {subprocess.py:93} INFO - [0m02:00:06
[2025-09-10T02:00:06.428+0000] {subprocess.py:93} INFO - [0m02:00:06  Concurrency: 4 threads (target='dev')
[2025-09-10T02:00:06.429+0000] {subprocess.py:93} INFO - [0m02:00:06
[2025-09-10T02:00:06.451+0000] {subprocess.py:93} INFO - [0m02:00:06  1 of 15 START sql view model analytics.stg_AOV ................................. [RUN]
[2025-09-10T02:00:06.458+0000] {subprocess.py:93} INFO - [0m02:00:06  2 of 15 START sql view model analytics.stg_order_count_year .................... [RUN]
[2025-09-10T02:00:06.467+0000] {subprocess.py:93} INFO - [0m02:00:06  4 of 15 START sql view model analytics.stg_order_items ......................... [RUN]
[2025-09-10T02:00:06.476+0000] {subprocess.py:93} INFO - [0m02:00:06  3 of 15 START sql view model analytics.stg_order_details ....................... [RUN]
[2025-09-10T02:00:07.238+0000] {subprocess.py:93} INFO - [0m02:00:07  4 of 15 OK created sql view model analytics.stg_order_items .................... [[32mCREATE VIEW[0m in 0.73s]
[2025-09-10T02:00:07.249+0000] {subprocess.py:93} INFO - [0m02:00:07  3 of 15 OK created sql view model analytics.stg_order_details .................. [[32mCREATE VIEW[0m in 0.73s]
[2025-09-10T02:00:07.251+0000] {subprocess.py:93} INFO - [0m02:00:07  1 of 15 OK created sql view model analytics.stg_AOV ............................ [[32mCREATE VIEW[0m in 0.78s]
[2025-09-10T02:00:07.254+0000] {subprocess.py:93} INFO - [0m02:00:07  5 of 15 START sql view model analytics.stg_orders .............................. [RUN]
[2025-09-10T02:00:07.259+0000] {subprocess.py:93} INFO - [0m02:00:07  2 of 15 OK created sql view model analytics.stg_order_count_year ............... [[32mCREATE VIEW[0m in 0.79s]
[2025-09-10T02:00:07.288+0000] {subprocess.py:93} INFO - [0m02:00:07  6 of 15 START sql view model analytics.stg_payments ............................ [RUN]
[2025-09-10T02:00:07.291+0000] {subprocess.py:93} INFO - [0m02:00:07  7 of 15 START sql view model analytics.stg_products ............................ [RUN]
[2025-09-10T02:00:07.313+0000] {subprocess.py:93} INFO - [0m02:00:07  8 of 15 START sql table model analytics.AOV_chek ............................... [RUN]
[2025-09-10T02:00:07.931+0000] {subprocess.py:93} INFO - [0m02:00:07  5 of 15 OK created sql view model analytics.stg_orders ......................... [[32mCREATE VIEW[0m in 0.66s]
[2025-09-10T02:00:07.934+0000] {subprocess.py:93} INFO - [0m02:00:07  6 of 15 OK created sql view model analytics.stg_payments ....................... [[32mCREATE VIEW[0m in 0.62s]
[2025-09-10T02:00:07.951+0000] {subprocess.py:93} INFO - [0m02:00:07  9 of 15 START sql table model analytics.order_count_year ....................... [RUN]
[2025-09-10T02:00:07.954+0000] {subprocess.py:93} INFO - [0m02:00:07  10 of 15 START sql table model analytics.order_count_year+month_diff ........... [RUN]
[2025-09-10T02:00:07.986+0000] {subprocess.py:93} INFO - [0m02:00:07  7 of 15 OK created sql view model analytics.stg_products ....................... [[32mCREATE VIEW[0m in 0.64s]
[2025-09-10T02:00:08.013+0000] {subprocess.py:93} INFO - [0m02:00:08  8 of 15 OK created sql table model analytics.AOV_chek .......................... [[32mSELECT 50[0m in 0.68s]
[2025-09-10T02:00:08.057+0000] {subprocess.py:93} INFO - [0m02:00:08  11 of 15 START sql table model analytics.AVG_AOV_chek .......................... [RUN]
[2025-09-10T02:00:08.072+0000] {subprocess.py:93} INFO - [0m02:00:08  12 of 15 START sql table model analytics.orders_summary ........................ [RUN]
[2025-09-10T02:00:08.439+0000] {subprocess.py:93} INFO - [0m02:00:08  9 of 15 OK created sql table model analytics.order_count_year .................. [[32mSELECT 4[0m in 0.48s]
[2025-09-10T02:00:08.465+0000] {subprocess.py:93} INFO - [0m02:00:08  10 of 15 OK created sql table model analytics.order_count_year+month_diff ...... [[32mSELECT 28[0m in 0.49s]
[2025-09-10T02:00:08.466+0000] {subprocess.py:93} INFO - [0m02:00:08  13 of 15 START sql table model analytics.AOV_EBITDA_COUNT ...................... [RUN]
[2025-09-10T02:00:08.481+0000] {subprocess.py:93} INFO - [0m02:00:08  14 of 15 START sql table model analytics.AOV_category .......................... [RUN]
[2025-09-10T02:00:08.541+0000] {subprocess.py:93} INFO - [0m02:00:08  11 of 15 OK created sql table model analytics.AVG_AOV_chek ..................... [[32mSELECT 16863[0m in 0.46s]
[2025-09-10T02:00:08.555+0000] {subprocess.py:93} INFO - [0m02:00:08  12 of 15 OK created sql table model analytics.orders_summary ................... [[32mSELECT 10000[0m in 0.45s]
[2025-09-10T02:00:08.604+0000] {subprocess.py:93} INFO - [0m02:00:08  15 of 15 START sql table model analytics.AOV_product_name ...................... [RUN]
[2025-09-10T02:00:08.770+0000] {subprocess.py:93} INFO - [0m02:00:08  14 of 15 ERROR creating sql table model analytics.AOV_category ................. [[31mERROR[0m in 0.27s]
[2025-09-10T02:00:08.793+0000] {subprocess.py:93} INFO - [0m02:00:08  13 of 15 ERROR creating sql table model analytics.AOV_EBITDA_COUNT ............. [[31mERROR[0m in 0.31s]
[2025-09-10T02:00:08.805+0000] {subprocess.py:93} INFO - [0m02:00:08  15 of 15 ERROR creating sql table model analytics.AOV_product_name ............. [[31mERROR[0m in 0.20s]
[2025-09-10T02:00:08.845+0000] {subprocess.py:93} INFO - [0m02:00:08
[2025-09-10T02:00:08.847+0000] {subprocess.py:93} INFO - [0m02:00:08  Finished running 7 view models, 8 table models in 0 hours 0 minutes and 2.60 seconds (2.60s).
[2025-09-10T02:00:08.897+0000] {subprocess.py:93} INFO - [0m02:00:08
[2025-09-10T02:00:08.899+0000] {subprocess.py:93} INFO - [0m02:00:08  [31mCompleted with 3 errors and 0 warnings:[0m
[2025-09-10T02:00:08.901+0000] {subprocess.py:93} INFO - [0m02:00:08
[2025-09-10T02:00:08.903+0000] {subprocess.py:93} INFO - [0m02:00:08    Database Error in model AOV_category (models/marts/AOV_category.sql)
[2025-09-10T02:00:08.903+0000] {subprocess.py:93} INFO -   type "avr_order_value" does not exist
[2025-09-10T02:00:08.903+0000] {subprocess.py:93} INFO -   LINE 21: order by avr_order_value
[2025-09-10T02:00:08.904+0000] {subprocess.py:93} INFO -                     ^
[2025-09-10T02:00:08.904+0000] {subprocess.py:93} INFO -   compiled Code at target/run/my_project/models/marts/AOV_category.sql
[2025-09-10T02:00:08.905+0000] {subprocess.py:93} INFO - [0m02:00:08
[2025-09-10T02:00:08.907+0000] {subprocess.py:93} INFO - [0m02:00:08    Database Error in model AOV_EBITDA_COUNT (models/marts/AOV_EBITDA_COUNT.sql)
[2025-09-10T02:00:08.907+0000] {subprocess.py:93} INFO -   type "avr_order_value" does not exist
[2025-09-10T02:00:08.907+0000] {subprocess.py:93} INFO -   LINE 19: order by avr_order_value
[2025-09-10T02:00:08.907+0000] {subprocess.py:93} INFO -                     ^
[2025-09-10T02:00:08.907+0000] {subprocess.py:93} INFO -   compiled Code at target/run/my_project/models/marts/AOV_EBITDA_COUNT.sql
[2025-09-10T02:00:08.908+0000] {subprocess.py:93} INFO - [0m02:00:08
[2025-09-10T02:00:08.910+0000] {subprocess.py:93} INFO - [0m02:00:08    Database Error in model AOV_product_name (models/marts/AOV_product_name.sql)
[2025-09-10T02:00:08.911+0000] {subprocess.py:93} INFO -   type "avr_order_value" does not exist
[2025-09-10T02:00:08.911+0000] {subprocess.py:93} INFO -   LINE 21: order by avr_order_value
[2025-09-10T02:00:08.911+0000] {subprocess.py:93} INFO -                     ^
[2025-09-10T02:00:08.911+0000] {subprocess.py:93} INFO -   compiled Code at target/run/my_project/models/marts/AOV_product_name.sql
[2025-09-10T02:00:08.913+0000] {subprocess.py:93} INFO - [0m02:00:08
[2025-09-10T02:00:08.915+0000] {subprocess.py:93} INFO - [0m02:00:08  Done. PASS=12 WARN=0 ERROR=3 SKIP=0 TOTAL=15
[2025-09-10T02:00:19.356+0000] {subprocess.py:97} INFO - Command exited with return code 1
[2025-09-10T02:00:19.358+0000] {taskinstance.py:441} INFO - ::group::Post task execution logs
[2025-09-10T02:00:19.384+0000] {taskinstance.py:2905} ERROR - Task failed with exception
Traceback (most recent call last):
  File "/home/airflow/.local/lib/python3.12/site-packages/airflow/models/taskinstance.py", line 465, in _execute_task
    result = _execute_callable(context=context, **execute_callable_kwargs)
             ^^^^^^^^^^^^^^^^^^^^^^^^^^^^^^^^^^^^^^^^^^^^^^^^^^^^^^^^^^^^^
  File "/home/airflow/.local/lib/python3.12/site-packages/airflow/models/taskinstance.py", line 432, in _execute_callable
    return execute_callable(context=context, **execute_callable_kwargs)
           ^^^^^^^^^^^^^^^^^^^^^^^^^^^^^^^^^^^^^^^^^^^^^^^^^^^^^^^^^^^^
  File "/home/airflow/.local/lib/python3.12/site-packages/airflow/models/baseoperator.py", line 401, in wrapper
    return func(self, *args, **kwargs)
           ^^^^^^^^^^^^^^^^^^^^^^^^^^^
  File "/home/airflow/.local/lib/python3.12/site-packages/airflow/operators/bash.py", line 243, in execute
    raise AirflowException(
airflow.exceptions.AirflowException: Bash command failed. The command returned a non-zero exit code 1.
[2025-09-10T02:00:19.395+0000] {taskinstance.py:1206} INFO - Marking task as UP_FOR_RETRY. dag_id=dbt_run_models, task_id=run_dbt_models, run_id=scheduled__2025-09-10T01:00:00+00:00, execution_date=20250910T010000, start_date=20250910T020001, end_date=20250910T020019
[2025-09-10T02:00:19.430+0000] {standard_task_runner.py:110} ERROR - Failed to execute job 1313 for task run_dbt_models (Bash command failed. The command returned a non-zero exit code 1.; 3238)
[2025-09-10T02:00:19.445+0000] {local_task_job_runner.py:243} INFO - Task exited with return code 1
[2025-09-10T02:00:19.493+0000] {taskinstance.py:3503} INFO - 0 downstream tasks scheduled from follow-on schedule check
[2025-09-10T02:00:19.496+0000] {local_task_job_runner.py:222} INFO - ::endgroup::
[2025-09-10T02:23:39.736+0000] {local_task_job_runner.py:120} INFO - ::group::Pre task execution logs
[2025-09-10T02:23:39.791+0000] {taskinstance.py:2076} INFO - Dependencies all met for dep_context=non-requeueable deps ti=<TaskInstance: dbt_run_models.run_dbt_models scheduled__2025-09-10T01:00:00+00:00 [queued]>
[2025-09-10T02:23:39.814+0000] {taskinstance.py:2076} INFO - Dependencies all met for dep_context=requeueable deps ti=<TaskInstance: dbt_run_models.run_dbt_models scheduled__2025-09-10T01:00:00+00:00 [queued]>
[2025-09-10T02:23:39.815+0000] {taskinstance.py:2306} INFO - Starting attempt 1 of 2
[2025-09-10T02:23:39.859+0000] {taskinstance.py:2330} INFO - Executing <Task(BashOperator): run_dbt_models> on 2025-09-10 01:00:00+00:00
[2025-09-10T02:23:39.873+0000] {warnings.py:112} WARNING - /home/airflow/.local/lib/python3.12/site-packages/airflow/task/task_runner/standard_task_runner.py:62: DeprecationWarning: This process (pid=3265) is multi-threaded, use of fork() may lead to deadlocks in the child.
  pid = os.fork()

[2025-09-10T02:23:39.875+0000] {standard_task_runner.py:64} INFO - Started process 3266 to run task
[2025-09-10T02:23:39.877+0000] {standard_task_runner.py:90} INFO - Running: ['airflow', 'tasks', 'run', 'dbt_run_models', 'run_dbt_models', 'scheduled__2025-09-10T01:00:00+00:00', '--job-id', '1315', '--raw', '--subdir', 'DAGS_FOLDER/dbt_dag.py', '--cfg-path', '/tmp/tmp273pntq_']
[2025-09-10T02:23:39.879+0000] {standard_task_runner.py:91} INFO - Job 1315: Subtask run_dbt_models
[2025-09-10T02:23:39.914+0000] {warnings.py:112} WARNING - /home/airflow/.local/lib/python3.12/site-packages/airflow/settings.py:195: DeprecationWarning: The sql_alchemy_conn option in [core] has been moved to the sql_alchemy_conn option in [database] - the old setting has been used, but please update your config.
  SQL_ALCHEMY_CONN = conf.get("database", "SQL_ALCHEMY_CONN")

[2025-09-10T02:23:40.015+0000] {task_command.py:426} INFO - Running <TaskInstance: dbt_run_models.run_dbt_models scheduled__2025-09-10T01:00:00+00:00 [running]> on host b5ea13053d47
[2025-09-10T02:23:40.334+0000] {taskinstance.py:2648} INFO - Exporting env vars: AIRFLOW_CTX_DAG_OWNER='airflow' AIRFLOW_CTX_DAG_ID='dbt_run_models' AIRFLOW_CTX_TASK_ID='run_dbt_models' AIRFLOW_CTX_EXECUTION_DATE='2025-09-10T01:00:00+00:00' AIRFLOW_CTX_TRY_NUMBER='1' AIRFLOW_CTX_DAG_RUN_ID='scheduled__2025-09-10T01:00:00+00:00'
[2025-09-10T02:23:40.337+0000] {taskinstance.py:430} INFO - ::endgroup::
[2025-09-10T02:23:40.438+0000] {subprocess.py:63} INFO - Tmp dir root location: /tmp
[2025-09-10T02:23:40.443+0000] {subprocess.py:75} INFO - Running command: ['/usr/bin/bash', '-c', '\n        cd /usr/app &&         dbt run --profiles-dir /usr/app\n        ']
[2025-09-10T02:23:40.471+0000] {subprocess.py:86} INFO - Output:
[2025-09-10T02:23:43.947+0000] {subprocess.py:93} INFO - [0m02:23:43  Running with dbt=1.7.9
[2025-09-10T02:23:44.339+0000] {subprocess.py:93} INFO - [0m02:23:44  Registered adapter: postgres=1.7.9
[2025-09-10T02:23:44.614+0000] {subprocess.py:93} INFO - [0m02:23:44  [[33mWARNING[0m]: Configuration paths exist in your dbt_project.yml file which do not apply to any resources.
[2025-09-10T02:23:44.614+0000] {subprocess.py:93} INFO - There are 1 unused configuration paths:
[2025-09-10T02:23:44.614+0000] {subprocess.py:93} INFO - - models.my_project.sources
[2025-09-10T02:23:44.648+0000] {subprocess.py:93} INFO - [0m02:23:44  Found 15 models, 7 sources, 0 exposures, 0 metrics, 401 macros, 0 groups, 0 semantic models
[2025-09-10T02:23:44.653+0000] {subprocess.py:93} INFO - [0m02:23:44
[2025-09-10T02:23:44.911+0000] {subprocess.py:93} INFO - [0m02:23:44  Concurrency: 4 threads (target='dev')
[2025-09-10T02:23:44.913+0000] {subprocess.py:93} INFO - [0m02:23:44
[2025-09-10T02:23:44.956+0000] {subprocess.py:93} INFO - [0m02:23:44  1 of 15 START sql view model analytics.stg_AOV ................................. [RUN]
[2025-09-10T02:23:44.960+0000] {subprocess.py:93} INFO - [0m02:23:44  2 of 15 START sql view model analytics.stg_order_count_year .................... [RUN]
[2025-09-10T02:23:44.962+0000] {subprocess.py:93} INFO - [0m02:23:44  3 of 15 START sql view model analytics.stg_order_details ....................... [RUN]
[2025-09-10T02:23:44.981+0000] {subprocess.py:93} INFO - [0m02:23:44  4 of 15 START sql view model analytics.stg_order_items ......................... [RUN]
[2025-09-10T02:23:45.829+0000] {subprocess.py:93} INFO - [0m02:23:45  1 of 15 OK created sql view model analytics.stg_AOV ............................ [[32mCREATE VIEW[0m in 0.86s]
[2025-09-10T02:23:45.839+0000] {subprocess.py:93} INFO - [0m02:23:45  2 of 15 OK created sql view model analytics.stg_order_count_year ............... [[32mCREATE VIEW[0m in 0.87s]
[2025-09-10T02:23:45.843+0000] {subprocess.py:93} INFO - [0m02:23:45  4 of 15 OK created sql view model analytics.stg_order_items .................... [[32mCREATE VIEW[0m in 0.83s]
[2025-09-10T02:23:45.853+0000] {subprocess.py:93} INFO - [0m02:23:45  3 of 15 OK created sql view model analytics.stg_order_details .................. [[32mCREATE VIEW[0m in 0.89s]
[2025-09-10T02:23:45.868+0000] {subprocess.py:93} INFO - [0m02:23:45  5 of 15 START sql view model analytics.stg_orders .............................. [RUN]
[2025-09-10T02:23:45.878+0000] {subprocess.py:93} INFO - [0m02:23:45  7 of 15 START sql view model analytics.stg_products ............................ [RUN]
[2025-09-10T02:23:45.884+0000] {subprocess.py:93} INFO - [0m02:23:45  8 of 15 START sql table model analytics.AOV_chek ............................... [RUN]
[2025-09-10T02:23:45.890+0000] {subprocess.py:93} INFO - [0m02:23:45  6 of 15 START sql view model analytics.stg_payments ............................ [RUN]
[2025-09-10T02:23:46.555+0000] {subprocess.py:93} INFO - [0m02:23:46  7 of 15 OK created sql view model analytics.stg_products ....................... [[32mCREATE VIEW[0m in 0.65s]
[2025-09-10T02:23:46.577+0000] {subprocess.py:93} INFO - [0m02:23:46  9 of 15 START sql table model analytics.order_count_year ....................... [RUN]
[2025-09-10T02:23:46.578+0000] {subprocess.py:93} INFO - [0m02:23:46  5 of 15 OK created sql view model analytics.stg_orders ......................... [[32mCREATE VIEW[0m in 0.69s]
[2025-09-10T02:23:46.614+0000] {subprocess.py:93} INFO - [0m02:23:46  10 of 15 START sql table model analytics.order_count_year+month_diff ........... [RUN]
[2025-09-10T02:23:46.636+0000] {subprocess.py:93} INFO - [0m02:23:46  6 of 15 OK created sql view model analytics.stg_payments ....................... [[32mCREATE VIEW[0m in 0.71s]
[2025-09-10T02:23:46.683+0000] {subprocess.py:93} INFO - [0m02:23:46  11 of 15 START sql table model analytics.orders_summary ........................ [RUN]
[2025-09-10T02:23:46.759+0000] {subprocess.py:93} INFO - [0m02:23:46  8 of 15 OK created sql table model analytics.AOV_chek .......................... [[32mSELECT 50[0m in 0.82s]
[2025-09-10T02:23:46.769+0000] {subprocess.py:93} INFO - [0m02:23:46  12 of 15 START sql table model analytics.AOV_EBITDA_COUNT ...................... [RUN]
[2025-09-10T02:23:47.198+0000] {subprocess.py:93} INFO - [0m02:23:47  12 of 15 ERROR creating sql table model analytics.AOV_EBITDA_COUNT ............. [[31mERROR[0m in 0.39s]
[2025-09-10T02:23:47.211+0000] {subprocess.py:93} INFO - [0m02:23:47  13 of 15 START sql table model analytics.AOV_category .......................... [RUN]
[2025-09-10T02:23:47.216+0000] {subprocess.py:93} INFO - [0m02:23:47  10 of 15 OK created sql table model analytics.order_count_year+month_diff ...... [[32mSELECT 28[0m in 0.59s]
[2025-09-10T02:23:47.227+0000] {subprocess.py:93} INFO - [0m02:23:47  9 of 15 OK created sql table model analytics.order_count_year .................. [[32mSELECT 4[0m in 0.62s]
[2025-09-10T02:23:47.260+0000] {subprocess.py:93} INFO - [0m02:23:47  14 of 15 START sql table model analytics.AOV_product_name ...................... [RUN]
[2025-09-10T02:23:47.305+0000] {subprocess.py:93} INFO - [0m02:23:47  15 of 15 START sql table model analytics.AVG_AOV_chek .......................... [RUN]
[2025-09-10T02:23:47.452+0000] {subprocess.py:93} INFO - [0m02:23:47  11 of 15 OK created sql table model analytics.orders_summary ................... [[32mSELECT 10000[0m in 0.76s]
[2025-09-10T02:23:47.468+0000] {subprocess.py:93} INFO - [0m02:23:47  13 of 15 ERROR creating sql table model analytics.AOV_category ................. [[31mERROR[0m in 0.24s]
[2025-09-10T02:23:47.510+0000] {subprocess.py:93} INFO - [0m02:23:47  14 of 15 ERROR creating sql table model analytics.AOV_product_name ............. [[31mERROR[0m in 0.24s]
[2025-09-10T02:23:47.642+0000] {subprocess.py:93} INFO - [0m02:23:47  15 of 15 OK created sql table model analytics.AVG_AOV_chek ..................... [[32mSELECT 16863[0m in 0.32s]
[2025-09-10T02:23:47.696+0000] {subprocess.py:93} INFO - [0m02:23:47
[2025-09-10T02:23:47.698+0000] {subprocess.py:93} INFO - [0m02:23:47  Finished running 7 view models, 8 table models in 0 hours 0 minutes and 3.04 seconds (3.04s).
[2025-09-10T02:23:47.744+0000] {subprocess.py:93} INFO - [0m02:23:47
[2025-09-10T02:23:47.747+0000] {subprocess.py:93} INFO - [0m02:23:47  [31mCompleted with 3 errors and 0 warnings:[0m
[2025-09-10T02:23:47.749+0000] {subprocess.py:93} INFO - [0m02:23:47
[2025-09-10T02:23:47.749+0000] {subprocess.py:93} INFO - [0m02:23:47    Database Error in model AOV_EBITDA_COUNT (models/marts/AOV_EBITDA_COUNT.sql)
[2025-09-10T02:23:47.750+0000] {subprocess.py:93} INFO -   type "avr_order_value" does not exist
[2025-09-10T02:23:47.750+0000] {subprocess.py:93} INFO -   LINE 19: order by avr_order_value
[2025-09-10T02:23:47.751+0000] {subprocess.py:93} INFO -                     ^
[2025-09-10T02:23:47.751+0000] {subprocess.py:93} INFO -   compiled Code at target/run/my_project/models/marts/AOV_EBITDA_COUNT.sql
[2025-09-10T02:23:47.752+0000] {subprocess.py:93} INFO - [0m02:23:47
[2025-09-10T02:23:47.752+0000] {subprocess.py:93} INFO - [0m02:23:47    Database Error in model AOV_category (models/marts/AOV_category.sql)
[2025-09-10T02:23:47.753+0000] {subprocess.py:93} INFO -   type "avr_order_value" does not exist
[2025-09-10T02:23:47.753+0000] {subprocess.py:93} INFO -   LINE 21: order by avr_order_value
[2025-09-10T02:23:47.754+0000] {subprocess.py:93} INFO -                     ^
[2025-09-10T02:23:47.754+0000] {subprocess.py:93} INFO -   compiled Code at target/run/my_project/models/marts/AOV_category.sql
[2025-09-10T02:23:47.755+0000] {subprocess.py:93} INFO - [0m02:23:47
[2025-09-10T02:23:47.755+0000] {subprocess.py:93} INFO - [0m02:23:47    Database Error in model AOV_product_name (models/marts/AOV_product_name.sql)
[2025-09-10T02:23:47.756+0000] {subprocess.py:93} INFO -   type "avr_order_value" does not exist
[2025-09-10T02:23:47.757+0000] {subprocess.py:93} INFO -   LINE 21: order by avr_order_value
[2025-09-10T02:23:47.758+0000] {subprocess.py:93} INFO -                     ^
[2025-09-10T02:23:47.758+0000] {subprocess.py:93} INFO -   compiled Code at target/run/my_project/models/marts/AOV_product_name.sql
[2025-09-10T02:23:47.759+0000] {subprocess.py:93} INFO - [0m02:23:47
[2025-09-10T02:23:47.760+0000] {subprocess.py:93} INFO - [0m02:23:47  Done. PASS=12 WARN=0 ERROR=3 SKIP=0 TOTAL=15
[2025-09-10T02:23:58.224+0000] {subprocess.py:97} INFO - Command exited with return code 1
[2025-09-10T02:23:58.226+0000] {taskinstance.py:441} INFO - ::group::Post task execution logs
[2025-09-10T02:23:58.257+0000] {taskinstance.py:2905} ERROR - Task failed with exception
Traceback (most recent call last):
  File "/home/airflow/.local/lib/python3.12/site-packages/airflow/models/taskinstance.py", line 465, in _execute_task
    result = _execute_callable(context=context, **execute_callable_kwargs)
             ^^^^^^^^^^^^^^^^^^^^^^^^^^^^^^^^^^^^^^^^^^^^^^^^^^^^^^^^^^^^^
  File "/home/airflow/.local/lib/python3.12/site-packages/airflow/models/taskinstance.py", line 432, in _execute_callable
    return execute_callable(context=context, **execute_callable_kwargs)
           ^^^^^^^^^^^^^^^^^^^^^^^^^^^^^^^^^^^^^^^^^^^^^^^^^^^^^^^^^^^^
  File "/home/airflow/.local/lib/python3.12/site-packages/airflow/models/baseoperator.py", line 401, in wrapper
    return func(self, *args, **kwargs)
           ^^^^^^^^^^^^^^^^^^^^^^^^^^^
  File "/home/airflow/.local/lib/python3.12/site-packages/airflow/operators/bash.py", line 243, in execute
    raise AirflowException(
airflow.exceptions.AirflowException: Bash command failed. The command returned a non-zero exit code 1.
[2025-09-10T02:23:58.276+0000] {taskinstance.py:1206} INFO - Marking task as UP_FOR_RETRY. dag_id=dbt_run_models, task_id=run_dbt_models, run_id=scheduled__2025-09-10T01:00:00+00:00, execution_date=20250910T010000, start_date=20250910T022339, end_date=20250910T022358
[2025-09-10T02:23:58.313+0000] {standard_task_runner.py:110} ERROR - Failed to execute job 1315 for task run_dbt_models (Bash command failed. The command returned a non-zero exit code 1.; 3266)
[2025-09-10T02:23:58.352+0000] {local_task_job_runner.py:243} INFO - Task exited with return code 1
[2025-09-10T02:23:58.413+0000] {taskinstance.py:3503} INFO - 0 downstream tasks scheduled from follow-on schedule check
[2025-09-10T02:23:58.419+0000] {local_task_job_runner.py:222} INFO - ::endgroup::
[2025-09-10T02:33:20.919+0000] {local_task_job_runner.py:120} INFO - ::group::Pre task execution logs
[2025-09-10T02:33:21.004+0000] {taskinstance.py:2076} INFO - Dependencies all met for dep_context=non-requeueable deps ti=<TaskInstance: dbt_run_models.run_dbt_models scheduled__2025-09-10T01:00:00+00:00 [queued]>
[2025-09-10T02:33:21.029+0000] {taskinstance.py:2076} INFO - Dependencies all met for dep_context=requeueable deps ti=<TaskInstance: dbt_run_models.run_dbt_models scheduled__2025-09-10T01:00:00+00:00 [queued]>
[2025-09-10T02:33:21.031+0000] {taskinstance.py:2306} INFO - Starting attempt 1 of 2
[2025-09-10T02:33:21.075+0000] {taskinstance.py:2330} INFO - Executing <Task(BashOperator): run_dbt_models> on 2025-09-10 01:00:00+00:00
[2025-09-10T02:33:21.087+0000] {warnings.py:112} WARNING - /home/airflow/.local/lib/python3.12/site-packages/airflow/task/task_runner/standard_task_runner.py:62: DeprecationWarning: This process (pid=3325) is multi-threaded, use of fork() may lead to deadlocks in the child.
  pid = os.fork()

[2025-09-10T02:33:21.090+0000] {standard_task_runner.py:64} INFO - Started process 3326 to run task
[2025-09-10T02:33:21.092+0000] {standard_task_runner.py:90} INFO - Running: ['airflow', 'tasks', 'run', 'dbt_run_models', 'run_dbt_models', 'scheduled__2025-09-10T01:00:00+00:00', '--job-id', '1319', '--raw', '--subdir', 'DAGS_FOLDER/dbt_dag.py', '--cfg-path', '/tmp/tmpn402mwc7']
[2025-09-10T02:33:21.094+0000] {standard_task_runner.py:91} INFO - Job 1319: Subtask run_dbt_models
[2025-09-10T02:33:21.122+0000] {warnings.py:112} WARNING - /home/airflow/.local/lib/python3.12/site-packages/airflow/settings.py:195: DeprecationWarning: The sql_alchemy_conn option in [core] has been moved to the sql_alchemy_conn option in [database] - the old setting has been used, but please update your config.
  SQL_ALCHEMY_CONN = conf.get("database", "SQL_ALCHEMY_CONN")

[2025-09-10T02:33:21.196+0000] {task_command.py:426} INFO - Running <TaskInstance: dbt_run_models.run_dbt_models scheduled__2025-09-10T01:00:00+00:00 [running]> on host b5ea13053d47
[2025-09-10T02:33:21.421+0000] {taskinstance.py:2648} INFO - Exporting env vars: AIRFLOW_CTX_DAG_OWNER='airflow' AIRFLOW_CTX_DAG_ID='dbt_run_models' AIRFLOW_CTX_TASK_ID='run_dbt_models' AIRFLOW_CTX_EXECUTION_DATE='2025-09-10T01:00:00+00:00' AIRFLOW_CTX_TRY_NUMBER='1' AIRFLOW_CTX_DAG_RUN_ID='scheduled__2025-09-10T01:00:00+00:00'
[2025-09-10T02:33:21.422+0000] {taskinstance.py:430} INFO - ::endgroup::
[2025-09-10T02:33:21.441+0000] {subprocess.py:63} INFO - Tmp dir root location: /tmp
[2025-09-10T02:33:21.442+0000] {subprocess.py:75} INFO - Running command: ['/usr/bin/bash', '-c', '\n        cd /usr/app &&         dbt run --profiles-dir /usr/app\n        ']
[2025-09-10T02:33:21.454+0000] {subprocess.py:86} INFO - Output:
[2025-09-10T02:33:25.299+0000] {subprocess.py:93} INFO - [0m02:33:25  Running with dbt=1.7.9
[2025-09-10T02:33:25.709+0000] {subprocess.py:93} INFO - [0m02:33:25  Registered adapter: postgres=1.7.9
[2025-09-10T02:33:25.981+0000] {subprocess.py:93} INFO - [0m02:33:25  [[33mWARNING[0m]: Configuration paths exist in your dbt_project.yml file which do not apply to any resources.
[2025-09-10T02:33:25.981+0000] {subprocess.py:93} INFO - There are 1 unused configuration paths:
[2025-09-10T02:33:25.981+0000] {subprocess.py:93} INFO - - models.my_project.sources
[2025-09-10T02:33:26.012+0000] {subprocess.py:93} INFO - [0m02:33:26  Found 15 models, 7 sources, 0 exposures, 0 metrics, 401 macros, 0 groups, 0 semantic models
[2025-09-10T02:33:26.016+0000] {subprocess.py:93} INFO - [0m02:33:26
[2025-09-10T02:33:26.252+0000] {subprocess.py:93} INFO - [0m02:33:26  Concurrency: 4 threads (target='dev')
[2025-09-10T02:33:26.253+0000] {subprocess.py:93} INFO - [0m02:33:26
[2025-09-10T02:33:26.272+0000] {subprocess.py:93} INFO - [0m02:33:26  1 of 15 START sql view model analytics.stg_AOV ................................. [RUN]
[2025-09-10T02:33:26.277+0000] {subprocess.py:93} INFO - [0m02:33:26  2 of 15 START sql view model analytics.stg_order_count_year .................... [RUN]
[2025-09-10T02:33:26.288+0000] {subprocess.py:93} INFO - [0m02:33:26  3 of 15 START sql view model analytics.stg_order_details ....................... [RUN]
[2025-09-10T02:33:26.294+0000] {subprocess.py:93} INFO - [0m02:33:26  4 of 15 START sql view model analytics.stg_order_items ......................... [RUN]
[2025-09-10T02:33:27.038+0000] {subprocess.py:93} INFO - [0m02:33:27  1 of 15 OK created sql view model analytics.stg_AOV ............................ [[32mCREATE VIEW[0m in 0.75s]
[2025-09-10T02:33:27.044+0000] {subprocess.py:93} INFO - [0m02:33:27  3 of 15 OK created sql view model analytics.stg_order_details .................. [[32mCREATE VIEW[0m in 0.74s]
[2025-09-10T02:33:27.046+0000] {subprocess.py:93} INFO - [0m02:33:27  2 of 15 OK created sql view model analytics.stg_order_count_year ............... [[32mCREATE VIEW[0m in 0.75s]
[2025-09-10T02:33:27.061+0000] {subprocess.py:93} INFO - [0m02:33:27  5 of 15 START sql view model analytics.stg_orders .............................. [RUN]
[2025-09-10T02:33:27.067+0000] {subprocess.py:93} INFO - [0m02:33:27  6 of 15 START sql view model analytics.stg_payments ............................ [RUN]
[2025-09-10T02:33:27.102+0000] {subprocess.py:93} INFO - [0m02:33:27  4 of 15 OK created sql view model analytics.stg_order_items .................... [[32mCREATE VIEW[0m in 0.76s]
[2025-09-10T02:33:27.105+0000] {subprocess.py:93} INFO - [0m02:33:27  7 of 15 START sql view model analytics.stg_products ............................ [RUN]
[2025-09-10T02:33:27.111+0000] {subprocess.py:93} INFO - [0m02:33:27  8 of 15 START sql table model analytics.AOV_chek ............................... [RUN]
[2025-09-10T02:33:27.506+0000] {subprocess.py:93} INFO - [0m02:33:27  5 of 15 OK created sql view model analytics.stg_orders ......................... [[32mCREATE VIEW[0m in 0.43s]
[2025-09-10T02:33:27.507+0000] {subprocess.py:93} INFO - [0m02:33:27  9 of 15 START sql table model analytics.order_count_year ....................... [RUN]
[2025-09-10T02:33:27.541+0000] {subprocess.py:93} INFO - [0m02:33:27  7 of 15 OK created sql view model analytics.stg_products ....................... [[32mCREATE VIEW[0m in 0.43s]
[2025-09-10T02:33:27.620+0000] {subprocess.py:93} INFO - [0m02:33:27  10 of 15 START sql table model analytics.order_count_year+month_diff ........... [RUN]
[2025-09-10T02:33:27.699+0000] {subprocess.py:93} INFO - [0m02:33:27  6 of 15 OK created sql view model analytics.stg_payments ....................... [[32mCREATE VIEW[0m in 0.61s]
[2025-09-10T02:33:27.744+0000] {subprocess.py:93} INFO - [0m02:33:27  11 of 15 START sql table model analytics.orders_summary ........................ [RUN]
[2025-09-10T02:33:27.812+0000] {subprocess.py:93} INFO - [0m02:33:27  8 of 15 OK created sql table model analytics.AOV_chek .......................... [[32mSELECT 50[0m in 0.66s]
[2025-09-10T02:33:27.815+0000] {subprocess.py:93} INFO - [0m02:33:27  12 of 15 START sql table model analytics.AOV_EBITDA_COUNT ...................... [RUN]
[2025-09-10T02:33:28.262+0000] {subprocess.py:93} INFO - [0m02:33:28  9 of 15 OK created sql table model analytics.order_count_year .................. [[32mSELECT 4[0m in 0.73s]
[2025-09-10T02:33:28.297+0000] {subprocess.py:93} INFO - [0m02:33:28  13 of 15 START sql table model analytics.AOV_category .......................... [RUN]
[2025-09-10T02:33:28.378+0000] {subprocess.py:93} INFO - [0m02:33:28  12 of 15 ERROR creating sql table model analytics.AOV_EBITDA_COUNT ............. [[31mERROR[0m in 0.51s]
[2025-09-10T02:33:28.402+0000] {subprocess.py:93} INFO - [0m02:33:28  10 of 15 OK created sql table model analytics.order_count_year+month_diff ...... [[32mSELECT 28[0m in 0.76s]
[2025-09-10T02:33:28.420+0000] {subprocess.py:93} INFO - [0m02:33:28  14 of 15 START sql table model analytics.AOV_product_name ...................... [RUN]
[2025-09-10T02:33:28.439+0000] {subprocess.py:93} INFO - [0m02:33:28  15 of 15 START sql table model analytics.AVG_AOV_chek .......................... [RUN]
[2025-09-10T02:33:28.544+0000] {subprocess.py:93} INFO - [0m02:33:28  13 of 15 ERROR creating sql table model analytics.AOV_category ................. [[31mERROR[0m in 0.21s]
[2025-09-10T02:33:28.566+0000] {subprocess.py:93} INFO - [0m02:33:28  11 of 15 OK created sql table model analytics.orders_summary ................... [[32mSELECT 10000[0m in 0.81s]
[2025-09-10T02:33:28.573+0000] {subprocess.py:93} INFO - [0m02:33:28  14 of 15 ERROR creating sql table model analytics.AOV_product_name ............. [[31mERROR[0m in 0.13s]
[2025-09-10T02:33:28.730+0000] {subprocess.py:93} INFO - [0m02:33:28  15 of 15 OK created sql table model analytics.AVG_AOV_chek ..................... [[32mSELECT 16863[0m in 0.26s]
[2025-09-10T02:33:28.758+0000] {subprocess.py:93} INFO - [0m02:33:28
[2025-09-10T02:33:28.760+0000] {subprocess.py:93} INFO - [0m02:33:28  Finished running 7 view models, 8 table models in 0 hours 0 minutes and 2.74 seconds (2.74s).
[2025-09-10T02:33:28.814+0000] {subprocess.py:93} INFO - [0m02:33:28
[2025-09-10T02:33:28.814+0000] {subprocess.py:93} INFO - [0m02:33:28  [31mCompleted with 3 errors and 0 warnings:[0m
[2025-09-10T02:33:28.814+0000] {subprocess.py:93} INFO - [0m02:33:28
[2025-09-10T02:33:28.824+0000] {subprocess.py:93} INFO - [0m02:33:28    Database Error in model AOV_EBITDA_COUNT (models/marts/AOV_EBITDA_COUNT.sql)
[2025-09-10T02:33:28.825+0000] {subprocess.py:93} INFO -   type "avr_order_value" does not exist
[2025-09-10T02:33:28.825+0000] {subprocess.py:93} INFO -   LINE 26: order by avr_order_value
[2025-09-10T02:33:28.826+0000] {subprocess.py:93} INFO -                     ^
[2025-09-10T02:33:28.826+0000] {subprocess.py:93} INFO -   compiled Code at target/run/my_project/models/marts/AOV_EBITDA_COUNT.sql
[2025-09-10T02:33:28.827+0000] {subprocess.py:93} INFO - [0m02:33:28
[2025-09-10T02:33:28.827+0000] {subprocess.py:93} INFO - [0m02:33:28    Database Error in model AOV_category (models/marts/AOV_category.sql)
[2025-09-10T02:33:28.828+0000] {subprocess.py:93} INFO -   type "avr_order_value" does not exist
[2025-09-10T02:33:28.828+0000] {subprocess.py:93} INFO -   LINE 27: order by avr_order_value
[2025-09-10T02:33:28.829+0000] {subprocess.py:93} INFO -                     ^
[2025-09-10T02:33:28.829+0000] {subprocess.py:93} INFO -   compiled Code at target/run/my_project/models/marts/AOV_category.sql
[2025-09-10T02:33:28.830+0000] {subprocess.py:93} INFO - [0m02:33:28
[2025-09-10T02:33:28.830+0000] {subprocess.py:93} INFO - [0m02:33:28    Database Error in model AOV_product_name (models/marts/AOV_product_name.sql)
[2025-09-10T02:33:28.831+0000] {subprocess.py:93} INFO -   relation "calc_product_nam" does not exist
[2025-09-10T02:33:28.832+0000] {subprocess.py:93} INFO -   LINE 27: from calc_product_nam
[2025-09-10T02:33:28.832+0000] {subprocess.py:93} INFO -                 ^
[2025-09-10T02:33:28.833+0000] {subprocess.py:93} INFO -   compiled Code at target/run/my_project/models/marts/AOV_product_name.sql
[2025-09-10T02:33:28.844+0000] {subprocess.py:93} INFO - [0m02:33:28
[2025-09-10T02:33:28.845+0000] {subprocess.py:93} INFO - [0m02:33:28  Done. PASS=12 WARN=0 ERROR=3 SKIP=0 TOTAL=15
[2025-09-10T02:33:39.679+0000] {subprocess.py:97} INFO - Command exited with return code 1
[2025-09-10T02:33:39.680+0000] {taskinstance.py:441} INFO - ::group::Post task execution logs
[2025-09-10T02:33:39.724+0000] {taskinstance.py:2905} ERROR - Task failed with exception
Traceback (most recent call last):
  File "/home/airflow/.local/lib/python3.12/site-packages/airflow/models/taskinstance.py", line 465, in _execute_task
    result = _execute_callable(context=context, **execute_callable_kwargs)
             ^^^^^^^^^^^^^^^^^^^^^^^^^^^^^^^^^^^^^^^^^^^^^^^^^^^^^^^^^^^^^
  File "/home/airflow/.local/lib/python3.12/site-packages/airflow/models/taskinstance.py", line 432, in _execute_callable
    return execute_callable(context=context, **execute_callable_kwargs)
           ^^^^^^^^^^^^^^^^^^^^^^^^^^^^^^^^^^^^^^^^^^^^^^^^^^^^^^^^^^^^
  File "/home/airflow/.local/lib/python3.12/site-packages/airflow/models/baseoperator.py", line 401, in wrapper
    return func(self, *args, **kwargs)
           ^^^^^^^^^^^^^^^^^^^^^^^^^^^
  File "/home/airflow/.local/lib/python3.12/site-packages/airflow/operators/bash.py", line 243, in execute
    raise AirflowException(
airflow.exceptions.AirflowException: Bash command failed. The command returned a non-zero exit code 1.
[2025-09-10T02:33:39.742+0000] {taskinstance.py:1206} INFO - Marking task as UP_FOR_RETRY. dag_id=dbt_run_models, task_id=run_dbt_models, run_id=scheduled__2025-09-10T01:00:00+00:00, execution_date=20250910T010000, start_date=20250910T023321, end_date=20250910T023339
[2025-09-10T02:33:39.801+0000] {standard_task_runner.py:110} ERROR - Failed to execute job 1319 for task run_dbt_models (Bash command failed. The command returned a non-zero exit code 1.; 3326)
[2025-09-10T02:33:39.845+0000] {local_task_job_runner.py:243} INFO - Task exited with return code 1
[2025-09-10T02:33:39.939+0000] {taskinstance.py:3503} INFO - 0 downstream tasks scheduled from follow-on schedule check
[2025-09-10T02:33:39.950+0000] {local_task_job_runner.py:222} INFO - ::endgroup::
[2025-09-10T02:47:04.522+0000] {local_task_job_runner.py:120} INFO - ::group::Pre task execution logs
[2025-09-10T02:47:04.602+0000] {taskinstance.py:2076} INFO - Dependencies all met for dep_context=non-requeueable deps ti=<TaskInstance: dbt_run_models.run_dbt_models scheduled__2025-09-10T01:00:00+00:00 [queued]>
[2025-09-10T02:47:04.628+0000] {taskinstance.py:2076} INFO - Dependencies all met for dep_context=requeueable deps ti=<TaskInstance: dbt_run_models.run_dbt_models scheduled__2025-09-10T01:00:00+00:00 [queued]>
[2025-09-10T02:47:04.629+0000] {taskinstance.py:2306} INFO - Starting attempt 1 of 2
[2025-09-10T02:47:04.670+0000] {taskinstance.py:2330} INFO - Executing <Task(BashOperator): run_dbt_models> on 2025-09-10 01:00:00+00:00
[2025-09-10T02:47:04.677+0000] {warnings.py:112} WARNING - /home/airflow/.local/lib/python3.12/site-packages/airflow/task/task_runner/standard_task_runner.py:62: DeprecationWarning: This process (pid=3389) is multi-threaded, use of fork() may lead to deadlocks in the child.
  pid = os.fork()

[2025-09-10T02:47:04.678+0000] {standard_task_runner.py:64} INFO - Started process 3390 to run task
[2025-09-10T02:47:04.681+0000] {standard_task_runner.py:90} INFO - Running: ['airflow', 'tasks', 'run', 'dbt_run_models', 'run_dbt_models', 'scheduled__2025-09-10T01:00:00+00:00', '--job-id', '1323', '--raw', '--subdir', 'DAGS_FOLDER/dbt_dag.py', '--cfg-path', '/tmp/tmpfoeztit8']
[2025-09-10T02:47:04.682+0000] {standard_task_runner.py:91} INFO - Job 1323: Subtask run_dbt_models
[2025-09-10T02:47:04.713+0000] {warnings.py:112} WARNING - /home/airflow/.local/lib/python3.12/site-packages/airflow/settings.py:195: DeprecationWarning: The sql_alchemy_conn option in [core] has been moved to the sql_alchemy_conn option in [database] - the old setting has been used, but please update your config.
  SQL_ALCHEMY_CONN = conf.get("database", "SQL_ALCHEMY_CONN")

[2025-09-10T02:47:04.765+0000] {task_command.py:426} INFO - Running <TaskInstance: dbt_run_models.run_dbt_models scheduled__2025-09-10T01:00:00+00:00 [running]> on host b5ea13053d47
[2025-09-10T02:47:04.970+0000] {taskinstance.py:2648} INFO - Exporting env vars: AIRFLOW_CTX_DAG_OWNER='airflow' AIRFLOW_CTX_DAG_ID='dbt_run_models' AIRFLOW_CTX_TASK_ID='run_dbt_models' AIRFLOW_CTX_EXECUTION_DATE='2025-09-10T01:00:00+00:00' AIRFLOW_CTX_TRY_NUMBER='1' AIRFLOW_CTX_DAG_RUN_ID='scheduled__2025-09-10T01:00:00+00:00'
[2025-09-10T02:47:04.971+0000] {taskinstance.py:430} INFO - ::endgroup::
[2025-09-10T02:47:04.986+0000] {subprocess.py:63} INFO - Tmp dir root location: /tmp
[2025-09-10T02:47:04.987+0000] {subprocess.py:75} INFO - Running command: ['/usr/bin/bash', '-c', '\n        cd /usr/app &&         dbt run --profiles-dir /usr/app\n        ']
[2025-09-10T02:47:05.011+0000] {subprocess.py:86} INFO - Output:
[2025-09-10T02:47:09.325+0000] {subprocess.py:93} INFO - [0m02:47:09  Running with dbt=1.7.9
[2025-09-10T02:47:09.794+0000] {subprocess.py:93} INFO - [0m02:47:09  Registered adapter: postgres=1.7.9
[2025-09-10T02:47:09.855+0000] {subprocess.py:93} INFO - [0m02:47:09  [[33mWARNING[0m]: Configuration paths exist in your dbt_project.yml file which do not apply to any resources.
[2025-09-10T02:47:09.855+0000] {subprocess.py:93} INFO - There are 1 unused configuration paths:
[2025-09-10T02:47:09.856+0000] {subprocess.py:93} INFO - - models.my_project.sources
[2025-09-10T02:47:09.888+0000] {subprocess.py:93} INFO - [0m02:47:09  Found 15 models, 7 sources, 0 exposures, 0 metrics, 401 macros, 0 groups, 0 semantic models
[2025-09-10T02:47:09.894+0000] {subprocess.py:93} INFO - [0m02:47:09
[2025-09-10T02:47:10.208+0000] {subprocess.py:93} INFO - [0m02:47:10  Concurrency: 4 threads (target='dev')
[2025-09-10T02:47:10.211+0000] {subprocess.py:93} INFO - [0m02:47:10
[2025-09-10T02:47:10.252+0000] {subprocess.py:93} INFO - [0m02:47:10  1 of 15 START sql view model analytics.stg_AOV ................................. [RUN]
[2025-09-10T02:47:10.255+0000] {subprocess.py:93} INFO - [0m02:47:10  2 of 15 START sql view model analytics.stg_order_count_year .................... [RUN]
[2025-09-10T02:47:10.258+0000] {subprocess.py:93} INFO - [0m02:47:10  3 of 15 START sql view model analytics.stg_order_details ....................... [RUN]
[2025-09-10T02:47:10.262+0000] {subprocess.py:93} INFO - [0m02:47:10  4 of 15 START sql view model analytics.stg_order_items ......................... [RUN]
[2025-09-10T02:47:10.829+0000] {subprocess.py:93} INFO - [0m02:47:10  1 of 15 OK created sql view model analytics.stg_AOV ............................ [[32mCREATE VIEW[0m in 0.55s]
[2025-09-10T02:47:10.840+0000] {subprocess.py:93} INFO - [0m02:47:10  5 of 15 START sql view model analytics.stg_orders .............................. [RUN]
[2025-09-10T02:47:10.892+0000] {subprocess.py:93} INFO - [0m02:47:10  4 of 15 OK created sql view model analytics.stg_order_items .................... [[32mCREATE VIEW[0m in 0.61s]
[2025-09-10T02:47:10.898+0000] {subprocess.py:93} INFO - [0m02:47:10  2 of 15 OK created sql view model analytics.stg_order_count_year ............... [[32mCREATE VIEW[0m in 0.63s]
[2025-09-10T02:47:10.900+0000] {subprocess.py:93} INFO - [0m02:47:10  3 of 15 OK created sql view model analytics.stg_order_details .................. [[32mCREATE VIEW[0m in 0.62s]
[2025-09-10T02:47:10.946+0000] {subprocess.py:93} INFO - [0m02:47:10  6 of 15 START sql view model analytics.stg_payments ............................ [RUN]
[2025-09-10T02:47:10.950+0000] {subprocess.py:93} INFO - [0m02:47:10  7 of 15 START sql view model analytics.stg_products ............................ [RUN]
[2025-09-10T02:47:10.953+0000] {subprocess.py:93} INFO - [0m02:47:10  8 of 15 START sql table model analytics.AOV_chek ............................... [RUN]
[2025-09-10T02:47:11.385+0000] {subprocess.py:93} INFO - [0m02:47:11  5 of 15 OK created sql view model analytics.stg_orders ......................... [[32mCREATE VIEW[0m in 0.51s]
[2025-09-10T02:47:11.389+0000] {subprocess.py:93} INFO - [0m02:47:11  9 of 15 START sql table model analytics.order_count_year ....................... [RUN]
[2025-09-10T02:47:11.532+0000] {subprocess.py:93} INFO - [0m02:47:11  6 of 15 OK created sql view model analytics.stg_payments ....................... [[32mCREATE VIEW[0m in 0.57s]
[2025-09-10T02:47:11.553+0000] {subprocess.py:93} INFO - [0m02:47:11  7 of 15 OK created sql view model analytics.stg_products ....................... [[32mCREATE VIEW[0m in 0.58s]
[2025-09-10T02:47:11.567+0000] {subprocess.py:93} INFO - [0m02:47:11  10 of 15 START sql table model analytics.order_count_year+month_diff ........... [RUN]
[2025-09-10T02:47:11.580+0000] {subprocess.py:93} INFO - [0m02:47:11  8 of 15 OK created sql table model analytics.AOV_chek .......................... [[32mSELECT 50[0m in 0.60s]
[2025-09-10T02:47:11.584+0000] {subprocess.py:93} INFO - [0m02:47:11  11 of 15 START sql table model analytics.orders_summary ........................ [RUN]
[2025-09-10T02:47:11.617+0000] {subprocess.py:93} INFO - [0m02:47:11  12 of 15 START sql table model analytics.AVG_AOV_chek .......................... [RUN]
[2025-09-10T02:47:11.889+0000] {subprocess.py:93} INFO - [0m02:47:11  9 of 15 OK created sql table model analytics.order_count_year .................. [[32mSELECT 4[0m in 0.49s]
[2025-09-10T02:47:11.924+0000] {subprocess.py:93} INFO - [0m02:47:11  13 of 15 START sql table model analytics.AOV_EBITDA_COUNT ...................... [RUN]
[2025-09-10T02:47:12.073+0000] {subprocess.py:93} INFO - [0m02:47:12  10 of 15 OK created sql table model analytics.order_count_year+month_diff ...... [[32mSELECT 28[0m in 0.47s]
[2025-09-10T02:47:12.098+0000] {subprocess.py:93} INFO - [0m02:47:12  14 of 15 START sql table model analytics.AOV_category .......................... [RUN]
[2025-09-10T02:47:12.156+0000] {subprocess.py:93} INFO - [0m02:47:12  11 of 15 OK created sql table model analytics.orders_summary ................... [[32mSELECT 10000[0m in 0.55s]
[2025-09-10T02:47:12.196+0000] {subprocess.py:93} INFO - [0m02:47:12  15 of 15 START sql table model analytics.AOV_product_name ...................... [RUN]
[2025-09-10T02:47:12.199+0000] {subprocess.py:93} INFO - [0m02:47:12  12 of 15 OK created sql table model analytics.AVG_AOV_chek ..................... [[32mSELECT 16863[0m in 0.54s]
[2025-09-10T02:47:12.208+0000] {subprocess.py:93} INFO - [0m02:47:12  13 of 15 ERROR creating sql table model analytics.AOV_EBITDA_COUNT ............. [[31mERROR[0m in 0.27s]
[2025-09-10T02:47:12.356+0000] {subprocess.py:93} INFO - [0m02:47:12  14 of 15 ERROR creating sql table model analytics.AOV_category ................. [[31mERROR[0m in 0.24s]
[2025-09-10T02:47:12.399+0000] {subprocess.py:93} INFO - [0m02:47:12  15 of 15 ERROR creating sql table model analytics.AOV_product_name ............. [[31mERROR[0m in 0.19s]
[2025-09-10T02:47:12.452+0000] {subprocess.py:93} INFO - [0m02:47:12
[2025-09-10T02:47:12.454+0000] {subprocess.py:93} INFO - [0m02:47:12  Finished running 7 view models, 8 table models in 0 hours 0 minutes and 2.56 seconds (2.56s).
[2025-09-10T02:47:12.477+0000] {subprocess.py:93} INFO - [0m02:47:12
[2025-09-10T02:47:12.479+0000] {subprocess.py:93} INFO - [0m02:47:12  [31mCompleted with 3 errors and 0 warnings:[0m
[2025-09-10T02:47:12.479+0000] {subprocess.py:93} INFO - [0m02:47:12
[2025-09-10T02:47:12.484+0000] {subprocess.py:93} INFO - [0m02:47:12    Database Error in model AOV_EBITDA_COUNT (models/marts/AOV_EBITDA_COUNT.sql)
[2025-09-10T02:47:12.484+0000] {subprocess.py:93} INFO -   type "avr_order_value" does not exist
[2025-09-10T02:47:12.485+0000] {subprocess.py:93} INFO -   LINE 26: order by avr_order_value
[2025-09-10T02:47:12.486+0000] {subprocess.py:93} INFO -                     ^
[2025-09-10T02:47:12.487+0000] {subprocess.py:93} INFO -   compiled Code at target/run/my_project/models/marts/AOV_EBITDA_COUNT.sql
[2025-09-10T02:47:12.488+0000] {subprocess.py:93} INFO - [0m02:47:12
[2025-09-10T02:47:12.489+0000] {subprocess.py:93} INFO - [0m02:47:12    Database Error in model AOV_category (models/marts/AOV_category.sql)
[2025-09-10T02:47:12.490+0000] {subprocess.py:93} INFO -   type "avr_order_value" does not exist
[2025-09-10T02:47:12.491+0000] {subprocess.py:93} INFO -   LINE 27: order by avr_order_value
[2025-09-10T02:47:12.491+0000] {subprocess.py:93} INFO -                     ^
[2025-09-10T02:47:12.492+0000] {subprocess.py:93} INFO -   compiled Code at target/run/my_project/models/marts/AOV_category.sql
[2025-09-10T02:47:12.493+0000] {subprocess.py:93} INFO - [0m02:47:12
[2025-09-10T02:47:12.494+0000] {subprocess.py:93} INFO - [0m02:47:12    Database Error in model AOV_product_name (models/marts/AOV_product_name.sql)
[2025-09-10T02:47:12.494+0000] {subprocess.py:93} INFO -   type "avr_order_value" does not exist
[2025-09-10T02:47:12.495+0000] {subprocess.py:93} INFO -   LINE 28: order by avr_order_value
[2025-09-10T02:47:12.496+0000] {subprocess.py:93} INFO -                     ^
[2025-09-10T02:47:12.497+0000] {subprocess.py:93} INFO -   compiled Code at target/run/my_project/models/marts/AOV_product_name.sql
[2025-09-10T02:47:12.497+0000] {subprocess.py:93} INFO - [0m02:47:12
[2025-09-10T02:47:12.498+0000] {subprocess.py:93} INFO - [0m02:47:12  Done. PASS=12 WARN=0 ERROR=3 SKIP=0 TOTAL=15
[2025-09-10T02:47:23.326+0000] {subprocess.py:97} INFO - Command exited with return code 1
[2025-09-10T02:47:23.328+0000] {taskinstance.py:441} INFO - ::group::Post task execution logs
[2025-09-10T02:47:23.380+0000] {taskinstance.py:2905} ERROR - Task failed with exception
Traceback (most recent call last):
  File "/home/airflow/.local/lib/python3.12/site-packages/airflow/models/taskinstance.py", line 465, in _execute_task
    result = _execute_callable(context=context, **execute_callable_kwargs)
             ^^^^^^^^^^^^^^^^^^^^^^^^^^^^^^^^^^^^^^^^^^^^^^^^^^^^^^^^^^^^^
  File "/home/airflow/.local/lib/python3.12/site-packages/airflow/models/taskinstance.py", line 432, in _execute_callable
    return execute_callable(context=context, **execute_callable_kwargs)
           ^^^^^^^^^^^^^^^^^^^^^^^^^^^^^^^^^^^^^^^^^^^^^^^^^^^^^^^^^^^^
  File "/home/airflow/.local/lib/python3.12/site-packages/airflow/models/baseoperator.py", line 401, in wrapper
    return func(self, *args, **kwargs)
           ^^^^^^^^^^^^^^^^^^^^^^^^^^^
  File "/home/airflow/.local/lib/python3.12/site-packages/airflow/operators/bash.py", line 243, in execute
    raise AirflowException(
airflow.exceptions.AirflowException: Bash command failed. The command returned a non-zero exit code 1.
[2025-09-10T02:47:23.407+0000] {taskinstance.py:1206} INFO - Marking task as UP_FOR_RETRY. dag_id=dbt_run_models, task_id=run_dbt_models, run_id=scheduled__2025-09-10T01:00:00+00:00, execution_date=20250910T010000, start_date=20250910T024704, end_date=20250910T024723
[2025-09-10T02:47:23.479+0000] {standard_task_runner.py:110} ERROR - Failed to execute job 1323 for task run_dbt_models (Bash command failed. The command returned a non-zero exit code 1.; 3390)
[2025-09-10T02:47:23.525+0000] {local_task_job_runner.py:243} INFO - Task exited with return code 1
[2025-09-10T02:47:23.639+0000] {taskinstance.py:3503} INFO - 0 downstream tasks scheduled from follow-on schedule check
[2025-09-10T02:47:23.644+0000] {local_task_job_runner.py:222} INFO - ::endgroup::
[2025-09-10T02:55:43.782+0000] {local_task_job_runner.py:120} INFO - ::group::Pre task execution logs
[2025-09-10T02:55:43.849+0000] {taskinstance.py:2076} INFO - Dependencies all met for dep_context=non-requeueable deps ti=<TaskInstance: dbt_run_models.run_dbt_models scheduled__2025-09-10T01:00:00+00:00 [queued]>
[2025-09-10T02:55:43.862+0000] {taskinstance.py:2076} INFO - Dependencies all met for dep_context=requeueable deps ti=<TaskInstance: dbt_run_models.run_dbt_models scheduled__2025-09-10T01:00:00+00:00 [queued]>
[2025-09-10T02:55:43.862+0000] {taskinstance.py:2306} INFO - Starting attempt 1 of 2
[2025-09-10T02:55:43.884+0000] {taskinstance.py:2330} INFO - Executing <Task(BashOperator): run_dbt_models> on 2025-09-10 01:00:00+00:00
[2025-09-10T02:55:43.891+0000] {warnings.py:112} WARNING - /home/airflow/.local/lib/python3.12/site-packages/airflow/task/task_runner/standard_task_runner.py:62: DeprecationWarning: This process (pid=3431) is multi-threaded, use of fork() may lead to deadlocks in the child.
  pid = os.fork()

[2025-09-10T02:55:43.893+0000] {standard_task_runner.py:64} INFO - Started process 3432 to run task
[2025-09-10T02:55:43.893+0000] {standard_task_runner.py:90} INFO - Running: ['airflow', 'tasks', 'run', 'dbt_run_models', 'run_dbt_models', 'scheduled__2025-09-10T01:00:00+00:00', '--job-id', '1326', '--raw', '--subdir', 'DAGS_FOLDER/dbt_dag.py', '--cfg-path', '/tmp/tmph1dp11y0']
[2025-09-10T02:55:43.894+0000] {standard_task_runner.py:91} INFO - Job 1326: Subtask run_dbt_models
[2025-09-10T02:55:43.924+0000] {warnings.py:112} WARNING - /home/airflow/.local/lib/python3.12/site-packages/airflow/settings.py:195: DeprecationWarning: The sql_alchemy_conn option in [core] has been moved to the sql_alchemy_conn option in [database] - the old setting has been used, but please update your config.
  SQL_ALCHEMY_CONN = conf.get("database", "SQL_ALCHEMY_CONN")

[2025-09-10T02:55:44.002+0000] {task_command.py:426} INFO - Running <TaskInstance: dbt_run_models.run_dbt_models scheduled__2025-09-10T01:00:00+00:00 [running]> on host b5ea13053d47
[2025-09-10T02:55:44.202+0000] {taskinstance.py:2648} INFO - Exporting env vars: AIRFLOW_CTX_DAG_OWNER='airflow' AIRFLOW_CTX_DAG_ID='dbt_run_models' AIRFLOW_CTX_TASK_ID='run_dbt_models' AIRFLOW_CTX_EXECUTION_DATE='2025-09-10T01:00:00+00:00' AIRFLOW_CTX_TRY_NUMBER='1' AIRFLOW_CTX_DAG_RUN_ID='scheduled__2025-09-10T01:00:00+00:00'
[2025-09-10T02:55:44.203+0000] {taskinstance.py:430} INFO - ::endgroup::
[2025-09-10T02:55:44.218+0000] {subprocess.py:63} INFO - Tmp dir root location: /tmp
[2025-09-10T02:55:44.219+0000] {subprocess.py:75} INFO - Running command: ['/usr/bin/bash', '-c', '\n        cd /usr/app &&         dbt run --profiles-dir /usr/app\n        ']
[2025-09-10T02:55:44.233+0000] {subprocess.py:86} INFO - Output:
[2025-09-10T02:55:48.252+0000] {subprocess.py:93} INFO - [0m02:55:48  Running with dbt=1.7.9
[2025-09-10T02:55:48.640+0000] {subprocess.py:93} INFO - [0m02:55:48  Registered adapter: postgres=1.7.9
[2025-09-10T02:55:48.688+0000] {subprocess.py:93} INFO - [0m02:55:48  [[33mWARNING[0m]: Configuration paths exist in your dbt_project.yml file which do not apply to any resources.
[2025-09-10T02:55:48.688+0000] {subprocess.py:93} INFO - There are 1 unused configuration paths:
[2025-09-10T02:55:48.689+0000] {subprocess.py:93} INFO - - models.my_project.sources
[2025-09-10T02:55:48.714+0000] {subprocess.py:93} INFO - [0m02:55:48  Found 15 models, 7 sources, 0 exposures, 0 metrics, 401 macros, 0 groups, 0 semantic models
[2025-09-10T02:55:48.718+0000] {subprocess.py:93} INFO - [0m02:55:48
[2025-09-10T02:55:49.003+0000] {subprocess.py:93} INFO - [0m02:55:49  Concurrency: 4 threads (target='dev')
[2025-09-10T02:55:49.005+0000] {subprocess.py:93} INFO - [0m02:55:49
[2025-09-10T02:55:49.040+0000] {subprocess.py:93} INFO - [0m02:55:49  1 of 15 START sql view model analytics.stg_AOV ................................. [RUN]
[2025-09-10T02:55:49.042+0000] {subprocess.py:93} INFO - [0m02:55:49  2 of 15 START sql view model analytics.stg_order_count_year .................... [RUN]
[2025-09-10T02:55:49.045+0000] {subprocess.py:93} INFO - [0m02:55:49  4 of 15 START sql view model analytics.stg_order_items ......................... [RUN]
[2025-09-10T02:55:49.054+0000] {subprocess.py:93} INFO - [0m02:55:49  3 of 15 START sql view model analytics.stg_order_details ....................... [RUN]
[2025-09-10T02:55:49.617+0000] {subprocess.py:93} INFO - [0m02:55:49  2 of 15 OK created sql view model analytics.stg_order_count_year ............... [[32mCREATE VIEW[0m in 0.56s]
[2025-09-10T02:55:49.621+0000] {subprocess.py:93} INFO - [0m02:55:49  5 of 15 START sql view model analytics.stg_orders .............................. [RUN]
[2025-09-10T02:55:49.626+0000] {subprocess.py:93} INFO - [0m02:55:49  1 of 15 OK created sql view model analytics.stg_AOV ............................ [[32mCREATE VIEW[0m in 0.58s]
[2025-09-10T02:55:49.633+0000] {subprocess.py:93} INFO - [0m02:55:49  6 of 15 START sql view model analytics.stg_payments ............................ [RUN]
[2025-09-10T02:55:49.660+0000] {subprocess.py:93} INFO - [0m02:55:49  3 of 15 OK created sql view model analytics.stg_order_details .................. [[32mCREATE VIEW[0m in 0.55s]
[2025-09-10T02:55:49.679+0000] {subprocess.py:93} INFO - [0m02:55:49  4 of 15 OK created sql view model analytics.stg_order_items .................... [[32mCREATE VIEW[0m in 0.61s]
[2025-09-10T02:55:49.681+0000] {subprocess.py:93} INFO - [0m02:55:49  7 of 15 START sql view model analytics.stg_products ............................ [RUN]
[2025-09-10T02:55:49.687+0000] {subprocess.py:93} INFO - [0m02:55:49  8 of 15 START sql table model analytics.order_count_year ....................... [RUN]
[2025-09-10T02:55:49.841+0000] {subprocess.py:93} INFO - [0m02:55:49  5 of 15 OK created sql view model analytics.stg_orders ......................... [[32mCREATE VIEW[0m in 0.21s]
[2025-09-10T02:55:49.860+0000] {subprocess.py:93} INFO - [0m02:55:49  6 of 15 OK created sql view model analytics.stg_payments ....................... [[32mCREATE VIEW[0m in 0.20s]
[2025-09-10T02:55:49.867+0000] {subprocess.py:93} INFO - [0m02:55:49  9 of 15 START sql table model analytics.order_count_year+month_diff ............ [RUN]
[2025-09-10T02:55:49.872+0000] {subprocess.py:93} INFO - [0m02:55:49  7 of 15 OK created sql view model analytics.stg_products ....................... [[32mCREATE VIEW[0m in 0.19s]
[2025-09-10T02:55:49.876+0000] {subprocess.py:93} INFO - [0m02:55:49  10 of 15 START sql table model analytics.AOV_chek .............................. [RUN]
[2025-09-10T02:55:49.919+0000] {subprocess.py:93} INFO - [0m02:55:49  11 of 15 START sql table model analytics.orders_summary ........................ [RUN]
[2025-09-10T02:55:50.098+0000] {subprocess.py:93} INFO - [0m02:55:50  8 of 15 OK created sql table model analytics.order_count_year .................. [[32mSELECT 4[0m in 0.40s]
[2025-09-10T02:55:50.122+0000] {subprocess.py:93} INFO - [0m02:55:50  12 of 15 START sql table model analytics.AVG_AOV_chek .......................... [RUN]
[2025-09-10T02:55:50.380+0000] {subprocess.py:93} INFO - [0m02:55:50  9 of 15 OK created sql table model analytics.order_count_year+month_diff ....... [[32mSELECT 28[0m in 0.48s]
[2025-09-10T02:55:50.392+0000] {subprocess.py:93} INFO - [0m02:55:50  13 of 15 START sql table model analytics.AOV_EBITDA_COUNT ...................... [RUN]
[2025-09-10T02:55:50.473+0000] {subprocess.py:93} INFO - [0m02:55:50  11 of 15 OK created sql table model analytics.orders_summary ................... [[32mSELECT 10000[0m in 0.55s]
[2025-09-10T02:55:50.479+0000] {subprocess.py:93} INFO - [0m02:55:50  10 of 15 OK created sql table model analytics.AOV_chek ......................... [[32mSELECT 50[0m in 0.59s]
[2025-09-10T02:55:50.503+0000] {subprocess.py:93} INFO - [0m02:55:50  14 of 15 START sql table model analytics.AOV_category .......................... [RUN]
[2025-09-10T02:55:50.525+0000] {subprocess.py:93} INFO - [0m02:55:50  15 of 15 START sql table model analytics.AOV_product_name ...................... [RUN]
[2025-09-10T02:55:50.708+0000] {subprocess.py:93} INFO - [0m02:55:50  13 of 15 ERROR creating sql table model analytics.AOV_EBITDA_COUNT ............. [[31mERROR[0m in 0.31s]
[2025-09-10T02:55:50.719+0000] {subprocess.py:93} INFO - [0m02:55:50  12 of 15 OK created sql table model analytics.AVG_AOV_chek ..................... [[32mSELECT 16863[0m in 0.57s]
[2025-09-10T02:55:50.748+0000] {subprocess.py:93} INFO - [0m02:55:50  14 of 15 ERROR creating sql table model analytics.AOV_category ................. [[31mERROR[0m in 0.23s]
[2025-09-10T02:55:50.754+0000] {subprocess.py:93} INFO - [0m02:55:50  15 of 15 ERROR creating sql table model analytics.AOV_product_name ............. [[31mERROR[0m in 0.23s]
[2025-09-10T02:55:50.776+0000] {subprocess.py:93} INFO - [0m02:55:50
[2025-09-10T02:55:50.778+0000] {subprocess.py:93} INFO - [0m02:55:50  Finished running 7 view models, 8 table models in 0 hours 0 minutes and 2.06 seconds (2.06s).
[2025-09-10T02:55:50.791+0000] {subprocess.py:93} INFO - [0m02:55:50
[2025-09-10T02:55:50.792+0000] {subprocess.py:93} INFO - [0m02:55:50  [31mCompleted with 3 errors and 0 warnings:[0m
[2025-09-10T02:55:50.793+0000] {subprocess.py:93} INFO - [0m02:55:50
[2025-09-10T02:55:50.794+0000] {subprocess.py:93} INFO - [0m02:55:50    Database Error in model AOV_EBITDA_COUNT (models/marts/AOV_EBITDA_COUNT.sql)
[2025-09-10T02:55:50.794+0000] {subprocess.py:93} INFO -   type "avr_order_value" does not exist
[2025-09-10T02:55:50.795+0000] {subprocess.py:93} INFO -   LINE 26: order by avr_order_value
[2025-09-10T02:55:50.796+0000] {subprocess.py:93} INFO -                     ^
[2025-09-10T02:55:50.796+0000] {subprocess.py:93} INFO -   compiled Code at target/run/my_project/models/marts/AOV_EBITDA_COUNT.sql
[2025-09-10T02:55:50.797+0000] {subprocess.py:93} INFO - [0m02:55:50
[2025-09-10T02:55:50.797+0000] {subprocess.py:93} INFO - [0m02:55:50    Database Error in model AOV_category (models/marts/AOV_category.sql)
[2025-09-10T02:55:50.798+0000] {subprocess.py:93} INFO -   type "avr_order_value" does not exist
[2025-09-10T02:55:50.799+0000] {subprocess.py:93} INFO -   LINE 27: order by avr_order_value
[2025-09-10T02:55:50.799+0000] {subprocess.py:93} INFO -                     ^
[2025-09-10T02:55:50.800+0000] {subprocess.py:93} INFO -   compiled Code at target/run/my_project/models/marts/AOV_category.sql
[2025-09-10T02:55:50.800+0000] {subprocess.py:93} INFO - [0m02:55:50
[2025-09-10T02:55:50.801+0000] {subprocess.py:93} INFO - [0m02:55:50    Database Error in model AOV_product_name (models/marts/AOV_product_name.sql)
[2025-09-10T02:55:50.801+0000] {subprocess.py:93} INFO -   type "avr_order_value" does not exist
[2025-09-10T02:55:50.802+0000] {subprocess.py:93} INFO -   LINE 28: order by avr_order_value
[2025-09-10T02:55:50.802+0000] {subprocess.py:93} INFO -                     ^
[2025-09-10T02:55:50.803+0000] {subprocess.py:93} INFO -   compiled Code at target/run/my_project/models/marts/AOV_product_name.sql
[2025-09-10T02:55:50.803+0000] {subprocess.py:93} INFO - [0m02:55:50
[2025-09-10T02:55:50.804+0000] {subprocess.py:93} INFO - [0m02:55:50  Done. PASS=12 WARN=0 ERROR=3 SKIP=0 TOTAL=15
[2025-09-10T02:56:01.223+0000] {subprocess.py:97} INFO - Command exited with return code 1
[2025-09-10T02:56:01.224+0000] {taskinstance.py:441} INFO - ::group::Post task execution logs
[2025-09-10T02:56:01.238+0000] {taskinstance.py:2905} ERROR - Task failed with exception
Traceback (most recent call last):
  File "/home/airflow/.local/lib/python3.12/site-packages/airflow/models/taskinstance.py", line 465, in _execute_task
    result = _execute_callable(context=context, **execute_callable_kwargs)
             ^^^^^^^^^^^^^^^^^^^^^^^^^^^^^^^^^^^^^^^^^^^^^^^^^^^^^^^^^^^^^
  File "/home/airflow/.local/lib/python3.12/site-packages/airflow/models/taskinstance.py", line 432, in _execute_callable
    return execute_callable(context=context, **execute_callable_kwargs)
           ^^^^^^^^^^^^^^^^^^^^^^^^^^^^^^^^^^^^^^^^^^^^^^^^^^^^^^^^^^^^
  File "/home/airflow/.local/lib/python3.12/site-packages/airflow/models/baseoperator.py", line 401, in wrapper
    return func(self, *args, **kwargs)
           ^^^^^^^^^^^^^^^^^^^^^^^^^^^
  File "/home/airflow/.local/lib/python3.12/site-packages/airflow/operators/bash.py", line 243, in execute
    raise AirflowException(
airflow.exceptions.AirflowException: Bash command failed. The command returned a non-zero exit code 1.
[2025-09-10T02:56:01.244+0000] {taskinstance.py:1206} INFO - Marking task as UP_FOR_RETRY. dag_id=dbt_run_models, task_id=run_dbt_models, run_id=scheduled__2025-09-10T01:00:00+00:00, execution_date=20250910T010000, start_date=20250910T025543, end_date=20250910T025601
[2025-09-10T02:56:01.277+0000] {standard_task_runner.py:110} ERROR - Failed to execute job 1326 for task run_dbt_models (Bash command failed. The command returned a non-zero exit code 1.; 3432)
[2025-09-10T02:56:01.323+0000] {local_task_job_runner.py:243} INFO - Task exited with return code 1
[2025-09-10T02:56:01.372+0000] {taskinstance.py:3503} INFO - 0 downstream tasks scheduled from follow-on schedule check
[2025-09-10T02:56:01.376+0000] {local_task_job_runner.py:222} INFO - ::endgroup::
