[2025-08-25T15:47:04.086+0000] {local_task_job_runner.py:120} INFO - ::group::Pre task execution logs
[2025-08-25T15:47:04.167+0000] {taskinstance.py:2076} INFO - Dependencies all met for dep_context=non-requeueable deps ti=<TaskInstance: daily_generate_orders.generate_new_data manual__2025-08-25T15:46:55.854261+00:00 [queued]>
[2025-08-25T15:47:04.186+0000] {taskinstance.py:2076} INFO - Dependencies all met for dep_context=requeueable deps ti=<TaskInstance: daily_generate_orders.generate_new_data manual__2025-08-25T15:46:55.854261+00:00 [queued]>
[2025-08-25T15:47:04.187+0000] {taskinstance.py:2306} INFO - Starting attempt 1 of 1
[2025-08-25T15:47:04.222+0000] {taskinstance.py:2330} INFO - Executing <Task(PythonOperator): generate_new_data> on 2025-08-25 15:46:55.854261+00:00
[2025-08-25T15:47:04.234+0000] {warnings.py:112} WARNING - /home/airflow/.local/lib/python3.12/site-packages/airflow/task/task_runner/standard_task_runner.py:62: DeprecationWarning: This process (pid=846) is multi-threaded, use of fork() may lead to deadlocks in the child.
  pid = os.fork()

[2025-08-25T15:47:04.236+0000] {standard_task_runner.py:64} INFO - Started process 849 to run task
[2025-08-25T15:47:04.237+0000] {standard_task_runner.py:90} INFO - Running: ['airflow', 'tasks', 'run', 'daily_generate_orders', 'generate_new_data', 'manual__2025-08-25T15:46:55.854261+00:00', '--job-id', '538', '--raw', '--subdir', 'DAGS_FOLDER/generate_fake_shop_csv.py', '--cfg-path', '/tmp/tmpfnsgunbf']
[2025-08-25T15:47:04.239+0000] {standard_task_runner.py:91} INFO - Job 538: Subtask generate_new_data
[2025-08-25T15:47:04.255+0000] {warnings.py:112} WARNING - /home/airflow/.local/lib/python3.12/site-packages/airflow/settings.py:195: DeprecationWarning: The sql_alchemy_conn option in [core] has been moved to the sql_alchemy_conn option in [database] - the old setting has been used, but please update your config.
  SQL_ALCHEMY_CONN = conf.get("database", "SQL_ALCHEMY_CONN")

[2025-08-25T15:47:04.293+0000] {task_command.py:426} INFO - Running <TaskInstance: daily_generate_orders.generate_new_data manual__2025-08-25T15:46:55.854261+00:00 [running]> on host b5ea13053d47
[2025-08-25T15:47:04.476+0000] {taskinstance.py:2648} INFO - Exporting env vars: AIRFLOW_CTX_DAG_OWNER='airflow' AIRFLOW_CTX_DAG_ID='daily_generate_orders' AIRFLOW_CTX_TASK_ID='generate_new_data' AIRFLOW_CTX_EXECUTION_DATE='2025-08-25T15:46:55.854261+00:00' AIRFLOW_CTX_TRY_NUMBER='1' AIRFLOW_CTX_DAG_RUN_ID='manual__2025-08-25T15:46:55.854261+00:00'
[2025-08-25T15:47:04.477+0000] {taskinstance.py:430} INFO - ::endgroup::
[2025-08-25T15:47:04.726+0000] {python.py:237} INFO - Done. Returned value was: None
[2025-08-25T15:47:04.726+0000] {taskinstance.py:441} INFO - ::group::Post task execution logs
[2025-08-25T15:47:04.745+0000] {taskinstance.py:1206} INFO - Marking task as SUCCESS. dag_id=daily_generate_orders, task_id=generate_new_data, run_id=manual__2025-08-25T15:46:55.854261+00:00, execution_date=20250825T154655, start_date=20250825T154704, end_date=20250825T154704
[2025-08-25T15:47:04.812+0000] {local_task_job_runner.py:243} INFO - Task exited with return code 0
[2025-08-25T15:47:04.872+0000] {taskinstance.py:3503} INFO - 1 downstream tasks scheduled from follow-on schedule check
[2025-08-25T15:47:04.876+0000] {local_task_job_runner.py:222} INFO - ::endgroup::
