[2025-08-26T07:00:04.378+0000] {local_task_job_runner.py:120} INFO - ::group::Pre task execution logs
[2025-08-26T07:00:04.441+0000] {taskinstance.py:2076} INFO - Dependencies all met for dep_context=non-requeueable deps ti=<TaskInstance: daily_generate_orders.load_csv_to_postgres scheduled__2025-08-26T06:00:00+00:00 [queued]>
[2025-08-26T07:00:04.453+0000] {taskinstance.py:2076} INFO - Dependencies all met for dep_context=requeueable deps ti=<TaskInstance: daily_generate_orders.load_csv_to_postgres scheduled__2025-08-26T06:00:00+00:00 [queued]>
[2025-08-26T07:00:04.453+0000] {taskinstance.py:2306} INFO - Starting attempt 1 of 1
[2025-08-26T07:00:04.470+0000] {taskinstance.py:2330} INFO - Executing <Task(PythonOperator): load_csv_to_postgres> on 2025-08-26 06:00:00+00:00
[2025-08-26T07:00:04.479+0000] {warnings.py:112} WARNING - /home/airflow/.local/lib/python3.12/site-packages/airflow/task/task_runner/standard_task_runner.py:62: DeprecationWarning: This process (pid=1029) is multi-threaded, use of fork() may lead to deadlocks in the child.
  pid = os.fork()

[2025-08-26T07:00:04.480+0000] {standard_task_runner.py:64} INFO - Started process 1031 to run task
[2025-08-26T07:00:04.484+0000] {standard_task_runner.py:90} INFO - Running: ['airflow', 'tasks', 'run', 'daily_generate_orders', 'load_csv_to_postgres', 'scheduled__2025-08-26T06:00:00+00:00', '--job-id', '585', '--raw', '--subdir', 'DAGS_FOLDER/generate_fake_shop_csv.py', '--cfg-path', '/tmp/tmp1qkt45ft']
[2025-08-26T07:00:04.486+0000] {standard_task_runner.py:91} INFO - Job 585: Subtask load_csv_to_postgres
[2025-08-26T07:00:04.502+0000] {warnings.py:112} WARNING - /home/airflow/.local/lib/python3.12/site-packages/airflow/settings.py:195: DeprecationWarning: The sql_alchemy_conn option in [core] has been moved to the sql_alchemy_conn option in [database] - the old setting has been used, but please update your config.
  SQL_ALCHEMY_CONN = conf.get("database", "SQL_ALCHEMY_CONN")

[2025-08-26T07:00:04.549+0000] {task_command.py:426} INFO - Running <TaskInstance: daily_generate_orders.load_csv_to_postgres scheduled__2025-08-26T06:00:00+00:00 [running]> on host b5ea13053d47
[2025-08-26T07:00:04.649+0000] {taskinstance.py:2648} INFO - Exporting env vars: AIRFLOW_CTX_DAG_OWNER='airflow' AIRFLOW_CTX_DAG_ID='daily_generate_orders' AIRFLOW_CTX_TASK_ID='load_csv_to_postgres' AIRFLOW_CTX_EXECUTION_DATE='2025-08-26T06:00:00+00:00' AIRFLOW_CTX_TRY_NUMBER='1' AIRFLOW_CTX_DAG_RUN_ID='scheduled__2025-08-26T06:00:00+00:00'
[2025-08-26T07:00:04.650+0000] {taskinstance.py:430} INFO - ::endgroup::
[2025-08-26T07:00:04.675+0000] {base.py:84} INFO - Using connection ID 'postgres_conn' for task execution.
[2025-08-26T07:00:05.791+0000] {logging_mixin.py:188} INFO - ✅ Загружено 15000 строк в таблицу shipments
[2025-08-26T07:00:05.801+0000] {logging_mixin.py:188} INFO - ✅ Загружено 200 новых строк в таблицу shipments
[2025-08-26T07:00:05.811+0000] {logging_mixin.py:188} INFO - ✅ Загружено 200 новых строк в таблицу shipments
[2025-08-26T07:00:05.821+0000] {logging_mixin.py:188} INFO - ✅ Загружено 200 новых строк в таблицу shipments
[2025-08-26T07:00:05.833+0000] {logging_mixin.py:188} INFO - ✅ Загружено 200 новых строк в таблицу shipments
[2025-08-26T07:00:05.842+0000] {logging_mixin.py:188} INFO - ✅ Загружено 200 новых строк в таблицу shipments
[2025-08-26T07:00:05.852+0000] {logging_mixin.py:188} INFO - ✅ Загружено 200 новых строк в таблицу shipments
[2025-08-26T07:00:05.862+0000] {logging_mixin.py:188} INFO - ✅ Загружено 200 новых строк в таблицу shipments
[2025-08-26T07:00:06.466+0000] {logging_mixin.py:188} INFO - ✅ Загружено 10000 строк в таблицу customers
[2025-08-26T07:00:06.481+0000] {logging_mixin.py:188} INFO - ✅ Загружено 400 новых строк в таблицу customers
[2025-08-26T07:00:06.495+0000] {logging_mixin.py:188} INFO - ✅ Загружено 400 новых строк в таблицу customers
[2025-08-26T07:00:06.510+0000] {logging_mixin.py:188} INFO - ✅ Загружено 400 новых строк в таблицу customers
[2025-08-26T07:00:06.525+0000] {logging_mixin.py:188} INFO - ✅ Загружено 400 новых строк в таблицу customers
[2025-08-26T07:00:06.563+0000] {logging_mixin.py:188} INFO - ✅ Загружено 400 новых строк в таблицу customers
[2025-08-26T07:00:06.601+0000] {logging_mixin.py:188} INFO - ✅ Загружено 400 новых строк в таблицу customers
[2025-08-26T07:00:07.685+0000] {logging_mixin.py:188} INFO - ✅ Загружено 15021 строк в таблицу orders
[2025-08-26T07:00:07.710+0000] {logging_mixin.py:188} INFO - ✅ Загружено 221 новых строк в таблицу orders
[2025-08-26T07:00:07.733+0000] {logging_mixin.py:188} INFO - ✅ Загружено 221 новых строк в таблицу orders
[2025-08-26T07:00:07.756+0000] {logging_mixin.py:188} INFO - ✅ Загружено 221 новых строк в таблицу orders
[2025-08-26T07:00:07.779+0000] {logging_mixin.py:188} INFO - ✅ Загружено 221 новых строк в таблицу orders
[2025-08-26T07:00:07.798+0000] {logging_mixin.py:188} INFO - ✅ Загружено 221 новых строк в таблицу orders
[2025-08-26T07:00:07.963+0000] {logging_mixin.py:188} INFO - ✅ Загружено 2000 строк в таблицу products
[2025-08-26T07:00:07.991+0000] {logging_mixin.py:188} INFO - ✅ Загружено 400 новых строк в таблицу products
[2025-08-26T07:00:08.015+0000] {logging_mixin.py:188} INFO - ✅ Загружено 400 новых строк в таблицу products
[2025-08-26T07:00:08.052+0000] {logging_mixin.py:188} INFO - ✅ Загружено 400 новых строк в таблицу products
[2025-08-26T07:00:08.074+0000] {logging_mixin.py:188} INFO - ✅ Загружено 400 новых строк в таблицу products
[2025-08-26T07:00:08.094+0000] {logging_mixin.py:188} INFO - ✅ Загружено 400 новых строк в таблицу products
[2025-08-26T07:00:09.415+0000] {logging_mixin.py:188} INFO - ✅ Загружено 20048 строк в таблицу order_items
[2025-08-26T07:00:09.428+0000] {logging_mixin.py:188} INFO - ✅ Загружено 48 новых строк в таблицу order_items
[2025-08-26T07:00:09.442+0000] {logging_mixin.py:188} INFO - ✅ Загружено 48 новых строк в таблицу order_items
[2025-08-26T07:00:09.457+0000] {logging_mixin.py:188} INFO - ✅ Загружено 48 новых строк в таблицу order_items
[2025-08-26T07:00:09.470+0000] {logging_mixin.py:188} INFO - ✅ Загружено 48 новых строк в таблицу order_items
[2025-08-26T07:00:09.491+0000] {logging_mixin.py:188} INFO - ✅ Загружено 48 новых строк в таблицу order_items
[2025-08-26T07:00:09.503+0000] {logging_mixin.py:188} INFO - ✅ Загружено 48 новых строк в таблицу order_items
[2025-08-26T07:00:09.535+0000] {logging_mixin.py:188} INFO - ✅ Загружено 100 строк в таблицу suppliers
[2025-08-26T07:00:09.546+0000] {logging_mixin.py:188} INFO - ✅ Загружено 100 новых строк в таблицу suppliers
[2025-08-26T07:00:09.554+0000] {logging_mixin.py:188} INFO - ✅ Загружено 100 новых строк в таблицу suppliers
[2025-08-26T07:00:09.561+0000] {logging_mixin.py:188} INFO - ✅ Загружено 100 новых строк в таблицу suppliers
[2025-08-26T07:00:09.570+0000] {logging_mixin.py:188} INFO - ✅ Загружено 100 новых строк в таблицу suppliers
[2025-08-26T07:00:09.577+0000] {logging_mixin.py:188} INFO - ✅ Загружено 100 новых строк в таблицу suppliers
[2025-08-26T07:00:09.585+0000] {logging_mixin.py:188} INFO - ✅ Загружено 100 новых строк в таблицу suppliers
[2025-08-26T07:00:10.782+0000] {logging_mixin.py:188} INFO - ✅ Загружено 15021 строк в таблицу payment
[2025-08-26T07:00:10.804+0000] {logging_mixin.py:188} INFO - ✅ Загружено 221 новых строк в таблицу payment
[2025-08-26T07:00:10.837+0000] {logging_mixin.py:188} INFO - ✅ Загружено 221 новых строк в таблицу payment
[2025-08-26T07:00:10.860+0000] {logging_mixin.py:188} INFO - ✅ Загружено 221 новых строк в таблицу payment
[2025-08-26T07:00:10.882+0000] {logging_mixin.py:188} INFO - ✅ Загружено 221 новых строк в таблицу payment
[2025-08-26T07:00:10.894+0000] {logging_mixin.py:188} INFO - ✅ Загружено 221 новых строк в таблицу payment
[2025-08-26T07:00:10.911+0000] {logging_mixin.py:188} INFO - ✅ Загружено 221 новых строк в таблицу payment
[2025-08-26T07:00:10.981+0000] {logging_mixin.py:188} INFO - ✅ Загружено 1106 строк в таблицу reviews
[2025-08-26T07:00:11.016+0000] {logging_mixin.py:188} INFO - ✅ Загружено 306 новых строк в таблицу reviews
[2025-08-26T07:00:11.053+0000] {logging_mixin.py:188} INFO - ✅ Загружено 306 новых строк в таблицу reviews
[2025-08-26T07:00:11.077+0000] {logging_mixin.py:188} INFO - ✅ Загружено 306 новых строк в таблицу reviews
[2025-08-26T07:00:11.106+0000] {logging_mixin.py:188} INFO - ✅ Загружено 306 новых строк в таблицу reviews
[2025-08-26T07:00:11.147+0000] {logging_mixin.py:188} INFO - ✅ Загружено 306 новых строк в таблицу reviews
[2025-08-26T07:00:11.176+0000] {logging_mixin.py:188} INFO - ✅ Загружено 306 новых строк в таблицу reviews
[2025-08-26T07:00:11.177+0000] {python.py:237} INFO - Done. Returned value was: None
[2025-08-26T07:00:11.178+0000] {taskinstance.py:441} INFO - ::group::Post task execution logs
[2025-08-26T07:00:11.203+0000] {taskinstance.py:1206} INFO - Marking task as SUCCESS. dag_id=daily_generate_orders, task_id=load_csv_to_postgres, run_id=scheduled__2025-08-26T06:00:00+00:00, execution_date=20250826T060000, start_date=20250826T070004, end_date=20250826T070011
[2025-08-26T07:00:11.257+0000] {local_task_job_runner.py:243} INFO - Task exited with return code 0
[2025-08-26T07:00:11.301+0000] {taskinstance.py:3503} INFO - 0 downstream tasks scheduled from follow-on schedule check
[2025-08-26T07:00:11.304+0000] {local_task_job_runner.py:222} INFO - ::endgroup::
