[2025-09-06T04:00:01.837+0000] {local_task_job_runner.py:120} INFO - ::group::Pre task execution logs
[2025-09-06T04:00:01.867+0000] {taskinstance.py:2076} INFO - Dependencies all met for dep_context=non-requeueable deps ti=<TaskInstance: dbt_run_models.run_dbt_models scheduled__2025-09-06T03:00:00+00:00 [queued]>
[2025-09-06T04:00:01.879+0000] {taskinstance.py:2076} INFO - Dependencies all met for dep_context=requeueable deps ti=<TaskInstance: dbt_run_models.run_dbt_models scheduled__2025-09-06T03:00:00+00:00 [queued]>
[2025-09-06T04:00:01.879+0000] {taskinstance.py:2306} INFO - Starting attempt 1 of 2
[2025-09-06T04:00:01.896+0000] {taskinstance.py:2330} INFO - Executing <Task(BashOperator): run_dbt_models> on 2025-09-06 03:00:00+00:00
[2025-09-06T04:00:01.902+0000] {warnings.py:112} WARNING - /home/airflow/.local/lib/python3.12/site-packages/airflow/task/task_runner/standard_task_runner.py:62: DeprecationWarning: This process (pid=1278) is multi-threaded, use of fork() may lead to deadlocks in the child.
  pid = os.fork()

[2025-09-06T04:00:01.903+0000] {standard_task_runner.py:64} INFO - Started process 1279 to run task
[2025-09-06T04:00:01.907+0000] {standard_task_runner.py:90} INFO - Running: ['airflow', 'tasks', 'run', 'dbt_run_models', 'run_dbt_models', 'scheduled__2025-09-06T03:00:00+00:00', '--job-id', '1097', '--raw', '--subdir', 'DAGS_FOLDER/dbt_dag.py', '--cfg-path', '/tmp/tmpe7k2s331']
[2025-09-06T04:00:01.913+0000] {standard_task_runner.py:91} INFO - Job 1097: Subtask run_dbt_models
[2025-09-06T04:00:01.938+0000] {warnings.py:112} WARNING - /home/airflow/.local/lib/python3.12/site-packages/airflow/settings.py:195: DeprecationWarning: The sql_alchemy_conn option in [core] has been moved to the sql_alchemy_conn option in [database] - the old setting has been used, but please update your config.
  SQL_ALCHEMY_CONN = conf.get("database", "SQL_ALCHEMY_CONN")

[2025-09-06T04:00:02.019+0000] {task_command.py:426} INFO - Running <TaskInstance: dbt_run_models.run_dbt_models scheduled__2025-09-06T03:00:00+00:00 [running]> on host b5ea13053d47
[2025-09-06T04:00:02.253+0000] {taskinstance.py:2648} INFO - Exporting env vars: AIRFLOW_CTX_DAG_OWNER='airflow' AIRFLOW_CTX_DAG_ID='dbt_run_models' AIRFLOW_CTX_TASK_ID='run_dbt_models' AIRFLOW_CTX_EXECUTION_DATE='2025-09-06T03:00:00+00:00' AIRFLOW_CTX_TRY_NUMBER='1' AIRFLOW_CTX_DAG_RUN_ID='scheduled__2025-09-06T03:00:00+00:00'
[2025-09-06T04:00:02.255+0000] {taskinstance.py:430} INFO - ::endgroup::
[2025-09-06T04:00:02.271+0000] {subprocess.py:63} INFO - Tmp dir root location: /tmp
[2025-09-06T04:00:02.272+0000] {subprocess.py:75} INFO - Running command: ['/usr/bin/bash', '-c', '\n        cd /usr/app &&         dbt run --profiles-dir /usr/app\n        ']
[2025-09-06T04:00:02.284+0000] {subprocess.py:86} INFO - Output:
[2025-09-06T04:00:06.153+0000] {subprocess.py:93} INFO - [0m04:00:06  Running with dbt=1.7.9
[2025-09-06T04:00:06.553+0000] {subprocess.py:93} INFO - [0m04:00:06  Registered adapter: postgres=1.7.9
[2025-09-06T04:00:06.602+0000] {subprocess.py:93} INFO - [0m04:00:06  [[33mWARNING[0m]: Configuration paths exist in your dbt_project.yml file which do not apply to any resources.
[2025-09-06T04:00:06.603+0000] {subprocess.py:93} INFO - There are 1 unused configuration paths:
[2025-09-06T04:00:06.603+0000] {subprocess.py:93} INFO - - models.my_project.sources
[2025-09-06T04:00:06.628+0000] {subprocess.py:93} INFO - [0m04:00:06  Found 7 models, 7 sources, 0 exposures, 0 metrics, 401 macros, 0 groups, 0 semantic models
[2025-09-06T04:00:06.631+0000] {subprocess.py:93} INFO - [0m04:00:06
[2025-09-06T04:00:06.882+0000] {subprocess.py:93} INFO - [0m04:00:06  Concurrency: 4 threads (target='dev')
[2025-09-06T04:00:06.883+0000] {subprocess.py:93} INFO - [0m04:00:06
[2025-09-06T04:00:06.925+0000] {subprocess.py:93} INFO - [0m04:00:06  1 of 7 START sql view model analytics.stg_AOV .................................. [RUN]
[2025-09-06T04:00:06.928+0000] {subprocess.py:93} INFO - [0m04:00:06  2 of 7 START sql view model analytics.stg_order_count_year ..................... [RUN]
[2025-09-06T04:00:06.933+0000] {subprocess.py:93} INFO - [0m04:00:06  3 of 7 START sql view model analytics.stg_order_details ........................ [RUN]
[2025-09-06T04:00:06.934+0000] {subprocess.py:93} INFO - [0m04:00:06  4 of 7 START sql view model analytics.stg_orders ............................... [RUN]
[2025-09-06T04:00:07.740+0000] {subprocess.py:93} INFO - [0m04:00:07  1 of 7 OK created sql view model analytics.stg_AOV ............................. [[32mCREATE VIEW[0m in 0.79s]
[2025-09-06T04:00:07.749+0000] {subprocess.py:93} INFO - [0m04:00:07  2 of 7 OK created sql view model analytics.stg_order_count_year ................ [[32mCREATE VIEW[0m in 0.81s]
[2025-09-06T04:00:07.756+0000] {subprocess.py:93} INFO - [0m04:00:07  4 of 7 OK created sql view model analytics.stg_orders .......................... [[32mCREATE VIEW[0m in 0.79s]
[2025-09-06T04:00:07.758+0000] {subprocess.py:93} INFO - [0m04:00:07  3 of 7 OK created sql view model analytics.stg_order_details ................... [[32mCREATE VIEW[0m in 0.80s]
[2025-09-06T04:00:07.769+0000] {subprocess.py:93} INFO - [0m04:00:07  5 of 7 START sql table model analytics.AOV_chek ................................ [RUN]
[2025-09-06T04:00:07.777+0000] {subprocess.py:93} INFO - [0m04:00:07  6 of 7 START sql table model analytics.order_count_year ........................ [RUN]
[2025-09-06T04:00:07.793+0000] {subprocess.py:93} INFO - [0m04:00:07  7 of 7 START sql table model analytics.orders_summary .......................... [RUN]
[2025-09-06T04:00:08.229+0000] {subprocess.py:93} INFO - [0m04:00:08  5 of 7 OK created sql table model analytics.AOV_chek ........................... [[32mSELECT 50[0m in 0.45s]
[2025-09-06T04:00:08.234+0000] {subprocess.py:93} INFO - [0m04:00:08  6 of 7 OK created sql table model analytics.order_count_year ................... [[32mSELECT 3[0m in 0.44s]
[2025-09-06T04:00:08.245+0000] {subprocess.py:93} INFO - [0m04:00:08  7 of 7 OK created sql table model analytics.orders_summary ..................... [[32mSELECT 10000[0m in 0.43s]
[2025-09-06T04:00:08.290+0000] {subprocess.py:93} INFO - [0m04:00:08
[2025-09-06T04:00:08.294+0000] {subprocess.py:93} INFO - [0m04:00:08  Finished running 4 view models, 3 table models in 0 hours 0 minutes and 1.66 seconds (1.66s).
[2025-09-06T04:00:08.335+0000] {subprocess.py:93} INFO - [0m04:00:08
[2025-09-06T04:00:08.337+0000] {subprocess.py:93} INFO - [0m04:00:08  [32mCompleted successfully[0m
[2025-09-06T04:00:08.338+0000] {subprocess.py:93} INFO - [0m04:00:08
[2025-09-06T04:00:08.340+0000] {subprocess.py:93} INFO - [0m04:00:08  Done. PASS=7 WARN=0 ERROR=0 SKIP=0 TOTAL=7
[2025-09-06T04:00:18.853+0000] {subprocess.py:97} INFO - Command exited with return code 0
[2025-09-06T04:00:18.854+0000] {taskinstance.py:441} INFO - ::group::Post task execution logs
[2025-09-06T04:00:18.908+0000] {taskinstance.py:1206} INFO - Marking task as SUCCESS. dag_id=dbt_run_models, task_id=run_dbt_models, run_id=scheduled__2025-09-06T03:00:00+00:00, execution_date=20250906T030000, start_date=20250906T040001, end_date=20250906T040018
[2025-09-06T04:00:18.945+0000] {local_task_job_runner.py:243} INFO - Task exited with return code 0
[2025-09-06T04:00:18.972+0000] {taskinstance.py:3503} INFO - 1 downstream tasks scheduled from follow-on schedule check
[2025-09-06T04:00:18.976+0000] {local_task_job_runner.py:222} INFO - ::endgroup::
