[2025-08-26T05:30:02.326+0000] {local_task_job_runner.py:120} INFO - ::group::Pre task execution logs
[2025-08-26T05:30:02.359+0000] {taskinstance.py:2076} INFO - Dependencies all met for dep_context=non-requeueable deps ti=<TaskInstance: import_csv_to_postgres.load_csv_to_postgres scheduled__2025-08-26T05:00:00+00:00 [queued]>
[2025-08-26T05:30:02.369+0000] {taskinstance.py:2076} INFO - Dependencies all met for dep_context=requeueable deps ti=<TaskInstance: import_csv_to_postgres.load_csv_to_postgres scheduled__2025-08-26T05:00:00+00:00 [queued]>
[2025-08-26T05:30:02.369+0000] {taskinstance.py:2306} INFO - Starting attempt 1 of 1
[2025-08-26T05:30:02.386+0000] {taskinstance.py:2330} INFO - Executing <Task(PythonOperator): load_csv_to_postgres> on 2025-08-26 05:00:00+00:00
[2025-08-26T05:30:02.394+0000] {warnings.py:112} WARNING - /home/airflow/.local/lib/python3.12/site-packages/airflow/task/task_runner/standard_task_runner.py:62: DeprecationWarning: This process (pid=989) is multi-threaded, use of fork() may lead to deadlocks in the child.
  pid = os.fork()

[2025-08-26T05:30:02.395+0000] {standard_task_runner.py:64} INFO - Started process 991 to run task
[2025-08-26T05:30:02.400+0000] {standard_task_runner.py:90} INFO - Running: ['airflow', 'tasks', 'run', 'import_csv_to_postgres', 'load_csv_to_postgres', 'scheduled__2025-08-26T05:00:00+00:00', '--job-id', '576', '--raw', '--subdir', 'DAGS_FOLDER/csv_to_postgres_dag.py', '--cfg-path', '/tmp/tmp1vs7z74f']
[2025-08-26T05:30:02.405+0000] {standard_task_runner.py:91} INFO - Job 576: Subtask load_csv_to_postgres
[2025-08-26T05:30:02.429+0000] {warnings.py:112} WARNING - /home/airflow/.local/lib/python3.12/site-packages/airflow/settings.py:195: DeprecationWarning: The sql_alchemy_conn option in [core] has been moved to the sql_alchemy_conn option in [database] - the old setting has been used, but please update your config.
  SQL_ALCHEMY_CONN = conf.get("database", "SQL_ALCHEMY_CONN")

[2025-08-26T05:30:02.508+0000] {task_command.py:426} INFO - Running <TaskInstance: import_csv_to_postgres.load_csv_to_postgres scheduled__2025-08-26T05:00:00+00:00 [running]> on host b5ea13053d47
[2025-08-26T05:30:02.704+0000] {taskinstance.py:2648} INFO - Exporting env vars: AIRFLOW_CTX_DAG_OWNER='airflow' AIRFLOW_CTX_DAG_ID='import_csv_to_postgres' AIRFLOW_CTX_TASK_ID='load_csv_to_postgres' AIRFLOW_CTX_EXECUTION_DATE='2025-08-26T05:00:00+00:00' AIRFLOW_CTX_TRY_NUMBER='1' AIRFLOW_CTX_DAG_RUN_ID='scheduled__2025-08-26T05:00:00+00:00'
[2025-08-26T05:30:02.706+0000] {taskinstance.py:430} INFO - ::endgroup::
[2025-08-26T05:30:02.751+0000] {base.py:84} INFO - Using connection ID 'postgres_conn' for task execution.
[2025-08-26T05:30:03.472+0000] {logging_mixin.py:188} INFO - ✅ Загружен файл shipments.csv в таблицу shipments
[2025-08-26T05:30:04.048+0000] {logging_mixin.py:188} INFO - ✅ Загружен файл customers.csv в таблицу customers
[2025-08-26T05:30:04.838+0000] {logging_mixin.py:188} INFO - ✅ Загружен файл orders.csv в таблицу orders
[2025-08-26T05:30:04.904+0000] {logging_mixin.py:188} INFO - ✅ Загружен файл products.csv в таблицу products
[2025-08-26T05:30:05.920+0000] {logging_mixin.py:188} INFO - ✅ Загружен файл order_items.csv в таблицу order_items
[2025-08-26T05:30:05.949+0000] {logging_mixin.py:188} INFO - ✅ Загружен файл suppliers.csv в таблицу suppliers
[2025-08-26T05:30:06.732+0000] {logging_mixin.py:188} INFO - ✅ Загружен файл payment.csv в таблицу payment
[2025-08-26T05:30:06.808+0000] {logging_mixin.py:188} INFO - ✅ Загружен файл reviews.csv в таблицу reviews
[2025-08-26T05:30:06.809+0000] {python.py:237} INFO - Done. Returned value was: None
[2025-08-26T05:30:06.810+0000] {taskinstance.py:441} INFO - ::group::Post task execution logs
[2025-08-26T05:30:06.828+0000] {taskinstance.py:1206} INFO - Marking task as SUCCESS. dag_id=import_csv_to_postgres, task_id=load_csv_to_postgres, run_id=scheduled__2025-08-26T05:00:00+00:00, execution_date=20250826T050000, start_date=20250826T053002, end_date=20250826T053006
[2025-08-26T05:30:06.877+0000] {local_task_job_runner.py:243} INFO - Task exited with return code 0
[2025-08-26T05:30:06.903+0000] {taskinstance.py:3503} INFO - 0 downstream tasks scheduled from follow-on schedule check
[2025-08-26T05:30:06.909+0000] {local_task_job_runner.py:222} INFO - ::endgroup::
