[2025-08-26T09:00:07.155+0000] {local_task_job_runner.py:120} INFO - ::group::Pre task execution logs
[2025-08-26T09:00:07.195+0000] {taskinstance.py:2076} INFO - Dependencies all met for dep_context=non-requeueable deps ti=<TaskInstance: daily_generate_orders.load_csv_to_postgres scheduled__2025-08-26T08:00:00+00:00 [queued]>
[2025-08-26T09:00:07.212+0000] {taskinstance.py:2076} INFO - Dependencies all met for dep_context=requeueable deps ti=<TaskInstance: daily_generate_orders.load_csv_to_postgres scheduled__2025-08-26T08:00:00+00:00 [queued]>
[2025-08-26T09:00:07.213+0000] {taskinstance.py:2306} INFO - Starting attempt 1 of 1
[2025-08-26T09:00:07.236+0000] {taskinstance.py:2330} INFO - Executing <Task(PythonOperator): load_csv_to_postgres> on 2025-08-26 08:00:00+00:00
[2025-08-26T09:00:07.251+0000] {warnings.py:112} WARNING - /home/airflow/.local/lib/python3.12/site-packages/airflow/task/task_runner/standard_task_runner.py:62: DeprecationWarning: This process (pid=1057) is multi-threaded, use of fork() may lead to deadlocks in the child.
  pid = os.fork()

[2025-08-26T09:00:07.260+0000] {standard_task_runner.py:64} INFO - Started process 1059 to run task
[2025-08-26T09:00:07.261+0000] {standard_task_runner.py:90} INFO - Running: ['airflow', 'tasks', 'run', 'daily_generate_orders', 'load_csv_to_postgres', 'scheduled__2025-08-26T08:00:00+00:00', '--job-id', '594', '--raw', '--subdir', 'DAGS_FOLDER/generate_fake_shop_csv.py', '--cfg-path', '/tmp/tmpc5l8wvhk']
[2025-08-26T09:00:07.263+0000] {standard_task_runner.py:91} INFO - Job 594: Subtask load_csv_to_postgres
[2025-08-26T09:00:07.302+0000] {warnings.py:112} WARNING - /home/airflow/.local/lib/python3.12/site-packages/airflow/settings.py:195: DeprecationWarning: The sql_alchemy_conn option in [core] has been moved to the sql_alchemy_conn option in [database] - the old setting has been used, but please update your config.
  SQL_ALCHEMY_CONN = conf.get("database", "SQL_ALCHEMY_CONN")

[2025-08-26T09:00:07.359+0000] {task_command.py:426} INFO - Running <TaskInstance: daily_generate_orders.load_csv_to_postgres scheduled__2025-08-26T08:00:00+00:00 [running]> on host b5ea13053d47
[2025-08-26T09:00:07.548+0000] {taskinstance.py:2648} INFO - Exporting env vars: AIRFLOW_CTX_DAG_OWNER='airflow' AIRFLOW_CTX_DAG_ID='daily_generate_orders' AIRFLOW_CTX_TASK_ID='load_csv_to_postgres' AIRFLOW_CTX_EXECUTION_DATE='2025-08-26T08:00:00+00:00' AIRFLOW_CTX_TRY_NUMBER='1' AIRFLOW_CTX_DAG_RUN_ID='scheduled__2025-08-26T08:00:00+00:00'
[2025-08-26T09:00:07.549+0000] {taskinstance.py:430} INFO - ::endgroup::
[2025-08-26T09:00:07.598+0000] {base.py:84} INFO - Using connection ID 'postgres_conn' for task execution.
[2025-08-26T09:00:08.893+0000] {logging_mixin.py:188} INFO - ✅ Загружено 15000 строк в таблицу shipments
[2025-08-26T09:00:08.910+0000] {logging_mixin.py:188} INFO - ✅ Загружено 200 новых строк в таблицу shipments
[2025-08-26T09:00:08.926+0000] {logging_mixin.py:188} INFO - ✅ Загружено 200 новых строк в таблицу shipments
[2025-08-26T09:00:08.944+0000] {logging_mixin.py:188} INFO - ✅ Загружено 200 новых строк в таблицу shipments
[2025-08-26T09:00:08.961+0000] {logging_mixin.py:188} INFO - ✅ Загружено 200 новых строк в таблицу shipments
[2025-08-26T09:00:08.976+0000] {logging_mixin.py:188} INFO - ✅ Загружено 200 новых строк в таблицу shipments
[2025-08-26T09:00:08.991+0000] {logging_mixin.py:188} INFO - ✅ Загружено 200 новых строк в таблицу shipments
[2025-08-26T09:00:09.005+0000] {logging_mixin.py:188} INFO - ✅ Загружено 200 новых строк в таблицу shipments
[2025-08-26T09:00:09.756+0000] {logging_mixin.py:188} INFO - ✅ Загружено 10000 строк в таблицу customers
[2025-08-26T09:00:09.782+0000] {logging_mixin.py:188} INFO - ✅ Загружено 400 новых строк в таблицу customers
[2025-08-26T09:00:09.807+0000] {logging_mixin.py:188} INFO - ✅ Загружено 400 новых строк в таблицу customers
[2025-08-26T09:00:09.830+0000] {logging_mixin.py:188} INFO - ✅ Загружено 400 новых строк в таблицу customers
[2025-08-26T09:00:09.854+0000] {logging_mixin.py:188} INFO - ✅ Загружено 400 новых строк в таблицу customers
[2025-08-26T09:00:09.879+0000] {logging_mixin.py:188} INFO - ✅ Загружено 400 новых строк в таблицу customers
[2025-08-26T09:00:09.900+0000] {logging_mixin.py:188} INFO - ✅ Загружено 400 новых строк в таблицу customers
[2025-08-26T09:00:10.962+0000] {logging_mixin.py:188} INFO - ✅ Загружено 15023 строк в таблицу orders
[2025-08-26T09:00:10.972+0000] {logging_mixin.py:188} INFO - ✅ Загружено 223 новых строк в таблицу orders
[2025-08-26T09:00:10.982+0000] {logging_mixin.py:188} INFO - ✅ Загружено 223 новых строк в таблицу orders
[2025-08-26T09:00:10.992+0000] {logging_mixin.py:188} INFO - ✅ Загружено 223 новых строк в таблицу orders
[2025-08-26T09:00:11.002+0000] {logging_mixin.py:188} INFO - ✅ Загружено 223 новых строк в таблицу orders
[2025-08-26T09:00:11.012+0000] {logging_mixin.py:188} INFO - ✅ Загружено 223 новых строк в таблицу orders
[2025-08-26T09:00:11.107+0000] {logging_mixin.py:188} INFO - ✅ Загружено 2000 строк в таблицу products
[2025-08-26T09:00:11.121+0000] {logging_mixin.py:188} INFO - ✅ Загружено 400 новых строк в таблицу products
[2025-08-26T09:00:11.139+0000] {logging_mixin.py:188} INFO - ✅ Загружено 400 новых строк в таблицу products
[2025-08-26T09:00:11.155+0000] {logging_mixin.py:188} INFO - ✅ Загружено 400 новых строк в таблицу products
[2025-08-26T09:00:11.174+0000] {logging_mixin.py:188} INFO - ✅ Загружено 400 новых строк в таблицу products
[2025-08-26T09:00:11.188+0000] {logging_mixin.py:188} INFO - ✅ Загружено 400 новых строк в таблицу products
[2025-08-26T09:00:12.891+0000] {logging_mixin.py:188} INFO - ✅ Загружено 20054 строк в таблицу order_items
[2025-08-26T09:00:12.904+0000] {logging_mixin.py:188} INFO - ✅ Загружено 54 новых строк в таблицу order_items
[2025-08-26T09:00:12.914+0000] {logging_mixin.py:188} INFO - ✅ Загружено 54 новых строк в таблицу order_items
[2025-08-26T09:00:12.922+0000] {logging_mixin.py:188} INFO - ✅ Загружено 54 новых строк в таблицу order_items
[2025-08-26T09:00:12.930+0000] {logging_mixin.py:188} INFO - ✅ Загружено 54 новых строк в таблицу order_items
[2025-08-26T09:00:12.941+0000] {logging_mixin.py:188} INFO - ✅ Загружено 54 новых строк в таблицу order_items
[2025-08-26T09:00:12.950+0000] {logging_mixin.py:188} INFO - ✅ Загружено 54 новых строк в таблицу order_items
[2025-08-26T09:00:12.964+0000] {logging_mixin.py:188} INFO - ✅ Загружено 100 строк в таблицу suppliers
[2025-08-26T09:00:12.978+0000] {logging_mixin.py:188} INFO - ✅ Загружено 100 новых строк в таблицу suppliers
[2025-08-26T09:00:12.990+0000] {logging_mixin.py:188} INFO - ✅ Загружено 100 новых строк в таблицу suppliers
[2025-08-26T09:00:13.000+0000] {logging_mixin.py:188} INFO - ✅ Загружено 100 новых строк в таблицу suppliers
[2025-08-26T09:00:13.010+0000] {logging_mixin.py:188} INFO - ✅ Загружено 100 новых строк в таблицу suppliers
[2025-08-26T09:00:13.020+0000] {logging_mixin.py:188} INFO - ✅ Загружено 100 новых строк в таблицу suppliers
[2025-08-26T09:00:13.035+0000] {logging_mixin.py:188} INFO - ✅ Загружено 100 новых строк в таблицу suppliers
[2025-08-26T09:00:14.616+0000] {logging_mixin.py:188} INFO - ✅ Загружено 15023 строк в таблицу payment
[2025-08-26T09:00:14.647+0000] {logging_mixin.py:188} INFO - ✅ Загружено 223 новых строк в таблицу payment
[2025-08-26T09:00:14.674+0000] {logging_mixin.py:188} INFO - ✅ Загружено 223 новых строк в таблицу payment
[2025-08-26T09:00:14.695+0000] {logging_mixin.py:188} INFO - ✅ Загружено 223 новых строк в таблицу payment
[2025-08-26T09:00:14.720+0000] {logging_mixin.py:188} INFO - ✅ Загружено 223 новых строк в таблицу payment
[2025-08-26T09:00:14.744+0000] {logging_mixin.py:188} INFO - ✅ Загружено 223 новых строк в таблицу payment
[2025-08-26T09:00:14.870+0000] {logging_mixin.py:188} INFO - ✅ Загружено 223 новых строк в таблицу payment
[2025-08-26T09:00:15.153+0000] {logging_mixin.py:188} INFO - ✅ Загружено 1106 строк в таблицу reviews
[2025-08-26T09:00:15.203+0000] {logging_mixin.py:188} INFO - ✅ Загружено 306 новых строк в таблицу reviews
[2025-08-26T09:00:15.274+0000] {logging_mixin.py:188} INFO - ✅ Загружено 306 новых строк в таблицу reviews
[2025-08-26T09:00:15.320+0000] {logging_mixin.py:188} INFO - ✅ Загружено 306 новых строк в таблицу reviews
[2025-08-26T09:00:15.374+0000] {logging_mixin.py:188} INFO - ✅ Загружено 306 новых строк в таблицу reviews
[2025-08-26T09:00:15.419+0000] {logging_mixin.py:188} INFO - ✅ Загружено 306 новых строк в таблицу reviews
[2025-08-26T09:00:15.460+0000] {logging_mixin.py:188} INFO - ✅ Загружено 306 новых строк в таблицу reviews
[2025-08-26T09:00:15.461+0000] {python.py:237} INFO - Done. Returned value was: None
[2025-08-26T09:00:15.461+0000] {taskinstance.py:441} INFO - ::group::Post task execution logs
[2025-08-26T09:00:15.494+0000] {taskinstance.py:1206} INFO - Marking task as SUCCESS. dag_id=daily_generate_orders, task_id=load_csv_to_postgres, run_id=scheduled__2025-08-26T08:00:00+00:00, execution_date=20250826T080000, start_date=20250826T090007, end_date=20250826T090015
[2025-08-26T09:00:15.555+0000] {local_task_job_runner.py:243} INFO - Task exited with return code 0
[2025-08-26T09:00:15.575+0000] {taskinstance.py:3503} INFO - 0 downstream tasks scheduled from follow-on schedule check
[2025-08-26T09:00:15.579+0000] {local_task_job_runner.py:222} INFO - ::endgroup::
