[2025-09-10T02:29:37.597+0000] {local_task_job_runner.py:120} INFO - ::group::Pre task execution logs
[2025-09-10T02:29:37.655+0000] {taskinstance.py:2076} INFO - Dependencies all met for dep_context=non-requeueable deps ti=<TaskInstance: dbt_run_models.run_dbt_models manual__2025-09-10T02:24:17.460299+00:00 [queued]>
[2025-09-10T02:29:37.680+0000] {taskinstance.py:2076} INFO - Dependencies all met for dep_context=requeueable deps ti=<TaskInstance: dbt_run_models.run_dbt_models manual__2025-09-10T02:24:17.460299+00:00 [queued]>
[2025-09-10T02:29:37.681+0000] {taskinstance.py:2306} INFO - Starting attempt 2 of 2
[2025-09-10T02:29:37.726+0000] {taskinstance.py:2330} INFO - Executing <Task(BashOperator): run_dbt_models> on 2025-09-10 02:24:17.460299+00:00
[2025-09-10T02:29:37.737+0000] {warnings.py:112} WARNING - /home/airflow/.local/lib/python3.12/site-packages/airflow/task/task_runner/standard_task_runner.py:62: DeprecationWarning: This process (pid=3311) is multi-threaded, use of fork() may lead to deadlocks in the child.
  pid = os.fork()

[2025-09-10T02:29:37.738+0000] {standard_task_runner.py:90} INFO - Running: ['airflow', 'tasks', 'run', 'dbt_run_models', 'run_dbt_models', 'manual__2025-09-10T02:24:17.460299+00:00', '--job-id', '1318', '--raw', '--subdir', 'DAGS_FOLDER/dbt_dag.py', '--cfg-path', '/tmp/tmps49w7_en']
[2025-09-10T02:29:37.740+0000] {standard_task_runner.py:91} INFO - Job 1318: Subtask run_dbt_models
[2025-09-10T02:29:37.739+0000] {standard_task_runner.py:64} INFO - Started process 3312 to run task
[2025-09-10T02:29:37.766+0000] {warnings.py:112} WARNING - /home/airflow/.local/lib/python3.12/site-packages/airflow/settings.py:195: DeprecationWarning: The sql_alchemy_conn option in [core] has been moved to the sql_alchemy_conn option in [database] - the old setting has been used, but please update your config.
  SQL_ALCHEMY_CONN = conf.get("database", "SQL_ALCHEMY_CONN")

[2025-09-10T02:29:37.839+0000] {task_command.py:426} INFO - Running <TaskInstance: dbt_run_models.run_dbt_models manual__2025-09-10T02:24:17.460299+00:00 [running]> on host b5ea13053d47
[2025-09-10T02:29:38.050+0000] {taskinstance.py:2648} INFO - Exporting env vars: AIRFLOW_CTX_DAG_OWNER='airflow' AIRFLOW_CTX_DAG_ID='dbt_run_models' AIRFLOW_CTX_TASK_ID='run_dbt_models' AIRFLOW_CTX_EXECUTION_DATE='2025-09-10T02:24:17.460299+00:00' AIRFLOW_CTX_TRY_NUMBER='2' AIRFLOW_CTX_DAG_RUN_ID='manual__2025-09-10T02:24:17.460299+00:00'
[2025-09-10T02:29:38.052+0000] {taskinstance.py:430} INFO - ::endgroup::
[2025-09-10T02:29:38.096+0000] {subprocess.py:63} INFO - Tmp dir root location: /tmp
[2025-09-10T02:29:38.098+0000] {subprocess.py:75} INFO - Running command: ['/usr/bin/bash', '-c', '\n        cd /usr/app &&         dbt run --profiles-dir /usr/app\n        ']
[2025-09-10T02:29:38.114+0000] {subprocess.py:86} INFO - Output:
[2025-09-10T02:29:41.479+0000] {subprocess.py:93} INFO - [0m02:29:41  Running with dbt=1.7.9
[2025-09-10T02:29:42.215+0000] {subprocess.py:93} INFO - [0m02:29:42  Registered adapter: postgres=1.7.9
[2025-09-10T02:29:42.279+0000] {subprocess.py:93} INFO - [0m02:29:42  [[33mWARNING[0m]: Configuration paths exist in your dbt_project.yml file which do not apply to any resources.
[2025-09-10T02:29:42.279+0000] {subprocess.py:93} INFO - There are 1 unused configuration paths:
[2025-09-10T02:29:42.279+0000] {subprocess.py:93} INFO - - models.my_project.sources
[2025-09-10T02:29:42.315+0000] {subprocess.py:93} INFO - [0m02:29:42  Found 15 models, 7 sources, 0 exposures, 0 metrics, 401 macros, 0 groups, 0 semantic models
[2025-09-10T02:29:42.320+0000] {subprocess.py:93} INFO - [0m02:29:42
[2025-09-10T02:29:42.597+0000] {subprocess.py:93} INFO - [0m02:29:42  Concurrency: 4 threads (target='dev')
[2025-09-10T02:29:42.599+0000] {subprocess.py:93} INFO - [0m02:29:42
[2025-09-10T02:29:42.626+0000] {subprocess.py:93} INFO - [0m02:29:42  1 of 15 START sql view model analytics.stg_AOV ................................. [RUN]
[2025-09-10T02:29:42.637+0000] {subprocess.py:93} INFO - [0m02:29:42  3 of 15 START sql view model analytics.stg_order_details ....................... [RUN]
[2025-09-10T02:29:42.644+0000] {subprocess.py:93} INFO - [0m02:29:42  2 of 15 START sql view model analytics.stg_order_count_year .................... [RUN]
[2025-09-10T02:29:42.649+0000] {subprocess.py:93} INFO - [0m02:29:42  4 of 15 START sql view model analytics.stg_order_items ......................... [RUN]
[2025-09-10T02:29:43.325+0000] {subprocess.py:93} INFO - [0m02:29:43  3 of 15 OK created sql view model analytics.stg_order_details .................. [[32mCREATE VIEW[0m in 0.65s]
[2025-09-10T02:29:43.349+0000] {subprocess.py:93} INFO - [0m02:29:43  2 of 15 OK created sql view model analytics.stg_order_count_year ............... [[32mCREATE VIEW[0m in 0.69s]
[2025-09-10T02:29:43.354+0000] {subprocess.py:93} INFO - [0m02:29:43  4 of 15 OK created sql view model analytics.stg_order_items .................... [[32mCREATE VIEW[0m in 0.69s]
[2025-09-10T02:29:43.357+0000] {subprocess.py:93} INFO - [0m02:29:43  5 of 15 START sql view model analytics.stg_orders .............................. [RUN]
[2025-09-10T02:29:43.361+0000] {subprocess.py:93} INFO - [0m02:29:43  6 of 15 START sql view model analytics.stg_payments ............................ [RUN]
[2025-09-10T02:29:43.386+0000] {subprocess.py:93} INFO - [0m02:29:43  7 of 15 START sql view model analytics.stg_products ............................ [RUN]
[2025-09-10T02:29:43.401+0000] {subprocess.py:93} INFO - [0m02:29:43  1 of 15 OK created sql view model analytics.stg_AOV ............................ [[32mCREATE VIEW[0m in 0.76s]
[2025-09-10T02:29:43.418+0000] {subprocess.py:93} INFO - [0m02:29:43  8 of 15 START sql table model analytics.order_count_year ....................... [RUN]
[2025-09-10T02:29:43.902+0000] {subprocess.py:93} INFO - [0m02:29:43  5 of 15 OK created sql view model analytics.stg_orders ......................... [[32mCREATE VIEW[0m in 0.51s]
[2025-09-10T02:29:43.943+0000] {subprocess.py:93} INFO - [0m02:29:43  9 of 15 START sql table model analytics.order_count_year+month_diff ............ [RUN]
[2025-09-10T02:29:43.950+0000] {subprocess.py:93} INFO - [0m02:29:43  6 of 15 OK created sql view model analytics.stg_payments ....................... [[32mCREATE VIEW[0m in 0.57s]
[2025-09-10T02:29:43.976+0000] {subprocess.py:93} INFO - [0m02:29:43  10 of 15 START sql table model analytics.AOV_chek .............................. [RUN]
[2025-09-10T02:29:43.994+0000] {subprocess.py:93} INFO - [0m02:29:43  8 of 15 OK created sql table model analytics.order_count_year .................. [[32mSELECT 4[0m in 0.57s]
[2025-09-10T02:29:44.037+0000] {subprocess.py:93} INFO - [0m02:29:44  11 of 15 START sql table model analytics.orders_summary ........................ [RUN]
[2025-09-10T02:29:44.049+0000] {subprocess.py:93} INFO - [0m02:29:44  7 of 15 OK created sql view model analytics.stg_products ....................... [[32mCREATE VIEW[0m in 0.65s]
[2025-09-10T02:29:44.084+0000] {subprocess.py:93} INFO - [0m02:29:44  12 of 15 START sql table model analytics.AVG_AOV_chek .......................... [RUN]
[2025-09-10T02:29:44.335+0000] {subprocess.py:93} INFO - [0m02:29:44  9 of 15 OK created sql table model analytics.order_count_year+month_diff ....... [[32mSELECT 28[0m in 0.39s]
[2025-09-10T02:29:44.337+0000] {subprocess.py:93} INFO - [0m02:29:44  13 of 15 START sql table model analytics.AOV_EBITDA_COUNT ...................... [RUN]
[2025-09-10T02:29:44.530+0000] {subprocess.py:93} INFO - [0m02:29:44  10 of 15 OK created sql table model analytics.AOV_chek ......................... [[32mSELECT 50[0m in 0.49s]
[2025-09-10T02:29:44.556+0000] {subprocess.py:93} INFO - [0m02:29:44  14 of 15 START sql table model analytics.AOV_category .......................... [RUN]
[2025-09-10T02:29:44.573+0000] {subprocess.py:93} INFO - [0m02:29:44  13 of 15 ERROR creating sql table model analytics.AOV_EBITDA_COUNT ............. [[31mERROR[0m in 0.23s]
[2025-09-10T02:29:44.574+0000] {subprocess.py:93} INFO - [0m02:29:44  11 of 15 OK created sql table model analytics.orders_summary ................... [[32mSELECT 10000[0m in 0.53s]
[2025-09-10T02:29:44.582+0000] {subprocess.py:93} INFO - [0m02:29:44  15 of 15 START sql table model analytics.AOV_product_name ...................... [RUN]
[2025-09-10T02:29:44.633+0000] {subprocess.py:93} INFO - [0m02:29:44  12 of 15 OK created sql table model analytics.AVG_AOV_chek ..................... [[32mSELECT 16863[0m in 0.52s]
[2025-09-10T02:29:44.794+0000] {subprocess.py:93} INFO - [0m02:29:44  15 of 15 ERROR creating sql table model analytics.AOV_product_name ............. [[31mERROR[0m in 0.20s]
[2025-09-10T02:29:44.817+0000] {subprocess.py:93} INFO - [0m02:29:44  14 of 15 ERROR creating sql table model analytics.AOV_category ................. [[31mERROR[0m in 0.24s]
[2025-09-10T02:29:44.860+0000] {subprocess.py:93} INFO - [0m02:29:44
[2025-09-10T02:29:44.863+0000] {subprocess.py:93} INFO - [0m02:29:44  Finished running 7 view models, 8 table models in 0 hours 0 minutes and 2.54 seconds (2.54s).
[2025-09-10T02:29:44.914+0000] {subprocess.py:93} INFO - [0m02:29:44
[2025-09-10T02:29:44.916+0000] {subprocess.py:93} INFO - [0m02:29:44  [31mCompleted with 3 errors and 0 warnings:[0m
[2025-09-10T02:29:44.917+0000] {subprocess.py:93} INFO - [0m02:29:44
[2025-09-10T02:29:44.919+0000] {subprocess.py:93} INFO - [0m02:29:44    Database Error in model AOV_EBITDA_COUNT (models/marts/AOV_EBITDA_COUNT.sql)
[2025-09-10T02:29:44.919+0000] {subprocess.py:93} INFO -   type "avr_order_value" does not exist
[2025-09-10T02:29:44.919+0000] {subprocess.py:93} INFO -   LINE 19: order by avr_order_value
[2025-09-10T02:29:44.919+0000] {subprocess.py:93} INFO -                     ^
[2025-09-10T02:29:44.919+0000] {subprocess.py:93} INFO -   compiled Code at target/run/my_project/models/marts/AOV_EBITDA_COUNT.sql
[2025-09-10T02:29:44.920+0000] {subprocess.py:93} INFO - [0m02:29:44
[2025-09-10T02:29:44.922+0000] {subprocess.py:93} INFO - [0m02:29:44    Database Error in model AOV_product_name (models/marts/AOV_product_name.sql)
[2025-09-10T02:29:44.922+0000] {subprocess.py:93} INFO -   type "avr_order_value" does not exist
[2025-09-10T02:29:44.922+0000] {subprocess.py:93} INFO -   LINE 21: order by avr_order_value
[2025-09-10T02:29:44.922+0000] {subprocess.py:93} INFO -                     ^
[2025-09-10T02:29:44.922+0000] {subprocess.py:93} INFO -   compiled Code at target/run/my_project/models/marts/AOV_product_name.sql
[2025-09-10T02:29:44.924+0000] {subprocess.py:93} INFO - [0m02:29:44
[2025-09-10T02:29:44.926+0000] {subprocess.py:93} INFO - [0m02:29:44    Database Error in model AOV_category (models/marts/AOV_category.sql)
[2025-09-10T02:29:44.926+0000] {subprocess.py:93} INFO -   type "avr_order_value" does not exist
[2025-09-10T02:29:44.926+0000] {subprocess.py:93} INFO -   LINE 21: order by avr_order_value
[2025-09-10T02:29:44.926+0000] {subprocess.py:93} INFO -                     ^
[2025-09-10T02:29:44.926+0000] {subprocess.py:93} INFO -   compiled Code at target/run/my_project/models/marts/AOV_category.sql
[2025-09-10T02:29:44.928+0000] {subprocess.py:93} INFO - [0m02:29:44
[2025-09-10T02:29:44.929+0000] {subprocess.py:93} INFO - [0m02:29:44  Done. PASS=12 WARN=0 ERROR=3 SKIP=0 TOTAL=15
[2025-09-10T02:29:55.332+0000] {subprocess.py:97} INFO - Command exited with return code 1
[2025-09-10T02:29:55.333+0000] {taskinstance.py:441} INFO - ::group::Post task execution logs
[2025-09-10T02:29:55.350+0000] {taskinstance.py:2905} ERROR - Task failed with exception
Traceback (most recent call last):
  File "/home/airflow/.local/lib/python3.12/site-packages/airflow/models/taskinstance.py", line 465, in _execute_task
    result = _execute_callable(context=context, **execute_callable_kwargs)
             ^^^^^^^^^^^^^^^^^^^^^^^^^^^^^^^^^^^^^^^^^^^^^^^^^^^^^^^^^^^^^
  File "/home/airflow/.local/lib/python3.12/site-packages/airflow/models/taskinstance.py", line 432, in _execute_callable
    return execute_callable(context=context, **execute_callable_kwargs)
           ^^^^^^^^^^^^^^^^^^^^^^^^^^^^^^^^^^^^^^^^^^^^^^^^^^^^^^^^^^^^
  File "/home/airflow/.local/lib/python3.12/site-packages/airflow/models/baseoperator.py", line 401, in wrapper
    return func(self, *args, **kwargs)
           ^^^^^^^^^^^^^^^^^^^^^^^^^^^
  File "/home/airflow/.local/lib/python3.12/site-packages/airflow/operators/bash.py", line 243, in execute
    raise AirflowException(
airflow.exceptions.AirflowException: Bash command failed. The command returned a non-zero exit code 1.
[2025-09-10T02:29:55.362+0000] {taskinstance.py:1206} INFO - Marking task as FAILED. dag_id=dbt_run_models, task_id=run_dbt_models, run_id=manual__2025-09-10T02:24:17.460299+00:00, execution_date=20250910T022417, start_date=20250910T022937, end_date=20250910T022955
[2025-09-10T02:29:55.394+0000] {standard_task_runner.py:110} ERROR - Failed to execute job 1318 for task run_dbt_models (Bash command failed. The command returned a non-zero exit code 1.; 3312)
[2025-09-10T02:29:55.429+0000] {local_task_job_runner.py:243} INFO - Task exited with return code 1
[2025-09-10T02:29:55.454+0000] {taskinstance.py:3503} INFO - 0 downstream tasks scheduled from follow-on schedule check
[2025-09-10T02:29:55.460+0000] {local_task_job_runner.py:222} INFO - ::endgroup::
