[2025-09-10T02:24:18.193+0000] {local_task_job_runner.py:120} INFO - ::group::Pre task execution logs
[2025-09-10T02:24:18.261+0000] {taskinstance.py:2076} INFO - Dependencies all met for dep_context=non-requeueable deps ti=<TaskInstance: dbt_run_models.run_dbt_models manual__2025-09-10T02:24:17.460299+00:00 [queued]>
[2025-09-10T02:24:18.283+0000] {taskinstance.py:2076} INFO - Dependencies all met for dep_context=requeueable deps ti=<TaskInstance: dbt_run_models.run_dbt_models manual__2025-09-10T02:24:17.460299+00:00 [queued]>
[2025-09-10T02:24:18.284+0000] {taskinstance.py:2306} INFO - Starting attempt 1 of 2
[2025-09-10T02:24:18.325+0000] {taskinstance.py:2330} INFO - Executing <Task(BashOperator): run_dbt_models> on 2025-09-10 02:24:17.460299+00:00
[2025-09-10T02:24:18.331+0000] {warnings.py:112} WARNING - /home/airflow/.local/lib/python3.12/site-packages/airflow/task/task_runner/standard_task_runner.py:62: DeprecationWarning: This process (pid=3283) is multi-threaded, use of fork() may lead to deadlocks in the child.
  pid = os.fork()

[2025-09-10T02:24:18.332+0000] {standard_task_runner.py:64} INFO - Started process 3284 to run task
[2025-09-10T02:24:18.333+0000] {standard_task_runner.py:90} INFO - Running: ['airflow', 'tasks', 'run', 'dbt_run_models', 'run_dbt_models', 'manual__2025-09-10T02:24:17.460299+00:00', '--job-id', '1316', '--raw', '--subdir', 'DAGS_FOLDER/dbt_dag.py', '--cfg-path', '/tmp/tmp5zsedtbd']
[2025-09-10T02:24:18.334+0000] {standard_task_runner.py:91} INFO - Job 1316: Subtask run_dbt_models
[2025-09-10T02:24:18.348+0000] {warnings.py:112} WARNING - /home/airflow/.local/lib/python3.12/site-packages/airflow/settings.py:195: DeprecationWarning: The sql_alchemy_conn option in [core] has been moved to the sql_alchemy_conn option in [database] - the old setting has been used, but please update your config.
  SQL_ALCHEMY_CONN = conf.get("database", "SQL_ALCHEMY_CONN")

[2025-09-10T02:24:18.392+0000] {task_command.py:426} INFO - Running <TaskInstance: dbt_run_models.run_dbt_models manual__2025-09-10T02:24:17.460299+00:00 [running]> on host b5ea13053d47
[2025-09-10T02:24:18.570+0000] {taskinstance.py:2648} INFO - Exporting env vars: AIRFLOW_CTX_DAG_OWNER='airflow' AIRFLOW_CTX_DAG_ID='dbt_run_models' AIRFLOW_CTX_TASK_ID='run_dbt_models' AIRFLOW_CTX_EXECUTION_DATE='2025-09-10T02:24:17.460299+00:00' AIRFLOW_CTX_TRY_NUMBER='1' AIRFLOW_CTX_DAG_RUN_ID='manual__2025-09-10T02:24:17.460299+00:00'
[2025-09-10T02:24:18.571+0000] {taskinstance.py:430} INFO - ::endgroup::
[2025-09-10T02:24:18.613+0000] {subprocess.py:63} INFO - Tmp dir root location: /tmp
[2025-09-10T02:24:18.614+0000] {subprocess.py:75} INFO - Running command: ['/usr/bin/bash', '-c', '\n        cd /usr/app &&         dbt run --profiles-dir /usr/app\n        ']
[2025-09-10T02:24:18.630+0000] {subprocess.py:86} INFO - Output:
[2025-09-10T02:24:22.054+0000] {subprocess.py:93} INFO - [0m02:24:22  Running with dbt=1.7.9
[2025-09-10T02:24:22.430+0000] {subprocess.py:93} INFO - [0m02:24:22  Registered adapter: postgres=1.7.9
[2025-09-10T02:24:22.480+0000] {subprocess.py:93} INFO - [0m02:24:22  [[33mWARNING[0m]: Configuration paths exist in your dbt_project.yml file which do not apply to any resources.
[2025-09-10T02:24:22.480+0000] {subprocess.py:93} INFO - There are 1 unused configuration paths:
[2025-09-10T02:24:22.480+0000] {subprocess.py:93} INFO - - models.my_project.sources
[2025-09-10T02:24:22.507+0000] {subprocess.py:93} INFO - [0m02:24:22  Found 15 models, 7 sources, 0 exposures, 0 metrics, 401 macros, 0 groups, 0 semantic models
[2025-09-10T02:24:22.511+0000] {subprocess.py:93} INFO - [0m02:24:22
[2025-09-10T02:24:22.736+0000] {subprocess.py:93} INFO - [0m02:24:22  Concurrency: 4 threads (target='dev')
[2025-09-10T02:24:22.737+0000] {subprocess.py:93} INFO - [0m02:24:22
[2025-09-10T02:24:22.757+0000] {subprocess.py:93} INFO - [0m02:24:22  1 of 15 START sql view model analytics.stg_AOV ................................. [RUN]
[2025-09-10T02:24:22.765+0000] {subprocess.py:93} INFO - [0m02:24:22  2 of 15 START sql view model analytics.stg_order_count_year .................... [RUN]
[2025-09-10T02:24:22.772+0000] {subprocess.py:93} INFO - [0m02:24:22  3 of 15 START sql view model analytics.stg_order_details ....................... [RUN]
[2025-09-10T02:24:22.773+0000] {subprocess.py:93} INFO - [0m02:24:22  4 of 15 START sql view model analytics.stg_order_items ......................... [RUN]
[2025-09-10T02:24:23.471+0000] {subprocess.py:93} INFO - [0m02:24:23  2 of 15 OK created sql view model analytics.stg_order_count_year ............... [[32mCREATE VIEW[0m in 0.69s]
[2025-09-10T02:24:23.477+0000] {subprocess.py:93} INFO - [0m02:24:23  4 of 15 OK created sql view model analytics.stg_order_items .................... [[32mCREATE VIEW[0m in 0.69s]
[2025-09-10T02:24:23.501+0000] {subprocess.py:93} INFO - [0m02:24:23  3 of 15 OK created sql view model analytics.stg_order_details .................. [[32mCREATE VIEW[0m in 0.71s]
[2025-09-10T02:24:23.505+0000] {subprocess.py:93} INFO - [0m02:24:23  5 of 15 START sql view model analytics.stg_orders .............................. [RUN]
[2025-09-10T02:24:23.518+0000] {subprocess.py:93} INFO - [0m02:24:23  6 of 15 START sql view model analytics.stg_payments ............................ [RUN]
[2025-09-10T02:24:23.521+0000] {subprocess.py:93} INFO - [0m02:24:23  1 of 15 OK created sql view model analytics.stg_AOV ............................ [[32mCREATE VIEW[0m in 0.74s]
[2025-09-10T02:24:23.533+0000] {subprocess.py:93} INFO - [0m02:24:23  7 of 15 START sql view model analytics.stg_products ............................ [RUN]
[2025-09-10T02:24:23.575+0000] {subprocess.py:93} INFO - [0m02:24:23  8 of 15 START sql table model analytics.order_count_year ....................... [RUN]
[2025-09-10T02:24:23.998+0000] {subprocess.py:93} INFO - [0m02:24:23  6 of 15 OK created sql view model analytics.stg_payments ....................... [[32mCREATE VIEW[0m in 0.47s]
[2025-09-10T02:24:24.002+0000] {subprocess.py:93} INFO - [0m02:24:24  5 of 15 OK created sql view model analytics.stg_orders ......................... [[32mCREATE VIEW[0m in 0.48s]
[2025-09-10T02:24:24.067+0000] {subprocess.py:93} INFO - [0m02:24:24  9 of 15 START sql table model analytics.order_count_year+month_diff ............ [RUN]
[2025-09-10T02:24:24.070+0000] {subprocess.py:93} INFO - [0m02:24:24  10 of 15 START sql table model analytics.AOV_chek .............................. [RUN]
[2025-09-10T02:24:24.074+0000] {subprocess.py:93} INFO - [0m02:24:24  7 of 15 OK created sql view model analytics.stg_products ....................... [[32mCREATE VIEW[0m in 0.51s]
[2025-09-10T02:24:24.109+0000] {subprocess.py:93} INFO - [0m02:24:24  11 of 15 START sql table model analytics.AVG_AOV_chek .......................... [RUN]
[2025-09-10T02:24:24.115+0000] {subprocess.py:93} INFO - [0m02:24:24  8 of 15 OK created sql table model analytics.order_count_year .................. [[32mSELECT 4[0m in 0.51s]
[2025-09-10T02:24:24.166+0000] {subprocess.py:93} INFO - [0m02:24:24  12 of 15 START sql table model analytics.orders_summary ........................ [RUN]
[2025-09-10T02:24:24.435+0000] {subprocess.py:93} INFO - [0m02:24:24  10 of 15 OK created sql table model analytics.AOV_chek ......................... [[32mSELECT 50[0m in 0.35s]
[2025-09-10T02:24:24.443+0000] {subprocess.py:93} INFO - [0m02:24:24  9 of 15 OK created sql table model analytics.order_count_year+month_diff ....... [[32mSELECT 28[0m in 0.36s]
[2025-09-10T02:24:24.468+0000] {subprocess.py:93} INFO - [0m02:24:24  13 of 15 START sql table model analytics.AOV_EBITDA_COUNT ...................... [RUN]
[2025-09-10T02:24:24.472+0000] {subprocess.py:93} INFO - [0m02:24:24  14 of 15 START sql table model analytics.AOV_category .......................... [RUN]
[2025-09-10T02:24:24.631+0000] {subprocess.py:93} INFO - [0m02:24:24  12 of 15 OK created sql table model analytics.orders_summary ................... [[32mSELECT 10000[0m in 0.43s]
[2025-09-10T02:24:24.663+0000] {subprocess.py:93} INFO - [0m02:24:24  15 of 15 START sql table model analytics.AOV_product_name ...................... [RUN]
[2025-09-10T02:24:24.889+0000] {subprocess.py:93} INFO - [0m02:24:24  11 of 15 OK created sql table model analytics.AVG_AOV_chek ..................... [[32mSELECT 16863[0m in 0.76s]
[2025-09-10T02:24:24.925+0000] {subprocess.py:93} INFO - [0m02:24:24  13 of 15 ERROR creating sql table model analytics.AOV_EBITDA_COUNT ............. [[31mERROR[0m in 0.44s]
[2025-09-10T02:24:24.941+0000] {subprocess.py:93} INFO - [0m02:24:24  14 of 15 ERROR creating sql table model analytics.AOV_category ................. [[31mERROR[0m in 0.44s]
[2025-09-10T02:24:24.961+0000] {subprocess.py:93} INFO - [0m02:24:24  15 of 15 ERROR creating sql table model analytics.AOV_product_name ............. [[31mERROR[0m in 0.28s]
[2025-09-10T02:24:24.987+0000] {subprocess.py:93} INFO - [0m02:24:24
[2025-09-10T02:24:24.987+0000] {subprocess.py:93} INFO - [0m02:24:24  Finished running 7 view models, 8 table models in 0 hours 0 minutes and 2.47 seconds (2.47s).
[2025-09-10T02:24:25.003+0000] {subprocess.py:93} INFO - [0m02:24:25
[2025-09-10T02:24:25.004+0000] {subprocess.py:93} INFO - [0m02:24:25  [31mCompleted with 3 errors and 0 warnings:[0m
[2025-09-10T02:24:25.005+0000] {subprocess.py:93} INFO - [0m02:24:25
[2025-09-10T02:24:25.006+0000] {subprocess.py:93} INFO - [0m02:24:25    Database Error in model AOV_EBITDA_COUNT (models/marts/AOV_EBITDA_COUNT.sql)
[2025-09-10T02:24:25.006+0000] {subprocess.py:93} INFO -   type "avr_order_value" does not exist
[2025-09-10T02:24:25.007+0000] {subprocess.py:93} INFO -   LINE 19: order by avr_order_value
[2025-09-10T02:24:25.008+0000] {subprocess.py:93} INFO -                     ^
[2025-09-10T02:24:25.008+0000] {subprocess.py:93} INFO -   compiled Code at target/run/my_project/models/marts/AOV_EBITDA_COUNT.sql
[2025-09-10T02:24:25.009+0000] {subprocess.py:93} INFO - [0m02:24:25
[2025-09-10T02:24:25.009+0000] {subprocess.py:93} INFO - [0m02:24:25    Database Error in model AOV_category (models/marts/AOV_category.sql)
[2025-09-10T02:24:25.011+0000] {subprocess.py:93} INFO -   type "avr_order_value" does not exist
[2025-09-10T02:24:25.012+0000] {subprocess.py:93} INFO -   LINE 21: order by avr_order_value
[2025-09-10T02:24:25.013+0000] {subprocess.py:93} INFO -                     ^
[2025-09-10T02:24:25.013+0000] {subprocess.py:93} INFO -   compiled Code at target/run/my_project/models/marts/AOV_category.sql
[2025-09-10T02:24:25.014+0000] {subprocess.py:93} INFO - [0m02:24:25
[2025-09-10T02:24:25.015+0000] {subprocess.py:93} INFO - [0m02:24:25    Database Error in model AOV_product_name (models/marts/AOV_product_name.sql)
[2025-09-10T02:24:25.015+0000] {subprocess.py:93} INFO -   type "avr_order_value" does not exist
[2025-09-10T02:24:25.016+0000] {subprocess.py:93} INFO -   LINE 21: order by avr_order_value
[2025-09-10T02:24:25.016+0000] {subprocess.py:93} INFO -                     ^
[2025-09-10T02:24:25.017+0000] {subprocess.py:93} INFO -   compiled Code at target/run/my_project/models/marts/AOV_product_name.sql
[2025-09-10T02:24:25.017+0000] {subprocess.py:93} INFO - [0m02:24:25
[2025-09-10T02:24:25.018+0000] {subprocess.py:93} INFO - [0m02:24:25  Done. PASS=12 WARN=0 ERROR=3 SKIP=0 TOTAL=15
[2025-09-10T02:24:35.821+0000] {subprocess.py:97} INFO - Command exited with return code 1
[2025-09-10T02:24:35.823+0000] {taskinstance.py:441} INFO - ::group::Post task execution logs
[2025-09-10T02:24:35.864+0000] {taskinstance.py:2905} ERROR - Task failed with exception
Traceback (most recent call last):
  File "/home/airflow/.local/lib/python3.12/site-packages/airflow/models/taskinstance.py", line 465, in _execute_task
    result = _execute_callable(context=context, **execute_callable_kwargs)
             ^^^^^^^^^^^^^^^^^^^^^^^^^^^^^^^^^^^^^^^^^^^^^^^^^^^^^^^^^^^^^
  File "/home/airflow/.local/lib/python3.12/site-packages/airflow/models/taskinstance.py", line 432, in _execute_callable
    return execute_callable(context=context, **execute_callable_kwargs)
           ^^^^^^^^^^^^^^^^^^^^^^^^^^^^^^^^^^^^^^^^^^^^^^^^^^^^^^^^^^^^
  File "/home/airflow/.local/lib/python3.12/site-packages/airflow/models/baseoperator.py", line 401, in wrapper
    return func(self, *args, **kwargs)
           ^^^^^^^^^^^^^^^^^^^^^^^^^^^
  File "/home/airflow/.local/lib/python3.12/site-packages/airflow/operators/bash.py", line 243, in execute
    raise AirflowException(
airflow.exceptions.AirflowException: Bash command failed. The command returned a non-zero exit code 1.
[2025-09-10T02:24:35.879+0000] {taskinstance.py:1206} INFO - Marking task as UP_FOR_RETRY. dag_id=dbt_run_models, task_id=run_dbt_models, run_id=manual__2025-09-10T02:24:17.460299+00:00, execution_date=20250910T022417, start_date=20250910T022418, end_date=20250910T022435
[2025-09-10T02:24:35.938+0000] {standard_task_runner.py:110} ERROR - Failed to execute job 1316 for task run_dbt_models (Bash command failed. The command returned a non-zero exit code 1.; 3284)
[2025-09-10T02:24:35.970+0000] {local_task_job_runner.py:243} INFO - Task exited with return code 1
[2025-09-10T02:24:35.998+0000] {local_task_job_runner.py:222} INFO - ::endgroup::
