[2025-09-03T23:00:01.628+0000] {local_task_job_runner.py:120} INFO - ::group::Pre task execution logs
[2025-09-03T23:00:01.703+0000] {taskinstance.py:2076} INFO - Dependencies all met for dep_context=non-requeueable deps ti=<TaskInstance: dbt_run_models.run_dbt_models scheduled__2025-09-03T22:00:00+00:00 [queued]>
[2025-09-03T23:00:01.720+0000] {taskinstance.py:2076} INFO - Dependencies all met for dep_context=requeueable deps ti=<TaskInstance: dbt_run_models.run_dbt_models scheduled__2025-09-03T22:00:00+00:00 [queued]>
[2025-09-03T23:00:01.721+0000] {taskinstance.py:2306} INFO - Starting attempt 1 of 2
[2025-09-03T23:00:01.754+0000] {taskinstance.py:2330} INFO - Executing <Task(BashOperator): run_dbt_models> on 2025-09-03 22:00:00+00:00
[2025-09-03T23:00:01.763+0000] {warnings.py:112} WARNING - /home/airflow/.local/lib/python3.12/site-packages/airflow/task/task_runner/standard_task_runner.py:62: DeprecationWarning: This process (pid=187) is multi-threaded, use of fork() may lead to deadlocks in the child.
  pid = os.fork()

[2025-09-03T23:00:01.765+0000] {standard_task_runner.py:64} INFO - Started process 188 to run task
[2025-09-03T23:00:01.766+0000] {standard_task_runner.py:90} INFO - Running: ['airflow', 'tasks', 'run', 'dbt_run_models', 'run_dbt_models', 'scheduled__2025-09-03T22:00:00+00:00', '--job-id', '973', '--raw', '--subdir', 'DAGS_FOLDER/dbt_dag.py', '--cfg-path', '/tmp/tmpmwhdu72i']
[2025-09-03T23:00:01.772+0000] {standard_task_runner.py:91} INFO - Job 973: Subtask run_dbt_models
[2025-09-03T23:00:01.794+0000] {warnings.py:112} WARNING - /home/airflow/.local/lib/python3.12/site-packages/airflow/settings.py:195: DeprecationWarning: The sql_alchemy_conn option in [core] has been moved to the sql_alchemy_conn option in [database] - the old setting has been used, but please update your config.
  SQL_ALCHEMY_CONN = conf.get("database", "SQL_ALCHEMY_CONN")

[2025-09-03T23:00:01.846+0000] {task_command.py:426} INFO - Running <TaskInstance: dbt_run_models.run_dbt_models scheduled__2025-09-03T22:00:00+00:00 [running]> on host b5ea13053d47
[2025-09-03T23:00:02.051+0000] {taskinstance.py:2648} INFO - Exporting env vars: AIRFLOW_CTX_DAG_OWNER='airflow' AIRFLOW_CTX_DAG_ID='dbt_run_models' AIRFLOW_CTX_TASK_ID='run_dbt_models' AIRFLOW_CTX_EXECUTION_DATE='2025-09-03T22:00:00+00:00' AIRFLOW_CTX_TRY_NUMBER='1' AIRFLOW_CTX_DAG_RUN_ID='scheduled__2025-09-03T22:00:00+00:00'
[2025-09-03T23:00:02.053+0000] {taskinstance.py:430} INFO - ::endgroup::
[2025-09-03T23:00:02.096+0000] {subprocess.py:63} INFO - Tmp dir root location: /tmp
[2025-09-03T23:00:02.098+0000] {subprocess.py:75} INFO - Running command: ['/usr/bin/bash', '-c', '\n        cd /usr/app &&         dbt run --profiles-dir /usr/app\n        ']
[2025-09-03T23:00:02.124+0000] {subprocess.py:86} INFO - Output:
[2025-09-03T23:00:06.872+0000] {subprocess.py:93} INFO - [0m23:00:06  Running with dbt=1.7.9
[2025-09-03T23:00:07.358+0000] {subprocess.py:93} INFO - [0m23:00:07  Registered adapter: postgres=1.7.9
[2025-09-03T23:00:07.416+0000] {subprocess.py:93} INFO - [0m23:00:07  [[33mWARNING[0m]: Configuration paths exist in your dbt_project.yml file which do not apply to any resources.
[2025-09-03T23:00:07.417+0000] {subprocess.py:93} INFO - There are 1 unused configuration paths:
[2025-09-03T23:00:07.418+0000] {subprocess.py:93} INFO - - models.my_project.sources
[2025-09-03T23:00:07.450+0000] {subprocess.py:93} INFO - [0m23:00:07  Found 5 models, 7 sources, 0 exposures, 0 metrics, 401 macros, 0 groups, 0 semantic models
[2025-09-03T23:00:07.456+0000] {subprocess.py:93} INFO - [0m23:00:07
[2025-09-03T23:00:07.878+0000] {subprocess.py:93} INFO - [0m23:00:07  Concurrency: 4 threads (target='dev')
[2025-09-03T23:00:07.881+0000] {subprocess.py:93} INFO - [0m23:00:07
[2025-09-03T23:00:07.937+0000] {subprocess.py:93} INFO - [0m23:00:07  1 of 5 START sql view model analytics.stg_order_count_year ..................... [RUN]
[2025-09-03T23:00:07.941+0000] {subprocess.py:93} INFO - [0m23:00:07  2 of 5 START sql view model analytics.stg_order_details ........................ [RUN]
[2025-09-03T23:00:07.943+0000] {subprocess.py:93} INFO - [0m23:00:07  3 of 5 START sql view model analytics.stg_orders ............................... [RUN]
[2025-09-03T23:00:09.433+0000] {subprocess.py:93} INFO - [0m23:00:09  1 of 5 OK created sql view model analytics.stg_order_count_year ................ [[32mCREATE VIEW[0m in 1.47s]
[2025-09-03T23:00:09.438+0000] {subprocess.py:93} INFO - [0m23:00:09  3 of 5 OK created sql view model analytics.stg_orders .......................... [[32mCREATE VIEW[0m in 1.46s]
[2025-09-03T23:00:09.465+0000] {subprocess.py:93} INFO - [0m23:00:09  4 of 5 START sql table model analytics.order_count_year ........................ [RUN]
[2025-09-03T23:00:09.474+0000] {subprocess.py:93} INFO - [0m23:00:09  2 of 5 OK created sql view model analytics.stg_order_details ................... [[32mCREATE VIEW[0m in 1.51s]
[2025-09-03T23:00:09.493+0000] {subprocess.py:93} INFO - [0m23:00:09  5 of 5 START sql table model analytics.orders_summary .......................... [RUN]
[2025-09-03T23:00:10.102+0000] {subprocess.py:93} INFO - [0m23:00:10  4 of 5 OK created sql table model analytics.order_count_year ................... [[32mSELECT 3[0m in 0.63s]
[2025-09-03T23:00:10.188+0000] {subprocess.py:93} INFO - [0m23:00:10  5 of 5 OK created sql table model analytics.orders_summary ..................... [[32mSELECT 10000[0m in 0.68s]
[2025-09-03T23:00:10.251+0000] {subprocess.py:93} INFO - [0m23:00:10
[2025-09-03T23:00:10.253+0000] {subprocess.py:93} INFO - [0m23:00:10  Finished running 3 view models, 2 table models in 0 hours 0 minutes and 2.79 seconds (2.79s).
[2025-09-03T23:00:10.301+0000] {subprocess.py:93} INFO - [0m23:00:10
[2025-09-03T23:00:10.303+0000] {subprocess.py:93} INFO - [0m23:00:10  [32mCompleted successfully[0m
[2025-09-03T23:00:10.306+0000] {subprocess.py:93} INFO - [0m23:00:10
[2025-09-03T23:00:10.308+0000] {subprocess.py:93} INFO - [0m23:00:10  Done. PASS=5 WARN=0 ERROR=0 SKIP=0 TOTAL=5
[2025-09-03T23:00:20.712+0000] {subprocess.py:97} INFO - Command exited with return code 0
[2025-09-03T23:00:20.714+0000] {taskinstance.py:441} INFO - ::group::Post task execution logs
[2025-09-03T23:00:20.747+0000] {taskinstance.py:1206} INFO - Marking task as SUCCESS. dag_id=dbt_run_models, task_id=run_dbt_models, run_id=scheduled__2025-09-03T22:00:00+00:00, execution_date=20250903T220000, start_date=20250903T230001, end_date=20250903T230020
[2025-09-03T23:00:20.815+0000] {local_task_job_runner.py:243} INFO - Task exited with return code 0
[2025-09-03T23:00:20.871+0000] {taskinstance.py:3503} INFO - 1 downstream tasks scheduled from follow-on schedule check
[2025-09-03T23:00:20.874+0000] {local_task_job_runner.py:222} INFO - ::endgroup::
