[2025-09-08T03:00:01.986+0000] {local_task_job_runner.py:120} INFO - ::group::Pre task execution logs
[2025-09-08T03:00:02.060+0000] {taskinstance.py:2076} INFO - Dependencies all met for dep_context=non-requeueable deps ti=<TaskInstance: dbt_run_models.run_dbt_models scheduled__2025-09-08T02:00:00+00:00 [queued]>
[2025-09-08T03:00:02.086+0000] {taskinstance.py:2076} INFO - Dependencies all met for dep_context=requeueable deps ti=<TaskInstance: dbt_run_models.run_dbt_models scheduled__2025-09-08T02:00:00+00:00 [queued]>
[2025-09-08T03:00:02.087+0000] {taskinstance.py:2306} INFO - Starting attempt 1 of 2
[2025-09-08T03:00:02.135+0000] {taskinstance.py:2330} INFO - Executing <Task(BashOperator): run_dbt_models> on 2025-09-08 02:00:00+00:00
[2025-09-08T03:00:02.144+0000] {warnings.py:112} WARNING - /home/airflow/.local/lib/python3.12/site-packages/airflow/task/task_runner/standard_task_runner.py:62: DeprecationWarning: This process (pid=2213) is multi-threaded, use of fork() may lead to deadlocks in the child.
  pid = os.fork()

[2025-09-08T03:00:02.145+0000] {standard_task_runner.py:90} INFO - Running: ['airflow', 'tasks', 'run', 'dbt_run_models', 'run_dbt_models', 'scheduled__2025-09-08T02:00:00+00:00', '--job-id', '1205', '--raw', '--subdir', 'DAGS_FOLDER/dbt_dag.py', '--cfg-path', '/tmp/tmpslrk529f']
[2025-09-08T03:00:02.145+0000] {standard_task_runner.py:64} INFO - Started process 2214 to run task
[2025-09-08T03:00:02.146+0000] {standard_task_runner.py:91} INFO - Job 1205: Subtask run_dbt_models
[2025-09-08T03:00:02.173+0000] {warnings.py:112} WARNING - /home/airflow/.local/lib/python3.12/site-packages/airflow/settings.py:195: DeprecationWarning: The sql_alchemy_conn option in [core] has been moved to the sql_alchemy_conn option in [database] - the old setting has been used, but please update your config.
  SQL_ALCHEMY_CONN = conf.get("database", "SQL_ALCHEMY_CONN")

[2025-09-08T03:00:02.263+0000] {task_command.py:426} INFO - Running <TaskInstance: dbt_run_models.run_dbt_models scheduled__2025-09-08T02:00:00+00:00 [running]> on host b5ea13053d47
[2025-09-08T03:00:02.500+0000] {taskinstance.py:2648} INFO - Exporting env vars: AIRFLOW_CTX_DAG_OWNER='airflow' AIRFLOW_CTX_DAG_ID='dbt_run_models' AIRFLOW_CTX_TASK_ID='run_dbt_models' AIRFLOW_CTX_EXECUTION_DATE='2025-09-08T02:00:00+00:00' AIRFLOW_CTX_TRY_NUMBER='1' AIRFLOW_CTX_DAG_RUN_ID='scheduled__2025-09-08T02:00:00+00:00'
[2025-09-08T03:00:02.501+0000] {taskinstance.py:430} INFO - ::endgroup::
[2025-09-08T03:00:02.538+0000] {subprocess.py:63} INFO - Tmp dir root location: /tmp
[2025-09-08T03:00:02.539+0000] {subprocess.py:75} INFO - Running command: ['/usr/bin/bash', '-c', '\n        cd /usr/app &&         dbt run --profiles-dir /usr/app\n        ']
[2025-09-08T03:00:02.564+0000] {subprocess.py:86} INFO - Output:
[2025-09-08T03:00:10.305+0000] {subprocess.py:93} INFO - [0m03:00:10  Running with dbt=1.7.9
[2025-09-08T03:00:11.138+0000] {subprocess.py:93} INFO - [0m03:00:11  Registered adapter: postgres=1.7.9
[2025-09-08T03:00:11.414+0000] {subprocess.py:93} INFO - [0m03:00:11  [[33mWARNING[0m]: Configuration paths exist in your dbt_project.yml file which do not apply to any resources.
[2025-09-08T03:00:11.417+0000] {subprocess.py:93} INFO - There are 1 unused configuration paths:
[2025-09-08T03:00:11.418+0000] {subprocess.py:93} INFO - - models.my_project.sources
[2025-09-08T03:00:11.505+0000] {subprocess.py:93} INFO - [0m03:00:11  Found 7 models, 7 sources, 0 exposures, 0 metrics, 401 macros, 0 groups, 0 semantic models
[2025-09-08T03:00:11.517+0000] {subprocess.py:93} INFO - [0m03:00:11
[2025-09-08T03:00:12.031+0000] {subprocess.py:93} INFO - [0m03:00:12  Concurrency: 4 threads (target='dev')
[2025-09-08T03:00:12.033+0000] {subprocess.py:93} INFO - [0m03:00:12
[2025-09-08T03:00:12.087+0000] {subprocess.py:93} INFO - [0m03:00:12  1 of 7 START sql view model analytics.stg_AOV .................................. [RUN]
[2025-09-08T03:00:12.110+0000] {subprocess.py:93} INFO - [0m03:00:12  2 of 7 START sql view model analytics.stg_order_count_year ..................... [RUN]
[2025-09-08T03:00:12.124+0000] {subprocess.py:93} INFO - [0m03:00:12  4 of 7 START sql view model analytics.stg_orders ............................... [RUN]
[2025-09-08T03:00:12.132+0000] {subprocess.py:93} INFO - [0m03:00:12  3 of 7 START sql view model analytics.stg_order_details ........................ [RUN]
[2025-09-08T03:00:14.401+0000] {subprocess.py:93} INFO - [0m03:00:14  1 of 7 OK created sql view model analytics.stg_AOV ............................. [[32mCREATE VIEW[0m in 2.29s]
[2025-09-08T03:00:14.441+0000] {subprocess.py:93} INFO - [0m03:00:14  2 of 7 OK created sql view model analytics.stg_order_count_year ................ [[32mCREATE VIEW[0m in 2.27s]
[2025-09-08T03:00:14.450+0000] {subprocess.py:93} INFO - [0m03:00:14  4 of 7 OK created sql view model analytics.stg_orders .......................... [[32mCREATE VIEW[0m in 2.26s]
[2025-09-08T03:00:14.454+0000] {subprocess.py:93} INFO - [0m03:00:14  3 of 7 OK created sql view model analytics.stg_order_details ................... [[32mCREATE VIEW[0m in 2.26s]
[2025-09-08T03:00:14.482+0000] {subprocess.py:93} INFO - [0m03:00:14  5 of 7 START sql table model analytics.AOV_chek ................................ [RUN]
[2025-09-08T03:00:14.486+0000] {subprocess.py:93} INFO - [0m03:00:14  6 of 7 START sql table model analytics.order_count_year ........................ [RUN]
[2025-09-08T03:00:14.513+0000] {subprocess.py:93} INFO - [0m03:00:14  7 of 7 START sql table model analytics.orders_summary .......................... [RUN]
[2025-09-08T03:00:15.885+0000] {subprocess.py:93} INFO - [0m03:00:15  5 of 7 OK created sql table model analytics.AOV_chek ........................... [[32mSELECT 50[0m in 1.36s]
[2025-09-08T03:00:15.888+0000] {subprocess.py:93} INFO - [0m03:00:15  6 of 7 OK created sql table model analytics.order_count_year ................... [[32mSELECT 4[0m in 1.37s]
[2025-09-08T03:00:15.923+0000] {subprocess.py:93} INFO - [0m03:00:15  7 of 7 OK created sql table model analytics.orders_summary ..................... [[32mSELECT 10000[0m in 1.38s]
[2025-09-08T03:00:15.997+0000] {subprocess.py:93} INFO - [0m03:00:15
[2025-09-08T03:00:16.002+0000] {subprocess.py:93} INFO - [0m03:00:15  Finished running 4 view models, 3 table models in 0 hours 0 minutes and 4.48 seconds (4.48s).
[2025-09-08T03:00:16.068+0000] {subprocess.py:93} INFO - [0m03:00:16
[2025-09-08T03:00:16.070+0000] {subprocess.py:93} INFO - [0m03:00:16  [32mCompleted successfully[0m
[2025-09-08T03:00:16.075+0000] {subprocess.py:93} INFO - [0m03:00:16
[2025-09-08T03:00:16.078+0000] {subprocess.py:93} INFO - [0m03:00:16  Done. PASS=7 WARN=0 ERROR=0 SKIP=0 TOTAL=7
[2025-09-08T03:00:26.540+0000] {subprocess.py:97} INFO - Command exited with return code 0
[2025-09-08T03:00:26.542+0000] {taskinstance.py:441} INFO - ::group::Post task execution logs
[2025-09-08T03:00:26.604+0000] {taskinstance.py:1206} INFO - Marking task as SUCCESS. dag_id=dbt_run_models, task_id=run_dbt_models, run_id=scheduled__2025-09-08T02:00:00+00:00, execution_date=20250908T020000, start_date=20250908T030002, end_date=20250908T030026
[2025-09-08T03:00:26.669+0000] {local_task_job_runner.py:243} INFO - Task exited with return code 0
[2025-09-08T03:00:26.721+0000] {taskinstance.py:3503} INFO - 1 downstream tasks scheduled from follow-on schedule check
[2025-09-08T03:00:26.726+0000] {local_task_job_runner.py:222} INFO - ::endgroup::
