[2025-08-29T16:00:02.426+0000] {local_task_job_runner.py:120} INFO - ::group::Pre task execution logs
[2025-08-29T16:00:02.491+0000] {taskinstance.py:2076} INFO - Dependencies all met for dep_context=non-requeueable deps ti=<TaskInstance: import_csv_to_postgres.load_csv_to_postgres scheduled__2025-08-29T08:00:00+00:00 [queued]>
[2025-08-29T16:00:02.514+0000] {taskinstance.py:2076} INFO - Dependencies all met for dep_context=requeueable deps ti=<TaskInstance: import_csv_to_postgres.load_csv_to_postgres scheduled__2025-08-29T08:00:00+00:00 [queued]>
[2025-08-29T16:00:02.515+0000] {taskinstance.py:2306} INFO - Starting attempt 1 of 1
[2025-08-29T16:00:02.564+0000] {taskinstance.py:2330} INFO - Executing <Task(PythonOperator): load_csv_to_postgres> on 2025-08-29 08:00:00+00:00
[2025-08-29T16:00:02.578+0000] {warnings.py:112} WARNING - /home/airflow/.local/lib/python3.12/site-packages/airflow/task/task_runner/standard_task_runner.py:62: DeprecationWarning: This process (pid=2164) is multi-threaded, use of fork() may lead to deadlocks in the child.
  pid = os.fork()

[2025-08-29T16:00:02.580+0000] {standard_task_runner.py:64} INFO - Started process 2166 to run task
[2025-08-29T16:00:02.583+0000] {standard_task_runner.py:90} INFO - Running: ['airflow', 'tasks', 'run', 'import_csv_to_postgres', 'load_csv_to_postgres', 'scheduled__2025-08-29T08:00:00+00:00', '--job-id', '816', '--raw', '--subdir', 'DAGS_FOLDER/csv_to_postgres_dag.py', '--cfg-path', '/tmp/tmp6nzrbieq']
[2025-08-29T16:00:02.590+0000] {standard_task_runner.py:91} INFO - Job 816: Subtask load_csv_to_postgres
[2025-08-29T16:00:02.612+0000] {warnings.py:112} WARNING - /home/airflow/.local/lib/python3.12/site-packages/airflow/settings.py:195: DeprecationWarning: The sql_alchemy_conn option in [core] has been moved to the sql_alchemy_conn option in [database] - the old setting has been used, but please update your config.
  SQL_ALCHEMY_CONN = conf.get("database", "SQL_ALCHEMY_CONN")

[2025-08-29T16:00:02.656+0000] {task_command.py:426} INFO - Running <TaskInstance: import_csv_to_postgres.load_csv_to_postgres scheduled__2025-08-29T08:00:00+00:00 [running]> on host b5ea13053d47
[2025-08-29T16:00:02.836+0000] {taskinstance.py:2648} INFO - Exporting env vars: AIRFLOW_CTX_DAG_OWNER='airflow' AIRFLOW_CTX_DAG_ID='import_csv_to_postgres' AIRFLOW_CTX_TASK_ID='load_csv_to_postgres' AIRFLOW_CTX_EXECUTION_DATE='2025-08-29T08:00:00+00:00' AIRFLOW_CTX_TRY_NUMBER='1' AIRFLOW_CTX_DAG_RUN_ID='scheduled__2025-08-29T08:00:00+00:00'
[2025-08-29T16:00:02.837+0000] {taskinstance.py:430} INFO - ::endgroup::
[2025-08-29T16:00:02.860+0000] {base.py:84} INFO - Using connection ID 'postgres_conn' for task execution.
[2025-08-29T16:00:03.012+0000] {logging_mixin.py:188} INFO - ✅ Добавлено 10 новых строк в таблицу shipments
[2025-08-29T16:00:03.083+0000] {logging_mixin.py:188} INFO - ℹ Нет новых строк для customers
[2025-08-29T16:00:03.161+0000] {logging_mixin.py:188} INFO - ✅ Добавлено 10 новых строк в таблицу orders
[2025-08-29T16:00:03.175+0000] {logging_mixin.py:188} INFO - ℹ Нет новых строк для products
[2025-08-29T16:00:03.280+0000] {logging_mixin.py:188} INFO - ✅ Добавлено 21 новых строк в таблицу order_items
[2025-08-29T16:00:03.294+0000] {logging_mixin.py:188} INFO - ℹ Нет новых строк для suppliers
[2025-08-29T16:00:03.546+0000] {logging_mixin.py:188} INFO - ✅ Добавлено 10 новых строк в таблицу payment
[2025-08-29T16:00:04.340+0000] {logging_mixin.py:188} INFO - ℹ Нет новых строк для reviews
[2025-08-29T16:00:04.340+0000] {python.py:237} INFO - Done. Returned value was: None
[2025-08-29T16:00:04.341+0000] {taskinstance.py:441} INFO - ::group::Post task execution logs
[2025-08-29T16:00:04.350+0000] {taskinstance.py:1206} INFO - Marking task as SUCCESS. dag_id=import_csv_to_postgres, task_id=load_csv_to_postgres, run_id=scheduled__2025-08-29T08:00:00+00:00, execution_date=20250829T080000, start_date=20250829T160002, end_date=20250829T160004
[2025-08-29T16:00:04.411+0000] {local_task_job_runner.py:243} INFO - Task exited with return code 0
[2025-08-29T16:00:04.447+0000] {taskinstance.py:3503} INFO - 0 downstream tasks scheduled from follow-on schedule check
[2025-08-29T16:00:04.449+0000] {local_task_job_runner.py:222} INFO - ::endgroup::
