[2025-09-09T22:05:20.255+0000] {local_task_job_runner.py:120} INFO - ::group::Pre task execution logs
[2025-09-09T22:05:20.295+0000] {taskinstance.py:2076} INFO - Dependencies all met for dep_context=non-requeueable deps ti=<TaskInstance: dbt_run_models.run_dbt_models scheduled__2025-09-09T21:00:00+00:00 [queued]>
[2025-09-09T22:05:20.309+0000] {taskinstance.py:2076} INFO - Dependencies all met for dep_context=requeueable deps ti=<TaskInstance: dbt_run_models.run_dbt_models scheduled__2025-09-09T21:00:00+00:00 [queued]>
[2025-09-09T22:05:20.309+0000] {taskinstance.py:2306} INFO - Starting attempt 2 of 2
[2025-09-09T22:05:20.329+0000] {taskinstance.py:2330} INFO - Executing <Task(BashOperator): run_dbt_models> on 2025-09-09 21:00:00+00:00
[2025-09-09T22:05:20.336+0000] {warnings.py:112} WARNING - /home/airflow/.local/lib/python3.12/site-packages/airflow/task/task_runner/standard_task_runner.py:62: DeprecationWarning: This process (pid=3133) is multi-threaded, use of fork() may lead to deadlocks in the child.
  pid = os.fork()

[2025-09-09T22:05:20.337+0000] {standard_task_runner.py:64} INFO - Started process 3134 to run task
[2025-09-09T22:05:20.343+0000] {standard_task_runner.py:90} INFO - Running: ['airflow', 'tasks', 'run', 'dbt_run_models', 'run_dbt_models', 'scheduled__2025-09-09T21:00:00+00:00', '--job-id', '1304', '--raw', '--subdir', 'DAGS_FOLDER/dbt_dag.py', '--cfg-path', '/tmp/tmppo_71yfb']
[2025-09-09T22:05:20.345+0000] {standard_task_runner.py:91} INFO - Job 1304: Subtask run_dbt_models
[2025-09-09T22:05:20.372+0000] {warnings.py:112} WARNING - /home/airflow/.local/lib/python3.12/site-packages/airflow/settings.py:195: DeprecationWarning: The sql_alchemy_conn option in [core] has been moved to the sql_alchemy_conn option in [database] - the old setting has been used, but please update your config.
  SQL_ALCHEMY_CONN = conf.get("database", "SQL_ALCHEMY_CONN")

[2025-09-09T22:05:20.435+0000] {task_command.py:426} INFO - Running <TaskInstance: dbt_run_models.run_dbt_models scheduled__2025-09-09T21:00:00+00:00 [running]> on host b5ea13053d47
[2025-09-09T22:05:20.643+0000] {taskinstance.py:2648} INFO - Exporting env vars: AIRFLOW_CTX_DAG_OWNER='airflow' AIRFLOW_CTX_DAG_ID='dbt_run_models' AIRFLOW_CTX_TASK_ID='run_dbt_models' AIRFLOW_CTX_EXECUTION_DATE='2025-09-09T21:00:00+00:00' AIRFLOW_CTX_TRY_NUMBER='2' AIRFLOW_CTX_DAG_RUN_ID='scheduled__2025-09-09T21:00:00+00:00'
[2025-09-09T22:05:20.644+0000] {taskinstance.py:430} INFO - ::endgroup::
[2025-09-09T22:05:20.688+0000] {subprocess.py:63} INFO - Tmp dir root location: /tmp
[2025-09-09T22:05:20.690+0000] {subprocess.py:75} INFO - Running command: ['/usr/bin/bash', '-c', '\n        cd /usr/app &&         dbt run --profiles-dir /usr/app\n        ']
[2025-09-09T22:05:20.711+0000] {subprocess.py:86} INFO - Output:
[2025-09-09T22:05:24.058+0000] {subprocess.py:93} INFO - [0m22:05:24  Running with dbt=1.7.9
[2025-09-09T22:05:24.433+0000] {subprocess.py:93} INFO - [0m22:05:24  Registered adapter: postgres=1.7.9
[2025-09-09T22:05:24.481+0000] {subprocess.py:93} INFO - [0m22:05:24  [[33mWARNING[0m]: Configuration paths exist in your dbt_project.yml file which do not apply to any resources.
[2025-09-09T22:05:24.482+0000] {subprocess.py:93} INFO - There are 1 unused configuration paths:
[2025-09-09T22:05:24.482+0000] {subprocess.py:93} INFO - - models.my_project.sources
[2025-09-09T22:05:24.509+0000] {subprocess.py:93} INFO - [0m22:05:24  Found 15 models, 7 sources, 0 exposures, 0 metrics, 401 macros, 0 groups, 0 semantic models
[2025-09-09T22:05:24.514+0000] {subprocess.py:93} INFO - [0m22:05:24
[2025-09-09T22:05:24.783+0000] {subprocess.py:93} INFO - [0m22:05:24  Concurrency: 4 threads (target='dev')
[2025-09-09T22:05:24.785+0000] {subprocess.py:93} INFO - [0m22:05:24
[2025-09-09T22:05:24.821+0000] {subprocess.py:93} INFO - [0m22:05:24  1 of 15 START sql view model analytics.stg_AOV ................................. [RUN]
[2025-09-09T22:05:24.823+0000] {subprocess.py:93} INFO - [0m22:05:24  2 of 15 START sql view model analytics.stg_order_count_year .................... [RUN]
[2025-09-09T22:05:24.825+0000] {subprocess.py:93} INFO - [0m22:05:24  3 of 15 START sql view model analytics.stg_order_details ....................... [RUN]
[2025-09-09T22:05:24.826+0000] {subprocess.py:93} INFO - [0m22:05:24  4 of 15 START sql view model analytics.stg_order_items ......................... [RUN]
[2025-09-09T22:05:25.459+0000] {subprocess.py:93} INFO - [0m22:05:25  3 of 15 OK created sql view model analytics.stg_order_details .................. [[32mCREATE VIEW[0m in 0.61s]
[2025-09-09T22:05:25.492+0000] {subprocess.py:93} INFO - [0m22:05:25  2 of 15 OK created sql view model analytics.stg_order_count_year ............... [[32mCREATE VIEW[0m in 0.65s]
[2025-09-09T22:05:25.497+0000] {subprocess.py:93} INFO - [0m22:05:25  5 of 15 START sql view model analytics.stg_orders .............................. [RUN]
[2025-09-09T22:05:25.511+0000] {subprocess.py:93} INFO - [0m22:05:25  1 of 15 OK created sql view model analytics.stg_AOV ............................ [[32mCREATE VIEW[0m in 0.68s]
[2025-09-09T22:05:25.521+0000] {subprocess.py:93} INFO - [0m22:05:25  6 of 15 START sql view model analytics.stg_payments ............................ [RUN]
[2025-09-09T22:05:25.552+0000] {subprocess.py:93} INFO - [0m22:05:25  4 of 15 OK created sql view model analytics.stg_order_items .................... [[32mCREATE VIEW[0m in 0.70s]
[2025-09-09T22:05:25.556+0000] {subprocess.py:93} INFO - [0m22:05:25  7 of 15 START sql view model analytics.stg_products ............................ [RUN]
[2025-09-09T22:05:25.587+0000] {subprocess.py:93} INFO - [0m22:05:25  8 of 15 START sql table model analytics.order_count_year ....................... [RUN]
[2025-09-09T22:05:26.148+0000] {subprocess.py:93} INFO - [0m22:05:26  5 of 15 OK created sql view model analytics.stg_orders ......................... [[32mCREATE VIEW[0m in 0.63s]
[2025-09-09T22:05:26.185+0000] {subprocess.py:93} INFO - [0m22:05:26  6 of 15 OK created sql view model analytics.stg_payments ....................... [[32mCREATE VIEW[0m in 0.63s]
[2025-09-09T22:05:26.199+0000] {subprocess.py:93} INFO - [0m22:05:26  9 of 15 START sql table model analytics.order_count_year+month_diff ............ [RUN]
[2025-09-09T22:05:26.223+0000] {subprocess.py:93} INFO - [0m22:05:26  10 of 15 START sql table model analytics.AOV_chek .............................. [RUN]
[2025-09-09T22:05:26.226+0000] {subprocess.py:93} INFO - [0m22:05:26  7 of 15 OK created sql view model analytics.stg_products ....................... [[32mCREATE VIEW[0m in 0.64s]
[2025-09-09T22:05:26.229+0000] {subprocess.py:93} INFO - [0m22:05:26  8 of 15 OK created sql table model analytics.order_count_year .................. [[32mSELECT 4[0m in 0.61s]
[2025-09-09T22:05:26.233+0000] {subprocess.py:93} INFO - [0m22:05:26  11 of 15 START sql table model analytics.orders_summary ........................ [RUN]
[2025-09-09T22:05:26.276+0000] {subprocess.py:93} INFO - [0m22:05:26  12 of 15 START sql table model analytics.AVG_AOV_chek .......................... [RUN]
[2025-09-09T22:05:26.712+0000] {subprocess.py:93} INFO - [0m22:05:26  10 of 15 OK created sql table model analytics.AOV_chek ......................... [[32mSELECT 50[0m in 0.47s]
[2025-09-09T22:05:26.745+0000] {subprocess.py:93} INFO - [0m22:05:26  13 of 15 START sql table model analytics.AOV_EBITDA_COUNT ...................... [RUN]
[2025-09-09T22:05:26.761+0000] {subprocess.py:93} INFO - [0m22:05:26  9 of 15 OK created sql table model analytics.order_count_year+month_diff ....... [[32mSELECT 28[0m in 0.52s]
[2025-09-09T22:05:26.783+0000] {subprocess.py:93} INFO - [0m22:05:26  11 of 15 OK created sql table model analytics.orders_summary ................... [[32mSELECT 10000[0m in 0.50s]
[2025-09-09T22:05:26.814+0000] {subprocess.py:93} INFO - [0m22:05:26  15 of 15 START sql table model analytics.AOV_product_name ...................... [RUN]
[2025-09-09T22:05:26.821+0000] {subprocess.py:93} INFO - [0m22:05:26  14 of 15 START sql table model analytics.AOV_category .......................... [RUN]
[2025-09-09T22:05:26.933+0000] {subprocess.py:93} INFO - [0m22:05:26  12 of 15 OK created sql table model analytics.AVG_AOV_chek ..................... [[32mSELECT 16839[0m in 0.63s]
[2025-09-09T22:05:27.178+0000] {subprocess.py:93} INFO - [0m22:05:27  13 of 15 ERROR creating sql table model analytics.AOV_EBITDA_COUNT ............. [[31mERROR[0m in 0.43s]
[2025-09-09T22:05:27.194+0000] {subprocess.py:93} INFO - [0m22:05:27  14 of 15 ERROR creating sql table model analytics.AOV_category ................. [[31mERROR[0m in 0.36s]
[2025-09-09T22:05:27.213+0000] {subprocess.py:93} INFO - [0m22:05:27  15 of 15 ERROR creating sql table model analytics.AOV_product_name ............. [[31mERROR[0m in 0.39s]
[2025-09-09T22:05:27.256+0000] {subprocess.py:93} INFO - [0m22:05:27
[2025-09-09T22:05:27.258+0000] {subprocess.py:93} INFO - [0m22:05:27  Finished running 7 view models, 8 table models in 0 hours 0 minutes and 2.74 seconds (2.74s).
[2025-09-09T22:05:27.307+0000] {subprocess.py:93} INFO - [0m22:05:27
[2025-09-09T22:05:27.309+0000] {subprocess.py:93} INFO - [0m22:05:27  [31mCompleted with 3 errors and 0 warnings:[0m
[2025-09-09T22:05:27.311+0000] {subprocess.py:93} INFO - [0m22:05:27
[2025-09-09T22:05:27.313+0000] {subprocess.py:93} INFO - [0m22:05:27    Database Error in model AOV_EBITDA_COUNT (models/marts/AOV_EBITDA_COUNT.sql)
[2025-09-09T22:05:27.313+0000] {subprocess.py:93} INFO -   type "avr_order_value" does not exist
[2025-09-09T22:05:27.314+0000] {subprocess.py:93} INFO -   LINE 19: order by avr_order_value
[2025-09-09T22:05:27.314+0000] {subprocess.py:93} INFO -                     ^
[2025-09-09T22:05:27.315+0000] {subprocess.py:93} INFO -   compiled Code at target/run/my_project/models/marts/AOV_EBITDA_COUNT.sql
[2025-09-09T22:05:27.315+0000] {subprocess.py:93} INFO - [0m22:05:27
[2025-09-09T22:05:27.316+0000] {subprocess.py:93} INFO - [0m22:05:27    Database Error in model AOV_category (models/marts/AOV_category.sql)
[2025-09-09T22:05:27.317+0000] {subprocess.py:93} INFO -   type "avr_order_value" does not exist
[2025-09-09T22:05:27.317+0000] {subprocess.py:93} INFO -   LINE 21: order by avr_order_value
[2025-09-09T22:05:27.318+0000] {subprocess.py:93} INFO -                     ^
[2025-09-09T22:05:27.318+0000] {subprocess.py:93} INFO -   compiled Code at target/run/my_project/models/marts/AOV_category.sql
[2025-09-09T22:05:27.319+0000] {subprocess.py:93} INFO - [0m22:05:27
[2025-09-09T22:05:27.320+0000] {subprocess.py:93} INFO - [0m22:05:27    Database Error in model AOV_product_name (models/marts/AOV_product_name.sql)
[2025-09-09T22:05:27.322+0000] {subprocess.py:93} INFO -   type "avr_order_value" does not exist
[2025-09-09T22:05:27.322+0000] {subprocess.py:93} INFO -   LINE 21: order by avr_order_value
[2025-09-09T22:05:27.323+0000] {subprocess.py:93} INFO -                     ^
[2025-09-09T22:05:27.323+0000] {subprocess.py:93} INFO -   compiled Code at target/run/my_project/models/marts/AOV_product_name.sql
[2025-09-09T22:05:27.324+0000] {subprocess.py:93} INFO - [0m22:05:27
[2025-09-09T22:05:27.324+0000] {subprocess.py:93} INFO - [0m22:05:27  Done. PASS=12 WARN=0 ERROR=3 SKIP=0 TOTAL=15
[2025-09-09T22:05:37.892+0000] {subprocess.py:97} INFO - Command exited with return code 1
[2025-09-09T22:05:37.893+0000] {taskinstance.py:441} INFO - ::group::Post task execution logs
[2025-09-09T22:05:37.914+0000] {taskinstance.py:2905} ERROR - Task failed with exception
Traceback (most recent call last):
  File "/home/airflow/.local/lib/python3.12/site-packages/airflow/models/taskinstance.py", line 465, in _execute_task
    result = _execute_callable(context=context, **execute_callable_kwargs)
             ^^^^^^^^^^^^^^^^^^^^^^^^^^^^^^^^^^^^^^^^^^^^^^^^^^^^^^^^^^^^^
  File "/home/airflow/.local/lib/python3.12/site-packages/airflow/models/taskinstance.py", line 432, in _execute_callable
    return execute_callable(context=context, **execute_callable_kwargs)
           ^^^^^^^^^^^^^^^^^^^^^^^^^^^^^^^^^^^^^^^^^^^^^^^^^^^^^^^^^^^^
  File "/home/airflow/.local/lib/python3.12/site-packages/airflow/models/baseoperator.py", line 401, in wrapper
    return func(self, *args, **kwargs)
           ^^^^^^^^^^^^^^^^^^^^^^^^^^^
  File "/home/airflow/.local/lib/python3.12/site-packages/airflow/operators/bash.py", line 243, in execute
    raise AirflowException(
airflow.exceptions.AirflowException: Bash command failed. The command returned a non-zero exit code 1.
[2025-09-09T22:05:37.918+0000] {taskinstance.py:1206} INFO - Marking task as FAILED. dag_id=dbt_run_models, task_id=run_dbt_models, run_id=scheduled__2025-09-09T21:00:00+00:00, execution_date=20250909T210000, start_date=20250909T220520, end_date=20250909T220537
[2025-09-09T22:05:37.946+0000] {standard_task_runner.py:110} ERROR - Failed to execute job 1304 for task run_dbt_models (Bash command failed. The command returned a non-zero exit code 1.; 3134)
[2025-09-09T22:05:37.996+0000] {local_task_job_runner.py:243} INFO - Task exited with return code 1
[2025-09-09T22:05:38.022+0000] {taskinstance.py:3503} INFO - 0 downstream tasks scheduled from follow-on schedule check
[2025-09-09T22:05:38.026+0000] {local_task_job_runner.py:222} INFO - ::endgroup::
