[2025-09-10T03:02:32.707+0000] {local_task_job_runner.py:120} INFO - ::group::Pre task execution logs
[2025-09-10T03:02:32.763+0000] {taskinstance.py:2076} INFO - Dependencies all met for dep_context=non-requeueable deps ti=<TaskInstance: dbt_run_models.run_dbt_models manual__2025-09-10T03:02:31.403415+00:00 [queued]>
[2025-09-10T03:02:32.774+0000] {taskinstance.py:2076} INFO - Dependencies all met for dep_context=requeueable deps ti=<TaskInstance: dbt_run_models.run_dbt_models manual__2025-09-10T03:02:31.403415+00:00 [queued]>
[2025-09-10T03:02:32.775+0000] {taskinstance.py:2306} INFO - Starting attempt 1 of 2
[2025-09-10T03:02:32.807+0000] {taskinstance.py:2330} INFO - Executing <Task(BashOperator): run_dbt_models> on 2025-09-10 03:02:31.403415+00:00
[2025-09-10T03:02:32.819+0000] {warnings.py:112} WARNING - /home/airflow/.local/lib/python3.12/site-packages/airflow/task/task_runner/standard_task_runner.py:62: DeprecationWarning: This process (pid=3487) is multi-threaded, use of fork() may lead to deadlocks in the child.
  pid = os.fork()

[2025-09-10T03:02:32.821+0000] {standard_task_runner.py:64} INFO - Started process 3488 to run task
[2025-09-10T03:02:32.824+0000] {standard_task_runner.py:90} INFO - Running: ['airflow', 'tasks', 'run', 'dbt_run_models', 'run_dbt_models', 'manual__2025-09-10T03:02:31.403415+00:00', '--job-id', '1330', '--raw', '--subdir', 'DAGS_FOLDER/dbt_dag.py', '--cfg-path', '/tmp/tmpev7uw7x2']
[2025-09-10T03:02:32.826+0000] {standard_task_runner.py:91} INFO - Job 1330: Subtask run_dbt_models
[2025-09-10T03:02:32.853+0000] {warnings.py:112} WARNING - /home/airflow/.local/lib/python3.12/site-packages/airflow/settings.py:195: DeprecationWarning: The sql_alchemy_conn option in [core] has been moved to the sql_alchemy_conn option in [database] - the old setting has been used, but please update your config.
  SQL_ALCHEMY_CONN = conf.get("database", "SQL_ALCHEMY_CONN")

[2025-09-10T03:02:32.929+0000] {task_command.py:426} INFO - Running <TaskInstance: dbt_run_models.run_dbt_models manual__2025-09-10T03:02:31.403415+00:00 [running]> on host b5ea13053d47
[2025-09-10T03:02:33.124+0000] {taskinstance.py:2648} INFO - Exporting env vars: AIRFLOW_CTX_DAG_OWNER='airflow' AIRFLOW_CTX_DAG_ID='dbt_run_models' AIRFLOW_CTX_TASK_ID='run_dbt_models' AIRFLOW_CTX_EXECUTION_DATE='2025-09-10T03:02:31.403415+00:00' AIRFLOW_CTX_TRY_NUMBER='1' AIRFLOW_CTX_DAG_RUN_ID='manual__2025-09-10T03:02:31.403415+00:00'
[2025-09-10T03:02:33.126+0000] {taskinstance.py:430} INFO - ::endgroup::
[2025-09-10T03:02:33.166+0000] {subprocess.py:63} INFO - Tmp dir root location: /tmp
[2025-09-10T03:02:33.168+0000] {subprocess.py:75} INFO - Running command: ['/usr/bin/bash', '-c', '\n        cd /usr/app &&         dbt run --profiles-dir /usr/app\n        ']
[2025-09-10T03:02:33.190+0000] {subprocess.py:86} INFO - Output:
[2025-09-10T03:02:37.208+0000] {subprocess.py:93} INFO - [0m03:02:37  Running with dbt=1.7.9
[2025-09-10T03:02:37.623+0000] {subprocess.py:93} INFO - [0m03:02:37  Registered adapter: postgres=1.7.9
[2025-09-10T03:02:37.930+0000] {subprocess.py:93} INFO - [0m03:02:37  [[33mWARNING[0m]: Configuration paths exist in your dbt_project.yml file which do not apply to any resources.
[2025-09-10T03:02:37.930+0000] {subprocess.py:93} INFO - There are 1 unused configuration paths:
[2025-09-10T03:02:37.930+0000] {subprocess.py:93} INFO - - models.my_project.sources
[2025-09-10T03:02:37.985+0000] {subprocess.py:93} INFO - [0m03:02:37  Found 15 models, 7 sources, 0 exposures, 0 metrics, 401 macros, 0 groups, 0 semantic models
[2025-09-10T03:02:37.992+0000] {subprocess.py:93} INFO - [0m03:02:37
[2025-09-10T03:02:38.338+0000] {subprocess.py:93} INFO - [0m03:02:38  Concurrency: 4 threads (target='dev')
[2025-09-10T03:02:38.340+0000] {subprocess.py:93} INFO - [0m03:02:38
[2025-09-10T03:02:38.381+0000] {subprocess.py:93} INFO - [0m03:02:38  1 of 15 START sql view model analytics.stg_AOV ................................. [RUN]
[2025-09-10T03:02:38.384+0000] {subprocess.py:93} INFO - [0m03:02:38  2 of 15 START sql view model analytics.stg_order_count_year .................... [RUN]
[2025-09-10T03:02:38.388+0000] {subprocess.py:93} INFO - [0m03:02:38  3 of 15 START sql view model analytics.stg_order_details ....................... [RUN]
[2025-09-10T03:02:38.400+0000] {subprocess.py:93} INFO - [0m03:02:38  4 of 15 START sql view model analytics.stg_order_items ......................... [RUN]
[2025-09-10T03:02:39.220+0000] {subprocess.py:93} INFO - [0m03:02:39  4 of 15 OK created sql view model analytics.stg_order_items .................... [[32mCREATE VIEW[0m in 0.80s]
[2025-09-10T03:02:39.224+0000] {subprocess.py:93} INFO - [0m03:02:39  1 of 15 OK created sql view model analytics.stg_AOV ............................ [[32mCREATE VIEW[0m in 0.83s]
[2025-09-10T03:02:39.243+0000] {subprocess.py:93} INFO - [0m03:02:39  5 of 15 START sql view model analytics.stg_orders .............................. [RUN]
[2025-09-10T03:02:39.249+0000] {subprocess.py:93} INFO - [0m03:02:39  2 of 15 OK created sql view model analytics.stg_order_count_year ............... [[32mCREATE VIEW[0m in 0.84s]
[2025-09-10T03:02:39.252+0000] {subprocess.py:93} INFO - [0m03:02:39  3 of 15 OK created sql view model analytics.stg_order_details .................. [[32mCREATE VIEW[0m in 0.83s]
[2025-09-10T03:02:39.267+0000] {subprocess.py:93} INFO - [0m03:02:39  6 of 15 START sql view model analytics.stg_payments ............................ [RUN]
[2025-09-10T03:02:39.281+0000] {subprocess.py:93} INFO - [0m03:02:39  7 of 15 START sql view model analytics.stg_products ............................ [RUN]
[2025-09-10T03:02:39.285+0000] {subprocess.py:93} INFO - [0m03:02:39  8 of 15 START sql table model analytics.AOV_chek ............................... [RUN]
[2025-09-10T03:02:39.862+0000] {subprocess.py:93} INFO - [0m03:02:39  5 of 15 OK created sql view model analytics.stg_orders ......................... [[32mCREATE VIEW[0m in 0.60s]
[2025-09-10T03:02:39.863+0000] {subprocess.py:93} INFO - [0m03:02:39  6 of 15 OK created sql view model analytics.stg_payments ....................... [[32mCREATE VIEW[0m in 0.58s]
[2025-09-10T03:02:39.881+0000] {subprocess.py:93} INFO - [0m03:02:39  7 of 15 OK created sql view model analytics.stg_products ....................... [[32mCREATE VIEW[0m in 0.58s]
[2025-09-10T03:02:39.882+0000] {subprocess.py:93} INFO - [0m03:02:39  9 of 15 START sql table model analytics.order_count_year ....................... [RUN]
[2025-09-10T03:02:39.890+0000] {subprocess.py:93} INFO - [0m03:02:39  10 of 15 START sql table model analytics.order_count_year+month_diff ........... [RUN]
[2025-09-10T03:02:39.909+0000] {subprocess.py:93} INFO - [0m03:02:39  11 of 15 START sql table model analytics.orders_summary ........................ [RUN]
[2025-09-10T03:02:39.910+0000] {subprocess.py:93} INFO - [0m03:02:39  8 of 15 OK created sql table model analytics.AOV_chek .......................... [[32mSELECT 50[0m in 0.61s]
[2025-09-10T03:02:39.955+0000] {subprocess.py:93} INFO - [0m03:02:39  12 of 15 START sql table model analytics.AVG_AOV_chek .......................... [RUN]
[2025-09-10T03:02:40.347+0000] {subprocess.py:93} INFO - [0m03:02:40  9 of 15 OK created sql table model analytics.order_count_year .................. [[32mSELECT 4[0m in 0.44s]
[2025-09-10T03:02:40.385+0000] {subprocess.py:93} INFO - [0m03:02:40  13 of 15 START sql table model analytics.AOV_EBITDA_COUNT ...................... [RUN]
[2025-09-10T03:02:40.440+0000] {subprocess.py:93} INFO - [0m03:02:40  10 of 15 OK created sql table model analytics.order_count_year+month_diff ...... [[32mSELECT 28[0m in 0.52s]
[2025-09-10T03:02:40.485+0000] {subprocess.py:93} INFO - [0m03:02:40  14 of 15 START sql table model analytics.AOV_category .......................... [RUN]
[2025-09-10T03:02:40.488+0000] {subprocess.py:93} INFO - [0m03:02:40  11 of 15 OK created sql table model analytics.orders_summary ................... [[32mSELECT 10000[0m in 0.55s]
[2025-09-10T03:02:40.541+0000] {subprocess.py:93} INFO - [0m03:02:40  15 of 15 START sql table model analytics.AOV_product_name ...................... [RUN]
[2025-09-10T03:02:40.668+0000] {subprocess.py:93} INFO - [0m03:02:40  12 of 15 OK created sql table model analytics.AVG_AOV_chek ..................... [[32mSELECT 16863[0m in 0.68s]
[2025-09-10T03:02:40.707+0000] {subprocess.py:93} INFO - [0m03:02:40  13 of 15 ERROR creating sql table model analytics.AOV_EBITDA_COUNT ............. [[31mERROR[0m in 0.29s]
[2025-09-10T03:02:40.752+0000] {subprocess.py:93} INFO - [0m03:02:40  14 of 15 ERROR creating sql table model analytics.AOV_category ................. [[31mERROR[0m in 0.25s]
[2025-09-10T03:02:40.754+0000] {subprocess.py:93} INFO - [0m03:02:40  15 of 15 ERROR creating sql table model analytics.AOV_product_name ............. [[31mERROR[0m in 0.21s]
[2025-09-10T03:02:40.799+0000] {subprocess.py:93} INFO - [0m03:02:40
[2025-09-10T03:02:40.802+0000] {subprocess.py:93} INFO - [0m03:02:40  Finished running 7 view models, 8 table models in 0 hours 0 minutes and 2.80 seconds (2.80s).
[2025-09-10T03:02:40.849+0000] {subprocess.py:93} INFO - [0m03:02:40
[2025-09-10T03:02:40.851+0000] {subprocess.py:93} INFO - [0m03:02:40  [31mCompleted with 3 errors and 0 warnings:[0m
[2025-09-10T03:02:40.853+0000] {subprocess.py:93} INFO - [0m03:02:40
[2025-09-10T03:02:40.855+0000] {subprocess.py:93} INFO - [0m03:02:40    Database Error in model AOV_EBITDA_COUNT (models/marts/AOV_EBITDA_COUNT.sql)
[2025-09-10T03:02:40.856+0000] {subprocess.py:93} INFO -   type "avg_order_value" does not exist
[2025-09-10T03:02:40.857+0000] {subprocess.py:93} INFO -   LINE 26: order by avg_order_value
[2025-09-10T03:02:40.857+0000] {subprocess.py:93} INFO -                     ^
[2025-09-10T03:02:40.858+0000] {subprocess.py:93} INFO -   compiled Code at target/run/my_project/models/marts/AOV_EBITDA_COUNT.sql
[2025-09-10T03:02:40.858+0000] {subprocess.py:93} INFO - [0m03:02:40
[2025-09-10T03:02:40.859+0000] {subprocess.py:93} INFO - [0m03:02:40    Database Error in model AOV_product_name (models/marts/AOV_product_name.sql)
[2025-09-10T03:02:40.860+0000] {subprocess.py:93} INFO -   type "avg_order_value" does not exist
[2025-09-10T03:02:40.860+0000] {subprocess.py:93} INFO -   LINE 28: order by avg_order_value
[2025-09-10T03:02:40.861+0000] {subprocess.py:93} INFO -                     ^
[2025-09-10T03:02:40.861+0000] {subprocess.py:93} INFO -   compiled Code at target/run/my_project/models/marts/AOV_product_name.sql
[2025-09-10T03:02:40.862+0000] {subprocess.py:93} INFO - [0m03:02:40
[2025-09-10T03:02:40.863+0000] {subprocess.py:93} INFO - [0m03:02:40    Database Error in model AOV_category (models/marts/AOV_category.sql)
[2025-09-10T03:02:40.864+0000] {subprocess.py:93} INFO -   type "avg_order_value" does not exist
[2025-09-10T03:02:40.864+0000] {subprocess.py:93} INFO -   LINE 27: order by avg_order_value
[2025-09-10T03:02:40.865+0000] {subprocess.py:93} INFO -                     ^
[2025-09-10T03:02:40.865+0000] {subprocess.py:93} INFO -   compiled Code at target/run/my_project/models/marts/AOV_category.sql
[2025-09-10T03:02:40.866+0000] {subprocess.py:93} INFO - [0m03:02:40
[2025-09-10T03:02:40.867+0000] {subprocess.py:93} INFO - [0m03:02:40  Done. PASS=12 WARN=0 ERROR=3 SKIP=0 TOTAL=15
[2025-09-10T03:02:51.445+0000] {subprocess.py:97} INFO - Command exited with return code 1
[2025-09-10T03:02:51.446+0000] {taskinstance.py:441} INFO - ::group::Post task execution logs
[2025-09-10T03:02:51.467+0000] {taskinstance.py:2905} ERROR - Task failed with exception
Traceback (most recent call last):
  File "/home/airflow/.local/lib/python3.12/site-packages/airflow/models/taskinstance.py", line 465, in _execute_task
    result = _execute_callable(context=context, **execute_callable_kwargs)
             ^^^^^^^^^^^^^^^^^^^^^^^^^^^^^^^^^^^^^^^^^^^^^^^^^^^^^^^^^^^^^
  File "/home/airflow/.local/lib/python3.12/site-packages/airflow/models/taskinstance.py", line 432, in _execute_callable
    return execute_callable(context=context, **execute_callable_kwargs)
           ^^^^^^^^^^^^^^^^^^^^^^^^^^^^^^^^^^^^^^^^^^^^^^^^^^^^^^^^^^^^
  File "/home/airflow/.local/lib/python3.12/site-packages/airflow/models/baseoperator.py", line 401, in wrapper
    return func(self, *args, **kwargs)
           ^^^^^^^^^^^^^^^^^^^^^^^^^^^
  File "/home/airflow/.local/lib/python3.12/site-packages/airflow/operators/bash.py", line 243, in execute
    raise AirflowException(
airflow.exceptions.AirflowException: Bash command failed. The command returned a non-zero exit code 1.
[2025-09-10T03:02:51.478+0000] {taskinstance.py:1206} INFO - Marking task as UP_FOR_RETRY. dag_id=dbt_run_models, task_id=run_dbt_models, run_id=manual__2025-09-10T03:02:31.403415+00:00, execution_date=20250910T030231, start_date=20250910T030232, end_date=20250910T030251
[2025-09-10T03:02:51.513+0000] {standard_task_runner.py:110} ERROR - Failed to execute job 1330 for task run_dbt_models (Bash command failed. The command returned a non-zero exit code 1.; 3488)
[2025-09-10T03:02:51.554+0000] {local_task_job_runner.py:243} INFO - Task exited with return code 1
[2025-09-10T03:02:51.603+0000] {taskinstance.py:3503} INFO - 0 downstream tasks scheduled from follow-on schedule check
[2025-09-10T03:02:51.608+0000] {local_task_job_runner.py:222} INFO - ::endgroup::
