[2025-09-10T03:07:53.103+0000] {local_task_job_runner.py:120} INFO - ::group::Pre task execution logs
[2025-09-10T03:07:53.229+0000] {taskinstance.py:2076} INFO - Dependencies all met for dep_context=non-requeueable deps ti=<TaskInstance: dbt_run_models.run_dbt_models manual__2025-09-10T03:02:31.403415+00:00 [queued]>
[2025-09-10T03:07:53.279+0000] {taskinstance.py:2076} INFO - Dependencies all met for dep_context=requeueable deps ti=<TaskInstance: dbt_run_models.run_dbt_models manual__2025-09-10T03:02:31.403415+00:00 [queued]>
[2025-09-10T03:07:53.280+0000] {taskinstance.py:2306} INFO - Starting attempt 2 of 2
[2025-09-10T03:07:53.354+0000] {taskinstance.py:2330} INFO - Executing <Task(BashOperator): run_dbt_models> on 2025-09-10 03:02:31.403415+00:00
[2025-09-10T03:07:53.374+0000] {warnings.py:112} WARNING - /home/airflow/.local/lib/python3.12/site-packages/airflow/task/task_runner/standard_task_runner.py:62: DeprecationWarning: This process (pid=3533) is multi-threaded, use of fork() may lead to deadlocks in the child.
  pid = os.fork()

[2025-09-10T03:07:53.377+0000] {standard_task_runner.py:64} INFO - Started process 3534 to run task
[2025-09-10T03:07:53.381+0000] {standard_task_runner.py:90} INFO - Running: ['airflow', 'tasks', 'run', 'dbt_run_models', 'run_dbt_models', 'manual__2025-09-10T03:02:31.403415+00:00', '--job-id', '1333', '--raw', '--subdir', 'DAGS_FOLDER/dbt_dag.py', '--cfg-path', '/tmp/tmp6l21zg54']
[2025-09-10T03:07:53.387+0000] {standard_task_runner.py:91} INFO - Job 1333: Subtask run_dbt_models
[2025-09-10T03:07:53.448+0000] {warnings.py:112} WARNING - /home/airflow/.local/lib/python3.12/site-packages/airflow/settings.py:195: DeprecationWarning: The sql_alchemy_conn option in [core] has been moved to the sql_alchemy_conn option in [database] - the old setting has been used, but please update your config.
  SQL_ALCHEMY_CONN = conf.get("database", "SQL_ALCHEMY_CONN")

[2025-09-10T03:07:53.584+0000] {task_command.py:426} INFO - Running <TaskInstance: dbt_run_models.run_dbt_models manual__2025-09-10T03:02:31.403415+00:00 [running]> on host b5ea13053d47
[2025-09-10T03:07:53.978+0000] {taskinstance.py:2648} INFO - Exporting env vars: AIRFLOW_CTX_DAG_OWNER='airflow' AIRFLOW_CTX_DAG_ID='dbt_run_models' AIRFLOW_CTX_TASK_ID='run_dbt_models' AIRFLOW_CTX_EXECUTION_DATE='2025-09-10T03:02:31.403415+00:00' AIRFLOW_CTX_TRY_NUMBER='2' AIRFLOW_CTX_DAG_RUN_ID='manual__2025-09-10T03:02:31.403415+00:00'
[2025-09-10T03:07:53.980+0000] {taskinstance.py:430} INFO - ::endgroup::
[2025-09-10T03:07:54.043+0000] {subprocess.py:63} INFO - Tmp dir root location: /tmp
[2025-09-10T03:07:54.048+0000] {subprocess.py:75} INFO - Running command: ['/usr/bin/bash', '-c', '\n        cd /usr/app &&         dbt run --profiles-dir /usr/app\n        ']
[2025-09-10T03:07:54.086+0000] {subprocess.py:86} INFO - Output:
[2025-09-10T03:07:58.527+0000] {subprocess.py:93} INFO - [0m03:07:58  Running with dbt=1.7.9
[2025-09-10T03:07:59.257+0000] {subprocess.py:93} INFO - [0m03:07:59  Registered adapter: postgres=1.7.9
[2025-09-10T03:07:59.318+0000] {subprocess.py:93} INFO - [0m03:07:59  [[33mWARNING[0m]: Configuration paths exist in your dbt_project.yml file which do not apply to any resources.
[2025-09-10T03:07:59.319+0000] {subprocess.py:93} INFO - There are 1 unused configuration paths:
[2025-09-10T03:07:59.319+0000] {subprocess.py:93} INFO - - models.my_project.sources
[2025-09-10T03:07:59.350+0000] {subprocess.py:93} INFO - [0m03:07:59  Found 15 models, 7 sources, 0 exposures, 0 metrics, 401 macros, 0 groups, 0 semantic models
[2025-09-10T03:07:59.355+0000] {subprocess.py:93} INFO - [0m03:07:59
[2025-09-10T03:07:59.745+0000] {subprocess.py:93} INFO - [0m03:07:59  Concurrency: 4 threads (target='dev')
[2025-09-10T03:07:59.747+0000] {subprocess.py:93} INFO - [0m03:07:59
[2025-09-10T03:07:59.796+0000] {subprocess.py:93} INFO - [0m03:07:59  1 of 15 START sql view model analytics.stg_AOV ................................. [RUN]
[2025-09-10T03:07:59.798+0000] {subprocess.py:93} INFO - [0m03:07:59  3 of 15 START sql view model analytics.stg_order_details ....................... [RUN]
[2025-09-10T03:07:59.802+0000] {subprocess.py:93} INFO - [0m03:07:59  4 of 15 START sql view model analytics.stg_order_items ......................... [RUN]
[2025-09-10T03:07:59.833+0000] {subprocess.py:93} INFO - [0m03:07:59  2 of 15 START sql view model analytics.stg_order_count_year .................... [RUN]
[2025-09-10T03:08:00.605+0000] {subprocess.py:93} INFO - [0m03:08:00  4 of 15 OK created sql view model analytics.stg_order_items .................... [[32mCREATE VIEW[0m in 0.80s]
[2025-09-10T03:08:00.608+0000] {subprocess.py:93} INFO - [0m03:08:00  3 of 15 OK created sql view model analytics.stg_order_details .................. [[32mCREATE VIEW[0m in 0.80s]
[2025-09-10T03:08:00.609+0000] {subprocess.py:93} INFO - [0m03:08:00  2 of 15 OK created sql view model analytics.stg_order_count_year ............... [[32mCREATE VIEW[0m in 0.77s]
[2025-09-10T03:08:00.622+0000] {subprocess.py:93} INFO - [0m03:08:00  1 of 15 OK created sql view model analytics.stg_AOV ............................ [[32mCREATE VIEW[0m in 0.81s]
[2025-09-10T03:08:00.636+0000] {subprocess.py:93} INFO - [0m03:08:00  5 of 15 START sql view model analytics.stg_orders .............................. [RUN]
[2025-09-10T03:08:00.638+0000] {subprocess.py:93} INFO - [0m03:08:00  6 of 15 START sql view model analytics.stg_payments ............................ [RUN]
[2025-09-10T03:08:00.641+0000] {subprocess.py:93} INFO - [0m03:08:00  7 of 15 START sql view model analytics.stg_products ............................ [RUN]
[2025-09-10T03:08:00.653+0000] {subprocess.py:93} INFO - [0m03:08:00  8 of 15 START sql table model analytics.order_count_year ....................... [RUN]
[2025-09-10T03:08:01.189+0000] {subprocess.py:93} INFO - [0m03:08:01  7 of 15 OK created sql view model analytics.stg_products ....................... [[32mCREATE VIEW[0m in 0.54s]
[2025-09-10T03:08:01.242+0000] {subprocess.py:93} INFO - [0m03:08:01  9 of 15 START sql table model analytics.order_count_year+month_diff ............ [RUN]
[2025-09-10T03:08:01.246+0000] {subprocess.py:93} INFO - [0m03:08:01  5 of 15 OK created sql view model analytics.stg_orders ......................... [[32mCREATE VIEW[0m in 0.59s]
[2025-09-10T03:08:01.273+0000] {subprocess.py:93} INFO - [0m03:08:01  6 of 15 OK created sql view model analytics.stg_payments ....................... [[32mCREATE VIEW[0m in 0.61s]
[2025-09-10T03:08:01.281+0000] {subprocess.py:93} INFO - [0m03:08:01  10 of 15 START sql table model analytics.AOV_chek .............................. [RUN]
[2025-09-10T03:08:01.297+0000] {subprocess.py:93} INFO - [0m03:08:01  8 of 15 OK created sql table model analytics.order_count_year .................. [[32mSELECT 4[0m in 0.63s]
[2025-09-10T03:08:01.303+0000] {subprocess.py:93} INFO - [0m03:08:01  11 of 15 START sql table model analytics.orders_summary ........................ [RUN]
[2025-09-10T03:08:01.338+0000] {subprocess.py:93} INFO - [0m03:08:01  12 of 15 START sql table model analytics.AOV_EBITDA_COUNT ...................... [RUN]
[2025-09-10T03:08:01.646+0000] {subprocess.py:93} INFO - [0m03:08:01  12 of 15 ERROR creating sql table model analytics.AOV_EBITDA_COUNT ............. [[31mERROR[0m in 0.30s]
[2025-09-10T03:08:01.658+0000] {subprocess.py:93} INFO - [0m03:08:01  13 of 15 START sql table model analytics.AOV_category .......................... [RUN]
[2025-09-10T03:08:01.824+0000] {subprocess.py:93} INFO - [0m03:08:01  9 of 15 OK created sql table model analytics.order_count_year+month_diff ....... [[32mSELECT 28[0m in 0.54s]
[2025-09-10T03:08:01.852+0000] {subprocess.py:93} INFO - [0m03:08:01  10 of 15 OK created sql table model analytics.AOV_chek ......................... [[32mSELECT 50[0m in 0.55s]
[2025-09-10T03:08:01.855+0000] {subprocess.py:93} INFO - [0m03:08:01  14 of 15 START sql table model analytics.AOV_product_name ...................... [RUN]
[2025-09-10T03:08:01.899+0000] {subprocess.py:93} INFO - [0m03:08:01  15 of 15 START sql table model analytics.AVG_AOV_chek .......................... [RUN]
[2025-09-10T03:08:01.987+0000] {subprocess.py:93} INFO - [0m03:08:01  11 of 15 OK created sql table model analytics.orders_summary ................... [[32mSELECT 10000[0m in 0.66s]
[2025-09-10T03:08:02.060+0000] {subprocess.py:93} INFO - [0m03:08:02  13 of 15 ERROR creating sql table model analytics.AOV_category ................. [[31mERROR[0m in 0.35s]
[2025-09-10T03:08:02.112+0000] {subprocess.py:93} INFO - [0m03:08:02  14 of 15 ERROR creating sql table model analytics.AOV_product_name ............. [[31mERROR[0m in 0.23s]
[2025-09-10T03:08:02.482+0000] {subprocess.py:93} INFO - [0m03:08:02  15 of 15 OK created sql table model analytics.AVG_AOV_chek ..................... [[32mSELECT 16863[0m in 0.56s]
[2025-09-10T03:08:02.527+0000] {subprocess.py:93} INFO - [0m03:08:02
[2025-09-10T03:08:02.529+0000] {subprocess.py:93} INFO - [0m03:08:02  Finished running 7 view models, 8 table models in 0 hours 0 minutes and 3.17 seconds (3.17s).
[2025-09-10T03:08:02.575+0000] {subprocess.py:93} INFO - [0m03:08:02
[2025-09-10T03:08:02.578+0000] {subprocess.py:93} INFO - [0m03:08:02  [31mCompleted with 3 errors and 0 warnings:[0m
[2025-09-10T03:08:02.580+0000] {subprocess.py:93} INFO - [0m03:08:02
[2025-09-10T03:08:02.582+0000] {subprocess.py:93} INFO - [0m03:08:02    Database Error in model AOV_EBITDA_COUNT (models/marts/AOV_EBITDA_COUNT.sql)
[2025-09-10T03:08:02.583+0000] {subprocess.py:93} INFO -   type "avg_order_value" does not exist
[2025-09-10T03:08:02.583+0000] {subprocess.py:93} INFO -   LINE 26: order by avg_order_value
[2025-09-10T03:08:02.584+0000] {subprocess.py:93} INFO -                     ^
[2025-09-10T03:08:02.585+0000] {subprocess.py:93} INFO -   compiled Code at target/run/my_project/models/marts/AOV_EBITDA_COUNT.sql
[2025-09-10T03:08:02.586+0000] {subprocess.py:93} INFO - [0m03:08:02
[2025-09-10T03:08:02.587+0000] {subprocess.py:93} INFO - [0m03:08:02    Database Error in model AOV_category (models/marts/AOV_category.sql)
[2025-09-10T03:08:02.588+0000] {subprocess.py:93} INFO -   type "avg_order_value" does not exist
[2025-09-10T03:08:02.589+0000] {subprocess.py:93} INFO -   LINE 27: order by avg_order_value
[2025-09-10T03:08:02.589+0000] {subprocess.py:93} INFO -                     ^
[2025-09-10T03:08:02.590+0000] {subprocess.py:93} INFO -   compiled Code at target/run/my_project/models/marts/AOV_category.sql
[2025-09-10T03:08:02.591+0000] {subprocess.py:93} INFO - [0m03:08:02
[2025-09-10T03:08:02.592+0000] {subprocess.py:93} INFO - [0m03:08:02    Database Error in model AOV_product_name (models/marts/AOV_product_name.sql)
[2025-09-10T03:08:02.593+0000] {subprocess.py:93} INFO -   type "avg_order_value" does not exist
[2025-09-10T03:08:02.594+0000] {subprocess.py:93} INFO -   LINE 28: order by avg_order_value
[2025-09-10T03:08:02.594+0000] {subprocess.py:93} INFO -                     ^
[2025-09-10T03:08:02.595+0000] {subprocess.py:93} INFO -   compiled Code at target/run/my_project/models/marts/AOV_product_name.sql
[2025-09-10T03:08:02.596+0000] {subprocess.py:93} INFO - [0m03:08:02
[2025-09-10T03:08:02.596+0000] {subprocess.py:93} INFO - [0m03:08:02  Done. PASS=12 WARN=0 ERROR=3 SKIP=0 TOTAL=15
[2025-09-10T03:08:12.978+0000] {subprocess.py:97} INFO - Command exited with return code 1
[2025-09-10T03:08:12.979+0000] {taskinstance.py:441} INFO - ::group::Post task execution logs
[2025-09-10T03:08:13.005+0000] {taskinstance.py:2905} ERROR - Task failed with exception
Traceback (most recent call last):
  File "/home/airflow/.local/lib/python3.12/site-packages/airflow/models/taskinstance.py", line 465, in _execute_task
    result = _execute_callable(context=context, **execute_callable_kwargs)
             ^^^^^^^^^^^^^^^^^^^^^^^^^^^^^^^^^^^^^^^^^^^^^^^^^^^^^^^^^^^^^
  File "/home/airflow/.local/lib/python3.12/site-packages/airflow/models/taskinstance.py", line 432, in _execute_callable
    return execute_callable(context=context, **execute_callable_kwargs)
           ^^^^^^^^^^^^^^^^^^^^^^^^^^^^^^^^^^^^^^^^^^^^^^^^^^^^^^^^^^^^
  File "/home/airflow/.local/lib/python3.12/site-packages/airflow/models/baseoperator.py", line 401, in wrapper
    return func(self, *args, **kwargs)
           ^^^^^^^^^^^^^^^^^^^^^^^^^^^
  File "/home/airflow/.local/lib/python3.12/site-packages/airflow/operators/bash.py", line 243, in execute
    raise AirflowException(
airflow.exceptions.AirflowException: Bash command failed. The command returned a non-zero exit code 1.
[2025-09-10T03:08:13.011+0000] {taskinstance.py:1206} INFO - Marking task as FAILED. dag_id=dbt_run_models, task_id=run_dbt_models, run_id=manual__2025-09-10T03:02:31.403415+00:00, execution_date=20250910T030231, start_date=20250910T030753, end_date=20250910T030813
[2025-09-10T03:08:13.056+0000] {standard_task_runner.py:110} ERROR - Failed to execute job 1333 for task run_dbt_models (Bash command failed. The command returned a non-zero exit code 1.; 3534)
[2025-09-10T03:08:13.076+0000] {local_task_job_runner.py:243} INFO - Task exited with return code 1
[2025-09-10T03:08:13.096+0000] {local_task_job_runner.py:222} INFO - ::endgroup::
