[2025-08-25T16:06:21.555+0000] {local_task_job_runner.py:120} INFO - ::group::Pre task execution logs
[2025-08-25T16:06:21.615+0000] {taskinstance.py:2076} INFO - Dependencies all met for dep_context=non-requeueable deps ti=<TaskInstance: daily_generate_orders.load_csv_to_postgres manual__2025-08-25T16:06:17.267720+00:00 [queued]>
[2025-08-25T16:06:21.626+0000] {taskinstance.py:2076} INFO - Dependencies all met for dep_context=requeueable deps ti=<TaskInstance: daily_generate_orders.load_csv_to_postgres manual__2025-08-25T16:06:17.267720+00:00 [queued]>
[2025-08-25T16:06:21.627+0000] {taskinstance.py:2306} INFO - Starting attempt 1 of 1
[2025-08-25T16:06:21.644+0000] {taskinstance.py:2330} INFO - Executing <Task(PythonOperator): load_csv_to_postgres> on 2025-08-25 16:06:17.267720+00:00
[2025-08-25T16:06:21.654+0000] {warnings.py:112} WARNING - /home/airflow/.local/lib/python3.12/site-packages/airflow/task/task_runner/standard_task_runner.py:62: DeprecationWarning: This process (pid=889) is multi-threaded, use of fork() may lead to deadlocks in the child.
  pid = os.fork()

[2025-08-25T16:06:21.655+0000] {standard_task_runner.py:64} INFO - Started process 891 to run task
[2025-08-25T16:06:21.663+0000] {standard_task_runner.py:90} INFO - Running: ['airflow', 'tasks', 'run', 'daily_generate_orders', 'load_csv_to_postgres', 'manual__2025-08-25T16:06:17.267720+00:00', '--job-id', '552', '--raw', '--subdir', 'DAGS_FOLDER/generate_fake_shop_csv.py', '--cfg-path', '/tmp/tmp7d8lni5j']
[2025-08-25T16:06:21.670+0000] {standard_task_runner.py:91} INFO - Job 552: Subtask load_csv_to_postgres
[2025-08-25T16:06:21.694+0000] {warnings.py:112} WARNING - /home/airflow/.local/lib/python3.12/site-packages/airflow/settings.py:195: DeprecationWarning: The sql_alchemy_conn option in [core] has been moved to the sql_alchemy_conn option in [database] - the old setting has been used, but please update your config.
  SQL_ALCHEMY_CONN = conf.get("database", "SQL_ALCHEMY_CONN")

[2025-08-25T16:06:21.753+0000] {task_command.py:426} INFO - Running <TaskInstance: daily_generate_orders.load_csv_to_postgres manual__2025-08-25T16:06:17.267720+00:00 [running]> on host b5ea13053d47
[2025-08-25T16:06:21.893+0000] {taskinstance.py:2648} INFO - Exporting env vars: AIRFLOW_CTX_DAG_OWNER='airflow' AIRFLOW_CTX_DAG_ID='daily_generate_orders' AIRFLOW_CTX_TASK_ID='load_csv_to_postgres' AIRFLOW_CTX_EXECUTION_DATE='2025-08-25T16:06:17.267720+00:00' AIRFLOW_CTX_TRY_NUMBER='1' AIRFLOW_CTX_DAG_RUN_ID='manual__2025-08-25T16:06:17.267720+00:00'
[2025-08-25T16:06:21.901+0000] {taskinstance.py:430} INFO - ::endgroup::
[2025-08-25T16:06:21.934+0000] {base.py:84} INFO - Using connection ID 'postgres_conn' for task execution.
[2025-08-25T16:06:22.022+0000] {logging_mixin.py:188} INFO - ✅ Загружено 400 новых строк в таблицу shipments
[2025-08-25T16:06:22.070+0000] {logging_mixin.py:188} INFO - ✅ Загружено 400 новых строк в таблицу shipments
[2025-08-25T16:06:22.113+0000] {logging_mixin.py:188} INFO - ✅ Загружено 400 новых строк в таблицу shipments
[2025-08-25T16:06:22.154+0000] {logging_mixin.py:188} INFO - ✅ Загружено 400 новых строк в таблицу shipments
[2025-08-25T16:06:22.193+0000] {logging_mixin.py:188} INFO - ✅ Загружено 400 новых строк в таблицу shipments
[2025-08-25T16:06:22.228+0000] {logging_mixin.py:188} INFO - ✅ Загружено 400 новых строк в таблицу shipments
[2025-08-25T16:06:22.251+0000] {logging_mixin.py:188} INFO - ✅ Загружено 400 новых строк в таблицу shipments
[2025-08-25T16:06:22.287+0000] {logging_mixin.py:188} INFO - ✅ Загружено 400 новых строк в таблицу shipments
[2025-08-25T16:06:22.318+0000] {logging_mixin.py:188} INFO - ✅ Загружено 400 новых строк в таблицу shipments
[2025-08-25T16:06:22.352+0000] {logging_mixin.py:188} INFO - ✅ Загружено 400 новых строк в таблицу shipments
[2025-08-25T16:06:22.383+0000] {logging_mixin.py:188} INFO - ✅ Загружено 400 новых строк в таблицу shipments
[2025-08-25T16:06:22.421+0000] {logging_mixin.py:188} INFO - ✅ Загружено 400 новых строк в таблицу shipments
[2025-08-25T16:06:22.479+0000] {logging_mixin.py:188} INFO - ✅ Загружено 400 новых строк в таблицу shipments
[2025-08-25T16:06:22.533+0000] {logging_mixin.py:188} INFO - ✅ Загружено 400 новых строк в таблицу shipments
[2025-08-25T16:06:22.584+0000] {logging_mixin.py:188} INFO - ✅ Загружено 400 новых строк в таблицу shipments
[2025-08-25T16:06:22.626+0000] {logging_mixin.py:188} INFO - ✅ Загружено 400 новых строк в таблицу shipments
[2025-08-25T16:06:22.648+0000] {logging_mixin.py:188} INFO - ✅ Загружено 400 новых строк в таблицу shipments
[2025-08-25T16:06:22.670+0000] {logging_mixin.py:188} INFO - ✅ Загружено 400 новых строк в таблицу shipments
[2025-08-25T16:06:22.692+0000] {logging_mixin.py:188} INFO - ✅ Загружено 400 новых строк в таблицу shipments
[2025-08-25T16:06:22.747+0000] {logging_mixin.py:188} INFO - ✅ Загружено 400 новых строк в таблицу shipments
[2025-08-25T16:06:22.780+0000] {logging_mixin.py:188} INFO - ✅ Загружено 400 новых строк в таблицу shipments
[2025-08-25T16:06:22.801+0000] {logging_mixin.py:188} INFO - ✅ Загружено 400 новых строк в таблицу shipments
[2025-08-25T16:06:22.825+0000] {logging_mixin.py:188} INFO - ✅ Загружено 400 новых строк в таблицу shipments
[2025-08-25T16:06:22.849+0000] {logging_mixin.py:188} INFO - ✅ Загружено 400 новых строк в таблицу shipments
[2025-08-25T16:06:22.868+0000] {logging_mixin.py:188} INFO - ✅ Загружено 400 новых строк в таблицу shipments
[2025-08-25T16:06:22.889+0000] {logging_mixin.py:188} INFO - ✅ Загружено 400 новых строк в таблицу shipments
[2025-08-25T16:06:22.910+0000] {logging_mixin.py:188} INFO - ✅ Загружено 400 новых строк в таблицу shipments
[2025-08-25T16:06:22.973+0000] {logging_mixin.py:188} INFO - ✅ Загружено 400 новых строк в таблицу shipments
[2025-08-25T16:06:23.025+0000] {logging_mixin.py:188} INFO - ✅ Загружено 400 новых строк в таблицу shipments
[2025-08-25T16:06:23.073+0000] {logging_mixin.py:188} INFO - ✅ Загружено 400 новых строк в таблицу shipments
[2025-08-25T16:06:23.112+0000] {logging_mixin.py:188} INFO - ✅ Загружено 400 новых строк в таблицу shipments
[2025-08-25T16:06:23.153+0000] {logging_mixin.py:188} INFO - ✅ Загружено 400 новых строк в таблицу shipments
[2025-08-25T16:06:23.189+0000] {logging_mixin.py:188} INFO - ✅ Загружено 400 новых строк в таблицу shipments
[2025-08-25T16:06:23.228+0000] {logging_mixin.py:188} INFO - ✅ Загружено 400 новых строк в таблицу shipments
[2025-08-25T16:06:23.263+0000] {logging_mixin.py:188} INFO - ✅ Загружено 400 новых строк в таблицу shipments
[2025-08-25T16:06:23.294+0000] {logging_mixin.py:188} INFO - ✅ Загружено 400 новых строк в таблицу shipments
[2025-08-25T16:06:23.325+0000] {logging_mixin.py:188} INFO - ✅ Загружено 400 новых строк в таблицу shipments
[2025-08-25T16:06:23.338+0000] {logging_mixin.py:188} INFO - ✅ Загружено 200 новых строк в таблицу shipments
[2025-08-25T16:06:23.361+0000] {logging_mixin.py:188} INFO - ✅ Загружено 400 новых строк в таблицу customers
[2025-08-25T16:06:23.378+0000] {logging_mixin.py:188} INFO - ✅ Загружено 400 новых строк в таблицу customers
[2025-08-25T16:06:23.393+0000] {logging_mixin.py:188} INFO - ✅ Загружено 400 новых строк в таблицу customers
[2025-08-25T16:06:23.408+0000] {logging_mixin.py:188} INFO - ✅ Загружено 400 новых строк в таблицу customers
[2025-08-25T16:06:23.424+0000] {logging_mixin.py:188} INFO - ✅ Загружено 400 новых строк в таблицу customers
[2025-08-25T16:06:23.440+0000] {logging_mixin.py:188} INFO - ✅ Загружено 400 новых строк в таблицу customers
[2025-08-25T16:06:23.456+0000] {logging_mixin.py:188} INFO - ✅ Загружено 400 новых строк в таблицу customers
[2025-08-25T16:06:23.474+0000] {logging_mixin.py:188} INFO - ✅ Загружено 400 новых строк в таблицу customers
[2025-08-25T16:06:23.490+0000] {logging_mixin.py:188} INFO - ✅ Загружено 400 новых строк в таблицу customers
[2025-08-25T16:06:23.506+0000] {logging_mixin.py:188} INFO - ✅ Загружено 400 новых строк в таблицу customers
[2025-08-25T16:06:23.522+0000] {logging_mixin.py:188} INFO - ✅ Загружено 400 новых строк в таблицу customers
[2025-08-25T16:06:23.540+0000] {logging_mixin.py:188} INFO - ✅ Загружено 400 новых строк в таблицу customers
[2025-08-25T16:06:23.556+0000] {logging_mixin.py:188} INFO - ✅ Загружено 400 новых строк в таблицу customers
[2025-08-25T16:06:23.572+0000] {logging_mixin.py:188} INFO - ✅ Загружено 400 новых строк в таблицу customers
[2025-08-25T16:06:23.590+0000] {logging_mixin.py:188} INFO - ✅ Загружено 400 новых строк в таблицу customers
[2025-08-25T16:06:23.610+0000] {logging_mixin.py:188} INFO - ✅ Загружено 400 новых строк в таблицу customers
[2025-08-25T16:06:23.630+0000] {logging_mixin.py:188} INFO - ✅ Загружено 400 новых строк в таблицу customers
[2025-08-25T16:06:23.650+0000] {logging_mixin.py:188} INFO - ✅ Загружено 400 новых строк в таблицу customers
[2025-08-25T16:06:23.672+0000] {logging_mixin.py:188} INFO - ✅ Загружено 400 новых строк в таблицу customers
[2025-08-25T16:06:23.688+0000] {logging_mixin.py:188} INFO - ✅ Загружено 400 новых строк в таблицу customers
[2025-08-25T16:06:23.705+0000] {logging_mixin.py:188} INFO - ✅ Загружено 400 новых строк в таблицу customers
[2025-08-25T16:06:23.723+0000] {logging_mixin.py:188} INFO - ✅ Загружено 400 новых строк в таблицу customers
[2025-08-25T16:06:23.741+0000] {logging_mixin.py:188} INFO - ✅ Загружено 400 новых строк в таблицу customers
[2025-08-25T16:06:23.819+0000] {logging_mixin.py:188} INFO - ✅ Загружено 400 новых строк в таблицу customers
[2025-08-25T16:06:23.841+0000] {logging_mixin.py:188} INFO - ✅ Загружено 400 новых строк в таблицу customers
[2025-08-25T16:06:23.872+0000] {logging_mixin.py:188} INFO - ✅ Загружено 400 новых строк в таблицу orders
[2025-08-25T16:06:23.891+0000] {logging_mixin.py:188} INFO - ✅ Загружено 400 новых строк в таблицу orders
[2025-08-25T16:06:23.941+0000] {logging_mixin.py:188} INFO - ✅ Загружено 400 новых строк в таблицу orders
[2025-08-25T16:06:23.966+0000] {logging_mixin.py:188} INFO - ✅ Загружено 400 новых строк в таблицу orders
[2025-08-25T16:06:24.014+0000] {logging_mixin.py:188} INFO - ✅ Загружено 400 новых строк в таблицу orders
[2025-08-25T16:06:24.073+0000] {logging_mixin.py:188} INFO - ✅ Загружено 400 новых строк в таблицу orders
[2025-08-25T16:06:24.089+0000] {logging_mixin.py:188} INFO - ✅ Загружено 400 новых строк в таблицу orders
[2025-08-25T16:06:24.108+0000] {logging_mixin.py:188} INFO - ✅ Загружено 400 новых строк в таблицу orders
[2025-08-25T16:06:24.125+0000] {logging_mixin.py:188} INFO - ✅ Загружено 400 новых строк в таблицу orders
[2025-08-25T16:06:24.142+0000] {logging_mixin.py:188} INFO - ✅ Загружено 400 новых строк в таблицу orders
[2025-08-25T16:06:24.158+0000] {logging_mixin.py:188} INFO - ✅ Загружено 400 новых строк в таблицу orders
[2025-08-25T16:06:24.176+0000] {logging_mixin.py:188} INFO - ✅ Загружено 400 новых строк в таблицу orders
[2025-08-25T16:06:24.193+0000] {logging_mixin.py:188} INFO - ✅ Загружено 400 новых строк в таблицу orders
[2025-08-25T16:06:24.219+0000] {logging_mixin.py:188} INFO - ✅ Загружено 400 новых строк в таблицу orders
[2025-08-25T16:06:24.235+0000] {logging_mixin.py:188} INFO - ✅ Загружено 400 новых строк в таблицу orders
[2025-08-25T16:06:24.252+0000] {logging_mixin.py:188} INFO - ✅ Загружено 400 новых строк в таблицу orders
[2025-08-25T16:06:24.270+0000] {logging_mixin.py:188} INFO - ✅ Загружено 400 новых строк в таблицу orders
[2025-08-25T16:06:24.288+0000] {logging_mixin.py:188} INFO - ✅ Загружено 400 новых строк в таблицу orders
[2025-08-25T16:06:24.304+0000] {logging_mixin.py:188} INFO - ✅ Загружено 400 новых строк в таблицу orders
[2025-08-25T16:06:24.324+0000] {logging_mixin.py:188} INFO - ✅ Загружено 400 новых строк в таблицу orders
[2025-08-25T16:06:24.349+0000] {logging_mixin.py:188} INFO - ✅ Загружено 400 новых строк в таблицу orders
[2025-08-25T16:06:24.366+0000] {logging_mixin.py:188} INFO - ✅ Загружено 400 новых строк в таблицу orders
[2025-08-25T16:06:24.390+0000] {logging_mixin.py:188} INFO - ✅ Загружено 400 новых строк в таблицу orders
[2025-08-25T16:06:24.419+0000] {logging_mixin.py:188} INFO - ✅ Загружено 400 новых строк в таблицу orders
[2025-08-25T16:06:24.443+0000] {logging_mixin.py:188} INFO - ✅ Загружено 400 новых строк в таблицу orders
[2025-08-25T16:06:24.469+0000] {logging_mixin.py:188} INFO - ✅ Загружено 400 новых строк в таблицу orders
[2025-08-25T16:06:24.490+0000] {logging_mixin.py:188} INFO - ✅ Загружено 400 новых строк в таблицу orders
[2025-08-25T16:06:24.506+0000] {logging_mixin.py:188} INFO - ✅ Загружено 400 новых строк в таблицу orders
[2025-08-25T16:06:24.523+0000] {logging_mixin.py:188} INFO - ✅ Загружено 400 новых строк в таблицу orders
[2025-08-25T16:06:24.540+0000] {logging_mixin.py:188} INFO - ✅ Загружено 400 новых строк в таблицу orders
[2025-08-25T16:06:24.559+0000] {logging_mixin.py:188} INFO - ✅ Загружено 400 новых строк в таблицу orders
[2025-08-25T16:06:24.588+0000] {logging_mixin.py:188} INFO - ✅ Загружено 400 новых строк в таблицу orders
[2025-08-25T16:06:24.604+0000] {logging_mixin.py:188} INFO - ✅ Загружено 400 новых строк в таблицу orders
[2025-08-25T16:06:24.622+0000] {logging_mixin.py:188} INFO - ✅ Загружено 400 новых строк в таблицу orders
[2025-08-25T16:06:24.643+0000] {logging_mixin.py:188} INFO - ✅ Загружено 400 новых строк в таблицу orders
[2025-08-25T16:06:24.661+0000] {logging_mixin.py:188} INFO - ✅ Загружено 400 новых строк в таблицу orders
[2025-08-25T16:06:24.678+0000] {logging_mixin.py:188} INFO - ✅ Загружено 400 новых строк в таблицу orders
[2025-08-25T16:06:24.692+0000] {logging_mixin.py:188} INFO - ✅ Загружено 213 новых строк в таблицу orders
[2025-08-25T16:06:24.715+0000] {logging_mixin.py:188} INFO - ✅ Загружено 400 новых строк в таблицу products
[2025-08-25T16:06:24.748+0000] {logging_mixin.py:188} INFO - ✅ Загружено 400 новых строк в таблицу products
[2025-08-25T16:06:24.779+0000] {logging_mixin.py:188} INFO - ✅ Загружено 400 новых строк в таблицу products
[2025-08-25T16:06:24.814+0000] {logging_mixin.py:188} INFO - ✅ Загружено 400 новых строк в таблицу products
[2025-08-25T16:06:24.851+0000] {logging_mixin.py:188} INFO - ✅ Загружено 400 новых строк в таблицу products
[2025-08-25T16:06:24.919+0000] {logging_mixin.py:188} INFO - ✅ Загружено 400 новых строк в таблицу order_items
[2025-08-25T16:06:24.950+0000] {logging_mixin.py:188} INFO - ✅ Загружено 400 новых строк в таблицу order_items
[2025-08-25T16:06:24.981+0000] {logging_mixin.py:188} INFO - ✅ Загружено 400 новых строк в таблицу order_items
[2025-08-25T16:06:25.009+0000] {logging_mixin.py:188} INFO - ✅ Загружено 400 новых строк в таблицу order_items
[2025-08-25T16:06:25.036+0000] {logging_mixin.py:188} INFO - ✅ Загружено 400 новых строк в таблицу order_items
[2025-08-25T16:06:25.063+0000] {logging_mixin.py:188} INFO - ✅ Загружено 400 новых строк в таблицу order_items
[2025-08-25T16:06:25.090+0000] {logging_mixin.py:188} INFO - ✅ Загружено 400 новых строк в таблицу order_items
[2025-08-25T16:06:25.116+0000] {logging_mixin.py:188} INFO - ✅ Загружено 400 новых строк в таблицу order_items
[2025-08-25T16:06:25.142+0000] {logging_mixin.py:188} INFO - ✅ Загружено 400 новых строк в таблицу order_items
[2025-08-25T16:06:25.162+0000] {logging_mixin.py:188} INFO - ✅ Загружено 400 новых строк в таблицу order_items
[2025-08-25T16:06:25.182+0000] {logging_mixin.py:188} INFO - ✅ Загружено 400 новых строк в таблицу order_items
[2025-08-25T16:06:25.202+0000] {logging_mixin.py:188} INFO - ✅ Загружено 400 новых строк в таблицу order_items
[2025-08-25T16:06:25.257+0000] {logging_mixin.py:188} INFO - ✅ Загружено 400 новых строк в таблицу order_items
[2025-08-25T16:06:25.306+0000] {logging_mixin.py:188} INFO - ✅ Загружено 400 новых строк в таблицу order_items
[2025-08-25T16:06:25.352+0000] {logging_mixin.py:188} INFO - ✅ Загружено 400 новых строк в таблицу order_items
[2025-08-25T16:06:25.377+0000] {logging_mixin.py:188} INFO - ✅ Загружено 400 новых строк в таблицу order_items
[2025-08-25T16:06:25.422+0000] {logging_mixin.py:188} INFO - ✅ Загружено 400 новых строк в таблицу order_items
[2025-08-25T16:06:25.471+0000] {logging_mixin.py:188} INFO - ✅ Загружено 400 новых строк в таблицу order_items
[2025-08-25T16:06:25.516+0000] {logging_mixin.py:188} INFO - ✅ Загружено 400 новых строк в таблицу order_items
[2025-08-25T16:06:25.546+0000] {logging_mixin.py:188} INFO - ✅ Загружено 400 новых строк в таблицу order_items
[2025-08-25T16:06:25.575+0000] {logging_mixin.py:188} INFO - ✅ Загружено 400 новых строк в таблицу order_items
[2025-08-25T16:06:25.610+0000] {logging_mixin.py:188} INFO - ✅ Загружено 400 новых строк в таблицу order_items
[2025-08-25T16:06:25.648+0000] {logging_mixin.py:188} INFO - ✅ Загружено 400 новых строк в таблицу order_items
[2025-08-25T16:06:25.677+0000] {logging_mixin.py:188} INFO - ✅ Загружено 400 новых строк в таблицу order_items
[2025-08-25T16:06:25.702+0000] {logging_mixin.py:188} INFO - ✅ Загружено 400 новых строк в таблицу order_items
[2025-08-25T16:06:25.727+0000] {logging_mixin.py:188} INFO - ✅ Загружено 400 новых строк в таблицу order_items
[2025-08-25T16:06:25.747+0000] {logging_mixin.py:188} INFO - ✅ Загружено 400 новых строк в таблицу order_items
[2025-08-25T16:06:25.826+0000] {logging_mixin.py:188} INFO - ✅ Загружено 400 новых строк в таблицу order_items
[2025-08-25T16:06:25.888+0000] {logging_mixin.py:188} INFO - ✅ Загружено 400 новых строк в таблицу order_items
[2025-08-25T16:06:25.941+0000] {logging_mixin.py:188} INFO - ✅ Загружено 400 новых строк в таблицу order_items
[2025-08-25T16:06:25.984+0000] {logging_mixin.py:188} INFO - ✅ Загружено 400 новых строк в таблицу order_items
[2025-08-25T16:06:26.022+0000] {logging_mixin.py:188} INFO - ✅ Загружено 400 новых строк в таблицу order_items
[2025-08-25T16:06:26.059+0000] {logging_mixin.py:188} INFO - ✅ Загружено 400 новых строк в таблицу order_items
[2025-08-25T16:06:26.094+0000] {logging_mixin.py:188} INFO - ✅ Загружено 400 новых строк в таблицу order_items
[2025-08-25T16:06:26.126+0000] {logging_mixin.py:188} INFO - ✅ Загружено 400 новых строк в таблицу order_items
[2025-08-25T16:06:26.160+0000] {logging_mixin.py:188} INFO - ✅ Загружено 400 новых строк в таблицу order_items
[2025-08-25T16:06:26.215+0000] {logging_mixin.py:188} INFO - ✅ Загружено 400 новых строк в таблицу order_items
[2025-08-25T16:06:26.265+0000] {logging_mixin.py:188} INFO - ✅ Загружено 400 новых строк в таблицу order_items
[2025-08-25T16:06:26.310+0000] {logging_mixin.py:188} INFO - ✅ Загружено 400 новых строк в таблицу order_items
[2025-08-25T16:06:26.368+0000] {logging_mixin.py:188} INFO - ✅ Загружено 400 новых строк в таблицу order_items
[2025-08-25T16:06:26.404+0000] {logging_mixin.py:188} INFO - ✅ Загружено 400 новых строк в таблицу order_items
[2025-08-25T16:06:26.438+0000] {logging_mixin.py:188} INFO - ✅ Загружено 400 новых строк в таблицу order_items
[2025-08-25T16:06:26.505+0000] {logging_mixin.py:188} INFO - ✅ Загружено 400 новых строк в таблицу order_items
[2025-08-25T16:06:26.555+0000] {logging_mixin.py:188} INFO - ✅ Загружено 400 новых строк в таблицу order_items
[2025-08-25T16:06:26.584+0000] {logging_mixin.py:188} INFO - ✅ Загружено 400 новых строк в таблицу order_items
[2025-08-25T16:06:26.604+0000] {logging_mixin.py:188} INFO - ✅ Загружено 400 новых строк в таблицу order_items
[2025-08-25T16:06:26.624+0000] {logging_mixin.py:188} INFO - ✅ Загружено 400 новых строк в таблицу order_items
[2025-08-25T16:06:26.674+0000] {logging_mixin.py:188} INFO - ✅ Загружено 400 новых строк в таблицу order_items
[2025-08-25T16:06:26.706+0000] {logging_mixin.py:188} INFO - ✅ Загружено 400 новых строк в таблицу order_items
[2025-08-25T16:06:26.735+0000] {logging_mixin.py:188} INFO - ✅ Загружено 400 новых строк в таблицу order_items
[2025-08-25T16:06:26.743+0000] {logging_mixin.py:188} INFO - ✅ Загружено 30 новых строк в таблицу order_items
[2025-08-25T16:06:26.757+0000] {logging_mixin.py:188} INFO - ✅ Загружено 100 новых строк в таблицу suppliers
[2025-08-25T16:06:26.779+0000] {taskinstance.py:441} INFO - ::group::Post task execution logs
[2025-08-25T16:06:26.780+0000] {taskinstance.py:2905} ERROR - Task failed with exception
Traceback (most recent call last):
  File "/home/airflow/.local/lib/python3.12/site-packages/sqlalchemy/engine/base.py", line 1890, in _execute_context
    self.dialect.do_executemany(
  File "/home/airflow/.local/lib/python3.12/site-packages/sqlalchemy/dialects/postgresql/psycopg2.py", line 982, in do_executemany
    context._psycopg2_fetched_rows = xtras.execute_values(
                                     ^^^^^^^^^^^^^^^^^^^^^
  File "/home/airflow/.local/lib/python3.12/site-packages/psycopg2/extras.py", line 1299, in execute_values
    cur.execute(b''.join(parts))
psycopg2.errors.DatatypeMismatch: column "payment_date" is of type date but expression is of type numeric
LINE 1: ...VALUES (1, 1, 'Credit Card', 232.15, 'Completed', 272.662588...
                                                             ^
HINT:  You will need to rewrite or cast the expression.


The above exception was the direct cause of the following exception:

Traceback (most recent call last):
  File "/home/airflow/.local/lib/python3.12/site-packages/airflow/models/taskinstance.py", line 465, in _execute_task
    result = _execute_callable(context=context, **execute_callable_kwargs)
             ^^^^^^^^^^^^^^^^^^^^^^^^^^^^^^^^^^^^^^^^^^^^^^^^^^^^^^^^^^^^^
  File "/home/airflow/.local/lib/python3.12/site-packages/airflow/models/taskinstance.py", line 432, in _execute_callable
    return execute_callable(context=context, **execute_callable_kwargs)
           ^^^^^^^^^^^^^^^^^^^^^^^^^^^^^^^^^^^^^^^^^^^^^^^^^^^^^^^^^^^^
  File "/home/airflow/.local/lib/python3.12/site-packages/airflow/models/baseoperator.py", line 401, in wrapper
    return func(self, *args, **kwargs)
           ^^^^^^^^^^^^^^^^^^^^^^^^^^^
  File "/home/airflow/.local/lib/python3.12/site-packages/airflow/operators/python.py", line 235, in execute
    return_value = self.execute_callable()
                   ^^^^^^^^^^^^^^^^^^^^^^^
  File "/home/airflow/.local/lib/python3.12/site-packages/airflow/operators/python.py", line 252, in execute_callable
    return self.python_callable(*self.op_args, **self.op_kwargs)
           ^^^^^^^^^^^^^^^^^^^^^^^^^^^^^^^^^^^^^^^^^^^^^^^^^^^^^
  File "/opt/airflow/dags/generate_fake_shop_csv.py", line 154, in load_csv_to_postgres
    chunk.to_sql(table_name, engine, if_exists="append", index=False, dtype=dtype_mapping)
  File "/home/airflow/.local/lib/python3.12/site-packages/pandas/util/_decorators.py", line 333, in wrapper
    return func(*args, **kwargs)
           ^^^^^^^^^^^^^^^^^^^^^
  File "/home/airflow/.local/lib/python3.12/site-packages/pandas/core/generic.py", line 3008, in to_sql
    return sql.to_sql(
           ^^^^^^^^^^^
  File "/home/airflow/.local/lib/python3.12/site-packages/pandas/io/sql.py", line 788, in to_sql
    return pandas_sql.to_sql(
           ^^^^^^^^^^^^^^^^^^
  File "/home/airflow/.local/lib/python3.12/site-packages/pandas/io/sql.py", line 1958, in to_sql
    total_inserted = sql_engine.insert_records(
                     ^^^^^^^^^^^^^^^^^^^^^^^^^^
  File "/home/airflow/.local/lib/python3.12/site-packages/pandas/io/sql.py", line 1507, in insert_records
    raise err
  File "/home/airflow/.local/lib/python3.12/site-packages/pandas/io/sql.py", line 1498, in insert_records
    return table.insert(chunksize=chunksize, method=method)
           ^^^^^^^^^^^^^^^^^^^^^^^^^^^^^^^^^^^^^^^^^^^^^^^^
  File "/home/airflow/.local/lib/python3.12/site-packages/pandas/io/sql.py", line 1059, in insert
    num_inserted = exec_insert(conn, keys, chunk_iter)
                   ^^^^^^^^^^^^^^^^^^^^^^^^^^^^^^^^^^^
  File "/home/airflow/.local/lib/python3.12/site-packages/pandas/io/sql.py", line 951, in _execute_insert
    result = conn.execute(self.table.insert(), data)
             ^^^^^^^^^^^^^^^^^^^^^^^^^^^^^^^^^^^^^^^
  File "/home/airflow/.local/lib/python3.12/site-packages/sqlalchemy/engine/base.py", line 1385, in execute
    return meth(self, multiparams, params, _EMPTY_EXECUTION_OPTS)
           ^^^^^^^^^^^^^^^^^^^^^^^^^^^^^^^^^^^^^^^^^^^^^^^^^^^^^^
  File "/home/airflow/.local/lib/python3.12/site-packages/sqlalchemy/sql/elements.py", line 334, in _execute_on_connection
    return connection._execute_clauseelement(
           ^^^^^^^^^^^^^^^^^^^^^^^^^^^^^^^^^^
  File "/home/airflow/.local/lib/python3.12/site-packages/sqlalchemy/engine/base.py", line 1577, in _execute_clauseelement
    ret = self._execute_context(
          ^^^^^^^^^^^^^^^^^^^^^^
  File "/home/airflow/.local/lib/python3.12/site-packages/sqlalchemy/engine/base.py", line 1953, in _execute_context
    self._handle_dbapi_exception(
  File "/home/airflow/.local/lib/python3.12/site-packages/sqlalchemy/engine/base.py", line 2134, in _handle_dbapi_exception
    util.raise_(
  File "/home/airflow/.local/lib/python3.12/site-packages/sqlalchemy/util/compat.py", line 211, in raise_
    raise exception
  File "/home/airflow/.local/lib/python3.12/site-packages/sqlalchemy/engine/base.py", line 1890, in _execute_context
    self.dialect.do_executemany(
  File "/home/airflow/.local/lib/python3.12/site-packages/sqlalchemy/dialects/postgresql/psycopg2.py", line 982, in do_executemany
    context._psycopg2_fetched_rows = xtras.execute_values(
                                     ^^^^^^^^^^^^^^^^^^^^^
  File "/home/airflow/.local/lib/python3.12/site-packages/psycopg2/extras.py", line 1299, in execute_values
    cur.execute(b''.join(parts))
sqlalchemy.exc.ProgrammingError: (psycopg2.errors.DatatypeMismatch) column "payment_date" is of type date but expression is of type numeric
LINE 1: ...VALUES (1, 1, 'Credit Card', 232.15, 'Completed', 272.662588...
                                                             ^
HINT:  You will need to rewrite or cast the expression.

[SQL: INSERT INTO payment (payment_id, order_id, payment_method, amount, transaction_status, payment_date) VALUES (%(payment_id)s, %(order_id)s, %(payment_method)s, %(amount)s, %(transaction_status)s, %(payment_date)s)]
[parameters: ({'payment_id': 1, 'order_id': 1, 'payment_method': 'Credit Card', 'amount': 232.15, 'transaction_status': 'Completed', 'payment_date': 272.6625885878419}, {'payment_id': 2, 'order_id': 2, 'payment_method': 'Credit Card', 'amount': 454.44, 'transaction_status': 'Completed', 'payment_date': 906.9884225306255}, {'payment_id': 3, 'order_id': 3, 'payment_method': 'Credit Card', 'amount': 26.14, 'transaction_status': 'Completed', 'payment_date': 968.2403914532979}, {'payment_id': 4, 'order_id': 4, 'payment_method': 'Credit Card', 'amount': 985.7, 'transaction_status': 'Completed', 'payment_date': 247.7984113319129}, {'payment_id': 5, 'order_id': 5, 'payment_method': 'Credit Card', 'amount': 733.32, 'transaction_status': 'Completed', 'payment_date': 506.5239063894484}, {'payment_id': 6, 'order_id': 6, 'payment_method': 'Credit Card', 'amount': 629.36, 'transaction_status': 'Completed', 'payment_date': 239.02639037775214}, {'payment_id': 7, 'order_id': 7, 'payment_method': 'Credit Card', 'amount': 461.51, 'transaction_status': 'Completed', 'payment_date': 593.511465244792}, {'payment_id': 8, 'order_id': 8, 'payment_method': 'Credit Card', 'amount': 464.73, 'transaction_status': 'Completed', 'payment_date': 429.0818349042822}  ... displaying 10 of 400 total bound parameter sets ...  {'payment_id': 399, 'order_id': 399, 'payment_method': 'Credit Card', 'amount': 984.3, 'transaction_status': 'Completed', 'payment_date': 669.958950453383}, {'payment_id': 400, 'order_id': 400, 'payment_method': 'Credit Card', 'amount': 230.6, 'transaction_status': 'Completed', 'payment_date': 627.0940666269806})]
(Background on this error at: https://sqlalche.me/e/14/f405)
[2025-08-25T16:06:26.799+0000] {taskinstance.py:1206} INFO - Marking task as FAILED. dag_id=daily_generate_orders, task_id=load_csv_to_postgres, run_id=manual__2025-08-25T16:06:17.267720+00:00, execution_date=20250825T160617, start_date=20250825T160621, end_date=20250825T160626
[2025-08-25T16:06:26.839+0000] {standard_task_runner.py:110} ERROR - Failed to execute job 552 for task load_csv_to_postgres ((psycopg2.errors.DatatypeMismatch) column "payment_date" is of type date but expression is of type numeric
LINE 1: ...VALUES (1, 1, 'Credit Card', 232.15, 'Completed', 272.662588...
                                                             ^
HINT:  You will need to rewrite or cast the expression.

[SQL: INSERT INTO payment (payment_id, order_id, payment_method, amount, transaction_status, payment_date) VALUES (%(payment_id)s, %(order_id)s, %(payment_method)s, %(amount)s, %(transaction_status)s, %(payment_date)s)]
[parameters: ({'payment_id': 1, 'order_id': 1, 'payment_method': 'Credit Card', 'amount': 232.15, 'transaction_status': 'Completed', 'payment_date': 272.6625885878419}, {'payment_id': 2, 'order_id': 2, 'payment_method': 'Credit Card', 'amount': 454.44, 'transaction_status': 'Completed', 'payment_date': 906.9884225306255}, {'payment_id': 3, 'order_id': 3, 'payment_method': 'Credit Card', 'amount': 26.14, 'transaction_status': 'Completed', 'payment_date': 968.2403914532979}, {'payment_id': 4, 'order_id': 4, 'payment_method': 'Credit Card', 'amount': 985.7, 'transaction_status': 'Completed', 'payment_date': 247.7984113319129}, {'payment_id': 5, 'order_id': 5, 'payment_method': 'Credit Card', 'amount': 733.32, 'transaction_status': 'Completed', 'payment_date': 506.5239063894484}, {'payment_id': 6, 'order_id': 6, 'payment_method': 'Credit Card', 'amount': 629.36, 'transaction_status': 'Completed', 'payment_date': 239.02639037775214}, {'payment_id': 7, 'order_id': 7, 'payment_method': 'Credit Card', 'amount': 461.51, 'transaction_status': 'Completed', 'payment_date': 593.511465244792}, {'payment_id': 8, 'order_id': 8, 'payment_method': 'Credit Card', 'amount': 464.73, 'transaction_status': 'Completed', 'payment_date': 429.0818349042822}  ... displaying 10 of 400 total bound parameter sets ...  {'payment_id': 399, 'order_id': 399, 'payment_method': 'Credit Card', 'amount': 984.3, 'transaction_status': 'Completed', 'payment_date': 669.958950453383}, {'payment_id': 400, 'order_id': 400, 'payment_method': 'Credit Card', 'amount': 230.6, 'transaction_status': 'Completed', 'payment_date': 627.0940666269806})]
(Background on this error at: https://sqlalche.me/e/14/f405); 891)
[2025-08-25T16:06:26.863+0000] {local_task_job_runner.py:243} INFO - Task exited with return code 1
[2025-08-25T16:06:26.903+0000] {taskinstance.py:3503} INFO - 0 downstream tasks scheduled from follow-on schedule check
[2025-08-25T16:06:26.907+0000] {local_task_job_runner.py:222} INFO - ::endgroup::
