[2025-09-04T12:00:01.499+0000] {local_task_job_runner.py:120} INFO - ::group::Pre task execution logs
[2025-09-04T12:00:01.586+0000] {taskinstance.py:2076} INFO - Dependencies all met for dep_context=non-requeueable deps ti=<TaskInstance: dbt_run_models.run_dbt_models scheduled__2025-09-04T11:00:00+00:00 [queued]>
[2025-09-04T12:00:01.612+0000] {taskinstance.py:2076} INFO - Dependencies all met for dep_context=requeueable deps ti=<TaskInstance: dbt_run_models.run_dbt_models scheduled__2025-09-04T11:00:00+00:00 [queued]>
[2025-09-04T12:00:01.613+0000] {taskinstance.py:2306} INFO - Starting attempt 1 of 2
[2025-09-04T12:00:01.657+0000] {taskinstance.py:2330} INFO - Executing <Task(BashOperator): run_dbt_models> on 2025-09-04 11:00:00+00:00
[2025-09-04T12:00:01.670+0000] {standard_task_runner.py:90} INFO - Running: ['airflow', 'tasks', 'run', 'dbt_run_models', 'run_dbt_models', 'scheduled__2025-09-04T11:00:00+00:00', '--job-id', '1003', '--raw', '--subdir', 'DAGS_FOLDER/dbt_dag.py', '--cfg-path', '/tmp/tmp2agn6naw']
[2025-09-04T12:00:01.669+0000] {warnings.py:112} WARNING - /home/airflow/.local/lib/python3.12/site-packages/airflow/task/task_runner/standard_task_runner.py:62: DeprecationWarning: This process (pid=446) is multi-threaded, use of fork() may lead to deadlocks in the child.
  pid = os.fork()

[2025-09-04T12:00:01.671+0000] {standard_task_runner.py:91} INFO - Job 1003: Subtask run_dbt_models
[2025-09-04T12:00:01.671+0000] {standard_task_runner.py:64} INFO - Started process 449 to run task
[2025-09-04T12:00:01.709+0000] {warnings.py:112} WARNING - /home/airflow/.local/lib/python3.12/site-packages/airflow/settings.py:195: DeprecationWarning: The sql_alchemy_conn option in [core] has been moved to the sql_alchemy_conn option in [database] - the old setting has been used, but please update your config.
  SQL_ALCHEMY_CONN = conf.get("database", "SQL_ALCHEMY_CONN")

[2025-09-04T12:00:01.780+0000] {task_command.py:426} INFO - Running <TaskInstance: dbt_run_models.run_dbt_models scheduled__2025-09-04T11:00:00+00:00 [running]> on host b5ea13053d47
[2025-09-04T12:00:01.957+0000] {taskinstance.py:2648} INFO - Exporting env vars: AIRFLOW_CTX_DAG_OWNER='airflow' AIRFLOW_CTX_DAG_ID='dbt_run_models' AIRFLOW_CTX_TASK_ID='run_dbt_models' AIRFLOW_CTX_EXECUTION_DATE='2025-09-04T11:00:00+00:00' AIRFLOW_CTX_TRY_NUMBER='1' AIRFLOW_CTX_DAG_RUN_ID='scheduled__2025-09-04T11:00:00+00:00'
[2025-09-04T12:00:01.958+0000] {taskinstance.py:430} INFO - ::endgroup::
[2025-09-04T12:00:01.979+0000] {subprocess.py:63} INFO - Tmp dir root location: /tmp
[2025-09-04T12:00:01.979+0000] {subprocess.py:75} INFO - Running command: ['/usr/bin/bash', '-c', '\n        cd /usr/app &&         dbt run --profiles-dir /usr/app\n        ']
[2025-09-04T12:00:01.998+0000] {subprocess.py:86} INFO - Output:
[2025-09-04T12:00:06.487+0000] {subprocess.py:93} INFO - [0m12:00:06  Running with dbt=1.7.9
[2025-09-04T12:00:07.182+0000] {subprocess.py:93} INFO - [0m12:00:07  Registered adapter: postgres=1.7.9
[2025-09-04T12:00:07.240+0000] {subprocess.py:93} INFO - [0m12:00:07  [[33mWARNING[0m]: Configuration paths exist in your dbt_project.yml file which do not apply to any resources.
[2025-09-04T12:00:07.241+0000] {subprocess.py:93} INFO - There are 1 unused configuration paths:
[2025-09-04T12:00:07.241+0000] {subprocess.py:93} INFO - - models.my_project.sources
[2025-09-04T12:00:07.271+0000] {subprocess.py:93} INFO - [0m12:00:07  Found 5 models, 7 sources, 0 exposures, 0 metrics, 401 macros, 0 groups, 0 semantic models
[2025-09-04T12:00:07.275+0000] {subprocess.py:93} INFO - [0m12:00:07
[2025-09-04T12:00:07.496+0000] {subprocess.py:93} INFO - [0m12:00:07  Concurrency: 4 threads (target='dev')
[2025-09-04T12:00:07.497+0000] {subprocess.py:93} INFO - [0m12:00:07
[2025-09-04T12:00:07.518+0000] {subprocess.py:93} INFO - [0m12:00:07  1 of 5 START sql view model analytics.stg_order_count_year ..................... [RUN]
[2025-09-04T12:00:07.520+0000] {subprocess.py:93} INFO - [0m12:00:07  2 of 5 START sql view model analytics.stg_order_details ........................ [RUN]
[2025-09-04T12:00:07.521+0000] {subprocess.py:93} INFO - [0m12:00:07  3 of 5 START sql view model analytics.stg_orders ............................... [RUN]
[2025-09-04T12:00:08.065+0000] {subprocess.py:93} INFO - [0m12:00:08  1 of 5 OK created sql view model analytics.stg_order_count_year ................ [[32mCREATE VIEW[0m in 0.54s]
[2025-09-04T12:00:08.074+0000] {subprocess.py:93} INFO - [0m12:00:08  4 of 5 START sql table model analytics.order_count_year ........................ [RUN]
[2025-09-04T12:00:08.086+0000] {subprocess.py:93} INFO - [0m12:00:08  3 of 5 OK created sql view model analytics.stg_orders .......................... [[32mCREATE VIEW[0m in 0.55s]
[2025-09-04T12:00:08.123+0000] {subprocess.py:93} INFO - [0m12:00:08  2 of 5 OK created sql view model analytics.stg_order_details ................... [[32mCREATE VIEW[0m in 0.60s]
[2025-09-04T12:00:08.163+0000] {subprocess.py:93} INFO - [0m12:00:08  5 of 5 START sql table model analytics.orders_summary .......................... [RUN]
[2025-09-04T12:00:08.303+0000] {subprocess.py:93} INFO - [0m12:00:08  4 of 5 OK created sql table model analytics.order_count_year ................... [[32mSELECT 3[0m in 0.23s]
[2025-09-04T12:00:08.426+0000] {subprocess.py:93} INFO - [0m12:00:08  5 of 5 OK created sql table model analytics.orders_summary ..................... [[32mSELECT 10000[0m in 0.26s]
[2025-09-04T12:00:08.449+0000] {subprocess.py:93} INFO - [0m12:00:08
[2025-09-04T12:00:08.450+0000] {subprocess.py:93} INFO - [0m12:00:08  Finished running 3 view models, 2 table models in 0 hours 0 minutes and 1.17 seconds (1.17s).
[2025-09-04T12:00:08.463+0000] {subprocess.py:93} INFO - [0m12:00:08
[2025-09-04T12:00:08.464+0000] {subprocess.py:93} INFO - [0m12:00:08  [32mCompleted successfully[0m
[2025-09-04T12:00:08.465+0000] {subprocess.py:93} INFO - [0m12:00:08
[2025-09-04T12:00:08.466+0000] {subprocess.py:93} INFO - [0m12:00:08  Done. PASS=5 WARN=0 ERROR=0 SKIP=0 TOTAL=5
[2025-09-04T12:00:18.874+0000] {subprocess.py:97} INFO - Command exited with return code 0
[2025-09-04T12:00:18.875+0000] {taskinstance.py:441} INFO - ::group::Post task execution logs
[2025-09-04T12:00:18.937+0000] {taskinstance.py:1206} INFO - Marking task as SUCCESS. dag_id=dbt_run_models, task_id=run_dbt_models, run_id=scheduled__2025-09-04T11:00:00+00:00, execution_date=20250904T110000, start_date=20250904T120001, end_date=20250904T120018
[2025-09-04T12:00:19.000+0000] {local_task_job_runner.py:243} INFO - Task exited with return code 0
[2025-09-04T12:00:19.032+0000] {taskinstance.py:3503} INFO - 1 downstream tasks scheduled from follow-on schedule check
[2025-09-04T12:00:19.036+0000] {local_task_job_runner.py:222} INFO - ::endgroup::
