[2025-09-05T04:00:00.902+0000] {local_task_job_runner.py:120} INFO - ::group::Pre task execution logs
[2025-09-05T04:00:00.962+0000] {taskinstance.py:2076} INFO - Dependencies all met for dep_context=non-requeueable deps ti=<TaskInstance: dbt_run_models.run_dbt_models scheduled__2025-09-05T03:00:00+00:00 [queued]>
[2025-09-05T04:00:00.984+0000] {taskinstance.py:2076} INFO - Dependencies all met for dep_context=requeueable deps ti=<TaskInstance: dbt_run_models.run_dbt_models scheduled__2025-09-05T03:00:00+00:00 [queued]>
[2025-09-05T04:00:00.985+0000] {taskinstance.py:2306} INFO - Starting attempt 1 of 2
[2025-09-05T04:00:01.016+0000] {taskinstance.py:2330} INFO - Executing <Task(BashOperator): run_dbt_models> on 2025-09-05 03:00:00+00:00
[2025-09-05T04:00:01.024+0000] {warnings.py:112} WARNING - /home/airflow/.local/lib/python3.12/site-packages/airflow/task/task_runner/standard_task_runner.py:62: DeprecationWarning: This process (pid=801) is multi-threaded, use of fork() may lead to deadlocks in the child.
  pid = os.fork()

[2025-09-05T04:00:01.025+0000] {standard_task_runner.py:64} INFO - Started process 802 to run task
[2025-09-05T04:00:01.029+0000] {standard_task_runner.py:90} INFO - Running: ['airflow', 'tasks', 'run', 'dbt_run_models', 'run_dbt_models', 'scheduled__2025-09-05T03:00:00+00:00', '--job-id', '1042', '--raw', '--subdir', 'DAGS_FOLDER/dbt_dag.py', '--cfg-path', '/tmp/tmphtuj27j3']
[2025-09-05T04:00:01.032+0000] {standard_task_runner.py:91} INFO - Job 1042: Subtask run_dbt_models
[2025-09-05T04:00:01.060+0000] {warnings.py:112} WARNING - /home/airflow/.local/lib/python3.12/site-packages/airflow/settings.py:195: DeprecationWarning: The sql_alchemy_conn option in [core] has been moved to the sql_alchemy_conn option in [database] - the old setting has been used, but please update your config.
  SQL_ALCHEMY_CONN = conf.get("database", "SQL_ALCHEMY_CONN")

[2025-09-05T04:00:01.154+0000] {task_command.py:426} INFO - Running <TaskInstance: dbt_run_models.run_dbt_models scheduled__2025-09-05T03:00:00+00:00 [running]> on host b5ea13053d47
[2025-09-05T04:00:01.333+0000] {taskinstance.py:2648} INFO - Exporting env vars: AIRFLOW_CTX_DAG_OWNER='airflow' AIRFLOW_CTX_DAG_ID='dbt_run_models' AIRFLOW_CTX_TASK_ID='run_dbt_models' AIRFLOW_CTX_EXECUTION_DATE='2025-09-05T03:00:00+00:00' AIRFLOW_CTX_TRY_NUMBER='1' AIRFLOW_CTX_DAG_RUN_ID='scheduled__2025-09-05T03:00:00+00:00'
[2025-09-05T04:00:01.334+0000] {taskinstance.py:430} INFO - ::endgroup::
[2025-09-05T04:00:01.352+0000] {subprocess.py:63} INFO - Tmp dir root location: /tmp
[2025-09-05T04:00:01.353+0000] {subprocess.py:75} INFO - Running command: ['/usr/bin/bash', '-c', '\n        cd /usr/app &&         dbt run --profiles-dir /usr/app\n        ']
[2025-09-05T04:00:01.369+0000] {subprocess.py:86} INFO - Output:
[2025-09-05T04:00:04.870+0000] {subprocess.py:93} INFO - [0m04:00:04  Running with dbt=1.7.9
[2025-09-05T04:00:05.517+0000] {subprocess.py:93} INFO - [0m04:00:05  Registered adapter: postgres=1.7.9
[2025-09-05T04:00:05.575+0000] {subprocess.py:93} INFO - [0m04:00:05  [[33mWARNING[0m]: Configuration paths exist in your dbt_project.yml file which do not apply to any resources.
[2025-09-05T04:00:05.576+0000] {subprocess.py:93} INFO - There are 1 unused configuration paths:
[2025-09-05T04:00:05.576+0000] {subprocess.py:93} INFO - - models.my_project.sources
[2025-09-05T04:00:05.607+0000] {subprocess.py:93} INFO - [0m04:00:05  Found 7 models, 7 sources, 0 exposures, 0 metrics, 401 macros, 0 groups, 0 semantic models
[2025-09-05T04:00:05.612+0000] {subprocess.py:93} INFO - [0m04:00:05
[2025-09-05T04:00:05.825+0000] {subprocess.py:93} INFO - [0m04:00:05  Concurrency: 4 threads (target='dev')
[2025-09-05T04:00:05.828+0000] {subprocess.py:93} INFO - [0m04:00:05
[2025-09-05T04:00:05.869+0000] {subprocess.py:93} INFO - [0m04:00:05  1 of 7 START sql view model analytics.stg_AOV .................................. [RUN]
[2025-09-05T04:00:05.878+0000] {subprocess.py:93} INFO - [0m04:00:05  2 of 7 START sql view model analytics.stg_order_count_year ..................... [RUN]
[2025-09-05T04:00:05.884+0000] {subprocess.py:93} INFO - [0m04:00:05  3 of 7 START sql view model analytics.stg_order_details ........................ [RUN]
[2025-09-05T04:00:05.888+0000] {subprocess.py:93} INFO - [0m04:00:05  4 of 7 START sql view model analytics.stg_orders ............................... [RUN]
[2025-09-05T04:00:06.656+0000] {subprocess.py:93} INFO - [0m04:00:06  4 of 7 OK created sql view model analytics.stg_orders .......................... [[32mCREATE VIEW[0m in 0.74s]
[2025-09-05T04:00:06.667+0000] {subprocess.py:93} INFO - [0m04:00:06  3 of 7 OK created sql view model analytics.stg_order_details ................... [[32mCREATE VIEW[0m in 0.75s]
[2025-09-05T04:00:06.691+0000] {subprocess.py:93} INFO - [0m04:00:06  2 of 7 OK created sql view model analytics.stg_order_count_year ................ [[32mCREATE VIEW[0m in 0.79s]
[2025-09-05T04:00:06.694+0000] {subprocess.py:93} INFO - [0m04:00:06  1 of 7 OK created sql view model analytics.stg_AOV ............................. [[32mCREATE VIEW[0m in 0.81s]
[2025-09-05T04:00:06.700+0000] {subprocess.py:93} INFO - [0m04:00:06  5 of 7 START sql table model analytics.orders_summary .......................... [RUN]
[2025-09-05T04:00:06.709+0000] {subprocess.py:93} INFO - [0m04:00:06  6 of 7 START sql table model analytics.order_count_year ........................ [RUN]
[2025-09-05T04:00:06.717+0000] {subprocess.py:93} INFO - [0m04:00:06  7 of 7 START sql table model analytics.AOV_chek ................................ [RUN]
[2025-09-05T04:00:07.203+0000] {subprocess.py:93} INFO - [0m04:00:07  6 of 7 OK created sql table model analytics.order_count_year ................... [[32mSELECT 3[0m in 0.49s]
[2025-09-05T04:00:07.212+0000] {subprocess.py:93} INFO - [0m04:00:07  5 of 7 OK created sql table model analytics.orders_summary ..................... [[32mSELECT 10000[0m in 0.50s]
[2025-09-05T04:00:07.213+0000] {subprocess.py:93} INFO - [0m04:00:07  7 of 7 OK created sql table model analytics.AOV_chek ........................... [[32mSELECT 50[0m in 0.47s]
[2025-09-05T04:00:07.250+0000] {subprocess.py:93} INFO - [0m04:00:07
[2025-09-05T04:00:07.253+0000] {subprocess.py:93} INFO - [0m04:00:07  Finished running 4 view models, 3 table models in 0 hours 0 minutes and 1.64 seconds (1.64s).
[2025-09-05T04:00:07.275+0000] {subprocess.py:93} INFO - [0m04:00:07
[2025-09-05T04:00:07.276+0000] {subprocess.py:93} INFO - [0m04:00:07  [32mCompleted successfully[0m
[2025-09-05T04:00:07.277+0000] {subprocess.py:93} INFO - [0m04:00:07
[2025-09-05T04:00:07.279+0000] {subprocess.py:93} INFO - [0m04:00:07  Done. PASS=7 WARN=0 ERROR=0 SKIP=0 TOTAL=7
[2025-09-05T04:00:17.823+0000] {subprocess.py:97} INFO - Command exited with return code 0
[2025-09-05T04:00:17.824+0000] {taskinstance.py:441} INFO - ::group::Post task execution logs
[2025-09-05T04:00:17.879+0000] {taskinstance.py:1206} INFO - Marking task as SUCCESS. dag_id=dbt_run_models, task_id=run_dbt_models, run_id=scheduled__2025-09-05T03:00:00+00:00, execution_date=20250905T030000, start_date=20250905T040000, end_date=20250905T040017
[2025-09-05T04:00:17.917+0000] {local_task_job_runner.py:243} INFO - Task exited with return code 0
[2025-09-05T04:00:17.955+0000] {taskinstance.py:3503} INFO - 1 downstream tasks scheduled from follow-on schedule check
[2025-09-05T04:00:18.000+0000] {local_task_job_runner.py:222} INFO - ::endgroup::
