[2025-09-05T17:00:02.270+0000] {local_task_job_runner.py:120} INFO - ::group::Pre task execution logs
[2025-09-05T17:00:02.377+0000] {taskinstance.py:2076} INFO - Dependencies all met for dep_context=non-requeueable deps ti=<TaskInstance: dbt_run_models.run_dbt_models scheduled__2025-09-05T16:00:00+00:00 [queued]>
[2025-09-05T17:00:02.425+0000] {taskinstance.py:2076} INFO - Dependencies all met for dep_context=requeueable deps ti=<TaskInstance: dbt_run_models.run_dbt_models scheduled__2025-09-05T16:00:00+00:00 [queued]>
[2025-09-05T17:00:02.429+0000] {taskinstance.py:2306} INFO - Starting attempt 1 of 2
[2025-09-05T17:00:02.509+0000] {taskinstance.py:2330} INFO - Executing <Task(BashOperator): run_dbt_models> on 2025-09-05 16:00:00+00:00
[2025-09-05T17:00:02.524+0000] {warnings.py:112} WARNING - /home/airflow/.local/lib/python3.12/site-packages/airflow/task/task_runner/standard_task_runner.py:62: DeprecationWarning: This process (pid=1060) is multi-threaded, use of fork() may lead to deadlocks in the child.
  pid = os.fork()

[2025-09-05T17:00:02.526+0000] {standard_task_runner.py:64} INFO - Started process 1061 to run task
[2025-09-05T17:00:02.533+0000] {standard_task_runner.py:90} INFO - Running: ['airflow', 'tasks', 'run', 'dbt_run_models', 'run_dbt_models', 'scheduled__2025-09-05T16:00:00+00:00', '--job-id', '1072', '--raw', '--subdir', 'DAGS_FOLDER/dbt_dag.py', '--cfg-path', '/tmp/tmp34zda420']
[2025-09-05T17:00:02.535+0000] {standard_task_runner.py:91} INFO - Job 1072: Subtask run_dbt_models
[2025-09-05T17:00:02.568+0000] {warnings.py:112} WARNING - /home/airflow/.local/lib/python3.12/site-packages/airflow/settings.py:195: DeprecationWarning: The sql_alchemy_conn option in [core] has been moved to the sql_alchemy_conn option in [database] - the old setting has been used, but please update your config.
  SQL_ALCHEMY_CONN = conf.get("database", "SQL_ALCHEMY_CONN")

[2025-09-05T17:00:02.706+0000] {task_command.py:426} INFO - Running <TaskInstance: dbt_run_models.run_dbt_models scheduled__2025-09-05T16:00:00+00:00 [running]> on host b5ea13053d47
[2025-09-05T17:00:03.114+0000] {taskinstance.py:2648} INFO - Exporting env vars: AIRFLOW_CTX_DAG_OWNER='airflow' AIRFLOW_CTX_DAG_ID='dbt_run_models' AIRFLOW_CTX_TASK_ID='run_dbt_models' AIRFLOW_CTX_EXECUTION_DATE='2025-09-05T16:00:00+00:00' AIRFLOW_CTX_TRY_NUMBER='1' AIRFLOW_CTX_DAG_RUN_ID='scheduled__2025-09-05T16:00:00+00:00'
[2025-09-05T17:00:03.119+0000] {taskinstance.py:430} INFO - ::endgroup::
[2025-09-05T17:00:03.184+0000] {subprocess.py:63} INFO - Tmp dir root location: /tmp
[2025-09-05T17:00:03.188+0000] {subprocess.py:75} INFO - Running command: ['/usr/bin/bash', '-c', '\n        cd /usr/app &&         dbt run --profiles-dir /usr/app\n        ']
[2025-09-05T17:00:03.216+0000] {subprocess.py:86} INFO - Output:
[2025-09-05T17:00:08.082+0000] {subprocess.py:93} INFO - [0m17:00:08  Running with dbt=1.7.9
[2025-09-05T17:00:08.546+0000] {subprocess.py:93} INFO - [0m17:00:08  Registered adapter: postgres=1.7.9
[2025-09-05T17:00:08.594+0000] {subprocess.py:93} INFO - [0m17:00:08  [[33mWARNING[0m]: Configuration paths exist in your dbt_project.yml file which do not apply to any resources.
[2025-09-05T17:00:08.596+0000] {subprocess.py:93} INFO - There are 1 unused configuration paths:
[2025-09-05T17:00:08.597+0000] {subprocess.py:93} INFO - - models.my_project.sources
[2025-09-05T17:00:08.620+0000] {subprocess.py:93} INFO - [0m17:00:08  Found 7 models, 7 sources, 0 exposures, 0 metrics, 401 macros, 0 groups, 0 semantic models
[2025-09-05T17:00:08.623+0000] {subprocess.py:93} INFO - [0m17:00:08
[2025-09-05T17:00:08.865+0000] {subprocess.py:93} INFO - [0m17:00:08  Concurrency: 4 threads (target='dev')
[2025-09-05T17:00:08.865+0000] {subprocess.py:93} INFO - [0m17:00:08
[2025-09-05T17:00:08.887+0000] {subprocess.py:93} INFO - [0m17:00:08  1 of 7 START sql view model analytics.stg_AOV .................................. [RUN]
[2025-09-05T17:00:08.901+0000] {subprocess.py:93} INFO - [0m17:00:08  2 of 7 START sql view model analytics.stg_order_count_year ..................... [RUN]
[2025-09-05T17:00:08.918+0000] {subprocess.py:93} INFO - [0m17:00:08  3 of 7 START sql view model analytics.stg_order_details ........................ [RUN]
[2025-09-05T17:00:08.918+0000] {subprocess.py:93} INFO - [0m17:00:08  4 of 7 START sql view model analytics.stg_orders ............................... [RUN]
[2025-09-05T17:00:09.815+0000] {subprocess.py:93} INFO - [0m17:00:09  2 of 7 OK created sql view model analytics.stg_order_count_year ................ [[32mCREATE VIEW[0m in 0.89s]
[2025-09-05T17:00:09.820+0000] {subprocess.py:93} INFO - [0m17:00:09  4 of 7 OK created sql view model analytics.stg_orders .......................... [[32mCREATE VIEW[0m in 0.89s]
[2025-09-05T17:00:09.823+0000] {subprocess.py:93} INFO - [0m17:00:09  3 of 7 OK created sql view model analytics.stg_order_details ................... [[32mCREATE VIEW[0m in 0.89s]
[2025-09-05T17:00:09.833+0000] {subprocess.py:93} INFO - [0m17:00:09  1 of 7 OK created sql view model analytics.stg_AOV ............................. [[32mCREATE VIEW[0m in 0.93s]
[2025-09-05T17:00:09.845+0000] {subprocess.py:93} INFO - [0m17:00:09  5 of 7 START sql table model analytics.order_count_year ........................ [RUN]
[2025-09-05T17:00:09.848+0000] {subprocess.py:93} INFO - [0m17:00:09  6 of 7 START sql table model analytics.orders_summary .......................... [RUN]
[2025-09-05T17:00:09.860+0000] {subprocess.py:93} INFO - [0m17:00:09  7 of 7 START sql table model analytics.AOV_chek ................................ [RUN]
[2025-09-05T17:00:10.365+0000] {subprocess.py:93} INFO - [0m17:00:10  5 of 7 OK created sql table model analytics.order_count_year ................... [[32mSELECT 3[0m in 0.51s]
[2025-09-05T17:00:10.392+0000] {subprocess.py:93} INFO - [0m17:00:10  7 of 7 OK created sql table model analytics.AOV_chek ........................... [[32mSELECT 50[0m in 0.51s]
[2025-09-05T17:00:10.402+0000] {subprocess.py:93} INFO - [0m17:00:10  6 of 7 OK created sql table model analytics.orders_summary ..................... [[32mSELECT 10000[0m in 0.54s]
[2025-09-05T17:00:10.442+0000] {subprocess.py:93} INFO - [0m17:00:10
[2025-09-05T17:00:10.443+0000] {subprocess.py:93} INFO - [0m17:00:10  Finished running 4 view models, 3 table models in 0 hours 0 minutes and 1.82 seconds (1.82s).
[2025-09-05T17:00:10.480+0000] {subprocess.py:93} INFO - [0m17:00:10
[2025-09-05T17:00:10.482+0000] {subprocess.py:93} INFO - [0m17:00:10  [32mCompleted successfully[0m
[2025-09-05T17:00:10.483+0000] {subprocess.py:93} INFO - [0m17:00:10
[2025-09-05T17:00:10.485+0000] {subprocess.py:93} INFO - [0m17:00:10  Done. PASS=7 WARN=0 ERROR=0 SKIP=0 TOTAL=7
[2025-09-05T17:00:20.919+0000] {subprocess.py:97} INFO - Command exited with return code 0
[2025-09-05T17:00:20.920+0000] {taskinstance.py:441} INFO - ::group::Post task execution logs
[2025-09-05T17:00:20.974+0000] {taskinstance.py:1206} INFO - Marking task as SUCCESS. dag_id=dbt_run_models, task_id=run_dbt_models, run_id=scheduled__2025-09-05T16:00:00+00:00, execution_date=20250905T160000, start_date=20250905T170002, end_date=20250905T170020
[2025-09-05T17:00:21.025+0000] {local_task_job_runner.py:243} INFO - Task exited with return code 0
[2025-09-05T17:00:21.080+0000] {taskinstance.py:3503} INFO - 1 downstream tasks scheduled from follow-on schedule check
[2025-09-05T17:00:21.083+0000] {local_task_job_runner.py:222} INFO - ::endgroup::
