[2025-09-04T07:00:01.721+0000] {local_task_job_runner.py:120} INFO - ::group::Pre task execution logs
[2025-09-04T07:00:01.778+0000] {taskinstance.py:2076} INFO - Dependencies all met for dep_context=non-requeueable deps ti=<TaskInstance: dbt_run_models.run_dbt_models scheduled__2025-09-04T06:00:00+00:00 [queued]>
[2025-09-04T07:00:01.800+0000] {taskinstance.py:2076} INFO - Dependencies all met for dep_context=requeueable deps ti=<TaskInstance: dbt_run_models.run_dbt_models scheduled__2025-09-04T06:00:00+00:00 [queued]>
[2025-09-04T07:00:01.800+0000] {taskinstance.py:2306} INFO - Starting attempt 1 of 2
[2025-09-04T07:00:01.840+0000] {taskinstance.py:2330} INFO - Executing <Task(BashOperator): run_dbt_models> on 2025-09-04 06:00:00+00:00
[2025-09-04T07:00:01.852+0000] {warnings.py:112} WARNING - /home/airflow/.local/lib/python3.12/site-packages/airflow/task/task_runner/standard_task_runner.py:62: DeprecationWarning: This process (pid=348) is multi-threaded, use of fork() may lead to deadlocks in the child.
  pid = os.fork()

[2025-09-04T07:00:01.853+0000] {standard_task_runner.py:90} INFO - Running: ['airflow', 'tasks', 'run', 'dbt_run_models', 'run_dbt_models', 'scheduled__2025-09-04T06:00:00+00:00', '--job-id', '992', '--raw', '--subdir', 'DAGS_FOLDER/dbt_dag.py', '--cfg-path', '/tmp/tmp5zb5pumb']
[2025-09-04T07:00:01.854+0000] {standard_task_runner.py:64} INFO - Started process 349 to run task
[2025-09-04T07:00:01.854+0000] {standard_task_runner.py:91} INFO - Job 992: Subtask run_dbt_models
[2025-09-04T07:00:01.889+0000] {warnings.py:112} WARNING - /home/airflow/.local/lib/python3.12/site-packages/airflow/settings.py:195: DeprecationWarning: The sql_alchemy_conn option in [core] has been moved to the sql_alchemy_conn option in [database] - the old setting has been used, but please update your config.
  SQL_ALCHEMY_CONN = conf.get("database", "SQL_ALCHEMY_CONN")

[2025-09-04T07:00:01.969+0000] {task_command.py:426} INFO - Running <TaskInstance: dbt_run_models.run_dbt_models scheduled__2025-09-04T06:00:00+00:00 [running]> on host b5ea13053d47
[2025-09-04T07:00:02.195+0000] {taskinstance.py:2648} INFO - Exporting env vars: AIRFLOW_CTX_DAG_OWNER='airflow' AIRFLOW_CTX_DAG_ID='dbt_run_models' AIRFLOW_CTX_TASK_ID='run_dbt_models' AIRFLOW_CTX_EXECUTION_DATE='2025-09-04T06:00:00+00:00' AIRFLOW_CTX_TRY_NUMBER='1' AIRFLOW_CTX_DAG_RUN_ID='scheduled__2025-09-04T06:00:00+00:00'
[2025-09-04T07:00:02.196+0000] {taskinstance.py:430} INFO - ::endgroup::
[2025-09-04T07:00:02.210+0000] {subprocess.py:63} INFO - Tmp dir root location: /tmp
[2025-09-04T07:00:02.211+0000] {subprocess.py:75} INFO - Running command: ['/usr/bin/bash', '-c', '\n        cd /usr/app &&         dbt run --profiles-dir /usr/app\n        ']
[2025-09-04T07:00:02.222+0000] {subprocess.py:86} INFO - Output:
[2025-09-04T07:00:07.653+0000] {subprocess.py:93} INFO - [0m07:00:07  Running with dbt=1.7.9
[2025-09-04T07:00:08.454+0000] {subprocess.py:93} INFO - [0m07:00:08  Registered adapter: postgres=1.7.9
[2025-09-04T07:00:08.566+0000] {subprocess.py:93} INFO - [0m07:00:08  [[33mWARNING[0m]: Configuration paths exist in your dbt_project.yml file which do not apply to any resources.
[2025-09-04T07:00:08.567+0000] {subprocess.py:93} INFO - There are 1 unused configuration paths:
[2025-09-04T07:00:08.568+0000] {subprocess.py:93} INFO - - models.my_project.sources
[2025-09-04T07:00:08.620+0000] {subprocess.py:93} INFO - [0m07:00:08  Found 5 models, 7 sources, 0 exposures, 0 metrics, 401 macros, 0 groups, 0 semantic models
[2025-09-04T07:00:08.628+0000] {subprocess.py:93} INFO - [0m07:00:08
[2025-09-04T07:00:09.081+0000] {subprocess.py:93} INFO - [0m07:00:09  Concurrency: 4 threads (target='dev')
[2025-09-04T07:00:09.084+0000] {subprocess.py:93} INFO - [0m07:00:09
[2025-09-04T07:00:09.143+0000] {subprocess.py:93} INFO - [0m07:00:09  1 of 5 START sql view model analytics.stg_order_count_year ..................... [RUN]
[2025-09-04T07:00:09.152+0000] {subprocess.py:93} INFO - [0m07:00:09  2 of 5 START sql view model analytics.stg_order_details ........................ [RUN]
[2025-09-04T07:00:09.161+0000] {subprocess.py:93} INFO - [0m07:00:09  3 of 5 START sql view model analytics.stg_orders ............................... [RUN]
[2025-09-04T07:00:10.627+0000] {subprocess.py:93} INFO - [0m07:00:10  3 of 5 OK created sql view model analytics.stg_orders .......................... [[32mCREATE VIEW[0m in 1.44s]
[2025-09-04T07:00:10.641+0000] {subprocess.py:93} INFO - [0m07:00:10  2 of 5 OK created sql view model analytics.stg_order_details ................... [[32mCREATE VIEW[0m in 1.47s]
[2025-09-04T07:00:10.654+0000] {subprocess.py:93} INFO - [0m07:00:10  1 of 5 OK created sql view model analytics.stg_order_count_year ................ [[32mCREATE VIEW[0m in 1.48s]
[2025-09-04T07:00:10.674+0000] {subprocess.py:93} INFO - [0m07:00:10  4 of 5 START sql table model analytics.orders_summary .......................... [RUN]
[2025-09-04T07:00:10.701+0000] {subprocess.py:93} INFO - [0m07:00:10  5 of 5 START sql table model analytics.order_count_year ........................ [RUN]
[2025-09-04T07:00:11.330+0000] {subprocess.py:93} INFO - [0m07:00:11  5 of 5 OK created sql table model analytics.order_count_year ................... [[32mSELECT 3[0m in 0.61s]
[2025-09-04T07:00:11.403+0000] {subprocess.py:93} INFO - [0m07:00:11  4 of 5 OK created sql table model analytics.orders_summary ..................... [[32mSELECT 10000[0m in 0.72s]
[2025-09-04T07:00:11.466+0000] {subprocess.py:93} INFO - [0m07:00:11
[2025-09-04T07:00:11.472+0000] {subprocess.py:93} INFO - [0m07:00:11  Finished running 3 view models, 2 table models in 0 hours 0 minutes and 2.84 seconds (2.84s).
[2025-09-04T07:00:11.529+0000] {subprocess.py:93} INFO - [0m07:00:11
[2025-09-04T07:00:11.531+0000] {subprocess.py:93} INFO - [0m07:00:11  [32mCompleted successfully[0m
[2025-09-04T07:00:11.534+0000] {subprocess.py:93} INFO - [0m07:00:11
[2025-09-04T07:00:11.536+0000] {subprocess.py:93} INFO - [0m07:00:11  Done. PASS=5 WARN=0 ERROR=0 SKIP=0 TOTAL=5
[2025-09-04T07:00:21.952+0000] {subprocess.py:97} INFO - Command exited with return code 0
[2025-09-04T07:00:21.954+0000] {taskinstance.py:441} INFO - ::group::Post task execution logs
[2025-09-04T07:00:22.014+0000] {taskinstance.py:1206} INFO - Marking task as SUCCESS. dag_id=dbt_run_models, task_id=run_dbt_models, run_id=scheduled__2025-09-04T06:00:00+00:00, execution_date=20250904T060000, start_date=20250904T070001, end_date=20250904T070022
[2025-09-04T07:00:22.088+0000] {local_task_job_runner.py:243} INFO - Task exited with return code 0
[2025-09-04T07:00:22.115+0000] {taskinstance.py:3503} INFO - 1 downstream tasks scheduled from follow-on schedule check
[2025-09-04T07:00:22.124+0000] {local_task_job_runner.py:222} INFO - ::endgroup::
