[2025-09-01T00:00:02.468+0000] {local_task_job_runner.py:120} INFO - ::group::Pre task execution logs
[2025-09-01T00:00:02.540+0000] {taskinstance.py:2076} INFO - Dependencies all met for dep_context=non-requeueable deps ti=<TaskInstance: dbt_run_models.run_dbt_models scheduled__2025-08-31T21:00:00+00:00 [queued]>
[2025-09-01T00:00:02.554+0000] {taskinstance.py:2076} INFO - Dependencies all met for dep_context=requeueable deps ti=<TaskInstance: dbt_run_models.run_dbt_models scheduled__2025-08-31T21:00:00+00:00 [queued]>
[2025-09-01T00:00:02.554+0000] {taskinstance.py:2306} INFO - Starting attempt 1 of 2
[2025-09-01T00:00:02.593+0000] {taskinstance.py:2330} INFO - Executing <Task(BashOperator): run_dbt_models> on 2025-08-31 21:00:00+00:00
[2025-09-01T00:00:02.604+0000] {warnings.py:112} WARNING - /home/airflow/.local/lib/python3.12/site-packages/airflow/task/task_runner/standard_task_runner.py:62: DeprecationWarning: This process (pid=2554) is multi-threaded, use of fork() may lead to deadlocks in the child.
  pid = os.fork()

[2025-09-01T00:00:02.605+0000] {standard_task_runner.py:64} INFO - Started process 2559 to run task
[2025-09-01T00:00:02.610+0000] {standard_task_runner.py:90} INFO - Running: ['airflow', 'tasks', 'run', 'dbt_run_models', 'run_dbt_models', 'scheduled__2025-08-31T21:00:00+00:00', '--job-id', '868', '--raw', '--subdir', 'DAGS_FOLDER/dbt_dag.py', '--cfg-path', '/tmp/tmpuah1gp_v']
[2025-09-01T00:00:02.611+0000] {standard_task_runner.py:91} INFO - Job 868: Subtask run_dbt_models
[2025-09-01T00:00:02.634+0000] {warnings.py:112} WARNING - /home/airflow/.local/lib/python3.12/site-packages/airflow/settings.py:195: DeprecationWarning: The sql_alchemy_conn option in [core] has been moved to the sql_alchemy_conn option in [database] - the old setting has been used, but please update your config.
  SQL_ALCHEMY_CONN = conf.get("database", "SQL_ALCHEMY_CONN")

[2025-09-01T00:00:02.696+0000] {task_command.py:426} INFO - Running <TaskInstance: dbt_run_models.run_dbt_models scheduled__2025-08-31T21:00:00+00:00 [running]> on host b5ea13053d47
[2025-09-01T00:00:02.884+0000] {taskinstance.py:2648} INFO - Exporting env vars: AIRFLOW_CTX_DAG_OWNER='airflow' AIRFLOW_CTX_DAG_ID='dbt_run_models' AIRFLOW_CTX_TASK_ID='run_dbt_models' AIRFLOW_CTX_EXECUTION_DATE='2025-08-31T21:00:00+00:00' AIRFLOW_CTX_TRY_NUMBER='1' AIRFLOW_CTX_DAG_RUN_ID='scheduled__2025-08-31T21:00:00+00:00'
[2025-09-01T00:00:02.885+0000] {taskinstance.py:430} INFO - ::endgroup::
[2025-09-01T00:00:02.913+0000] {subprocess.py:63} INFO - Tmp dir root location: /tmp
[2025-09-01T00:00:02.914+0000] {subprocess.py:75} INFO - Running command: ['/usr/bin/bash', '-c', '\n        cd /usr/app &&         dbt run --profiles-dir /usr/app\n        ']
[2025-09-01T00:00:02.938+0000] {subprocess.py:86} INFO - Output:
[2025-09-01T00:00:09.439+0000] {subprocess.py:93} INFO - [0m00:00:09  Running with dbt=1.7.9
[2025-09-01T00:00:09.938+0000] {subprocess.py:93} INFO - [0m00:00:09  Registered adapter: postgres=1.7.9
[2025-09-01T00:00:09.994+0000] {subprocess.py:93} INFO - [0m00:00:09  [[33mWARNING[0m]: Configuration paths exist in your dbt_project.yml file which do not apply to any resources.
[2025-09-01T00:00:09.995+0000] {subprocess.py:93} INFO - There are 1 unused configuration paths:
[2025-09-01T00:00:09.995+0000] {subprocess.py:93} INFO - - models.my_project.sources
[2025-09-01T00:00:10.025+0000] {subprocess.py:93} INFO - [0m00:00:10  Found 3 models, 7 sources, 0 exposures, 0 metrics, 401 macros, 0 groups, 0 semantic models
[2025-09-01T00:00:10.031+0000] {subprocess.py:93} INFO - [0m00:00:10
[2025-09-01T00:00:10.275+0000] {subprocess.py:93} INFO - [0m00:00:10  Concurrency: 4 threads (target='dev')
[2025-09-01T00:00:10.277+0000] {subprocess.py:93} INFO - [0m00:00:10
[2025-09-01T00:00:10.313+0000] {subprocess.py:93} INFO - [0m00:00:10  1 of 3 START sql view model analytics.stg_order_details ........................ [RUN]
[2025-09-01T00:00:10.319+0000] {subprocess.py:93} INFO - [0m00:00:10  2 of 3 START sql view model analytics.stg_orders ............................... [RUN]
[2025-09-01T00:00:10.712+0000] {subprocess.py:93} INFO - [0m00:00:10  2 of 3 OK created sql view model analytics.stg_orders .......................... [[32mCREATE VIEW[0m in 0.39s]
[2025-09-01T00:00:10.725+0000] {subprocess.py:93} INFO - [0m00:00:10  1 of 3 OK created sql view model analytics.stg_order_details ................... [[32mCREATE VIEW[0m in 0.41s]
[2025-09-01T00:00:10.728+0000] {subprocess.py:93} INFO - [0m00:00:10  3 of 3 START sql table model analytics.orders_summary .......................... [RUN]
[2025-09-01T00:00:10.861+0000] {subprocess.py:93} INFO - [0m00:00:10  3 of 3 OK created sql table model analytics.orders_summary ..................... [[32mSELECT 10000[0m in 0.13s]
[2025-09-01T00:00:10.902+0000] {subprocess.py:93} INFO - [0m00:00:10
[2025-09-01T00:00:10.904+0000] {subprocess.py:93} INFO - [0m00:00:10  Finished running 2 view models, 1 table model in 0 hours 0 minutes and 0.87 seconds (0.87s).
[2025-09-01T00:00:10.941+0000] {subprocess.py:93} INFO - [0m00:00:10
[2025-09-01T00:00:10.942+0000] {subprocess.py:93} INFO - [0m00:00:10  [32mCompleted successfully[0m
[2025-09-01T00:00:10.944+0000] {subprocess.py:93} INFO - [0m00:00:10
[2025-09-01T00:00:10.946+0000] {subprocess.py:93} INFO - [0m00:00:10  Done. PASS=3 WARN=0 ERROR=0 SKIP=0 TOTAL=3
[2025-09-01T00:00:12.123+0000] {subprocess.py:97} INFO - Command exited with return code 0
[2025-09-01T00:00:12.124+0000] {taskinstance.py:441} INFO - ::group::Post task execution logs
[2025-09-01T00:00:13.083+0000] {taskinstance.py:1206} INFO - Marking task as SUCCESS. dag_id=dbt_run_models, task_id=run_dbt_models, run_id=scheduled__2025-08-31T21:00:00+00:00, execution_date=20250831T210000, start_date=20250901T000002, end_date=20250901T000013
[2025-09-01T00:00:13.181+0000] {local_task_job_runner.py:243} INFO - Task exited with return code 0
[2025-09-01T00:00:13.277+0000] {taskinstance.py:3503} INFO - 1 downstream tasks scheduled from follow-on schedule check
[2025-09-01T00:00:13.284+0000] {local_task_job_runner.py:222} INFO - ::endgroup::
