[2025-08-26T06:00:02.414+0000] {local_task_job_runner.py:120} INFO - ::group::Pre task execution logs
[2025-08-26T06:00:02.500+0000] {taskinstance.py:2076} INFO - Dependencies all met for dep_context=non-requeueable deps ti=<TaskInstance: dbt_run_models.run_dbt_models scheduled__2025-08-26T03:00:00+00:00 [queued]>
[2025-08-26T06:00:02.534+0000] {taskinstance.py:2076} INFO - Dependencies all met for dep_context=requeueable deps ti=<TaskInstance: dbt_run_models.run_dbt_models scheduled__2025-08-26T03:00:00+00:00 [queued]>
[2025-08-26T06:00:02.537+0000] {taskinstance.py:2306} INFO - Starting attempt 1 of 2
[2025-08-26T06:00:02.582+0000] {taskinstance.py:2330} INFO - Executing <Task(BashOperator): run_dbt_models> on 2025-08-26 03:00:00+00:00
[2025-08-26T06:00:02.599+0000] {standard_task_runner.py:90} INFO - Running: ['airflow', 'tasks', 'run', 'dbt_run_models', 'run_dbt_models', 'scheduled__2025-08-26T03:00:00+00:00', '--job-id', '577', '--raw', '--subdir', 'DAGS_FOLDER/dbt_dag.py', '--cfg-path', '/tmp/tmp626wz4rf']
[2025-08-26T06:00:02.602+0000] {standard_task_runner.py:91} INFO - Job 577: Subtask run_dbt_models
[2025-08-26T06:00:02.622+0000] {warnings.py:112} WARNING - /home/airflow/.local/lib/python3.12/site-packages/airflow/task/task_runner/standard_task_runner.py:62: DeprecationWarning: This process (pid=993) is multi-threaded, use of fork() may lead to deadlocks in the child.
  pid = os.fork()

[2025-08-26T06:00:02.623+0000] {standard_task_runner.py:64} INFO - Started process 997 to run task
[2025-08-26T06:00:02.642+0000] {warnings.py:112} WARNING - /home/airflow/.local/lib/python3.12/site-packages/airflow/settings.py:195: DeprecationWarning: The sql_alchemy_conn option in [core] has been moved to the sql_alchemy_conn option in [database] - the old setting has been used, but please update your config.
  SQL_ALCHEMY_CONN = conf.get("database", "SQL_ALCHEMY_CONN")

[2025-08-26T06:00:02.749+0000] {task_command.py:426} INFO - Running <TaskInstance: dbt_run_models.run_dbt_models scheduled__2025-08-26T03:00:00+00:00 [running]> on host b5ea13053d47
[2025-08-26T06:00:02.915+0000] {taskinstance.py:2648} INFO - Exporting env vars: AIRFLOW_CTX_DAG_OWNER='airflow' AIRFLOW_CTX_DAG_ID='dbt_run_models' AIRFLOW_CTX_TASK_ID='run_dbt_models' AIRFLOW_CTX_EXECUTION_DATE='2025-08-26T03:00:00+00:00' AIRFLOW_CTX_TRY_NUMBER='1' AIRFLOW_CTX_DAG_RUN_ID='scheduled__2025-08-26T03:00:00+00:00'
[2025-08-26T06:00:02.916+0000] {taskinstance.py:430} INFO - ::endgroup::
[2025-08-26T06:00:02.967+0000] {subprocess.py:63} INFO - Tmp dir root location: /tmp
[2025-08-26T06:00:02.968+0000] {subprocess.py:75} INFO - Running command: ['/usr/bin/bash', '-c', '\n        cd /usr/app &&         dbt run --profiles-dir /usr/app\n        ']
[2025-08-26T06:00:03.022+0000] {subprocess.py:86} INFO - Output:
[2025-08-26T06:00:10.050+0000] {subprocess.py:93} INFO - [0m06:00:10  Running with dbt=1.7.9
[2025-08-26T06:00:10.947+0000] {subprocess.py:93} INFO - [0m06:00:10  Registered adapter: postgres=1.7.9
[2025-08-26T06:00:11.070+0000] {subprocess.py:93} INFO - [0m06:00:11  [[33mWARNING[0m]: Configuration paths exist in your dbt_project.yml file which do not apply to any resources.
[2025-08-26T06:00:11.070+0000] {subprocess.py:93} INFO - There are 1 unused configuration paths:
[2025-08-26T06:00:11.070+0000] {subprocess.py:93} INFO - - models.my_project.sources
[2025-08-26T06:00:11.135+0000] {subprocess.py:93} INFO - [0m06:00:11  Found 3 models, 7 sources, 0 exposures, 0 metrics, 401 macros, 0 groups, 0 semantic models
[2025-08-26T06:00:11.148+0000] {subprocess.py:93} INFO - [0m06:00:11
[2025-08-26T06:00:11.331+0000] {subprocess.py:93} INFO - [0m06:00:11  Concurrency: 4 threads (target='dev')
[2025-08-26T06:00:11.332+0000] {subprocess.py:93} INFO - [0m06:00:11
[2025-08-26T06:00:11.352+0000] {subprocess.py:93} INFO - [0m06:00:11  1 of 3 START sql view model analytics.stg_order_details ........................ [RUN]
[2025-08-26T06:00:11.360+0000] {subprocess.py:93} INFO - [0m06:00:11  2 of 3 START sql view model analytics.stg_orders ............................... [RUN]
[2025-08-26T06:00:11.768+0000] {subprocess.py:93} INFO - [0m06:00:11  1 of 3 OK created sql view model analytics.stg_order_details ................... [[32mCREATE VIEW[0m in 0.42s]
[2025-08-26T06:00:11.781+0000] {subprocess.py:93} INFO - [0m06:00:11  2 of 3 OK created sql view model analytics.stg_orders .......................... [[32mCREATE VIEW[0m in 0.42s]
[2025-08-26T06:00:11.790+0000] {subprocess.py:93} INFO - [0m06:00:11  3 of 3 START sql table model analytics.orders_summary .......................... [RUN]
[2025-08-26T06:02:21.291+0000] {subprocess.py:93} INFO - [0m06:02:21  3 of 3 OK created sql table model analytics.orders_summary ..................... [[32mSELECT 10000[0m in 129.50s]
[2025-08-26T06:02:21.316+0000] {subprocess.py:93} INFO - [0m06:02:21
[2025-08-26T06:02:21.316+0000] {subprocess.py:93} INFO - [0m06:02:21  Finished running 2 view models, 1 table model in 0 hours 2 minutes and 10.16 seconds (130.16s).
[2025-08-26T06:02:21.333+0000] {subprocess.py:93} INFO - [0m06:02:21
[2025-08-26T06:02:21.333+0000] {subprocess.py:93} INFO - [0m06:02:21  [32mCompleted successfully[0m
[2025-08-26T06:02:21.335+0000] {subprocess.py:93} INFO - [0m06:02:21
[2025-08-26T06:02:21.335+0000] {subprocess.py:93} INFO - [0m06:02:21  Done. PASS=3 WARN=0 ERROR=0 SKIP=0 TOTAL=3
[2025-08-26T06:02:22.436+0000] {subprocess.py:97} INFO - Command exited with return code 0
[2025-08-26T06:02:22.437+0000] {taskinstance.py:441} INFO - ::group::Post task execution logs
[2025-08-26T06:02:22.478+0000] {taskinstance.py:1206} INFO - Marking task as SUCCESS. dag_id=dbt_run_models, task_id=run_dbt_models, run_id=scheduled__2025-08-26T03:00:00+00:00, execution_date=20250826T030000, start_date=20250826T060002, end_date=20250826T060222
[2025-08-26T06:02:22.497+0000] {local_task_job_runner.py:243} INFO - Task exited with return code 0
[2025-08-26T06:02:22.519+0000] {taskinstance.py:3503} INFO - 1 downstream tasks scheduled from follow-on schedule check
[2025-08-26T06:02:22.523+0000] {local_task_job_runner.py:222} INFO - ::endgroup::
