[2025-09-08T20:00:01.410+0000] {local_task_job_runner.py:120} INFO - ::group::Pre task execution logs
[2025-09-08T20:00:01.454+0000] {taskinstance.py:2076} INFO - Dependencies all met for dep_context=non-requeueable deps ti=<TaskInstance: dbt_run_models.run_dbt_models scheduled__2025-09-08T19:00:00+00:00 [queued]>
[2025-09-08T20:00:01.482+0000] {taskinstance.py:2076} INFO - Dependencies all met for dep_context=requeueable deps ti=<TaskInstance: dbt_run_models.run_dbt_models scheduled__2025-09-08T19:00:00+00:00 [queued]>
[2025-09-08T20:00:01.483+0000] {taskinstance.py:2306} INFO - Starting attempt 1 of 2
[2025-09-08T20:00:01.536+0000] {taskinstance.py:2330} INFO - Executing <Task(BashOperator): run_dbt_models> on 2025-09-08 19:00:00+00:00
[2025-09-08T20:00:01.544+0000] {warnings.py:112} WARNING - /home/airflow/.local/lib/python3.12/site-packages/airflow/task/task_runner/standard_task_runner.py:62: DeprecationWarning: This process (pid=2555) is multi-threaded, use of fork() may lead to deadlocks in the child.
  pid = os.fork()

[2025-09-08T20:00:01.546+0000] {standard_task_runner.py:64} INFO - Started process 2556 to run task
[2025-09-08T20:00:01.552+0000] {standard_task_runner.py:90} INFO - Running: ['airflow', 'tasks', 'run', 'dbt_run_models', 'run_dbt_models', 'scheduled__2025-09-08T19:00:00+00:00', '--job-id', '1244', '--raw', '--subdir', 'DAGS_FOLDER/dbt_dag.py', '--cfg-path', '/tmp/tmpcqxbitv5']
[2025-09-08T20:00:01.554+0000] {standard_task_runner.py:91} INFO - Job 1244: Subtask run_dbt_models
[2025-09-08T20:00:01.586+0000] {warnings.py:112} WARNING - /home/airflow/.local/lib/python3.12/site-packages/airflow/settings.py:195: DeprecationWarning: The sql_alchemy_conn option in [core] has been moved to the sql_alchemy_conn option in [database] - the old setting has been used, but please update your config.
  SQL_ALCHEMY_CONN = conf.get("database", "SQL_ALCHEMY_CONN")

[2025-09-08T20:00:01.667+0000] {task_command.py:426} INFO - Running <TaskInstance: dbt_run_models.run_dbt_models scheduled__2025-09-08T19:00:00+00:00 [running]> on host b5ea13053d47
[2025-09-08T20:00:01.921+0000] {taskinstance.py:2648} INFO - Exporting env vars: AIRFLOW_CTX_DAG_OWNER='airflow' AIRFLOW_CTX_DAG_ID='dbt_run_models' AIRFLOW_CTX_TASK_ID='run_dbt_models' AIRFLOW_CTX_EXECUTION_DATE='2025-09-08T19:00:00+00:00' AIRFLOW_CTX_TRY_NUMBER='1' AIRFLOW_CTX_DAG_RUN_ID='scheduled__2025-09-08T19:00:00+00:00'
[2025-09-08T20:00:01.923+0000] {taskinstance.py:430} INFO - ::endgroup::
[2025-09-08T20:00:01.961+0000] {subprocess.py:63} INFO - Tmp dir root location: /tmp
[2025-09-08T20:00:01.962+0000] {subprocess.py:75} INFO - Running command: ['/usr/bin/bash', '-c', '\n        cd /usr/app &&         dbt run --profiles-dir /usr/app\n        ']
[2025-09-08T20:00:01.981+0000] {subprocess.py:86} INFO - Output:
[2025-09-08T20:00:05.986+0000] {subprocess.py:93} INFO - [0m20:00:05  Running with dbt=1.7.9
[2025-09-08T20:00:06.365+0000] {subprocess.py:93} INFO - [0m20:00:06  Registered adapter: postgres=1.7.9
[2025-09-08T20:00:06.412+0000] {subprocess.py:93} INFO - [0m20:00:06  [[33mWARNING[0m]: Configuration paths exist in your dbt_project.yml file which do not apply to any resources.
[2025-09-08T20:00:06.412+0000] {subprocess.py:93} INFO - There are 1 unused configuration paths:
[2025-09-08T20:00:06.412+0000] {subprocess.py:93} INFO - - models.my_project.sources
[2025-09-08T20:00:06.437+0000] {subprocess.py:93} INFO - [0m20:00:06  Found 8 models, 7 sources, 0 exposures, 0 metrics, 401 macros, 0 groups, 0 semantic models
[2025-09-08T20:00:06.441+0000] {subprocess.py:93} INFO - [0m20:00:06
[2025-09-08T20:00:06.703+0000] {subprocess.py:93} INFO - [0m20:00:06  Concurrency: 4 threads (target='dev')
[2025-09-08T20:00:06.703+0000] {subprocess.py:93} INFO - [0m20:00:06
[2025-09-08T20:00:06.720+0000] {subprocess.py:93} INFO - [0m20:00:06  1 of 8 START sql view model analytics.stg_AOV .................................. [RUN]
[2025-09-08T20:00:06.736+0000] {subprocess.py:93} INFO - [0m20:00:06  2 of 8 START sql view model analytics.stg_order_count_year ..................... [RUN]
[2025-09-08T20:00:06.738+0000] {subprocess.py:93} INFO - [0m20:00:06  3 of 8 START sql view model analytics.stg_order_details ........................ [RUN]
[2025-09-08T20:00:06.739+0000] {subprocess.py:93} INFO - [0m20:00:06  4 of 8 START sql view model analytics.stg_orders ............................... [RUN]
[2025-09-08T20:00:07.904+0000] {subprocess.py:93} INFO - [0m20:00:07  1 of 8 OK created sql view model analytics.stg_AOV ............................. [[32mCREATE VIEW[0m in 1.17s]
[2025-09-08T20:00:07.908+0000] {subprocess.py:93} INFO - [0m20:00:07  3 of 8 OK created sql view model analytics.stg_order_details ................... [[32mCREATE VIEW[0m in 1.13s]
[2025-09-08T20:00:07.927+0000] {subprocess.py:93} INFO - [0m20:00:07  2 of 8 OK created sql view model analytics.stg_order_count_year ................ [[32mCREATE VIEW[0m in 1.17s]
[2025-09-08T20:00:07.934+0000] {subprocess.py:93} INFO - [0m20:00:07  4 of 8 OK created sql view model analytics.stg_orders .......................... [[32mCREATE VIEW[0m in 1.17s]
[2025-09-08T20:00:07.946+0000] {subprocess.py:93} INFO - [0m20:00:07  5 of 8 START sql table model analytics.AOV_chek ................................ [RUN]
[2025-09-08T20:00:07.960+0000] {subprocess.py:93} INFO - [0m20:00:07  6 of 8 START sql table model analytics.order_count_year ........................ [RUN]
[2025-09-08T20:00:07.966+0000] {subprocess.py:93} INFO - [0m20:00:07  7 of 8 START sql table model analytics.order_count_year+month_diff ............. [RUN]
[2025-09-08T20:00:07.971+0000] {subprocess.py:93} INFO - [0m20:00:07  8 of 8 START sql table model analytics.orders_summary .......................... [RUN]
[2025-09-08T20:00:08.545+0000] {subprocess.py:93} INFO - [0m20:00:08  7 of 8 OK created sql table model analytics.order_count_year+month_diff ........ [[32mSELECT 28[0m in 0.55s]
[2025-09-08T20:00:08.546+0000] {subprocess.py:93} INFO - [0m20:00:08  5 of 8 OK created sql table model analytics.AOV_chek ........................... [[32mSELECT 50[0m in 0.58s]
[2025-09-08T20:00:08.564+0000] {subprocess.py:93} INFO - [0m20:00:08  8 of 8 OK created sql table model analytics.orders_summary ..................... [[32mSELECT 10000[0m in 0.58s]
[2025-09-08T20:00:08.574+0000] {subprocess.py:93} INFO - [0m20:00:08  6 of 8 OK created sql table model analytics.order_count_year ................... [[32mSELECT 4[0m in 0.60s]
[2025-09-08T20:00:08.620+0000] {subprocess.py:93} INFO - [0m20:00:08
[2025-09-08T20:00:08.622+0000] {subprocess.py:93} INFO - [0m20:00:08  Finished running 4 view models, 4 table models in 0 hours 0 minutes and 2.18 seconds (2.18s).
[2025-09-08T20:00:08.641+0000] {subprocess.py:93} INFO - [0m20:00:08
[2025-09-08T20:00:08.642+0000] {subprocess.py:93} INFO - [0m20:00:08  [32mCompleted successfully[0m
[2025-09-08T20:00:08.643+0000] {subprocess.py:93} INFO - [0m20:00:08
[2025-09-08T20:00:08.644+0000] {subprocess.py:93} INFO - [0m20:00:08  Done. PASS=8 WARN=0 ERROR=0 SKIP=0 TOTAL=8
[2025-09-08T20:00:19.195+0000] {subprocess.py:97} INFO - Command exited with return code 0
[2025-09-08T20:00:19.196+0000] {taskinstance.py:441} INFO - ::group::Post task execution logs
[2025-09-08T20:00:19.244+0000] {taskinstance.py:1206} INFO - Marking task as SUCCESS. dag_id=dbt_run_models, task_id=run_dbt_models, run_id=scheduled__2025-09-08T19:00:00+00:00, execution_date=20250908T190000, start_date=20250908T200001, end_date=20250908T200019
[2025-09-08T20:00:19.299+0000] {local_task_job_runner.py:243} INFO - Task exited with return code 0
[2025-09-08T20:00:19.348+0000] {taskinstance.py:3503} INFO - 1 downstream tasks scheduled from follow-on schedule check
[2025-09-08T20:00:19.352+0000] {local_task_job_runner.py:222} INFO - ::endgroup::
