[2025-09-10T03:22:59.641+0000] {local_task_job_runner.py:120} INFO - ::group::Pre task execution logs
[2025-09-10T03:22:59.706+0000] {taskinstance.py:2076} INFO - Dependencies all met for dep_context=non-requeueable deps ti=<TaskInstance: dbt_run_models.run_dbt_models manual__2025-09-10T03:17:37.569923+00:00 [queued]>
[2025-09-10T03:22:59.719+0000] {taskinstance.py:2076} INFO - Dependencies all met for dep_context=requeueable deps ti=<TaskInstance: dbt_run_models.run_dbt_models manual__2025-09-10T03:17:37.569923+00:00 [queued]>
[2025-09-10T03:22:59.720+0000] {taskinstance.py:2306} INFO - Starting attempt 2 of 2
[2025-09-10T03:22:59.739+0000] {taskinstance.py:2330} INFO - Executing <Task(BashOperator): run_dbt_models> on 2025-09-10 03:17:37.569923+00:00
[2025-09-10T03:22:59.746+0000] {warnings.py:112} WARNING - /home/airflow/.local/lib/python3.12/site-packages/airflow/task/task_runner/standard_task_runner.py:62: DeprecationWarning: This process (pid=3621) is multi-threaded, use of fork() may lead to deadlocks in the child.
  pid = os.fork()

[2025-09-10T03:22:59.748+0000] {standard_task_runner.py:64} INFO - Started process 3622 to run task
[2025-09-10T03:22:59.748+0000] {standard_task_runner.py:90} INFO - Running: ['airflow', 'tasks', 'run', 'dbt_run_models', 'run_dbt_models', 'manual__2025-09-10T03:17:37.569923+00:00', '--job-id', '1339', '--raw', '--subdir', 'DAGS_FOLDER/dbt_dag.py', '--cfg-path', '/tmp/tmpdlfhqg4c']
[2025-09-10T03:22:59.749+0000] {standard_task_runner.py:91} INFO - Job 1339: Subtask run_dbt_models
[2025-09-10T03:22:59.762+0000] {warnings.py:112} WARNING - /home/airflow/.local/lib/python3.12/site-packages/airflow/settings.py:195: DeprecationWarning: The sql_alchemy_conn option in [core] has been moved to the sql_alchemy_conn option in [database] - the old setting has been used, but please update your config.
  SQL_ALCHEMY_CONN = conf.get("database", "SQL_ALCHEMY_CONN")

[2025-09-10T03:22:59.825+0000] {task_command.py:426} INFO - Running <TaskInstance: dbt_run_models.run_dbt_models manual__2025-09-10T03:17:37.569923+00:00 [running]> on host b5ea13053d47
[2025-09-10T03:23:00.097+0000] {taskinstance.py:2648} INFO - Exporting env vars: AIRFLOW_CTX_DAG_OWNER='airflow' AIRFLOW_CTX_DAG_ID='dbt_run_models' AIRFLOW_CTX_TASK_ID='run_dbt_models' AIRFLOW_CTX_EXECUTION_DATE='2025-09-10T03:17:37.569923+00:00' AIRFLOW_CTX_TRY_NUMBER='2' AIRFLOW_CTX_DAG_RUN_ID='manual__2025-09-10T03:17:37.569923+00:00'
[2025-09-10T03:23:00.098+0000] {taskinstance.py:430} INFO - ::endgroup::
[2025-09-10T03:23:00.135+0000] {subprocess.py:63} INFO - Tmp dir root location: /tmp
[2025-09-10T03:23:00.137+0000] {subprocess.py:75} INFO - Running command: ['/usr/bin/bash', '-c', '\n        cd /usr/app &&         dbt run --profiles-dir /usr/app\n        ']
[2025-09-10T03:23:00.154+0000] {subprocess.py:86} INFO - Output:
[2025-09-10T03:23:04.394+0000] {subprocess.py:93} INFO - [0m03:23:04  Running with dbt=1.7.9
[2025-09-10T03:23:05.084+0000] {subprocess.py:93} INFO - [0m03:23:05  Registered adapter: postgres=1.7.9
[2025-09-10T03:23:05.145+0000] {subprocess.py:93} INFO - [0m03:23:05  [[33mWARNING[0m]: Configuration paths exist in your dbt_project.yml file which do not apply to any resources.
[2025-09-10T03:23:05.145+0000] {subprocess.py:93} INFO - There are 1 unused configuration paths:
[2025-09-10T03:23:05.146+0000] {subprocess.py:93} INFO - - models.my_project.sources
[2025-09-10T03:23:05.217+0000] {subprocess.py:93} INFO - [0m03:23:05  Found 15 models, 7 sources, 0 exposures, 0 metrics, 401 macros, 0 groups, 0 semantic models
[2025-09-10T03:23:05.229+0000] {subprocess.py:93} INFO - [0m03:23:05
[2025-09-10T03:23:05.571+0000] {subprocess.py:93} INFO - [0m03:23:05  Concurrency: 4 threads (target='dev')
[2025-09-10T03:23:05.572+0000] {subprocess.py:93} INFO - [0m03:23:05
[2025-09-10T03:23:05.588+0000] {subprocess.py:93} INFO - [0m03:23:05  1 of 15 START sql view model analytics.stg_AOV ................................. [RUN]
[2025-09-10T03:23:05.590+0000] {subprocess.py:93} INFO - [0m03:23:05  2 of 15 START sql view model analytics.stg_order_count_year .................... [RUN]
[2025-09-10T03:23:05.593+0000] {subprocess.py:93} INFO - [0m03:23:05  3 of 15 START sql view model analytics.stg_order_details ....................... [RUN]
[2025-09-10T03:23:05.605+0000] {subprocess.py:93} INFO - [0m03:23:05  4 of 15 START sql view model analytics.stg_order_items ......................... [RUN]
[2025-09-10T03:23:06.212+0000] {subprocess.py:93} INFO - [0m03:23:06  2 of 15 OK created sql view model analytics.stg_order_count_year ............... [[32mCREATE VIEW[0m in 0.60s]
[2025-09-10T03:23:06.233+0000] {subprocess.py:93} INFO - [0m03:23:06  1 of 15 OK created sql view model analytics.stg_AOV ............................ [[32mCREATE VIEW[0m in 0.63s]
[2025-09-10T03:23:06.240+0000] {subprocess.py:93} INFO - [0m03:23:06  4 of 15 OK created sql view model analytics.stg_order_items .................... [[32mCREATE VIEW[0m in 0.59s]
[2025-09-10T03:23:06.244+0000] {subprocess.py:93} INFO - [0m03:23:06  5 of 15 START sql view model analytics.stg_orders .............................. [RUN]
[2025-09-10T03:23:06.252+0000] {subprocess.py:93} INFO - [0m03:23:06  6 of 15 START sql view model analytics.stg_payments ............................ [RUN]
[2025-09-10T03:23:06.256+0000] {subprocess.py:93} INFO - [0m03:23:06  3 of 15 OK created sql view model analytics.stg_order_details .................. [[32mCREATE VIEW[0m in 0.62s]
[2025-09-10T03:23:06.278+0000] {subprocess.py:93} INFO - [0m03:23:06  7 of 15 START sql view model analytics.stg_products ............................ [RUN]
[2025-09-10T03:23:06.318+0000] {subprocess.py:93} INFO - [0m03:23:06  8 of 15 START sql table model analytics.order_count_year ....................... [RUN]
[2025-09-10T03:23:06.760+0000] {subprocess.py:93} INFO - [0m03:23:06  7 of 15 OK created sql view model analytics.stg_products ....................... [[32mCREATE VIEW[0m in 0.46s]
[2025-09-10T03:23:06.764+0000] {subprocess.py:93} INFO - [0m03:23:06  5 of 15 OK created sql view model analytics.stg_orders ......................... [[32mCREATE VIEW[0m in 0.50s]
[2025-09-10T03:23:06.795+0000] {subprocess.py:93} INFO - [0m03:23:06  9 of 15 START sql table model analytics.order_count_year+month_diff ............ [RUN]
[2025-09-10T03:23:06.796+0000] {subprocess.py:93} INFO - [0m03:23:06  10 of 15 START sql table model analytics.AOV_chek .............................. [RUN]
[2025-09-10T03:23:06.808+0000] {subprocess.py:93} INFO - [0m03:23:06  6 of 15 OK created sql view model analytics.stg_payments ....................... [[32mCREATE VIEW[0m in 0.54s]
[2025-09-10T03:23:06.854+0000] {subprocess.py:93} INFO - [0m03:23:06  11 of 15 START sql table model analytics.orders_summary ........................ [RUN]
[2025-09-10T03:23:06.945+0000] {subprocess.py:93} INFO - [0m03:23:06  8 of 15 OK created sql table model analytics.order_count_year .................. [[32mSELECT 4[0m in 0.61s]
[2025-09-10T03:23:06.968+0000] {subprocess.py:93} INFO - [0m03:23:06  12 of 15 START sql table model analytics.AOV_EBITDA_COUNT ...................... [RUN]
[2025-09-10T03:23:07.273+0000] {subprocess.py:93} INFO - [0m03:23:07  9 of 15 OK created sql table model analytics.order_count_year+month_diff ....... [[32mSELECT 28[0m in 0.47s]
[2025-09-10T03:23:07.297+0000] {subprocess.py:93} INFO - [0m03:23:07  10 of 15 OK created sql table model analytics.AOV_chek ......................... [[32mSELECT 50[0m in 0.47s]
[2025-09-10T03:23:07.297+0000] {subprocess.py:93} INFO - [0m03:23:07  13 of 15 START sql table model analytics.AOV_category .......................... [RUN]
[2025-09-10T03:23:07.312+0000] {subprocess.py:93} INFO - [0m03:23:07  14 of 15 START sql table model analytics.AOV_product_name ...................... [RUN]
[2025-09-10T03:23:07.385+0000] {subprocess.py:93} INFO - [0m03:23:07  11 of 15 OK created sql table model analytics.orders_summary ................... [[32mSELECT 10000[0m in 0.52s]
[2025-09-10T03:23:07.390+0000] {subprocess.py:93} INFO - [0m03:23:07  15 of 15 START sql table model analytics.AVG_AOV_chek .......................... [RUN]
[2025-09-10T03:23:07.581+0000] {subprocess.py:93} INFO - [0m03:23:07  12 of 15 ERROR creating sql table model analytics.AOV_EBITDA_COUNT ............. [[31mERROR[0m in 0.59s]
[2025-09-10T03:23:07.649+0000] {subprocess.py:93} INFO - [0m03:23:07  13 of 15 ERROR creating sql table model analytics.AOV_category ................. [[31mERROR[0m in 0.33s]
[2025-09-10T03:23:07.658+0000] {subprocess.py:93} INFO - [0m03:23:07  14 of 15 ERROR creating sql table model analytics.AOV_product_name ............. [[31mERROR[0m in 0.34s]
[2025-09-10T03:23:07.854+0000] {subprocess.py:93} INFO - [0m03:23:07  15 of 15 OK created sql table model analytics.AVG_AOV_chek ..................... [[32mSELECT 16863[0m in 0.45s]
[2025-09-10T03:23:07.889+0000] {subprocess.py:93} INFO - [0m03:23:07
[2025-09-10T03:23:07.891+0000] {subprocess.py:93} INFO - [0m03:23:07  Finished running 7 view models, 8 table models in 0 hours 0 minutes and 2.66 seconds (2.66s).
[2025-09-10T03:23:07.936+0000] {subprocess.py:93} INFO - [0m03:23:07
[2025-09-10T03:23:07.939+0000] {subprocess.py:93} INFO - [0m03:23:07  [31mCompleted with 3 errors and 0 warnings:[0m
[2025-09-10T03:23:07.942+0000] {subprocess.py:93} INFO - [0m03:23:07
[2025-09-10T03:23:07.943+0000] {subprocess.py:93} INFO - [0m03:23:07    Database Error in model AOV_EBITDA_COUNT (models/marts/AOV_EBITDA_COUNT.sql)
[2025-09-10T03:23:07.944+0000] {subprocess.py:93} INFO -   type "avg_order_value" does not exist
[2025-09-10T03:23:07.944+0000] {subprocess.py:93} INFO -   LINE 26: order by avg_order_value
[2025-09-10T03:23:07.945+0000] {subprocess.py:93} INFO -                     ^
[2025-09-10T03:23:07.945+0000] {subprocess.py:93} INFO -   compiled Code at target/run/my_project/models/marts/AOV_EBITDA_COUNT.sql
[2025-09-10T03:23:07.946+0000] {subprocess.py:93} INFO - [0m03:23:07
[2025-09-10T03:23:07.946+0000] {subprocess.py:93} INFO - [0m03:23:07    Database Error in model AOV_category (models/marts/AOV_category.sql)
[2025-09-10T03:23:07.947+0000] {subprocess.py:93} INFO -   type "avg_order_value" does not exist
[2025-09-10T03:23:07.947+0000] {subprocess.py:93} INFO -   LINE 29: order by avg_order_value
[2025-09-10T03:23:07.948+0000] {subprocess.py:93} INFO -                     ^
[2025-09-10T03:23:07.948+0000] {subprocess.py:93} INFO -   compiled Code at target/run/my_project/models/marts/AOV_category.sql
[2025-09-10T03:23:07.949+0000] {subprocess.py:93} INFO - [0m03:23:07
[2025-09-10T03:23:07.949+0000] {subprocess.py:93} INFO - [0m03:23:07    Database Error in model AOV_product_name (models/marts/AOV_product_name.sql)
[2025-09-10T03:23:07.950+0000] {subprocess.py:93} INFO -   type "avg_order_value" does not exist
[2025-09-10T03:23:07.951+0000] {subprocess.py:93} INFO -   LINE 30: order by avg_order_value
[2025-09-10T03:23:07.951+0000] {subprocess.py:93} INFO -                     ^
[2025-09-10T03:23:07.952+0000] {subprocess.py:93} INFO -   compiled Code at target/run/my_project/models/marts/AOV_product_name.sql
[2025-09-10T03:23:07.952+0000] {subprocess.py:93} INFO - [0m03:23:07
[2025-09-10T03:23:07.953+0000] {subprocess.py:93} INFO - [0m03:23:07  Done. PASS=12 WARN=0 ERROR=3 SKIP=0 TOTAL=15
[2025-09-10T03:23:18.570+0000] {subprocess.py:97} INFO - Command exited with return code 1
[2025-09-10T03:23:18.572+0000] {taskinstance.py:441} INFO - ::group::Post task execution logs
[2025-09-10T03:23:18.597+0000] {taskinstance.py:2905} ERROR - Task failed with exception
Traceback (most recent call last):
  File "/home/airflow/.local/lib/python3.12/site-packages/airflow/models/taskinstance.py", line 465, in _execute_task
    result = _execute_callable(context=context, **execute_callable_kwargs)
             ^^^^^^^^^^^^^^^^^^^^^^^^^^^^^^^^^^^^^^^^^^^^^^^^^^^^^^^^^^^^^
  File "/home/airflow/.local/lib/python3.12/site-packages/airflow/models/taskinstance.py", line 432, in _execute_callable
    return execute_callable(context=context, **execute_callable_kwargs)
           ^^^^^^^^^^^^^^^^^^^^^^^^^^^^^^^^^^^^^^^^^^^^^^^^^^^^^^^^^^^^
  File "/home/airflow/.local/lib/python3.12/site-packages/airflow/models/baseoperator.py", line 401, in wrapper
    return func(self, *args, **kwargs)
           ^^^^^^^^^^^^^^^^^^^^^^^^^^^
  File "/home/airflow/.local/lib/python3.12/site-packages/airflow/operators/bash.py", line 243, in execute
    raise AirflowException(
airflow.exceptions.AirflowException: Bash command failed. The command returned a non-zero exit code 1.
[2025-09-10T03:23:18.611+0000] {taskinstance.py:1206} INFO - Marking task as FAILED. dag_id=dbt_run_models, task_id=run_dbt_models, run_id=manual__2025-09-10T03:17:37.569923+00:00, execution_date=20250910T031737, start_date=20250910T032259, end_date=20250910T032318
[2025-09-10T03:23:18.668+0000] {standard_task_runner.py:110} ERROR - Failed to execute job 1339 for task run_dbt_models (Bash command failed. The command returned a non-zero exit code 1.; 3622)
[2025-09-10T03:23:18.726+0000] {local_task_job_runner.py:243} INFO - Task exited with return code 1
[2025-09-10T03:23:18.751+0000] {taskinstance.py:3503} INFO - 0 downstream tasks scheduled from follow-on schedule check
[2025-09-10T03:23:18.758+0000] {local_task_job_runner.py:222} INFO - ::endgroup::
