[2025-09-10T03:17:39.004+0000] {local_task_job_runner.py:120} INFO - ::group::Pre task execution logs
[2025-09-10T03:17:39.037+0000] {taskinstance.py:2076} INFO - Dependencies all met for dep_context=non-requeueable deps ti=<TaskInstance: dbt_run_models.run_dbt_models manual__2025-09-10T03:17:37.569923+00:00 [queued]>
[2025-09-10T03:17:39.054+0000] {taskinstance.py:2076} INFO - Dependencies all met for dep_context=requeueable deps ti=<TaskInstance: dbt_run_models.run_dbt_models manual__2025-09-10T03:17:37.569923+00:00 [queued]>
[2025-09-10T03:17:39.054+0000] {taskinstance.py:2306} INFO - Starting attempt 1 of 2
[2025-09-10T03:17:39.091+0000] {taskinstance.py:2330} INFO - Executing <Task(BashOperator): run_dbt_models> on 2025-09-10 03:17:37.569923+00:00
[2025-09-10T03:17:39.103+0000] {warnings.py:112} WARNING - /home/airflow/.local/lib/python3.12/site-packages/airflow/task/task_runner/standard_task_runner.py:62: DeprecationWarning: This process (pid=3593) is multi-threaded, use of fork() may lead to deadlocks in the child.
  pid = os.fork()

[2025-09-10T03:17:39.105+0000] {standard_task_runner.py:64} INFO - Started process 3594 to run task
[2025-09-10T03:17:39.107+0000] {standard_task_runner.py:90} INFO - Running: ['airflow', 'tasks', 'run', 'dbt_run_models', 'run_dbt_models', 'manual__2025-09-10T03:17:37.569923+00:00', '--job-id', '1337', '--raw', '--subdir', 'DAGS_FOLDER/dbt_dag.py', '--cfg-path', '/tmp/tmp97v6qp8l']
[2025-09-10T03:17:39.109+0000] {standard_task_runner.py:91} INFO - Job 1337: Subtask run_dbt_models
[2025-09-10T03:17:39.142+0000] {warnings.py:112} WARNING - /home/airflow/.local/lib/python3.12/site-packages/airflow/settings.py:195: DeprecationWarning: The sql_alchemy_conn option in [core] has been moved to the sql_alchemy_conn option in [database] - the old setting has been used, but please update your config.
  SQL_ALCHEMY_CONN = conf.get("database", "SQL_ALCHEMY_CONN")

[2025-09-10T03:17:39.217+0000] {task_command.py:426} INFO - Running <TaskInstance: dbt_run_models.run_dbt_models manual__2025-09-10T03:17:37.569923+00:00 [running]> on host b5ea13053d47
[2025-09-10T03:17:39.489+0000] {taskinstance.py:2648} INFO - Exporting env vars: AIRFLOW_CTX_DAG_OWNER='airflow' AIRFLOW_CTX_DAG_ID='dbt_run_models' AIRFLOW_CTX_TASK_ID='run_dbt_models' AIRFLOW_CTX_EXECUTION_DATE='2025-09-10T03:17:37.569923+00:00' AIRFLOW_CTX_TRY_NUMBER='1' AIRFLOW_CTX_DAG_RUN_ID='manual__2025-09-10T03:17:37.569923+00:00'
[2025-09-10T03:17:39.489+0000] {taskinstance.py:430} INFO - ::endgroup::
[2025-09-10T03:17:39.507+0000] {subprocess.py:63} INFO - Tmp dir root location: /tmp
[2025-09-10T03:17:39.508+0000] {subprocess.py:75} INFO - Running command: ['/usr/bin/bash', '-c', '\n        cd /usr/app &&         dbt run --profiles-dir /usr/app\n        ']
[2025-09-10T03:17:39.528+0000] {subprocess.py:86} INFO - Output:
[2025-09-10T03:17:44.454+0000] {subprocess.py:93} INFO - [0m03:17:44  Running with dbt=1.7.9
[2025-09-10T03:17:45.184+0000] {subprocess.py:93} INFO - [0m03:17:45  Registered adapter: postgres=1.7.9
[2025-09-10T03:17:45.252+0000] {subprocess.py:93} INFO - [0m03:17:45  [[33mWARNING[0m]: Configuration paths exist in your dbt_project.yml file which do not apply to any resources.
[2025-09-10T03:17:45.253+0000] {subprocess.py:93} INFO - There are 1 unused configuration paths:
[2025-09-10T03:17:45.253+0000] {subprocess.py:93} INFO - - models.my_project.sources
[2025-09-10T03:17:45.287+0000] {subprocess.py:93} INFO - [0m03:17:45  Found 15 models, 7 sources, 0 exposures, 0 metrics, 401 macros, 0 groups, 0 semantic models
[2025-09-10T03:17:45.292+0000] {subprocess.py:93} INFO - [0m03:17:45
[2025-09-10T03:17:45.547+0000] {subprocess.py:93} INFO - [0m03:17:45  Concurrency: 4 threads (target='dev')
[2025-09-10T03:17:45.549+0000] {subprocess.py:93} INFO - [0m03:17:45
[2025-09-10T03:17:45.583+0000] {subprocess.py:93} INFO - [0m03:17:45  1 of 15 START sql view model analytics.stg_AOV ................................. [RUN]
[2025-09-10T03:17:45.592+0000] {subprocess.py:93} INFO - [0m03:17:45  2 of 15 START sql view model analytics.stg_order_count_year .................... [RUN]
[2025-09-10T03:17:45.599+0000] {subprocess.py:93} INFO - [0m03:17:45  3 of 15 START sql view model analytics.stg_order_details ....................... [RUN]
[2025-09-10T03:17:45.622+0000] {subprocess.py:93} INFO - [0m03:17:45  4 of 15 START sql view model analytics.stg_order_items ......................... [RUN]
[2025-09-10T03:17:46.152+0000] {subprocess.py:93} INFO - [0m03:17:46  3 of 15 OK created sql view model analytics.stg_order_details .................. [[32mCREATE VIEW[0m in 0.53s]
[2025-09-10T03:17:46.154+0000] {subprocess.py:93} INFO - [0m03:17:46  1 of 15 OK created sql view model analytics.stg_AOV ............................ [[32mCREATE VIEW[0m in 0.56s]
[2025-09-10T03:17:46.167+0000] {subprocess.py:93} INFO - [0m03:17:46  4 of 15 OK created sql view model analytics.stg_order_items .................... [[32mCREATE VIEW[0m in 0.54s]
[2025-09-10T03:17:46.170+0000] {subprocess.py:93} INFO - [0m03:17:46  2 of 15 OK created sql view model analytics.stg_order_count_year ............... [[32mCREATE VIEW[0m in 0.54s]
[2025-09-10T03:17:46.174+0000] {subprocess.py:93} INFO - [0m03:17:46  5 of 15 START sql view model analytics.stg_orders .............................. [RUN]
[2025-09-10T03:17:46.187+0000] {subprocess.py:93} INFO - [0m03:17:46  6 of 15 START sql view model analytics.stg_payments ............................ [RUN]
[2025-09-10T03:17:46.191+0000] {subprocess.py:93} INFO - [0m03:17:46  7 of 15 START sql view model analytics.stg_products ............................ [RUN]
[2025-09-10T03:17:46.192+0000] {subprocess.py:93} INFO - [0m03:17:46  8 of 15 START sql table model analytics.AOV_chek ............................... [RUN]
[2025-09-10T03:17:46.735+0000] {subprocess.py:93} INFO - [0m03:17:46  5 of 15 OK created sql view model analytics.stg_orders ......................... [[32mCREATE VIEW[0m in 0.54s]
[2025-09-10T03:17:46.754+0000] {subprocess.py:93} INFO - [0m03:17:46  7 of 15 OK created sql view model analytics.stg_products ....................... [[32mCREATE VIEW[0m in 0.55s]
[2025-09-10T03:17:46.762+0000] {subprocess.py:93} INFO - [0m03:17:46  6 of 15 OK created sql view model analytics.stg_payments ....................... [[32mCREATE VIEW[0m in 0.56s]
[2025-09-10T03:17:46.770+0000] {subprocess.py:93} INFO - [0m03:17:46  9 of 15 START sql table model analytics.order_count_year ....................... [RUN]
[2025-09-10T03:17:46.801+0000] {subprocess.py:93} INFO - [0m03:17:46  11 of 15 START sql table model analytics.AOV_EBITDA_COUNT ...................... [RUN]
[2025-09-10T03:17:46.810+0000] {subprocess.py:93} INFO - [0m03:17:46  10 of 15 START sql table model analytics.order_count_year+month_diff ........... [RUN]
[2025-09-10T03:17:46.822+0000] {subprocess.py:93} INFO - [0m03:17:46  8 of 15 OK created sql table model analytics.AOV_chek .......................... [[32mSELECT 50[0m in 0.61s]
[2025-09-10T03:17:46.859+0000] {subprocess.py:93} INFO - [0m03:17:46  12 of 15 START sql table model analytics.AOV_category .......................... [RUN]
[2025-09-10T03:17:47.091+0000] {subprocess.py:93} INFO - [0m03:17:47  11 of 15 ERROR creating sql table model analytics.AOV_EBITDA_COUNT ............. [[31mERROR[0m in 0.27s]
[2025-09-10T03:17:47.117+0000] {subprocess.py:93} INFO - [0m03:17:47  12 of 15 ERROR creating sql table model analytics.AOV_category ................. [[31mERROR[0m in 0.24s]
[2025-09-10T03:17:47.120+0000] {subprocess.py:93} INFO - [0m03:17:47  13 of 15 START sql table model analytics.AOV_product_name ...................... [RUN]
[2025-09-10T03:17:47.130+0000] {subprocess.py:93} INFO - [0m03:17:47  14 of 15 START sql table model analytics.AVG_AOV_chek .......................... [RUN]
[2025-09-10T03:17:47.258+0000] {subprocess.py:93} INFO - [0m03:17:47  9 of 15 OK created sql table model analytics.order_count_year .................. [[32mSELECT 4[0m in 0.45s]
[2025-09-10T03:17:47.260+0000] {subprocess.py:93} INFO - [0m03:17:47  10 of 15 OK created sql table model analytics.order_count_year+month_diff ...... [[32mSELECT 28[0m in 0.44s]
[2025-09-10T03:17:47.280+0000] {subprocess.py:93} INFO - [0m03:17:47  15 of 15 START sql table model analytics.orders_summary ........................ [RUN]
[2025-09-10T03:17:47.500+0000] {subprocess.py:93} INFO - [0m03:17:47  13 of 15 ERROR creating sql table model analytics.AOV_product_name ............. [[31mERROR[0m in 0.37s]
[2025-09-10T03:17:47.826+0000] {subprocess.py:93} INFO - [0m03:17:47  14 of 15 OK created sql table model analytics.AVG_AOV_chek ..................... [[32mSELECT 16863[0m in 0.67s]
[2025-09-10T03:17:47.842+0000] {subprocess.py:93} INFO - [0m03:17:47  15 of 15 OK created sql table model analytics.orders_summary ................... [[32mSELECT 10000[0m in 0.55s]
[2025-09-10T03:17:47.888+0000] {subprocess.py:93} INFO - [0m03:17:47
[2025-09-10T03:17:47.889+0000] {subprocess.py:93} INFO - [0m03:17:47  Finished running 7 view models, 8 table models in 0 hours 0 minutes and 2.59 seconds (2.59s).
[2025-09-10T03:17:47.908+0000] {subprocess.py:93} INFO - [0m03:17:47
[2025-09-10T03:17:47.909+0000] {subprocess.py:93} INFO - [0m03:17:47  [31mCompleted with 3 errors and 0 warnings:[0m
[2025-09-10T03:17:47.910+0000] {subprocess.py:93} INFO - [0m03:17:47
[2025-09-10T03:17:47.911+0000] {subprocess.py:93} INFO - [0m03:17:47    Database Error in model AOV_EBITDA_COUNT (models/marts/AOV_EBITDA_COUNT.sql)
[2025-09-10T03:17:47.912+0000] {subprocess.py:93} INFO -   type "avg_order_value" does not exist
[2025-09-10T03:17:47.913+0000] {subprocess.py:93} INFO -   LINE 26: order by avg_order_value
[2025-09-10T03:17:47.913+0000] {subprocess.py:93} INFO -                     ^
[2025-09-10T03:17:47.914+0000] {subprocess.py:93} INFO -   compiled Code at target/run/my_project/models/marts/AOV_EBITDA_COUNT.sql
[2025-09-10T03:17:47.915+0000] {subprocess.py:93} INFO - [0m03:17:47
[2025-09-10T03:17:47.915+0000] {subprocess.py:93} INFO - [0m03:17:47    Database Error in model AOV_category (models/marts/AOV_category.sql)
[2025-09-10T03:17:47.916+0000] {subprocess.py:93} INFO -   type "avg_order_value" does not exist
[2025-09-10T03:17:47.917+0000] {subprocess.py:93} INFO -   LINE 29: order by avg_order_value
[2025-09-10T03:17:47.917+0000] {subprocess.py:93} INFO -                     ^
[2025-09-10T03:17:47.918+0000] {subprocess.py:93} INFO -   compiled Code at target/run/my_project/models/marts/AOV_category.sql
[2025-09-10T03:17:47.918+0000] {subprocess.py:93} INFO - [0m03:17:47
[2025-09-10T03:17:47.919+0000] {subprocess.py:93} INFO - [0m03:17:47    Database Error in model AOV_product_name (models/marts/AOV_product_name.sql)
[2025-09-10T03:17:47.921+0000] {subprocess.py:93} INFO -   type "avg_order_value" does not exist
[2025-09-10T03:17:47.922+0000] {subprocess.py:93} INFO -   LINE 30: order by avg_order_value
[2025-09-10T03:17:47.922+0000] {subprocess.py:93} INFO -                     ^
[2025-09-10T03:17:47.923+0000] {subprocess.py:93} INFO -   compiled Code at target/run/my_project/models/marts/AOV_product_name.sql
[2025-09-10T03:17:47.923+0000] {subprocess.py:93} INFO - [0m03:17:47
[2025-09-10T03:17:47.924+0000] {subprocess.py:93} INFO - [0m03:17:47  Done. PASS=12 WARN=0 ERROR=3 SKIP=0 TOTAL=15
[2025-09-10T03:17:58.390+0000] {subprocess.py:97} INFO - Command exited with return code 1
[2025-09-10T03:17:58.391+0000] {taskinstance.py:441} INFO - ::group::Post task execution logs
[2025-09-10T03:17:58.418+0000] {taskinstance.py:2905} ERROR - Task failed with exception
Traceback (most recent call last):
  File "/home/airflow/.local/lib/python3.12/site-packages/airflow/models/taskinstance.py", line 465, in _execute_task
    result = _execute_callable(context=context, **execute_callable_kwargs)
             ^^^^^^^^^^^^^^^^^^^^^^^^^^^^^^^^^^^^^^^^^^^^^^^^^^^^^^^^^^^^^
  File "/home/airflow/.local/lib/python3.12/site-packages/airflow/models/taskinstance.py", line 432, in _execute_callable
    return execute_callable(context=context, **execute_callable_kwargs)
           ^^^^^^^^^^^^^^^^^^^^^^^^^^^^^^^^^^^^^^^^^^^^^^^^^^^^^^^^^^^^
  File "/home/airflow/.local/lib/python3.12/site-packages/airflow/models/baseoperator.py", line 401, in wrapper
    return func(self, *args, **kwargs)
           ^^^^^^^^^^^^^^^^^^^^^^^^^^^
  File "/home/airflow/.local/lib/python3.12/site-packages/airflow/operators/bash.py", line 243, in execute
    raise AirflowException(
airflow.exceptions.AirflowException: Bash command failed. The command returned a non-zero exit code 1.
[2025-09-10T03:17:58.427+0000] {taskinstance.py:1206} INFO - Marking task as UP_FOR_RETRY. dag_id=dbt_run_models, task_id=run_dbt_models, run_id=manual__2025-09-10T03:17:37.569923+00:00, execution_date=20250910T031737, start_date=20250910T031739, end_date=20250910T031758
[2025-09-10T03:17:58.457+0000] {standard_task_runner.py:110} ERROR - Failed to execute job 1337 for task run_dbt_models (Bash command failed. The command returned a non-zero exit code 1.; 3594)
[2025-09-10T03:17:58.509+0000] {local_task_job_runner.py:243} INFO - Task exited with return code 1
[2025-09-10T03:17:58.538+0000] {taskinstance.py:3503} INFO - 0 downstream tasks scheduled from follow-on schedule check
[2025-09-10T03:17:58.541+0000] {local_task_job_runner.py:222} INFO - ::endgroup::
