[2025-08-28T00:00:01.799+0000] {local_task_job_runner.py:120} INFO - ::group::Pre task execution logs
[2025-08-28T00:00:01.850+0000] {taskinstance.py:2076} INFO - Dependencies all met for dep_context=non-requeueable deps ti=<TaskInstance: dbt_run_models.run_dbt_models scheduled__2025-08-27T21:00:00+00:00 [queued]>
[2025-08-28T00:00:01.876+0000] {taskinstance.py:2076} INFO - Dependencies all met for dep_context=requeueable deps ti=<TaskInstance: dbt_run_models.run_dbt_models scheduled__2025-08-27T21:00:00+00:00 [queued]>
[2025-08-28T00:00:01.877+0000] {taskinstance.py:2306} INFO - Starting attempt 1 of 2
[2025-08-28T00:00:01.907+0000] {taskinstance.py:2330} INFO - Executing <Task(BashOperator): run_dbt_models> on 2025-08-27 21:00:00+00:00
[2025-08-28T00:00:01.914+0000] {warnings.py:112} WARNING - /home/airflow/.local/lib/python3.12/site-packages/airflow/task/task_runner/standard_task_runner.py:62: DeprecationWarning: This process (pid=1554) is multi-threaded, use of fork() may lead to deadlocks in the child.
  pid = os.fork()

[2025-08-28T00:00:01.915+0000] {standard_task_runner.py:64} INFO - Started process 1557 to run task
[2025-08-28T00:00:01.916+0000] {standard_task_runner.py:90} INFO - Running: ['airflow', 'tasks', 'run', 'dbt_run_models', 'run_dbt_models', 'scheduled__2025-08-27T21:00:00+00:00', '--job-id', '692', '--raw', '--subdir', 'DAGS_FOLDER/dbt_dag.py', '--cfg-path', '/tmp/tmpmkh62kfo']
[2025-08-28T00:00:01.924+0000] {standard_task_runner.py:91} INFO - Job 692: Subtask run_dbt_models
[2025-08-28T00:00:01.960+0000] {warnings.py:112} WARNING - /home/airflow/.local/lib/python3.12/site-packages/airflow/settings.py:195: DeprecationWarning: The sql_alchemy_conn option in [core] has been moved to the sql_alchemy_conn option in [database] - the old setting has been used, but please update your config.
  SQL_ALCHEMY_CONN = conf.get("database", "SQL_ALCHEMY_CONN")

[2025-08-28T00:00:02.098+0000] {task_command.py:426} INFO - Running <TaskInstance: dbt_run_models.run_dbt_models scheduled__2025-08-27T21:00:00+00:00 [running]> on host b5ea13053d47
[2025-08-28T00:00:02.517+0000] {taskinstance.py:2648} INFO - Exporting env vars: AIRFLOW_CTX_DAG_OWNER='airflow' AIRFLOW_CTX_DAG_ID='dbt_run_models' AIRFLOW_CTX_TASK_ID='run_dbt_models' AIRFLOW_CTX_EXECUTION_DATE='2025-08-27T21:00:00+00:00' AIRFLOW_CTX_TRY_NUMBER='1' AIRFLOW_CTX_DAG_RUN_ID='scheduled__2025-08-27T21:00:00+00:00'
[2025-08-28T00:00:02.518+0000] {taskinstance.py:430} INFO - ::endgroup::
[2025-08-28T00:00:02.600+0000] {subprocess.py:63} INFO - Tmp dir root location: /tmp
[2025-08-28T00:00:02.609+0000] {subprocess.py:75} INFO - Running command: ['/usr/bin/bash', '-c', '\n        cd /usr/app &&         dbt run --profiles-dir /usr/app\n        ']
[2025-08-28T00:00:02.648+0000] {subprocess.py:86} INFO - Output:
[2025-08-28T00:00:08.673+0000] {subprocess.py:93} INFO - [0m00:00:08  Running with dbt=1.7.9
[2025-08-28T00:00:09.063+0000] {subprocess.py:93} INFO - [0m00:00:09  Registered adapter: postgres=1.7.9
[2025-08-28T00:00:09.111+0000] {subprocess.py:93} INFO - [0m00:00:09  [[33mWARNING[0m]: Configuration paths exist in your dbt_project.yml file which do not apply to any resources.
[2025-08-28T00:00:09.112+0000] {subprocess.py:93} INFO - There are 1 unused configuration paths:
[2025-08-28T00:00:09.112+0000] {subprocess.py:93} INFO - - models.my_project.sources
[2025-08-28T00:00:09.136+0000] {subprocess.py:93} INFO - [0m00:00:09  Found 3 models, 7 sources, 0 exposures, 0 metrics, 401 macros, 0 groups, 0 semantic models
[2025-08-28T00:00:09.139+0000] {subprocess.py:93} INFO - [0m00:00:09
[2025-08-28T00:00:09.396+0000] {subprocess.py:93} INFO - [0m00:00:09  Concurrency: 4 threads (target='dev')
[2025-08-28T00:00:09.397+0000] {subprocess.py:93} INFO - [0m00:00:09
[2025-08-28T00:00:09.416+0000] {subprocess.py:93} INFO - [0m00:00:09  1 of 3 START sql view model analytics.stg_order_details ........................ [RUN]
[2025-08-28T00:00:09.422+0000] {subprocess.py:93} INFO - [0m00:00:09  2 of 3 START sql view model analytics.stg_orders ............................... [RUN]
[2025-08-28T00:00:09.756+0000] {subprocess.py:93} INFO - [0m00:00:09  2 of 3 OK created sql view model analytics.stg_orders .......................... [[32mCREATE VIEW[0m in 0.33s]
[2025-08-28T00:00:09.759+0000] {subprocess.py:93} INFO - [0m00:00:09  1 of 3 OK created sql view model analytics.stg_order_details ................... [[32mCREATE VIEW[0m in 0.33s]
[2025-08-28T00:00:09.765+0000] {subprocess.py:93} INFO - [0m00:00:09  3 of 3 START sql table model analytics.orders_summary .......................... [RUN]
[2025-08-28T00:00:09.913+0000] {subprocess.py:93} INFO - [0m00:00:09  3 of 3 OK created sql table model analytics.orders_summary ..................... [[32mSELECT 0[0m in 0.15s]
[2025-08-28T00:00:09.936+0000] {subprocess.py:93} INFO - [0m00:00:09
[2025-08-28T00:00:09.937+0000] {subprocess.py:93} INFO - [0m00:00:09  Finished running 2 view models, 1 table model in 0 hours 0 minutes and 0.80 seconds (0.80s).
[2025-08-28T00:00:09.953+0000] {subprocess.py:93} INFO - [0m00:00:09
[2025-08-28T00:00:09.954+0000] {subprocess.py:93} INFO - [0m00:00:09  [32mCompleted successfully[0m
[2025-08-28T00:00:09.955+0000] {subprocess.py:93} INFO - [0m00:00:09
[2025-08-28T00:00:09.956+0000] {subprocess.py:93} INFO - [0m00:00:09  Done. PASS=3 WARN=0 ERROR=0 SKIP=0 TOTAL=3
[2025-08-28T00:00:11.088+0000] {subprocess.py:97} INFO - Command exited with return code 0
[2025-08-28T00:00:11.089+0000] {taskinstance.py:441} INFO - ::group::Post task execution logs
[2025-08-28T00:00:11.153+0000] {taskinstance.py:1206} INFO - Marking task as SUCCESS. dag_id=dbt_run_models, task_id=run_dbt_models, run_id=scheduled__2025-08-27T21:00:00+00:00, execution_date=20250827T210000, start_date=20250828T000001, end_date=20250828T000011
[2025-08-28T00:00:11.193+0000] {local_task_job_runner.py:243} INFO - Task exited with return code 0
[2025-08-28T00:00:11.222+0000] {taskinstance.py:3503} INFO - 1 downstream tasks scheduled from follow-on schedule check
[2025-08-28T00:00:11.227+0000] {local_task_job_runner.py:222} INFO - ::endgroup::
