[2025-09-06T21:00:01.818+0000] {local_task_job_runner.py:120} INFO - ::group::Pre task execution logs
[2025-09-06T21:00:01.898+0000] {taskinstance.py:2076} INFO - Dependencies all met for dep_context=non-requeueable deps ti=<TaskInstance: dbt_run_models.run_dbt_models scheduled__2025-09-06T20:00:00+00:00 [queued]>
[2025-09-06T21:00:01.931+0000] {taskinstance.py:2076} INFO - Dependencies all met for dep_context=requeueable deps ti=<TaskInstance: dbt_run_models.run_dbt_models scheduled__2025-09-06T20:00:00+00:00 [queued]>
[2025-09-06T21:00:01.933+0000] {taskinstance.py:2306} INFO - Starting attempt 1 of 2
[2025-09-06T21:00:01.988+0000] {taskinstance.py:2330} INFO - Executing <Task(BashOperator): run_dbt_models> on 2025-09-06 20:00:00+00:00
[2025-09-06T21:00:02.006+0000] {warnings.py:112} WARNING - /home/airflow/.local/lib/python3.12/site-packages/airflow/task/task_runner/standard_task_runner.py:62: DeprecationWarning: This process (pid=1616) is multi-threaded, use of fork() may lead to deadlocks in the child.
  pid = os.fork()

[2025-09-06T21:00:02.010+0000] {standard_task_runner.py:64} INFO - Started process 1617 to run task
[2025-09-06T21:00:02.026+0000] {standard_task_runner.py:90} INFO - Running: ['airflow', 'tasks', 'run', 'dbt_run_models', 'run_dbt_models', 'scheduled__2025-09-06T20:00:00+00:00', '--job-id', '1136', '--raw', '--subdir', 'DAGS_FOLDER/dbt_dag.py', '--cfg-path', '/tmp/tmp2co09za5']
[2025-09-06T21:00:02.029+0000] {standard_task_runner.py:91} INFO - Job 1136: Subtask run_dbt_models
[2025-09-06T21:00:02.066+0000] {warnings.py:112} WARNING - /home/airflow/.local/lib/python3.12/site-packages/airflow/settings.py:195: DeprecationWarning: The sql_alchemy_conn option in [core] has been moved to the sql_alchemy_conn option in [database] - the old setting has been used, but please update your config.
  SQL_ALCHEMY_CONN = conf.get("database", "SQL_ALCHEMY_CONN")

[2025-09-06T21:00:02.189+0000] {task_command.py:426} INFO - Running <TaskInstance: dbt_run_models.run_dbt_models scheduled__2025-09-06T20:00:00+00:00 [running]> on host b5ea13053d47
[2025-09-06T21:00:02.589+0000] {taskinstance.py:2648} INFO - Exporting env vars: AIRFLOW_CTX_DAG_OWNER='airflow' AIRFLOW_CTX_DAG_ID='dbt_run_models' AIRFLOW_CTX_TASK_ID='run_dbt_models' AIRFLOW_CTX_EXECUTION_DATE='2025-09-06T20:00:00+00:00' AIRFLOW_CTX_TRY_NUMBER='1' AIRFLOW_CTX_DAG_RUN_ID='scheduled__2025-09-06T20:00:00+00:00'
[2025-09-06T21:00:02.591+0000] {taskinstance.py:430} INFO - ::endgroup::
[2025-09-06T21:00:02.651+0000] {subprocess.py:63} INFO - Tmp dir root location: /tmp
[2025-09-06T21:00:02.653+0000] {subprocess.py:75} INFO - Running command: ['/usr/bin/bash', '-c', '\n        cd /usr/app &&         dbt run --profiles-dir /usr/app\n        ']
[2025-09-06T21:00:02.689+0000] {subprocess.py:86} INFO - Output:
[2025-09-06T21:00:10.124+0000] {subprocess.py:93} INFO - [0m21:00:10  Running with dbt=1.7.9
[2025-09-06T21:00:10.641+0000] {subprocess.py:93} INFO - [0m21:00:10  Registered adapter: postgres=1.7.9
[2025-09-06T21:00:10.692+0000] {subprocess.py:93} INFO - [0m21:00:10  [[33mWARNING[0m]: Configuration paths exist in your dbt_project.yml file which do not apply to any resources.
[2025-09-06T21:00:10.692+0000] {subprocess.py:93} INFO - There are 1 unused configuration paths:
[2025-09-06T21:00:10.693+0000] {subprocess.py:93} INFO - - models.my_project.sources
[2025-09-06T21:00:10.718+0000] {subprocess.py:93} INFO - [0m21:00:10  Found 7 models, 7 sources, 0 exposures, 0 metrics, 401 macros, 0 groups, 0 semantic models
[2025-09-06T21:00:10.721+0000] {subprocess.py:93} INFO - [0m21:00:10
[2025-09-06T21:00:10.988+0000] {subprocess.py:93} INFO - [0m21:00:10  Concurrency: 4 threads (target='dev')
[2025-09-06T21:00:10.990+0000] {subprocess.py:93} INFO - [0m21:00:10
[2025-09-06T21:00:11.024+0000] {subprocess.py:93} INFO - [0m21:00:11  1 of 7 START sql view model analytics.stg_AOV .................................. [RUN]
[2025-09-06T21:00:11.030+0000] {subprocess.py:93} INFO - [0m21:00:11  2 of 7 START sql view model analytics.stg_order_count_year ..................... [RUN]
[2025-09-06T21:00:11.032+0000] {subprocess.py:93} INFO - [0m21:00:11  3 of 7 START sql view model analytics.stg_order_details ........................ [RUN]
[2025-09-06T21:00:11.048+0000] {subprocess.py:93} INFO - [0m21:00:11  4 of 7 START sql view model analytics.stg_orders ............................... [RUN]
[2025-09-06T21:00:11.591+0000] {subprocess.py:93} INFO - [0m21:00:11  3 of 7 OK created sql view model analytics.stg_order_details ................... [[32mCREATE VIEW[0m in 0.55s]
[2025-09-06T21:00:11.633+0000] {subprocess.py:93} INFO - [0m21:00:11  2 of 7 OK created sql view model analytics.stg_order_count_year ................ [[32mCREATE VIEW[0m in 0.59s]
[2025-09-06T21:00:11.650+0000] {subprocess.py:93} INFO - [0m21:00:11  1 of 7 OK created sql view model analytics.stg_AOV ............................. [[32mCREATE VIEW[0m in 0.61s]
[2025-09-06T21:00:11.660+0000] {subprocess.py:93} INFO - [0m21:00:11  5 of 7 START sql table model analytics.order_count_year ........................ [RUN]
[2025-09-06T21:00:11.677+0000] {subprocess.py:93} INFO - [0m21:00:11  6 of 7 START sql table model analytics.AOV_chek ................................ [RUN]
[2025-09-06T21:00:11.760+0000] {subprocess.py:93} INFO - [0m21:00:11  4 of 7 OK created sql view model analytics.stg_orders .......................... [[32mCREATE VIEW[0m in 0.63s]
[2025-09-06T21:00:11.787+0000] {subprocess.py:93} INFO - [0m21:00:11  7 of 7 START sql table model analytics.orders_summary .......................... [RUN]
[2025-09-06T21:00:12.127+0000] {subprocess.py:93} INFO - [0m21:00:12  6 of 7 OK created sql table model analytics.AOV_chek ........................... [[32mSELECT 50[0m in 0.44s]
[2025-09-06T21:00:12.137+0000] {subprocess.py:93} INFO - [0m21:00:12  5 of 7 OK created sql table model analytics.order_count_year ................... [[32mSELECT 3[0m in 0.47s]
[2025-09-06T21:00:12.156+0000] {subprocess.py:93} INFO - [0m21:00:12  7 of 7 OK created sql table model analytics.orders_summary ..................... [[32mSELECT 10000[0m in 0.36s]
[2025-09-06T21:00:12.221+0000] {subprocess.py:93} INFO - [0m21:00:12
[2025-09-06T21:00:12.223+0000] {subprocess.py:93} INFO - [0m21:00:12  Finished running 4 view models, 3 table models in 0 hours 0 minutes and 1.50 seconds (1.50s).
[2025-09-06T21:00:12.257+0000] {subprocess.py:93} INFO - [0m21:00:12
[2025-09-06T21:00:12.258+0000] {subprocess.py:93} INFO - [0m21:00:12  [32mCompleted successfully[0m
[2025-09-06T21:00:12.260+0000] {subprocess.py:93} INFO - [0m21:00:12
[2025-09-06T21:00:12.262+0000] {subprocess.py:93} INFO - [0m21:00:12  Done. PASS=7 WARN=0 ERROR=0 SKIP=0 TOTAL=7
[2025-09-06T21:00:22.846+0000] {subprocess.py:97} INFO - Command exited with return code 0
[2025-09-06T21:00:22.847+0000] {taskinstance.py:441} INFO - ::group::Post task execution logs
[2025-09-06T21:00:22.883+0000] {taskinstance.py:1206} INFO - Marking task as SUCCESS. dag_id=dbt_run_models, task_id=run_dbt_models, run_id=scheduled__2025-09-06T20:00:00+00:00, execution_date=20250906T200000, start_date=20250906T210001, end_date=20250906T210022
[2025-09-06T21:00:22.924+0000] {local_task_job_runner.py:243} INFO - Task exited with return code 0
[2025-09-06T21:00:22.980+0000] {taskinstance.py:3503} INFO - 1 downstream tasks scheduled from follow-on schedule check
[2025-09-06T21:00:22.984+0000] {local_task_job_runner.py:222} INFO - ::endgroup::
