[2025-09-04T20:00:00.669+0000] {local_task_job_runner.py:120} INFO - ::group::Pre task execution logs
[2025-09-04T20:00:00.725+0000] {taskinstance.py:2076} INFO - Dependencies all met for dep_context=non-requeueable deps ti=<TaskInstance: dbt_run_models.run_dbt_models scheduled__2025-09-04T19:00:00+00:00 [queued]>
[2025-09-04T20:00:00.747+0000] {taskinstance.py:2076} INFO - Dependencies all met for dep_context=requeueable deps ti=<TaskInstance: dbt_run_models.run_dbt_models scheduled__2025-09-04T19:00:00+00:00 [queued]>
[2025-09-04T20:00:00.748+0000] {taskinstance.py:2306} INFO - Starting attempt 1 of 2
[2025-09-04T20:00:00.787+0000] {taskinstance.py:2330} INFO - Executing <Task(BashOperator): run_dbt_models> on 2025-09-04 19:00:00+00:00
[2025-09-04T20:00:00.799+0000] {standard_task_runner.py:90} INFO - Running: ['airflow', 'tasks', 'run', 'dbt_run_models', 'run_dbt_models', 'scheduled__2025-09-04T19:00:00+00:00', '--job-id', '1024', '--raw', '--subdir', 'DAGS_FOLDER/dbt_dag.py', '--cfg-path', '/tmp/tmp4kvfsd6a']
[2025-09-04T20:00:00.799+0000] {warnings.py:112} WARNING - /home/airflow/.local/lib/python3.12/site-packages/airflow/task/task_runner/standard_task_runner.py:62: DeprecationWarning: This process (pid=643) is multi-threaded, use of fork() may lead to deadlocks in the child.
  pid = os.fork()

[2025-09-04T20:00:00.800+0000] {standard_task_runner.py:91} INFO - Job 1024: Subtask run_dbt_models
[2025-09-04T20:00:00.800+0000] {standard_task_runner.py:64} INFO - Started process 644 to run task
[2025-09-04T20:00:00.824+0000] {warnings.py:112} WARNING - /home/airflow/.local/lib/python3.12/site-packages/airflow/settings.py:195: DeprecationWarning: The sql_alchemy_conn option in [core] has been moved to the sql_alchemy_conn option in [database] - the old setting has been used, but please update your config.
  SQL_ALCHEMY_CONN = conf.get("database", "SQL_ALCHEMY_CONN")

[2025-09-04T20:00:00.906+0000] {task_command.py:426} INFO - Running <TaskInstance: dbt_run_models.run_dbt_models scheduled__2025-09-04T19:00:00+00:00 [running]> on host b5ea13053d47
[2025-09-04T20:00:01.126+0000] {taskinstance.py:2648} INFO - Exporting env vars: AIRFLOW_CTX_DAG_OWNER='airflow' AIRFLOW_CTX_DAG_ID='dbt_run_models' AIRFLOW_CTX_TASK_ID='run_dbt_models' AIRFLOW_CTX_EXECUTION_DATE='2025-09-04T19:00:00+00:00' AIRFLOW_CTX_TRY_NUMBER='1' AIRFLOW_CTX_DAG_RUN_ID='scheduled__2025-09-04T19:00:00+00:00'
[2025-09-04T20:00:01.131+0000] {taskinstance.py:430} INFO - ::endgroup::
[2025-09-04T20:00:01.173+0000] {subprocess.py:63} INFO - Tmp dir root location: /tmp
[2025-09-04T20:00:01.174+0000] {subprocess.py:75} INFO - Running command: ['/usr/bin/bash', '-c', '\n        cd /usr/app &&         dbt run --profiles-dir /usr/app\n        ']
[2025-09-04T20:00:01.192+0000] {subprocess.py:86} INFO - Output:
[2025-09-04T20:00:04.623+0000] {subprocess.py:93} INFO - [0m20:00:04  Running with dbt=1.7.9
[2025-09-04T20:00:05.318+0000] {subprocess.py:93} INFO - [0m20:00:05  Registered adapter: postgres=1.7.9
[2025-09-04T20:00:05.378+0000] {subprocess.py:93} INFO - [0m20:00:05  [[33mWARNING[0m]: Configuration paths exist in your dbt_project.yml file which do not apply to any resources.
[2025-09-04T20:00:05.378+0000] {subprocess.py:93} INFO - There are 1 unused configuration paths:
[2025-09-04T20:00:05.378+0000] {subprocess.py:93} INFO - - models.my_project.sources
[2025-09-04T20:00:05.409+0000] {subprocess.py:93} INFO - [0m20:00:05  Found 7 models, 7 sources, 0 exposures, 0 metrics, 401 macros, 0 groups, 0 semantic models
[2025-09-04T20:00:05.414+0000] {subprocess.py:93} INFO - [0m20:00:05
[2025-09-04T20:00:05.584+0000] {subprocess.py:93} INFO - [0m20:00:05  Concurrency: 4 threads (target='dev')
[2025-09-04T20:00:05.585+0000] {subprocess.py:93} INFO - [0m20:00:05
[2025-09-04T20:00:05.608+0000] {subprocess.py:93} INFO - [0m20:00:05  1 of 7 START sql view model analytics.stg_AOV .................................. [RUN]
[2025-09-04T20:00:05.612+0000] {subprocess.py:93} INFO - [0m20:00:05  2 of 7 START sql view model analytics.stg_order_count_year ..................... [RUN]
[2025-09-04T20:00:05.613+0000] {subprocess.py:93} INFO - [0m20:00:05  3 of 7 START sql view model analytics.stg_order_details ........................ [RUN]
[2025-09-04T20:00:05.615+0000] {subprocess.py:93} INFO - [0m20:00:05  4 of 7 START sql view model analytics.stg_orders ............................... [RUN]
[2025-09-04T20:00:06.298+0000] {subprocess.py:93} INFO - [0m20:00:06  3 of 7 OK created sql view model analytics.stg_order_details ................... [[32mCREATE VIEW[0m in 0.66s]
[2025-09-04T20:00:06.303+0000] {subprocess.py:93} INFO - [0m20:00:06  2 of 7 OK created sql view model analytics.stg_order_count_year ................ [[32mCREATE VIEW[0m in 0.67s]
[2025-09-04T20:00:06.307+0000] {subprocess.py:93} INFO - [0m20:00:06  1 of 7 OK created sql view model analytics.stg_AOV ............................. [[32mCREATE VIEW[0m in 0.68s]
[2025-09-04T20:00:06.337+0000] {subprocess.py:93} INFO - [0m20:00:06  5 of 7 START sql table model analytics.order_count_year ........................ [RUN]
[2025-09-04T20:00:06.338+0000] {subprocess.py:93} INFO - [0m20:00:06  6 of 7 START sql table model analytics.AOV_chek ................................ [RUN]
[2025-09-04T20:00:06.352+0000] {subprocess.py:93} INFO - [0m20:00:06  4 of 7 OK created sql view model analytics.stg_orders .......................... [[32mCREATE VIEW[0m in 0.72s]
[2025-09-04T20:00:06.392+0000] {subprocess.py:93} INFO - [0m20:00:06  7 of 7 START sql table model analytics.orders_summary .......................... [RUN]
[2025-09-04T20:00:06.839+0000] {subprocess.py:93} INFO - [0m20:00:06  5 of 7 OK created sql table model analytics.order_count_year ................... [[32mSELECT 3[0m in 0.49s]
[2025-09-04T20:00:06.866+0000] {subprocess.py:93} INFO - [0m20:00:06  6 of 7 OK created sql table model analytics.AOV_chek ........................... [[32mSELECT 50[0m in 0.51s]
[2025-09-04T20:00:06.874+0000] {subprocess.py:93} INFO - [0m20:00:06  7 of 7 OK created sql table model analytics.orders_summary ..................... [[32mSELECT 10000[0m in 0.48s]
[2025-09-04T20:00:06.924+0000] {subprocess.py:93} INFO - [0m20:00:06
[2025-09-04T20:00:06.925+0000] {subprocess.py:93} INFO - [0m20:00:06  Finished running 4 view models, 3 table models in 0 hours 0 minutes and 1.51 seconds (1.51s).
[2025-09-04T20:00:06.955+0000] {subprocess.py:93} INFO - [0m20:00:06
[2025-09-04T20:00:06.957+0000] {subprocess.py:93} INFO - [0m20:00:06  [32mCompleted successfully[0m
[2025-09-04T20:00:06.959+0000] {subprocess.py:93} INFO - [0m20:00:06
[2025-09-04T20:00:06.960+0000] {subprocess.py:93} INFO - [0m20:00:06  Done. PASS=7 WARN=0 ERROR=0 SKIP=0 TOTAL=7
[2025-09-04T20:00:17.667+0000] {subprocess.py:97} INFO - Command exited with return code 0
[2025-09-04T20:00:17.669+0000] {taskinstance.py:441} INFO - ::group::Post task execution logs
[2025-09-04T20:00:17.763+0000] {taskinstance.py:1206} INFO - Marking task as SUCCESS. dag_id=dbt_run_models, task_id=run_dbt_models, run_id=scheduled__2025-09-04T19:00:00+00:00, execution_date=20250904T190000, start_date=20250904T200000, end_date=20250904T200017
[2025-09-04T20:00:17.840+0000] {local_task_job_runner.py:243} INFO - Task exited with return code 0
[2025-09-04T20:00:17.893+0000] {taskinstance.py:3503} INFO - 1 downstream tasks scheduled from follow-on schedule check
[2025-09-04T20:00:17.896+0000] {local_task_job_runner.py:222} INFO - ::endgroup::
