[2025-08-27T00:30:02.143+0000] {local_task_job_runner.py:120} INFO - ::group::Pre task execution logs
[2025-08-27T00:30:02.195+0000] {taskinstance.py:2076} INFO - Dependencies all met for dep_context=non-requeueable deps ti=<TaskInstance: import_csv_to_postgres.load_csv_to_postgres scheduled__2025-08-27T00:00:00+00:00 [queued]>
[2025-08-27T00:30:02.213+0000] {taskinstance.py:2076} INFO - Dependencies all met for dep_context=requeueable deps ti=<TaskInstance: import_csv_to_postgres.load_csv_to_postgres scheduled__2025-08-27T00:00:00+00:00 [queued]>
[2025-08-27T00:30:02.213+0000] {taskinstance.py:2306} INFO - Starting attempt 1 of 1
[2025-08-27T00:30:02.253+0000] {taskinstance.py:2330} INFO - Executing <Task(PythonOperator): load_csv_to_postgres> on 2025-08-27 00:00:00+00:00
[2025-08-27T00:30:02.268+0000] {warnings.py:112} WARNING - /home/airflow/.local/lib/python3.12/site-packages/airflow/task/task_runner/standard_task_runner.py:62: DeprecationWarning: This process (pid=1308) is multi-threaded, use of fork() may lead to deadlocks in the child.
  pid = os.fork()

[2025-08-27T00:30:02.270+0000] {standard_task_runner.py:64} INFO - Started process 1310 to run task
[2025-08-27T00:30:02.272+0000] {standard_task_runner.py:90} INFO - Running: ['airflow', 'tasks', 'run', 'import_csv_to_postgres', 'load_csv_to_postgres', 'scheduled__2025-08-27T00:00:00+00:00', '--job-id', '652', '--raw', '--subdir', 'DAGS_FOLDER/csv_to_postgres_dag.py', '--cfg-path', '/tmp/tmpy7huqjrk']
[2025-08-27T00:30:02.278+0000] {standard_task_runner.py:91} INFO - Job 652: Subtask load_csv_to_postgres
[2025-08-27T00:30:02.305+0000] {warnings.py:112} WARNING - /home/airflow/.local/lib/python3.12/site-packages/airflow/settings.py:195: DeprecationWarning: The sql_alchemy_conn option in [core] has been moved to the sql_alchemy_conn option in [database] - the old setting has been used, but please update your config.
  SQL_ALCHEMY_CONN = conf.get("database", "SQL_ALCHEMY_CONN")

[2025-08-27T00:30:02.376+0000] {task_command.py:426} INFO - Running <TaskInstance: import_csv_to_postgres.load_csv_to_postgres scheduled__2025-08-27T00:00:00+00:00 [running]> on host b5ea13053d47
[2025-08-27T00:30:02.551+0000] {taskinstance.py:2648} INFO - Exporting env vars: AIRFLOW_CTX_DAG_OWNER='airflow' AIRFLOW_CTX_DAG_ID='import_csv_to_postgres' AIRFLOW_CTX_TASK_ID='load_csv_to_postgres' AIRFLOW_CTX_EXECUTION_DATE='2025-08-27T00:00:00+00:00' AIRFLOW_CTX_TRY_NUMBER='1' AIRFLOW_CTX_DAG_RUN_ID='scheduled__2025-08-27T00:00:00+00:00'
[2025-08-27T00:30:02.552+0000] {taskinstance.py:430} INFO - ::endgroup::
[2025-08-27T00:30:02.577+0000] {base.py:84} INFO - Using connection ID 'postgres_conn' for task execution.
[2025-08-27T00:30:02.615+0000] {logging_mixin.py:188} INFO - 🗑 Таблица order_items очищена
[2025-08-27T00:30:02.636+0000] {logging_mixin.py:188} INFO - 🗑 Таблица payment очищена
[2025-08-27T00:30:02.673+0000] {logging_mixin.py:188} INFO - 🗑 Таблица orders очищена
[2025-08-27T00:30:02.686+0000] {logging_mixin.py:188} INFO - 🗑 Таблица shipments очищена
[2025-08-27T00:30:02.699+0000] {logging_mixin.py:188} INFO - 🗑 Таблица customers очищена
[2025-08-27T00:30:02.709+0000] {logging_mixin.py:188} INFO - 🗑 Таблица products очищена
[2025-08-27T00:30:02.722+0000] {logging_mixin.py:188} INFO - 🗑 Таблица suppliers очищена
[2025-08-27T00:30:03.272+0000] {logging_mixin.py:188} INFO - ✅ Загружен файл customers.csv в таблицу customers
[2025-08-27T00:30:03.287+0000] {logging_mixin.py:188} INFO - ✅ Загружен файл suppliers.csv в таблицу suppliers
[2025-08-27T00:30:03.389+0000] {logging_mixin.py:188} INFO - ✅ Загружен файл products.csv в таблицу products
[2025-08-27T00:30:04.114+0000] {logging_mixin.py:188} INFO - ✅ Загружен файл shipments.csv в таблицу shipments
[2025-08-27T00:30:04.782+0000] {logging_mixin.py:188} INFO - ✅ Загружен файл orders.csv в таблицу orders
[2025-08-27T00:30:05.871+0000] {logging_mixin.py:188} INFO - ✅ Загружен файл order_items.csv в таблицу order_items
[2025-08-27T00:30:06.592+0000] {logging_mixin.py:188} INFO - ✅ Загружен файл payment.csv в таблицу payment
[2025-08-27T00:30:06.593+0000] {python.py:237} INFO - Done. Returned value was: None
[2025-08-27T00:30:06.593+0000] {taskinstance.py:441} INFO - ::group::Post task execution logs
[2025-08-27T00:30:06.602+0000] {taskinstance.py:1206} INFO - Marking task as SUCCESS. dag_id=import_csv_to_postgres, task_id=load_csv_to_postgres, run_id=scheduled__2025-08-27T00:00:00+00:00, execution_date=20250827T000000, start_date=20250827T003002, end_date=20250827T003006
[2025-08-27T00:30:06.682+0000] {local_task_job_runner.py:243} INFO - Task exited with return code 0
[2025-08-27T00:30:06.711+0000] {taskinstance.py:3503} INFO - 0 downstream tasks scheduled from follow-on schedule check
[2025-08-27T00:30:06.717+0000] {local_task_job_runner.py:222} INFO - ::endgroup::
[2025-08-27T15:54:37.200+0000] {local_task_job_runner.py:120} INFO - ::group::Pre task execution logs
[2025-08-27T15:54:37.244+0000] {taskinstance.py:2076} INFO - Dependencies all met for dep_context=non-requeueable deps ti=<TaskInstance: import_csv_to_postgres.load_csv_to_postgres scheduled__2025-08-27T00:00:00+00:00 [queued]>
[2025-08-27T15:54:37.270+0000] {taskinstance.py:2076} INFO - Dependencies all met for dep_context=requeueable deps ti=<TaskInstance: import_csv_to_postgres.load_csv_to_postgres scheduled__2025-08-27T00:00:00+00:00 [queued]>
[2025-08-27T15:54:37.271+0000] {taskinstance.py:2306} INFO - Starting attempt 1 of 1
[2025-08-27T15:54:37.303+0000] {taskinstance.py:2330} INFO - Executing <Task(PythonOperator): load_csv_to_postgres> on 2025-08-27 00:00:00+00:00
[2025-08-27T15:54:37.312+0000] {warnings.py:112} WARNING - /home/airflow/.local/lib/python3.12/site-packages/airflow/task/task_runner/standard_task_runner.py:62: DeprecationWarning: This process (pid=1450) is multi-threaded, use of fork() may lead to deadlocks in the child.
  pid = os.fork()

[2025-08-27T15:54:37.313+0000] {standard_task_runner.py:64} INFO - Started process 1452 to run task
[2025-08-27T15:54:37.318+0000] {standard_task_runner.py:90} INFO - Running: ['airflow', 'tasks', 'run', 'import_csv_to_postgres', 'load_csv_to_postgres', 'scheduled__2025-08-27T00:00:00+00:00', '--job-id', '674', '--raw', '--subdir', 'DAGS_FOLDER/csv_to_postgres_dag.py', '--cfg-path', '/tmp/tmpuw9p5s6q']
[2025-08-27T15:54:37.323+0000] {standard_task_runner.py:91} INFO - Job 674: Subtask load_csv_to_postgres
[2025-08-27T15:54:37.346+0000] {warnings.py:112} WARNING - /home/airflow/.local/lib/python3.12/site-packages/airflow/settings.py:195: DeprecationWarning: The sql_alchemy_conn option in [core] has been moved to the sql_alchemy_conn option in [database] - the old setting has been used, but please update your config.
  SQL_ALCHEMY_CONN = conf.get("database", "SQL_ALCHEMY_CONN")

[2025-08-27T15:54:37.394+0000] {task_command.py:426} INFO - Running <TaskInstance: import_csv_to_postgres.load_csv_to_postgres scheduled__2025-08-27T00:00:00+00:00 [running]> on host b5ea13053d47
[2025-08-27T15:54:37.567+0000] {taskinstance.py:2648} INFO - Exporting env vars: AIRFLOW_CTX_DAG_OWNER='airflow' AIRFLOW_CTX_DAG_ID='import_csv_to_postgres' AIRFLOW_CTX_TASK_ID='load_csv_to_postgres' AIRFLOW_CTX_EXECUTION_DATE='2025-08-27T00:00:00+00:00' AIRFLOW_CTX_TRY_NUMBER='1' AIRFLOW_CTX_DAG_RUN_ID='scheduled__2025-08-27T00:00:00+00:00'
[2025-08-27T15:54:37.568+0000] {taskinstance.py:430} INFO - ::endgroup::
[2025-08-27T15:54:37.607+0000] {base.py:84} INFO - Using connection ID 'postgres_conn' for task execution.
[2025-08-27T15:54:37.784+0000] {logging_mixin.py:188} INFO - ➕ Добавлен столбец status в shipments
[2025-08-27T15:54:39.733+0000] {logging_mixin.py:188} INFO - ✅ Добавлено 15000 новых строк в таблицу shipments
[2025-08-27T15:54:40.782+0000] {logging_mixin.py:188} INFO - ✅ Добавлено 10000 новых строк в таблицу customers
[2025-08-27T15:54:40.869+0000] {logging_mixin.py:188} INFO - ➕ Добавлен столбец order_amount в orders
[2025-08-27T15:54:42.513+0000] {logging_mixin.py:188} INFO - ✅ Добавлено 15000 новых строк в таблицу orders
[2025-08-27T15:54:42.845+0000] {logging_mixin.py:188} INFO - ✅ Добавлено 2000 новых строк в таблицу products
[2025-08-27T15:54:42.937+0000] {logging_mixin.py:188} INFO - ➕ Добавлен столбец price в order_items
[2025-08-27T15:54:44.750+0000] {logging_mixin.py:188} INFO - ✅ Добавлено 20000 новых строк в таблицу order_items
[2025-08-27T15:54:44.764+0000] {logging_mixin.py:188} INFO - ✅ Добавлено 100 новых строк в таблицу suppliers
[2025-08-27T15:54:44.786+0000] {logging_mixin.py:188} INFO - ➕ Добавлен столбец payment_status в payment
[2025-08-27T15:54:45.583+0000] {logging_mixin.py:188} INFO - ✅ Добавлено 15000 новых строк в таблицу payment
[2025-08-27T15:54:47.810+0000] {logging_mixin.py:188} INFO - ℹ Нет новых строк для reviews
[2025-08-27T15:54:47.811+0000] {python.py:237} INFO - Done. Returned value was: None
[2025-08-27T15:54:47.814+0000] {taskinstance.py:441} INFO - ::group::Post task execution logs
[2025-08-27T15:54:47.826+0000] {taskinstance.py:1206} INFO - Marking task as SUCCESS. dag_id=import_csv_to_postgres, task_id=load_csv_to_postgres, run_id=scheduled__2025-08-27T00:00:00+00:00, execution_date=20250827T000000, start_date=20250827T155437, end_date=20250827T155447
[2025-08-27T15:54:47.894+0000] {local_task_job_runner.py:243} INFO - Task exited with return code 0
[2025-08-27T15:54:47.917+0000] {taskinstance.py:3503} INFO - 0 downstream tasks scheduled from follow-on schedule check
[2025-08-27T15:54:47.921+0000] {local_task_job_runner.py:222} INFO - ::endgroup::
